[2024-08-20T03:32:18.172+0000] {processor.py:186} INFO - Started process (PID=406) to work on /home/airflow/.local/lib/python3.12/site-packages/airflow/example_dags/example_setup_teardown.py
[2024-08-20T03:32:18.173+0000] {processor.py:914} INFO - Processing file /home/airflow/.local/lib/python3.12/site-packages/airflow/example_dags/example_setup_teardown.py for tasks to queue
[2024-08-20T03:32:18.176+0000] {logging_mixin.py:190} INFO - [2024-08-20T03:32:18.176+0000] {dagbag.py:587} INFO - Filling up the DagBag from /home/airflow/.local/lib/python3.12/site-packages/airflow/example_dags/example_setup_teardown.py
[2024-08-20T03:32:18.191+0000] {processor.py:925} INFO - DAG(s) 'example_setup_teardown' retrieved from /home/airflow/.local/lib/python3.12/site-packages/airflow/example_dags/example_setup_teardown.py
[2024-08-20T03:32:18.346+0000] {logging_mixin.py:190} INFO - [2024-08-20T03:32:18.345+0000] {override.py:1858} INFO - Created Permission View: can read on DAG:example_setup_teardown
[2024-08-20T03:32:18.368+0000] {logging_mixin.py:190} INFO - [2024-08-20T03:32:18.367+0000] {override.py:1858} INFO - Created Permission View: can delete on DAG:example_setup_teardown
[2024-08-20T03:32:18.380+0000] {logging_mixin.py:190} INFO - [2024-08-20T03:32:18.379+0000] {override.py:1858} INFO - Created Permission View: can edit on DAG:example_setup_teardown
[2024-08-20T03:32:18.380+0000] {logging_mixin.py:190} INFO - [2024-08-20T03:32:18.380+0000] {dag.py:3211} INFO - Sync 1 DAGs
[2024-08-20T03:32:18.406+0000] {logging_mixin.py:190} INFO - [2024-08-20T03:32:18.406+0000] {dag.py:3234} INFO - Creating ORM DAG for example_setup_teardown
[2024-08-20T03:32:18.423+0000] {logging_mixin.py:190} INFO - [2024-08-20T03:32:18.423+0000] {dag.py:4138} INFO - Setting next_dagrun for example_setup_teardown to 2024-08-19 00:00:00+00:00, run_after=2024-08-20 00:00:00+00:00
[2024-08-20T03:32:18.449+0000] {processor.py:208} INFO - Processing /home/airflow/.local/lib/python3.12/site-packages/airflow/example_dags/example_setup_teardown.py took 0.283 seconds
[2024-08-20T03:32:48.907+0000] {processor.py:186} INFO - Started process (PID=694) to work on /home/airflow/.local/lib/python3.12/site-packages/airflow/example_dags/example_setup_teardown.py
[2024-08-20T03:32:48.908+0000] {processor.py:914} INFO - Processing file /home/airflow/.local/lib/python3.12/site-packages/airflow/example_dags/example_setup_teardown.py for tasks to queue
[2024-08-20T03:32:48.912+0000] {logging_mixin.py:190} INFO - [2024-08-20T03:32:48.911+0000] {dagbag.py:587} INFO - Filling up the DagBag from /home/airflow/.local/lib/python3.12/site-packages/airflow/example_dags/example_setup_teardown.py
[2024-08-20T03:32:48.925+0000] {processor.py:925} INFO - DAG(s) 'example_setup_teardown' retrieved from /home/airflow/.local/lib/python3.12/site-packages/airflow/example_dags/example_setup_teardown.py
[2024-08-20T03:32:48.953+0000] {logging_mixin.py:190} INFO - [2024-08-20T03:32:48.953+0000] {dag.py:3211} INFO - Sync 1 DAGs
[2024-08-20T03:32:48.987+0000] {logging_mixin.py:190} INFO - [2024-08-20T03:32:48.987+0000] {dag.py:4138} INFO - Setting next_dagrun for example_setup_teardown to 2024-08-19 00:00:00+00:00, run_after=2024-08-20 00:00:00+00:00
[2024-08-20T03:32:49.011+0000] {processor.py:208} INFO - Processing /home/airflow/.local/lib/python3.12/site-packages/airflow/example_dags/example_setup_teardown.py took 0.111 seconds
[2024-08-20T03:33:19.698+0000] {processor.py:186} INFO - Started process (PID=978) to work on /home/airflow/.local/lib/python3.12/site-packages/airflow/example_dags/example_setup_teardown.py
[2024-08-20T03:33:19.699+0000] {processor.py:914} INFO - Processing file /home/airflow/.local/lib/python3.12/site-packages/airflow/example_dags/example_setup_teardown.py for tasks to queue
[2024-08-20T03:33:19.702+0000] {logging_mixin.py:190} INFO - [2024-08-20T03:33:19.702+0000] {dagbag.py:587} INFO - Filling up the DagBag from /home/airflow/.local/lib/python3.12/site-packages/airflow/example_dags/example_setup_teardown.py
[2024-08-20T03:33:19.712+0000] {processor.py:925} INFO - DAG(s) 'example_setup_teardown' retrieved from /home/airflow/.local/lib/python3.12/site-packages/airflow/example_dags/example_setup_teardown.py
[2024-08-20T03:33:19.737+0000] {logging_mixin.py:190} INFO - [2024-08-20T03:33:19.737+0000] {dag.py:3211} INFO - Sync 1 DAGs
[2024-08-20T03:33:19.766+0000] {logging_mixin.py:190} INFO - [2024-08-20T03:33:19.766+0000] {dag.py:4138} INFO - Setting next_dagrun for example_setup_teardown to 2024-08-19 00:00:00+00:00, run_after=2024-08-20 00:00:00+00:00
[2024-08-20T03:33:19.791+0000] {processor.py:208} INFO - Processing /home/airflow/.local/lib/python3.12/site-packages/airflow/example_dags/example_setup_teardown.py took 0.100 seconds
[2024-08-20T03:33:50.063+0000] {processor.py:186} INFO - Started process (PID=1264) to work on /home/airflow/.local/lib/python3.12/site-packages/airflow/example_dags/example_setup_teardown.py
[2024-08-20T03:33:50.064+0000] {processor.py:914} INFO - Processing file /home/airflow/.local/lib/python3.12/site-packages/airflow/example_dags/example_setup_teardown.py for tasks to queue
[2024-08-20T03:33:50.067+0000] {logging_mixin.py:190} INFO - [2024-08-20T03:33:50.067+0000] {dagbag.py:587} INFO - Filling up the DagBag from /home/airflow/.local/lib/python3.12/site-packages/airflow/example_dags/example_setup_teardown.py
[2024-08-20T03:33:50.076+0000] {processor.py:925} INFO - DAG(s) 'example_setup_teardown' retrieved from /home/airflow/.local/lib/python3.12/site-packages/airflow/example_dags/example_setup_teardown.py
[2024-08-20T03:33:50.103+0000] {logging_mixin.py:190} INFO - [2024-08-20T03:33:50.103+0000] {dag.py:3211} INFO - Sync 1 DAGs
[2024-08-20T03:33:50.131+0000] {logging_mixin.py:190} INFO - [2024-08-20T03:33:50.131+0000] {dag.py:4138} INFO - Setting next_dagrun for example_setup_teardown to 2024-08-19 00:00:00+00:00, run_after=2024-08-20 00:00:00+00:00
[2024-08-20T03:33:50.156+0000] {processor.py:208} INFO - Processing /home/airflow/.local/lib/python3.12/site-packages/airflow/example_dags/example_setup_teardown.py took 0.100 seconds
[2024-08-20T03:34:20.752+0000] {processor.py:186} INFO - Started process (PID=1551) to work on /home/airflow/.local/lib/python3.12/site-packages/airflow/example_dags/example_setup_teardown.py
[2024-08-20T03:34:20.753+0000] {processor.py:914} INFO - Processing file /home/airflow/.local/lib/python3.12/site-packages/airflow/example_dags/example_setup_teardown.py for tasks to queue
[2024-08-20T03:34:20.758+0000] {logging_mixin.py:190} INFO - [2024-08-20T03:34:20.757+0000] {dagbag.py:587} INFO - Filling up the DagBag from /home/airflow/.local/lib/python3.12/site-packages/airflow/example_dags/example_setup_teardown.py
[2024-08-20T03:34:20.769+0000] {processor.py:925} INFO - DAG(s) 'example_setup_teardown' retrieved from /home/airflow/.local/lib/python3.12/site-packages/airflow/example_dags/example_setup_teardown.py
[2024-08-20T03:34:20.795+0000] {logging_mixin.py:190} INFO - [2024-08-20T03:34:20.795+0000] {dag.py:3211} INFO - Sync 1 DAGs
[2024-08-20T03:34:20.822+0000] {logging_mixin.py:190} INFO - [2024-08-20T03:34:20.821+0000] {dag.py:4138} INFO - Setting next_dagrun for example_setup_teardown to 2024-08-19 00:00:00+00:00, run_after=2024-08-20 00:00:00+00:00
[2024-08-20T03:34:20.851+0000] {processor.py:208} INFO - Processing /home/airflow/.local/lib/python3.12/site-packages/airflow/example_dags/example_setup_teardown.py took 0.106 seconds
[2024-08-20T03:34:51.282+0000] {processor.py:186} INFO - Started process (PID=1836) to work on /home/airflow/.local/lib/python3.12/site-packages/airflow/example_dags/example_setup_teardown.py
[2024-08-20T03:34:51.283+0000] {processor.py:914} INFO - Processing file /home/airflow/.local/lib/python3.12/site-packages/airflow/example_dags/example_setup_teardown.py for tasks to queue
[2024-08-20T03:34:51.287+0000] {logging_mixin.py:190} INFO - [2024-08-20T03:34:51.286+0000] {dagbag.py:587} INFO - Filling up the DagBag from /home/airflow/.local/lib/python3.12/site-packages/airflow/example_dags/example_setup_teardown.py
[2024-08-20T03:34:51.298+0000] {processor.py:925} INFO - DAG(s) 'example_setup_teardown' retrieved from /home/airflow/.local/lib/python3.12/site-packages/airflow/example_dags/example_setup_teardown.py
[2024-08-20T03:34:51.326+0000] {logging_mixin.py:190} INFO - [2024-08-20T03:34:51.325+0000] {dag.py:3211} INFO - Sync 1 DAGs
[2024-08-20T03:34:51.348+0000] {logging_mixin.py:190} INFO - [2024-08-20T03:34:51.348+0000] {dag.py:4138} INFO - Setting next_dagrun for example_setup_teardown to 2024-08-19 00:00:00+00:00, run_after=2024-08-20 00:00:00+00:00
[2024-08-20T03:34:51.373+0000] {processor.py:208} INFO - Processing /home/airflow/.local/lib/python3.12/site-packages/airflow/example_dags/example_setup_teardown.py took 0.098 seconds
[2024-08-20T03:35:21.846+0000] {processor.py:186} INFO - Started process (PID=2122) to work on /home/airflow/.local/lib/python3.12/site-packages/airflow/example_dags/example_setup_teardown.py
[2024-08-20T03:35:21.847+0000] {processor.py:914} INFO - Processing file /home/airflow/.local/lib/python3.12/site-packages/airflow/example_dags/example_setup_teardown.py for tasks to queue
[2024-08-20T03:35:21.850+0000] {logging_mixin.py:190} INFO - [2024-08-20T03:35:21.850+0000] {dagbag.py:587} INFO - Filling up the DagBag from /home/airflow/.local/lib/python3.12/site-packages/airflow/example_dags/example_setup_teardown.py
[2024-08-20T03:35:21.860+0000] {processor.py:925} INFO - DAG(s) 'example_setup_teardown' retrieved from /home/airflow/.local/lib/python3.12/site-packages/airflow/example_dags/example_setup_teardown.py
[2024-08-20T03:35:21.881+0000] {logging_mixin.py:190} INFO - [2024-08-20T03:35:21.881+0000] {dag.py:3211} INFO - Sync 1 DAGs
[2024-08-20T03:35:21.909+0000] {logging_mixin.py:190} INFO - [2024-08-20T03:35:21.908+0000] {dag.py:4138} INFO - Setting next_dagrun for example_setup_teardown to 2024-08-19 00:00:00+00:00, run_after=2024-08-20 00:00:00+00:00
[2024-08-20T03:35:21.936+0000] {processor.py:208} INFO - Processing /home/airflow/.local/lib/python3.12/site-packages/airflow/example_dags/example_setup_teardown.py took 0.097 seconds
[2024-08-20T03:35:52.453+0000] {processor.py:186} INFO - Started process (PID=2408) to work on /home/airflow/.local/lib/python3.12/site-packages/airflow/example_dags/example_setup_teardown.py
[2024-08-20T03:35:52.454+0000] {processor.py:914} INFO - Processing file /home/airflow/.local/lib/python3.12/site-packages/airflow/example_dags/example_setup_teardown.py for tasks to queue
[2024-08-20T03:35:52.457+0000] {logging_mixin.py:190} INFO - [2024-08-20T03:35:52.456+0000] {dagbag.py:587} INFO - Filling up the DagBag from /home/airflow/.local/lib/python3.12/site-packages/airflow/example_dags/example_setup_teardown.py
[2024-08-20T03:35:52.469+0000] {processor.py:925} INFO - DAG(s) 'example_setup_teardown' retrieved from /home/airflow/.local/lib/python3.12/site-packages/airflow/example_dags/example_setup_teardown.py
[2024-08-20T03:35:52.495+0000] {logging_mixin.py:190} INFO - [2024-08-20T03:35:52.495+0000] {dag.py:3211} INFO - Sync 1 DAGs
[2024-08-20T03:35:52.527+0000] {logging_mixin.py:190} INFO - [2024-08-20T03:35:52.527+0000] {dag.py:4138} INFO - Setting next_dagrun for example_setup_teardown to 2024-08-19 00:00:00+00:00, run_after=2024-08-20 00:00:00+00:00
[2024-08-20T03:35:52.553+0000] {processor.py:208} INFO - Processing /home/airflow/.local/lib/python3.12/site-packages/airflow/example_dags/example_setup_teardown.py took 0.107 seconds
[2024-08-20T03:36:23.004+0000] {processor.py:186} INFO - Started process (PID=2694) to work on /home/airflow/.local/lib/python3.12/site-packages/airflow/example_dags/example_setup_teardown.py
[2024-08-20T03:36:23.005+0000] {processor.py:914} INFO - Processing file /home/airflow/.local/lib/python3.12/site-packages/airflow/example_dags/example_setup_teardown.py for tasks to queue
[2024-08-20T03:36:23.010+0000] {logging_mixin.py:190} INFO - [2024-08-20T03:36:23.010+0000] {dagbag.py:587} INFO - Filling up the DagBag from /home/airflow/.local/lib/python3.12/site-packages/airflow/example_dags/example_setup_teardown.py
[2024-08-20T03:36:23.021+0000] {processor.py:925} INFO - DAG(s) 'example_setup_teardown' retrieved from /home/airflow/.local/lib/python3.12/site-packages/airflow/example_dags/example_setup_teardown.py
[2024-08-20T03:36:23.044+0000] {logging_mixin.py:190} INFO - [2024-08-20T03:36:23.044+0000] {dag.py:3211} INFO - Sync 1 DAGs
[2024-08-20T03:36:23.081+0000] {logging_mixin.py:190} INFO - [2024-08-20T03:36:23.080+0000] {dag.py:4138} INFO - Setting next_dagrun for example_setup_teardown to 2024-08-19 00:00:00+00:00, run_after=2024-08-20 00:00:00+00:00
[2024-08-20T03:36:23.121+0000] {processor.py:208} INFO - Processing /home/airflow/.local/lib/python3.12/site-packages/airflow/example_dags/example_setup_teardown.py took 0.127 seconds
[2024-08-20T03:36:53.223+0000] {processor.py:186} INFO - Started process (PID=2980) to work on /home/airflow/.local/lib/python3.12/site-packages/airflow/example_dags/example_setup_teardown.py
[2024-08-20T03:36:53.224+0000] {processor.py:914} INFO - Processing file /home/airflow/.local/lib/python3.12/site-packages/airflow/example_dags/example_setup_teardown.py for tasks to queue
[2024-08-20T03:36:53.227+0000] {logging_mixin.py:190} INFO - [2024-08-20T03:36:53.226+0000] {dagbag.py:587} INFO - Filling up the DagBag from /home/airflow/.local/lib/python3.12/site-packages/airflow/example_dags/example_setup_teardown.py
[2024-08-20T03:36:53.236+0000] {processor.py:925} INFO - DAG(s) 'example_setup_teardown' retrieved from /home/airflow/.local/lib/python3.12/site-packages/airflow/example_dags/example_setup_teardown.py
[2024-08-20T03:36:53.258+0000] {logging_mixin.py:190} INFO - [2024-08-20T03:36:53.257+0000] {dag.py:3211} INFO - Sync 1 DAGs
[2024-08-20T03:36:53.285+0000] {logging_mixin.py:190} INFO - [2024-08-20T03:36:53.285+0000] {dag.py:4138} INFO - Setting next_dagrun for example_setup_teardown to 2024-08-19 00:00:00+00:00, run_after=2024-08-20 00:00:00+00:00
[2024-08-20T03:36:53.308+0000] {processor.py:208} INFO - Processing /home/airflow/.local/lib/python3.12/site-packages/airflow/example_dags/example_setup_teardown.py took 0.092 seconds
[2024-08-20T03:37:23.692+0000] {processor.py:186} INFO - Started process (PID=3266) to work on /home/airflow/.local/lib/python3.12/site-packages/airflow/example_dags/example_setup_teardown.py
[2024-08-20T03:37:23.693+0000] {processor.py:914} INFO - Processing file /home/airflow/.local/lib/python3.12/site-packages/airflow/example_dags/example_setup_teardown.py for tasks to queue
[2024-08-20T03:37:23.696+0000] {logging_mixin.py:190} INFO - [2024-08-20T03:37:23.696+0000] {dagbag.py:587} INFO - Filling up the DagBag from /home/airflow/.local/lib/python3.12/site-packages/airflow/example_dags/example_setup_teardown.py
[2024-08-20T03:37:23.707+0000] {processor.py:925} INFO - DAG(s) 'example_setup_teardown' retrieved from /home/airflow/.local/lib/python3.12/site-packages/airflow/example_dags/example_setup_teardown.py
[2024-08-20T03:37:23.728+0000] {logging_mixin.py:190} INFO - [2024-08-20T03:37:23.728+0000] {dag.py:3211} INFO - Sync 1 DAGs
[2024-08-20T03:37:23.756+0000] {logging_mixin.py:190} INFO - [2024-08-20T03:37:23.756+0000] {dag.py:4138} INFO - Setting next_dagrun for example_setup_teardown to 2024-08-19 00:00:00+00:00, run_after=2024-08-20 00:00:00+00:00
[2024-08-20T03:37:23.777+0000] {processor.py:208} INFO - Processing /home/airflow/.local/lib/python3.12/site-packages/airflow/example_dags/example_setup_teardown.py took 0.092 seconds
[2024-08-20T03:37:54.233+0000] {processor.py:186} INFO - Started process (PID=3552) to work on /home/airflow/.local/lib/python3.12/site-packages/airflow/example_dags/example_setup_teardown.py
[2024-08-20T03:37:54.234+0000] {processor.py:914} INFO - Processing file /home/airflow/.local/lib/python3.12/site-packages/airflow/example_dags/example_setup_teardown.py for tasks to queue
[2024-08-20T03:37:54.237+0000] {logging_mixin.py:190} INFO - [2024-08-20T03:37:54.237+0000] {dagbag.py:587} INFO - Filling up the DagBag from /home/airflow/.local/lib/python3.12/site-packages/airflow/example_dags/example_setup_teardown.py
[2024-08-20T03:37:54.247+0000] {processor.py:925} INFO - DAG(s) 'example_setup_teardown' retrieved from /home/airflow/.local/lib/python3.12/site-packages/airflow/example_dags/example_setup_teardown.py
[2024-08-20T03:37:54.270+0000] {logging_mixin.py:190} INFO - [2024-08-20T03:37:54.269+0000] {dag.py:3211} INFO - Sync 1 DAGs
[2024-08-20T03:37:54.296+0000] {logging_mixin.py:190} INFO - [2024-08-20T03:37:54.296+0000] {dag.py:4138} INFO - Setting next_dagrun for example_setup_teardown to 2024-08-19 00:00:00+00:00, run_after=2024-08-20 00:00:00+00:00
[2024-08-20T03:37:54.335+0000] {processor.py:208} INFO - Processing /home/airflow/.local/lib/python3.12/site-packages/airflow/example_dags/example_setup_teardown.py took 0.109 seconds
[2024-08-20T03:38:24.510+0000] {processor.py:186} INFO - Started process (PID=3838) to work on /home/airflow/.local/lib/python3.12/site-packages/airflow/example_dags/example_setup_teardown.py
[2024-08-20T03:38:24.511+0000] {processor.py:914} INFO - Processing file /home/airflow/.local/lib/python3.12/site-packages/airflow/example_dags/example_setup_teardown.py for tasks to queue
[2024-08-20T03:38:24.513+0000] {logging_mixin.py:190} INFO - [2024-08-20T03:38:24.513+0000] {dagbag.py:587} INFO - Filling up the DagBag from /home/airflow/.local/lib/python3.12/site-packages/airflow/example_dags/example_setup_teardown.py
[2024-08-20T03:38:24.522+0000] {processor.py:925} INFO - DAG(s) 'example_setup_teardown' retrieved from /home/airflow/.local/lib/python3.12/site-packages/airflow/example_dags/example_setup_teardown.py
[2024-08-20T03:38:24.541+0000] {logging_mixin.py:190} INFO - [2024-08-20T03:38:24.541+0000] {dag.py:3211} INFO - Sync 1 DAGs
[2024-08-20T03:38:24.566+0000] {logging_mixin.py:190} INFO - [2024-08-20T03:38:24.566+0000] {dag.py:4138} INFO - Setting next_dagrun for example_setup_teardown to 2024-08-19 00:00:00+00:00, run_after=2024-08-20 00:00:00+00:00
[2024-08-20T03:38:24.593+0000] {processor.py:208} INFO - Processing /home/airflow/.local/lib/python3.12/site-packages/airflow/example_dags/example_setup_teardown.py took 0.088 seconds
[2024-08-20T03:38:54.980+0000] {processor.py:186} INFO - Started process (PID=4124) to work on /home/airflow/.local/lib/python3.12/site-packages/airflow/example_dags/example_setup_teardown.py
[2024-08-20T03:38:54.981+0000] {processor.py:914} INFO - Processing file /home/airflow/.local/lib/python3.12/site-packages/airflow/example_dags/example_setup_teardown.py for tasks to queue
[2024-08-20T03:38:54.984+0000] {logging_mixin.py:190} INFO - [2024-08-20T03:38:54.984+0000] {dagbag.py:587} INFO - Filling up the DagBag from /home/airflow/.local/lib/python3.12/site-packages/airflow/example_dags/example_setup_teardown.py
[2024-08-20T03:38:54.993+0000] {processor.py:925} INFO - DAG(s) 'example_setup_teardown' retrieved from /home/airflow/.local/lib/python3.12/site-packages/airflow/example_dags/example_setup_teardown.py
[2024-08-20T03:38:55.015+0000] {logging_mixin.py:190} INFO - [2024-08-20T03:38:55.014+0000] {dag.py:3211} INFO - Sync 1 DAGs
[2024-08-20T03:38:55.041+0000] {logging_mixin.py:190} INFO - [2024-08-20T03:38:55.041+0000] {dag.py:4138} INFO - Setting next_dagrun for example_setup_teardown to 2024-08-19 00:00:00+00:00, run_after=2024-08-20 00:00:00+00:00
[2024-08-20T03:38:55.065+0000] {processor.py:208} INFO - Processing /home/airflow/.local/lib/python3.12/site-packages/airflow/example_dags/example_setup_teardown.py took 0.092 seconds
[2024-08-20T03:39:25.327+0000] {processor.py:186} INFO - Started process (PID=4410) to work on /home/airflow/.local/lib/python3.12/site-packages/airflow/example_dags/example_setup_teardown.py
[2024-08-20T03:39:25.328+0000] {processor.py:914} INFO - Processing file /home/airflow/.local/lib/python3.12/site-packages/airflow/example_dags/example_setup_teardown.py for tasks to queue
[2024-08-20T03:39:25.330+0000] {logging_mixin.py:190} INFO - [2024-08-20T03:39:25.330+0000] {dagbag.py:587} INFO - Filling up the DagBag from /home/airflow/.local/lib/python3.12/site-packages/airflow/example_dags/example_setup_teardown.py
[2024-08-20T03:39:25.340+0000] {processor.py:925} INFO - DAG(s) 'example_setup_teardown' retrieved from /home/airflow/.local/lib/python3.12/site-packages/airflow/example_dags/example_setup_teardown.py
[2024-08-20T03:39:25.366+0000] {logging_mixin.py:190} INFO - [2024-08-20T03:39:25.366+0000] {dag.py:3211} INFO - Sync 1 DAGs
[2024-08-20T03:39:25.397+0000] {logging_mixin.py:190} INFO - [2024-08-20T03:39:25.397+0000] {dag.py:4138} INFO - Setting next_dagrun for example_setup_teardown to 2024-08-19 00:00:00+00:00, run_after=2024-08-20 00:00:00+00:00
[2024-08-20T03:39:25.436+0000] {processor.py:208} INFO - Processing /home/airflow/.local/lib/python3.12/site-packages/airflow/example_dags/example_setup_teardown.py took 0.117 seconds
[2024-08-20T03:39:55.594+0000] {processor.py:186} INFO - Started process (PID=4696) to work on /home/airflow/.local/lib/python3.12/site-packages/airflow/example_dags/example_setup_teardown.py
[2024-08-20T03:39:55.595+0000] {processor.py:914} INFO - Processing file /home/airflow/.local/lib/python3.12/site-packages/airflow/example_dags/example_setup_teardown.py for tasks to queue
[2024-08-20T03:39:55.598+0000] {logging_mixin.py:190} INFO - [2024-08-20T03:39:55.597+0000] {dagbag.py:587} INFO - Filling up the DagBag from /home/airflow/.local/lib/python3.12/site-packages/airflow/example_dags/example_setup_teardown.py
[2024-08-20T03:39:55.607+0000] {processor.py:925} INFO - DAG(s) 'example_setup_teardown' retrieved from /home/airflow/.local/lib/python3.12/site-packages/airflow/example_dags/example_setup_teardown.py
[2024-08-20T03:39:55.627+0000] {logging_mixin.py:190} INFO - [2024-08-20T03:39:55.627+0000] {dag.py:3211} INFO - Sync 1 DAGs
[2024-08-20T03:39:55.653+0000] {logging_mixin.py:190} INFO - [2024-08-20T03:39:55.653+0000] {dag.py:4138} INFO - Setting next_dagrun for example_setup_teardown to 2024-08-19 00:00:00+00:00, run_after=2024-08-20 00:00:00+00:00
[2024-08-20T03:39:55.675+0000] {processor.py:208} INFO - Processing /home/airflow/.local/lib/python3.12/site-packages/airflow/example_dags/example_setup_teardown.py took 0.087 seconds
[2024-08-20T03:40:25.958+0000] {processor.py:186} INFO - Started process (PID=4982) to work on /home/airflow/.local/lib/python3.12/site-packages/airflow/example_dags/example_setup_teardown.py
[2024-08-20T03:40:25.959+0000] {processor.py:914} INFO - Processing file /home/airflow/.local/lib/python3.12/site-packages/airflow/example_dags/example_setup_teardown.py for tasks to queue
[2024-08-20T03:40:25.963+0000] {logging_mixin.py:190} INFO - [2024-08-20T03:40:25.963+0000] {dagbag.py:587} INFO - Filling up the DagBag from /home/airflow/.local/lib/python3.12/site-packages/airflow/example_dags/example_setup_teardown.py
[2024-08-20T03:40:25.973+0000] {processor.py:925} INFO - DAG(s) 'example_setup_teardown' retrieved from /home/airflow/.local/lib/python3.12/site-packages/airflow/example_dags/example_setup_teardown.py
[2024-08-20T03:40:25.995+0000] {logging_mixin.py:190} INFO - [2024-08-20T03:40:25.995+0000] {dag.py:3211} INFO - Sync 1 DAGs
[2024-08-20T03:40:26.023+0000] {logging_mixin.py:190} INFO - [2024-08-20T03:40:26.022+0000] {dag.py:4138} INFO - Setting next_dagrun for example_setup_teardown to 2024-08-19 00:00:00+00:00, run_after=2024-08-20 00:00:00+00:00
[2024-08-20T03:40:26.045+0000] {processor.py:208} INFO - Processing /home/airflow/.local/lib/python3.12/site-packages/airflow/example_dags/example_setup_teardown.py took 0.094 seconds
[2024-08-20T03:40:56.168+0000] {processor.py:186} INFO - Started process (PID=5268) to work on /home/airflow/.local/lib/python3.12/site-packages/airflow/example_dags/example_setup_teardown.py
[2024-08-20T03:40:56.169+0000] {processor.py:914} INFO - Processing file /home/airflow/.local/lib/python3.12/site-packages/airflow/example_dags/example_setup_teardown.py for tasks to queue
[2024-08-20T03:40:56.172+0000] {logging_mixin.py:190} INFO - [2024-08-20T03:40:56.172+0000] {dagbag.py:587} INFO - Filling up the DagBag from /home/airflow/.local/lib/python3.12/site-packages/airflow/example_dags/example_setup_teardown.py
[2024-08-20T03:40:56.181+0000] {processor.py:925} INFO - DAG(s) 'example_setup_teardown' retrieved from /home/airflow/.local/lib/python3.12/site-packages/airflow/example_dags/example_setup_teardown.py
[2024-08-20T03:40:56.203+0000] {logging_mixin.py:190} INFO - [2024-08-20T03:40:56.202+0000] {dag.py:3211} INFO - Sync 1 DAGs
[2024-08-20T03:40:56.229+0000] {logging_mixin.py:190} INFO - [2024-08-20T03:40:56.228+0000] {dag.py:4138} INFO - Setting next_dagrun for example_setup_teardown to 2024-08-19 00:00:00+00:00, run_after=2024-08-20 00:00:00+00:00
[2024-08-20T03:40:56.251+0000] {processor.py:208} INFO - Processing /home/airflow/.local/lib/python3.12/site-packages/airflow/example_dags/example_setup_teardown.py took 0.089 seconds
[2024-08-20T03:41:26.678+0000] {processor.py:186} INFO - Started process (PID=5554) to work on /home/airflow/.local/lib/python3.12/site-packages/airflow/example_dags/example_setup_teardown.py
[2024-08-20T03:41:26.679+0000] {processor.py:914} INFO - Processing file /home/airflow/.local/lib/python3.12/site-packages/airflow/example_dags/example_setup_teardown.py for tasks to queue
[2024-08-20T03:41:26.682+0000] {logging_mixin.py:190} INFO - [2024-08-20T03:41:26.682+0000] {dagbag.py:587} INFO - Filling up the DagBag from /home/airflow/.local/lib/python3.12/site-packages/airflow/example_dags/example_setup_teardown.py
[2024-08-20T03:41:26.695+0000] {processor.py:925} INFO - DAG(s) 'example_setup_teardown' retrieved from /home/airflow/.local/lib/python3.12/site-packages/airflow/example_dags/example_setup_teardown.py
[2024-08-20T03:41:26.719+0000] {logging_mixin.py:190} INFO - [2024-08-20T03:41:26.719+0000] {dag.py:3211} INFO - Sync 1 DAGs
[2024-08-20T03:41:26.747+0000] {logging_mixin.py:190} INFO - [2024-08-20T03:41:26.747+0000] {dag.py:4138} INFO - Setting next_dagrun for example_setup_teardown to 2024-08-19 00:00:00+00:00, run_after=2024-08-20 00:00:00+00:00
[2024-08-20T03:41:26.770+0000] {processor.py:208} INFO - Processing /home/airflow/.local/lib/python3.12/site-packages/airflow/example_dags/example_setup_teardown.py took 0.099 seconds
[2024-08-20T03:41:57.219+0000] {processor.py:186} INFO - Started process (PID=5840) to work on /home/airflow/.local/lib/python3.12/site-packages/airflow/example_dags/example_setup_teardown.py
[2024-08-20T03:41:57.220+0000] {processor.py:914} INFO - Processing file /home/airflow/.local/lib/python3.12/site-packages/airflow/example_dags/example_setup_teardown.py for tasks to queue
[2024-08-20T03:41:57.223+0000] {logging_mixin.py:190} INFO - [2024-08-20T03:41:57.222+0000] {dagbag.py:587} INFO - Filling up the DagBag from /home/airflow/.local/lib/python3.12/site-packages/airflow/example_dags/example_setup_teardown.py
[2024-08-20T03:41:57.232+0000] {processor.py:925} INFO - DAG(s) 'example_setup_teardown' retrieved from /home/airflow/.local/lib/python3.12/site-packages/airflow/example_dags/example_setup_teardown.py
[2024-08-20T03:41:57.254+0000] {logging_mixin.py:190} INFO - [2024-08-20T03:41:57.253+0000] {dag.py:3211} INFO - Sync 1 DAGs
[2024-08-20T03:41:57.282+0000] {logging_mixin.py:190} INFO - [2024-08-20T03:41:57.282+0000] {dag.py:4138} INFO - Setting next_dagrun for example_setup_teardown to 2024-08-19 00:00:00+00:00, run_after=2024-08-20 00:00:00+00:00
[2024-08-20T03:41:57.305+0000] {processor.py:208} INFO - Processing /home/airflow/.local/lib/python3.12/site-packages/airflow/example_dags/example_setup_teardown.py took 0.092 seconds
