[2024-08-20T03:32:17.895+0000] {processor.py:186} INFO - Started process (PID=396) to work on /home/airflow/.local/lib/python3.12/site-packages/airflow/example_dags/example_dag_decorator.py
[2024-08-20T03:32:17.896+0000] {processor.py:914} INFO - Processing file /home/airflow/.local/lib/python3.12/site-packages/airflow/example_dags/example_dag_decorator.py for tasks to queue
[2024-08-20T03:32:17.899+0000] {logging_mixin.py:190} INFO - [2024-08-20T03:32:17.899+0000] {dagbag.py:587} INFO - Filling up the DagBag from /home/airflow/.local/lib/python3.12/site-packages/airflow/example_dags/example_dag_decorator.py
[2024-08-20T03:32:17.917+0000] {processor.py:925} INFO - DAG(s) 'example_dag_decorator' retrieved from /home/airflow/.local/lib/python3.12/site-packages/airflow/example_dags/example_dag_decorator.py
[2024-08-20T03:32:18.058+0000] {logging_mixin.py:190} INFO - [2024-08-20T03:32:18.057+0000] {override.py:1858} INFO - Created Permission View: can read on DAG:example_dag_decorator
[2024-08-20T03:32:18.077+0000] {logging_mixin.py:190} INFO - [2024-08-20T03:32:18.076+0000] {override.py:1858} INFO - Created Permission View: can delete on DAG:example_dag_decorator
[2024-08-20T03:32:18.091+0000] {logging_mixin.py:190} INFO - [2024-08-20T03:32:18.090+0000] {override.py:1858} INFO - Created Permission View: can edit on DAG:example_dag_decorator
[2024-08-20T03:32:18.091+0000] {logging_mixin.py:190} INFO - [2024-08-20T03:32:18.091+0000] {dag.py:3211} INFO - Sync 1 DAGs
[2024-08-20T03:32:18.110+0000] {logging_mixin.py:190} INFO - [2024-08-20T03:32:18.110+0000] {dag.py:3234} INFO - Creating ORM DAG for example_dag_decorator
[2024-08-20T03:32:18.111+0000] {logging_mixin.py:190} INFO - [2024-08-20T03:32:18.111+0000] {dag.py:4138} INFO - Setting next_dagrun for example_dag_decorator to None, run_after=None
[2024-08-20T03:32:18.138+0000] {processor.py:208} INFO - Processing /home/airflow/.local/lib/python3.12/site-packages/airflow/example_dags/example_dag_decorator.py took 0.250 seconds
[2024-08-20T03:32:48.771+0000] {processor.py:186} INFO - Started process (PID=682) to work on /home/airflow/.local/lib/python3.12/site-packages/airflow/example_dags/example_dag_decorator.py
[2024-08-20T03:32:48.773+0000] {processor.py:914} INFO - Processing file /home/airflow/.local/lib/python3.12/site-packages/airflow/example_dags/example_dag_decorator.py for tasks to queue
[2024-08-20T03:32:48.776+0000] {logging_mixin.py:190} INFO - [2024-08-20T03:32:48.776+0000] {dagbag.py:587} INFO - Filling up the DagBag from /home/airflow/.local/lib/python3.12/site-packages/airflow/example_dags/example_dag_decorator.py
[2024-08-20T03:32:48.791+0000] {processor.py:925} INFO - DAG(s) 'example_dag_decorator' retrieved from /home/airflow/.local/lib/python3.12/site-packages/airflow/example_dags/example_dag_decorator.py
[2024-08-20T03:32:48.825+0000] {logging_mixin.py:190} INFO - [2024-08-20T03:32:48.824+0000] {dag.py:3211} INFO - Sync 1 DAGs
[2024-08-20T03:32:48.845+0000] {logging_mixin.py:190} INFO - [2024-08-20T03:32:48.845+0000] {dag.py:4138} INFO - Setting next_dagrun for example_dag_decorator to None, run_after=None
[2024-08-20T03:32:48.874+0000] {processor.py:208} INFO - Processing /home/airflow/.local/lib/python3.12/site-packages/airflow/example_dags/example_dag_decorator.py took 0.112 seconds
[2024-08-20T03:33:19.565+0000] {processor.py:186} INFO - Started process (PID=968) to work on /home/airflow/.local/lib/python3.12/site-packages/airflow/example_dags/example_dag_decorator.py
[2024-08-20T03:33:19.567+0000] {processor.py:914} INFO - Processing file /home/airflow/.local/lib/python3.12/site-packages/airflow/example_dags/example_dag_decorator.py for tasks to queue
[2024-08-20T03:33:19.570+0000] {logging_mixin.py:190} INFO - [2024-08-20T03:33:19.570+0000] {dagbag.py:587} INFO - Filling up the DagBag from /home/airflow/.local/lib/python3.12/site-packages/airflow/example_dags/example_dag_decorator.py
[2024-08-20T03:33:19.584+0000] {processor.py:925} INFO - DAG(s) 'example_dag_decorator' retrieved from /home/airflow/.local/lib/python3.12/site-packages/airflow/example_dags/example_dag_decorator.py
[2024-08-20T03:33:19.619+0000] {logging_mixin.py:190} INFO - [2024-08-20T03:33:19.618+0000] {dag.py:3211} INFO - Sync 1 DAGs
[2024-08-20T03:33:19.637+0000] {logging_mixin.py:190} INFO - [2024-08-20T03:33:19.636+0000] {dag.py:4138} INFO - Setting next_dagrun for example_dag_decorator to None, run_after=None
[2024-08-20T03:33:19.664+0000] {processor.py:208} INFO - Processing /home/airflow/.local/lib/python3.12/site-packages/airflow/example_dags/example_dag_decorator.py took 0.108 seconds
[2024-08-20T03:33:49.937+0000] {processor.py:186} INFO - Started process (PID=1254) to work on /home/airflow/.local/lib/python3.12/site-packages/airflow/example_dags/example_dag_decorator.py
[2024-08-20T03:33:49.938+0000] {processor.py:914} INFO - Processing file /home/airflow/.local/lib/python3.12/site-packages/airflow/example_dags/example_dag_decorator.py for tasks to queue
[2024-08-20T03:33:49.941+0000] {logging_mixin.py:190} INFO - [2024-08-20T03:33:49.941+0000] {dagbag.py:587} INFO - Filling up the DagBag from /home/airflow/.local/lib/python3.12/site-packages/airflow/example_dags/example_dag_decorator.py
[2024-08-20T03:33:49.958+0000] {processor.py:925} INFO - DAG(s) 'example_dag_decorator' retrieved from /home/airflow/.local/lib/python3.12/site-packages/airflow/example_dags/example_dag_decorator.py
[2024-08-20T03:33:49.986+0000] {logging_mixin.py:190} INFO - [2024-08-20T03:33:49.986+0000] {dag.py:3211} INFO - Sync 1 DAGs
[2024-08-20T03:33:50.005+0000] {logging_mixin.py:190} INFO - [2024-08-20T03:33:50.005+0000] {dag.py:4138} INFO - Setting next_dagrun for example_dag_decorator to None, run_after=None
[2024-08-20T03:33:50.031+0000] {processor.py:208} INFO - Processing /home/airflow/.local/lib/python3.12/site-packages/airflow/example_dags/example_dag_decorator.py took 0.101 seconds
[2024-08-20T03:34:20.536+0000] {processor.py:186} INFO - Started process (PID=1540) to work on /home/airflow/.local/lib/python3.12/site-packages/airflow/example_dags/example_dag_decorator.py
[2024-08-20T03:34:20.537+0000] {processor.py:914} INFO - Processing file /home/airflow/.local/lib/python3.12/site-packages/airflow/example_dags/example_dag_decorator.py for tasks to queue
[2024-08-20T03:34:20.540+0000] {logging_mixin.py:190} INFO - [2024-08-20T03:34:20.539+0000] {dagbag.py:587} INFO - Filling up the DagBag from /home/airflow/.local/lib/python3.12/site-packages/airflow/example_dags/example_dag_decorator.py
[2024-08-20T03:34:20.555+0000] {processor.py:925} INFO - DAG(s) 'example_dag_decorator' retrieved from /home/airflow/.local/lib/python3.12/site-packages/airflow/example_dags/example_dag_decorator.py
[2024-08-20T03:34:20.689+0000] {logging_mixin.py:190} INFO - [2024-08-20T03:34:20.689+0000] {dag.py:3211} INFO - Sync 1 DAGs
[2024-08-20T03:34:20.707+0000] {logging_mixin.py:190} INFO - [2024-08-20T03:34:20.707+0000] {dag.py:4138} INFO - Setting next_dagrun for example_dag_decorator to None, run_after=None
[2024-08-20T03:34:20.736+0000] {processor.py:208} INFO - Processing /home/airflow/.local/lib/python3.12/site-packages/airflow/example_dags/example_dag_decorator.py took 0.207 seconds
[2024-08-20T03:34:51.153+0000] {processor.py:186} INFO - Started process (PID=1826) to work on /home/airflow/.local/lib/python3.12/site-packages/airflow/example_dags/example_dag_decorator.py
[2024-08-20T03:34:51.154+0000] {processor.py:914} INFO - Processing file /home/airflow/.local/lib/python3.12/site-packages/airflow/example_dags/example_dag_decorator.py for tasks to queue
[2024-08-20T03:34:51.157+0000] {logging_mixin.py:190} INFO - [2024-08-20T03:34:51.157+0000] {dagbag.py:587} INFO - Filling up the DagBag from /home/airflow/.local/lib/python3.12/site-packages/airflow/example_dags/example_dag_decorator.py
[2024-08-20T03:34:51.170+0000] {processor.py:925} INFO - DAG(s) 'example_dag_decorator' retrieved from /home/airflow/.local/lib/python3.12/site-packages/airflow/example_dags/example_dag_decorator.py
[2024-08-20T03:34:51.201+0000] {logging_mixin.py:190} INFO - [2024-08-20T03:34:51.201+0000] {dag.py:3211} INFO - Sync 1 DAGs
[2024-08-20T03:34:51.220+0000] {logging_mixin.py:190} INFO - [2024-08-20T03:34:51.219+0000] {dag.py:4138} INFO - Setting next_dagrun for example_dag_decorator to None, run_after=None
[2024-08-20T03:34:51.247+0000] {processor.py:208} INFO - Processing /home/airflow/.local/lib/python3.12/site-packages/airflow/example_dags/example_dag_decorator.py took 0.103 seconds
[2024-08-20T03:35:21.662+0000] {processor.py:186} INFO - Started process (PID=2112) to work on /home/airflow/.local/lib/python3.12/site-packages/airflow/example_dags/example_dag_decorator.py
[2024-08-20T03:35:21.663+0000] {processor.py:914} INFO - Processing file /home/airflow/.local/lib/python3.12/site-packages/airflow/example_dags/example_dag_decorator.py for tasks to queue
[2024-08-20T03:35:21.666+0000] {logging_mixin.py:190} INFO - [2024-08-20T03:35:21.665+0000] {dagbag.py:587} INFO - Filling up the DagBag from /home/airflow/.local/lib/python3.12/site-packages/airflow/example_dags/example_dag_decorator.py
[2024-08-20T03:35:21.680+0000] {processor.py:925} INFO - DAG(s) 'example_dag_decorator' retrieved from /home/airflow/.local/lib/python3.12/site-packages/airflow/example_dags/example_dag_decorator.py
[2024-08-20T03:35:21.802+0000] {logging_mixin.py:190} INFO - [2024-08-20T03:35:21.801+0000] {dag.py:3211} INFO - Sync 1 DAGs
[2024-08-20T03:35:21.816+0000] {logging_mixin.py:190} INFO - [2024-08-20T03:35:21.816+0000] {dag.py:4138} INFO - Setting next_dagrun for example_dag_decorator to None, run_after=None
[2024-08-20T03:35:21.840+0000] {processor.py:208} INFO - Processing /home/airflow/.local/lib/python3.12/site-packages/airflow/example_dags/example_dag_decorator.py took 0.185 seconds
[2024-08-20T03:35:52.267+0000] {processor.py:186} INFO - Started process (PID=2398) to work on /home/airflow/.local/lib/python3.12/site-packages/airflow/example_dags/example_dag_decorator.py
[2024-08-20T03:35:52.268+0000] {processor.py:914} INFO - Processing file /home/airflow/.local/lib/python3.12/site-packages/airflow/example_dags/example_dag_decorator.py for tasks to queue
[2024-08-20T03:35:52.271+0000] {logging_mixin.py:190} INFO - [2024-08-20T03:35:52.270+0000] {dagbag.py:587} INFO - Filling up the DagBag from /home/airflow/.local/lib/python3.12/site-packages/airflow/example_dags/example_dag_decorator.py
[2024-08-20T03:35:52.284+0000] {processor.py:925} INFO - DAG(s) 'example_dag_decorator' retrieved from /home/airflow/.local/lib/python3.12/site-packages/airflow/example_dags/example_dag_decorator.py
[2024-08-20T03:35:52.414+0000] {logging_mixin.py:190} INFO - [2024-08-20T03:35:52.413+0000] {dag.py:3211} INFO - Sync 1 DAGs
[2024-08-20T03:35:52.429+0000] {logging_mixin.py:190} INFO - [2024-08-20T03:35:52.429+0000] {dag.py:4138} INFO - Setting next_dagrun for example_dag_decorator to None, run_after=None
[2024-08-20T03:35:52.454+0000] {processor.py:208} INFO - Processing /home/airflow/.local/lib/python3.12/site-packages/airflow/example_dags/example_dag_decorator.py took 0.194 seconds
[2024-08-20T03:36:22.813+0000] {processor.py:186} INFO - Started process (PID=2684) to work on /home/airflow/.local/lib/python3.12/site-packages/airflow/example_dags/example_dag_decorator.py
[2024-08-20T03:36:22.814+0000] {processor.py:914} INFO - Processing file /home/airflow/.local/lib/python3.12/site-packages/airflow/example_dags/example_dag_decorator.py for tasks to queue
[2024-08-20T03:36:22.817+0000] {logging_mixin.py:190} INFO - [2024-08-20T03:36:22.817+0000] {dagbag.py:587} INFO - Filling up the DagBag from /home/airflow/.local/lib/python3.12/site-packages/airflow/example_dags/example_dag_decorator.py
[2024-08-20T03:36:22.832+0000] {processor.py:925} INFO - DAG(s) 'example_dag_decorator' retrieved from /home/airflow/.local/lib/python3.12/site-packages/airflow/example_dags/example_dag_decorator.py
[2024-08-20T03:36:22.958+0000] {logging_mixin.py:190} INFO - [2024-08-20T03:36:22.958+0000] {dag.py:3211} INFO - Sync 1 DAGs
[2024-08-20T03:36:22.975+0000] {logging_mixin.py:190} INFO - [2024-08-20T03:36:22.975+0000] {dag.py:4138} INFO - Setting next_dagrun for example_dag_decorator to None, run_after=None
[2024-08-20T03:36:23.003+0000] {processor.py:208} INFO - Processing /home/airflow/.local/lib/python3.12/site-packages/airflow/example_dags/example_dag_decorator.py took 0.199 seconds
[2024-08-20T03:36:53.050+0000] {processor.py:186} INFO - Started process (PID=2970) to work on /home/airflow/.local/lib/python3.12/site-packages/airflow/example_dags/example_dag_decorator.py
[2024-08-20T03:36:53.051+0000] {processor.py:914} INFO - Processing file /home/airflow/.local/lib/python3.12/site-packages/airflow/example_dags/example_dag_decorator.py for tasks to queue
[2024-08-20T03:36:53.054+0000] {logging_mixin.py:190} INFO - [2024-08-20T03:36:53.054+0000] {dagbag.py:587} INFO - Filling up the DagBag from /home/airflow/.local/lib/python3.12/site-packages/airflow/example_dags/example_dag_decorator.py
[2024-08-20T03:36:53.068+0000] {processor.py:925} INFO - DAG(s) 'example_dag_decorator' retrieved from /home/airflow/.local/lib/python3.12/site-packages/airflow/example_dags/example_dag_decorator.py
[2024-08-20T03:36:53.182+0000] {logging_mixin.py:190} INFO - [2024-08-20T03:36:53.182+0000] {dag.py:3211} INFO - Sync 1 DAGs
[2024-08-20T03:36:53.197+0000] {logging_mixin.py:190} INFO - [2024-08-20T03:36:53.196+0000] {dag.py:4138} INFO - Setting next_dagrun for example_dag_decorator to None, run_after=None
[2024-08-20T03:36:53.223+0000] {processor.py:208} INFO - Processing /home/airflow/.local/lib/python3.12/site-packages/airflow/example_dags/example_dag_decorator.py took 0.179 seconds
[2024-08-20T03:37:23.524+0000] {processor.py:186} INFO - Started process (PID=3256) to work on /home/airflow/.local/lib/python3.12/site-packages/airflow/example_dags/example_dag_decorator.py
[2024-08-20T03:37:23.525+0000] {processor.py:914} INFO - Processing file /home/airflow/.local/lib/python3.12/site-packages/airflow/example_dags/example_dag_decorator.py for tasks to queue
[2024-08-20T03:37:23.528+0000] {logging_mixin.py:190} INFO - [2024-08-20T03:37:23.528+0000] {dagbag.py:587} INFO - Filling up the DagBag from /home/airflow/.local/lib/python3.12/site-packages/airflow/example_dags/example_dag_decorator.py
[2024-08-20T03:37:23.541+0000] {processor.py:925} INFO - DAG(s) 'example_dag_decorator' retrieved from /home/airflow/.local/lib/python3.12/site-packages/airflow/example_dags/example_dag_decorator.py
[2024-08-20T03:37:23.650+0000] {logging_mixin.py:190} INFO - [2024-08-20T03:37:23.650+0000] {dag.py:3211} INFO - Sync 1 DAGs
[2024-08-20T03:37:23.662+0000] {logging_mixin.py:190} INFO - [2024-08-20T03:37:23.662+0000] {dag.py:4138} INFO - Setting next_dagrun for example_dag_decorator to None, run_after=None
[2024-08-20T03:37:23.687+0000] {processor.py:208} INFO - Processing /home/airflow/.local/lib/python3.12/site-packages/airflow/example_dags/example_dag_decorator.py took 0.169 seconds
[2024-08-20T03:37:54.022+0000] {processor.py:186} INFO - Started process (PID=3542) to work on /home/airflow/.local/lib/python3.12/site-packages/airflow/example_dags/example_dag_decorator.py
[2024-08-20T03:37:54.023+0000] {processor.py:914} INFO - Processing file /home/airflow/.local/lib/python3.12/site-packages/airflow/example_dags/example_dag_decorator.py for tasks to queue
[2024-08-20T03:37:54.025+0000] {logging_mixin.py:190} INFO - [2024-08-20T03:37:54.025+0000] {dagbag.py:587} INFO - Filling up the DagBag from /home/airflow/.local/lib/python3.12/site-packages/airflow/example_dags/example_dag_decorator.py
[2024-08-20T03:37:54.038+0000] {processor.py:925} INFO - DAG(s) 'example_dag_decorator' retrieved from /home/airflow/.local/lib/python3.12/site-packages/airflow/example_dags/example_dag_decorator.py
[2024-08-20T03:37:54.163+0000] {logging_mixin.py:190} INFO - [2024-08-20T03:37:54.163+0000] {dag.py:3211} INFO - Sync 1 DAGs
[2024-08-20T03:37:54.177+0000] {logging_mixin.py:190} INFO - [2024-08-20T03:37:54.177+0000] {dag.py:4138} INFO - Setting next_dagrun for example_dag_decorator to None, run_after=None
[2024-08-20T03:37:54.201+0000] {processor.py:208} INFO - Processing /home/airflow/.local/lib/python3.12/site-packages/airflow/example_dags/example_dag_decorator.py took 0.187 seconds
[2024-08-20T03:38:24.329+0000] {processor.py:186} INFO - Started process (PID=3828) to work on /home/airflow/.local/lib/python3.12/site-packages/airflow/example_dags/example_dag_decorator.py
[2024-08-20T03:38:24.331+0000] {processor.py:914} INFO - Processing file /home/airflow/.local/lib/python3.12/site-packages/airflow/example_dags/example_dag_decorator.py for tasks to queue
[2024-08-20T03:38:24.334+0000] {logging_mixin.py:190} INFO - [2024-08-20T03:38:24.333+0000] {dagbag.py:587} INFO - Filling up the DagBag from /home/airflow/.local/lib/python3.12/site-packages/airflow/example_dags/example_dag_decorator.py
[2024-08-20T03:38:24.346+0000] {processor.py:925} INFO - DAG(s) 'example_dag_decorator' retrieved from /home/airflow/.local/lib/python3.12/site-packages/airflow/example_dags/example_dag_decorator.py
[2024-08-20T03:38:24.486+0000] {logging_mixin.py:190} INFO - [2024-08-20T03:38:24.486+0000] {dag.py:3211} INFO - Sync 1 DAGs
[2024-08-20T03:38:24.498+0000] {logging_mixin.py:190} INFO - [2024-08-20T03:38:24.498+0000] {dag.py:4138} INFO - Setting next_dagrun for example_dag_decorator to None, run_after=None
[2024-08-20T03:38:24.519+0000] {processor.py:208} INFO - Processing /home/airflow/.local/lib/python3.12/site-packages/airflow/example_dags/example_dag_decorator.py took 0.197 seconds
[2024-08-20T03:38:54.773+0000] {processor.py:186} INFO - Started process (PID=4114) to work on /home/airflow/.local/lib/python3.12/site-packages/airflow/example_dags/example_dag_decorator.py
[2024-08-20T03:38:54.774+0000] {processor.py:914} INFO - Processing file /home/airflow/.local/lib/python3.12/site-packages/airflow/example_dags/example_dag_decorator.py for tasks to queue
[2024-08-20T03:38:54.777+0000] {logging_mixin.py:190} INFO - [2024-08-20T03:38:54.777+0000] {dagbag.py:587} INFO - Filling up the DagBag from /home/airflow/.local/lib/python3.12/site-packages/airflow/example_dags/example_dag_decorator.py
[2024-08-20T03:38:54.791+0000] {processor.py:925} INFO - DAG(s) 'example_dag_decorator' retrieved from /home/airflow/.local/lib/python3.12/site-packages/airflow/example_dags/example_dag_decorator.py
[2024-08-20T03:38:54.935+0000] {logging_mixin.py:190} INFO - [2024-08-20T03:38:54.935+0000] {dag.py:3211} INFO - Sync 1 DAGs
[2024-08-20T03:38:54.949+0000] {logging_mixin.py:190} INFO - [2024-08-20T03:38:54.949+0000] {dag.py:4138} INFO - Setting next_dagrun for example_dag_decorator to None, run_after=None
[2024-08-20T03:38:54.974+0000] {processor.py:208} INFO - Processing /home/airflow/.local/lib/python3.12/site-packages/airflow/example_dags/example_dag_decorator.py took 0.207 seconds
[2024-08-20T03:39:25.146+0000] {processor.py:186} INFO - Started process (PID=4400) to work on /home/airflow/.local/lib/python3.12/site-packages/airflow/example_dags/example_dag_decorator.py
[2024-08-20T03:39:25.147+0000] {processor.py:914} INFO - Processing file /home/airflow/.local/lib/python3.12/site-packages/airflow/example_dags/example_dag_decorator.py for tasks to queue
[2024-08-20T03:39:25.150+0000] {logging_mixin.py:190} INFO - [2024-08-20T03:39:25.149+0000] {dagbag.py:587} INFO - Filling up the DagBag from /home/airflow/.local/lib/python3.12/site-packages/airflow/example_dags/example_dag_decorator.py
[2024-08-20T03:39:25.163+0000] {processor.py:925} INFO - DAG(s) 'example_dag_decorator' retrieved from /home/airflow/.local/lib/python3.12/site-packages/airflow/example_dags/example_dag_decorator.py
[2024-08-20T03:39:25.281+0000] {logging_mixin.py:190} INFO - [2024-08-20T03:39:25.281+0000] {dag.py:3211} INFO - Sync 1 DAGs
[2024-08-20T03:39:25.294+0000] {logging_mixin.py:190} INFO - [2024-08-20T03:39:25.294+0000] {dag.py:4138} INFO - Setting next_dagrun for example_dag_decorator to None, run_after=None
[2024-08-20T03:39:25.319+0000] {processor.py:208} INFO - Processing /home/airflow/.local/lib/python3.12/site-packages/airflow/example_dags/example_dag_decorator.py took 0.179 seconds
[2024-08-20T03:39:55.398+0000] {processor.py:186} INFO - Started process (PID=4686) to work on /home/airflow/.local/lib/python3.12/site-packages/airflow/example_dags/example_dag_decorator.py
[2024-08-20T03:39:55.399+0000] {processor.py:914} INFO - Processing file /home/airflow/.local/lib/python3.12/site-packages/airflow/example_dags/example_dag_decorator.py for tasks to queue
[2024-08-20T03:39:55.402+0000] {logging_mixin.py:190} INFO - [2024-08-20T03:39:55.401+0000] {dagbag.py:587} INFO - Filling up the DagBag from /home/airflow/.local/lib/python3.12/site-packages/airflow/example_dags/example_dag_decorator.py
[2024-08-20T03:39:55.415+0000] {processor.py:925} INFO - DAG(s) 'example_dag_decorator' retrieved from /home/airflow/.local/lib/python3.12/site-packages/airflow/example_dags/example_dag_decorator.py
[2024-08-20T03:39:55.529+0000] {logging_mixin.py:190} INFO - [2024-08-20T03:39:55.528+0000] {dag.py:3211} INFO - Sync 1 DAGs
[2024-08-20T03:39:55.542+0000] {logging_mixin.py:190} INFO - [2024-08-20T03:39:55.541+0000] {dag.py:4138} INFO - Setting next_dagrun for example_dag_decorator to None, run_after=None
[2024-08-20T03:39:55.564+0000] {processor.py:208} INFO - Processing /home/airflow/.local/lib/python3.12/site-packages/airflow/example_dags/example_dag_decorator.py took 0.173 seconds
[2024-08-20T03:40:25.773+0000] {processor.py:186} INFO - Started process (PID=4972) to work on /home/airflow/.local/lib/python3.12/site-packages/airflow/example_dags/example_dag_decorator.py
[2024-08-20T03:40:25.773+0000] {processor.py:914} INFO - Processing file /home/airflow/.local/lib/python3.12/site-packages/airflow/example_dags/example_dag_decorator.py for tasks to queue
[2024-08-20T03:40:25.777+0000] {logging_mixin.py:190} INFO - [2024-08-20T03:40:25.776+0000] {dagbag.py:587} INFO - Filling up the DagBag from /home/airflow/.local/lib/python3.12/site-packages/airflow/example_dags/example_dag_decorator.py
[2024-08-20T03:40:25.794+0000] {processor.py:925} INFO - DAG(s) 'example_dag_decorator' retrieved from /home/airflow/.local/lib/python3.12/site-packages/airflow/example_dags/example_dag_decorator.py
[2024-08-20T03:40:25.914+0000] {logging_mixin.py:190} INFO - [2024-08-20T03:40:25.914+0000] {dag.py:3211} INFO - Sync 1 DAGs
[2024-08-20T03:40:25.929+0000] {logging_mixin.py:190} INFO - [2024-08-20T03:40:25.929+0000] {dag.py:4138} INFO - Setting next_dagrun for example_dag_decorator to None, run_after=None
[2024-08-20T03:40:25.953+0000] {processor.py:208} INFO - Processing /home/airflow/.local/lib/python3.12/site-packages/airflow/example_dags/example_dag_decorator.py took 0.187 seconds
[2024-08-20T03:40:56.103+0000] {processor.py:186} INFO - Started process (PID=5263) to work on /home/airflow/.local/lib/python3.12/site-packages/airflow/example_dags/example_dag_decorator.py
[2024-08-20T03:40:56.104+0000] {processor.py:914} INFO - Processing file /home/airflow/.local/lib/python3.12/site-packages/airflow/example_dags/example_dag_decorator.py for tasks to queue
[2024-08-20T03:40:56.107+0000] {logging_mixin.py:190} INFO - [2024-08-20T03:40:56.107+0000] {dagbag.py:587} INFO - Filling up the DagBag from /home/airflow/.local/lib/python3.12/site-packages/airflow/example_dags/example_dag_decorator.py
[2024-08-20T03:40:56.122+0000] {processor.py:925} INFO - DAG(s) 'example_dag_decorator' retrieved from /home/airflow/.local/lib/python3.12/site-packages/airflow/example_dags/example_dag_decorator.py
[2024-08-20T03:40:56.237+0000] {logging_mixin.py:190} INFO - [2024-08-20T03:40:56.236+0000] {dag.py:3211} INFO - Sync 1 DAGs
[2024-08-20T03:40:56.251+0000] {logging_mixin.py:190} INFO - [2024-08-20T03:40:56.251+0000] {dag.py:4138} INFO - Setting next_dagrun for example_dag_decorator to None, run_after=None
[2024-08-20T03:40:56.274+0000] {processor.py:208} INFO - Processing /home/airflow/.local/lib/python3.12/site-packages/airflow/example_dags/example_dag_decorator.py took 0.179 seconds
[2024-08-20T03:41:26.562+0000] {processor.py:186} INFO - Started process (PID=5544) to work on /home/airflow/.local/lib/python3.12/site-packages/airflow/example_dags/example_dag_decorator.py
[2024-08-20T03:41:26.563+0000] {processor.py:914} INFO - Processing file /home/airflow/.local/lib/python3.12/site-packages/airflow/example_dags/example_dag_decorator.py for tasks to queue
[2024-08-20T03:41:26.566+0000] {logging_mixin.py:190} INFO - [2024-08-20T03:41:26.566+0000] {dagbag.py:587} INFO - Filling up the DagBag from /home/airflow/.local/lib/python3.12/site-packages/airflow/example_dags/example_dag_decorator.py
[2024-08-20T03:41:26.579+0000] {processor.py:925} INFO - DAG(s) 'example_dag_decorator' retrieved from /home/airflow/.local/lib/python3.12/site-packages/airflow/example_dags/example_dag_decorator.py
[2024-08-20T03:41:26.606+0000] {logging_mixin.py:190} INFO - [2024-08-20T03:41:26.606+0000] {dag.py:3211} INFO - Sync 1 DAGs
[2024-08-20T03:41:26.622+0000] {logging_mixin.py:190} INFO - [2024-08-20T03:41:26.622+0000] {dag.py:4138} INFO - Setting next_dagrun for example_dag_decorator to None, run_after=None
[2024-08-20T03:41:26.648+0000] {processor.py:208} INFO - Processing /home/airflow/.local/lib/python3.12/site-packages/airflow/example_dags/example_dag_decorator.py took 0.092 seconds
[2024-08-20T03:41:57.045+0000] {processor.py:186} INFO - Started process (PID=5830) to work on /home/airflow/.local/lib/python3.12/site-packages/airflow/example_dags/example_dag_decorator.py
[2024-08-20T03:41:57.046+0000] {processor.py:914} INFO - Processing file /home/airflow/.local/lib/python3.12/site-packages/airflow/example_dags/example_dag_decorator.py for tasks to queue
[2024-08-20T03:41:57.050+0000] {logging_mixin.py:190} INFO - [2024-08-20T03:41:57.050+0000] {dagbag.py:587} INFO - Filling up the DagBag from /home/airflow/.local/lib/python3.12/site-packages/airflow/example_dags/example_dag_decorator.py
[2024-08-20T03:41:57.065+0000] {processor.py:925} INFO - DAG(s) 'example_dag_decorator' retrieved from /home/airflow/.local/lib/python3.12/site-packages/airflow/example_dags/example_dag_decorator.py
[2024-08-20T03:41:57.185+0000] {logging_mixin.py:190} INFO - [2024-08-20T03:41:57.185+0000] {dag.py:3211} INFO - Sync 1 DAGs
[2024-08-20T03:41:57.200+0000] {logging_mixin.py:190} INFO - [2024-08-20T03:41:57.199+0000] {dag.py:4138} INFO - Setting next_dagrun for example_dag_decorator to None, run_after=None
[2024-08-20T03:41:57.225+0000] {processor.py:208} INFO - Processing /home/airflow/.local/lib/python3.12/site-packages/airflow/example_dags/example_dag_decorator.py took 0.186 seconds
