[2024-08-20T03:32:13.201+0000] {processor.py:186} INFO - Started process (PID=246) to work on /home/airflow/.local/lib/python3.12/site-packages/airflow/example_dags/example_branch_operator.py
[2024-08-20T03:32:13.202+0000] {processor.py:914} INFO - Processing file /home/airflow/.local/lib/python3.12/site-packages/airflow/example_dags/example_branch_operator.py for tasks to queue
[2024-08-20T03:32:13.205+0000] {logging_mixin.py:190} INFO - [2024-08-20T03:32:13.205+0000] {dagbag.py:587} INFO - Filling up the DagBag from /home/airflow/.local/lib/python3.12/site-packages/airflow/example_dags/example_branch_operator.py
[2024-08-20T03:32:13.240+0000] {processor.py:925} INFO - DAG(s) 'example_branch_operator' retrieved from /home/airflow/.local/lib/python3.12/site-packages/airflow/example_dags/example_branch_operator.py
[2024-08-20T03:32:13.381+0000] {logging_mixin.py:190} INFO - [2024-08-20T03:32:13.380+0000] {override.py:1858} INFO - Created Permission View: can read on DAG:example_branch_operator
[2024-08-20T03:32:13.396+0000] {logging_mixin.py:190} INFO - [2024-08-20T03:32:13.395+0000] {override.py:1858} INFO - Created Permission View: can delete on DAG:example_branch_operator
[2024-08-20T03:32:13.407+0000] {logging_mixin.py:190} INFO - [2024-08-20T03:32:13.406+0000] {override.py:1858} INFO - Created Permission View: can edit on DAG:example_branch_operator
[2024-08-20T03:32:13.407+0000] {logging_mixin.py:190} INFO - [2024-08-20T03:32:13.407+0000] {dag.py:3211} INFO - Sync 1 DAGs
[2024-08-20T03:32:13.421+0000] {logging_mixin.py:190} INFO - [2024-08-20T03:32:13.420+0000] {dag.py:3234} INFO - Creating ORM DAG for example_branch_operator
[2024-08-20T03:32:13.434+0000] {logging_mixin.py:190} INFO - [2024-08-20T03:32:13.434+0000] {dag.py:4138} INFO - Setting next_dagrun for example_branch_operator to 2024-08-19 00:00:00+00:00, run_after=2024-08-20 00:00:00+00:00
[2024-08-20T03:32:13.456+0000] {processor.py:208} INFO - Processing /home/airflow/.local/lib/python3.12/site-packages/airflow/example_dags/example_branch_operator.py took 0.261 seconds
[2024-08-20T03:32:43.883+0000] {processor.py:186} INFO - Started process (PID=532) to work on /home/airflow/.local/lib/python3.12/site-packages/airflow/example_dags/example_branch_operator.py
[2024-08-20T03:32:43.884+0000] {processor.py:914} INFO - Processing file /home/airflow/.local/lib/python3.12/site-packages/airflow/example_dags/example_branch_operator.py for tasks to queue
[2024-08-20T03:32:43.887+0000] {logging_mixin.py:190} INFO - [2024-08-20T03:32:43.886+0000] {dagbag.py:587} INFO - Filling up the DagBag from /home/airflow/.local/lib/python3.12/site-packages/airflow/example_dags/example_branch_operator.py
[2024-08-20T03:32:43.913+0000] {processor.py:925} INFO - DAG(s) 'example_branch_operator' retrieved from /home/airflow/.local/lib/python3.12/site-packages/airflow/example_dags/example_branch_operator.py
[2024-08-20T03:32:43.943+0000] {logging_mixin.py:190} INFO - [2024-08-20T03:32:43.943+0000] {dag.py:3211} INFO - Sync 1 DAGs
[2024-08-20T03:32:43.978+0000] {logging_mixin.py:190} INFO - [2024-08-20T03:32:43.978+0000] {dag.py:4138} INFO - Setting next_dagrun for example_branch_operator to 2024-08-19 00:00:00+00:00, run_after=2024-08-20 00:00:00+00:00
[2024-08-20T03:32:44.001+0000] {processor.py:208} INFO - Processing /home/airflow/.local/lib/python3.12/site-packages/airflow/example_dags/example_branch_operator.py took 0.125 seconds
[2024-08-20T03:33:14.250+0000] {processor.py:186} INFO - Started process (PID=818) to work on /home/airflow/.local/lib/python3.12/site-packages/airflow/example_dags/example_branch_operator.py
[2024-08-20T03:33:14.251+0000] {processor.py:914} INFO - Processing file /home/airflow/.local/lib/python3.12/site-packages/airflow/example_dags/example_branch_operator.py for tasks to queue
[2024-08-20T03:33:14.255+0000] {logging_mixin.py:190} INFO - [2024-08-20T03:33:14.254+0000] {dagbag.py:587} INFO - Filling up the DagBag from /home/airflow/.local/lib/python3.12/site-packages/airflow/example_dags/example_branch_operator.py
[2024-08-20T03:33:14.282+0000] {processor.py:925} INFO - DAG(s) 'example_branch_operator' retrieved from /home/airflow/.local/lib/python3.12/site-packages/airflow/example_dags/example_branch_operator.py
[2024-08-20T03:33:14.312+0000] {logging_mixin.py:190} INFO - [2024-08-20T03:33:14.311+0000] {dag.py:3211} INFO - Sync 1 DAGs
[2024-08-20T03:33:14.338+0000] {logging_mixin.py:190} INFO - [2024-08-20T03:33:14.338+0000] {dag.py:4138} INFO - Setting next_dagrun for example_branch_operator to 2024-08-19 00:00:00+00:00, run_after=2024-08-20 00:00:00+00:00
[2024-08-20T03:33:14.361+0000] {processor.py:208} INFO - Processing /home/airflow/.local/lib/python3.12/site-packages/airflow/example_dags/example_branch_operator.py took 0.120 seconds
[2024-08-20T03:33:44.485+0000] {processor.py:186} INFO - Started process (PID=1099) to work on /home/airflow/.local/lib/python3.12/site-packages/airflow/example_dags/example_branch_operator.py
[2024-08-20T03:33:44.486+0000] {processor.py:914} INFO - Processing file /home/airflow/.local/lib/python3.12/site-packages/airflow/example_dags/example_branch_operator.py for tasks to queue
[2024-08-20T03:33:44.490+0000] {logging_mixin.py:190} INFO - [2024-08-20T03:33:44.489+0000] {dagbag.py:587} INFO - Filling up the DagBag from /home/airflow/.local/lib/python3.12/site-packages/airflow/example_dags/example_branch_operator.py
[2024-08-20T03:33:44.510+0000] {processor.py:925} INFO - DAG(s) 'example_branch_operator' retrieved from /home/airflow/.local/lib/python3.12/site-packages/airflow/example_dags/example_branch_operator.py
[2024-08-20T03:33:44.542+0000] {logging_mixin.py:190} INFO - [2024-08-20T03:33:44.541+0000] {dag.py:3211} INFO - Sync 1 DAGs
[2024-08-20T03:33:44.567+0000] {logging_mixin.py:190} INFO - [2024-08-20T03:33:44.567+0000] {dag.py:4138} INFO - Setting next_dagrun for example_branch_operator to 2024-08-19 00:00:00+00:00, run_after=2024-08-20 00:00:00+00:00
[2024-08-20T03:33:44.596+0000] {processor.py:208} INFO - Processing /home/airflow/.local/lib/python3.12/site-packages/airflow/example_dags/example_branch_operator.py took 0.119 seconds
[2024-08-20T03:34:14.908+0000] {processor.py:186} INFO - Started process (PID=1385) to work on /home/airflow/.local/lib/python3.12/site-packages/airflow/example_dags/example_branch_operator.py
[2024-08-20T03:34:14.909+0000] {processor.py:914} INFO - Processing file /home/airflow/.local/lib/python3.12/site-packages/airflow/example_dags/example_branch_operator.py for tasks to queue
[2024-08-20T03:34:14.912+0000] {logging_mixin.py:190} INFO - [2024-08-20T03:34:14.912+0000] {dagbag.py:587} INFO - Filling up the DagBag from /home/airflow/.local/lib/python3.12/site-packages/airflow/example_dags/example_branch_operator.py
[2024-08-20T03:34:14.930+0000] {processor.py:925} INFO - DAG(s) 'example_branch_operator' retrieved from /home/airflow/.local/lib/python3.12/site-packages/airflow/example_dags/example_branch_operator.py
[2024-08-20T03:34:14.964+0000] {logging_mixin.py:190} INFO - [2024-08-20T03:34:14.964+0000] {dag.py:3211} INFO - Sync 1 DAGs
[2024-08-20T03:34:14.995+0000] {logging_mixin.py:190} INFO - [2024-08-20T03:34:14.995+0000] {dag.py:4138} INFO - Setting next_dagrun for example_branch_operator to 2024-08-19 00:00:00+00:00, run_after=2024-08-20 00:00:00+00:00
[2024-08-20T03:34:15.023+0000] {processor.py:208} INFO - Processing /home/airflow/.local/lib/python3.12/site-packages/airflow/example_dags/example_branch_operator.py took 0.124 seconds
[2024-08-20T03:34:45.520+0000] {processor.py:186} INFO - Started process (PID=1671) to work on /home/airflow/.local/lib/python3.12/site-packages/airflow/example_dags/example_branch_operator.py
[2024-08-20T03:34:45.522+0000] {processor.py:914} INFO - Processing file /home/airflow/.local/lib/python3.12/site-packages/airflow/example_dags/example_branch_operator.py for tasks to queue
[2024-08-20T03:34:45.525+0000] {logging_mixin.py:190} INFO - [2024-08-20T03:34:45.525+0000] {dagbag.py:587} INFO - Filling up the DagBag from /home/airflow/.local/lib/python3.12/site-packages/airflow/example_dags/example_branch_operator.py
[2024-08-20T03:34:45.545+0000] {processor.py:925} INFO - DAG(s) 'example_branch_operator' retrieved from /home/airflow/.local/lib/python3.12/site-packages/airflow/example_dags/example_branch_operator.py
[2024-08-20T03:34:45.585+0000] {logging_mixin.py:190} INFO - [2024-08-20T03:34:45.585+0000] {dag.py:3211} INFO - Sync 1 DAGs
[2024-08-20T03:34:45.618+0000] {logging_mixin.py:190} INFO - [2024-08-20T03:34:45.618+0000] {dag.py:4138} INFO - Setting next_dagrun for example_branch_operator to 2024-08-19 00:00:00+00:00, run_after=2024-08-20 00:00:00+00:00
[2024-08-20T03:34:45.651+0000] {processor.py:208} INFO - Processing /home/airflow/.local/lib/python3.12/site-packages/airflow/example_dags/example_branch_operator.py took 0.139 seconds
[2024-08-20T03:35:16.287+0000] {processor.py:186} INFO - Started process (PID=1957) to work on /home/airflow/.local/lib/python3.12/site-packages/airflow/example_dags/example_branch_operator.py
[2024-08-20T03:35:16.288+0000] {processor.py:914} INFO - Processing file /home/airflow/.local/lib/python3.12/site-packages/airflow/example_dags/example_branch_operator.py for tasks to queue
[2024-08-20T03:35:16.290+0000] {logging_mixin.py:190} INFO - [2024-08-20T03:35:16.290+0000] {dagbag.py:587} INFO - Filling up the DagBag from /home/airflow/.local/lib/python3.12/site-packages/airflow/example_dags/example_branch_operator.py
[2024-08-20T03:35:16.309+0000] {processor.py:925} INFO - DAG(s) 'example_branch_operator' retrieved from /home/airflow/.local/lib/python3.12/site-packages/airflow/example_dags/example_branch_operator.py
[2024-08-20T03:35:16.342+0000] {logging_mixin.py:190} INFO - [2024-08-20T03:35:16.342+0000] {dag.py:3211} INFO - Sync 1 DAGs
[2024-08-20T03:35:16.370+0000] {logging_mixin.py:190} INFO - [2024-08-20T03:35:16.370+0000] {dag.py:4138} INFO - Setting next_dagrun for example_branch_operator to 2024-08-19 00:00:00+00:00, run_after=2024-08-20 00:00:00+00:00
[2024-08-20T03:35:16.396+0000] {processor.py:208} INFO - Processing /home/airflow/.local/lib/python3.12/site-packages/airflow/example_dags/example_branch_operator.py took 0.116 seconds
[2024-08-20T03:35:46.781+0000] {processor.py:186} INFO - Started process (PID=2243) to work on /home/airflow/.local/lib/python3.12/site-packages/airflow/example_dags/example_branch_operator.py
[2024-08-20T03:35:46.782+0000] {processor.py:914} INFO - Processing file /home/airflow/.local/lib/python3.12/site-packages/airflow/example_dags/example_branch_operator.py for tasks to queue
[2024-08-20T03:35:46.785+0000] {logging_mixin.py:190} INFO - [2024-08-20T03:35:46.784+0000] {dagbag.py:587} INFO - Filling up the DagBag from /home/airflow/.local/lib/python3.12/site-packages/airflow/example_dags/example_branch_operator.py
[2024-08-20T03:35:46.807+0000] {processor.py:925} INFO - DAG(s) 'example_branch_operator' retrieved from /home/airflow/.local/lib/python3.12/site-packages/airflow/example_dags/example_branch_operator.py
[2024-08-20T03:35:46.846+0000] {logging_mixin.py:190} INFO - [2024-08-20T03:35:46.846+0000] {dag.py:3211} INFO - Sync 1 DAGs
[2024-08-20T03:35:46.875+0000] {logging_mixin.py:190} INFO - [2024-08-20T03:35:46.874+0000] {dag.py:4138} INFO - Setting next_dagrun for example_branch_operator to 2024-08-19 00:00:00+00:00, run_after=2024-08-20 00:00:00+00:00
[2024-08-20T03:35:46.904+0000] {processor.py:208} INFO - Processing /home/airflow/.local/lib/python3.12/site-packages/airflow/example_dags/example_branch_operator.py took 0.129 seconds
[2024-08-20T03:36:17.309+0000] {processor.py:186} INFO - Started process (PID=2529) to work on /home/airflow/.local/lib/python3.12/site-packages/airflow/example_dags/example_branch_operator.py
[2024-08-20T03:36:17.310+0000] {processor.py:914} INFO - Processing file /home/airflow/.local/lib/python3.12/site-packages/airflow/example_dags/example_branch_operator.py for tasks to queue
[2024-08-20T03:36:17.313+0000] {logging_mixin.py:190} INFO - [2024-08-20T03:36:17.312+0000] {dagbag.py:587} INFO - Filling up the DagBag from /home/airflow/.local/lib/python3.12/site-packages/airflow/example_dags/example_branch_operator.py
[2024-08-20T03:36:17.335+0000] {processor.py:925} INFO - DAG(s) 'example_branch_operator' retrieved from /home/airflow/.local/lib/python3.12/site-packages/airflow/example_dags/example_branch_operator.py
[2024-08-20T03:36:17.387+0000] {logging_mixin.py:190} INFO - [2024-08-20T03:36:17.387+0000] {dag.py:3211} INFO - Sync 1 DAGs
[2024-08-20T03:36:17.424+0000] {logging_mixin.py:190} INFO - [2024-08-20T03:36:17.424+0000] {dag.py:4138} INFO - Setting next_dagrun for example_branch_operator to 2024-08-19 00:00:00+00:00, run_after=2024-08-20 00:00:00+00:00
[2024-08-20T03:36:17.458+0000] {processor.py:208} INFO - Processing /home/airflow/.local/lib/python3.12/site-packages/airflow/example_dags/example_branch_operator.py took 0.157 seconds
[2024-08-20T03:36:47.778+0000] {processor.py:186} INFO - Started process (PID=2815) to work on /home/airflow/.local/lib/python3.12/site-packages/airflow/example_dags/example_branch_operator.py
[2024-08-20T03:36:47.779+0000] {processor.py:914} INFO - Processing file /home/airflow/.local/lib/python3.12/site-packages/airflow/example_dags/example_branch_operator.py for tasks to queue
[2024-08-20T03:36:47.782+0000] {logging_mixin.py:190} INFO - [2024-08-20T03:36:47.782+0000] {dagbag.py:587} INFO - Filling up the DagBag from /home/airflow/.local/lib/python3.12/site-packages/airflow/example_dags/example_branch_operator.py
[2024-08-20T03:36:47.802+0000] {processor.py:925} INFO - DAG(s) 'example_branch_operator' retrieved from /home/airflow/.local/lib/python3.12/site-packages/airflow/example_dags/example_branch_operator.py
[2024-08-20T03:36:47.835+0000] {logging_mixin.py:190} INFO - [2024-08-20T03:36:47.835+0000] {dag.py:3211} INFO - Sync 1 DAGs
[2024-08-20T03:36:47.864+0000] {logging_mixin.py:190} INFO - [2024-08-20T03:36:47.863+0000] {dag.py:4138} INFO - Setting next_dagrun for example_branch_operator to 2024-08-19 00:00:00+00:00, run_after=2024-08-20 00:00:00+00:00
[2024-08-20T03:36:47.892+0000] {processor.py:208} INFO - Processing /home/airflow/.local/lib/python3.12/site-packages/airflow/example_dags/example_branch_operator.py took 0.120 seconds
[2024-08-20T03:37:18.233+0000] {processor.py:186} INFO - Started process (PID=3103) to work on /home/airflow/.local/lib/python3.12/site-packages/airflow/example_dags/example_branch_operator.py
[2024-08-20T03:37:18.235+0000] {processor.py:914} INFO - Processing file /home/airflow/.local/lib/python3.12/site-packages/airflow/example_dags/example_branch_operator.py for tasks to queue
[2024-08-20T03:37:18.239+0000] {logging_mixin.py:190} INFO - [2024-08-20T03:37:18.238+0000] {dagbag.py:587} INFO - Filling up the DagBag from /home/airflow/.local/lib/python3.12/site-packages/airflow/example_dags/example_branch_operator.py
[2024-08-20T03:37:18.260+0000] {processor.py:925} INFO - DAG(s) 'example_branch_operator' retrieved from /home/airflow/.local/lib/python3.12/site-packages/airflow/example_dags/example_branch_operator.py
[2024-08-20T03:37:18.294+0000] {logging_mixin.py:190} INFO - [2024-08-20T03:37:18.294+0000] {dag.py:3211} INFO - Sync 1 DAGs
[2024-08-20T03:37:18.323+0000] {logging_mixin.py:190} INFO - [2024-08-20T03:37:18.322+0000] {dag.py:4138} INFO - Setting next_dagrun for example_branch_operator to 2024-08-19 00:00:00+00:00, run_after=2024-08-20 00:00:00+00:00
[2024-08-20T03:37:18.345+0000] {processor.py:208} INFO - Processing /home/airflow/.local/lib/python3.12/site-packages/airflow/example_dags/example_branch_operator.py took 0.118 seconds
[2024-08-20T03:37:48.400+0000] {processor.py:186} INFO - Started process (PID=3387) to work on /home/airflow/.local/lib/python3.12/site-packages/airflow/example_dags/example_branch_operator.py
[2024-08-20T03:37:48.401+0000] {processor.py:914} INFO - Processing file /home/airflow/.local/lib/python3.12/site-packages/airflow/example_dags/example_branch_operator.py for tasks to queue
[2024-08-20T03:37:48.403+0000] {logging_mixin.py:190} INFO - [2024-08-20T03:37:48.403+0000] {dagbag.py:587} INFO - Filling up the DagBag from /home/airflow/.local/lib/python3.12/site-packages/airflow/example_dags/example_branch_operator.py
[2024-08-20T03:37:48.422+0000] {processor.py:925} INFO - DAG(s) 'example_branch_operator' retrieved from /home/airflow/.local/lib/python3.12/site-packages/airflow/example_dags/example_branch_operator.py
[2024-08-20T03:37:48.452+0000] {logging_mixin.py:190} INFO - [2024-08-20T03:37:48.452+0000] {dag.py:3211} INFO - Sync 1 DAGs
[2024-08-20T03:37:48.477+0000] {logging_mixin.py:190} INFO - [2024-08-20T03:37:48.477+0000] {dag.py:4138} INFO - Setting next_dagrun for example_branch_operator to 2024-08-19 00:00:00+00:00, run_after=2024-08-20 00:00:00+00:00
[2024-08-20T03:37:48.501+0000] {processor.py:208} INFO - Processing /home/airflow/.local/lib/python3.12/site-packages/airflow/example_dags/example_branch_operator.py took 0.109 seconds
[2024-08-20T03:38:19.136+0000] {processor.py:186} INFO - Started process (PID=3673) to work on /home/airflow/.local/lib/python3.12/site-packages/airflow/example_dags/example_branch_operator.py
[2024-08-20T03:38:19.137+0000] {processor.py:914} INFO - Processing file /home/airflow/.local/lib/python3.12/site-packages/airflow/example_dags/example_branch_operator.py for tasks to queue
[2024-08-20T03:38:19.140+0000] {logging_mixin.py:190} INFO - [2024-08-20T03:38:19.139+0000] {dagbag.py:587} INFO - Filling up the DagBag from /home/airflow/.local/lib/python3.12/site-packages/airflow/example_dags/example_branch_operator.py
[2024-08-20T03:38:19.159+0000] {processor.py:925} INFO - DAG(s) 'example_branch_operator' retrieved from /home/airflow/.local/lib/python3.12/site-packages/airflow/example_dags/example_branch_operator.py
[2024-08-20T03:38:19.193+0000] {logging_mixin.py:190} INFO - [2024-08-20T03:38:19.193+0000] {dag.py:3211} INFO - Sync 1 DAGs
[2024-08-20T03:38:19.220+0000] {logging_mixin.py:190} INFO - [2024-08-20T03:38:19.220+0000] {dag.py:4138} INFO - Setting next_dagrun for example_branch_operator to 2024-08-19 00:00:00+00:00, run_after=2024-08-20 00:00:00+00:00
[2024-08-20T03:38:19.244+0000] {processor.py:208} INFO - Processing /home/airflow/.local/lib/python3.12/site-packages/airflow/example_dags/example_branch_operator.py took 0.115 seconds
[2024-08-20T03:38:49.340+0000] {processor.py:186} INFO - Started process (PID=3959) to work on /home/airflow/.local/lib/python3.12/site-packages/airflow/example_dags/example_branch_operator.py
[2024-08-20T03:38:49.341+0000] {processor.py:914} INFO - Processing file /home/airflow/.local/lib/python3.12/site-packages/airflow/example_dags/example_branch_operator.py for tasks to queue
[2024-08-20T03:38:49.344+0000] {logging_mixin.py:190} INFO - [2024-08-20T03:38:49.343+0000] {dagbag.py:587} INFO - Filling up the DagBag from /home/airflow/.local/lib/python3.12/site-packages/airflow/example_dags/example_branch_operator.py
[2024-08-20T03:38:49.362+0000] {processor.py:925} INFO - DAG(s) 'example_branch_operator' retrieved from /home/airflow/.local/lib/python3.12/site-packages/airflow/example_dags/example_branch_operator.py
[2024-08-20T03:38:49.391+0000] {logging_mixin.py:190} INFO - [2024-08-20T03:38:49.391+0000] {dag.py:3211} INFO - Sync 1 DAGs
[2024-08-20T03:38:49.418+0000] {logging_mixin.py:190} INFO - [2024-08-20T03:38:49.418+0000] {dag.py:4138} INFO - Setting next_dagrun for example_branch_operator to 2024-08-19 00:00:00+00:00, run_after=2024-08-20 00:00:00+00:00
[2024-08-20T03:38:49.440+0000] {processor.py:208} INFO - Processing /home/airflow/.local/lib/python3.12/site-packages/airflow/example_dags/example_branch_operator.py took 0.107 seconds
[2024-08-20T03:39:19.738+0000] {processor.py:186} INFO - Started process (PID=4245) to work on /home/airflow/.local/lib/python3.12/site-packages/airflow/example_dags/example_branch_operator.py
[2024-08-20T03:39:19.739+0000] {processor.py:914} INFO - Processing file /home/airflow/.local/lib/python3.12/site-packages/airflow/example_dags/example_branch_operator.py for tasks to queue
[2024-08-20T03:39:19.742+0000] {logging_mixin.py:190} INFO - [2024-08-20T03:39:19.741+0000] {dagbag.py:587} INFO - Filling up the DagBag from /home/airflow/.local/lib/python3.12/site-packages/airflow/example_dags/example_branch_operator.py
[2024-08-20T03:39:19.761+0000] {processor.py:925} INFO - DAG(s) 'example_branch_operator' retrieved from /home/airflow/.local/lib/python3.12/site-packages/airflow/example_dags/example_branch_operator.py
[2024-08-20T03:39:19.790+0000] {logging_mixin.py:190} INFO - [2024-08-20T03:39:19.790+0000] {dag.py:3211} INFO - Sync 1 DAGs
[2024-08-20T03:39:19.816+0000] {logging_mixin.py:190} INFO - [2024-08-20T03:39:19.816+0000] {dag.py:4138} INFO - Setting next_dagrun for example_branch_operator to 2024-08-19 00:00:00+00:00, run_after=2024-08-20 00:00:00+00:00
[2024-08-20T03:39:19.839+0000] {processor.py:208} INFO - Processing /home/airflow/.local/lib/python3.12/site-packages/airflow/example_dags/example_branch_operator.py took 0.108 seconds
[2024-08-20T03:39:50.114+0000] {processor.py:186} INFO - Started process (PID=4531) to work on /home/airflow/.local/lib/python3.12/site-packages/airflow/example_dags/example_branch_operator.py
[2024-08-20T03:39:50.115+0000] {processor.py:914} INFO - Processing file /home/airflow/.local/lib/python3.12/site-packages/airflow/example_dags/example_branch_operator.py for tasks to queue
[2024-08-20T03:39:50.118+0000] {logging_mixin.py:190} INFO - [2024-08-20T03:39:50.117+0000] {dagbag.py:587} INFO - Filling up the DagBag from /home/airflow/.local/lib/python3.12/site-packages/airflow/example_dags/example_branch_operator.py
[2024-08-20T03:39:50.137+0000] {processor.py:925} INFO - DAG(s) 'example_branch_operator' retrieved from /home/airflow/.local/lib/python3.12/site-packages/airflow/example_dags/example_branch_operator.py
[2024-08-20T03:39:50.167+0000] {logging_mixin.py:190} INFO - [2024-08-20T03:39:50.166+0000] {dag.py:3211} INFO - Sync 1 DAGs
[2024-08-20T03:39:50.197+0000] {logging_mixin.py:190} INFO - [2024-08-20T03:39:50.197+0000] {dag.py:4138} INFO - Setting next_dagrun for example_branch_operator to 2024-08-19 00:00:00+00:00, run_after=2024-08-20 00:00:00+00:00
[2024-08-20T03:39:50.223+0000] {processor.py:208} INFO - Processing /home/airflow/.local/lib/python3.12/site-packages/airflow/example_dags/example_branch_operator.py took 0.115 seconds
[2024-08-20T03:40:20.314+0000] {processor.py:186} INFO - Started process (PID=4817) to work on /home/airflow/.local/lib/python3.12/site-packages/airflow/example_dags/example_branch_operator.py
[2024-08-20T03:40:20.315+0000] {processor.py:914} INFO - Processing file /home/airflow/.local/lib/python3.12/site-packages/airflow/example_dags/example_branch_operator.py for tasks to queue
[2024-08-20T03:40:20.318+0000] {logging_mixin.py:190} INFO - [2024-08-20T03:40:20.318+0000] {dagbag.py:587} INFO - Filling up the DagBag from /home/airflow/.local/lib/python3.12/site-packages/airflow/example_dags/example_branch_operator.py
[2024-08-20T03:40:20.337+0000] {processor.py:925} INFO - DAG(s) 'example_branch_operator' retrieved from /home/airflow/.local/lib/python3.12/site-packages/airflow/example_dags/example_branch_operator.py
[2024-08-20T03:40:20.370+0000] {logging_mixin.py:190} INFO - [2024-08-20T03:40:20.370+0000] {dag.py:3211} INFO - Sync 1 DAGs
[2024-08-20T03:40:20.397+0000] {logging_mixin.py:190} INFO - [2024-08-20T03:40:20.397+0000] {dag.py:4138} INFO - Setting next_dagrun for example_branch_operator to 2024-08-19 00:00:00+00:00, run_after=2024-08-20 00:00:00+00:00
[2024-08-20T03:40:20.422+0000] {processor.py:208} INFO - Processing /home/airflow/.local/lib/python3.12/site-packages/airflow/example_dags/example_branch_operator.py took 0.114 seconds
[2024-08-20T03:40:50.607+0000] {processor.py:186} INFO - Started process (PID=5098) to work on /home/airflow/.local/lib/python3.12/site-packages/airflow/example_dags/example_branch_operator.py
[2024-08-20T03:40:50.608+0000] {processor.py:914} INFO - Processing file /home/airflow/.local/lib/python3.12/site-packages/airflow/example_dags/example_branch_operator.py for tasks to queue
[2024-08-20T03:40:50.611+0000] {logging_mixin.py:190} INFO - [2024-08-20T03:40:50.610+0000] {dagbag.py:587} INFO - Filling up the DagBag from /home/airflow/.local/lib/python3.12/site-packages/airflow/example_dags/example_branch_operator.py
[2024-08-20T03:40:50.650+0000] {processor.py:925} INFO - DAG(s) 'example_branch_operator' retrieved from /home/airflow/.local/lib/python3.12/site-packages/airflow/example_dags/example_branch_operator.py
[2024-08-20T03:40:50.696+0000] {logging_mixin.py:190} INFO - [2024-08-20T03:40:50.696+0000] {dag.py:3211} INFO - Sync 1 DAGs
[2024-08-20T03:40:50.725+0000] {logging_mixin.py:190} INFO - [2024-08-20T03:40:50.725+0000] {dag.py:4138} INFO - Setting next_dagrun for example_branch_operator to 2024-08-19 00:00:00+00:00, run_after=2024-08-20 00:00:00+00:00
[2024-08-20T03:40:50.750+0000] {processor.py:208} INFO - Processing /home/airflow/.local/lib/python3.12/site-packages/airflow/example_dags/example_branch_operator.py took 0.152 seconds
[2024-08-20T03:41:21.298+0000] {processor.py:186} INFO - Started process (PID=5389) to work on /home/airflow/.local/lib/python3.12/site-packages/airflow/example_dags/example_branch_operator.py
[2024-08-20T03:41:21.299+0000] {processor.py:914} INFO - Processing file /home/airflow/.local/lib/python3.12/site-packages/airflow/example_dags/example_branch_operator.py for tasks to queue
[2024-08-20T03:41:21.302+0000] {logging_mixin.py:190} INFO - [2024-08-20T03:41:21.301+0000] {dagbag.py:587} INFO - Filling up the DagBag from /home/airflow/.local/lib/python3.12/site-packages/airflow/example_dags/example_branch_operator.py
[2024-08-20T03:41:21.322+0000] {processor.py:925} INFO - DAG(s) 'example_branch_operator' retrieved from /home/airflow/.local/lib/python3.12/site-packages/airflow/example_dags/example_branch_operator.py
[2024-08-20T03:41:21.352+0000] {logging_mixin.py:190} INFO - [2024-08-20T03:41:21.352+0000] {dag.py:3211} INFO - Sync 1 DAGs
[2024-08-20T03:41:21.377+0000] {logging_mixin.py:190} INFO - [2024-08-20T03:41:21.376+0000] {dag.py:4138} INFO - Setting next_dagrun for example_branch_operator to 2024-08-19 00:00:00+00:00, run_after=2024-08-20 00:00:00+00:00
[2024-08-20T03:41:21.398+0000] {processor.py:208} INFO - Processing /home/airflow/.local/lib/python3.12/site-packages/airflow/example_dags/example_branch_operator.py took 0.109 seconds
[2024-08-20T03:41:51.542+0000] {processor.py:186} INFO - Started process (PID=5675) to work on /home/airflow/.local/lib/python3.12/site-packages/airflow/example_dags/example_branch_operator.py
[2024-08-20T03:41:51.543+0000] {processor.py:914} INFO - Processing file /home/airflow/.local/lib/python3.12/site-packages/airflow/example_dags/example_branch_operator.py for tasks to queue
[2024-08-20T03:41:51.546+0000] {logging_mixin.py:190} INFO - [2024-08-20T03:41:51.546+0000] {dagbag.py:587} INFO - Filling up the DagBag from /home/airflow/.local/lib/python3.12/site-packages/airflow/example_dags/example_branch_operator.py
[2024-08-20T03:41:51.565+0000] {processor.py:925} INFO - DAG(s) 'example_branch_operator' retrieved from /home/airflow/.local/lib/python3.12/site-packages/airflow/example_dags/example_branch_operator.py
[2024-08-20T03:41:51.594+0000] {logging_mixin.py:190} INFO - [2024-08-20T03:41:51.593+0000] {dag.py:3211} INFO - Sync 1 DAGs
[2024-08-20T03:41:51.619+0000] {logging_mixin.py:190} INFO - [2024-08-20T03:41:51.619+0000] {dag.py:4138} INFO - Setting next_dagrun for example_branch_operator to 2024-08-19 00:00:00+00:00, run_after=2024-08-20 00:00:00+00:00
[2024-08-20T03:41:51.642+0000] {processor.py:208} INFO - Processing /home/airflow/.local/lib/python3.12/site-packages/airflow/example_dags/example_branch_operator.py took 0.106 seconds
