[2024-08-20T03:32:18.754+0000] {processor.py:186} INFO - Started process (PID=426) to work on /home/airflow/.local/lib/python3.12/site-packages/airflow/example_dags/example_display_name.py
[2024-08-20T03:32:18.755+0000] {processor.py:914} INFO - Processing file /home/airflow/.local/lib/python3.12/site-packages/airflow/example_dags/example_display_name.py for tasks to queue
[2024-08-20T03:32:18.758+0000] {logging_mixin.py:190} INFO - [2024-08-20T03:32:18.758+0000] {dagbag.py:587} INFO - Filling up the DagBag from /home/airflow/.local/lib/python3.12/site-packages/airflow/example_dags/example_display_name.py
[2024-08-20T03:32:18.767+0000] {processor.py:925} INFO - DAG(s) 'example_display_name' retrieved from /home/airflow/.local/lib/python3.12/site-packages/airflow/example_dags/example_display_name.py
[2024-08-20T03:32:18.894+0000] {logging_mixin.py:190} INFO - [2024-08-20T03:32:18.893+0000] {override.py:1858} INFO - Created Permission View: can read on DAG:example_display_name
[2024-08-20T03:32:18.910+0000] {logging_mixin.py:190} INFO - [2024-08-20T03:32:18.909+0000] {override.py:1858} INFO - Created Permission View: can delete on DAG:example_display_name
[2024-08-20T03:32:18.923+0000] {logging_mixin.py:190} INFO - [2024-08-20T03:32:18.922+0000] {override.py:1858} INFO - Created Permission View: can edit on DAG:example_display_name
[2024-08-20T03:32:18.923+0000] {logging_mixin.py:190} INFO - [2024-08-20T03:32:18.923+0000] {dag.py:3211} INFO - Sync 1 DAGs
[2024-08-20T03:32:18.945+0000] {logging_mixin.py:190} INFO - [2024-08-20T03:32:18.945+0000] {dag.py:3234} INFO - Creating ORM DAG for example_display_name
[2024-08-20T03:32:18.947+0000] {logging_mixin.py:190} INFO - [2024-08-20T03:32:18.946+0000] {dag.py:4138} INFO - Setting next_dagrun for example_display_name to None, run_after=None
[2024-08-20T03:32:18.973+0000] {processor.py:208} INFO - Processing /home/airflow/.local/lib/python3.12/site-packages/airflow/example_dags/example_display_name.py took 0.226 seconds
[2024-08-20T03:32:49.077+0000] {processor.py:186} INFO - Started process (PID=707) to work on /home/airflow/.local/lib/python3.12/site-packages/airflow/example_dags/example_display_name.py
[2024-08-20T03:32:49.078+0000] {processor.py:914} INFO - Processing file /home/airflow/.local/lib/python3.12/site-packages/airflow/example_dags/example_display_name.py for tasks to queue
[2024-08-20T03:32:49.081+0000] {logging_mixin.py:190} INFO - [2024-08-20T03:32:49.080+0000] {dagbag.py:587} INFO - Filling up the DagBag from /home/airflow/.local/lib/python3.12/site-packages/airflow/example_dags/example_display_name.py
[2024-08-20T03:32:49.089+0000] {processor.py:925} INFO - DAG(s) 'example_display_name' retrieved from /home/airflow/.local/lib/python3.12/site-packages/airflow/example_dags/example_display_name.py
[2024-08-20T03:32:49.109+0000] {logging_mixin.py:190} INFO - [2024-08-20T03:32:49.109+0000] {dag.py:3211} INFO - Sync 1 DAGs
[2024-08-20T03:32:49.126+0000] {logging_mixin.py:190} INFO - [2024-08-20T03:32:49.126+0000] {dag.py:4138} INFO - Setting next_dagrun for example_display_name to None, run_after=None
[2024-08-20T03:32:49.153+0000] {processor.py:208} INFO - Processing /home/airflow/.local/lib/python3.12/site-packages/airflow/example_dags/example_display_name.py took 0.083 seconds
[2024-08-20T03:33:19.957+0000] {processor.py:186} INFO - Started process (PID=998) to work on /home/airflow/.local/lib/python3.12/site-packages/airflow/example_dags/example_display_name.py
[2024-08-20T03:33:19.958+0000] {processor.py:914} INFO - Processing file /home/airflow/.local/lib/python3.12/site-packages/airflow/example_dags/example_display_name.py for tasks to queue
[2024-08-20T03:33:19.961+0000] {logging_mixin.py:190} INFO - [2024-08-20T03:33:19.960+0000] {dagbag.py:587} INFO - Filling up the DagBag from /home/airflow/.local/lib/python3.12/site-packages/airflow/example_dags/example_display_name.py
[2024-08-20T03:33:19.972+0000] {processor.py:925} INFO - DAG(s) 'example_display_name' retrieved from /home/airflow/.local/lib/python3.12/site-packages/airflow/example_dags/example_display_name.py
[2024-08-20T03:33:20.021+0000] {logging_mixin.py:190} INFO - [2024-08-20T03:33:20.021+0000] {dag.py:3211} INFO - Sync 1 DAGs
[2024-08-20T03:33:20.041+0000] {logging_mixin.py:190} INFO - [2024-08-20T03:33:20.041+0000] {dag.py:4138} INFO - Setting next_dagrun for example_display_name to None, run_after=None
[2024-08-20T03:33:20.069+0000] {processor.py:208} INFO - Processing /home/airflow/.local/lib/python3.12/site-packages/airflow/example_dags/example_display_name.py took 0.119 seconds
[2024-08-20T03:33:50.309+0000] {processor.py:186} INFO - Started process (PID=1284) to work on /home/airflow/.local/lib/python3.12/site-packages/airflow/example_dags/example_display_name.py
[2024-08-20T03:33:50.310+0000] {processor.py:914} INFO - Processing file /home/airflow/.local/lib/python3.12/site-packages/airflow/example_dags/example_display_name.py for tasks to queue
[2024-08-20T03:33:50.314+0000] {logging_mixin.py:190} INFO - [2024-08-20T03:33:50.313+0000] {dagbag.py:587} INFO - Filling up the DagBag from /home/airflow/.local/lib/python3.12/site-packages/airflow/example_dags/example_display_name.py
[2024-08-20T03:33:50.322+0000] {processor.py:925} INFO - DAG(s) 'example_display_name' retrieved from /home/airflow/.local/lib/python3.12/site-packages/airflow/example_dags/example_display_name.py
[2024-08-20T03:33:50.346+0000] {logging_mixin.py:190} INFO - [2024-08-20T03:33:50.346+0000] {dag.py:3211} INFO - Sync 1 DAGs
[2024-08-20T03:33:50.363+0000] {logging_mixin.py:190} INFO - [2024-08-20T03:33:50.363+0000] {dag.py:4138} INFO - Setting next_dagrun for example_display_name to None, run_after=None
[2024-08-20T03:33:50.391+0000] {processor.py:208} INFO - Processing /home/airflow/.local/lib/python3.12/site-packages/airflow/example_dags/example_display_name.py took 0.088 seconds
[2024-08-20T03:34:20.909+0000] {processor.py:186} INFO - Started process (PID=1565) to work on /home/airflow/.local/lib/python3.12/site-packages/airflow/example_dags/example_display_name.py
[2024-08-20T03:34:20.911+0000] {processor.py:914} INFO - Processing file /home/airflow/.local/lib/python3.12/site-packages/airflow/example_dags/example_display_name.py for tasks to queue
[2024-08-20T03:34:20.914+0000] {logging_mixin.py:190} INFO - [2024-08-20T03:34:20.913+0000] {dagbag.py:587} INFO - Filling up the DagBag from /home/airflow/.local/lib/python3.12/site-packages/airflow/example_dags/example_display_name.py
[2024-08-20T03:34:20.923+0000] {processor.py:925} INFO - DAG(s) 'example_display_name' retrieved from /home/airflow/.local/lib/python3.12/site-packages/airflow/example_dags/example_display_name.py
[2024-08-20T03:34:20.945+0000] {logging_mixin.py:190} INFO - [2024-08-20T03:34:20.945+0000] {dag.py:3211} INFO - Sync 1 DAGs
[2024-08-20T03:34:20.961+0000] {logging_mixin.py:190} INFO - [2024-08-20T03:34:20.961+0000] {dag.py:4138} INFO - Setting next_dagrun for example_display_name to None, run_after=None
[2024-08-20T03:34:20.987+0000] {processor.py:208} INFO - Processing /home/airflow/.local/lib/python3.12/site-packages/airflow/example_dags/example_display_name.py took 0.084 seconds
[2024-08-20T03:34:51.529+0000] {processor.py:186} INFO - Started process (PID=1851) to work on /home/airflow/.local/lib/python3.12/site-packages/airflow/example_dags/example_display_name.py
[2024-08-20T03:34:51.530+0000] {processor.py:914} INFO - Processing file /home/airflow/.local/lib/python3.12/site-packages/airflow/example_dags/example_display_name.py for tasks to queue
[2024-08-20T03:34:51.534+0000] {logging_mixin.py:190} INFO - [2024-08-20T03:34:51.533+0000] {dagbag.py:587} INFO - Filling up the DagBag from /home/airflow/.local/lib/python3.12/site-packages/airflow/example_dags/example_display_name.py
[2024-08-20T03:34:51.544+0000] {processor.py:925} INFO - DAG(s) 'example_display_name' retrieved from /home/airflow/.local/lib/python3.12/site-packages/airflow/example_dags/example_display_name.py
[2024-08-20T03:34:51.567+0000] {logging_mixin.py:190} INFO - [2024-08-20T03:34:51.566+0000] {dag.py:3211} INFO - Sync 1 DAGs
[2024-08-20T03:34:51.583+0000] {logging_mixin.py:190} INFO - [2024-08-20T03:34:51.582+0000] {dag.py:4138} INFO - Setting next_dagrun for example_display_name to None, run_after=None
[2024-08-20T03:34:51.611+0000] {processor.py:208} INFO - Processing /home/airflow/.local/lib/python3.12/site-packages/airflow/example_dags/example_display_name.py took 0.090 seconds
[2024-08-20T03:35:22.087+0000] {processor.py:186} INFO - Started process (PID=2142) to work on /home/airflow/.local/lib/python3.12/site-packages/airflow/example_dags/example_display_name.py
[2024-08-20T03:35:22.089+0000] {processor.py:914} INFO - Processing file /home/airflow/.local/lib/python3.12/site-packages/airflow/example_dags/example_display_name.py for tasks to queue
[2024-08-20T03:35:22.092+0000] {logging_mixin.py:190} INFO - [2024-08-20T03:35:22.092+0000] {dagbag.py:587} INFO - Filling up the DagBag from /home/airflow/.local/lib/python3.12/site-packages/airflow/example_dags/example_display_name.py
[2024-08-20T03:35:22.100+0000] {processor.py:925} INFO - DAG(s) 'example_display_name' retrieved from /home/airflow/.local/lib/python3.12/site-packages/airflow/example_dags/example_display_name.py
[2024-08-20T03:35:22.120+0000] {logging_mixin.py:190} INFO - [2024-08-20T03:35:22.119+0000] {dag.py:3211} INFO - Sync 1 DAGs
[2024-08-20T03:35:22.135+0000] {logging_mixin.py:190} INFO - [2024-08-20T03:35:22.135+0000] {dag.py:4138} INFO - Setting next_dagrun for example_display_name to None, run_after=None
[2024-08-20T03:35:22.175+0000] {processor.py:208} INFO - Processing /home/airflow/.local/lib/python3.12/site-packages/airflow/example_dags/example_display_name.py took 0.096 seconds
[2024-08-20T03:35:52.703+0000] {processor.py:186} INFO - Started process (PID=2428) to work on /home/airflow/.local/lib/python3.12/site-packages/airflow/example_dags/example_display_name.py
[2024-08-20T03:35:52.704+0000] {processor.py:914} INFO - Processing file /home/airflow/.local/lib/python3.12/site-packages/airflow/example_dags/example_display_name.py for tasks to queue
[2024-08-20T03:35:52.711+0000] {logging_mixin.py:190} INFO - [2024-08-20T03:35:52.710+0000] {dagbag.py:587} INFO - Filling up the DagBag from /home/airflow/.local/lib/python3.12/site-packages/airflow/example_dags/example_display_name.py
[2024-08-20T03:35:52.718+0000] {processor.py:925} INFO - DAG(s) 'example_display_name' retrieved from /home/airflow/.local/lib/python3.12/site-packages/airflow/example_dags/example_display_name.py
[2024-08-20T03:35:52.738+0000] {logging_mixin.py:190} INFO - [2024-08-20T03:35:52.738+0000] {dag.py:3211} INFO - Sync 1 DAGs
[2024-08-20T03:35:52.753+0000] {logging_mixin.py:190} INFO - [2024-08-20T03:35:52.753+0000] {dag.py:4138} INFO - Setting next_dagrun for example_display_name to None, run_after=None
[2024-08-20T03:35:52.795+0000] {processor.py:208} INFO - Processing /home/airflow/.local/lib/python3.12/site-packages/airflow/example_dags/example_display_name.py took 0.098 seconds
[2024-08-20T03:36:23.291+0000] {processor.py:186} INFO - Started process (PID=2714) to work on /home/airflow/.local/lib/python3.12/site-packages/airflow/example_dags/example_display_name.py
[2024-08-20T03:36:23.292+0000] {processor.py:914} INFO - Processing file /home/airflow/.local/lib/python3.12/site-packages/airflow/example_dags/example_display_name.py for tasks to queue
[2024-08-20T03:36:23.295+0000] {logging_mixin.py:190} INFO - [2024-08-20T03:36:23.294+0000] {dagbag.py:587} INFO - Filling up the DagBag from /home/airflow/.local/lib/python3.12/site-packages/airflow/example_dags/example_display_name.py
[2024-08-20T03:36:23.303+0000] {processor.py:925} INFO - DAG(s) 'example_display_name' retrieved from /home/airflow/.local/lib/python3.12/site-packages/airflow/example_dags/example_display_name.py
[2024-08-20T03:36:23.324+0000] {logging_mixin.py:190} INFO - [2024-08-20T03:36:23.324+0000] {dag.py:3211} INFO - Sync 1 DAGs
[2024-08-20T03:36:23.342+0000] {logging_mixin.py:190} INFO - [2024-08-20T03:36:23.341+0000] {dag.py:4138} INFO - Setting next_dagrun for example_display_name to None, run_after=None
[2024-08-20T03:36:23.367+0000] {processor.py:208} INFO - Processing /home/airflow/.local/lib/python3.12/site-packages/airflow/example_dags/example_display_name.py took 0.084 seconds
[2024-08-20T03:36:53.454+0000] {processor.py:186} INFO - Started process (PID=2997) to work on /home/airflow/.local/lib/python3.12/site-packages/airflow/example_dags/example_display_name.py
[2024-08-20T03:36:53.455+0000] {processor.py:914} INFO - Processing file /home/airflow/.local/lib/python3.12/site-packages/airflow/example_dags/example_display_name.py for tasks to queue
[2024-08-20T03:36:53.458+0000] {logging_mixin.py:190} INFO - [2024-08-20T03:36:53.458+0000] {dagbag.py:587} INFO - Filling up the DagBag from /home/airflow/.local/lib/python3.12/site-packages/airflow/example_dags/example_display_name.py
[2024-08-20T03:36:53.466+0000] {processor.py:925} INFO - DAG(s) 'example_display_name' retrieved from /home/airflow/.local/lib/python3.12/site-packages/airflow/example_dags/example_display_name.py
[2024-08-20T03:36:53.485+0000] {logging_mixin.py:190} INFO - [2024-08-20T03:36:53.485+0000] {dag.py:3211} INFO - Sync 1 DAGs
[2024-08-20T03:36:53.501+0000] {logging_mixin.py:190} INFO - [2024-08-20T03:36:53.501+0000] {dag.py:4138} INFO - Setting next_dagrun for example_display_name to None, run_after=None
[2024-08-20T03:36:53.523+0000] {processor.py:208} INFO - Processing /home/airflow/.local/lib/python3.12/site-packages/airflow/example_dags/example_display_name.py took 0.076 seconds
[2024-08-20T03:37:23.855+0000] {processor.py:186} INFO - Started process (PID=3281) to work on /home/airflow/.local/lib/python3.12/site-packages/airflow/example_dags/example_display_name.py
[2024-08-20T03:37:23.856+0000] {processor.py:914} INFO - Processing file /home/airflow/.local/lib/python3.12/site-packages/airflow/example_dags/example_display_name.py for tasks to queue
[2024-08-20T03:37:23.859+0000] {logging_mixin.py:190} INFO - [2024-08-20T03:37:23.858+0000] {dagbag.py:587} INFO - Filling up the DagBag from /home/airflow/.local/lib/python3.12/site-packages/airflow/example_dags/example_display_name.py
[2024-08-20T03:37:23.867+0000] {processor.py:925} INFO - DAG(s) 'example_display_name' retrieved from /home/airflow/.local/lib/python3.12/site-packages/airflow/example_dags/example_display_name.py
[2024-08-20T03:37:23.886+0000] {logging_mixin.py:190} INFO - [2024-08-20T03:37:23.886+0000] {dag.py:3211} INFO - Sync 1 DAGs
[2024-08-20T03:37:23.902+0000] {logging_mixin.py:190} INFO - [2024-08-20T03:37:23.902+0000] {dag.py:4138} INFO - Setting next_dagrun for example_display_name to None, run_after=None
[2024-08-20T03:37:23.925+0000] {processor.py:208} INFO - Processing /home/airflow/.local/lib/python3.12/site-packages/airflow/example_dags/example_display_name.py took 0.077 seconds
[2024-08-20T03:37:54.485+0000] {processor.py:186} INFO - Started process (PID=3572) to work on /home/airflow/.local/lib/python3.12/site-packages/airflow/example_dags/example_display_name.py
[2024-08-20T03:37:54.486+0000] {processor.py:914} INFO - Processing file /home/airflow/.local/lib/python3.12/site-packages/airflow/example_dags/example_display_name.py for tasks to queue
[2024-08-20T03:37:54.489+0000] {logging_mixin.py:190} INFO - [2024-08-20T03:37:54.489+0000] {dagbag.py:587} INFO - Filling up the DagBag from /home/airflow/.local/lib/python3.12/site-packages/airflow/example_dags/example_display_name.py
[2024-08-20T03:37:54.497+0000] {processor.py:925} INFO - DAG(s) 'example_display_name' retrieved from /home/airflow/.local/lib/python3.12/site-packages/airflow/example_dags/example_display_name.py
[2024-08-20T03:37:54.521+0000] {logging_mixin.py:190} INFO - [2024-08-20T03:37:54.520+0000] {dag.py:3211} INFO - Sync 1 DAGs
[2024-08-20T03:37:54.537+0000] {logging_mixin.py:190} INFO - [2024-08-20T03:37:54.537+0000] {dag.py:4138} INFO - Setting next_dagrun for example_display_name to None, run_after=None
[2024-08-20T03:37:54.560+0000] {processor.py:208} INFO - Processing /home/airflow/.local/lib/python3.12/site-packages/airflow/example_dags/example_display_name.py took 0.081 seconds
[2024-08-20T03:38:24.735+0000] {processor.py:186} INFO - Started process (PID=3858) to work on /home/airflow/.local/lib/python3.12/site-packages/airflow/example_dags/example_display_name.py
[2024-08-20T03:38:24.736+0000] {processor.py:914} INFO - Processing file /home/airflow/.local/lib/python3.12/site-packages/airflow/example_dags/example_display_name.py for tasks to queue
[2024-08-20T03:38:24.739+0000] {logging_mixin.py:190} INFO - [2024-08-20T03:38:24.739+0000] {dagbag.py:587} INFO - Filling up the DagBag from /home/airflow/.local/lib/python3.12/site-packages/airflow/example_dags/example_display_name.py
[2024-08-20T03:38:24.748+0000] {processor.py:925} INFO - DAG(s) 'example_display_name' retrieved from /home/airflow/.local/lib/python3.12/site-packages/airflow/example_dags/example_display_name.py
[2024-08-20T03:38:24.767+0000] {logging_mixin.py:190} INFO - [2024-08-20T03:38:24.767+0000] {dag.py:3211} INFO - Sync 1 DAGs
[2024-08-20T03:38:24.783+0000] {logging_mixin.py:190} INFO - [2024-08-20T03:38:24.783+0000] {dag.py:4138} INFO - Setting next_dagrun for example_display_name to None, run_after=None
[2024-08-20T03:38:24.808+0000] {processor.py:208} INFO - Processing /home/airflow/.local/lib/python3.12/site-packages/airflow/example_dags/example_display_name.py took 0.079 seconds
[2024-08-20T03:38:55.218+0000] {processor.py:186} INFO - Started process (PID=4144) to work on /home/airflow/.local/lib/python3.12/site-packages/airflow/example_dags/example_display_name.py
[2024-08-20T03:38:55.219+0000] {processor.py:914} INFO - Processing file /home/airflow/.local/lib/python3.12/site-packages/airflow/example_dags/example_display_name.py for tasks to queue
[2024-08-20T03:38:55.222+0000] {logging_mixin.py:190} INFO - [2024-08-20T03:38:55.222+0000] {dagbag.py:587} INFO - Filling up the DagBag from /home/airflow/.local/lib/python3.12/site-packages/airflow/example_dags/example_display_name.py
[2024-08-20T03:38:55.230+0000] {processor.py:925} INFO - DAG(s) 'example_display_name' retrieved from /home/airflow/.local/lib/python3.12/site-packages/airflow/example_dags/example_display_name.py
[2024-08-20T03:38:55.250+0000] {logging_mixin.py:190} INFO - [2024-08-20T03:38:55.249+0000] {dag.py:3211} INFO - Sync 1 DAGs
[2024-08-20T03:38:55.266+0000] {logging_mixin.py:190} INFO - [2024-08-20T03:38:55.265+0000] {dag.py:4138} INFO - Setting next_dagrun for example_display_name to None, run_after=None
[2024-08-20T03:38:55.319+0000] {processor.py:208} INFO - Processing /home/airflow/.local/lib/python3.12/site-packages/airflow/example_dags/example_display_name.py took 0.107 seconds
[2024-08-20T03:39:25.586+0000] {processor.py:186} INFO - Started process (PID=4430) to work on /home/airflow/.local/lib/python3.12/site-packages/airflow/example_dags/example_display_name.py
[2024-08-20T03:39:25.587+0000] {processor.py:914} INFO - Processing file /home/airflow/.local/lib/python3.12/site-packages/airflow/example_dags/example_display_name.py for tasks to queue
[2024-08-20T03:39:25.590+0000] {logging_mixin.py:190} INFO - [2024-08-20T03:39:25.589+0000] {dagbag.py:587} INFO - Filling up the DagBag from /home/airflow/.local/lib/python3.12/site-packages/airflow/example_dags/example_display_name.py
[2024-08-20T03:39:25.598+0000] {processor.py:925} INFO - DAG(s) 'example_display_name' retrieved from /home/airflow/.local/lib/python3.12/site-packages/airflow/example_dags/example_display_name.py
[2024-08-20T03:39:25.618+0000] {logging_mixin.py:190} INFO - [2024-08-20T03:39:25.618+0000] {dag.py:3211} INFO - Sync 1 DAGs
[2024-08-20T03:39:25.634+0000] {logging_mixin.py:190} INFO - [2024-08-20T03:39:25.634+0000] {dag.py:4138} INFO - Setting next_dagrun for example_display_name to None, run_after=None
[2024-08-20T03:39:25.666+0000] {processor.py:208} INFO - Processing /home/airflow/.local/lib/python3.12/site-packages/airflow/example_dags/example_display_name.py took 0.087 seconds
[2024-08-20T03:39:55.818+0000] {processor.py:186} INFO - Started process (PID=4716) to work on /home/airflow/.local/lib/python3.12/site-packages/airflow/example_dags/example_display_name.py
[2024-08-20T03:39:55.819+0000] {processor.py:914} INFO - Processing file /home/airflow/.local/lib/python3.12/site-packages/airflow/example_dags/example_display_name.py for tasks to queue
[2024-08-20T03:39:55.822+0000] {logging_mixin.py:190} INFO - [2024-08-20T03:39:55.822+0000] {dagbag.py:587} INFO - Filling up the DagBag from /home/airflow/.local/lib/python3.12/site-packages/airflow/example_dags/example_display_name.py
[2024-08-20T03:39:55.830+0000] {processor.py:925} INFO - DAG(s) 'example_display_name' retrieved from /home/airflow/.local/lib/python3.12/site-packages/airflow/example_dags/example_display_name.py
[2024-08-20T03:39:55.850+0000] {logging_mixin.py:190} INFO - [2024-08-20T03:39:55.850+0000] {dag.py:3211} INFO - Sync 1 DAGs
[2024-08-20T03:39:55.866+0000] {logging_mixin.py:190} INFO - [2024-08-20T03:39:55.866+0000] {dag.py:4138} INFO - Setting next_dagrun for example_display_name to None, run_after=None
[2024-08-20T03:39:55.888+0000] {processor.py:208} INFO - Processing /home/airflow/.local/lib/python3.12/site-packages/airflow/example_dags/example_display_name.py took 0.076 seconds
[2024-08-20T03:40:26.194+0000] {processor.py:186} INFO - Started process (PID=5002) to work on /home/airflow/.local/lib/python3.12/site-packages/airflow/example_dags/example_display_name.py
[2024-08-20T03:40:26.195+0000] {processor.py:914} INFO - Processing file /home/airflow/.local/lib/python3.12/site-packages/airflow/example_dags/example_display_name.py for tasks to queue
[2024-08-20T03:40:26.198+0000] {logging_mixin.py:190} INFO - [2024-08-20T03:40:26.198+0000] {dagbag.py:587} INFO - Filling up the DagBag from /home/airflow/.local/lib/python3.12/site-packages/airflow/example_dags/example_display_name.py
[2024-08-20T03:40:26.209+0000] {processor.py:925} INFO - DAG(s) 'example_display_name' retrieved from /home/airflow/.local/lib/python3.12/site-packages/airflow/example_dags/example_display_name.py
[2024-08-20T03:40:26.230+0000] {logging_mixin.py:190} INFO - [2024-08-20T03:40:26.230+0000] {dag.py:3211} INFO - Sync 1 DAGs
[2024-08-20T03:40:26.254+0000] {logging_mixin.py:190} INFO - [2024-08-20T03:40:26.253+0000] {dag.py:4138} INFO - Setting next_dagrun for example_display_name to None, run_after=None
[2024-08-20T03:40:26.287+0000] {processor.py:208} INFO - Processing /home/airflow/.local/lib/python3.12/site-packages/airflow/example_dags/example_display_name.py took 0.099 seconds
[2024-08-20T03:40:56.659+0000] {processor.py:186} INFO - Started process (PID=5290) to work on /home/airflow/.local/lib/python3.12/site-packages/airflow/example_dags/example_display_name.py
[2024-08-20T03:40:56.660+0000] {processor.py:914} INFO - Processing file /home/airflow/.local/lib/python3.12/site-packages/airflow/example_dags/example_display_name.py for tasks to queue
[2024-08-20T03:40:56.663+0000] {logging_mixin.py:190} INFO - [2024-08-20T03:40:56.662+0000] {dagbag.py:587} INFO - Filling up the DagBag from /home/airflow/.local/lib/python3.12/site-packages/airflow/example_dags/example_display_name.py
[2024-08-20T03:40:56.671+0000] {processor.py:925} INFO - DAG(s) 'example_display_name' retrieved from /home/airflow/.local/lib/python3.12/site-packages/airflow/example_dags/example_display_name.py
[2024-08-20T03:40:56.690+0000] {logging_mixin.py:190} INFO - [2024-08-20T03:40:56.690+0000] {dag.py:3211} INFO - Sync 1 DAGs
[2024-08-20T03:40:56.706+0000] {logging_mixin.py:190} INFO - [2024-08-20T03:40:56.706+0000] {dag.py:4138} INFO - Setting next_dagrun for example_display_name to None, run_after=None
[2024-08-20T03:40:56.730+0000] {processor.py:208} INFO - Processing /home/airflow/.local/lib/python3.12/site-packages/airflow/example_dags/example_display_name.py took 0.077 seconds
[2024-08-20T03:41:26.922+0000] {processor.py:186} INFO - Started process (PID=5574) to work on /home/airflow/.local/lib/python3.12/site-packages/airflow/example_dags/example_display_name.py
[2024-08-20T03:41:26.923+0000] {processor.py:914} INFO - Processing file /home/airflow/.local/lib/python3.12/site-packages/airflow/example_dags/example_display_name.py for tasks to queue
[2024-08-20T03:41:26.926+0000] {logging_mixin.py:190} INFO - [2024-08-20T03:41:26.926+0000] {dagbag.py:587} INFO - Filling up the DagBag from /home/airflow/.local/lib/python3.12/site-packages/airflow/example_dags/example_display_name.py
[2024-08-20T03:41:26.938+0000] {processor.py:925} INFO - DAG(s) 'example_display_name' retrieved from /home/airflow/.local/lib/python3.12/site-packages/airflow/example_dags/example_display_name.py
[2024-08-20T03:41:26.959+0000] {logging_mixin.py:190} INFO - [2024-08-20T03:41:26.959+0000] {dag.py:3211} INFO - Sync 1 DAGs
[2024-08-20T03:41:26.977+0000] {logging_mixin.py:190} INFO - [2024-08-20T03:41:26.977+0000] {dag.py:4138} INFO - Setting next_dagrun for example_display_name to None, run_after=None
[2024-08-20T03:41:27.010+0000] {processor.py:208} INFO - Processing /home/airflow/.local/lib/python3.12/site-packages/airflow/example_dags/example_display_name.py took 0.095 seconds
[2024-08-20T03:41:57.452+0000] {processor.py:186} INFO - Started process (PID=5860) to work on /home/airflow/.local/lib/python3.12/site-packages/airflow/example_dags/example_display_name.py
[2024-08-20T03:41:57.453+0000] {processor.py:914} INFO - Processing file /home/airflow/.local/lib/python3.12/site-packages/airflow/example_dags/example_display_name.py for tasks to queue
[2024-08-20T03:41:57.456+0000] {logging_mixin.py:190} INFO - [2024-08-20T03:41:57.455+0000] {dagbag.py:587} INFO - Filling up the DagBag from /home/airflow/.local/lib/python3.12/site-packages/airflow/example_dags/example_display_name.py
[2024-08-20T03:41:57.463+0000] {processor.py:925} INFO - DAG(s) 'example_display_name' retrieved from /home/airflow/.local/lib/python3.12/site-packages/airflow/example_dags/example_display_name.py
[2024-08-20T03:41:57.488+0000] {logging_mixin.py:190} INFO - [2024-08-20T03:41:57.488+0000] {dag.py:3211} INFO - Sync 1 DAGs
[2024-08-20T03:41:57.503+0000] {logging_mixin.py:190} INFO - [2024-08-20T03:41:57.503+0000] {dag.py:4138} INFO - Setting next_dagrun for example_display_name to None, run_after=None
[2024-08-20T03:41:57.530+0000] {processor.py:208} INFO - Processing /home/airflow/.local/lib/python3.12/site-packages/airflow/example_dags/example_display_name.py took 0.085 seconds
