[2024-08-20T03:32:15.837+0000] {processor.py:186} INFO - Started process (PID=326) to work on /home/airflow/.local/lib/python3.12/site-packages/airflow/example_dags/example_xcom.py
[2024-08-20T03:32:15.838+0000] {processor.py:914} INFO - Processing file /home/airflow/.local/lib/python3.12/site-packages/airflow/example_dags/example_xcom.py for tasks to queue
[2024-08-20T03:32:15.841+0000] {logging_mixin.py:190} INFO - [2024-08-20T03:32:15.841+0000] {dagbag.py:587} INFO - Filling up the DagBag from /home/airflow/.local/lib/python3.12/site-packages/airflow/example_dags/example_xcom.py
[2024-08-20T03:32:15.853+0000] {processor.py:925} INFO - DAG(s) 'example_xcom' retrieved from /home/airflow/.local/lib/python3.12/site-packages/airflow/example_dags/example_xcom.py
[2024-08-20T03:32:15.981+0000] {logging_mixin.py:190} INFO - [2024-08-20T03:32:15.980+0000] {override.py:1858} INFO - Created Permission View: can read on DAG:example_xcom
[2024-08-20T03:32:16.000+0000] {logging_mixin.py:190} INFO - [2024-08-20T03:32:15.999+0000] {override.py:1858} INFO - Created Permission View: can delete on DAG:example_xcom
[2024-08-20T03:32:16.017+0000] {logging_mixin.py:190} INFO - [2024-08-20T03:32:16.017+0000] {override.py:1858} INFO - Created Permission View: can edit on DAG:example_xcom
[2024-08-20T03:32:16.018+0000] {logging_mixin.py:190} INFO - [2024-08-20T03:32:16.018+0000] {dag.py:3211} INFO - Sync 1 DAGs
[2024-08-20T03:32:16.039+0000] {logging_mixin.py:190} INFO - [2024-08-20T03:32:16.038+0000] {dag.py:3234} INFO - Creating ORM DAG for example_xcom
[2024-08-20T03:32:16.053+0000] {logging_mixin.py:190} INFO - [2024-08-20T03:32:16.052+0000] {dag.py:4138} INFO - Setting next_dagrun for example_xcom to 2021-01-01 00:00:00+00:00, run_after=2021-01-01 00:00:00+00:00
[2024-08-20T03:32:16.078+0000] {processor.py:208} INFO - Processing /home/airflow/.local/lib/python3.12/site-packages/airflow/example_dags/example_xcom.py took 0.248 seconds
[2024-08-20T03:32:46.261+0000] {processor.py:186} INFO - Started process (PID=612) to work on /home/airflow/.local/lib/python3.12/site-packages/airflow/example_dags/example_xcom.py
[2024-08-20T03:32:46.262+0000] {processor.py:914} INFO - Processing file /home/airflow/.local/lib/python3.12/site-packages/airflow/example_dags/example_xcom.py for tasks to queue
[2024-08-20T03:32:46.265+0000] {logging_mixin.py:190} INFO - [2024-08-20T03:32:46.265+0000] {dagbag.py:587} INFO - Filling up the DagBag from /home/airflow/.local/lib/python3.12/site-packages/airflow/example_dags/example_xcom.py
[2024-08-20T03:32:46.280+0000] {processor.py:925} INFO - DAG(s) 'example_xcom' retrieved from /home/airflow/.local/lib/python3.12/site-packages/airflow/example_dags/example_xcom.py
[2024-08-20T03:32:46.305+0000] {logging_mixin.py:190} INFO - [2024-08-20T03:32:46.304+0000] {dag.py:3211} INFO - Sync 1 DAGs
[2024-08-20T03:32:46.337+0000] {logging_mixin.py:190} INFO - [2024-08-20T03:32:46.337+0000] {dag.py:4138} INFO - Setting next_dagrun for example_xcom to 2021-01-01 00:00:00+00:00, run_after=2021-01-01 00:00:00+00:00
[2024-08-20T03:32:46.365+0000] {processor.py:208} INFO - Processing /home/airflow/.local/lib/python3.12/site-packages/airflow/example_dags/example_xcom.py took 0.112 seconds
[2024-08-20T03:33:16.480+0000] {processor.py:186} INFO - Started process (PID=898) to work on /home/airflow/.local/lib/python3.12/site-packages/airflow/example_dags/example_xcom.py
[2024-08-20T03:33:16.481+0000] {processor.py:914} INFO - Processing file /home/airflow/.local/lib/python3.12/site-packages/airflow/example_dags/example_xcom.py for tasks to queue
[2024-08-20T03:33:16.484+0000] {logging_mixin.py:190} INFO - [2024-08-20T03:33:16.483+0000] {dagbag.py:587} INFO - Filling up the DagBag from /home/airflow/.local/lib/python3.12/site-packages/airflow/example_dags/example_xcom.py
[2024-08-20T03:33:16.494+0000] {processor.py:925} INFO - DAG(s) 'example_xcom' retrieved from /home/airflow/.local/lib/python3.12/site-packages/airflow/example_dags/example_xcom.py
[2024-08-20T03:33:16.521+0000] {logging_mixin.py:190} INFO - [2024-08-20T03:33:16.520+0000] {dag.py:3211} INFO - Sync 1 DAGs
[2024-08-20T03:33:16.547+0000] {logging_mixin.py:190} INFO - [2024-08-20T03:33:16.547+0000] {dag.py:4138} INFO - Setting next_dagrun for example_xcom to 2021-01-01 00:00:00+00:00, run_after=2021-01-01 00:00:00+00:00
[2024-08-20T03:33:16.574+0000] {processor.py:208} INFO - Processing /home/airflow/.local/lib/python3.12/site-packages/airflow/example_dags/example_xcom.py took 0.100 seconds
[2024-08-20T03:33:46.839+0000] {processor.py:186} INFO - Started process (PID=1181) to work on /home/airflow/.local/lib/python3.12/site-packages/airflow/example_dags/example_xcom.py
[2024-08-20T03:33:46.840+0000] {processor.py:914} INFO - Processing file /home/airflow/.local/lib/python3.12/site-packages/airflow/example_dags/example_xcom.py for tasks to queue
[2024-08-20T03:33:46.843+0000] {logging_mixin.py:190} INFO - [2024-08-20T03:33:46.842+0000] {dagbag.py:587} INFO - Filling up the DagBag from /home/airflow/.local/lib/python3.12/site-packages/airflow/example_dags/example_xcom.py
[2024-08-20T03:33:46.852+0000] {processor.py:925} INFO - DAG(s) 'example_xcom' retrieved from /home/airflow/.local/lib/python3.12/site-packages/airflow/example_dags/example_xcom.py
[2024-08-20T03:33:46.873+0000] {logging_mixin.py:190} INFO - [2024-08-20T03:33:46.873+0000] {dag.py:3211} INFO - Sync 1 DAGs
[2024-08-20T03:33:46.897+0000] {logging_mixin.py:190} INFO - [2024-08-20T03:33:46.897+0000] {dag.py:4138} INFO - Setting next_dagrun for example_xcom to 2021-01-01 00:00:00+00:00, run_after=2021-01-01 00:00:00+00:00
[2024-08-20T03:33:46.921+0000] {processor.py:208} INFO - Processing /home/airflow/.local/lib/python3.12/site-packages/airflow/example_dags/example_xcom.py took 0.088 seconds
[2024-08-20T03:34:17.327+0000] {processor.py:186} INFO - Started process (PID=1467) to work on /home/airflow/.local/lib/python3.12/site-packages/airflow/example_dags/example_xcom.py
[2024-08-20T03:34:17.328+0000] {processor.py:914} INFO - Processing file /home/airflow/.local/lib/python3.12/site-packages/airflow/example_dags/example_xcom.py for tasks to queue
[2024-08-20T03:34:17.331+0000] {logging_mixin.py:190} INFO - [2024-08-20T03:34:17.330+0000] {dagbag.py:587} INFO - Filling up the DagBag from /home/airflow/.local/lib/python3.12/site-packages/airflow/example_dags/example_xcom.py
[2024-08-20T03:34:17.339+0000] {processor.py:925} INFO - DAG(s) 'example_xcom' retrieved from /home/airflow/.local/lib/python3.12/site-packages/airflow/example_dags/example_xcom.py
[2024-08-20T03:34:17.364+0000] {logging_mixin.py:190} INFO - [2024-08-20T03:34:17.364+0000] {dag.py:3211} INFO - Sync 1 DAGs
[2024-08-20T03:34:17.390+0000] {logging_mixin.py:190} INFO - [2024-08-20T03:34:17.389+0000] {dag.py:4138} INFO - Setting next_dagrun for example_xcom to 2021-01-01 00:00:00+00:00, run_after=2021-01-01 00:00:00+00:00
[2024-08-20T03:34:17.412+0000] {processor.py:208} INFO - Processing /home/airflow/.local/lib/python3.12/site-packages/airflow/example_dags/example_xcom.py took 0.091 seconds
[2024-08-20T03:34:48.112+0000] {processor.py:186} INFO - Started process (PID=1756) to work on /home/airflow/.local/lib/python3.12/site-packages/airflow/example_dags/example_xcom.py
[2024-08-20T03:34:48.113+0000] {processor.py:914} INFO - Processing file /home/airflow/.local/lib/python3.12/site-packages/airflow/example_dags/example_xcom.py for tasks to queue
[2024-08-20T03:34:48.117+0000] {logging_mixin.py:190} INFO - [2024-08-20T03:34:48.117+0000] {dagbag.py:587} INFO - Filling up the DagBag from /home/airflow/.local/lib/python3.12/site-packages/airflow/example_dags/example_xcom.py
[2024-08-20T03:34:48.126+0000] {processor.py:925} INFO - DAG(s) 'example_xcom' retrieved from /home/airflow/.local/lib/python3.12/site-packages/airflow/example_dags/example_xcom.py
[2024-08-20T03:34:48.151+0000] {logging_mixin.py:190} INFO - [2024-08-20T03:34:48.151+0000] {dag.py:3211} INFO - Sync 1 DAGs
[2024-08-20T03:34:48.179+0000] {logging_mixin.py:190} INFO - [2024-08-20T03:34:48.179+0000] {dag.py:4138} INFO - Setting next_dagrun for example_xcom to 2021-01-01 00:00:00+00:00, run_after=2021-01-01 00:00:00+00:00
[2024-08-20T03:34:48.208+0000] {processor.py:208} INFO - Processing /home/airflow/.local/lib/python3.12/site-packages/airflow/example_dags/example_xcom.py took 0.102 seconds
[2024-08-20T03:35:18.724+0000] {processor.py:186} INFO - Started process (PID=2044) to work on /home/airflow/.local/lib/python3.12/site-packages/airflow/example_dags/example_xcom.py
[2024-08-20T03:35:18.725+0000] {processor.py:914} INFO - Processing file /home/airflow/.local/lib/python3.12/site-packages/airflow/example_dags/example_xcom.py for tasks to queue
[2024-08-20T03:35:18.728+0000] {logging_mixin.py:190} INFO - [2024-08-20T03:35:18.728+0000] {dagbag.py:587} INFO - Filling up the DagBag from /home/airflow/.local/lib/python3.12/site-packages/airflow/example_dags/example_xcom.py
[2024-08-20T03:35:18.738+0000] {processor.py:925} INFO - DAG(s) 'example_xcom' retrieved from /home/airflow/.local/lib/python3.12/site-packages/airflow/example_dags/example_xcom.py
[2024-08-20T03:35:18.758+0000] {logging_mixin.py:190} INFO - [2024-08-20T03:35:18.758+0000] {dag.py:3211} INFO - Sync 1 DAGs
[2024-08-20T03:35:18.783+0000] {logging_mixin.py:190} INFO - [2024-08-20T03:35:18.782+0000] {dag.py:4138} INFO - Setting next_dagrun for example_xcom to 2021-01-01 00:00:00+00:00, run_after=2021-01-01 00:00:00+00:00
[2024-08-20T03:35:18.817+0000] {processor.py:208} INFO - Processing /home/airflow/.local/lib/python3.12/site-packages/airflow/example_dags/example_xcom.py took 0.099 seconds
[2024-08-20T03:35:49.247+0000] {processor.py:186} INFO - Started process (PID=2328) to work on /home/airflow/.local/lib/python3.12/site-packages/airflow/example_dags/example_xcom.py
[2024-08-20T03:35:49.248+0000] {processor.py:914} INFO - Processing file /home/airflow/.local/lib/python3.12/site-packages/airflow/example_dags/example_xcom.py for tasks to queue
[2024-08-20T03:35:49.251+0000] {logging_mixin.py:190} INFO - [2024-08-20T03:35:49.251+0000] {dagbag.py:587} INFO - Filling up the DagBag from /home/airflow/.local/lib/python3.12/site-packages/airflow/example_dags/example_xcom.py
[2024-08-20T03:35:49.262+0000] {processor.py:925} INFO - DAG(s) 'example_xcom' retrieved from /home/airflow/.local/lib/python3.12/site-packages/airflow/example_dags/example_xcom.py
[2024-08-20T03:35:49.289+0000] {logging_mixin.py:190} INFO - [2024-08-20T03:35:49.289+0000] {dag.py:3211} INFO - Sync 1 DAGs
[2024-08-20T03:35:49.319+0000] {logging_mixin.py:190} INFO - [2024-08-20T03:35:49.319+0000] {dag.py:4138} INFO - Setting next_dagrun for example_xcom to 2021-01-01 00:00:00+00:00, run_after=2021-01-01 00:00:00+00:00
[2024-08-20T03:35:49.342+0000] {processor.py:208} INFO - Processing /home/airflow/.local/lib/python3.12/site-packages/airflow/example_dags/example_xcom.py took 0.101 seconds
[2024-08-20T03:36:19.826+0000] {processor.py:186} INFO - Started process (PID=2614) to work on /home/airflow/.local/lib/python3.12/site-packages/airflow/example_dags/example_xcom.py
[2024-08-20T03:36:19.827+0000] {processor.py:914} INFO - Processing file /home/airflow/.local/lib/python3.12/site-packages/airflow/example_dags/example_xcom.py for tasks to queue
[2024-08-20T03:36:19.830+0000] {logging_mixin.py:190} INFO - [2024-08-20T03:36:19.830+0000] {dagbag.py:587} INFO - Filling up the DagBag from /home/airflow/.local/lib/python3.12/site-packages/airflow/example_dags/example_xcom.py
[2024-08-20T03:36:19.841+0000] {processor.py:925} INFO - DAG(s) 'example_xcom' retrieved from /home/airflow/.local/lib/python3.12/site-packages/airflow/example_dags/example_xcom.py
[2024-08-20T03:36:19.869+0000] {logging_mixin.py:190} INFO - [2024-08-20T03:36:19.869+0000] {dag.py:3211} INFO - Sync 1 DAGs
[2024-08-20T03:36:19.895+0000] {logging_mixin.py:190} INFO - [2024-08-20T03:36:19.894+0000] {dag.py:4138} INFO - Setting next_dagrun for example_xcom to 2021-01-01 00:00:00+00:00, run_after=2021-01-01 00:00:00+00:00
[2024-08-20T03:36:19.932+0000] {processor.py:208} INFO - Processing /home/airflow/.local/lib/python3.12/site-packages/airflow/example_dags/example_xcom.py took 0.113 seconds
[2024-08-20T03:36:50.094+0000] {processor.py:186} INFO - Started process (PID=2900) to work on /home/airflow/.local/lib/python3.12/site-packages/airflow/example_dags/example_xcom.py
[2024-08-20T03:36:50.095+0000] {processor.py:914} INFO - Processing file /home/airflow/.local/lib/python3.12/site-packages/airflow/example_dags/example_xcom.py for tasks to queue
[2024-08-20T03:36:50.098+0000] {logging_mixin.py:190} INFO - [2024-08-20T03:36:50.097+0000] {dagbag.py:587} INFO - Filling up the DagBag from /home/airflow/.local/lib/python3.12/site-packages/airflow/example_dags/example_xcom.py
[2024-08-20T03:36:50.109+0000] {processor.py:925} INFO - DAG(s) 'example_xcom' retrieved from /home/airflow/.local/lib/python3.12/site-packages/airflow/example_dags/example_xcom.py
[2024-08-20T03:36:50.131+0000] {logging_mixin.py:190} INFO - [2024-08-20T03:36:50.131+0000] {dag.py:3211} INFO - Sync 1 DAGs
[2024-08-20T03:36:50.159+0000] {logging_mixin.py:190} INFO - [2024-08-20T03:36:50.158+0000] {dag.py:4138} INFO - Setting next_dagrun for example_xcom to 2021-01-01 00:00:00+00:00, run_after=2021-01-01 00:00:00+00:00
[2024-08-20T03:36:50.184+0000] {processor.py:208} INFO - Processing /home/airflow/.local/lib/python3.12/site-packages/airflow/example_dags/example_xcom.py took 0.096 seconds
[2024-08-20T03:37:20.480+0000] {processor.py:186} INFO - Started process (PID=3186) to work on /home/airflow/.local/lib/python3.12/site-packages/airflow/example_dags/example_xcom.py
[2024-08-20T03:37:20.481+0000] {processor.py:914} INFO - Processing file /home/airflow/.local/lib/python3.12/site-packages/airflow/example_dags/example_xcom.py for tasks to queue
[2024-08-20T03:37:20.485+0000] {logging_mixin.py:190} INFO - [2024-08-20T03:37:20.484+0000] {dagbag.py:587} INFO - Filling up the DagBag from /home/airflow/.local/lib/python3.12/site-packages/airflow/example_dags/example_xcom.py
[2024-08-20T03:37:20.494+0000] {processor.py:925} INFO - DAG(s) 'example_xcom' retrieved from /home/airflow/.local/lib/python3.12/site-packages/airflow/example_dags/example_xcom.py
[2024-08-20T03:37:20.515+0000] {logging_mixin.py:190} INFO - [2024-08-20T03:37:20.515+0000] {dag.py:3211} INFO - Sync 1 DAGs
[2024-08-20T03:37:20.543+0000] {logging_mixin.py:190} INFO - [2024-08-20T03:37:20.543+0000] {dag.py:4138} INFO - Setting next_dagrun for example_xcom to 2021-01-01 00:00:00+00:00, run_after=2021-01-01 00:00:00+00:00
[2024-08-20T03:37:20.566+0000] {processor.py:208} INFO - Processing /home/airflow/.local/lib/python3.12/site-packages/airflow/example_dags/example_xcom.py took 0.092 seconds
[2024-08-20T03:37:50.772+0000] {processor.py:186} INFO - Started process (PID=3467) to work on /home/airflow/.local/lib/python3.12/site-packages/airflow/example_dags/example_xcom.py
[2024-08-20T03:37:50.773+0000] {processor.py:914} INFO - Processing file /home/airflow/.local/lib/python3.12/site-packages/airflow/example_dags/example_xcom.py for tasks to queue
[2024-08-20T03:37:50.776+0000] {logging_mixin.py:190} INFO - [2024-08-20T03:37:50.776+0000] {dagbag.py:587} INFO - Filling up the DagBag from /home/airflow/.local/lib/python3.12/site-packages/airflow/example_dags/example_xcom.py
[2024-08-20T03:37:50.789+0000] {processor.py:925} INFO - DAG(s) 'example_xcom' retrieved from /home/airflow/.local/lib/python3.12/site-packages/airflow/example_dags/example_xcom.py
[2024-08-20T03:37:50.817+0000] {logging_mixin.py:190} INFO - [2024-08-20T03:37:50.817+0000] {dag.py:3211} INFO - Sync 1 DAGs
[2024-08-20T03:37:50.842+0000] {logging_mixin.py:190} INFO - [2024-08-20T03:37:50.842+0000] {dag.py:4138} INFO - Setting next_dagrun for example_xcom to 2021-01-01 00:00:00+00:00, run_after=2021-01-01 00:00:00+00:00
[2024-08-20T03:37:50.865+0000] {processor.py:208} INFO - Processing /home/airflow/.local/lib/python3.12/site-packages/airflow/example_dags/example_xcom.py took 0.103 seconds
[2024-08-20T03:38:21.278+0000] {processor.py:186} INFO - Started process (PID=3753) to work on /home/airflow/.local/lib/python3.12/site-packages/airflow/example_dags/example_xcom.py
[2024-08-20T03:38:21.279+0000] {processor.py:914} INFO - Processing file /home/airflow/.local/lib/python3.12/site-packages/airflow/example_dags/example_xcom.py for tasks to queue
[2024-08-20T03:38:21.282+0000] {logging_mixin.py:190} INFO - [2024-08-20T03:38:21.282+0000] {dagbag.py:587} INFO - Filling up the DagBag from /home/airflow/.local/lib/python3.12/site-packages/airflow/example_dags/example_xcom.py
[2024-08-20T03:38:21.295+0000] {processor.py:925} INFO - DAG(s) 'example_xcom' retrieved from /home/airflow/.local/lib/python3.12/site-packages/airflow/example_dags/example_xcom.py
[2024-08-20T03:38:21.317+0000] {logging_mixin.py:190} INFO - [2024-08-20T03:38:21.317+0000] {dag.py:3211} INFO - Sync 1 DAGs
[2024-08-20T03:38:21.342+0000] {logging_mixin.py:190} INFO - [2024-08-20T03:38:21.341+0000] {dag.py:4138} INFO - Setting next_dagrun for example_xcom to 2021-01-01 00:00:00+00:00, run_after=2021-01-01 00:00:00+00:00
[2024-08-20T03:38:21.367+0000] {processor.py:208} INFO - Processing /home/airflow/.local/lib/python3.12/site-packages/airflow/example_dags/example_xcom.py took 0.095 seconds
[2024-08-20T03:38:51.685+0000] {processor.py:186} INFO - Started process (PID=4039) to work on /home/airflow/.local/lib/python3.12/site-packages/airflow/example_dags/example_xcom.py
[2024-08-20T03:38:51.686+0000] {processor.py:914} INFO - Processing file /home/airflow/.local/lib/python3.12/site-packages/airflow/example_dags/example_xcom.py for tasks to queue
[2024-08-20T03:38:51.689+0000] {logging_mixin.py:190} INFO - [2024-08-20T03:38:51.689+0000] {dagbag.py:587} INFO - Filling up the DagBag from /home/airflow/.local/lib/python3.12/site-packages/airflow/example_dags/example_xcom.py
[2024-08-20T03:38:51.699+0000] {processor.py:925} INFO - DAG(s) 'example_xcom' retrieved from /home/airflow/.local/lib/python3.12/site-packages/airflow/example_dags/example_xcom.py
[2024-08-20T03:38:51.720+0000] {logging_mixin.py:190} INFO - [2024-08-20T03:38:51.720+0000] {dag.py:3211} INFO - Sync 1 DAGs
[2024-08-20T03:38:51.746+0000] {logging_mixin.py:190} INFO - [2024-08-20T03:38:51.746+0000] {dag.py:4138} INFO - Setting next_dagrun for example_xcom to 2021-01-01 00:00:00+00:00, run_after=2021-01-01 00:00:00+00:00
[2024-08-20T03:38:51.768+0000] {processor.py:208} INFO - Processing /home/airflow/.local/lib/python3.12/site-packages/airflow/example_dags/example_xcom.py took 0.092 seconds
[2024-08-20T03:39:22.038+0000] {processor.py:186} INFO - Started process (PID=4325) to work on /home/airflow/.local/lib/python3.12/site-packages/airflow/example_dags/example_xcom.py
[2024-08-20T03:39:22.039+0000] {processor.py:914} INFO - Processing file /home/airflow/.local/lib/python3.12/site-packages/airflow/example_dags/example_xcom.py for tasks to queue
[2024-08-20T03:39:22.042+0000] {logging_mixin.py:190} INFO - [2024-08-20T03:39:22.041+0000] {dagbag.py:587} INFO - Filling up the DagBag from /home/airflow/.local/lib/python3.12/site-packages/airflow/example_dags/example_xcom.py
[2024-08-20T03:39:22.052+0000] {processor.py:925} INFO - DAG(s) 'example_xcom' retrieved from /home/airflow/.local/lib/python3.12/site-packages/airflow/example_dags/example_xcom.py
[2024-08-20T03:39:22.074+0000] {logging_mixin.py:190} INFO - [2024-08-20T03:39:22.074+0000] {dag.py:3211} INFO - Sync 1 DAGs
[2024-08-20T03:39:22.105+0000] {logging_mixin.py:190} INFO - [2024-08-20T03:39:22.104+0000] {dag.py:4138} INFO - Setting next_dagrun for example_xcom to 2021-01-01 00:00:00+00:00, run_after=2021-01-01 00:00:00+00:00
[2024-08-20T03:39:22.127+0000] {processor.py:208} INFO - Processing /home/airflow/.local/lib/python3.12/site-packages/airflow/example_dags/example_xcom.py took 0.095 seconds
[2024-08-20T03:39:52.352+0000] {processor.py:186} INFO - Started process (PID=4611) to work on /home/airflow/.local/lib/python3.12/site-packages/airflow/example_dags/example_xcom.py
[2024-08-20T03:39:52.353+0000] {processor.py:914} INFO - Processing file /home/airflow/.local/lib/python3.12/site-packages/airflow/example_dags/example_xcom.py for tasks to queue
[2024-08-20T03:39:52.355+0000] {logging_mixin.py:190} INFO - [2024-08-20T03:39:52.355+0000] {dagbag.py:587} INFO - Filling up the DagBag from /home/airflow/.local/lib/python3.12/site-packages/airflow/example_dags/example_xcom.py
[2024-08-20T03:39:52.365+0000] {processor.py:925} INFO - DAG(s) 'example_xcom' retrieved from /home/airflow/.local/lib/python3.12/site-packages/airflow/example_dags/example_xcom.py
[2024-08-20T03:39:52.387+0000] {logging_mixin.py:190} INFO - [2024-08-20T03:39:52.387+0000] {dag.py:3211} INFO - Sync 1 DAGs
[2024-08-20T03:39:52.415+0000] {logging_mixin.py:190} INFO - [2024-08-20T03:39:52.415+0000] {dag.py:4138} INFO - Setting next_dagrun for example_xcom to 2021-01-01 00:00:00+00:00, run_after=2021-01-01 00:00:00+00:00
[2024-08-20T03:39:52.438+0000] {processor.py:208} INFO - Processing /home/airflow/.local/lib/python3.12/site-packages/airflow/example_dags/example_xcom.py took 0.093 seconds
[2024-08-20T03:40:22.681+0000] {processor.py:186} INFO - Started process (PID=4899) to work on /home/airflow/.local/lib/python3.12/site-packages/airflow/example_dags/example_xcom.py
[2024-08-20T03:40:22.682+0000] {processor.py:914} INFO - Processing file /home/airflow/.local/lib/python3.12/site-packages/airflow/example_dags/example_xcom.py for tasks to queue
[2024-08-20T03:40:22.685+0000] {logging_mixin.py:190} INFO - [2024-08-20T03:40:22.685+0000] {dagbag.py:587} INFO - Filling up the DagBag from /home/airflow/.local/lib/python3.12/site-packages/airflow/example_dags/example_xcom.py
[2024-08-20T03:40:22.695+0000] {processor.py:925} INFO - DAG(s) 'example_xcom' retrieved from /home/airflow/.local/lib/python3.12/site-packages/airflow/example_dags/example_xcom.py
[2024-08-20T03:40:22.717+0000] {logging_mixin.py:190} INFO - [2024-08-20T03:40:22.717+0000] {dag.py:3211} INFO - Sync 1 DAGs
[2024-08-20T03:40:22.743+0000] {logging_mixin.py:190} INFO - [2024-08-20T03:40:22.742+0000] {dag.py:4138} INFO - Setting next_dagrun for example_xcom to 2021-01-01 00:00:00+00:00, run_after=2021-01-01 00:00:00+00:00
[2024-08-20T03:40:22.777+0000] {processor.py:208} INFO - Processing /home/airflow/.local/lib/python3.12/site-packages/airflow/example_dags/example_xcom.py took 0.103 seconds
[2024-08-20T03:40:52.999+0000] {processor.py:186} INFO - Started process (PID=5183) to work on /home/airflow/.local/lib/python3.12/site-packages/airflow/example_dags/example_xcom.py
[2024-08-20T03:40:53.000+0000] {processor.py:914} INFO - Processing file /home/airflow/.local/lib/python3.12/site-packages/airflow/example_dags/example_xcom.py for tasks to queue
[2024-08-20T03:40:53.004+0000] {logging_mixin.py:190} INFO - [2024-08-20T03:40:53.003+0000] {dagbag.py:587} INFO - Filling up the DagBag from /home/airflow/.local/lib/python3.12/site-packages/airflow/example_dags/example_xcom.py
[2024-08-20T03:40:53.017+0000] {processor.py:925} INFO - DAG(s) 'example_xcom' retrieved from /home/airflow/.local/lib/python3.12/site-packages/airflow/example_dags/example_xcom.py
[2024-08-20T03:40:53.042+0000] {logging_mixin.py:190} INFO - [2024-08-20T03:40:53.042+0000] {dag.py:3211} INFO - Sync 1 DAGs
[2024-08-20T03:40:53.067+0000] {logging_mixin.py:190} INFO - [2024-08-20T03:40:53.066+0000] {dag.py:4138} INFO - Setting next_dagrun for example_xcom to 2021-01-01 00:00:00+00:00, run_after=2021-01-01 00:00:00+00:00
[2024-08-20T03:40:53.088+0000] {processor.py:208} INFO - Processing /home/airflow/.local/lib/python3.12/site-packages/airflow/example_dags/example_xcom.py took 0.097 seconds
[2024-08-20T03:41:23.493+0000] {processor.py:186} INFO - Started process (PID=5469) to work on /home/airflow/.local/lib/python3.12/site-packages/airflow/example_dags/example_xcom.py
[2024-08-20T03:41:23.494+0000] {processor.py:914} INFO - Processing file /home/airflow/.local/lib/python3.12/site-packages/airflow/example_dags/example_xcom.py for tasks to queue
[2024-08-20T03:41:23.498+0000] {logging_mixin.py:190} INFO - [2024-08-20T03:41:23.497+0000] {dagbag.py:587} INFO - Filling up the DagBag from /home/airflow/.local/lib/python3.12/site-packages/airflow/example_dags/example_xcom.py
[2024-08-20T03:41:23.507+0000] {processor.py:925} INFO - DAG(s) 'example_xcom' retrieved from /home/airflow/.local/lib/python3.12/site-packages/airflow/example_dags/example_xcom.py
[2024-08-20T03:41:23.530+0000] {logging_mixin.py:190} INFO - [2024-08-20T03:41:23.530+0000] {dag.py:3211} INFO - Sync 1 DAGs
[2024-08-20T03:41:23.562+0000] {logging_mixin.py:190} INFO - [2024-08-20T03:41:23.562+0000] {dag.py:4138} INFO - Setting next_dagrun for example_xcom to 2021-01-01 00:00:00+00:00, run_after=2021-01-01 00:00:00+00:00
[2024-08-20T03:41:23.586+0000] {processor.py:208} INFO - Processing /home/airflow/.local/lib/python3.12/site-packages/airflow/example_dags/example_xcom.py took 0.099 seconds
[2024-08-20T03:41:53.986+0000] {processor.py:186} INFO - Started process (PID=5755) to work on /home/airflow/.local/lib/python3.12/site-packages/airflow/example_dags/example_xcom.py
[2024-08-20T03:41:53.987+0000] {processor.py:914} INFO - Processing file /home/airflow/.local/lib/python3.12/site-packages/airflow/example_dags/example_xcom.py for tasks to queue
[2024-08-20T03:41:53.990+0000] {logging_mixin.py:190} INFO - [2024-08-20T03:41:53.989+0000] {dagbag.py:587} INFO - Filling up the DagBag from /home/airflow/.local/lib/python3.12/site-packages/airflow/example_dags/example_xcom.py
[2024-08-20T03:41:54.001+0000] {processor.py:925} INFO - DAG(s) 'example_xcom' retrieved from /home/airflow/.local/lib/python3.12/site-packages/airflow/example_dags/example_xcom.py
[2024-08-20T03:41:54.022+0000] {logging_mixin.py:190} INFO - [2024-08-20T03:41:54.022+0000] {dag.py:3211} INFO - Sync 1 DAGs
[2024-08-20T03:41:54.054+0000] {logging_mixin.py:190} INFO - [2024-08-20T03:41:54.053+0000] {dag.py:4138} INFO - Setting next_dagrun for example_xcom to 2021-01-01 00:00:00+00:00, run_after=2021-01-01 00:00:00+00:00
[2024-08-20T03:41:54.079+0000] {processor.py:208} INFO - Processing /home/airflow/.local/lib/python3.12/site-packages/airflow/example_dags/example_xcom.py took 0.100 seconds
