[2024-08-20T03:32:11.837+0000] {processor.py:186} INFO - Started process (PID=221) to work on /home/airflow/.local/lib/python3.12/site-packages/airflow/example_dags/example_dataset_alias_with_no_taskflow.py
[2024-08-20T03:32:11.839+0000] {processor.py:914} INFO - Processing file /home/airflow/.local/lib/python3.12/site-packages/airflow/example_dags/example_dataset_alias_with_no_taskflow.py for tasks to queue
[2024-08-20T03:32:11.842+0000] {logging_mixin.py:190} INFO - [2024-08-20T03:32:11.842+0000] {dagbag.py:587} INFO - Filling up the DagBag from /home/airflow/.local/lib/python3.12/site-packages/airflow/example_dags/example_dataset_alias_with_no_taskflow.py
[2024-08-20T03:32:12.534+0000] {processor.py:925} INFO - DAG(s) 'dataset_s3_bucket_producer_with_no_taskflow', 'dataset_alias_example_alias_consumer_with_no_taskflow', 'dataset_s3_bucket_consumer_with_no_taskflow', 'dataset_alias_example_alias_producer_with_no_taskflow' retrieved from /home/airflow/.local/lib/python3.12/site-packages/airflow/example_dags/example_dataset_alias_with_no_taskflow.py
[2024-08-20T03:32:12.661+0000] {logging_mixin.py:190} INFO - [2024-08-20T03:32:12.660+0000] {override.py:1858} INFO - Created Permission View: can read on DAG:dataset_s3_bucket_producer_with_no_taskflow
[2024-08-20T03:32:12.683+0000] {logging_mixin.py:190} INFO - [2024-08-20T03:32:12.683+0000] {override.py:1858} INFO - Created Permission View: can delete on DAG:dataset_s3_bucket_producer_with_no_taskflow
[2024-08-20T03:32:12.699+0000] {logging_mixin.py:190} INFO - [2024-08-20T03:32:12.699+0000] {override.py:1858} INFO - Created Permission View: can edit on DAG:dataset_s3_bucket_producer_with_no_taskflow
[2024-08-20T03:32:12.724+0000] {logging_mixin.py:190} INFO - [2024-08-20T03:32:12.723+0000] {override.py:1858} INFO - Created Permission View: can read on DAG:dataset_alias_example_alias_consumer_with_no_taskflow
[2024-08-20T03:32:12.737+0000] {logging_mixin.py:190} INFO - [2024-08-20T03:32:12.736+0000] {override.py:1858} INFO - Created Permission View: can delete on DAG:dataset_alias_example_alias_consumer_with_no_taskflow
[2024-08-20T03:32:12.747+0000] {logging_mixin.py:190} INFO - [2024-08-20T03:32:12.747+0000] {override.py:1858} INFO - Created Permission View: can edit on DAG:dataset_alias_example_alias_consumer_with_no_taskflow
[2024-08-20T03:32:12.768+0000] {logging_mixin.py:190} INFO - [2024-08-20T03:32:12.767+0000] {override.py:1858} INFO - Created Permission View: can read on DAG:dataset_s3_bucket_consumer_with_no_taskflow
[2024-08-20T03:32:12.778+0000] {logging_mixin.py:190} INFO - [2024-08-20T03:32:12.778+0000] {override.py:1858} INFO - Created Permission View: can delete on DAG:dataset_s3_bucket_consumer_with_no_taskflow
[2024-08-20T03:32:12.789+0000] {logging_mixin.py:190} INFO - [2024-08-20T03:32:12.789+0000] {override.py:1858} INFO - Created Permission View: can edit on DAG:dataset_s3_bucket_consumer_with_no_taskflow
[2024-08-20T03:32:12.812+0000] {logging_mixin.py:190} INFO - [2024-08-20T03:32:12.812+0000] {override.py:1858} INFO - Created Permission View: can read on DAG:dataset_alias_example_alias_producer_with_no_taskflow
[2024-08-20T03:32:12.825+0000] {logging_mixin.py:190} INFO - [2024-08-20T03:32:12.825+0000] {override.py:1858} INFO - Created Permission View: can delete on DAG:dataset_alias_example_alias_producer_with_no_taskflow
[2024-08-20T03:32:12.837+0000] {logging_mixin.py:190} INFO - [2024-08-20T03:32:12.836+0000] {override.py:1858} INFO - Created Permission View: can edit on DAG:dataset_alias_example_alias_producer_with_no_taskflow
[2024-08-20T03:32:12.837+0000] {logging_mixin.py:190} INFO - [2024-08-20T03:32:12.837+0000] {dag.py:3211} INFO - Sync 4 DAGs
[2024-08-20T03:32:12.856+0000] {logging_mixin.py:190} INFO - [2024-08-20T03:32:12.856+0000] {dag.py:3234} INFO - Creating ORM DAG for dataset_alias_example_alias_producer_with_no_taskflow
[2024-08-20T03:32:12.857+0000] {logging_mixin.py:190} INFO - [2024-08-20T03:32:12.857+0000] {dag.py:3234} INFO - Creating ORM DAG for dataset_alias_example_alias_consumer_with_no_taskflow
[2024-08-20T03:32:12.859+0000] {logging_mixin.py:190} INFO - [2024-08-20T03:32:12.859+0000] {dag.py:3234} INFO - Creating ORM DAG for dataset_s3_bucket_consumer_with_no_taskflow
[2024-08-20T03:32:12.861+0000] {logging_mixin.py:190} INFO - [2024-08-20T03:32:12.860+0000] {dag.py:3234} INFO - Creating ORM DAG for dataset_s3_bucket_producer_with_no_taskflow
[2024-08-20T03:32:12.873+0000] {logging_mixin.py:190} INFO - [2024-08-20T03:32:12.873+0000] {dag.py:4138} INFO - Setting next_dagrun for dataset_alias_example_alias_consumer_with_no_taskflow to None, run_after=None
[2024-08-20T03:32:12.874+0000] {logging_mixin.py:190} INFO - [2024-08-20T03:32:12.874+0000] {dag.py:4138} INFO - Setting next_dagrun for dataset_alias_example_alias_producer_with_no_taskflow to None, run_after=None
[2024-08-20T03:32:12.876+0000] {logging_mixin.py:190} INFO - [2024-08-20T03:32:12.875+0000] {dag.py:4138} INFO - Setting next_dagrun for dataset_s3_bucket_consumer_with_no_taskflow to None, run_after=None
[2024-08-20T03:32:12.877+0000] {logging_mixin.py:190} INFO - [2024-08-20T03:32:12.876+0000] {dag.py:4138} INFO - Setting next_dagrun for dataset_s3_bucket_producer_with_no_taskflow to None, run_after=None
[2024-08-20T03:32:12.916+0000] {processor.py:208} INFO - Processing /home/airflow/.local/lib/python3.12/site-packages/airflow/example_dags/example_dataset_alias_with_no_taskflow.py took 1.087 seconds
[2024-08-20T03:32:43.513+0000] {processor.py:186} INFO - Started process (PID=519) to work on /home/airflow/.local/lib/python3.12/site-packages/airflow/example_dags/example_dataset_alias_with_no_taskflow.py
[2024-08-20T03:32:43.514+0000] {processor.py:914} INFO - Processing file /home/airflow/.local/lib/python3.12/site-packages/airflow/example_dags/example_dataset_alias_with_no_taskflow.py for tasks to queue
[2024-08-20T03:32:43.517+0000] {logging_mixin.py:190} INFO - [2024-08-20T03:32:43.516+0000] {dagbag.py:587} INFO - Filling up the DagBag from /home/airflow/.local/lib/python3.12/site-packages/airflow/example_dags/example_dataset_alias_with_no_taskflow.py
[2024-08-20T03:32:43.674+0000] {processor.py:925} INFO - DAG(s) 'dataset_alias_example_alias_consumer_with_no_taskflow', 'dataset_s3_bucket_consumer_with_no_taskflow', 'dataset_s3_bucket_producer_with_no_taskflow', 'dataset_alias_example_alias_producer_with_no_taskflow' retrieved from /home/airflow/.local/lib/python3.12/site-packages/airflow/example_dags/example_dataset_alias_with_no_taskflow.py
[2024-08-20T03:32:43.701+0000] {logging_mixin.py:190} INFO - [2024-08-20T03:32:43.701+0000] {dag.py:3211} INFO - Sync 4 DAGs
[2024-08-20T03:32:43.729+0000] {logging_mixin.py:190} INFO - [2024-08-20T03:32:43.729+0000] {dag.py:4138} INFO - Setting next_dagrun for dataset_alias_example_alias_consumer_with_no_taskflow to None, run_after=None
[2024-08-20T03:32:43.732+0000] {logging_mixin.py:190} INFO - [2024-08-20T03:32:43.732+0000] {dag.py:4138} INFO - Setting next_dagrun for dataset_alias_example_alias_producer_with_no_taskflow to None, run_after=None
[2024-08-20T03:32:43.735+0000] {logging_mixin.py:190} INFO - [2024-08-20T03:32:43.735+0000] {dag.py:4138} INFO - Setting next_dagrun for dataset_s3_bucket_consumer_with_no_taskflow to None, run_after=None
[2024-08-20T03:32:43.737+0000] {logging_mixin.py:190} INFO - [2024-08-20T03:32:43.737+0000] {dag.py:4138} INFO - Setting next_dagrun for dataset_s3_bucket_producer_with_no_taskflow to None, run_after=None
[2024-08-20T03:32:43.769+0000] {processor.py:208} INFO - Processing /home/airflow/.local/lib/python3.12/site-packages/airflow/example_dags/example_dataset_alias_with_no_taskflow.py took 0.263 seconds
[2024-08-20T03:33:13.870+0000] {processor.py:186} INFO - Started process (PID=805) to work on /home/airflow/.local/lib/python3.12/site-packages/airflow/example_dags/example_dataset_alias_with_no_taskflow.py
[2024-08-20T03:33:13.872+0000] {processor.py:914} INFO - Processing file /home/airflow/.local/lib/python3.12/site-packages/airflow/example_dags/example_dataset_alias_with_no_taskflow.py for tasks to queue
[2024-08-20T03:33:13.876+0000] {logging_mixin.py:190} INFO - [2024-08-20T03:33:13.876+0000] {dagbag.py:587} INFO - Filling up the DagBag from /home/airflow/.local/lib/python3.12/site-packages/airflow/example_dags/example_dataset_alias_with_no_taskflow.py
[2024-08-20T03:33:14.013+0000] {processor.py:925} INFO - DAG(s) 'dataset_alias_example_alias_producer_with_no_taskflow', 'dataset_s3_bucket_producer_with_no_taskflow', 'dataset_alias_example_alias_consumer_with_no_taskflow', 'dataset_s3_bucket_consumer_with_no_taskflow' retrieved from /home/airflow/.local/lib/python3.12/site-packages/airflow/example_dags/example_dataset_alias_with_no_taskflow.py
[2024-08-20T03:33:14.033+0000] {logging_mixin.py:190} INFO - [2024-08-20T03:33:14.033+0000] {dag.py:3211} INFO - Sync 4 DAGs
[2024-08-20T03:33:14.057+0000] {logging_mixin.py:190} INFO - [2024-08-20T03:33:14.057+0000] {dag.py:4138} INFO - Setting next_dagrun for dataset_alias_example_alias_consumer_with_no_taskflow to None, run_after=None
[2024-08-20T03:33:14.060+0000] {logging_mixin.py:190} INFO - [2024-08-20T03:33:14.060+0000] {dag.py:4138} INFO - Setting next_dagrun for dataset_alias_example_alias_producer_with_no_taskflow to None, run_after=None
[2024-08-20T03:33:14.062+0000] {logging_mixin.py:190} INFO - [2024-08-20T03:33:14.061+0000] {dag.py:4138} INFO - Setting next_dagrun for dataset_s3_bucket_consumer_with_no_taskflow to None, run_after=None
[2024-08-20T03:33:14.063+0000] {logging_mixin.py:190} INFO - [2024-08-20T03:33:14.063+0000] {dag.py:4138} INFO - Setting next_dagrun for dataset_s3_bucket_producer_with_no_taskflow to None, run_after=None
[2024-08-20T03:33:14.088+0000] {processor.py:208} INFO - Processing /home/airflow/.local/lib/python3.12/site-packages/airflow/example_dags/example_dataset_alias_with_no_taskflow.py took 0.236 seconds
[2024-08-20T03:33:44.361+0000] {processor.py:186} INFO - Started process (PID=1091) to work on /home/airflow/.local/lib/python3.12/site-packages/airflow/example_dags/example_dataset_alias_with_no_taskflow.py
[2024-08-20T03:33:44.363+0000] {processor.py:914} INFO - Processing file /home/airflow/.local/lib/python3.12/site-packages/airflow/example_dags/example_dataset_alias_with_no_taskflow.py for tasks to queue
[2024-08-20T03:33:44.365+0000] {logging_mixin.py:190} INFO - [2024-08-20T03:33:44.365+0000] {dagbag.py:587} INFO - Filling up the DagBag from /home/airflow/.local/lib/python3.12/site-packages/airflow/example_dags/example_dataset_alias_with_no_taskflow.py
[2024-08-20T03:33:44.538+0000] {processor.py:925} INFO - DAG(s) 'dataset_alias_example_alias_producer_with_no_taskflow', 'dataset_s3_bucket_producer_with_no_taskflow', 'dataset_s3_bucket_consumer_with_no_taskflow', 'dataset_alias_example_alias_consumer_with_no_taskflow' retrieved from /home/airflow/.local/lib/python3.12/site-packages/airflow/example_dags/example_dataset_alias_with_no_taskflow.py
[2024-08-20T03:33:44.561+0000] {logging_mixin.py:190} INFO - [2024-08-20T03:33:44.561+0000] {dag.py:3211} INFO - Sync 4 DAGs
[2024-08-20T03:33:44.593+0000] {logging_mixin.py:190} INFO - [2024-08-20T03:33:44.592+0000] {dag.py:4138} INFO - Setting next_dagrun for dataset_alias_example_alias_consumer_with_no_taskflow to None, run_after=None
[2024-08-20T03:33:44.597+0000] {logging_mixin.py:190} INFO - [2024-08-20T03:33:44.596+0000] {dag.py:4138} INFO - Setting next_dagrun for dataset_alias_example_alias_producer_with_no_taskflow to None, run_after=None
[2024-08-20T03:33:44.601+0000] {logging_mixin.py:190} INFO - [2024-08-20T03:33:44.600+0000] {dag.py:4138} INFO - Setting next_dagrun for dataset_s3_bucket_consumer_with_no_taskflow to None, run_after=None
[2024-08-20T03:33:44.603+0000] {logging_mixin.py:190} INFO - [2024-08-20T03:33:44.603+0000] {dag.py:4138} INFO - Setting next_dagrun for dataset_s3_bucket_producer_with_no_taskflow to None, run_after=None
[2024-08-20T03:33:44.658+0000] {processor.py:208} INFO - Processing /home/airflow/.local/lib/python3.12/site-packages/airflow/example_dags/example_dataset_alias_with_no_taskflow.py took 0.305 seconds
[2024-08-20T03:34:14.786+0000] {processor.py:186} INFO - Started process (PID=1377) to work on /home/airflow/.local/lib/python3.12/site-packages/airflow/example_dags/example_dataset_alias_with_no_taskflow.py
[2024-08-20T03:34:14.788+0000] {processor.py:914} INFO - Processing file /home/airflow/.local/lib/python3.12/site-packages/airflow/example_dags/example_dataset_alias_with_no_taskflow.py for tasks to queue
[2024-08-20T03:34:14.791+0000] {logging_mixin.py:190} INFO - [2024-08-20T03:34:14.791+0000] {dagbag.py:587} INFO - Filling up the DagBag from /home/airflow/.local/lib/python3.12/site-packages/airflow/example_dags/example_dataset_alias_with_no_taskflow.py
[2024-08-20T03:34:14.957+0000] {processor.py:925} INFO - DAG(s) 'dataset_alias_example_alias_producer_with_no_taskflow', 'dataset_alias_example_alias_consumer_with_no_taskflow', 'dataset_s3_bucket_producer_with_no_taskflow', 'dataset_s3_bucket_consumer_with_no_taskflow' retrieved from /home/airflow/.local/lib/python3.12/site-packages/airflow/example_dags/example_dataset_alias_with_no_taskflow.py
[2024-08-20T03:34:14.985+0000] {logging_mixin.py:190} INFO - [2024-08-20T03:34:14.984+0000] {dag.py:3211} INFO - Sync 4 DAGs
[2024-08-20T03:34:15.010+0000] {logging_mixin.py:190} INFO - [2024-08-20T03:34:15.010+0000] {dag.py:4138} INFO - Setting next_dagrun for dataset_alias_example_alias_consumer_with_no_taskflow to None, run_after=None
[2024-08-20T03:34:15.014+0000] {logging_mixin.py:190} INFO - [2024-08-20T03:34:15.013+0000] {dag.py:4138} INFO - Setting next_dagrun for dataset_alias_example_alias_producer_with_no_taskflow to None, run_after=None
[2024-08-20T03:34:15.016+0000] {logging_mixin.py:190} INFO - [2024-08-20T03:34:15.015+0000] {dag.py:4138} INFO - Setting next_dagrun for dataset_s3_bucket_consumer_with_no_taskflow to None, run_after=None
[2024-08-20T03:34:15.018+0000] {logging_mixin.py:190} INFO - [2024-08-20T03:34:15.018+0000] {dag.py:4138} INFO - Setting next_dagrun for dataset_s3_bucket_producer_with_no_taskflow to None, run_after=None
[2024-08-20T03:34:15.049+0000] {processor.py:208} INFO - Processing /home/airflow/.local/lib/python3.12/site-packages/airflow/example_dags/example_dataset_alias_with_no_taskflow.py took 0.275 seconds
[2024-08-20T03:34:45.404+0000] {processor.py:186} INFO - Started process (PID=1663) to work on /home/airflow/.local/lib/python3.12/site-packages/airflow/example_dags/example_dataset_alias_with_no_taskflow.py
[2024-08-20T03:34:45.406+0000] {processor.py:914} INFO - Processing file /home/airflow/.local/lib/python3.12/site-packages/airflow/example_dags/example_dataset_alias_with_no_taskflow.py for tasks to queue
[2024-08-20T03:34:45.409+0000] {logging_mixin.py:190} INFO - [2024-08-20T03:34:45.408+0000] {dagbag.py:587} INFO - Filling up the DagBag from /home/airflow/.local/lib/python3.12/site-packages/airflow/example_dags/example_dataset_alias_with_no_taskflow.py
[2024-08-20T03:34:45.565+0000] {processor.py:925} INFO - DAG(s) 'dataset_s3_bucket_consumer_with_no_taskflow', 'dataset_alias_example_alias_consumer_with_no_taskflow', 'dataset_alias_example_alias_producer_with_no_taskflow', 'dataset_s3_bucket_producer_with_no_taskflow' retrieved from /home/airflow/.local/lib/python3.12/site-packages/airflow/example_dags/example_dataset_alias_with_no_taskflow.py
[2024-08-20T03:34:45.599+0000] {logging_mixin.py:190} INFO - [2024-08-20T03:34:45.598+0000] {dag.py:3211} INFO - Sync 4 DAGs
[2024-08-20T03:34:45.624+0000] {logging_mixin.py:190} INFO - [2024-08-20T03:34:45.624+0000] {dag.py:4138} INFO - Setting next_dagrun for dataset_alias_example_alias_consumer_with_no_taskflow to None, run_after=None
[2024-08-20T03:34:45.627+0000] {logging_mixin.py:190} INFO - [2024-08-20T03:34:45.627+0000] {dag.py:4138} INFO - Setting next_dagrun for dataset_alias_example_alias_producer_with_no_taskflow to None, run_after=None
[2024-08-20T03:34:45.629+0000] {logging_mixin.py:190} INFO - [2024-08-20T03:34:45.629+0000] {dag.py:4138} INFO - Setting next_dagrun for dataset_s3_bucket_consumer_with_no_taskflow to None, run_after=None
[2024-08-20T03:34:45.631+0000] {logging_mixin.py:190} INFO - [2024-08-20T03:34:45.630+0000] {dag.py:4138} INFO - Setting next_dagrun for dataset_s3_bucket_producer_with_no_taskflow to None, run_after=None
[2024-08-20T03:34:45.660+0000] {processor.py:208} INFO - Processing /home/airflow/.local/lib/python3.12/site-packages/airflow/example_dags/example_dataset_alias_with_no_taskflow.py took 0.266 seconds
[2024-08-20T03:35:16.184+0000] {processor.py:186} INFO - Started process (PID=1949) to work on /home/airflow/.local/lib/python3.12/site-packages/airflow/example_dags/example_dataset_alias_with_no_taskflow.py
[2024-08-20T03:35:16.187+0000] {processor.py:914} INFO - Processing file /home/airflow/.local/lib/python3.12/site-packages/airflow/example_dags/example_dataset_alias_with_no_taskflow.py for tasks to queue
[2024-08-20T03:35:16.190+0000] {logging_mixin.py:190} INFO - [2024-08-20T03:35:16.190+0000] {dagbag.py:587} INFO - Filling up the DagBag from /home/airflow/.local/lib/python3.12/site-packages/airflow/example_dags/example_dataset_alias_with_no_taskflow.py
[2024-08-20T03:35:16.337+0000] {processor.py:925} INFO - DAG(s) 'dataset_s3_bucket_consumer_with_no_taskflow', 'dataset_alias_example_alias_consumer_with_no_taskflow', 'dataset_s3_bucket_producer_with_no_taskflow', 'dataset_alias_example_alias_producer_with_no_taskflow' retrieved from /home/airflow/.local/lib/python3.12/site-packages/airflow/example_dags/example_dataset_alias_with_no_taskflow.py
[2024-08-20T03:35:16.363+0000] {logging_mixin.py:190} INFO - [2024-08-20T03:35:16.363+0000] {dag.py:3211} INFO - Sync 4 DAGs
[2024-08-20T03:35:16.388+0000] {logging_mixin.py:190} INFO - [2024-08-20T03:35:16.388+0000] {dag.py:4138} INFO - Setting next_dagrun for dataset_alias_example_alias_consumer_with_no_taskflow to None, run_after=None
[2024-08-20T03:35:16.391+0000] {logging_mixin.py:190} INFO - [2024-08-20T03:35:16.391+0000] {dag.py:4138} INFO - Setting next_dagrun for dataset_alias_example_alias_producer_with_no_taskflow to None, run_after=None
[2024-08-20T03:35:16.393+0000] {logging_mixin.py:190} INFO - [2024-08-20T03:35:16.393+0000] {dag.py:4138} INFO - Setting next_dagrun for dataset_s3_bucket_consumer_with_no_taskflow to None, run_after=None
[2024-08-20T03:35:16.395+0000] {logging_mixin.py:190} INFO - [2024-08-20T03:35:16.395+0000] {dag.py:4138} INFO - Setting next_dagrun for dataset_s3_bucket_producer_with_no_taskflow to None, run_after=None
[2024-08-20T03:35:16.422+0000] {processor.py:208} INFO - Processing /home/airflow/.local/lib/python3.12/site-packages/airflow/example_dags/example_dataset_alias_with_no_taskflow.py took 0.247 seconds
[2024-08-20T03:35:46.658+0000] {processor.py:186} INFO - Started process (PID=2235) to work on /home/airflow/.local/lib/python3.12/site-packages/airflow/example_dags/example_dataset_alias_with_no_taskflow.py
[2024-08-20T03:35:46.659+0000] {processor.py:914} INFO - Processing file /home/airflow/.local/lib/python3.12/site-packages/airflow/example_dags/example_dataset_alias_with_no_taskflow.py for tasks to queue
[2024-08-20T03:35:46.662+0000] {logging_mixin.py:190} INFO - [2024-08-20T03:35:46.662+0000] {dagbag.py:587} INFO - Filling up the DagBag from /home/airflow/.local/lib/python3.12/site-packages/airflow/example_dags/example_dataset_alias_with_no_taskflow.py
[2024-08-20T03:35:46.828+0000] {processor.py:925} INFO - DAG(s) 'dataset_s3_bucket_producer_with_no_taskflow', 'dataset_alias_example_alias_consumer_with_no_taskflow', 'dataset_s3_bucket_consumer_with_no_taskflow', 'dataset_alias_example_alias_producer_with_no_taskflow' retrieved from /home/airflow/.local/lib/python3.12/site-packages/airflow/example_dags/example_dataset_alias_with_no_taskflow.py
[2024-08-20T03:35:46.859+0000] {logging_mixin.py:190} INFO - [2024-08-20T03:35:46.858+0000] {dag.py:3211} INFO - Sync 4 DAGs
[2024-08-20T03:35:46.885+0000] {logging_mixin.py:190} INFO - [2024-08-20T03:35:46.884+0000] {dag.py:4138} INFO - Setting next_dagrun for dataset_alias_example_alias_consumer_with_no_taskflow to None, run_after=None
[2024-08-20T03:35:46.888+0000] {logging_mixin.py:190} INFO - [2024-08-20T03:35:46.888+0000] {dag.py:4138} INFO - Setting next_dagrun for dataset_alias_example_alias_producer_with_no_taskflow to None, run_after=None
[2024-08-20T03:35:46.890+0000] {logging_mixin.py:190} INFO - [2024-08-20T03:35:46.890+0000] {dag.py:4138} INFO - Setting next_dagrun for dataset_s3_bucket_consumer_with_no_taskflow to None, run_after=None
[2024-08-20T03:35:46.892+0000] {logging_mixin.py:190} INFO - [2024-08-20T03:35:46.892+0000] {dag.py:4138} INFO - Setting next_dagrun for dataset_s3_bucket_producer_with_no_taskflow to None, run_after=None
[2024-08-20T03:35:46.936+0000] {processor.py:208} INFO - Processing /home/airflow/.local/lib/python3.12/site-packages/airflow/example_dags/example_dataset_alias_with_no_taskflow.py took 0.287 seconds
[2024-08-20T03:36:17.187+0000] {processor.py:186} INFO - Started process (PID=2521) to work on /home/airflow/.local/lib/python3.12/site-packages/airflow/example_dags/example_dataset_alias_with_no_taskflow.py
[2024-08-20T03:36:17.188+0000] {processor.py:914} INFO - Processing file /home/airflow/.local/lib/python3.12/site-packages/airflow/example_dags/example_dataset_alias_with_no_taskflow.py for tasks to queue
[2024-08-20T03:36:17.192+0000] {logging_mixin.py:190} INFO - [2024-08-20T03:36:17.191+0000] {dagbag.py:587} INFO - Filling up the DagBag from /home/airflow/.local/lib/python3.12/site-packages/airflow/example_dags/example_dataset_alias_with_no_taskflow.py
[2024-08-20T03:36:17.369+0000] {processor.py:925} INFO - DAG(s) 'dataset_alias_example_alias_consumer_with_no_taskflow', 'dataset_s3_bucket_producer_with_no_taskflow', 'dataset_alias_example_alias_producer_with_no_taskflow', 'dataset_s3_bucket_consumer_with_no_taskflow' retrieved from /home/airflow/.local/lib/python3.12/site-packages/airflow/example_dags/example_dataset_alias_with_no_taskflow.py
[2024-08-20T03:36:17.405+0000] {logging_mixin.py:190} INFO - [2024-08-20T03:36:17.405+0000] {dag.py:3211} INFO - Sync 4 DAGs
[2024-08-20T03:36:17.439+0000] {logging_mixin.py:190} INFO - [2024-08-20T03:36:17.438+0000] {dag.py:4138} INFO - Setting next_dagrun for dataset_alias_example_alias_consumer_with_no_taskflow to None, run_after=None
[2024-08-20T03:36:17.442+0000] {logging_mixin.py:190} INFO - [2024-08-20T03:36:17.442+0000] {dag.py:4138} INFO - Setting next_dagrun for dataset_alias_example_alias_producer_with_no_taskflow to None, run_after=None
[2024-08-20T03:36:17.445+0000] {logging_mixin.py:190} INFO - [2024-08-20T03:36:17.444+0000] {dag.py:4138} INFO - Setting next_dagrun for dataset_s3_bucket_consumer_with_no_taskflow to None, run_after=None
[2024-08-20T03:36:17.447+0000] {logging_mixin.py:190} INFO - [2024-08-20T03:36:17.447+0000] {dag.py:4138} INFO - Setting next_dagrun for dataset_s3_bucket_producer_with_no_taskflow to None, run_after=None
[2024-08-20T03:36:17.488+0000] {processor.py:208} INFO - Processing /home/airflow/.local/lib/python3.12/site-packages/airflow/example_dags/example_dataset_alias_with_no_taskflow.py took 0.309 seconds
[2024-08-20T03:36:47.669+0000] {processor.py:186} INFO - Started process (PID=2807) to work on /home/airflow/.local/lib/python3.12/site-packages/airflow/example_dags/example_dataset_alias_with_no_taskflow.py
[2024-08-20T03:36:47.670+0000] {processor.py:914} INFO - Processing file /home/airflow/.local/lib/python3.12/site-packages/airflow/example_dags/example_dataset_alias_with_no_taskflow.py for tasks to queue
[2024-08-20T03:36:47.674+0000] {logging_mixin.py:190} INFO - [2024-08-20T03:36:47.673+0000] {dagbag.py:587} INFO - Filling up the DagBag from /home/airflow/.local/lib/python3.12/site-packages/airflow/example_dags/example_dataset_alias_with_no_taskflow.py
[2024-08-20T03:36:47.827+0000] {processor.py:925} INFO - DAG(s) 'dataset_s3_bucket_producer_with_no_taskflow', 'dataset_alias_example_alias_consumer_with_no_taskflow', 'dataset_alias_example_alias_producer_with_no_taskflow', 'dataset_s3_bucket_consumer_with_no_taskflow' retrieved from /home/airflow/.local/lib/python3.12/site-packages/airflow/example_dags/example_dataset_alias_with_no_taskflow.py
[2024-08-20T03:36:47.850+0000] {logging_mixin.py:190} INFO - [2024-08-20T03:36:47.850+0000] {dag.py:3211} INFO - Sync 4 DAGs
[2024-08-20T03:36:47.876+0000] {logging_mixin.py:190} INFO - [2024-08-20T03:36:47.876+0000] {dag.py:4138} INFO - Setting next_dagrun for dataset_alias_example_alias_consumer_with_no_taskflow to None, run_after=None
[2024-08-20T03:36:47.880+0000] {logging_mixin.py:190} INFO - [2024-08-20T03:36:47.880+0000] {dag.py:4138} INFO - Setting next_dagrun for dataset_alias_example_alias_producer_with_no_taskflow to None, run_after=None
[2024-08-20T03:36:47.882+0000] {logging_mixin.py:190} INFO - [2024-08-20T03:36:47.881+0000] {dag.py:4138} INFO - Setting next_dagrun for dataset_s3_bucket_consumer_with_no_taskflow to None, run_after=None
[2024-08-20T03:36:47.884+0000] {logging_mixin.py:190} INFO - [2024-08-20T03:36:47.883+0000] {dag.py:4138} INFO - Setting next_dagrun for dataset_s3_bucket_producer_with_no_taskflow to None, run_after=None
[2024-08-20T03:36:47.911+0000] {processor.py:208} INFO - Processing /home/airflow/.local/lib/python3.12/site-packages/airflow/example_dags/example_dataset_alias_with_no_taskflow.py took 0.255 seconds
[2024-08-20T03:37:17.948+0000] {processor.py:186} INFO - Started process (PID=3093) to work on /home/airflow/.local/lib/python3.12/site-packages/airflow/example_dags/example_dataset_alias_with_no_taskflow.py
[2024-08-20T03:37:17.949+0000] {processor.py:914} INFO - Processing file /home/airflow/.local/lib/python3.12/site-packages/airflow/example_dags/example_dataset_alias_with_no_taskflow.py for tasks to queue
[2024-08-20T03:37:17.953+0000] {logging_mixin.py:190} INFO - [2024-08-20T03:37:17.953+0000] {dagbag.py:587} INFO - Filling up the DagBag from /home/airflow/.local/lib/python3.12/site-packages/airflow/example_dags/example_dataset_alias_with_no_taskflow.py
[2024-08-20T03:37:18.114+0000] {processor.py:925} INFO - DAG(s) 'dataset_alias_example_alias_producer_with_no_taskflow', 'dataset_alias_example_alias_consumer_with_no_taskflow', 'dataset_s3_bucket_consumer_with_no_taskflow', 'dataset_s3_bucket_producer_with_no_taskflow' retrieved from /home/airflow/.local/lib/python3.12/site-packages/airflow/example_dags/example_dataset_alias_with_no_taskflow.py
[2024-08-20T03:37:18.139+0000] {logging_mixin.py:190} INFO - [2024-08-20T03:37:18.139+0000] {dag.py:3211} INFO - Sync 4 DAGs
[2024-08-20T03:37:18.166+0000] {logging_mixin.py:190} INFO - [2024-08-20T03:37:18.166+0000] {dag.py:4138} INFO - Setting next_dagrun for dataset_alias_example_alias_consumer_with_no_taskflow to None, run_after=None
[2024-08-20T03:37:18.171+0000] {logging_mixin.py:190} INFO - [2024-08-20T03:37:18.170+0000] {dag.py:4138} INFO - Setting next_dagrun for dataset_alias_example_alias_producer_with_no_taskflow to None, run_after=None
[2024-08-20T03:37:18.173+0000] {logging_mixin.py:190} INFO - [2024-08-20T03:37:18.173+0000] {dag.py:4138} INFO - Setting next_dagrun for dataset_s3_bucket_consumer_with_no_taskflow to None, run_after=None
[2024-08-20T03:37:18.175+0000] {logging_mixin.py:190} INFO - [2024-08-20T03:37:18.174+0000] {dag.py:4138} INFO - Setting next_dagrun for dataset_s3_bucket_producer_with_no_taskflow to None, run_after=None
[2024-08-20T03:37:18.202+0000] {processor.py:208} INFO - Processing /home/airflow/.local/lib/python3.12/site-packages/airflow/example_dags/example_dataset_alias_with_no_taskflow.py took 0.261 seconds
[2024-08-20T03:37:48.286+0000] {processor.py:186} INFO - Started process (PID=3379) to work on /home/airflow/.local/lib/python3.12/site-packages/airflow/example_dags/example_dataset_alias_with_no_taskflow.py
[2024-08-20T03:37:48.287+0000] {processor.py:914} INFO - Processing file /home/airflow/.local/lib/python3.12/site-packages/airflow/example_dags/example_dataset_alias_with_no_taskflow.py for tasks to queue
[2024-08-20T03:37:48.291+0000] {logging_mixin.py:190} INFO - [2024-08-20T03:37:48.290+0000] {dagbag.py:587} INFO - Filling up the DagBag from /home/airflow/.local/lib/python3.12/site-packages/airflow/example_dags/example_dataset_alias_with_no_taskflow.py
[2024-08-20T03:37:48.445+0000] {processor.py:925} INFO - DAG(s) 'dataset_s3_bucket_consumer_with_no_taskflow', 'dataset_alias_example_alias_consumer_with_no_taskflow', 'dataset_s3_bucket_producer_with_no_taskflow', 'dataset_alias_example_alias_producer_with_no_taskflow' retrieved from /home/airflow/.local/lib/python3.12/site-packages/airflow/example_dags/example_dataset_alias_with_no_taskflow.py
[2024-08-20T03:37:48.468+0000] {logging_mixin.py:190} INFO - [2024-08-20T03:37:48.468+0000] {dag.py:3211} INFO - Sync 4 DAGs
[2024-08-20T03:37:48.494+0000] {logging_mixin.py:190} INFO - [2024-08-20T03:37:48.494+0000] {dag.py:4138} INFO - Setting next_dagrun for dataset_alias_example_alias_consumer_with_no_taskflow to None, run_after=None
[2024-08-20T03:37:48.498+0000] {logging_mixin.py:190} INFO - [2024-08-20T03:37:48.498+0000] {dag.py:4138} INFO - Setting next_dagrun for dataset_alias_example_alias_producer_with_no_taskflow to None, run_after=None
[2024-08-20T03:37:48.500+0000] {logging_mixin.py:190} INFO - [2024-08-20T03:37:48.499+0000] {dag.py:4138} INFO - Setting next_dagrun for dataset_s3_bucket_consumer_with_no_taskflow to None, run_after=None
[2024-08-20T03:37:48.502+0000] {logging_mixin.py:190} INFO - [2024-08-20T03:37:48.501+0000] {dag.py:4138} INFO - Setting next_dagrun for dataset_s3_bucket_producer_with_no_taskflow to None, run_after=None
[2024-08-20T03:37:48.531+0000] {processor.py:208} INFO - Processing /home/airflow/.local/lib/python3.12/site-packages/airflow/example_dags/example_dataset_alias_with_no_taskflow.py took 0.253 seconds
[2024-08-20T03:38:19.026+0000] {processor.py:186} INFO - Started process (PID=3665) to work on /home/airflow/.local/lib/python3.12/site-packages/airflow/example_dags/example_dataset_alias_with_no_taskflow.py
[2024-08-20T03:38:19.027+0000] {processor.py:914} INFO - Processing file /home/airflow/.local/lib/python3.12/site-packages/airflow/example_dags/example_dataset_alias_with_no_taskflow.py for tasks to queue
[2024-08-20T03:38:19.030+0000] {logging_mixin.py:190} INFO - [2024-08-20T03:38:19.030+0000] {dagbag.py:587} INFO - Filling up the DagBag from /home/airflow/.local/lib/python3.12/site-packages/airflow/example_dags/example_dataset_alias_with_no_taskflow.py
[2024-08-20T03:38:19.181+0000] {processor.py:925} INFO - DAG(s) 'dataset_alias_example_alias_producer_with_no_taskflow', 'dataset_s3_bucket_consumer_with_no_taskflow', 'dataset_alias_example_alias_consumer_with_no_taskflow', 'dataset_s3_bucket_producer_with_no_taskflow' retrieved from /home/airflow/.local/lib/python3.12/site-packages/airflow/example_dags/example_dataset_alias_with_no_taskflow.py
[2024-08-20T03:38:19.206+0000] {logging_mixin.py:190} INFO - [2024-08-20T03:38:19.206+0000] {dag.py:3211} INFO - Sync 4 DAGs
[2024-08-20T03:38:19.230+0000] {logging_mixin.py:190} INFO - [2024-08-20T03:38:19.230+0000] {dag.py:4138} INFO - Setting next_dagrun for dataset_alias_example_alias_consumer_with_no_taskflow to None, run_after=None
[2024-08-20T03:38:19.234+0000] {logging_mixin.py:190} INFO - [2024-08-20T03:38:19.234+0000] {dag.py:4138} INFO - Setting next_dagrun for dataset_alias_example_alias_producer_with_no_taskflow to None, run_after=None
[2024-08-20T03:38:19.236+0000] {logging_mixin.py:190} INFO - [2024-08-20T03:38:19.236+0000] {dag.py:4138} INFO - Setting next_dagrun for dataset_s3_bucket_consumer_with_no_taskflow to None, run_after=None
[2024-08-20T03:38:19.238+0000] {logging_mixin.py:190} INFO - [2024-08-20T03:38:19.238+0000] {dag.py:4138} INFO - Setting next_dagrun for dataset_s3_bucket_producer_with_no_taskflow to None, run_after=None
[2024-08-20T03:38:19.271+0000] {processor.py:208} INFO - Processing /home/airflow/.local/lib/python3.12/site-packages/airflow/example_dags/example_dataset_alias_with_no_taskflow.py took 0.255 seconds
[2024-08-20T03:38:49.312+0000] {processor.py:186} INFO - Started process (PID=3954) to work on /home/airflow/.local/lib/python3.12/site-packages/airflow/example_dags/example_dataset_alias_with_no_taskflow.py
[2024-08-20T03:38:49.313+0000] {processor.py:914} INFO - Processing file /home/airflow/.local/lib/python3.12/site-packages/airflow/example_dags/example_dataset_alias_with_no_taskflow.py for tasks to queue
[2024-08-20T03:38:49.316+0000] {logging_mixin.py:190} INFO - [2024-08-20T03:38:49.315+0000] {dagbag.py:587} INFO - Filling up the DagBag from /home/airflow/.local/lib/python3.12/site-packages/airflow/example_dags/example_dataset_alias_with_no_taskflow.py
[2024-08-20T03:38:49.458+0000] {processor.py:925} INFO - DAG(s) 'dataset_alias_example_alias_producer_with_no_taskflow', 'dataset_s3_bucket_producer_with_no_taskflow', 'dataset_alias_example_alias_consumer_with_no_taskflow', 'dataset_s3_bucket_consumer_with_no_taskflow' retrieved from /home/airflow/.local/lib/python3.12/site-packages/airflow/example_dags/example_dataset_alias_with_no_taskflow.py
[2024-08-20T03:38:49.483+0000] {logging_mixin.py:190} INFO - [2024-08-20T03:38:49.482+0000] {dag.py:3211} INFO - Sync 4 DAGs
[2024-08-20T03:38:49.508+0000] {logging_mixin.py:190} INFO - [2024-08-20T03:38:49.507+0000] {dag.py:4138} INFO - Setting next_dagrun for dataset_alias_example_alias_consumer_with_no_taskflow to None, run_after=None
[2024-08-20T03:38:49.511+0000] {logging_mixin.py:190} INFO - [2024-08-20T03:38:49.511+0000] {dag.py:4138} INFO - Setting next_dagrun for dataset_alias_example_alias_producer_with_no_taskflow to None, run_after=None
[2024-08-20T03:38:49.513+0000] {logging_mixin.py:190} INFO - [2024-08-20T03:38:49.512+0000] {dag.py:4138} INFO - Setting next_dagrun for dataset_s3_bucket_consumer_with_no_taskflow to None, run_after=None
[2024-08-20T03:38:49.514+0000] {logging_mixin.py:190} INFO - [2024-08-20T03:38:49.514+0000] {dag.py:4138} INFO - Setting next_dagrun for dataset_s3_bucket_producer_with_no_taskflow to None, run_after=None
[2024-08-20T03:38:49.557+0000] {processor.py:208} INFO - Processing /home/airflow/.local/lib/python3.12/site-packages/airflow/example_dags/example_dataset_alias_with_no_taskflow.py took 0.252 seconds
[2024-08-20T03:39:19.633+0000] {processor.py:186} INFO - Started process (PID=4237) to work on /home/airflow/.local/lib/python3.12/site-packages/airflow/example_dags/example_dataset_alias_with_no_taskflow.py
[2024-08-20T03:39:19.634+0000] {processor.py:914} INFO - Processing file /home/airflow/.local/lib/python3.12/site-packages/airflow/example_dags/example_dataset_alias_with_no_taskflow.py for tasks to queue
[2024-08-20T03:39:19.638+0000] {logging_mixin.py:190} INFO - [2024-08-20T03:39:19.637+0000] {dagbag.py:587} INFO - Filling up the DagBag from /home/airflow/.local/lib/python3.12/site-packages/airflow/example_dags/example_dataset_alias_with_no_taskflow.py
[2024-08-20T03:39:19.780+0000] {processor.py:925} INFO - DAG(s) 'dataset_alias_example_alias_consumer_with_no_taskflow', 'dataset_alias_example_alias_producer_with_no_taskflow', 'dataset_s3_bucket_consumer_with_no_taskflow', 'dataset_s3_bucket_producer_with_no_taskflow' retrieved from /home/airflow/.local/lib/python3.12/site-packages/airflow/example_dags/example_dataset_alias_with_no_taskflow.py
[2024-08-20T03:39:19.802+0000] {logging_mixin.py:190} INFO - [2024-08-20T03:39:19.801+0000] {dag.py:3211} INFO - Sync 4 DAGs
[2024-08-20T03:39:19.828+0000] {logging_mixin.py:190} INFO - [2024-08-20T03:39:19.827+0000] {dag.py:4138} INFO - Setting next_dagrun for dataset_alias_example_alias_consumer_with_no_taskflow to None, run_after=None
[2024-08-20T03:39:19.831+0000] {logging_mixin.py:190} INFO - [2024-08-20T03:39:19.830+0000] {dag.py:4138} INFO - Setting next_dagrun for dataset_alias_example_alias_producer_with_no_taskflow to None, run_after=None
[2024-08-20T03:39:19.832+0000] {logging_mixin.py:190} INFO - [2024-08-20T03:39:19.832+0000] {dag.py:4138} INFO - Setting next_dagrun for dataset_s3_bucket_consumer_with_no_taskflow to None, run_after=None
[2024-08-20T03:39:19.834+0000] {logging_mixin.py:190} INFO - [2024-08-20T03:39:19.834+0000] {dag.py:4138} INFO - Setting next_dagrun for dataset_s3_bucket_producer_with_no_taskflow to None, run_after=None
[2024-08-20T03:39:19.862+0000] {processor.py:208} INFO - Processing /home/airflow/.local/lib/python3.12/site-packages/airflow/example_dags/example_dataset_alias_with_no_taskflow.py took 0.238 seconds
[2024-08-20T03:39:50.007+0000] {processor.py:186} INFO - Started process (PID=4523) to work on /home/airflow/.local/lib/python3.12/site-packages/airflow/example_dags/example_dataset_alias_with_no_taskflow.py
[2024-08-20T03:39:50.008+0000] {processor.py:914} INFO - Processing file /home/airflow/.local/lib/python3.12/site-packages/airflow/example_dags/example_dataset_alias_with_no_taskflow.py for tasks to queue
[2024-08-20T03:39:50.012+0000] {logging_mixin.py:190} INFO - [2024-08-20T03:39:50.011+0000] {dagbag.py:587} INFO - Filling up the DagBag from /home/airflow/.local/lib/python3.12/site-packages/airflow/example_dags/example_dataset_alias_with_no_taskflow.py
[2024-08-20T03:39:50.158+0000] {processor.py:925} INFO - DAG(s) 'dataset_alias_example_alias_producer_with_no_taskflow', 'dataset_s3_bucket_producer_with_no_taskflow', 'dataset_s3_bucket_consumer_with_no_taskflow', 'dataset_alias_example_alias_consumer_with_no_taskflow' retrieved from /home/airflow/.local/lib/python3.12/site-packages/airflow/example_dags/example_dataset_alias_with_no_taskflow.py
[2024-08-20T03:39:50.185+0000] {logging_mixin.py:190} INFO - [2024-08-20T03:39:50.185+0000] {dag.py:3211} INFO - Sync 4 DAGs
[2024-08-20T03:39:50.212+0000] {logging_mixin.py:190} INFO - [2024-08-20T03:39:50.212+0000] {dag.py:4138} INFO - Setting next_dagrun for dataset_alias_example_alias_consumer_with_no_taskflow to None, run_after=None
[2024-08-20T03:39:50.215+0000] {logging_mixin.py:190} INFO - [2024-08-20T03:39:50.215+0000] {dag.py:4138} INFO - Setting next_dagrun for dataset_alias_example_alias_producer_with_no_taskflow to None, run_after=None
[2024-08-20T03:39:50.217+0000] {logging_mixin.py:190} INFO - [2024-08-20T03:39:50.217+0000] {dag.py:4138} INFO - Setting next_dagrun for dataset_s3_bucket_consumer_with_no_taskflow to None, run_after=None
[2024-08-20T03:39:50.219+0000] {logging_mixin.py:190} INFO - [2024-08-20T03:39:50.219+0000] {dag.py:4138} INFO - Setting next_dagrun for dataset_s3_bucket_producer_with_no_taskflow to None, run_after=None
[2024-08-20T03:39:50.246+0000] {processor.py:208} INFO - Processing /home/airflow/.local/lib/python3.12/site-packages/airflow/example_dags/example_dataset_alias_with_no_taskflow.py took 0.249 seconds
[2024-08-20T03:40:20.305+0000] {processor.py:186} INFO - Started process (PID=4814) to work on /home/airflow/.local/lib/python3.12/site-packages/airflow/example_dags/example_dataset_alias_with_no_taskflow.py
[2024-08-20T03:40:20.306+0000] {processor.py:914} INFO - Processing file /home/airflow/.local/lib/python3.12/site-packages/airflow/example_dags/example_dataset_alias_with_no_taskflow.py for tasks to queue
[2024-08-20T03:40:20.309+0000] {logging_mixin.py:190} INFO - [2024-08-20T03:40:20.309+0000] {dagbag.py:587} INFO - Filling up the DagBag from /home/airflow/.local/lib/python3.12/site-packages/airflow/example_dags/example_dataset_alias_with_no_taskflow.py
[2024-08-20T03:40:20.457+0000] {processor.py:925} INFO - DAG(s) 'dataset_s3_bucket_consumer_with_no_taskflow', 'dataset_alias_example_alias_consumer_with_no_taskflow', 'dataset_alias_example_alias_producer_with_no_taskflow', 'dataset_s3_bucket_producer_with_no_taskflow' retrieved from /home/airflow/.local/lib/python3.12/site-packages/airflow/example_dags/example_dataset_alias_with_no_taskflow.py
[2024-08-20T03:40:20.491+0000] {logging_mixin.py:190} INFO - [2024-08-20T03:40:20.490+0000] {dag.py:3211} INFO - Sync 4 DAGs
[2024-08-20T03:40:20.526+0000] {logging_mixin.py:190} INFO - [2024-08-20T03:40:20.526+0000] {dag.py:4138} INFO - Setting next_dagrun for dataset_alias_example_alias_consumer_with_no_taskflow to None, run_after=None
[2024-08-20T03:40:20.531+0000] {logging_mixin.py:190} INFO - [2024-08-20T03:40:20.531+0000] {dag.py:4138} INFO - Setting next_dagrun for dataset_alias_example_alias_producer_with_no_taskflow to None, run_after=None
[2024-08-20T03:40:20.533+0000] {logging_mixin.py:190} INFO - [2024-08-20T03:40:20.533+0000] {dag.py:4138} INFO - Setting next_dagrun for dataset_s3_bucket_consumer_with_no_taskflow to None, run_after=None
[2024-08-20T03:40:20.535+0000] {logging_mixin.py:190} INFO - [2024-08-20T03:40:20.534+0000] {dag.py:4138} INFO - Setting next_dagrun for dataset_s3_bucket_producer_with_no_taskflow to None, run_after=None
[2024-08-20T03:40:20.563+0000] {processor.py:208} INFO - Processing /home/airflow/.local/lib/python3.12/site-packages/airflow/example_dags/example_dataset_alias_with_no_taskflow.py took 0.266 seconds
[2024-08-20T03:40:50.736+0000] {processor.py:186} INFO - Started process (PID=5103) to work on /home/airflow/.local/lib/python3.12/site-packages/airflow/example_dags/example_dataset_alias_with_no_taskflow.py
[2024-08-20T03:40:50.737+0000] {processor.py:914} INFO - Processing file /home/airflow/.local/lib/python3.12/site-packages/airflow/example_dags/example_dataset_alias_with_no_taskflow.py for tasks to queue
[2024-08-20T03:40:50.740+0000] {logging_mixin.py:190} INFO - [2024-08-20T03:40:50.740+0000] {dagbag.py:587} INFO - Filling up the DagBag from /home/airflow/.local/lib/python3.12/site-packages/airflow/example_dags/example_dataset_alias_with_no_taskflow.py
[2024-08-20T03:40:50.889+0000] {processor.py:925} INFO - DAG(s) 'dataset_alias_example_alias_producer_with_no_taskflow', 'dataset_s3_bucket_consumer_with_no_taskflow', 'dataset_alias_example_alias_consumer_with_no_taskflow', 'dataset_s3_bucket_producer_with_no_taskflow' retrieved from /home/airflow/.local/lib/python3.12/site-packages/airflow/example_dags/example_dataset_alias_with_no_taskflow.py
[2024-08-20T03:40:50.915+0000] {logging_mixin.py:190} INFO - [2024-08-20T03:40:50.914+0000] {dag.py:3211} INFO - Sync 4 DAGs
[2024-08-20T03:40:50.940+0000] {logging_mixin.py:190} INFO - [2024-08-20T03:40:50.940+0000] {dag.py:4138} INFO - Setting next_dagrun for dataset_alias_example_alias_consumer_with_no_taskflow to None, run_after=None
[2024-08-20T03:40:50.944+0000] {logging_mixin.py:190} INFO - [2024-08-20T03:40:50.943+0000] {dag.py:4138} INFO - Setting next_dagrun for dataset_alias_example_alias_producer_with_no_taskflow to None, run_after=None
[2024-08-20T03:40:50.946+0000] {logging_mixin.py:190} INFO - [2024-08-20T03:40:50.945+0000] {dag.py:4138} INFO - Setting next_dagrun for dataset_s3_bucket_consumer_with_no_taskflow to None, run_after=None
[2024-08-20T03:40:50.949+0000] {logging_mixin.py:190} INFO - [2024-08-20T03:40:50.948+0000] {dag.py:4138} INFO - Setting next_dagrun for dataset_s3_bucket_producer_with_no_taskflow to None, run_after=None
[2024-08-20T03:40:50.975+0000] {processor.py:208} INFO - Processing /home/airflow/.local/lib/python3.12/site-packages/airflow/example_dags/example_dataset_alias_with_no_taskflow.py took 0.245 seconds
[2024-08-20T03:41:21.187+0000] {processor.py:186} INFO - Started process (PID=5381) to work on /home/airflow/.local/lib/python3.12/site-packages/airflow/example_dags/example_dataset_alias_with_no_taskflow.py
[2024-08-20T03:41:21.189+0000] {processor.py:914} INFO - Processing file /home/airflow/.local/lib/python3.12/site-packages/airflow/example_dags/example_dataset_alias_with_no_taskflow.py for tasks to queue
[2024-08-20T03:41:21.193+0000] {logging_mixin.py:190} INFO - [2024-08-20T03:41:21.192+0000] {dagbag.py:587} INFO - Filling up the DagBag from /home/airflow/.local/lib/python3.12/site-packages/airflow/example_dags/example_dataset_alias_with_no_taskflow.py
[2024-08-20T03:41:21.343+0000] {processor.py:925} INFO - DAG(s) 'dataset_s3_bucket_consumer_with_no_taskflow', 'dataset_alias_example_alias_consumer_with_no_taskflow', 'dataset_s3_bucket_producer_with_no_taskflow', 'dataset_alias_example_alias_producer_with_no_taskflow' retrieved from /home/airflow/.local/lib/python3.12/site-packages/airflow/example_dags/example_dataset_alias_with_no_taskflow.py
[2024-08-20T03:41:21.369+0000] {logging_mixin.py:190} INFO - [2024-08-20T03:41:21.368+0000] {dag.py:3211} INFO - Sync 4 DAGs
[2024-08-20T03:41:21.396+0000] {logging_mixin.py:190} INFO - [2024-08-20T03:41:21.395+0000] {dag.py:4138} INFO - Setting next_dagrun for dataset_alias_example_alias_consumer_with_no_taskflow to None, run_after=None
[2024-08-20T03:41:21.400+0000] {logging_mixin.py:190} INFO - [2024-08-20T03:41:21.400+0000] {dag.py:4138} INFO - Setting next_dagrun for dataset_alias_example_alias_producer_with_no_taskflow to None, run_after=None
[2024-08-20T03:41:21.402+0000] {logging_mixin.py:190} INFO - [2024-08-20T03:41:21.402+0000] {dag.py:4138} INFO - Setting next_dagrun for dataset_s3_bucket_consumer_with_no_taskflow to None, run_after=None
[2024-08-20T03:41:21.406+0000] {logging_mixin.py:190} INFO - [2024-08-20T03:41:21.406+0000] {dag.py:4138} INFO - Setting next_dagrun for dataset_s3_bucket_producer_with_no_taskflow to None, run_after=None
[2024-08-20T03:41:21.436+0000] {processor.py:208} INFO - Processing /home/airflow/.local/lib/python3.12/site-packages/airflow/example_dags/example_dataset_alias_with_no_taskflow.py took 0.262 seconds
[2024-08-20T03:41:51.535+0000] {processor.py:186} INFO - Started process (PID=5672) to work on /home/airflow/.local/lib/python3.12/site-packages/airflow/example_dags/example_dataset_alias_with_no_taskflow.py
[2024-08-20T03:41:51.536+0000] {processor.py:914} INFO - Processing file /home/airflow/.local/lib/python3.12/site-packages/airflow/example_dags/example_dataset_alias_with_no_taskflow.py for tasks to queue
[2024-08-20T03:41:51.539+0000] {logging_mixin.py:190} INFO - [2024-08-20T03:41:51.539+0000] {dagbag.py:587} INFO - Filling up the DagBag from /home/airflow/.local/lib/python3.12/site-packages/airflow/example_dags/example_dataset_alias_with_no_taskflow.py
[2024-08-20T03:41:51.682+0000] {processor.py:925} INFO - DAG(s) 'dataset_s3_bucket_producer_with_no_taskflow', 'dataset_s3_bucket_consumer_with_no_taskflow', 'dataset_alias_example_alias_producer_with_no_taskflow', 'dataset_alias_example_alias_consumer_with_no_taskflow' retrieved from /home/airflow/.local/lib/python3.12/site-packages/airflow/example_dags/example_dataset_alias_with_no_taskflow.py
[2024-08-20T03:41:51.704+0000] {logging_mixin.py:190} INFO - [2024-08-20T03:41:51.704+0000] {dag.py:3211} INFO - Sync 4 DAGs
[2024-08-20T03:41:51.730+0000] {logging_mixin.py:190} INFO - [2024-08-20T03:41:51.730+0000] {dag.py:4138} INFO - Setting next_dagrun for dataset_alias_example_alias_consumer_with_no_taskflow to None, run_after=None
[2024-08-20T03:41:51.734+0000] {logging_mixin.py:190} INFO - [2024-08-20T03:41:51.733+0000] {dag.py:4138} INFO - Setting next_dagrun for dataset_alias_example_alias_producer_with_no_taskflow to None, run_after=None
[2024-08-20T03:41:51.736+0000] {logging_mixin.py:190} INFO - [2024-08-20T03:41:51.735+0000] {dag.py:4138} INFO - Setting next_dagrun for dataset_s3_bucket_consumer_with_no_taskflow to None, run_after=None
[2024-08-20T03:41:51.737+0000] {logging_mixin.py:190} INFO - [2024-08-20T03:41:51.737+0000] {dag.py:4138} INFO - Setting next_dagrun for dataset_s3_bucket_producer_with_no_taskflow to None, run_after=None
[2024-08-20T03:41:51.765+0000] {processor.py:208} INFO - Processing /home/airflow/.local/lib/python3.12/site-packages/airflow/example_dags/example_dataset_alias_with_no_taskflow.py took 0.238 seconds
