[2024-08-20T03:32:15.604+0000] {processor.py:186} INFO - Started process (PID=321) to work on /home/airflow/.local/lib/python3.12/site-packages/airflow/example_dags/example_sensors.py
[2024-08-20T03:32:15.605+0000] {processor.py:914} INFO - Processing file /home/airflow/.local/lib/python3.12/site-packages/airflow/example_dags/example_sensors.py for tasks to queue
[2024-08-20T03:32:15.608+0000] {logging_mixin.py:190} INFO - [2024-08-20T03:32:15.608+0000] {dagbag.py:587} INFO - Filling up the DagBag from /home/airflow/.local/lib/python3.12/site-packages/airflow/example_dags/example_sensors.py
[2024-08-20T03:32:15.622+0000] {processor.py:925} INFO - DAG(s) 'example_sensors' retrieved from /home/airflow/.local/lib/python3.12/site-packages/airflow/example_dags/example_sensors.py
[2024-08-20T03:32:15.767+0000] {logging_mixin.py:190} INFO - [2024-08-20T03:32:15.766+0000] {override.py:1858} INFO - Created Permission View: can read on DAG:example_sensors
[2024-08-20T03:32:15.781+0000] {logging_mixin.py:190} INFO - [2024-08-20T03:32:15.780+0000] {override.py:1858} INFO - Created Permission View: can delete on DAG:example_sensors
[2024-08-20T03:32:15.792+0000] {logging_mixin.py:190} INFO - [2024-08-20T03:32:15.792+0000] {override.py:1858} INFO - Created Permission View: can edit on DAG:example_sensors
[2024-08-20T03:32:15.793+0000] {logging_mixin.py:190} INFO - [2024-08-20T03:32:15.793+0000] {dag.py:3211} INFO - Sync 1 DAGs
[2024-08-20T03:32:15.808+0000] {logging_mixin.py:190} INFO - [2024-08-20T03:32:15.808+0000] {dag.py:3234} INFO - Creating ORM DAG for example_sensors
[2024-08-20T03:32:15.809+0000] {logging_mixin.py:190} INFO - [2024-08-20T03:32:15.809+0000] {dag.py:4138} INFO - Setting next_dagrun for example_sensors to None, run_after=None
[2024-08-20T03:32:15.832+0000] {processor.py:208} INFO - Processing /home/airflow/.local/lib/python3.12/site-packages/airflow/example_dags/example_sensors.py took 0.236 seconds
[2024-08-20T03:32:46.122+0000] {processor.py:186} INFO - Started process (PID=607) to work on /home/airflow/.local/lib/python3.12/site-packages/airflow/example_dags/example_sensors.py
[2024-08-20T03:32:46.123+0000] {processor.py:914} INFO - Processing file /home/airflow/.local/lib/python3.12/site-packages/airflow/example_dags/example_sensors.py for tasks to queue
[2024-08-20T03:32:46.127+0000] {logging_mixin.py:190} INFO - [2024-08-20T03:32:46.126+0000] {dagbag.py:587} INFO - Filling up the DagBag from /home/airflow/.local/lib/python3.12/site-packages/airflow/example_dags/example_sensors.py
[2024-08-20T03:32:46.146+0000] {processor.py:925} INFO - DAG(s) 'example_sensors' retrieved from /home/airflow/.local/lib/python3.12/site-packages/airflow/example_dags/example_sensors.py
[2024-08-20T03:32:46.179+0000] {logging_mixin.py:190} INFO - [2024-08-20T03:32:46.179+0000] {dag.py:3211} INFO - Sync 1 DAGs
[2024-08-20T03:32:46.200+0000] {logging_mixin.py:190} INFO - [2024-08-20T03:32:46.200+0000] {dag.py:4138} INFO - Setting next_dagrun for example_sensors to None, run_after=None
[2024-08-20T03:32:46.226+0000] {processor.py:208} INFO - Processing /home/airflow/.local/lib/python3.12/site-packages/airflow/example_dags/example_sensors.py took 0.112 seconds
[2024-08-20T03:33:16.344+0000] {processor.py:186} INFO - Started process (PID=888) to work on /home/airflow/.local/lib/python3.12/site-packages/airflow/example_dags/example_sensors.py
[2024-08-20T03:33:16.345+0000] {processor.py:914} INFO - Processing file /home/airflow/.local/lib/python3.12/site-packages/airflow/example_dags/example_sensors.py for tasks to queue
[2024-08-20T03:33:16.348+0000] {logging_mixin.py:190} INFO - [2024-08-20T03:33:16.347+0000] {dagbag.py:587} INFO - Filling up the DagBag from /home/airflow/.local/lib/python3.12/site-packages/airflow/example_dags/example_sensors.py
[2024-08-20T03:33:16.360+0000] {processor.py:925} INFO - DAG(s) 'example_sensors' retrieved from /home/airflow/.local/lib/python3.12/site-packages/airflow/example_dags/example_sensors.py
[2024-08-20T03:33:16.395+0000] {logging_mixin.py:190} INFO - [2024-08-20T03:33:16.395+0000] {dag.py:3211} INFO - Sync 1 DAGs
[2024-08-20T03:33:16.412+0000] {logging_mixin.py:190} INFO - [2024-08-20T03:33:16.411+0000] {dag.py:4138} INFO - Setting next_dagrun for example_sensors to None, run_after=None
[2024-08-20T03:33:16.442+0000] {processor.py:208} INFO - Processing /home/airflow/.local/lib/python3.12/site-packages/airflow/example_dags/example_sensors.py took 0.104 seconds
[2024-08-20T03:33:46.732+0000] {processor.py:186} INFO - Started process (PID=1174) to work on /home/airflow/.local/lib/python3.12/site-packages/airflow/example_dags/example_sensors.py
[2024-08-20T03:33:46.733+0000] {processor.py:914} INFO - Processing file /home/airflow/.local/lib/python3.12/site-packages/airflow/example_dags/example_sensors.py for tasks to queue
[2024-08-20T03:33:46.736+0000] {logging_mixin.py:190} INFO - [2024-08-20T03:33:46.735+0000] {dagbag.py:587} INFO - Filling up the DagBag from /home/airflow/.local/lib/python3.12/site-packages/airflow/example_dags/example_sensors.py
[2024-08-20T03:33:46.748+0000] {processor.py:925} INFO - DAG(s) 'example_sensors' retrieved from /home/airflow/.local/lib/python3.12/site-packages/airflow/example_dags/example_sensors.py
[2024-08-20T03:33:46.776+0000] {logging_mixin.py:190} INFO - [2024-08-20T03:33:46.776+0000] {dag.py:3211} INFO - Sync 1 DAGs
[2024-08-20T03:33:46.791+0000] {logging_mixin.py:190} INFO - [2024-08-20T03:33:46.791+0000] {dag.py:4138} INFO - Setting next_dagrun for example_sensors to None, run_after=None
[2024-08-20T03:33:46.814+0000] {processor.py:208} INFO - Processing /home/airflow/.local/lib/python3.12/site-packages/airflow/example_dags/example_sensors.py took 0.090 seconds
[2024-08-20T03:34:17.181+0000] {processor.py:186} INFO - Started process (PID=1460) to work on /home/airflow/.local/lib/python3.12/site-packages/airflow/example_dags/example_sensors.py
[2024-08-20T03:34:17.182+0000] {processor.py:914} INFO - Processing file /home/airflow/.local/lib/python3.12/site-packages/airflow/example_dags/example_sensors.py for tasks to queue
[2024-08-20T03:34:17.185+0000] {logging_mixin.py:190} INFO - [2024-08-20T03:34:17.184+0000] {dagbag.py:587} INFO - Filling up the DagBag from /home/airflow/.local/lib/python3.12/site-packages/airflow/example_dags/example_sensors.py
[2024-08-20T03:34:17.197+0000] {processor.py:925} INFO - DAG(s) 'example_sensors' retrieved from /home/airflow/.local/lib/python3.12/site-packages/airflow/example_dags/example_sensors.py
[2024-08-20T03:34:17.236+0000] {logging_mixin.py:190} INFO - [2024-08-20T03:34:17.236+0000] {dag.py:3211} INFO - Sync 1 DAGs
[2024-08-20T03:34:17.259+0000] {logging_mixin.py:190} INFO - [2024-08-20T03:34:17.259+0000] {dag.py:4138} INFO - Setting next_dagrun for example_sensors to None, run_after=None
[2024-08-20T03:34:17.288+0000] {processor.py:208} INFO - Processing /home/airflow/.local/lib/python3.12/site-packages/airflow/example_dags/example_sensors.py took 0.115 seconds
[2024-08-20T03:34:47.976+0000] {processor.py:186} INFO - Started process (PID=1751) to work on /home/airflow/.local/lib/python3.12/site-packages/airflow/example_dags/example_sensors.py
[2024-08-20T03:34:47.977+0000] {processor.py:914} INFO - Processing file /home/airflow/.local/lib/python3.12/site-packages/airflow/example_dags/example_sensors.py for tasks to queue
[2024-08-20T03:34:47.981+0000] {logging_mixin.py:190} INFO - [2024-08-20T03:34:47.980+0000] {dagbag.py:587} INFO - Filling up the DagBag from /home/airflow/.local/lib/python3.12/site-packages/airflow/example_dags/example_sensors.py
[2024-08-20T03:34:48.002+0000] {processor.py:925} INFO - DAG(s) 'example_sensors' retrieved from /home/airflow/.local/lib/python3.12/site-packages/airflow/example_dags/example_sensors.py
[2024-08-20T03:34:48.035+0000] {logging_mixin.py:190} INFO - [2024-08-20T03:34:48.035+0000] {dag.py:3211} INFO - Sync 1 DAGs
[2024-08-20T03:34:48.051+0000] {logging_mixin.py:190} INFO - [2024-08-20T03:34:48.050+0000] {dag.py:4138} INFO - Setting next_dagrun for example_sensors to None, run_after=None
[2024-08-20T03:34:48.079+0000] {processor.py:208} INFO - Processing /home/airflow/.local/lib/python3.12/site-packages/airflow/example_dags/example_sensors.py took 0.110 seconds
[2024-08-20T03:35:18.607+0000] {processor.py:186} INFO - Started process (PID=2037) to work on /home/airflow/.local/lib/python3.12/site-packages/airflow/example_dags/example_sensors.py
[2024-08-20T03:35:18.608+0000] {processor.py:914} INFO - Processing file /home/airflow/.local/lib/python3.12/site-packages/airflow/example_dags/example_sensors.py for tasks to queue
[2024-08-20T03:35:18.611+0000] {logging_mixin.py:190} INFO - [2024-08-20T03:35:18.610+0000] {dagbag.py:587} INFO - Filling up the DagBag from /home/airflow/.local/lib/python3.12/site-packages/airflow/example_dags/example_sensors.py
[2024-08-20T03:35:18.622+0000] {processor.py:925} INFO - DAG(s) 'example_sensors' retrieved from /home/airflow/.local/lib/python3.12/site-packages/airflow/example_dags/example_sensors.py
[2024-08-20T03:35:18.649+0000] {logging_mixin.py:190} INFO - [2024-08-20T03:35:18.649+0000] {dag.py:3211} INFO - Sync 1 DAGs
[2024-08-20T03:35:18.668+0000] {logging_mixin.py:190} INFO - [2024-08-20T03:35:18.667+0000] {dag.py:4138} INFO - Setting next_dagrun for example_sensors to None, run_after=None
[2024-08-20T03:35:18.697+0000] {processor.py:208} INFO - Processing /home/airflow/.local/lib/python3.12/site-packages/airflow/example_dags/example_sensors.py took 0.098 seconds
[2024-08-20T03:35:49.210+0000] {processor.py:186} INFO - Started process (PID=2323) to work on /home/airflow/.local/lib/python3.12/site-packages/airflow/example_dags/example_sensors.py
[2024-08-20T03:35:49.211+0000] {processor.py:914} INFO - Processing file /home/airflow/.local/lib/python3.12/site-packages/airflow/example_dags/example_sensors.py for tasks to queue
[2024-08-20T03:35:49.214+0000] {logging_mixin.py:190} INFO - [2024-08-20T03:35:49.213+0000] {dagbag.py:587} INFO - Filling up the DagBag from /home/airflow/.local/lib/python3.12/site-packages/airflow/example_dags/example_sensors.py
[2024-08-20T03:35:49.227+0000] {processor.py:925} INFO - DAG(s) 'example_sensors' retrieved from /home/airflow/.local/lib/python3.12/site-packages/airflow/example_dags/example_sensors.py
[2024-08-20T03:35:49.258+0000] {logging_mixin.py:190} INFO - [2024-08-20T03:35:49.257+0000] {dag.py:3211} INFO - Sync 1 DAGs
[2024-08-20T03:35:49.276+0000] {logging_mixin.py:190} INFO - [2024-08-20T03:35:49.276+0000] {dag.py:4138} INFO - Setting next_dagrun for example_sensors to None, run_after=None
[2024-08-20T03:35:49.304+0000] {processor.py:208} INFO - Processing /home/airflow/.local/lib/python3.12/site-packages/airflow/example_dags/example_sensors.py took 0.101 seconds
[2024-08-20T03:36:19.721+0000] {processor.py:186} INFO - Started process (PID=2609) to work on /home/airflow/.local/lib/python3.12/site-packages/airflow/example_dags/example_sensors.py
[2024-08-20T03:36:19.722+0000] {processor.py:914} INFO - Processing file /home/airflow/.local/lib/python3.12/site-packages/airflow/example_dags/example_sensors.py for tasks to queue
[2024-08-20T03:36:19.725+0000] {logging_mixin.py:190} INFO - [2024-08-20T03:36:19.725+0000] {dagbag.py:587} INFO - Filling up the DagBag from /home/airflow/.local/lib/python3.12/site-packages/airflow/example_dags/example_sensors.py
[2024-08-20T03:36:19.739+0000] {processor.py:925} INFO - DAG(s) 'example_sensors' retrieved from /home/airflow/.local/lib/python3.12/site-packages/airflow/example_dags/example_sensors.py
[2024-08-20T03:36:19.774+0000] {logging_mixin.py:190} INFO - [2024-08-20T03:36:19.774+0000] {dag.py:3211} INFO - Sync 1 DAGs
[2024-08-20T03:36:19.789+0000] {logging_mixin.py:190} INFO - [2024-08-20T03:36:19.789+0000] {dag.py:4138} INFO - Setting next_dagrun for example_sensors to None, run_after=None
[2024-08-20T03:36:19.814+0000] {processor.py:208} INFO - Processing /home/airflow/.local/lib/python3.12/site-packages/airflow/example_dags/example_sensors.py took 0.099 seconds
[2024-08-20T03:36:49.981+0000] {processor.py:186} INFO - Started process (PID=2895) to work on /home/airflow/.local/lib/python3.12/site-packages/airflow/example_dags/example_sensors.py
[2024-08-20T03:36:49.982+0000] {processor.py:914} INFO - Processing file /home/airflow/.local/lib/python3.12/site-packages/airflow/example_dags/example_sensors.py for tasks to queue
[2024-08-20T03:36:49.985+0000] {logging_mixin.py:190} INFO - [2024-08-20T03:36:49.984+0000] {dagbag.py:587} INFO - Filling up the DagBag from /home/airflow/.local/lib/python3.12/site-packages/airflow/example_dags/example_sensors.py
[2024-08-20T03:36:49.996+0000] {processor.py:925} INFO - DAG(s) 'example_sensors' retrieved from /home/airflow/.local/lib/python3.12/site-packages/airflow/example_dags/example_sensors.py
[2024-08-20T03:36:50.022+0000] {logging_mixin.py:190} INFO - [2024-08-20T03:36:50.022+0000] {dag.py:3211} INFO - Sync 1 DAGs
[2024-08-20T03:36:50.037+0000] {logging_mixin.py:190} INFO - [2024-08-20T03:36:50.037+0000] {dag.py:4138} INFO - Setting next_dagrun for example_sensors to None, run_after=None
[2024-08-20T03:36:50.063+0000] {processor.py:208} INFO - Processing /home/airflow/.local/lib/python3.12/site-packages/airflow/example_dags/example_sensors.py took 0.088 seconds
[2024-08-20T03:37:20.368+0000] {processor.py:186} INFO - Started process (PID=3176) to work on /home/airflow/.local/lib/python3.12/site-packages/airflow/example_dags/example_sensors.py
[2024-08-20T03:37:20.369+0000] {processor.py:914} INFO - Processing file /home/airflow/.local/lib/python3.12/site-packages/airflow/example_dags/example_sensors.py for tasks to queue
[2024-08-20T03:37:20.372+0000] {logging_mixin.py:190} INFO - [2024-08-20T03:37:20.371+0000] {dagbag.py:587} INFO - Filling up the DagBag from /home/airflow/.local/lib/python3.12/site-packages/airflow/example_dags/example_sensors.py
[2024-08-20T03:37:20.383+0000] {processor.py:925} INFO - DAG(s) 'example_sensors' retrieved from /home/airflow/.local/lib/python3.12/site-packages/airflow/example_dags/example_sensors.py
[2024-08-20T03:37:20.410+0000] {logging_mixin.py:190} INFO - [2024-08-20T03:37:20.410+0000] {dag.py:3211} INFO - Sync 1 DAGs
[2024-08-20T03:37:20.428+0000] {logging_mixin.py:190} INFO - [2024-08-20T03:37:20.427+0000] {dag.py:4138} INFO - Setting next_dagrun for example_sensors to None, run_after=None
[2024-08-20T03:37:20.451+0000] {processor.py:208} INFO - Processing /home/airflow/.local/lib/python3.12/site-packages/airflow/example_dags/example_sensors.py took 0.090 seconds
[2024-08-20T03:37:50.762+0000] {processor.py:186} INFO - Started process (PID=3464) to work on /home/airflow/.local/lib/python3.12/site-packages/airflow/example_dags/example_sensors.py
[2024-08-20T03:37:50.763+0000] {processor.py:914} INFO - Processing file /home/airflow/.local/lib/python3.12/site-packages/airflow/example_dags/example_sensors.py for tasks to queue
[2024-08-20T03:37:50.766+0000] {logging_mixin.py:190} INFO - [2024-08-20T03:37:50.766+0000] {dagbag.py:587} INFO - Filling up the DagBag from /home/airflow/.local/lib/python3.12/site-packages/airflow/example_dags/example_sensors.py
[2024-08-20T03:37:50.785+0000] {processor.py:925} INFO - DAG(s) 'example_sensors' retrieved from /home/airflow/.local/lib/python3.12/site-packages/airflow/example_dags/example_sensors.py
[2024-08-20T03:37:50.820+0000] {logging_mixin.py:190} INFO - [2024-08-20T03:37:50.819+0000] {dag.py:3211} INFO - Sync 1 DAGs
[2024-08-20T03:37:50.835+0000] {logging_mixin.py:190} INFO - [2024-08-20T03:37:50.835+0000] {dag.py:4138} INFO - Setting next_dagrun for example_sensors to None, run_after=None
[2024-08-20T03:37:50.857+0000] {processor.py:208} INFO - Processing /home/airflow/.local/lib/python3.12/site-packages/airflow/example_dags/example_sensors.py took 0.102 seconds
[2024-08-20T03:38:21.244+0000] {processor.py:186} INFO - Started process (PID=3748) to work on /home/airflow/.local/lib/python3.12/site-packages/airflow/example_dags/example_sensors.py
[2024-08-20T03:38:21.245+0000] {processor.py:914} INFO - Processing file /home/airflow/.local/lib/python3.12/site-packages/airflow/example_dags/example_sensors.py for tasks to queue
[2024-08-20T03:38:21.249+0000] {logging_mixin.py:190} INFO - [2024-08-20T03:38:21.248+0000] {dagbag.py:587} INFO - Filling up the DagBag from /home/airflow/.local/lib/python3.12/site-packages/airflow/example_dags/example_sensors.py
[2024-08-20T03:38:21.263+0000] {processor.py:925} INFO - DAG(s) 'example_sensors' retrieved from /home/airflow/.local/lib/python3.12/site-packages/airflow/example_dags/example_sensors.py
[2024-08-20T03:38:21.298+0000] {logging_mixin.py:190} INFO - [2024-08-20T03:38:21.297+0000] {dag.py:3211} INFO - Sync 1 DAGs
[2024-08-20T03:38:21.313+0000] {logging_mixin.py:190} INFO - [2024-08-20T03:38:21.313+0000] {dag.py:4138} INFO - Setting next_dagrun for example_sensors to None, run_after=None
[2024-08-20T03:38:21.336+0000] {processor.py:208} INFO - Processing /home/airflow/.local/lib/python3.12/site-packages/airflow/example_dags/example_sensors.py took 0.099 seconds
[2024-08-20T03:38:51.636+0000] {processor.py:186} INFO - Started process (PID=4034) to work on /home/airflow/.local/lib/python3.12/site-packages/airflow/example_dags/example_sensors.py
[2024-08-20T03:38:51.637+0000] {processor.py:914} INFO - Processing file /home/airflow/.local/lib/python3.12/site-packages/airflow/example_dags/example_sensors.py for tasks to queue
[2024-08-20T03:38:51.640+0000] {logging_mixin.py:190} INFO - [2024-08-20T03:38:51.639+0000] {dagbag.py:587} INFO - Filling up the DagBag from /home/airflow/.local/lib/python3.12/site-packages/airflow/example_dags/example_sensors.py
[2024-08-20T03:38:51.653+0000] {processor.py:925} INFO - DAG(s) 'example_sensors' retrieved from /home/airflow/.local/lib/python3.12/site-packages/airflow/example_dags/example_sensors.py
[2024-08-20T03:38:51.686+0000] {logging_mixin.py:190} INFO - [2024-08-20T03:38:51.686+0000] {dag.py:3211} INFO - Sync 1 DAGs
[2024-08-20T03:38:51.702+0000] {logging_mixin.py:190} INFO - [2024-08-20T03:38:51.702+0000] {dag.py:4138} INFO - Setting next_dagrun for example_sensors to None, run_after=None
[2024-08-20T03:38:51.726+0000] {processor.py:208} INFO - Processing /home/airflow/.local/lib/python3.12/site-packages/airflow/example_dags/example_sensors.py took 0.096 seconds
[2024-08-20T03:39:21.966+0000] {processor.py:186} INFO - Started process (PID=4320) to work on /home/airflow/.local/lib/python3.12/site-packages/airflow/example_dags/example_sensors.py
[2024-08-20T03:39:21.967+0000] {processor.py:914} INFO - Processing file /home/airflow/.local/lib/python3.12/site-packages/airflow/example_dags/example_sensors.py for tasks to queue
[2024-08-20T03:39:21.970+0000] {logging_mixin.py:190} INFO - [2024-08-20T03:39:21.969+0000] {dagbag.py:587} INFO - Filling up the DagBag from /home/airflow/.local/lib/python3.12/site-packages/airflow/example_dags/example_sensors.py
[2024-08-20T03:39:21.981+0000] {processor.py:925} INFO - DAG(s) 'example_sensors' retrieved from /home/airflow/.local/lib/python3.12/site-packages/airflow/example_dags/example_sensors.py
[2024-08-20T03:39:22.008+0000] {logging_mixin.py:190} INFO - [2024-08-20T03:39:22.008+0000] {dag.py:3211} INFO - Sync 1 DAGs
[2024-08-20T03:39:22.028+0000] {logging_mixin.py:190} INFO - [2024-08-20T03:39:22.028+0000] {dag.py:4138} INFO - Setting next_dagrun for example_sensors to None, run_after=None
[2024-08-20T03:39:22.051+0000] {processor.py:208} INFO - Processing /home/airflow/.local/lib/python3.12/site-packages/airflow/example_dags/example_sensors.py took 0.091 seconds
[2024-08-20T03:39:52.303+0000] {processor.py:186} INFO - Started process (PID=4606) to work on /home/airflow/.local/lib/python3.12/site-packages/airflow/example_dags/example_sensors.py
[2024-08-20T03:39:52.304+0000] {processor.py:914} INFO - Processing file /home/airflow/.local/lib/python3.12/site-packages/airflow/example_dags/example_sensors.py for tasks to queue
[2024-08-20T03:39:52.307+0000] {logging_mixin.py:190} INFO - [2024-08-20T03:39:52.306+0000] {dagbag.py:587} INFO - Filling up the DagBag from /home/airflow/.local/lib/python3.12/site-packages/airflow/example_dags/example_sensors.py
[2024-08-20T03:39:52.322+0000] {processor.py:925} INFO - DAG(s) 'example_sensors' retrieved from /home/airflow/.local/lib/python3.12/site-packages/airflow/example_dags/example_sensors.py
[2024-08-20T03:39:52.352+0000] {logging_mixin.py:190} INFO - [2024-08-20T03:39:52.351+0000] {dag.py:3211} INFO - Sync 1 DAGs
[2024-08-20T03:39:52.368+0000] {logging_mixin.py:190} INFO - [2024-08-20T03:39:52.368+0000] {dag.py:4138} INFO - Setting next_dagrun for example_sensors to None, run_after=None
[2024-08-20T03:39:52.393+0000] {processor.py:208} INFO - Processing /home/airflow/.local/lib/python3.12/site-packages/airflow/example_dags/example_sensors.py took 0.097 seconds
[2024-08-20T03:40:22.569+0000] {processor.py:186} INFO - Started process (PID=4892) to work on /home/airflow/.local/lib/python3.12/site-packages/airflow/example_dags/example_sensors.py
[2024-08-20T03:40:22.570+0000] {processor.py:914} INFO - Processing file /home/airflow/.local/lib/python3.12/site-packages/airflow/example_dags/example_sensors.py for tasks to queue
[2024-08-20T03:40:22.573+0000] {logging_mixin.py:190} INFO - [2024-08-20T03:40:22.573+0000] {dagbag.py:587} INFO - Filling up the DagBag from /home/airflow/.local/lib/python3.12/site-packages/airflow/example_dags/example_sensors.py
[2024-08-20T03:40:22.585+0000] {processor.py:925} INFO - DAG(s) 'example_sensors' retrieved from /home/airflow/.local/lib/python3.12/site-packages/airflow/example_dags/example_sensors.py
[2024-08-20T03:40:22.620+0000] {logging_mixin.py:190} INFO - [2024-08-20T03:40:22.620+0000] {dag.py:3211} INFO - Sync 1 DAGs
[2024-08-20T03:40:22.640+0000] {logging_mixin.py:190} INFO - [2024-08-20T03:40:22.640+0000] {dag.py:4138} INFO - Setting next_dagrun for example_sensors to None, run_after=None
[2024-08-20T03:40:22.663+0000] {processor.py:208} INFO - Processing /home/airflow/.local/lib/python3.12/site-packages/airflow/example_dags/example_sensors.py took 0.100 seconds
[2024-08-20T03:40:52.972+0000] {processor.py:186} INFO - Started process (PID=5178) to work on /home/airflow/.local/lib/python3.12/site-packages/airflow/example_dags/example_sensors.py
[2024-08-20T03:40:52.973+0000] {processor.py:914} INFO - Processing file /home/airflow/.local/lib/python3.12/site-packages/airflow/example_dags/example_sensors.py for tasks to queue
[2024-08-20T03:40:52.976+0000] {logging_mixin.py:190} INFO - [2024-08-20T03:40:52.976+0000] {dagbag.py:587} INFO - Filling up the DagBag from /home/airflow/.local/lib/python3.12/site-packages/airflow/example_dags/example_sensors.py
[2024-08-20T03:40:52.991+0000] {processor.py:925} INFO - DAG(s) 'example_sensors' retrieved from /home/airflow/.local/lib/python3.12/site-packages/airflow/example_dags/example_sensors.py
[2024-08-20T03:40:53.026+0000] {logging_mixin.py:190} INFO - [2024-08-20T03:40:53.026+0000] {dag.py:3211} INFO - Sync 1 DAGs
[2024-08-20T03:40:53.044+0000] {logging_mixin.py:190} INFO - [2024-08-20T03:40:53.044+0000] {dag.py:4138} INFO - Setting next_dagrun for example_sensors to None, run_after=None
[2024-08-20T03:40:53.078+0000] {processor.py:208} INFO - Processing /home/airflow/.local/lib/python3.12/site-packages/airflow/example_dags/example_sensors.py took 0.113 seconds
[2024-08-20T03:41:23.453+0000] {processor.py:186} INFO - Started process (PID=5464) to work on /home/airflow/.local/lib/python3.12/site-packages/airflow/example_dags/example_sensors.py
[2024-08-20T03:41:23.454+0000] {processor.py:914} INFO - Processing file /home/airflow/.local/lib/python3.12/site-packages/airflow/example_dags/example_sensors.py for tasks to queue
[2024-08-20T03:41:23.457+0000] {logging_mixin.py:190} INFO - [2024-08-20T03:41:23.457+0000] {dagbag.py:587} INFO - Filling up the DagBag from /home/airflow/.local/lib/python3.12/site-packages/airflow/example_dags/example_sensors.py
[2024-08-20T03:41:23.470+0000] {processor.py:925} INFO - DAG(s) 'example_sensors' retrieved from /home/airflow/.local/lib/python3.12/site-packages/airflow/example_dags/example_sensors.py
[2024-08-20T03:41:23.499+0000] {logging_mixin.py:190} INFO - [2024-08-20T03:41:23.499+0000] {dag.py:3211} INFO - Sync 1 DAGs
[2024-08-20T03:41:23.516+0000] {logging_mixin.py:190} INFO - [2024-08-20T03:41:23.515+0000] {dag.py:4138} INFO - Setting next_dagrun for example_sensors to None, run_after=None
[2024-08-20T03:41:23.541+0000] {processor.py:208} INFO - Processing /home/airflow/.local/lib/python3.12/site-packages/airflow/example_dags/example_sensors.py took 0.095 seconds
[2024-08-20T03:41:53.868+0000] {processor.py:186} INFO - Started process (PID=5750) to work on /home/airflow/.local/lib/python3.12/site-packages/airflow/example_dags/example_sensors.py
[2024-08-20T03:41:53.868+0000] {processor.py:914} INFO - Processing file /home/airflow/.local/lib/python3.12/site-packages/airflow/example_dags/example_sensors.py for tasks to queue
[2024-08-20T03:41:53.871+0000] {logging_mixin.py:190} INFO - [2024-08-20T03:41:53.871+0000] {dagbag.py:587} INFO - Filling up the DagBag from /home/airflow/.local/lib/python3.12/site-packages/airflow/example_dags/example_sensors.py
[2024-08-20T03:41:53.882+0000] {processor.py:925} INFO - DAG(s) 'example_sensors' retrieved from /home/airflow/.local/lib/python3.12/site-packages/airflow/example_dags/example_sensors.py
[2024-08-20T03:41:53.909+0000] {logging_mixin.py:190} INFO - [2024-08-20T03:41:53.909+0000] {dag.py:3211} INFO - Sync 1 DAGs
[2024-08-20T03:41:53.929+0000] {logging_mixin.py:190} INFO - [2024-08-20T03:41:53.929+0000] {dag.py:4138} INFO - Setting next_dagrun for example_sensors to None, run_after=None
[2024-08-20T03:41:53.955+0000] {processor.py:208} INFO - Processing /home/airflow/.local/lib/python3.12/site-packages/airflow/example_dags/example_sensors.py took 0.093 seconds
