[2024-08-20T03:32:14.530+0000] {processor.py:186} INFO - Started process (PID=291) to work on /home/airflow/.local/lib/python3.12/site-packages/airflow/example_dags/example_sla_dag.py
[2024-08-20T03:32:14.531+0000] {processor.py:914} INFO - Processing file /home/airflow/.local/lib/python3.12/site-packages/airflow/example_dags/example_sla_dag.py for tasks to queue
[2024-08-20T03:32:14.537+0000] {logging_mixin.py:190} INFO - [2024-08-20T03:32:14.537+0000] {dagbag.py:587} INFO - Filling up the DagBag from /home/airflow/.local/lib/python3.12/site-packages/airflow/example_dags/example_sla_dag.py
[2024-08-20T03:32:14.553+0000] {processor.py:925} INFO - DAG(s) 'example_sla_dag' retrieved from /home/airflow/.local/lib/python3.12/site-packages/airflow/example_dags/example_sla_dag.py
[2024-08-20T03:32:14.697+0000] {logging_mixin.py:190} INFO - [2024-08-20T03:32:14.697+0000] {override.py:1858} INFO - Created Permission View: can read on DAG:example_sla_dag
[2024-08-20T03:32:14.711+0000] {logging_mixin.py:190} INFO - [2024-08-20T03:32:14.710+0000] {override.py:1858} INFO - Created Permission View: can delete on DAG:example_sla_dag
[2024-08-20T03:32:14.720+0000] {logging_mixin.py:190} INFO - [2024-08-20T03:32:14.720+0000] {override.py:1858} INFO - Created Permission View: can edit on DAG:example_sla_dag
[2024-08-20T03:32:14.721+0000] {logging_mixin.py:190} INFO - [2024-08-20T03:32:14.721+0000] {dag.py:3211} INFO - Sync 1 DAGs
[2024-08-20T03:32:14.740+0000] {logging_mixin.py:190} INFO - [2024-08-20T03:32:14.740+0000] {dag.py:3234} INFO - Creating ORM DAG for example_sla_dag
[2024-08-20T03:32:14.755+0000] {logging_mixin.py:190} INFO - [2024-08-20T03:32:14.755+0000] {dag.py:4138} INFO - Setting next_dagrun for example_sla_dag to 2024-08-20 03:30:00+00:00, run_after=2024-08-20 03:32:00+00:00
[2024-08-20T03:32:14.778+0000] {processor.py:208} INFO - Processing /home/airflow/.local/lib/python3.12/site-packages/airflow/example_dags/example_sla_dag.py took 0.258 seconds
[2024-08-20T03:32:45.616+0000] {processor.py:186} INFO - Started process (PID=577) to work on /home/airflow/.local/lib/python3.12/site-packages/airflow/example_dags/example_sla_dag.py
[2024-08-20T03:32:45.617+0000] {processor.py:914} INFO - Processing file /home/airflow/.local/lib/python3.12/site-packages/airflow/example_dags/example_sla_dag.py for tasks to queue
[2024-08-20T03:32:45.620+0000] {logging_mixin.py:190} INFO - [2024-08-20T03:32:45.620+0000] {dagbag.py:587} INFO - Filling up the DagBag from /home/airflow/.local/lib/python3.12/site-packages/airflow/example_dags/example_sla_dag.py
[2024-08-20T03:32:45.634+0000] {processor.py:925} INFO - DAG(s) 'example_sla_dag' retrieved from /home/airflow/.local/lib/python3.12/site-packages/airflow/example_dags/example_sla_dag.py
[2024-08-20T03:32:45.660+0000] {logging_mixin.py:190} INFO - [2024-08-20T03:32:45.659+0000] {dag.py:3211} INFO - Sync 1 DAGs
[2024-08-20T03:32:45.700+0000] {logging_mixin.py:190} INFO - [2024-08-20T03:32:45.700+0000] {dag.py:4138} INFO - Setting next_dagrun for example_sla_dag to 2024-08-20 03:30:00+00:00, run_after=2024-08-20 03:32:00+00:00
[2024-08-20T03:32:45.730+0000] {processor.py:208} INFO - Processing /home/airflow/.local/lib/python3.12/site-packages/airflow/example_dags/example_sla_dag.py took 0.121 seconds
[2024-08-20T03:33:16.061+0000] {processor.py:186} INFO - Started process (PID=863) to work on /home/airflow/.local/lib/python3.12/site-packages/airflow/example_dags/example_sla_dag.py
[2024-08-20T03:33:16.063+0000] {processor.py:914} INFO - Processing file /home/airflow/.local/lib/python3.12/site-packages/airflow/example_dags/example_sla_dag.py for tasks to queue
[2024-08-20T03:33:16.067+0000] {logging_mixin.py:190} INFO - [2024-08-20T03:33:16.066+0000] {dagbag.py:587} INFO - Filling up the DagBag from /home/airflow/.local/lib/python3.12/site-packages/airflow/example_dags/example_sla_dag.py
[2024-08-20T03:33:16.078+0000] {processor.py:925} INFO - DAG(s) 'example_sla_dag' retrieved from /home/airflow/.local/lib/python3.12/site-packages/airflow/example_dags/example_sla_dag.py
[2024-08-20T03:33:16.099+0000] {logging_mixin.py:190} INFO - [2024-08-20T03:33:16.099+0000] {dag.py:3211} INFO - Sync 1 DAGs
[2024-08-20T03:33:16.134+0000] {logging_mixin.py:190} INFO - [2024-08-20T03:33:16.133+0000] {dag.py:4138} INFO - Setting next_dagrun for example_sla_dag to 2024-08-20 03:30:00+00:00, run_after=2024-08-20 03:32:00+00:00
[2024-08-20T03:33:16.158+0000] {processor.py:208} INFO - Processing /home/airflow/.local/lib/python3.12/site-packages/airflow/example_dags/example_sla_dag.py took 0.104 seconds
[2024-08-20T03:33:46.459+0000] {processor.py:186} INFO - Started process (PID=1149) to work on /home/airflow/.local/lib/python3.12/site-packages/airflow/example_dags/example_sla_dag.py
[2024-08-20T03:33:46.460+0000] {processor.py:914} INFO - Processing file /home/airflow/.local/lib/python3.12/site-packages/airflow/example_dags/example_sla_dag.py for tasks to queue
[2024-08-20T03:33:46.464+0000] {logging_mixin.py:190} INFO - [2024-08-20T03:33:46.463+0000] {dagbag.py:587} INFO - Filling up the DagBag from /home/airflow/.local/lib/python3.12/site-packages/airflow/example_dags/example_sla_dag.py
[2024-08-20T03:33:46.475+0000] {processor.py:925} INFO - DAG(s) 'example_sla_dag' retrieved from /home/airflow/.local/lib/python3.12/site-packages/airflow/example_dags/example_sla_dag.py
[2024-08-20T03:33:46.498+0000] {logging_mixin.py:190} INFO - [2024-08-20T03:33:46.498+0000] {dag.py:3211} INFO - Sync 1 DAGs
[2024-08-20T03:33:46.532+0000] {logging_mixin.py:190} INFO - [2024-08-20T03:33:46.532+0000] {dag.py:4138} INFO - Setting next_dagrun for example_sla_dag to 2024-08-20 03:30:00+00:00, run_after=2024-08-20 03:32:00+00:00
[2024-08-20T03:33:46.558+0000] {processor.py:208} INFO - Processing /home/airflow/.local/lib/python3.12/site-packages/airflow/example_dags/example_sla_dag.py took 0.105 seconds
[2024-08-20T03:34:16.827+0000] {processor.py:186} INFO - Started process (PID=1437) to work on /home/airflow/.local/lib/python3.12/site-packages/airflow/example_dags/example_sla_dag.py
[2024-08-20T03:34:16.828+0000] {processor.py:914} INFO - Processing file /home/airflow/.local/lib/python3.12/site-packages/airflow/example_dags/example_sla_dag.py for tasks to queue
[2024-08-20T03:34:16.832+0000] {logging_mixin.py:190} INFO - [2024-08-20T03:34:16.831+0000] {dagbag.py:587} INFO - Filling up the DagBag from /home/airflow/.local/lib/python3.12/site-packages/airflow/example_dags/example_sla_dag.py
[2024-08-20T03:34:16.844+0000] {processor.py:925} INFO - DAG(s) 'example_sla_dag' retrieved from /home/airflow/.local/lib/python3.12/site-packages/airflow/example_dags/example_sla_dag.py
[2024-08-20T03:34:16.867+0000] {logging_mixin.py:190} INFO - [2024-08-20T03:34:16.867+0000] {dag.py:3211} INFO - Sync 1 DAGs
[2024-08-20T03:34:16.899+0000] {logging_mixin.py:190} INFO - [2024-08-20T03:34:16.898+0000] {dag.py:4138} INFO - Setting next_dagrun for example_sla_dag to 2024-08-20 03:32:00+00:00, run_after=2024-08-20 03:34:00+00:00
[2024-08-20T03:34:16.923+0000] {processor.py:208} INFO - Processing /home/airflow/.local/lib/python3.12/site-packages/airflow/example_dags/example_sla_dag.py took 0.101 seconds
[2024-08-20T03:34:47.617+0000] {processor.py:186} INFO - Started process (PID=1721) to work on /home/airflow/.local/lib/python3.12/site-packages/airflow/example_dags/example_sla_dag.py
[2024-08-20T03:34:47.617+0000] {processor.py:914} INFO - Processing file /home/airflow/.local/lib/python3.12/site-packages/airflow/example_dags/example_sla_dag.py for tasks to queue
[2024-08-20T03:34:47.622+0000] {logging_mixin.py:190} INFO - [2024-08-20T03:34:47.622+0000] {dagbag.py:587} INFO - Filling up the DagBag from /home/airflow/.local/lib/python3.12/site-packages/airflow/example_dags/example_sla_dag.py
[2024-08-20T03:34:47.632+0000] {processor.py:925} INFO - DAG(s) 'example_sla_dag' retrieved from /home/airflow/.local/lib/python3.12/site-packages/airflow/example_dags/example_sla_dag.py
[2024-08-20T03:34:47.650+0000] {logging_mixin.py:190} INFO - [2024-08-20T03:34:47.650+0000] {dag.py:3211} INFO - Sync 1 DAGs
[2024-08-20T03:34:47.681+0000] {logging_mixin.py:190} INFO - [2024-08-20T03:34:47.680+0000] {dag.py:4138} INFO - Setting next_dagrun for example_sla_dag to 2024-08-20 03:32:00+00:00, run_after=2024-08-20 03:34:00+00:00
[2024-08-20T03:34:47.704+0000] {processor.py:208} INFO - Processing /home/airflow/.local/lib/python3.12/site-packages/airflow/example_dags/example_sla_dag.py took 0.093 seconds
[2024-08-20T03:35:18.225+0000] {processor.py:186} INFO - Started process (PID=2007) to work on /home/airflow/.local/lib/python3.12/site-packages/airflow/example_dags/example_sla_dag.py
[2024-08-20T03:35:18.227+0000] {processor.py:914} INFO - Processing file /home/airflow/.local/lib/python3.12/site-packages/airflow/example_dags/example_sla_dag.py for tasks to queue
[2024-08-20T03:35:18.230+0000] {logging_mixin.py:190} INFO - [2024-08-20T03:35:18.229+0000] {dagbag.py:587} INFO - Filling up the DagBag from /home/airflow/.local/lib/python3.12/site-packages/airflow/example_dags/example_sla_dag.py
[2024-08-20T03:35:18.241+0000] {processor.py:925} INFO - DAG(s) 'example_sla_dag' retrieved from /home/airflow/.local/lib/python3.12/site-packages/airflow/example_dags/example_sla_dag.py
[2024-08-20T03:35:18.261+0000] {logging_mixin.py:190} INFO - [2024-08-20T03:35:18.261+0000] {dag.py:3211} INFO - Sync 1 DAGs
[2024-08-20T03:35:18.291+0000] {logging_mixin.py:190} INFO - [2024-08-20T03:35:18.291+0000] {dag.py:4138} INFO - Setting next_dagrun for example_sla_dag to 2024-08-20 03:32:00+00:00, run_after=2024-08-20 03:34:00+00:00
[2024-08-20T03:35:18.314+0000] {processor.py:208} INFO - Processing /home/airflow/.local/lib/python3.12/site-packages/airflow/example_dags/example_sla_dag.py took 0.095 seconds
[2024-08-20T03:35:48.722+0000] {processor.py:186} INFO - Started process (PID=2293) to work on /home/airflow/.local/lib/python3.12/site-packages/airflow/example_dags/example_sla_dag.py
[2024-08-20T03:35:48.723+0000] {processor.py:914} INFO - Processing file /home/airflow/.local/lib/python3.12/site-packages/airflow/example_dags/example_sla_dag.py for tasks to queue
[2024-08-20T03:35:48.726+0000] {logging_mixin.py:190} INFO - [2024-08-20T03:35:48.726+0000] {dagbag.py:587} INFO - Filling up the DagBag from /home/airflow/.local/lib/python3.12/site-packages/airflow/example_dags/example_sla_dag.py
[2024-08-20T03:35:48.739+0000] {processor.py:925} INFO - DAG(s) 'example_sla_dag' retrieved from /home/airflow/.local/lib/python3.12/site-packages/airflow/example_dags/example_sla_dag.py
[2024-08-20T03:35:48.765+0000] {logging_mixin.py:190} INFO - [2024-08-20T03:35:48.765+0000] {dag.py:3211} INFO - Sync 1 DAGs
[2024-08-20T03:35:48.795+0000] {logging_mixin.py:190} INFO - [2024-08-20T03:35:48.794+0000] {dag.py:4138} INFO - Setting next_dagrun for example_sla_dag to 2024-08-20 03:32:00+00:00, run_after=2024-08-20 03:34:00+00:00
[2024-08-20T03:35:48.822+0000] {processor.py:208} INFO - Processing /home/airflow/.local/lib/python3.12/site-packages/airflow/example_dags/example_sla_dag.py took 0.107 seconds
[2024-08-20T03:36:19.309+0000] {processor.py:186} INFO - Started process (PID=2579) to work on /home/airflow/.local/lib/python3.12/site-packages/airflow/example_dags/example_sla_dag.py
[2024-08-20T03:36:19.310+0000] {processor.py:914} INFO - Processing file /home/airflow/.local/lib/python3.12/site-packages/airflow/example_dags/example_sla_dag.py for tasks to queue
[2024-08-20T03:36:19.314+0000] {logging_mixin.py:190} INFO - [2024-08-20T03:36:19.313+0000] {dagbag.py:587} INFO - Filling up the DagBag from /home/airflow/.local/lib/python3.12/site-packages/airflow/example_dags/example_sla_dag.py
[2024-08-20T03:36:19.325+0000] {processor.py:925} INFO - DAG(s) 'example_sla_dag' retrieved from /home/airflow/.local/lib/python3.12/site-packages/airflow/example_dags/example_sla_dag.py
[2024-08-20T03:36:19.345+0000] {logging_mixin.py:190} INFO - [2024-08-20T03:36:19.344+0000] {dag.py:3211} INFO - Sync 1 DAGs
[2024-08-20T03:36:19.376+0000] {logging_mixin.py:190} INFO - [2024-08-20T03:36:19.376+0000] {dag.py:4138} INFO - Setting next_dagrun for example_sla_dag to 2024-08-20 03:34:00+00:00, run_after=2024-08-20 03:36:00+00:00
[2024-08-20T03:36:19.398+0000] {processor.py:208} INFO - Processing /home/airflow/.local/lib/python3.12/site-packages/airflow/example_dags/example_sla_dag.py took 0.096 seconds
[2024-08-20T03:36:49.626+0000] {processor.py:186} INFO - Started process (PID=2867) to work on /home/airflow/.local/lib/python3.12/site-packages/airflow/example_dags/example_sla_dag.py
[2024-08-20T03:36:49.627+0000] {processor.py:914} INFO - Processing file /home/airflow/.local/lib/python3.12/site-packages/airflow/example_dags/example_sla_dag.py for tasks to queue
[2024-08-20T03:36:49.630+0000] {logging_mixin.py:190} INFO - [2024-08-20T03:36:49.630+0000] {dagbag.py:587} INFO - Filling up the DagBag from /home/airflow/.local/lib/python3.12/site-packages/airflow/example_dags/example_sla_dag.py
[2024-08-20T03:36:49.641+0000] {processor.py:925} INFO - DAG(s) 'example_sla_dag' retrieved from /home/airflow/.local/lib/python3.12/site-packages/airflow/example_dags/example_sla_dag.py
[2024-08-20T03:36:49.661+0000] {logging_mixin.py:190} INFO - [2024-08-20T03:36:49.661+0000] {dag.py:3211} INFO - Sync 1 DAGs
[2024-08-20T03:36:49.695+0000] {logging_mixin.py:190} INFO - [2024-08-20T03:36:49.694+0000] {dag.py:4138} INFO - Setting next_dagrun for example_sla_dag to 2024-08-20 03:34:00+00:00, run_after=2024-08-20 03:36:00+00:00
[2024-08-20T03:36:49.718+0000] {processor.py:208} INFO - Processing /home/airflow/.local/lib/python3.12/site-packages/airflow/example_dags/example_sla_dag.py took 0.098 seconds
[2024-08-20T03:37:20.076+0000] {processor.py:186} INFO - Started process (PID=3151) to work on /home/airflow/.local/lib/python3.12/site-packages/airflow/example_dags/example_sla_dag.py
[2024-08-20T03:37:20.077+0000] {processor.py:914} INFO - Processing file /home/airflow/.local/lib/python3.12/site-packages/airflow/example_dags/example_sla_dag.py for tasks to queue
[2024-08-20T03:37:20.080+0000] {logging_mixin.py:190} INFO - [2024-08-20T03:37:20.079+0000] {dagbag.py:587} INFO - Filling up the DagBag from /home/airflow/.local/lib/python3.12/site-packages/airflow/example_dags/example_sla_dag.py
[2024-08-20T03:37:20.091+0000] {processor.py:925} INFO - DAG(s) 'example_sla_dag' retrieved from /home/airflow/.local/lib/python3.12/site-packages/airflow/example_dags/example_sla_dag.py
[2024-08-20T03:37:20.113+0000] {logging_mixin.py:190} INFO - [2024-08-20T03:37:20.113+0000] {dag.py:3211} INFO - Sync 1 DAGs
[2024-08-20T03:37:20.145+0000] {logging_mixin.py:190} INFO - [2024-08-20T03:37:20.145+0000] {dag.py:4138} INFO - Setting next_dagrun for example_sla_dag to 2024-08-20 03:34:00+00:00, run_after=2024-08-20 03:36:00+00:00
[2024-08-20T03:37:20.166+0000] {processor.py:208} INFO - Processing /home/airflow/.local/lib/python3.12/site-packages/airflow/example_dags/example_sla_dag.py took 0.097 seconds
[2024-08-20T03:37:50.400+0000] {processor.py:186} INFO - Started process (PID=3439) to work on /home/airflow/.local/lib/python3.12/site-packages/airflow/example_dags/example_sla_dag.py
[2024-08-20T03:37:50.401+0000] {processor.py:914} INFO - Processing file /home/airflow/.local/lib/python3.12/site-packages/airflow/example_dags/example_sla_dag.py for tasks to queue
[2024-08-20T03:37:50.405+0000] {logging_mixin.py:190} INFO - [2024-08-20T03:37:50.404+0000] {dagbag.py:587} INFO - Filling up the DagBag from /home/airflow/.local/lib/python3.12/site-packages/airflow/example_dags/example_sla_dag.py
[2024-08-20T03:37:50.416+0000] {processor.py:925} INFO - DAG(s) 'example_sla_dag' retrieved from /home/airflow/.local/lib/python3.12/site-packages/airflow/example_dags/example_sla_dag.py
[2024-08-20T03:37:50.437+0000] {logging_mixin.py:190} INFO - [2024-08-20T03:37:50.436+0000] {dag.py:3211} INFO - Sync 1 DAGs
[2024-08-20T03:37:50.464+0000] {logging_mixin.py:190} INFO - [2024-08-20T03:37:50.464+0000] {dag.py:4138} INFO - Setting next_dagrun for example_sla_dag to 2024-08-20 03:34:00+00:00, run_after=2024-08-20 03:36:00+00:00
[2024-08-20T03:37:50.498+0000] {processor.py:208} INFO - Processing /home/airflow/.local/lib/python3.12/site-packages/airflow/example_dags/example_sla_dag.py took 0.105 seconds
[2024-08-20T03:38:20.920+0000] {processor.py:186} INFO - Started process (PID=3723) to work on /home/airflow/.local/lib/python3.12/site-packages/airflow/example_dags/example_sla_dag.py
[2024-08-20T03:38:20.921+0000] {processor.py:914} INFO - Processing file /home/airflow/.local/lib/python3.12/site-packages/airflow/example_dags/example_sla_dag.py for tasks to queue
[2024-08-20T03:38:20.925+0000] {logging_mixin.py:190} INFO - [2024-08-20T03:38:20.924+0000] {dagbag.py:587} INFO - Filling up the DagBag from /home/airflow/.local/lib/python3.12/site-packages/airflow/example_dags/example_sla_dag.py
[2024-08-20T03:38:20.936+0000] {processor.py:925} INFO - DAG(s) 'example_sla_dag' retrieved from /home/airflow/.local/lib/python3.12/site-packages/airflow/example_dags/example_sla_dag.py
[2024-08-20T03:38:20.958+0000] {logging_mixin.py:190} INFO - [2024-08-20T03:38:20.958+0000] {dag.py:3211} INFO - Sync 1 DAGs
[2024-08-20T03:38:20.990+0000] {logging_mixin.py:190} INFO - [2024-08-20T03:38:20.990+0000] {dag.py:4138} INFO - Setting next_dagrun for example_sla_dag to 2024-08-20 03:36:00+00:00, run_after=2024-08-20 03:38:00+00:00
[2024-08-20T03:38:21.013+0000] {processor.py:208} INFO - Processing /home/airflow/.local/lib/python3.12/site-packages/airflow/example_dags/example_sla_dag.py took 0.099 seconds
[2024-08-20T03:38:51.328+0000] {processor.py:186} INFO - Started process (PID=4009) to work on /home/airflow/.local/lib/python3.12/site-packages/airflow/example_dags/example_sla_dag.py
[2024-08-20T03:38:51.329+0000] {processor.py:914} INFO - Processing file /home/airflow/.local/lib/python3.12/site-packages/airflow/example_dags/example_sla_dag.py for tasks to queue
[2024-08-20T03:38:51.331+0000] {logging_mixin.py:190} INFO - [2024-08-20T03:38:51.331+0000] {dagbag.py:587} INFO - Filling up the DagBag from /home/airflow/.local/lib/python3.12/site-packages/airflow/example_dags/example_sla_dag.py
[2024-08-20T03:38:51.342+0000] {processor.py:925} INFO - DAG(s) 'example_sla_dag' retrieved from /home/airflow/.local/lib/python3.12/site-packages/airflow/example_dags/example_sla_dag.py
[2024-08-20T03:38:51.362+0000] {logging_mixin.py:190} INFO - [2024-08-20T03:38:51.361+0000] {dag.py:3211} INFO - Sync 1 DAGs
[2024-08-20T03:38:51.394+0000] {logging_mixin.py:190} INFO - [2024-08-20T03:38:51.394+0000] {dag.py:4138} INFO - Setting next_dagrun for example_sla_dag to 2024-08-20 03:36:00+00:00, run_after=2024-08-20 03:38:00+00:00
[2024-08-20T03:38:51.417+0000] {processor.py:208} INFO - Processing /home/airflow/.local/lib/python3.12/site-packages/airflow/example_dags/example_sla_dag.py took 0.096 seconds
[2024-08-20T03:39:21.681+0000] {processor.py:186} INFO - Started process (PID=4295) to work on /home/airflow/.local/lib/python3.12/site-packages/airflow/example_dags/example_sla_dag.py
[2024-08-20T03:39:21.682+0000] {processor.py:914} INFO - Processing file /home/airflow/.local/lib/python3.12/site-packages/airflow/example_dags/example_sla_dag.py for tasks to queue
[2024-08-20T03:39:21.684+0000] {logging_mixin.py:190} INFO - [2024-08-20T03:39:21.684+0000] {dagbag.py:587} INFO - Filling up the DagBag from /home/airflow/.local/lib/python3.12/site-packages/airflow/example_dags/example_sla_dag.py
[2024-08-20T03:39:21.695+0000] {processor.py:925} INFO - DAG(s) 'example_sla_dag' retrieved from /home/airflow/.local/lib/python3.12/site-packages/airflow/example_dags/example_sla_dag.py
[2024-08-20T03:39:21.717+0000] {logging_mixin.py:190} INFO - [2024-08-20T03:39:21.717+0000] {dag.py:3211} INFO - Sync 1 DAGs
[2024-08-20T03:39:21.747+0000] {logging_mixin.py:190} INFO - [2024-08-20T03:39:21.746+0000] {dag.py:4138} INFO - Setting next_dagrun for example_sla_dag to 2024-08-20 03:36:00+00:00, run_after=2024-08-20 03:38:00+00:00
[2024-08-20T03:39:21.769+0000] {processor.py:208} INFO - Processing /home/airflow/.local/lib/python3.12/site-packages/airflow/example_dags/example_sla_dag.py took 0.095 seconds
[2024-08-20T03:39:51.873+0000] {processor.py:186} INFO - Started process (PID=4581) to work on /home/airflow/.local/lib/python3.12/site-packages/airflow/example_dags/example_sla_dag.py
[2024-08-20T03:39:51.874+0000] {processor.py:914} INFO - Processing file /home/airflow/.local/lib/python3.12/site-packages/airflow/example_dags/example_sla_dag.py for tasks to queue
[2024-08-20T03:39:51.877+0000] {logging_mixin.py:190} INFO - [2024-08-20T03:39:51.877+0000] {dagbag.py:587} INFO - Filling up the DagBag from /home/airflow/.local/lib/python3.12/site-packages/airflow/example_dags/example_sla_dag.py
[2024-08-20T03:39:51.888+0000] {processor.py:925} INFO - DAG(s) 'example_sla_dag' retrieved from /home/airflow/.local/lib/python3.12/site-packages/airflow/example_dags/example_sla_dag.py
[2024-08-20T03:39:51.907+0000] {logging_mixin.py:190} INFO - [2024-08-20T03:39:51.907+0000] {dag.py:3211} INFO - Sync 1 DAGs
[2024-08-20T03:39:51.935+0000] {logging_mixin.py:190} INFO - [2024-08-20T03:39:51.934+0000] {dag.py:4138} INFO - Setting next_dagrun for example_sla_dag to 2024-08-20 03:36:00+00:00, run_after=2024-08-20 03:38:00+00:00
[2024-08-20T03:39:51.957+0000] {processor.py:208} INFO - Processing /home/airflow/.local/lib/python3.12/site-packages/airflow/example_dags/example_sla_dag.py took 0.091 seconds
[2024-08-20T03:40:22.111+0000] {processor.py:186} INFO - Started process (PID=4862) to work on /home/airflow/.local/lib/python3.12/site-packages/airflow/example_dags/example_sla_dag.py
[2024-08-20T03:40:22.112+0000] {processor.py:914} INFO - Processing file /home/airflow/.local/lib/python3.12/site-packages/airflow/example_dags/example_sla_dag.py for tasks to queue
[2024-08-20T03:40:22.116+0000] {logging_mixin.py:190} INFO - [2024-08-20T03:40:22.115+0000] {dagbag.py:587} INFO - Filling up the DagBag from /home/airflow/.local/lib/python3.12/site-packages/airflow/example_dags/example_sla_dag.py
[2024-08-20T03:40:22.126+0000] {processor.py:925} INFO - DAG(s) 'example_sla_dag' retrieved from /home/airflow/.local/lib/python3.12/site-packages/airflow/example_dags/example_sla_dag.py
[2024-08-20T03:40:22.147+0000] {logging_mixin.py:190} INFO - [2024-08-20T03:40:22.146+0000] {dag.py:3211} INFO - Sync 1 DAGs
[2024-08-20T03:40:22.174+0000] {logging_mixin.py:190} INFO - [2024-08-20T03:40:22.173+0000] {dag.py:4138} INFO - Setting next_dagrun for example_sla_dag to 2024-08-20 03:38:00+00:00, run_after=2024-08-20 03:40:00+00:00
[2024-08-20T03:40:22.195+0000] {processor.py:208} INFO - Processing /home/airflow/.local/lib/python3.12/site-packages/airflow/example_dags/example_sla_dag.py took 0.091 seconds
[2024-08-20T03:40:52.520+0000] {processor.py:186} INFO - Started process (PID=5150) to work on /home/airflow/.local/lib/python3.12/site-packages/airflow/example_dags/example_sla_dag.py
[2024-08-20T03:40:52.520+0000] {processor.py:914} INFO - Processing file /home/airflow/.local/lib/python3.12/site-packages/airflow/example_dags/example_sla_dag.py for tasks to queue
[2024-08-20T03:40:52.524+0000] {logging_mixin.py:190} INFO - [2024-08-20T03:40:52.523+0000] {dagbag.py:587} INFO - Filling up the DagBag from /home/airflow/.local/lib/python3.12/site-packages/airflow/example_dags/example_sla_dag.py
[2024-08-20T03:40:52.534+0000] {processor.py:925} INFO - DAG(s) 'example_sla_dag' retrieved from /home/airflow/.local/lib/python3.12/site-packages/airflow/example_dags/example_sla_dag.py
[2024-08-20T03:40:52.555+0000] {logging_mixin.py:190} INFO - [2024-08-20T03:40:52.555+0000] {dag.py:3211} INFO - Sync 1 DAGs
[2024-08-20T03:40:52.585+0000] {logging_mixin.py:190} INFO - [2024-08-20T03:40:52.585+0000] {dag.py:4138} INFO - Setting next_dagrun for example_sla_dag to 2024-08-20 03:38:00+00:00, run_after=2024-08-20 03:40:00+00:00
[2024-08-20T03:40:52.606+0000] {processor.py:208} INFO - Processing /home/airflow/.local/lib/python3.12/site-packages/airflow/example_dags/example_sla_dag.py took 0.093 seconds
[2024-08-20T03:41:23.019+0000] {processor.py:186} INFO - Started process (PID=5436) to work on /home/airflow/.local/lib/python3.12/site-packages/airflow/example_dags/example_sla_dag.py
[2024-08-20T03:41:23.020+0000] {processor.py:914} INFO - Processing file /home/airflow/.local/lib/python3.12/site-packages/airflow/example_dags/example_sla_dag.py for tasks to queue
[2024-08-20T03:41:23.023+0000] {logging_mixin.py:190} INFO - [2024-08-20T03:41:23.022+0000] {dagbag.py:587} INFO - Filling up the DagBag from /home/airflow/.local/lib/python3.12/site-packages/airflow/example_dags/example_sla_dag.py
[2024-08-20T03:41:23.037+0000] {processor.py:925} INFO - DAG(s) 'example_sla_dag' retrieved from /home/airflow/.local/lib/python3.12/site-packages/airflow/example_dags/example_sla_dag.py
[2024-08-20T03:41:23.057+0000] {logging_mixin.py:190} INFO - [2024-08-20T03:41:23.057+0000] {dag.py:3211} INFO - Sync 1 DAGs
[2024-08-20T03:41:23.085+0000] {logging_mixin.py:190} INFO - [2024-08-20T03:41:23.085+0000] {dag.py:4138} INFO - Setting next_dagrun for example_sla_dag to 2024-08-20 03:38:00+00:00, run_after=2024-08-20 03:40:00+00:00
[2024-08-20T03:41:23.106+0000] {processor.py:208} INFO - Processing /home/airflow/.local/lib/python3.12/site-packages/airflow/example_dags/example_sla_dag.py took 0.093 seconds
[2024-08-20T03:41:53.407+0000] {processor.py:186} INFO - Started process (PID=5722) to work on /home/airflow/.local/lib/python3.12/site-packages/airflow/example_dags/example_sla_dag.py
[2024-08-20T03:41:53.408+0000] {processor.py:914} INFO - Processing file /home/airflow/.local/lib/python3.12/site-packages/airflow/example_dags/example_sla_dag.py for tasks to queue
[2024-08-20T03:41:53.411+0000] {logging_mixin.py:190} INFO - [2024-08-20T03:41:53.411+0000] {dagbag.py:587} INFO - Filling up the DagBag from /home/airflow/.local/lib/python3.12/site-packages/airflow/example_dags/example_sla_dag.py
[2024-08-20T03:41:53.422+0000] {processor.py:925} INFO - DAG(s) 'example_sla_dag' retrieved from /home/airflow/.local/lib/python3.12/site-packages/airflow/example_dags/example_sla_dag.py
[2024-08-20T03:41:53.443+0000] {logging_mixin.py:190} INFO - [2024-08-20T03:41:53.443+0000] {dag.py:3211} INFO - Sync 1 DAGs
[2024-08-20T03:41:53.477+0000] {logging_mixin.py:190} INFO - [2024-08-20T03:41:53.477+0000] {dag.py:4138} INFO - Setting next_dagrun for example_sla_dag to 2024-08-20 03:38:00+00:00, run_after=2024-08-20 03:40:00+00:00
[2024-08-20T03:41:53.499+0000] {processor.py:208} INFO - Processing /home/airflow/.local/lib/python3.12/site-packages/airflow/example_dags/example_sla_dag.py took 0.098 seconds
