[2024-08-20T03:32:12.477+0000] {processor.py:186} INFO - Started process (PID=236) to work on /home/airflow/.local/lib/python3.12/site-packages/airflow/example_dags/example_datasets.py
[2024-08-20T03:32:12.479+0000] {processor.py:914} INFO - Processing file /home/airflow/.local/lib/python3.12/site-packages/airflow/example_dags/example_datasets.py for tasks to queue
[2024-08-20T03:32:12.482+0000] {logging_mixin.py:190} INFO - [2024-08-20T03:32:12.482+0000] {dagbag.py:587} INFO - Filling up the DagBag from /home/airflow/.local/lib/python3.12/site-packages/airflow/example_dags/example_datasets.py
[2024-08-20T03:32:12.665+0000] {processor.py:925} INFO - DAG(s) 'conditional_dataset_and_time_based_timetable', 'consume_1_or_both_2_and_3_with_dataset_expressions', 'dataset_consumes_1', 'consume_1_or_2_with_dataset_expressions', 'dataset_consumes_unknown_never_scheduled', 'dataset_consumes_1_and_2', 'dataset_produces_1', 'dataset_consumes_1_never_scheduled', 'dataset_produces_2', 'consume_1_and_2_with_dataset_expressions' retrieved from /home/airflow/.local/lib/python3.12/site-packages/airflow/example_dags/example_datasets.py
[2024-08-20T03:32:12.802+0000] {logging_mixin.py:190} INFO - [2024-08-20T03:32:12.801+0000] {override.py:1858} INFO - Created Permission View: can read on DAG:conditional_dataset_and_time_based_timetable
[2024-08-20T03:32:12.816+0000] {logging_mixin.py:190} INFO - [2024-08-20T03:32:12.816+0000] {override.py:1858} INFO - Created Permission View: can delete on DAG:conditional_dataset_and_time_based_timetable
[2024-08-20T03:32:12.829+0000] {logging_mixin.py:190} INFO - [2024-08-20T03:32:12.828+0000] {override.py:1858} INFO - Created Permission View: can edit on DAG:conditional_dataset_and_time_based_timetable
[2024-08-20T03:32:12.857+0000] {logging_mixin.py:190} INFO - [2024-08-20T03:32:12.857+0000] {override.py:1858} INFO - Created Permission View: can read on DAG:consume_1_or_both_2_and_3_with_dataset_expressions
[2024-08-20T03:32:12.869+0000] {logging_mixin.py:190} INFO - [2024-08-20T03:32:12.868+0000] {override.py:1858} INFO - Created Permission View: can delete on DAG:consume_1_or_both_2_and_3_with_dataset_expressions
[2024-08-20T03:32:12.881+0000] {logging_mixin.py:190} INFO - [2024-08-20T03:32:12.880+0000] {override.py:1858} INFO - Created Permission View: can edit on DAG:consume_1_or_both_2_and_3_with_dataset_expressions
[2024-08-20T03:32:12.900+0000] {logging_mixin.py:190} INFO - [2024-08-20T03:32:12.899+0000] {override.py:1858} INFO - Created Permission View: can read on DAG:dataset_consumes_1
[2024-08-20T03:32:12.912+0000] {logging_mixin.py:190} INFO - [2024-08-20T03:32:12.911+0000] {override.py:1858} INFO - Created Permission View: can delete on DAG:dataset_consumes_1
[2024-08-20T03:32:12.923+0000] {logging_mixin.py:190} INFO - [2024-08-20T03:32:12.922+0000] {override.py:1858} INFO - Created Permission View: can edit on DAG:dataset_consumes_1
[2024-08-20T03:32:12.942+0000] {logging_mixin.py:190} INFO - [2024-08-20T03:32:12.942+0000] {override.py:1858} INFO - Created Permission View: can read on DAG:consume_1_or_2_with_dataset_expressions
[2024-08-20T03:32:12.954+0000] {logging_mixin.py:190} INFO - [2024-08-20T03:32:12.953+0000] {override.py:1858} INFO - Created Permission View: can delete on DAG:consume_1_or_2_with_dataset_expressions
[2024-08-20T03:32:12.965+0000] {logging_mixin.py:190} INFO - [2024-08-20T03:32:12.964+0000] {override.py:1858} INFO - Created Permission View: can edit on DAG:consume_1_or_2_with_dataset_expressions
[2024-08-20T03:32:12.987+0000] {logging_mixin.py:190} INFO - [2024-08-20T03:32:12.987+0000] {override.py:1858} INFO - Created Permission View: can read on DAG:dataset_consumes_unknown_never_scheduled
[2024-08-20T03:32:12.999+0000] {logging_mixin.py:190} INFO - [2024-08-20T03:32:12.999+0000] {override.py:1858} INFO - Created Permission View: can delete on DAG:dataset_consumes_unknown_never_scheduled
[2024-08-20T03:32:13.011+0000] {logging_mixin.py:190} INFO - [2024-08-20T03:32:13.010+0000] {override.py:1858} INFO - Created Permission View: can edit on DAG:dataset_consumes_unknown_never_scheduled
[2024-08-20T03:32:13.030+0000] {logging_mixin.py:190} INFO - [2024-08-20T03:32:13.029+0000] {override.py:1858} INFO - Created Permission View: can read on DAG:dataset_consumes_1_and_2
[2024-08-20T03:32:13.041+0000] {logging_mixin.py:190} INFO - [2024-08-20T03:32:13.040+0000] {override.py:1858} INFO - Created Permission View: can delete on DAG:dataset_consumes_1_and_2
[2024-08-20T03:32:13.051+0000] {logging_mixin.py:190} INFO - [2024-08-20T03:32:13.051+0000] {override.py:1858} INFO - Created Permission View: can edit on DAG:dataset_consumes_1_and_2
[2024-08-20T03:32:13.071+0000] {logging_mixin.py:190} INFO - [2024-08-20T03:32:13.070+0000] {override.py:1858} INFO - Created Permission View: can read on DAG:dataset_produces_1
[2024-08-20T03:32:13.082+0000] {logging_mixin.py:190} INFO - [2024-08-20T03:32:13.081+0000] {override.py:1858} INFO - Created Permission View: can delete on DAG:dataset_produces_1
[2024-08-20T03:32:13.092+0000] {logging_mixin.py:190} INFO - [2024-08-20T03:32:13.091+0000] {override.py:1858} INFO - Created Permission View: can edit on DAG:dataset_produces_1
[2024-08-20T03:32:13.112+0000] {logging_mixin.py:190} INFO - [2024-08-20T03:32:13.112+0000] {override.py:1858} INFO - Created Permission View: can read on DAG:dataset_consumes_1_never_scheduled
[2024-08-20T03:32:13.124+0000] {logging_mixin.py:190} INFO - [2024-08-20T03:32:13.123+0000] {override.py:1858} INFO - Created Permission View: can delete on DAG:dataset_consumes_1_never_scheduled
[2024-08-20T03:32:13.134+0000] {logging_mixin.py:190} INFO - [2024-08-20T03:32:13.134+0000] {override.py:1858} INFO - Created Permission View: can edit on DAG:dataset_consumes_1_never_scheduled
[2024-08-20T03:32:13.155+0000] {logging_mixin.py:190} INFO - [2024-08-20T03:32:13.155+0000] {override.py:1858} INFO - Created Permission View: can read on DAG:dataset_produces_2
[2024-08-20T03:32:13.165+0000] {logging_mixin.py:190} INFO - [2024-08-20T03:32:13.165+0000] {override.py:1858} INFO - Created Permission View: can delete on DAG:dataset_produces_2
[2024-08-20T03:32:13.179+0000] {logging_mixin.py:190} INFO - [2024-08-20T03:32:13.178+0000] {override.py:1858} INFO - Created Permission View: can edit on DAG:dataset_produces_2
[2024-08-20T03:32:13.197+0000] {logging_mixin.py:190} INFO - [2024-08-20T03:32:13.197+0000] {override.py:1858} INFO - Created Permission View: can read on DAG:consume_1_and_2_with_dataset_expressions
[2024-08-20T03:32:13.209+0000] {logging_mixin.py:190} INFO - [2024-08-20T03:32:13.209+0000] {override.py:1858} INFO - Created Permission View: can delete on DAG:consume_1_and_2_with_dataset_expressions
[2024-08-20T03:32:13.218+0000] {logging_mixin.py:190} INFO - [2024-08-20T03:32:13.218+0000] {override.py:1858} INFO - Created Permission View: can edit on DAG:consume_1_and_2_with_dataset_expressions
[2024-08-20T03:32:13.219+0000] {logging_mixin.py:190} INFO - [2024-08-20T03:32:13.218+0000] {dag.py:3211} INFO - Sync 10 DAGs
[2024-08-20T03:32:13.232+0000] {logging_mixin.py:190} INFO - [2024-08-20T03:32:13.231+0000] {dag.py:3234} INFO - Creating ORM DAG for dataset_consumes_1
[2024-08-20T03:32:13.233+0000] {logging_mixin.py:190} INFO - [2024-08-20T03:32:13.232+0000] {dag.py:3234} INFO - Creating ORM DAG for consume_1_and_2_with_dataset_expressions
[2024-08-20T03:32:13.234+0000] {logging_mixin.py:190} INFO - [2024-08-20T03:32:13.233+0000] {dag.py:3234} INFO - Creating ORM DAG for dataset_consumes_unknown_never_scheduled
[2024-08-20T03:32:13.234+0000] {logging_mixin.py:190} INFO - [2024-08-20T03:32:13.234+0000] {dag.py:3234} INFO - Creating ORM DAG for dataset_produces_1
[2024-08-20T03:32:13.235+0000] {logging_mixin.py:190} INFO - [2024-08-20T03:32:13.235+0000] {dag.py:3234} INFO - Creating ORM DAG for dataset_consumes_1_never_scheduled
[2024-08-20T03:32:13.236+0000] {logging_mixin.py:190} INFO - [2024-08-20T03:32:13.236+0000] {dag.py:3234} INFO - Creating ORM DAG for dataset_produces_2
[2024-08-20T03:32:13.237+0000] {logging_mixin.py:190} INFO - [2024-08-20T03:32:13.237+0000] {dag.py:3234} INFO - Creating ORM DAG for consume_1_or_2_with_dataset_expressions
[2024-08-20T03:32:13.238+0000] {logging_mixin.py:190} INFO - [2024-08-20T03:32:13.238+0000] {dag.py:3234} INFO - Creating ORM DAG for dataset_consumes_1_and_2
[2024-08-20T03:32:13.239+0000] {logging_mixin.py:190} INFO - [2024-08-20T03:32:13.239+0000] {dag.py:3234} INFO - Creating ORM DAG for consume_1_or_both_2_and_3_with_dataset_expressions
[2024-08-20T03:32:13.240+0000] {logging_mixin.py:190} INFO - [2024-08-20T03:32:13.240+0000] {dag.py:3234} INFO - Creating ORM DAG for conditional_dataset_and_time_based_timetable
[2024-08-20T03:32:13.252+0000] {logging_mixin.py:190} INFO - [2024-08-20T03:32:13.252+0000] {dag.py:4138} INFO - Setting next_dagrun for conditional_dataset_and_time_based_timetable to 2024-08-14 01:00:00+00:00, run_after=2024-08-14 01:00:00+00:00
[2024-08-20T03:32:13.253+0000] {logging_mixin.py:190} INFO - [2024-08-20T03:32:13.253+0000] {dag.py:4138} INFO - Setting next_dagrun for consume_1_and_2_with_dataset_expressions to None, run_after=None
[2024-08-20T03:32:13.254+0000] {logging_mixin.py:190} INFO - [2024-08-20T03:32:13.254+0000] {dag.py:4138} INFO - Setting next_dagrun for consume_1_or_2_with_dataset_expressions to None, run_after=None
[2024-08-20T03:32:13.255+0000] {logging_mixin.py:190} INFO - [2024-08-20T03:32:13.255+0000] {dag.py:4138} INFO - Setting next_dagrun for consume_1_or_both_2_and_3_with_dataset_expressions to None, run_after=None
[2024-08-20T03:32:13.256+0000] {logging_mixin.py:190} INFO - [2024-08-20T03:32:13.256+0000] {dag.py:4138} INFO - Setting next_dagrun for dataset_consumes_1 to None, run_after=None
[2024-08-20T03:32:13.257+0000] {logging_mixin.py:190} INFO - [2024-08-20T03:32:13.257+0000] {dag.py:4138} INFO - Setting next_dagrun for dataset_consumes_1_and_2 to None, run_after=None
[2024-08-20T03:32:13.258+0000] {logging_mixin.py:190} INFO - [2024-08-20T03:32:13.258+0000] {dag.py:4138} INFO - Setting next_dagrun for dataset_consumes_1_never_scheduled to None, run_after=None
[2024-08-20T03:32:13.259+0000] {logging_mixin.py:190} INFO - [2024-08-20T03:32:13.259+0000] {dag.py:4138} INFO - Setting next_dagrun for dataset_consumes_unknown_never_scheduled to None, run_after=None
[2024-08-20T03:32:13.261+0000] {logging_mixin.py:190} INFO - [2024-08-20T03:32:13.261+0000] {dag.py:4138} INFO - Setting next_dagrun for dataset_produces_1 to 2024-08-19 00:00:00+00:00, run_after=2024-08-20 00:00:00+00:00
[2024-08-20T03:32:13.262+0000] {logging_mixin.py:190} INFO - [2024-08-20T03:32:13.262+0000] {dag.py:4138} INFO - Setting next_dagrun for dataset_produces_2 to None, run_after=None
[2024-08-20T03:32:13.315+0000] {processor.py:208} INFO - Processing /home/airflow/.local/lib/python3.12/site-packages/airflow/example_dags/example_datasets.py took 0.846 seconds
[2024-08-20T03:32:43.519+0000] {processor.py:186} INFO - Started process (PID=522) to work on /home/airflow/.local/lib/python3.12/site-packages/airflow/example_dags/example_datasets.py
[2024-08-20T03:32:43.521+0000] {processor.py:914} INFO - Processing file /home/airflow/.local/lib/python3.12/site-packages/airflow/example_dags/example_datasets.py for tasks to queue
[2024-08-20T03:32:43.524+0000] {logging_mixin.py:190} INFO - [2024-08-20T03:32:43.524+0000] {dagbag.py:587} INFO - Filling up the DagBag from /home/airflow/.local/lib/python3.12/site-packages/airflow/example_dags/example_datasets.py
[2024-08-20T03:32:43.673+0000] {processor.py:925} INFO - DAG(s) 'dataset_produces_2', 'conditional_dataset_and_time_based_timetable', 'consume_1_or_both_2_and_3_with_dataset_expressions', 'dataset_consumes_unknown_never_scheduled', 'consume_1_and_2_with_dataset_expressions', 'dataset_consumes_1_and_2', 'consume_1_or_2_with_dataset_expressions', 'dataset_consumes_1', 'dataset_produces_1', 'dataset_consumes_1_never_scheduled' retrieved from /home/airflow/.local/lib/python3.12/site-packages/airflow/example_dags/example_datasets.py
[2024-08-20T03:32:43.725+0000] {logging_mixin.py:190} INFO - [2024-08-20T03:32:43.725+0000] {dag.py:3211} INFO - Sync 10 DAGs
[2024-08-20T03:32:43.757+0000] {logging_mixin.py:190} INFO - [2024-08-20T03:32:43.757+0000] {dag.py:4138} INFO - Setting next_dagrun for conditional_dataset_and_time_based_timetable to 2024-08-14 01:00:00+00:00, run_after=2024-08-14 01:00:00+00:00
[2024-08-20T03:32:43.764+0000] {logging_mixin.py:190} INFO - [2024-08-20T03:32:43.764+0000] {dag.py:4138} INFO - Setting next_dagrun for consume_1_and_2_with_dataset_expressions to None, run_after=None
[2024-08-20T03:32:43.767+0000] {logging_mixin.py:190} INFO - [2024-08-20T03:32:43.766+0000] {dag.py:4138} INFO - Setting next_dagrun for consume_1_or_2_with_dataset_expressions to None, run_after=None
[2024-08-20T03:32:43.770+0000] {logging_mixin.py:190} INFO - [2024-08-20T03:32:43.770+0000] {dag.py:4138} INFO - Setting next_dagrun for consume_1_or_both_2_and_3_with_dataset_expressions to None, run_after=None
[2024-08-20T03:32:43.773+0000] {logging_mixin.py:190} INFO - [2024-08-20T03:32:43.772+0000] {dag.py:4138} INFO - Setting next_dagrun for dataset_consumes_1 to None, run_after=None
[2024-08-20T03:32:43.775+0000] {logging_mixin.py:190} INFO - [2024-08-20T03:32:43.775+0000] {dag.py:4138} INFO - Setting next_dagrun for dataset_consumes_1_and_2 to None, run_after=None
[2024-08-20T03:32:43.777+0000] {logging_mixin.py:190} INFO - [2024-08-20T03:32:43.777+0000] {dag.py:4138} INFO - Setting next_dagrun for dataset_consumes_1_never_scheduled to None, run_after=None
[2024-08-20T03:32:43.780+0000] {logging_mixin.py:190} INFO - [2024-08-20T03:32:43.780+0000] {dag.py:4138} INFO - Setting next_dagrun for dataset_consumes_unknown_never_scheduled to None, run_after=None
[2024-08-20T03:32:43.785+0000] {logging_mixin.py:190} INFO - [2024-08-20T03:32:43.784+0000] {dag.py:4138} INFO - Setting next_dagrun for dataset_produces_1 to 2024-08-19 00:00:00+00:00, run_after=2024-08-20 00:00:00+00:00
[2024-08-20T03:32:43.787+0000] {logging_mixin.py:190} INFO - [2024-08-20T03:32:43.787+0000] {dag.py:4138} INFO - Setting next_dagrun for dataset_produces_2 to None, run_after=None
[2024-08-20T03:32:43.844+0000] {processor.py:208} INFO - Processing /home/airflow/.local/lib/python3.12/site-packages/airflow/example_dags/example_datasets.py took 0.333 seconds
[2024-08-20T03:33:14.121+0000] {processor.py:186} INFO - Started process (PID=810) to work on /home/airflow/.local/lib/python3.12/site-packages/airflow/example_dags/example_datasets.py
[2024-08-20T03:33:14.123+0000] {processor.py:914} INFO - Processing file /home/airflow/.local/lib/python3.12/site-packages/airflow/example_dags/example_datasets.py for tasks to queue
[2024-08-20T03:33:14.126+0000] {logging_mixin.py:190} INFO - [2024-08-20T03:33:14.126+0000] {dagbag.py:587} INFO - Filling up the DagBag from /home/airflow/.local/lib/python3.12/site-packages/airflow/example_dags/example_datasets.py
[2024-08-20T03:33:14.300+0000] {processor.py:925} INFO - DAG(s) 'dataset_consumes_1_and_2', 'consume_1_and_2_with_dataset_expressions', 'dataset_produces_2', 'dataset_produces_1', 'dataset_consumes_1_never_scheduled', 'consume_1_or_both_2_and_3_with_dataset_expressions', 'dataset_consumes_unknown_never_scheduled', 'dataset_consumes_1', 'conditional_dataset_and_time_based_timetable', 'consume_1_or_2_with_dataset_expressions' retrieved from /home/airflow/.local/lib/python3.12/site-packages/airflow/example_dags/example_datasets.py
[2024-08-20T03:33:14.345+0000] {logging_mixin.py:190} INFO - [2024-08-20T03:33:14.345+0000] {dag.py:3211} INFO - Sync 10 DAGs
[2024-08-20T03:33:14.377+0000] {logging_mixin.py:190} INFO - [2024-08-20T03:33:14.376+0000] {dag.py:4138} INFO - Setting next_dagrun for conditional_dataset_and_time_based_timetable to 2024-08-14 01:00:00+00:00, run_after=2024-08-14 01:00:00+00:00
[2024-08-20T03:33:14.382+0000] {logging_mixin.py:190} INFO - [2024-08-20T03:33:14.382+0000] {dag.py:4138} INFO - Setting next_dagrun for consume_1_and_2_with_dataset_expressions to None, run_after=None
[2024-08-20T03:33:14.384+0000] {logging_mixin.py:190} INFO - [2024-08-20T03:33:14.384+0000] {dag.py:4138} INFO - Setting next_dagrun for consume_1_or_2_with_dataset_expressions to None, run_after=None
[2024-08-20T03:33:14.387+0000] {logging_mixin.py:190} INFO - [2024-08-20T03:33:14.386+0000] {dag.py:4138} INFO - Setting next_dagrun for consume_1_or_both_2_and_3_with_dataset_expressions to None, run_after=None
[2024-08-20T03:33:14.389+0000] {logging_mixin.py:190} INFO - [2024-08-20T03:33:14.388+0000] {dag.py:4138} INFO - Setting next_dagrun for dataset_consumes_1 to None, run_after=None
[2024-08-20T03:33:14.390+0000] {logging_mixin.py:190} INFO - [2024-08-20T03:33:14.390+0000] {dag.py:4138} INFO - Setting next_dagrun for dataset_consumes_1_and_2 to None, run_after=None
[2024-08-20T03:33:14.392+0000] {logging_mixin.py:190} INFO - [2024-08-20T03:33:14.392+0000] {dag.py:4138} INFO - Setting next_dagrun for dataset_consumes_1_never_scheduled to None, run_after=None
[2024-08-20T03:33:14.394+0000] {logging_mixin.py:190} INFO - [2024-08-20T03:33:14.393+0000] {dag.py:4138} INFO - Setting next_dagrun for dataset_consumes_unknown_never_scheduled to None, run_after=None
[2024-08-20T03:33:14.397+0000] {logging_mixin.py:190} INFO - [2024-08-20T03:33:14.396+0000] {dag.py:4138} INFO - Setting next_dagrun for dataset_produces_1 to 2024-08-19 00:00:00+00:00, run_after=2024-08-20 00:00:00+00:00
[2024-08-20T03:33:14.399+0000] {logging_mixin.py:190} INFO - [2024-08-20T03:33:14.399+0000] {dag.py:4138} INFO - Setting next_dagrun for dataset_produces_2 to None, run_after=None
[2024-08-20T03:33:14.440+0000] {processor.py:208} INFO - Processing /home/airflow/.local/lib/python3.12/site-packages/airflow/example_dags/example_datasets.py took 0.326 seconds
[2024-08-20T03:33:44.654+0000] {processor.py:186} INFO - Started process (PID=1104) to work on /home/airflow/.local/lib/python3.12/site-packages/airflow/example_dags/example_datasets.py
[2024-08-20T03:33:44.656+0000] {processor.py:914} INFO - Processing file /home/airflow/.local/lib/python3.12/site-packages/airflow/example_dags/example_datasets.py for tasks to queue
[2024-08-20T03:33:44.660+0000] {logging_mixin.py:190} INFO - [2024-08-20T03:33:44.659+0000] {dagbag.py:587} INFO - Filling up the DagBag from /home/airflow/.local/lib/python3.12/site-packages/airflow/example_dags/example_datasets.py
[2024-08-20T03:33:44.823+0000] {processor.py:925} INFO - DAG(s) 'consume_1_or_2_with_dataset_expressions', 'conditional_dataset_and_time_based_timetable', 'dataset_produces_1', 'dataset_produces_2', 'consume_1_or_both_2_and_3_with_dataset_expressions', 'dataset_consumes_1_and_2', 'dataset_consumes_1_never_scheduled', 'consume_1_and_2_with_dataset_expressions', 'dataset_consumes_1', 'dataset_consumes_unknown_never_scheduled' retrieved from /home/airflow/.local/lib/python3.12/site-packages/airflow/example_dags/example_datasets.py
[2024-08-20T03:33:44.876+0000] {logging_mixin.py:190} INFO - [2024-08-20T03:33:44.876+0000] {dag.py:3211} INFO - Sync 10 DAGs
[2024-08-20T03:33:44.912+0000] {logging_mixin.py:190} INFO - [2024-08-20T03:33:44.912+0000] {dag.py:4138} INFO - Setting next_dagrun for conditional_dataset_and_time_based_timetable to 2024-08-14 01:00:00+00:00, run_after=2024-08-14 01:00:00+00:00
[2024-08-20T03:33:44.917+0000] {logging_mixin.py:190} INFO - [2024-08-20T03:33:44.917+0000] {dag.py:4138} INFO - Setting next_dagrun for consume_1_and_2_with_dataset_expressions to None, run_after=None
[2024-08-20T03:33:44.920+0000] {logging_mixin.py:190} INFO - [2024-08-20T03:33:44.919+0000] {dag.py:4138} INFO - Setting next_dagrun for consume_1_or_2_with_dataset_expressions to None, run_after=None
[2024-08-20T03:33:44.922+0000] {logging_mixin.py:190} INFO - [2024-08-20T03:33:44.922+0000] {dag.py:4138} INFO - Setting next_dagrun for consume_1_or_both_2_and_3_with_dataset_expressions to None, run_after=None
[2024-08-20T03:33:44.924+0000] {logging_mixin.py:190} INFO - [2024-08-20T03:33:44.924+0000] {dag.py:4138} INFO - Setting next_dagrun for dataset_consumes_1 to None, run_after=None
[2024-08-20T03:33:44.926+0000] {logging_mixin.py:190} INFO - [2024-08-20T03:33:44.926+0000] {dag.py:4138} INFO - Setting next_dagrun for dataset_consumes_1_and_2 to None, run_after=None
[2024-08-20T03:33:44.928+0000] {logging_mixin.py:190} INFO - [2024-08-20T03:33:44.928+0000] {dag.py:4138} INFO - Setting next_dagrun for dataset_consumes_1_never_scheduled to None, run_after=None
[2024-08-20T03:33:44.931+0000] {logging_mixin.py:190} INFO - [2024-08-20T03:33:44.930+0000] {dag.py:4138} INFO - Setting next_dagrun for dataset_consumes_unknown_never_scheduled to None, run_after=None
[2024-08-20T03:33:44.935+0000] {logging_mixin.py:190} INFO - [2024-08-20T03:33:44.934+0000] {dag.py:4138} INFO - Setting next_dagrun for dataset_produces_1 to 2024-08-19 00:00:00+00:00, run_after=2024-08-20 00:00:00+00:00
[2024-08-20T03:33:44.937+0000] {logging_mixin.py:190} INFO - [2024-08-20T03:33:44.936+0000] {dag.py:4138} INFO - Setting next_dagrun for dataset_produces_2 to None, run_after=None
[2024-08-20T03:33:44.988+0000] {processor.py:208} INFO - Processing /home/airflow/.local/lib/python3.12/site-packages/airflow/example_dags/example_datasets.py took 0.349 seconds
[2024-08-20T03:34:15.057+0000] {processor.py:186} INFO - Started process (PID=1390) to work on /home/airflow/.local/lib/python3.12/site-packages/airflow/example_dags/example_datasets.py
[2024-08-20T03:34:15.058+0000] {processor.py:914} INFO - Processing file /home/airflow/.local/lib/python3.12/site-packages/airflow/example_dags/example_datasets.py for tasks to queue
[2024-08-20T03:34:15.061+0000] {logging_mixin.py:190} INFO - [2024-08-20T03:34:15.061+0000] {dagbag.py:587} INFO - Filling up the DagBag from /home/airflow/.local/lib/python3.12/site-packages/airflow/example_dags/example_datasets.py
[2024-08-20T03:34:15.212+0000] {processor.py:925} INFO - DAG(s) 'dataset_consumes_1_never_scheduled', 'conditional_dataset_and_time_based_timetable', 'dataset_produces_2', 'consume_1_and_2_with_dataset_expressions', 'consume_1_or_2_with_dataset_expressions', 'dataset_consumes_1_and_2', 'dataset_consumes_unknown_never_scheduled', 'dataset_produces_1', 'consume_1_or_both_2_and_3_with_dataset_expressions', 'dataset_consumes_1' retrieved from /home/airflow/.local/lib/python3.12/site-packages/airflow/example_dags/example_datasets.py
[2024-08-20T03:34:15.265+0000] {logging_mixin.py:190} INFO - [2024-08-20T03:34:15.265+0000] {dag.py:3211} INFO - Sync 10 DAGs
[2024-08-20T03:34:15.301+0000] {logging_mixin.py:190} INFO - [2024-08-20T03:34:15.300+0000] {dag.py:4138} INFO - Setting next_dagrun for conditional_dataset_and_time_based_timetable to 2024-08-14 01:00:00+00:00, run_after=2024-08-14 01:00:00+00:00
[2024-08-20T03:34:15.306+0000] {logging_mixin.py:190} INFO - [2024-08-20T03:34:15.305+0000] {dag.py:4138} INFO - Setting next_dagrun for consume_1_and_2_with_dataset_expressions to None, run_after=None
[2024-08-20T03:34:15.308+0000] {logging_mixin.py:190} INFO - [2024-08-20T03:34:15.308+0000] {dag.py:4138} INFO - Setting next_dagrun for consume_1_or_2_with_dataset_expressions to None, run_after=None
[2024-08-20T03:34:15.310+0000] {logging_mixin.py:190} INFO - [2024-08-20T03:34:15.310+0000] {dag.py:4138} INFO - Setting next_dagrun for consume_1_or_both_2_and_3_with_dataset_expressions to None, run_after=None
[2024-08-20T03:34:15.312+0000] {logging_mixin.py:190} INFO - [2024-08-20T03:34:15.311+0000] {dag.py:4138} INFO - Setting next_dagrun for dataset_consumes_1 to None, run_after=None
[2024-08-20T03:34:15.314+0000] {logging_mixin.py:190} INFO - [2024-08-20T03:34:15.314+0000] {dag.py:4138} INFO - Setting next_dagrun for dataset_consumes_1_and_2 to None, run_after=None
[2024-08-20T03:34:15.317+0000] {logging_mixin.py:190} INFO - [2024-08-20T03:34:15.316+0000] {dag.py:4138} INFO - Setting next_dagrun for dataset_consumes_1_never_scheduled to None, run_after=None
[2024-08-20T03:34:15.319+0000] {logging_mixin.py:190} INFO - [2024-08-20T03:34:15.318+0000] {dag.py:4138} INFO - Setting next_dagrun for dataset_consumes_unknown_never_scheduled to None, run_after=None
[2024-08-20T03:34:15.322+0000] {logging_mixin.py:190} INFO - [2024-08-20T03:34:15.321+0000] {dag.py:4138} INFO - Setting next_dagrun for dataset_produces_1 to 2024-08-19 00:00:00+00:00, run_after=2024-08-20 00:00:00+00:00
[2024-08-20T03:34:15.323+0000] {logging_mixin.py:190} INFO - [2024-08-20T03:34:15.323+0000] {dag.py:4138} INFO - Setting next_dagrun for dataset_produces_2 to None, run_after=None
[2024-08-20T03:34:15.365+0000] {processor.py:208} INFO - Processing /home/airflow/.local/lib/python3.12/site-packages/airflow/example_dags/example_datasets.py took 0.315 seconds
[2024-08-20T03:34:45.944+0000] {processor.py:186} INFO - Started process (PID=1688) to work on /home/airflow/.local/lib/python3.12/site-packages/airflow/example_dags/example_datasets.py
[2024-08-20T03:34:45.947+0000] {processor.py:914} INFO - Processing file /home/airflow/.local/lib/python3.12/site-packages/airflow/example_dags/example_datasets.py for tasks to queue
[2024-08-20T03:34:45.950+0000] {logging_mixin.py:190} INFO - [2024-08-20T03:34:45.949+0000] {dagbag.py:587} INFO - Filling up the DagBag from /home/airflow/.local/lib/python3.12/site-packages/airflow/example_dags/example_datasets.py
[2024-08-20T03:34:46.121+0000] {processor.py:925} INFO - DAG(s) 'consume_1_or_both_2_and_3_with_dataset_expressions', 'consume_1_and_2_with_dataset_expressions', 'conditional_dataset_and_time_based_timetable', 'consume_1_or_2_with_dataset_expressions', 'dataset_produces_1', 'dataset_consumes_1_and_2', 'dataset_consumes_1_never_scheduled', 'dataset_consumes_unknown_never_scheduled', 'dataset_produces_2', 'dataset_consumes_1' retrieved from /home/airflow/.local/lib/python3.12/site-packages/airflow/example_dags/example_datasets.py
[2024-08-20T03:34:46.185+0000] {logging_mixin.py:190} INFO - [2024-08-20T03:34:46.185+0000] {dag.py:3211} INFO - Sync 10 DAGs
[2024-08-20T03:34:46.219+0000] {logging_mixin.py:190} INFO - [2024-08-20T03:34:46.219+0000] {dag.py:4138} INFO - Setting next_dagrun for conditional_dataset_and_time_based_timetable to 2024-08-14 01:00:00+00:00, run_after=2024-08-14 01:00:00+00:00
[2024-08-20T03:34:46.223+0000] {logging_mixin.py:190} INFO - [2024-08-20T03:34:46.223+0000] {dag.py:4138} INFO - Setting next_dagrun for consume_1_and_2_with_dataset_expressions to None, run_after=None
[2024-08-20T03:34:46.227+0000] {logging_mixin.py:190} INFO - [2024-08-20T03:34:46.226+0000] {dag.py:4138} INFO - Setting next_dagrun for consume_1_or_2_with_dataset_expressions to None, run_after=None
[2024-08-20T03:34:46.229+0000] {logging_mixin.py:190} INFO - [2024-08-20T03:34:46.229+0000] {dag.py:4138} INFO - Setting next_dagrun for consume_1_or_both_2_and_3_with_dataset_expressions to None, run_after=None
[2024-08-20T03:34:46.232+0000] {logging_mixin.py:190} INFO - [2024-08-20T03:34:46.231+0000] {dag.py:4138} INFO - Setting next_dagrun for dataset_consumes_1 to None, run_after=None
[2024-08-20T03:34:46.234+0000] {logging_mixin.py:190} INFO - [2024-08-20T03:34:46.234+0000] {dag.py:4138} INFO - Setting next_dagrun for dataset_consumes_1_and_2 to None, run_after=None
[2024-08-20T03:34:46.236+0000] {logging_mixin.py:190} INFO - [2024-08-20T03:34:46.236+0000] {dag.py:4138} INFO - Setting next_dagrun for dataset_consumes_1_never_scheduled to None, run_after=None
[2024-08-20T03:34:46.238+0000] {logging_mixin.py:190} INFO - [2024-08-20T03:34:46.238+0000] {dag.py:4138} INFO - Setting next_dagrun for dataset_consumes_unknown_never_scheduled to None, run_after=None
[2024-08-20T03:34:46.242+0000] {logging_mixin.py:190} INFO - [2024-08-20T03:34:46.242+0000] {dag.py:4138} INFO - Setting next_dagrun for dataset_produces_1 to 2024-08-19 00:00:00+00:00, run_after=2024-08-20 00:00:00+00:00
[2024-08-20T03:34:46.244+0000] {logging_mixin.py:190} INFO - [2024-08-20T03:34:46.244+0000] {dag.py:4138} INFO - Setting next_dagrun for dataset_produces_2 to None, run_after=None
[2024-08-20T03:34:46.289+0000] {processor.py:208} INFO - Processing /home/airflow/.local/lib/python3.12/site-packages/airflow/example_dags/example_datasets.py took 0.351 seconds
[2024-08-20T03:35:16.587+0000] {processor.py:186} INFO - Started process (PID=1977) to work on /home/airflow/.local/lib/python3.12/site-packages/airflow/example_dags/example_datasets.py
[2024-08-20T03:35:16.590+0000] {processor.py:914} INFO - Processing file /home/airflow/.local/lib/python3.12/site-packages/airflow/example_dags/example_datasets.py for tasks to queue
[2024-08-20T03:35:16.593+0000] {logging_mixin.py:190} INFO - [2024-08-20T03:35:16.593+0000] {dagbag.py:587} INFO - Filling up the DagBag from /home/airflow/.local/lib/python3.12/site-packages/airflow/example_dags/example_datasets.py
[2024-08-20T03:35:16.750+0000] {processor.py:925} INFO - DAG(s) 'dataset_consumes_1_and_2', 'consume_1_or_2_with_dataset_expressions', 'consume_1_or_both_2_and_3_with_dataset_expressions', 'dataset_consumes_1_never_scheduled', 'conditional_dataset_and_time_based_timetable', 'dataset_consumes_unknown_never_scheduled', 'dataset_produces_1', 'dataset_produces_2', 'dataset_consumes_1', 'consume_1_and_2_with_dataset_expressions' retrieved from /home/airflow/.local/lib/python3.12/site-packages/airflow/example_dags/example_datasets.py
[2024-08-20T03:35:16.803+0000] {logging_mixin.py:190} INFO - [2024-08-20T03:35:16.802+0000] {dag.py:3211} INFO - Sync 10 DAGs
[2024-08-20T03:35:16.830+0000] {logging_mixin.py:190} INFO - [2024-08-20T03:35:16.830+0000] {dag.py:4138} INFO - Setting next_dagrun for conditional_dataset_and_time_based_timetable to 2024-08-14 01:00:00+00:00, run_after=2024-08-14 01:00:00+00:00
[2024-08-20T03:35:16.835+0000] {logging_mixin.py:190} INFO - [2024-08-20T03:35:16.834+0000] {dag.py:4138} INFO - Setting next_dagrun for consume_1_and_2_with_dataset_expressions to None, run_after=None
[2024-08-20T03:35:16.837+0000] {logging_mixin.py:190} INFO - [2024-08-20T03:35:16.836+0000] {dag.py:4138} INFO - Setting next_dagrun for consume_1_or_2_with_dataset_expressions to None, run_after=None
[2024-08-20T03:35:16.838+0000] {logging_mixin.py:190} INFO - [2024-08-20T03:35:16.838+0000] {dag.py:4138} INFO - Setting next_dagrun for consume_1_or_both_2_and_3_with_dataset_expressions to None, run_after=None
[2024-08-20T03:35:16.841+0000] {logging_mixin.py:190} INFO - [2024-08-20T03:35:16.840+0000] {dag.py:4138} INFO - Setting next_dagrun for dataset_consumes_1 to None, run_after=None
[2024-08-20T03:35:16.843+0000] {logging_mixin.py:190} INFO - [2024-08-20T03:35:16.842+0000] {dag.py:4138} INFO - Setting next_dagrun for dataset_consumes_1_and_2 to None, run_after=None
[2024-08-20T03:35:16.845+0000] {logging_mixin.py:190} INFO - [2024-08-20T03:35:16.844+0000] {dag.py:4138} INFO - Setting next_dagrun for dataset_consumes_1_never_scheduled to None, run_after=None
[2024-08-20T03:35:16.847+0000] {logging_mixin.py:190} INFO - [2024-08-20T03:35:16.846+0000] {dag.py:4138} INFO - Setting next_dagrun for dataset_consumes_unknown_never_scheduled to None, run_after=None
[2024-08-20T03:35:16.851+0000] {logging_mixin.py:190} INFO - [2024-08-20T03:35:16.851+0000] {dag.py:4138} INFO - Setting next_dagrun for dataset_produces_1 to 2024-08-19 00:00:00+00:00, run_after=2024-08-20 00:00:00+00:00
[2024-08-20T03:35:16.853+0000] {logging_mixin.py:190} INFO - [2024-08-20T03:35:16.852+0000] {dag.py:4138} INFO - Setting next_dagrun for dataset_produces_2 to None, run_after=None
[2024-08-20T03:35:16.898+0000] {processor.py:208} INFO - Processing /home/airflow/.local/lib/python3.12/site-packages/airflow/example_dags/example_datasets.py took 0.320 seconds
[2024-08-20T03:35:47.041+0000] {processor.py:186} INFO - Started process (PID=2258) to work on /home/airflow/.local/lib/python3.12/site-packages/airflow/example_dags/example_datasets.py
[2024-08-20T03:35:47.042+0000] {processor.py:914} INFO - Processing file /home/airflow/.local/lib/python3.12/site-packages/airflow/example_dags/example_datasets.py for tasks to queue
[2024-08-20T03:35:47.045+0000] {logging_mixin.py:190} INFO - [2024-08-20T03:35:47.045+0000] {dagbag.py:587} INFO - Filling up the DagBag from /home/airflow/.local/lib/python3.12/site-packages/airflow/example_dags/example_datasets.py
[2024-08-20T03:35:47.209+0000] {processor.py:925} INFO - DAG(s) 'dataset_produces_1', 'consume_1_or_both_2_and_3_with_dataset_expressions', 'consume_1_or_2_with_dataset_expressions', 'dataset_produces_2', 'dataset_consumes_1_never_scheduled', 'dataset_consumes_1', 'consume_1_and_2_with_dataset_expressions', 'dataset_consumes_1_and_2', 'dataset_consumes_unknown_never_scheduled', 'conditional_dataset_and_time_based_timetable' retrieved from /home/airflow/.local/lib/python3.12/site-packages/airflow/example_dags/example_datasets.py
[2024-08-20T03:35:47.258+0000] {logging_mixin.py:190} INFO - [2024-08-20T03:35:47.258+0000] {dag.py:3211} INFO - Sync 10 DAGs
[2024-08-20T03:35:47.287+0000] {logging_mixin.py:190} INFO - [2024-08-20T03:35:47.287+0000] {dag.py:4138} INFO - Setting next_dagrun for conditional_dataset_and_time_based_timetable to 2024-08-14 01:00:00+00:00, run_after=2024-08-14 01:00:00+00:00
[2024-08-20T03:35:47.293+0000] {logging_mixin.py:190} INFO - [2024-08-20T03:35:47.293+0000] {dag.py:4138} INFO - Setting next_dagrun for consume_1_and_2_with_dataset_expressions to None, run_after=None
[2024-08-20T03:35:47.296+0000] {logging_mixin.py:190} INFO - [2024-08-20T03:35:47.295+0000] {dag.py:4138} INFO - Setting next_dagrun for consume_1_or_2_with_dataset_expressions to None, run_after=None
[2024-08-20T03:35:47.297+0000] {logging_mixin.py:190} INFO - [2024-08-20T03:35:47.297+0000] {dag.py:4138} INFO - Setting next_dagrun for consume_1_or_both_2_and_3_with_dataset_expressions to None, run_after=None
[2024-08-20T03:35:47.299+0000] {logging_mixin.py:190} INFO - [2024-08-20T03:35:47.299+0000] {dag.py:4138} INFO - Setting next_dagrun for dataset_consumes_1 to None, run_after=None
[2024-08-20T03:35:47.301+0000] {logging_mixin.py:190} INFO - [2024-08-20T03:35:47.301+0000] {dag.py:4138} INFO - Setting next_dagrun for dataset_consumes_1_and_2 to None, run_after=None
[2024-08-20T03:35:47.303+0000] {logging_mixin.py:190} INFO - [2024-08-20T03:35:47.303+0000] {dag.py:4138} INFO - Setting next_dagrun for dataset_consumes_1_never_scheduled to None, run_after=None
[2024-08-20T03:35:47.306+0000] {logging_mixin.py:190} INFO - [2024-08-20T03:35:47.306+0000] {dag.py:4138} INFO - Setting next_dagrun for dataset_consumes_unknown_never_scheduled to None, run_after=None
[2024-08-20T03:35:47.311+0000] {logging_mixin.py:190} INFO - [2024-08-20T03:35:47.310+0000] {dag.py:4138} INFO - Setting next_dagrun for dataset_produces_1 to 2024-08-19 00:00:00+00:00, run_after=2024-08-20 00:00:00+00:00
[2024-08-20T03:35:47.313+0000] {logging_mixin.py:190} INFO - [2024-08-20T03:35:47.312+0000] {dag.py:4138} INFO - Setting next_dagrun for dataset_produces_2 to None, run_after=None
[2024-08-20T03:35:47.358+0000] {processor.py:208} INFO - Processing /home/airflow/.local/lib/python3.12/site-packages/airflow/example_dags/example_datasets.py took 0.324 seconds
[2024-08-20T03:36:17.624+0000] {processor.py:186} INFO - Started process (PID=2544) to work on /home/airflow/.local/lib/python3.12/site-packages/airflow/example_dags/example_datasets.py
[2024-08-20T03:36:17.625+0000] {processor.py:914} INFO - Processing file /home/airflow/.local/lib/python3.12/site-packages/airflow/example_dags/example_datasets.py for tasks to queue
[2024-08-20T03:36:17.628+0000] {logging_mixin.py:190} INFO - [2024-08-20T03:36:17.627+0000] {dagbag.py:587} INFO - Filling up the DagBag from /home/airflow/.local/lib/python3.12/site-packages/airflow/example_dags/example_datasets.py
[2024-08-20T03:36:17.789+0000] {processor.py:925} INFO - DAG(s) 'conditional_dataset_and_time_based_timetable', 'consume_1_or_2_with_dataset_expressions', 'consume_1_and_2_with_dataset_expressions', 'dataset_consumes_unknown_never_scheduled', 'dataset_produces_1', 'dataset_consumes_1', 'dataset_consumes_1_and_2', 'dataset_consumes_1_never_scheduled', 'consume_1_or_both_2_and_3_with_dataset_expressions', 'dataset_produces_2' retrieved from /home/airflow/.local/lib/python3.12/site-packages/airflow/example_dags/example_datasets.py
[2024-08-20T03:36:17.851+0000] {logging_mixin.py:190} INFO - [2024-08-20T03:36:17.851+0000] {dag.py:3211} INFO - Sync 10 DAGs
[2024-08-20T03:36:17.886+0000] {logging_mixin.py:190} INFO - [2024-08-20T03:36:17.885+0000] {dag.py:4138} INFO - Setting next_dagrun for conditional_dataset_and_time_based_timetable to 2024-08-14 01:00:00+00:00, run_after=2024-08-14 01:00:00+00:00
[2024-08-20T03:36:17.891+0000] {logging_mixin.py:190} INFO - [2024-08-20T03:36:17.891+0000] {dag.py:4138} INFO - Setting next_dagrun for consume_1_and_2_with_dataset_expressions to None, run_after=None
[2024-08-20T03:36:17.894+0000] {logging_mixin.py:190} INFO - [2024-08-20T03:36:17.893+0000] {dag.py:4138} INFO - Setting next_dagrun for consume_1_or_2_with_dataset_expressions to None, run_after=None
[2024-08-20T03:36:17.895+0000] {logging_mixin.py:190} INFO - [2024-08-20T03:36:17.895+0000] {dag.py:4138} INFO - Setting next_dagrun for consume_1_or_both_2_and_3_with_dataset_expressions to None, run_after=None
[2024-08-20T03:36:17.897+0000] {logging_mixin.py:190} INFO - [2024-08-20T03:36:17.897+0000] {dag.py:4138} INFO - Setting next_dagrun for dataset_consumes_1 to None, run_after=None
[2024-08-20T03:36:17.900+0000] {logging_mixin.py:190} INFO - [2024-08-20T03:36:17.899+0000] {dag.py:4138} INFO - Setting next_dagrun for dataset_consumes_1_and_2 to None, run_after=None
[2024-08-20T03:36:17.903+0000] {logging_mixin.py:190} INFO - [2024-08-20T03:36:17.902+0000] {dag.py:4138} INFO - Setting next_dagrun for dataset_consumes_1_never_scheduled to None, run_after=None
[2024-08-20T03:36:17.905+0000] {logging_mixin.py:190} INFO - [2024-08-20T03:36:17.905+0000] {dag.py:4138} INFO - Setting next_dagrun for dataset_consumes_unknown_never_scheduled to None, run_after=None
[2024-08-20T03:36:17.909+0000] {logging_mixin.py:190} INFO - [2024-08-20T03:36:17.909+0000] {dag.py:4138} INFO - Setting next_dagrun for dataset_produces_1 to 2024-08-19 00:00:00+00:00, run_after=2024-08-20 00:00:00+00:00
[2024-08-20T03:36:17.911+0000] {logging_mixin.py:190} INFO - [2024-08-20T03:36:17.911+0000] {dag.py:4138} INFO - Setting next_dagrun for dataset_produces_2 to None, run_after=None
[2024-08-20T03:36:17.956+0000] {processor.py:208} INFO - Processing /home/airflow/.local/lib/python3.12/site-packages/airflow/example_dags/example_datasets.py took 0.340 seconds
[2024-08-20T03:36:48.138+0000] {processor.py:186} INFO - Started process (PID=2840) to work on /home/airflow/.local/lib/python3.12/site-packages/airflow/example_dags/example_datasets.py
[2024-08-20T03:36:48.139+0000] {processor.py:914} INFO - Processing file /home/airflow/.local/lib/python3.12/site-packages/airflow/example_dags/example_datasets.py for tasks to queue
[2024-08-20T03:36:48.142+0000] {logging_mixin.py:190} INFO - [2024-08-20T03:36:48.141+0000] {dagbag.py:587} INFO - Filling up the DagBag from /home/airflow/.local/lib/python3.12/site-packages/airflow/example_dags/example_datasets.py
[2024-08-20T03:36:48.300+0000] {processor.py:925} INFO - DAG(s) 'consume_1_and_2_with_dataset_expressions', 'consume_1_or_2_with_dataset_expressions', 'dataset_consumes_1', 'dataset_produces_1', 'dataset_produces_2', 'dataset_consumes_1_never_scheduled', 'conditional_dataset_and_time_based_timetable', 'dataset_consumes_1_and_2', 'dataset_consumes_unknown_never_scheduled', 'consume_1_or_both_2_and_3_with_dataset_expressions' retrieved from /home/airflow/.local/lib/python3.12/site-packages/airflow/example_dags/example_datasets.py
[2024-08-20T03:36:48.344+0000] {logging_mixin.py:190} INFO - [2024-08-20T03:36:48.343+0000] {dag.py:3211} INFO - Sync 10 DAGs
[2024-08-20T03:36:48.370+0000] {logging_mixin.py:190} INFO - [2024-08-20T03:36:48.370+0000] {dag.py:4138} INFO - Setting next_dagrun for conditional_dataset_and_time_based_timetable to 2024-08-14 01:00:00+00:00, run_after=2024-08-14 01:00:00+00:00
[2024-08-20T03:36:48.374+0000] {logging_mixin.py:190} INFO - [2024-08-20T03:36:48.374+0000] {dag.py:4138} INFO - Setting next_dagrun for consume_1_and_2_with_dataset_expressions to None, run_after=None
[2024-08-20T03:36:48.376+0000] {logging_mixin.py:190} INFO - [2024-08-20T03:36:48.376+0000] {dag.py:4138} INFO - Setting next_dagrun for consume_1_or_2_with_dataset_expressions to None, run_after=None
[2024-08-20T03:36:48.378+0000] {logging_mixin.py:190} INFO - [2024-08-20T03:36:48.378+0000] {dag.py:4138} INFO - Setting next_dagrun for consume_1_or_both_2_and_3_with_dataset_expressions to None, run_after=None
[2024-08-20T03:36:48.379+0000] {logging_mixin.py:190} INFO - [2024-08-20T03:36:48.379+0000] {dag.py:4138} INFO - Setting next_dagrun for dataset_consumes_1 to None, run_after=None
[2024-08-20T03:36:48.381+0000] {logging_mixin.py:190} INFO - [2024-08-20T03:36:48.381+0000] {dag.py:4138} INFO - Setting next_dagrun for dataset_consumes_1_and_2 to None, run_after=None
[2024-08-20T03:36:48.383+0000] {logging_mixin.py:190} INFO - [2024-08-20T03:36:48.383+0000] {dag.py:4138} INFO - Setting next_dagrun for dataset_consumes_1_never_scheduled to None, run_after=None
[2024-08-20T03:36:48.384+0000] {logging_mixin.py:190} INFO - [2024-08-20T03:36:48.384+0000] {dag.py:4138} INFO - Setting next_dagrun for dataset_consumes_unknown_never_scheduled to None, run_after=None
[2024-08-20T03:36:48.387+0000] {logging_mixin.py:190} INFO - [2024-08-20T03:36:48.387+0000] {dag.py:4138} INFO - Setting next_dagrun for dataset_produces_1 to 2024-08-19 00:00:00+00:00, run_after=2024-08-20 00:00:00+00:00
[2024-08-20T03:36:48.389+0000] {logging_mixin.py:190} INFO - [2024-08-20T03:36:48.389+0000] {dag.py:4138} INFO - Setting next_dagrun for dataset_produces_2 to None, run_after=None
[2024-08-20T03:36:48.422+0000] {processor.py:208} INFO - Processing /home/airflow/.local/lib/python3.12/site-packages/airflow/example_dags/example_datasets.py took 0.291 seconds
[2024-08-20T03:37:18.654+0000] {processor.py:186} INFO - Started process (PID=3131) to work on /home/airflow/.local/lib/python3.12/site-packages/airflow/example_dags/example_datasets.py
[2024-08-20T03:37:18.657+0000] {processor.py:914} INFO - Processing file /home/airflow/.local/lib/python3.12/site-packages/airflow/example_dags/example_datasets.py for tasks to queue
[2024-08-20T03:37:18.660+0000] {logging_mixin.py:190} INFO - [2024-08-20T03:37:18.659+0000] {dagbag.py:587} INFO - Filling up the DagBag from /home/airflow/.local/lib/python3.12/site-packages/airflow/example_dags/example_datasets.py
[2024-08-20T03:37:18.829+0000] {processor.py:925} INFO - DAG(s) 'consume_1_or_both_2_and_3_with_dataset_expressions', 'consume_1_or_2_with_dataset_expressions', 'dataset_consumes_unknown_never_scheduled', 'dataset_consumes_1_never_scheduled', 'conditional_dataset_and_time_based_timetable', 'dataset_produces_2', 'dataset_produces_1', 'consume_1_and_2_with_dataset_expressions', 'dataset_consumes_1', 'dataset_consumes_1_and_2' retrieved from /home/airflow/.local/lib/python3.12/site-packages/airflow/example_dags/example_datasets.py
[2024-08-20T03:37:18.878+0000] {logging_mixin.py:190} INFO - [2024-08-20T03:37:18.877+0000] {dag.py:3211} INFO - Sync 10 DAGs
[2024-08-20T03:37:18.910+0000] {logging_mixin.py:190} INFO - [2024-08-20T03:37:18.909+0000] {dag.py:4138} INFO - Setting next_dagrun for conditional_dataset_and_time_based_timetable to 2024-08-14 01:00:00+00:00, run_after=2024-08-14 01:00:00+00:00
[2024-08-20T03:37:18.914+0000] {logging_mixin.py:190} INFO - [2024-08-20T03:37:18.914+0000] {dag.py:4138} INFO - Setting next_dagrun for consume_1_and_2_with_dataset_expressions to None, run_after=None
[2024-08-20T03:37:18.916+0000] {logging_mixin.py:190} INFO - [2024-08-20T03:37:18.915+0000] {dag.py:4138} INFO - Setting next_dagrun for consume_1_or_2_with_dataset_expressions to None, run_after=None
[2024-08-20T03:37:18.918+0000] {logging_mixin.py:190} INFO - [2024-08-20T03:37:18.918+0000] {dag.py:4138} INFO - Setting next_dagrun for consume_1_or_both_2_and_3_with_dataset_expressions to None, run_after=None
[2024-08-20T03:37:18.921+0000] {logging_mixin.py:190} INFO - [2024-08-20T03:37:18.921+0000] {dag.py:4138} INFO - Setting next_dagrun for dataset_consumes_1 to None, run_after=None
[2024-08-20T03:37:18.924+0000] {logging_mixin.py:190} INFO - [2024-08-20T03:37:18.923+0000] {dag.py:4138} INFO - Setting next_dagrun for dataset_consumes_1_and_2 to None, run_after=None
[2024-08-20T03:37:18.926+0000] {logging_mixin.py:190} INFO - [2024-08-20T03:37:18.925+0000] {dag.py:4138} INFO - Setting next_dagrun for dataset_consumes_1_never_scheduled to None, run_after=None
[2024-08-20T03:37:18.927+0000] {logging_mixin.py:190} INFO - [2024-08-20T03:37:18.927+0000] {dag.py:4138} INFO - Setting next_dagrun for dataset_consumes_unknown_never_scheduled to None, run_after=None
[2024-08-20T03:37:18.932+0000] {logging_mixin.py:190} INFO - [2024-08-20T03:37:18.931+0000] {dag.py:4138} INFO - Setting next_dagrun for dataset_produces_1 to 2024-08-19 00:00:00+00:00, run_after=2024-08-20 00:00:00+00:00
[2024-08-20T03:37:18.934+0000] {logging_mixin.py:190} INFO - [2024-08-20T03:37:18.934+0000] {dag.py:4138} INFO - Setting next_dagrun for dataset_produces_2 to None, run_after=None
[2024-08-20T03:37:18.981+0000] {processor.py:208} INFO - Processing /home/airflow/.local/lib/python3.12/site-packages/airflow/example_dags/example_datasets.py took 0.336 seconds
[2024-08-20T03:37:49.838+0000] {processor.py:186} INFO - Started process (PID=3419) to work on /home/airflow/.local/lib/python3.12/site-packages/airflow/example_dags/example_datasets.py
[2024-08-20T03:37:49.839+0000] {processor.py:914} INFO - Processing file /home/airflow/.local/lib/python3.12/site-packages/airflow/example_dags/example_datasets.py for tasks to queue
[2024-08-20T03:37:49.843+0000] {logging_mixin.py:190} INFO - [2024-08-20T03:37:49.842+0000] {dagbag.py:587} INFO - Filling up the DagBag from /home/airflow/.local/lib/python3.12/site-packages/airflow/example_dags/example_datasets.py
[2024-08-20T03:37:49.983+0000] {processor.py:925} INFO - DAG(s) 'dataset_produces_2', 'dataset_consumes_1', 'dataset_consumes_1_and_2', 'consume_1_or_2_with_dataset_expressions', 'consume_1_and_2_with_dataset_expressions', 'dataset_consumes_1_never_scheduled', 'dataset_consumes_unknown_never_scheduled', 'conditional_dataset_and_time_based_timetable', 'consume_1_or_both_2_and_3_with_dataset_expressions', 'dataset_produces_1' retrieved from /home/airflow/.local/lib/python3.12/site-packages/airflow/example_dags/example_datasets.py
[2024-08-20T03:37:50.028+0000] {logging_mixin.py:190} INFO - [2024-08-20T03:37:50.028+0000] {dag.py:3211} INFO - Sync 10 DAGs
[2024-08-20T03:37:50.057+0000] {logging_mixin.py:190} INFO - [2024-08-20T03:37:50.056+0000] {dag.py:4138} INFO - Setting next_dagrun for conditional_dataset_and_time_based_timetable to 2024-08-14 01:00:00+00:00, run_after=2024-08-14 01:00:00+00:00
[2024-08-20T03:37:50.061+0000] {logging_mixin.py:190} INFO - [2024-08-20T03:37:50.060+0000] {dag.py:4138} INFO - Setting next_dagrun for consume_1_and_2_with_dataset_expressions to None, run_after=None
[2024-08-20T03:37:50.063+0000] {logging_mixin.py:190} INFO - [2024-08-20T03:37:50.062+0000] {dag.py:4138} INFO - Setting next_dagrun for consume_1_or_2_with_dataset_expressions to None, run_after=None
[2024-08-20T03:37:50.064+0000] {logging_mixin.py:190} INFO - [2024-08-20T03:37:50.064+0000] {dag.py:4138} INFO - Setting next_dagrun for consume_1_or_both_2_and_3_with_dataset_expressions to None, run_after=None
[2024-08-20T03:37:50.066+0000] {logging_mixin.py:190} INFO - [2024-08-20T03:37:50.065+0000] {dag.py:4138} INFO - Setting next_dagrun for dataset_consumes_1 to None, run_after=None
[2024-08-20T03:37:50.067+0000] {logging_mixin.py:190} INFO - [2024-08-20T03:37:50.067+0000] {dag.py:4138} INFO - Setting next_dagrun for dataset_consumes_1_and_2 to None, run_after=None
[2024-08-20T03:37:50.069+0000] {logging_mixin.py:190} INFO - [2024-08-20T03:37:50.068+0000] {dag.py:4138} INFO - Setting next_dagrun for dataset_consumes_1_never_scheduled to None, run_after=None
[2024-08-20T03:37:50.070+0000] {logging_mixin.py:190} INFO - [2024-08-20T03:37:50.070+0000] {dag.py:4138} INFO - Setting next_dagrun for dataset_consumes_unknown_never_scheduled to None, run_after=None
[2024-08-20T03:37:50.073+0000] {logging_mixin.py:190} INFO - [2024-08-20T03:37:50.072+0000] {dag.py:4138} INFO - Setting next_dagrun for dataset_produces_1 to 2024-08-19 00:00:00+00:00, run_after=2024-08-20 00:00:00+00:00
[2024-08-20T03:37:50.074+0000] {logging_mixin.py:190} INFO - [2024-08-20T03:37:50.074+0000] {dag.py:4138} INFO - Setting next_dagrun for dataset_produces_2 to None, run_after=None
[2024-08-20T03:37:50.109+0000] {processor.py:208} INFO - Processing /home/airflow/.local/lib/python3.12/site-packages/airflow/example_dags/example_datasets.py took 0.279 seconds
[2024-08-20T03:38:20.541+0000] {processor.py:186} INFO - Started process (PID=3705) to work on /home/airflow/.local/lib/python3.12/site-packages/airflow/example_dags/example_datasets.py
[2024-08-20T03:38:20.542+0000] {processor.py:914} INFO - Processing file /home/airflow/.local/lib/python3.12/site-packages/airflow/example_dags/example_datasets.py for tasks to queue
[2024-08-20T03:38:20.546+0000] {logging_mixin.py:190} INFO - [2024-08-20T03:38:20.545+0000] {dagbag.py:587} INFO - Filling up the DagBag from /home/airflow/.local/lib/python3.12/site-packages/airflow/example_dags/example_datasets.py
[2024-08-20T03:38:20.687+0000] {processor.py:925} INFO - DAG(s) 'dataset_consumes_1_never_scheduled', 'dataset_consumes_unknown_never_scheduled', 'consume_1_or_both_2_and_3_with_dataset_expressions', 'dataset_consumes_1', 'consume_1_and_2_with_dataset_expressions', 'consume_1_or_2_with_dataset_expressions', 'dataset_produces_1', 'dataset_produces_2', 'dataset_consumes_1_and_2', 'conditional_dataset_and_time_based_timetable' retrieved from /home/airflow/.local/lib/python3.12/site-packages/airflow/example_dags/example_datasets.py
[2024-08-20T03:38:20.729+0000] {logging_mixin.py:190} INFO - [2024-08-20T03:38:20.729+0000] {dag.py:3211} INFO - Sync 10 DAGs
[2024-08-20T03:38:20.758+0000] {logging_mixin.py:190} INFO - [2024-08-20T03:38:20.758+0000] {dag.py:4138} INFO - Setting next_dagrun for conditional_dataset_and_time_based_timetable to 2024-08-14 01:00:00+00:00, run_after=2024-08-14 01:00:00+00:00
[2024-08-20T03:38:20.763+0000] {logging_mixin.py:190} INFO - [2024-08-20T03:38:20.762+0000] {dag.py:4138} INFO - Setting next_dagrun for consume_1_and_2_with_dataset_expressions to None, run_after=None
[2024-08-20T03:38:20.765+0000] {logging_mixin.py:190} INFO - [2024-08-20T03:38:20.764+0000] {dag.py:4138} INFO - Setting next_dagrun for consume_1_or_2_with_dataset_expressions to None, run_after=None
[2024-08-20T03:38:20.766+0000] {logging_mixin.py:190} INFO - [2024-08-20T03:38:20.766+0000] {dag.py:4138} INFO - Setting next_dagrun for consume_1_or_both_2_and_3_with_dataset_expressions to None, run_after=None
[2024-08-20T03:38:20.769+0000] {logging_mixin.py:190} INFO - [2024-08-20T03:38:20.768+0000] {dag.py:4138} INFO - Setting next_dagrun for dataset_consumes_1 to None, run_after=None
[2024-08-20T03:38:20.771+0000] {logging_mixin.py:190} INFO - [2024-08-20T03:38:20.771+0000] {dag.py:4138} INFO - Setting next_dagrun for dataset_consumes_1_and_2 to None, run_after=None
[2024-08-20T03:38:20.773+0000] {logging_mixin.py:190} INFO - [2024-08-20T03:38:20.773+0000] {dag.py:4138} INFO - Setting next_dagrun for dataset_consumes_1_never_scheduled to None, run_after=None
[2024-08-20T03:38:20.775+0000] {logging_mixin.py:190} INFO - [2024-08-20T03:38:20.775+0000] {dag.py:4138} INFO - Setting next_dagrun for dataset_consumes_unknown_never_scheduled to None, run_after=None
[2024-08-20T03:38:20.779+0000] {logging_mixin.py:190} INFO - [2024-08-20T03:38:20.779+0000] {dag.py:4138} INFO - Setting next_dagrun for dataset_produces_1 to 2024-08-19 00:00:00+00:00, run_after=2024-08-20 00:00:00+00:00
[2024-08-20T03:38:20.781+0000] {logging_mixin.py:190} INFO - [2024-08-20T03:38:20.781+0000] {dag.py:4138} INFO - Setting next_dagrun for dataset_produces_2 to None, run_after=None
[2024-08-20T03:38:20.822+0000] {processor.py:208} INFO - Processing /home/airflow/.local/lib/python3.12/site-packages/airflow/example_dags/example_datasets.py took 0.288 seconds
[2024-08-20T03:38:50.996+0000] {processor.py:186} INFO - Started process (PID=3994) to work on /home/airflow/.local/lib/python3.12/site-packages/airflow/example_dags/example_datasets.py
[2024-08-20T03:38:50.997+0000] {processor.py:914} INFO - Processing file /home/airflow/.local/lib/python3.12/site-packages/airflow/example_dags/example_datasets.py for tasks to queue
[2024-08-20T03:38:51.000+0000] {logging_mixin.py:190} INFO - [2024-08-20T03:38:50.999+0000] {dagbag.py:587} INFO - Filling up the DagBag from /home/airflow/.local/lib/python3.12/site-packages/airflow/example_dags/example_datasets.py
[2024-08-20T03:38:51.161+0000] {processor.py:925} INFO - DAG(s) 'conditional_dataset_and_time_based_timetable', 'consume_1_or_both_2_and_3_with_dataset_expressions', 'dataset_produces_1', 'dataset_consumes_unknown_never_scheduled', 'consume_1_or_2_with_dataset_expressions', 'dataset_produces_2', 'dataset_consumes_1_never_scheduled', 'dataset_consumes_1', 'consume_1_and_2_with_dataset_expressions', 'dataset_consumes_1_and_2' retrieved from /home/airflow/.local/lib/python3.12/site-packages/airflow/example_dags/example_datasets.py
[2024-08-20T03:38:51.205+0000] {logging_mixin.py:190} INFO - [2024-08-20T03:38:51.205+0000] {dag.py:3211} INFO - Sync 10 DAGs
[2024-08-20T03:38:51.235+0000] {logging_mixin.py:190} INFO - [2024-08-20T03:38:51.235+0000] {dag.py:4138} INFO - Setting next_dagrun for conditional_dataset_and_time_based_timetable to 2024-08-14 01:00:00+00:00, run_after=2024-08-14 01:00:00+00:00
[2024-08-20T03:38:51.239+0000] {logging_mixin.py:190} INFO - [2024-08-20T03:38:51.239+0000] {dag.py:4138} INFO - Setting next_dagrun for consume_1_and_2_with_dataset_expressions to None, run_after=None
[2024-08-20T03:38:51.241+0000] {logging_mixin.py:190} INFO - [2024-08-20T03:38:51.241+0000] {dag.py:4138} INFO - Setting next_dagrun for consume_1_or_2_with_dataset_expressions to None, run_after=None
[2024-08-20T03:38:51.243+0000] {logging_mixin.py:190} INFO - [2024-08-20T03:38:51.243+0000] {dag.py:4138} INFO - Setting next_dagrun for consume_1_or_both_2_and_3_with_dataset_expressions to None, run_after=None
[2024-08-20T03:38:51.245+0000] {logging_mixin.py:190} INFO - [2024-08-20T03:38:51.245+0000] {dag.py:4138} INFO - Setting next_dagrun for dataset_consumes_1 to None, run_after=None
[2024-08-20T03:38:51.247+0000] {logging_mixin.py:190} INFO - [2024-08-20T03:38:51.246+0000] {dag.py:4138} INFO - Setting next_dagrun for dataset_consumes_1_and_2 to None, run_after=None
[2024-08-20T03:38:51.248+0000] {logging_mixin.py:190} INFO - [2024-08-20T03:38:51.248+0000] {dag.py:4138} INFO - Setting next_dagrun for dataset_consumes_1_never_scheduled to None, run_after=None
[2024-08-20T03:38:51.250+0000] {logging_mixin.py:190} INFO - [2024-08-20T03:38:51.250+0000] {dag.py:4138} INFO - Setting next_dagrun for dataset_consumes_unknown_never_scheduled to None, run_after=None
[2024-08-20T03:38:51.253+0000] {logging_mixin.py:190} INFO - [2024-08-20T03:38:51.253+0000] {dag.py:4138} INFO - Setting next_dagrun for dataset_produces_1 to 2024-08-19 00:00:00+00:00, run_after=2024-08-20 00:00:00+00:00
[2024-08-20T03:38:51.255+0000] {logging_mixin.py:190} INFO - [2024-08-20T03:38:51.254+0000] {dag.py:4138} INFO - Setting next_dagrun for dataset_produces_2 to None, run_after=None
[2024-08-20T03:38:51.294+0000] {processor.py:208} INFO - Processing /home/airflow/.local/lib/python3.12/site-packages/airflow/example_dags/example_datasets.py took 0.305 seconds
[2024-08-20T03:39:21.402+0000] {processor.py:186} INFO - Started process (PID=4282) to work on /home/airflow/.local/lib/python3.12/site-packages/airflow/example_dags/example_datasets.py
[2024-08-20T03:39:21.404+0000] {processor.py:914} INFO - Processing file /home/airflow/.local/lib/python3.12/site-packages/airflow/example_dags/example_datasets.py for tasks to queue
[2024-08-20T03:39:21.407+0000] {logging_mixin.py:190} INFO - [2024-08-20T03:39:21.406+0000] {dagbag.py:587} INFO - Filling up the DagBag from /home/airflow/.local/lib/python3.12/site-packages/airflow/example_dags/example_datasets.py
[2024-08-20T03:39:21.556+0000] {processor.py:925} INFO - DAG(s) 'dataset_consumes_1_and_2', 'dataset_consumes_1_never_scheduled', 'dataset_consumes_unknown_never_scheduled', 'dataset_produces_1', 'consume_1_or_both_2_and_3_with_dataset_expressions', 'dataset_consumes_1', 'consume_1_or_2_with_dataset_expressions', 'dataset_produces_2', 'conditional_dataset_and_time_based_timetable', 'consume_1_and_2_with_dataset_expressions' retrieved from /home/airflow/.local/lib/python3.12/site-packages/airflow/example_dags/example_datasets.py
[2024-08-20T03:39:21.601+0000] {logging_mixin.py:190} INFO - [2024-08-20T03:39:21.600+0000] {dag.py:3211} INFO - Sync 10 DAGs
[2024-08-20T03:39:21.630+0000] {logging_mixin.py:190} INFO - [2024-08-20T03:39:21.630+0000] {dag.py:4138} INFO - Setting next_dagrun for conditional_dataset_and_time_based_timetable to 2024-08-14 01:00:00+00:00, run_after=2024-08-14 01:00:00+00:00
[2024-08-20T03:39:21.635+0000] {logging_mixin.py:190} INFO - [2024-08-20T03:39:21.635+0000] {dag.py:4138} INFO - Setting next_dagrun for consume_1_and_2_with_dataset_expressions to None, run_after=None
[2024-08-20T03:39:21.637+0000] {logging_mixin.py:190} INFO - [2024-08-20T03:39:21.637+0000] {dag.py:4138} INFO - Setting next_dagrun for consume_1_or_2_with_dataset_expressions to None, run_after=None
[2024-08-20T03:39:21.640+0000] {logging_mixin.py:190} INFO - [2024-08-20T03:39:21.640+0000] {dag.py:4138} INFO - Setting next_dagrun for consume_1_or_both_2_and_3_with_dataset_expressions to None, run_after=None
[2024-08-20T03:39:21.642+0000] {logging_mixin.py:190} INFO - [2024-08-20T03:39:21.641+0000] {dag.py:4138} INFO - Setting next_dagrun for dataset_consumes_1 to None, run_after=None
[2024-08-20T03:39:21.643+0000] {logging_mixin.py:190} INFO - [2024-08-20T03:39:21.643+0000] {dag.py:4138} INFO - Setting next_dagrun for dataset_consumes_1_and_2 to None, run_after=None
[2024-08-20T03:39:21.646+0000] {logging_mixin.py:190} INFO - [2024-08-20T03:39:21.645+0000] {dag.py:4138} INFO - Setting next_dagrun for dataset_consumes_1_never_scheduled to None, run_after=None
[2024-08-20T03:39:21.647+0000] {logging_mixin.py:190} INFO - [2024-08-20T03:39:21.647+0000] {dag.py:4138} INFO - Setting next_dagrun for dataset_consumes_unknown_never_scheduled to None, run_after=None
[2024-08-20T03:39:21.651+0000] {logging_mixin.py:190} INFO - [2024-08-20T03:39:21.650+0000] {dag.py:4138} INFO - Setting next_dagrun for dataset_produces_1 to 2024-08-19 00:00:00+00:00, run_after=2024-08-20 00:00:00+00:00
[2024-08-20T03:39:21.653+0000] {logging_mixin.py:190} INFO - [2024-08-20T03:39:21.653+0000] {dag.py:4138} INFO - Setting next_dagrun for dataset_produces_2 to None, run_after=None
[2024-08-20T03:39:21.695+0000] {processor.py:208} INFO - Processing /home/airflow/.local/lib/python3.12/site-packages/airflow/example_dags/example_datasets.py took 0.300 seconds
[2024-08-20T03:39:51.860+0000] {processor.py:186} INFO - Started process (PID=4578) to work on /home/airflow/.local/lib/python3.12/site-packages/airflow/example_dags/example_datasets.py
[2024-08-20T03:39:51.861+0000] {processor.py:914} INFO - Processing file /home/airflow/.local/lib/python3.12/site-packages/airflow/example_dags/example_datasets.py for tasks to queue
[2024-08-20T03:39:51.864+0000] {logging_mixin.py:190} INFO - [2024-08-20T03:39:51.863+0000] {dagbag.py:587} INFO - Filling up the DagBag from /home/airflow/.local/lib/python3.12/site-packages/airflow/example_dags/example_datasets.py
[2024-08-20T03:39:52.019+0000] {processor.py:925} INFO - DAG(s) 'dataset_consumes_unknown_never_scheduled', 'dataset_consumes_1', 'conditional_dataset_and_time_based_timetable', 'consume_1_or_2_with_dataset_expressions', 'consume_1_or_both_2_and_3_with_dataset_expressions', 'dataset_consumes_1_never_scheduled', 'consume_1_and_2_with_dataset_expressions', 'dataset_consumes_1_and_2', 'dataset_produces_1', 'dataset_produces_2' retrieved from /home/airflow/.local/lib/python3.12/site-packages/airflow/example_dags/example_datasets.py
[2024-08-20T03:39:52.063+0000] {logging_mixin.py:190} INFO - [2024-08-20T03:39:52.063+0000] {dag.py:3211} INFO - Sync 10 DAGs
[2024-08-20T03:39:52.091+0000] {logging_mixin.py:190} INFO - [2024-08-20T03:39:52.091+0000] {dag.py:4138} INFO - Setting next_dagrun for conditional_dataset_and_time_based_timetable to 2024-08-14 01:00:00+00:00, run_after=2024-08-14 01:00:00+00:00
[2024-08-20T03:39:52.095+0000] {logging_mixin.py:190} INFO - [2024-08-20T03:39:52.095+0000] {dag.py:4138} INFO - Setting next_dagrun for consume_1_and_2_with_dataset_expressions to None, run_after=None
[2024-08-20T03:39:52.097+0000] {logging_mixin.py:190} INFO - [2024-08-20T03:39:52.097+0000] {dag.py:4138} INFO - Setting next_dagrun for consume_1_or_2_with_dataset_expressions to None, run_after=None
[2024-08-20T03:39:52.099+0000] {logging_mixin.py:190} INFO - [2024-08-20T03:39:52.099+0000] {dag.py:4138} INFO - Setting next_dagrun for consume_1_or_both_2_and_3_with_dataset_expressions to None, run_after=None
[2024-08-20T03:39:52.102+0000] {logging_mixin.py:190} INFO - [2024-08-20T03:39:52.102+0000] {dag.py:4138} INFO - Setting next_dagrun for dataset_consumes_1 to None, run_after=None
[2024-08-20T03:39:52.104+0000] {logging_mixin.py:190} INFO - [2024-08-20T03:39:52.104+0000] {dag.py:4138} INFO - Setting next_dagrun for dataset_consumes_1_and_2 to None, run_after=None
[2024-08-20T03:39:52.106+0000] {logging_mixin.py:190} INFO - [2024-08-20T03:39:52.106+0000] {dag.py:4138} INFO - Setting next_dagrun for dataset_consumes_1_never_scheduled to None, run_after=None
[2024-08-20T03:39:52.108+0000] {logging_mixin.py:190} INFO - [2024-08-20T03:39:52.107+0000] {dag.py:4138} INFO - Setting next_dagrun for dataset_consumes_unknown_never_scheduled to None, run_after=None
[2024-08-20T03:39:52.111+0000] {logging_mixin.py:190} INFO - [2024-08-20T03:39:52.111+0000] {dag.py:4138} INFO - Setting next_dagrun for dataset_produces_1 to 2024-08-19 00:00:00+00:00, run_after=2024-08-20 00:00:00+00:00
[2024-08-20T03:39:52.113+0000] {logging_mixin.py:190} INFO - [2024-08-20T03:39:52.113+0000] {dag.py:4138} INFO - Setting next_dagrun for dataset_produces_2 to None, run_after=None
[2024-08-20T03:39:52.152+0000] {processor.py:208} INFO - Processing /home/airflow/.local/lib/python3.12/site-packages/airflow/example_dags/example_datasets.py took 0.298 seconds
[2024-08-20T03:40:22.212+0000] {processor.py:186} INFO - Started process (PID=4869) to work on /home/airflow/.local/lib/python3.12/site-packages/airflow/example_dags/example_datasets.py
[2024-08-20T03:40:22.213+0000] {processor.py:914} INFO - Processing file /home/airflow/.local/lib/python3.12/site-packages/airflow/example_dags/example_datasets.py for tasks to queue
[2024-08-20T03:40:22.216+0000] {logging_mixin.py:190} INFO - [2024-08-20T03:40:22.216+0000] {dagbag.py:587} INFO - Filling up the DagBag from /home/airflow/.local/lib/python3.12/site-packages/airflow/example_dags/example_datasets.py
[2024-08-20T03:40:22.363+0000] {processor.py:925} INFO - DAG(s) 'dataset_consumes_1', 'consume_1_or_2_with_dataset_expressions', 'dataset_produces_2', 'consume_1_or_both_2_and_3_with_dataset_expressions', 'dataset_consumes_unknown_never_scheduled', 'conditional_dataset_and_time_based_timetable', 'dataset_consumes_1_and_2', 'consume_1_and_2_with_dataset_expressions', 'dataset_consumes_1_never_scheduled', 'dataset_produces_1' retrieved from /home/airflow/.local/lib/python3.12/site-packages/airflow/example_dags/example_datasets.py
[2024-08-20T03:40:22.420+0000] {logging_mixin.py:190} INFO - [2024-08-20T03:40:22.419+0000] {dag.py:3211} INFO - Sync 10 DAGs
[2024-08-20T03:40:22.450+0000] {logging_mixin.py:190} INFO - [2024-08-20T03:40:22.450+0000] {dag.py:4138} INFO - Setting next_dagrun for conditional_dataset_and_time_based_timetable to 2024-08-14 01:00:00+00:00, run_after=2024-08-14 01:00:00+00:00
[2024-08-20T03:40:22.455+0000] {logging_mixin.py:190} INFO - [2024-08-20T03:40:22.454+0000] {dag.py:4138} INFO - Setting next_dagrun for consume_1_and_2_with_dataset_expressions to None, run_after=None
[2024-08-20T03:40:22.457+0000] {logging_mixin.py:190} INFO - [2024-08-20T03:40:22.456+0000] {dag.py:4138} INFO - Setting next_dagrun for consume_1_or_2_with_dataset_expressions to None, run_after=None
[2024-08-20T03:40:22.458+0000] {logging_mixin.py:190} INFO - [2024-08-20T03:40:22.458+0000] {dag.py:4138} INFO - Setting next_dagrun for consume_1_or_both_2_and_3_with_dataset_expressions to None, run_after=None
[2024-08-20T03:40:22.460+0000] {logging_mixin.py:190} INFO - [2024-08-20T03:40:22.460+0000] {dag.py:4138} INFO - Setting next_dagrun for dataset_consumes_1 to None, run_after=None
[2024-08-20T03:40:22.462+0000] {logging_mixin.py:190} INFO - [2024-08-20T03:40:22.462+0000] {dag.py:4138} INFO - Setting next_dagrun for dataset_consumes_1_and_2 to None, run_after=None
[2024-08-20T03:40:22.464+0000] {logging_mixin.py:190} INFO - [2024-08-20T03:40:22.464+0000] {dag.py:4138} INFO - Setting next_dagrun for dataset_consumes_1_never_scheduled to None, run_after=None
[2024-08-20T03:40:22.468+0000] {logging_mixin.py:190} INFO - [2024-08-20T03:40:22.467+0000] {dag.py:4138} INFO - Setting next_dagrun for dataset_consumes_unknown_never_scheduled to None, run_after=None
[2024-08-20T03:40:22.474+0000] {logging_mixin.py:190} INFO - [2024-08-20T03:40:22.474+0000] {dag.py:4138} INFO - Setting next_dagrun for dataset_produces_1 to 2024-08-19 00:00:00+00:00, run_after=2024-08-20 00:00:00+00:00
[2024-08-20T03:40:22.476+0000] {logging_mixin.py:190} INFO - [2024-08-20T03:40:22.476+0000] {dag.py:4138} INFO - Setting next_dagrun for dataset_produces_2 to None, run_after=None
[2024-08-20T03:40:22.518+0000] {processor.py:208} INFO - Processing /home/airflow/.local/lib/python3.12/site-packages/airflow/example_dags/example_datasets.py took 0.313 seconds
[2024-08-20T03:40:52.658+0000] {processor.py:186} INFO - Started process (PID=5163) to work on /home/airflow/.local/lib/python3.12/site-packages/airflow/example_dags/example_datasets.py
[2024-08-20T03:40:52.659+0000] {processor.py:914} INFO - Processing file /home/airflow/.local/lib/python3.12/site-packages/airflow/example_dags/example_datasets.py for tasks to queue
[2024-08-20T03:40:52.662+0000] {logging_mixin.py:190} INFO - [2024-08-20T03:40:52.662+0000] {dagbag.py:587} INFO - Filling up the DagBag from /home/airflow/.local/lib/python3.12/site-packages/airflow/example_dags/example_datasets.py
[2024-08-20T03:40:52.799+0000] {processor.py:925} INFO - DAG(s) 'consume_1_and_2_with_dataset_expressions', 'dataset_consumes_1_never_scheduled', 'conditional_dataset_and_time_based_timetable', 'dataset_consumes_1', 'dataset_produces_2', 'consume_1_or_both_2_and_3_with_dataset_expressions', 'dataset_consumes_1_and_2', 'dataset_consumes_unknown_never_scheduled', 'dataset_produces_1', 'consume_1_or_2_with_dataset_expressions' retrieved from /home/airflow/.local/lib/python3.12/site-packages/airflow/example_dags/example_datasets.py
[2024-08-20T03:40:52.852+0000] {logging_mixin.py:190} INFO - [2024-08-20T03:40:52.851+0000] {dag.py:3211} INFO - Sync 10 DAGs
[2024-08-20T03:40:52.883+0000] {logging_mixin.py:190} INFO - [2024-08-20T03:40:52.883+0000] {dag.py:4138} INFO - Setting next_dagrun for conditional_dataset_and_time_based_timetable to 2024-08-14 01:00:00+00:00, run_after=2024-08-14 01:00:00+00:00
[2024-08-20T03:40:52.887+0000] {logging_mixin.py:190} INFO - [2024-08-20T03:40:52.887+0000] {dag.py:4138} INFO - Setting next_dagrun for consume_1_and_2_with_dataset_expressions to None, run_after=None
[2024-08-20T03:40:52.891+0000] {logging_mixin.py:190} INFO - [2024-08-20T03:40:52.890+0000] {dag.py:4138} INFO - Setting next_dagrun for consume_1_or_2_with_dataset_expressions to None, run_after=None
[2024-08-20T03:40:52.893+0000] {logging_mixin.py:190} INFO - [2024-08-20T03:40:52.893+0000] {dag.py:4138} INFO - Setting next_dagrun for consume_1_or_both_2_and_3_with_dataset_expressions to None, run_after=None
[2024-08-20T03:40:52.895+0000] {logging_mixin.py:190} INFO - [2024-08-20T03:40:52.895+0000] {dag.py:4138} INFO - Setting next_dagrun for dataset_consumes_1 to None, run_after=None
[2024-08-20T03:40:52.897+0000] {logging_mixin.py:190} INFO - [2024-08-20T03:40:52.897+0000] {dag.py:4138} INFO - Setting next_dagrun for dataset_consumes_1_and_2 to None, run_after=None
[2024-08-20T03:40:52.898+0000] {logging_mixin.py:190} INFO - [2024-08-20T03:40:52.898+0000] {dag.py:4138} INFO - Setting next_dagrun for dataset_consumes_1_never_scheduled to None, run_after=None
[2024-08-20T03:40:52.900+0000] {logging_mixin.py:190} INFO - [2024-08-20T03:40:52.900+0000] {dag.py:4138} INFO - Setting next_dagrun for dataset_consumes_unknown_never_scheduled to None, run_after=None
[2024-08-20T03:40:52.903+0000] {logging_mixin.py:190} INFO - [2024-08-20T03:40:52.903+0000] {dag.py:4138} INFO - Setting next_dagrun for dataset_produces_1 to 2024-08-19 00:00:00+00:00, run_after=2024-08-20 00:00:00+00:00
[2024-08-20T03:40:52.904+0000] {logging_mixin.py:190} INFO - [2024-08-20T03:40:52.904+0000] {dag.py:4138} INFO - Setting next_dagrun for dataset_produces_2 to None, run_after=None
[2024-08-20T03:40:52.940+0000] {processor.py:208} INFO - Processing /home/airflow/.local/lib/python3.12/site-packages/airflow/example_dags/example_datasets.py took 0.288 seconds
[2024-08-20T03:41:23.137+0000] {processor.py:186} INFO - Started process (PID=5446) to work on /home/airflow/.local/lib/python3.12/site-packages/airflow/example_dags/example_datasets.py
[2024-08-20T03:41:23.138+0000] {processor.py:914} INFO - Processing file /home/airflow/.local/lib/python3.12/site-packages/airflow/example_dags/example_datasets.py for tasks to queue
[2024-08-20T03:41:23.141+0000] {logging_mixin.py:190} INFO - [2024-08-20T03:41:23.140+0000] {dagbag.py:587} INFO - Filling up the DagBag from /home/airflow/.local/lib/python3.12/site-packages/airflow/example_dags/example_datasets.py
[2024-08-20T03:41:23.284+0000] {processor.py:925} INFO - DAG(s) 'consume_1_and_2_with_dataset_expressions', 'dataset_consumes_1', 'dataset_consumes_1_never_scheduled', 'conditional_dataset_and_time_based_timetable', 'dataset_consumes_1_and_2', 'dataset_consumes_unknown_never_scheduled', 'dataset_produces_1', 'consume_1_or_both_2_and_3_with_dataset_expressions', 'dataset_produces_2', 'consume_1_or_2_with_dataset_expressions' retrieved from /home/airflow/.local/lib/python3.12/site-packages/airflow/example_dags/example_datasets.py
[2024-08-20T03:41:23.330+0000] {logging_mixin.py:190} INFO - [2024-08-20T03:41:23.330+0000] {dag.py:3211} INFO - Sync 10 DAGs
[2024-08-20T03:41:23.359+0000] {logging_mixin.py:190} INFO - [2024-08-20T03:41:23.359+0000] {dag.py:4138} INFO - Setting next_dagrun for conditional_dataset_and_time_based_timetable to 2024-08-14 01:00:00+00:00, run_after=2024-08-14 01:00:00+00:00
[2024-08-20T03:41:23.364+0000] {logging_mixin.py:190} INFO - [2024-08-20T03:41:23.364+0000] {dag.py:4138} INFO - Setting next_dagrun for consume_1_and_2_with_dataset_expressions to None, run_after=None
[2024-08-20T03:41:23.366+0000] {logging_mixin.py:190} INFO - [2024-08-20T03:41:23.366+0000] {dag.py:4138} INFO - Setting next_dagrun for consume_1_or_2_with_dataset_expressions to None, run_after=None
[2024-08-20T03:41:23.368+0000] {logging_mixin.py:190} INFO - [2024-08-20T03:41:23.367+0000] {dag.py:4138} INFO - Setting next_dagrun for consume_1_or_both_2_and_3_with_dataset_expressions to None, run_after=None
[2024-08-20T03:41:23.369+0000] {logging_mixin.py:190} INFO - [2024-08-20T03:41:23.369+0000] {dag.py:4138} INFO - Setting next_dagrun for dataset_consumes_1 to None, run_after=None
[2024-08-20T03:41:23.371+0000] {logging_mixin.py:190} INFO - [2024-08-20T03:41:23.371+0000] {dag.py:4138} INFO - Setting next_dagrun for dataset_consumes_1_and_2 to None, run_after=None
[2024-08-20T03:41:23.373+0000] {logging_mixin.py:190} INFO - [2024-08-20T03:41:23.373+0000] {dag.py:4138} INFO - Setting next_dagrun for dataset_consumes_1_never_scheduled to None, run_after=None
[2024-08-20T03:41:23.375+0000] {logging_mixin.py:190} INFO - [2024-08-20T03:41:23.374+0000] {dag.py:4138} INFO - Setting next_dagrun for dataset_consumes_unknown_never_scheduled to None, run_after=None
[2024-08-20T03:41:23.378+0000] {logging_mixin.py:190} INFO - [2024-08-20T03:41:23.377+0000] {dag.py:4138} INFO - Setting next_dagrun for dataset_produces_1 to 2024-08-19 00:00:00+00:00, run_after=2024-08-20 00:00:00+00:00
[2024-08-20T03:41:23.379+0000] {logging_mixin.py:190} INFO - [2024-08-20T03:41:23.379+0000] {dag.py:4138} INFO - Setting next_dagrun for dataset_produces_2 to None, run_after=None
[2024-08-20T03:41:23.418+0000] {processor.py:208} INFO - Processing /home/airflow/.local/lib/python3.12/site-packages/airflow/example_dags/example_datasets.py took 0.288 seconds
[2024-08-20T03:41:53.741+0000] {processor.py:186} INFO - Started process (PID=5742) to work on /home/airflow/.local/lib/python3.12/site-packages/airflow/example_dags/example_datasets.py
[2024-08-20T03:41:53.742+0000] {processor.py:914} INFO - Processing file /home/airflow/.local/lib/python3.12/site-packages/airflow/example_dags/example_datasets.py for tasks to queue
[2024-08-20T03:41:53.745+0000] {logging_mixin.py:190} INFO - [2024-08-20T03:41:53.745+0000] {dagbag.py:587} INFO - Filling up the DagBag from /home/airflow/.local/lib/python3.12/site-packages/airflow/example_dags/example_datasets.py
[2024-08-20T03:41:53.908+0000] {processor.py:925} INFO - DAG(s) 'consume_1_or_both_2_and_3_with_dataset_expressions', 'consume_1_and_2_with_dataset_expressions', 'dataset_consumes_1_never_scheduled', 'dataset_produces_1', 'dataset_consumes_1_and_2', 'dataset_consumes_1', 'dataset_consumes_unknown_never_scheduled', 'consume_1_or_2_with_dataset_expressions', 'dataset_produces_2', 'conditional_dataset_and_time_based_timetable' retrieved from /home/airflow/.local/lib/python3.12/site-packages/airflow/example_dags/example_datasets.py
[2024-08-20T03:41:53.956+0000] {logging_mixin.py:190} INFO - [2024-08-20T03:41:53.955+0000] {dag.py:3211} INFO - Sync 10 DAGs
[2024-08-20T03:41:53.989+0000] {logging_mixin.py:190} INFO - [2024-08-20T03:41:53.989+0000] {dag.py:4138} INFO - Setting next_dagrun for conditional_dataset_and_time_based_timetable to 2024-08-14 01:00:00+00:00, run_after=2024-08-14 01:00:00+00:00
[2024-08-20T03:41:53.994+0000] {logging_mixin.py:190} INFO - [2024-08-20T03:41:53.994+0000] {dag.py:4138} INFO - Setting next_dagrun for consume_1_and_2_with_dataset_expressions to None, run_after=None
[2024-08-20T03:41:53.996+0000] {logging_mixin.py:190} INFO - [2024-08-20T03:41:53.996+0000] {dag.py:4138} INFO - Setting next_dagrun for consume_1_or_2_with_dataset_expressions to None, run_after=None
[2024-08-20T03:41:53.998+0000] {logging_mixin.py:190} INFO - [2024-08-20T03:41:53.997+0000] {dag.py:4138} INFO - Setting next_dagrun for consume_1_or_both_2_and_3_with_dataset_expressions to None, run_after=None
[2024-08-20T03:41:53.999+0000] {logging_mixin.py:190} INFO - [2024-08-20T03:41:53.999+0000] {dag.py:4138} INFO - Setting next_dagrun for dataset_consumes_1 to None, run_after=None
[2024-08-20T03:41:54.001+0000] {logging_mixin.py:190} INFO - [2024-08-20T03:41:54.001+0000] {dag.py:4138} INFO - Setting next_dagrun for dataset_consumes_1_and_2 to None, run_after=None
[2024-08-20T03:41:54.003+0000] {logging_mixin.py:190} INFO - [2024-08-20T03:41:54.003+0000] {dag.py:4138} INFO - Setting next_dagrun for dataset_consumes_1_never_scheduled to None, run_after=None
[2024-08-20T03:41:54.005+0000] {logging_mixin.py:190} INFO - [2024-08-20T03:41:54.005+0000] {dag.py:4138} INFO - Setting next_dagrun for dataset_consumes_unknown_never_scheduled to None, run_after=None
[2024-08-20T03:41:54.008+0000] {logging_mixin.py:190} INFO - [2024-08-20T03:41:54.008+0000] {dag.py:4138} INFO - Setting next_dagrun for dataset_produces_1 to 2024-08-19 00:00:00+00:00, run_after=2024-08-20 00:00:00+00:00
[2024-08-20T03:41:54.010+0000] {logging_mixin.py:190} INFO - [2024-08-20T03:41:54.009+0000] {dag.py:4138} INFO - Setting next_dagrun for dataset_produces_2 to None, run_after=None
[2024-08-20T03:41:54.051+0000] {processor.py:208} INFO - Processing /home/airflow/.local/lib/python3.12/site-packages/airflow/example_dags/example_datasets.py took 0.318 seconds
