[2024-08-20T03:32:18.712+0000] {processor.py:186} INFO - Started process (PID=421) to work on /home/airflow/.local/lib/python3.12/site-packages/airflow/example_dags/example_inlet_event_extra.py
[2024-08-20T03:32:18.713+0000] {processor.py:914} INFO - Processing file /home/airflow/.local/lib/python3.12/site-packages/airflow/example_dags/example_inlet_event_extra.py for tasks to queue
[2024-08-20T03:32:18.717+0000] {logging_mixin.py:190} INFO - [2024-08-20T03:32:18.716+0000] {dagbag.py:587} INFO - Filling up the DagBag from /home/airflow/.local/lib/python3.12/site-packages/airflow/example_dags/example_inlet_event_extra.py
[2024-08-20T03:32:18.856+0000] {processor.py:925} INFO - DAG(s) 'read_dataset_event_from_classic', 'read_dataset_event' retrieved from /home/airflow/.local/lib/python3.12/site-packages/airflow/example_dags/example_inlet_event_extra.py
[2024-08-20T03:32:18.980+0000] {logging_mixin.py:190} INFO - [2024-08-20T03:32:18.979+0000] {override.py:1858} INFO - Created Permission View: can read on DAG:read_dataset_event_from_classic
[2024-08-20T03:32:18.998+0000] {logging_mixin.py:190} INFO - [2024-08-20T03:32:18.997+0000] {override.py:1858} INFO - Created Permission View: can delete on DAG:read_dataset_event_from_classic
[2024-08-20T03:32:19.010+0000] {logging_mixin.py:190} INFO - [2024-08-20T03:32:19.009+0000] {override.py:1858} INFO - Created Permission View: can edit on DAG:read_dataset_event_from_classic
[2024-08-20T03:32:19.032+0000] {logging_mixin.py:190} INFO - [2024-08-20T03:32:19.032+0000] {override.py:1858} INFO - Created Permission View: can read on DAG:read_dataset_event
[2024-08-20T03:32:19.045+0000] {logging_mixin.py:190} INFO - [2024-08-20T03:32:19.044+0000] {override.py:1858} INFO - Created Permission View: can delete on DAG:read_dataset_event
[2024-08-20T03:32:19.055+0000] {logging_mixin.py:190} INFO - [2024-08-20T03:32:19.055+0000] {override.py:1858} INFO - Created Permission View: can edit on DAG:read_dataset_event
[2024-08-20T03:32:19.056+0000] {logging_mixin.py:190} INFO - [2024-08-20T03:32:19.056+0000] {dag.py:3211} INFO - Sync 2 DAGs
[2024-08-20T03:32:19.070+0000] {logging_mixin.py:190} INFO - [2024-08-20T03:32:19.070+0000] {dag.py:3234} INFO - Creating ORM DAG for read_dataset_event
[2024-08-20T03:32:19.071+0000] {logging_mixin.py:190} INFO - [2024-08-20T03:32:19.071+0000] {dag.py:3234} INFO - Creating ORM DAG for read_dataset_event_from_classic
[2024-08-20T03:32:19.082+0000] {logging_mixin.py:190} INFO - [2024-08-20T03:32:19.082+0000] {dag.py:4138} INFO - Setting next_dagrun for read_dataset_event to 2024-08-19 00:00:00+00:00, run_after=2024-08-20 00:00:00+00:00
[2024-08-20T03:32:19.085+0000] {logging_mixin.py:190} INFO - [2024-08-20T03:32:19.085+0000] {dag.py:4138} INFO - Setting next_dagrun for read_dataset_event_from_classic to 2024-08-19 00:00:00+00:00, run_after=2024-08-20 00:00:00+00:00
[2024-08-20T03:32:19.107+0000] {processor.py:208} INFO - Processing /home/airflow/.local/lib/python3.12/site-packages/airflow/example_dags/example_inlet_event_extra.py took 0.403 seconds
[2024-08-20T03:32:49.170+0000] {processor.py:186} INFO - Started process (PID=714) to work on /home/airflow/.local/lib/python3.12/site-packages/airflow/example_dags/example_inlet_event_extra.py
[2024-08-20T03:32:49.171+0000] {processor.py:914} INFO - Processing file /home/airflow/.local/lib/python3.12/site-packages/airflow/example_dags/example_inlet_event_extra.py for tasks to queue
[2024-08-20T03:32:49.174+0000] {logging_mixin.py:190} INFO - [2024-08-20T03:32:49.173+0000] {dagbag.py:587} INFO - Filling up the DagBag from /home/airflow/.local/lib/python3.12/site-packages/airflow/example_dags/example_inlet_event_extra.py
[2024-08-20T03:32:49.303+0000] {processor.py:925} INFO - DAG(s) 'read_dataset_event', 'read_dataset_event_from_classic' retrieved from /home/airflow/.local/lib/python3.12/site-packages/airflow/example_dags/example_inlet_event_extra.py
[2024-08-20T03:32:49.325+0000] {logging_mixin.py:190} INFO - [2024-08-20T03:32:49.325+0000] {dag.py:3211} INFO - Sync 2 DAGs
[2024-08-20T03:32:49.354+0000] {logging_mixin.py:190} INFO - [2024-08-20T03:32:49.354+0000] {dag.py:4138} INFO - Setting next_dagrun for read_dataset_event to 2024-08-19 00:00:00+00:00, run_after=2024-08-20 00:00:00+00:00
[2024-08-20T03:32:49.360+0000] {logging_mixin.py:190} INFO - [2024-08-20T03:32:49.360+0000] {dag.py:4138} INFO - Setting next_dagrun for read_dataset_event_from_classic to 2024-08-19 00:00:00+00:00, run_after=2024-08-20 00:00:00+00:00
[2024-08-20T03:32:49.381+0000] {processor.py:208} INFO - Processing /home/airflow/.local/lib/python3.12/site-packages/airflow/example_dags/example_inlet_event_extra.py took 0.218 seconds
[2024-08-20T03:33:19.920+0000] {processor.py:186} INFO - Started process (PID=993) to work on /home/airflow/.local/lib/python3.12/site-packages/airflow/example_dags/example_inlet_event_extra.py
[2024-08-20T03:33:19.922+0000] {processor.py:914} INFO - Processing file /home/airflow/.local/lib/python3.12/site-packages/airflow/example_dags/example_inlet_event_extra.py for tasks to queue
[2024-08-20T03:33:19.925+0000] {logging_mixin.py:190} INFO - [2024-08-20T03:33:19.924+0000] {dagbag.py:587} INFO - Filling up the DagBag from /home/airflow/.local/lib/python3.12/site-packages/airflow/example_dags/example_inlet_event_extra.py
[2024-08-20T03:33:20.101+0000] {processor.py:925} INFO - DAG(s) 'read_dataset_event_from_classic', 'read_dataset_event' retrieved from /home/airflow/.local/lib/python3.12/site-packages/airflow/example_dags/example_inlet_event_extra.py
[2024-08-20T03:33:20.127+0000] {logging_mixin.py:190} INFO - [2024-08-20T03:33:20.126+0000] {dag.py:3211} INFO - Sync 2 DAGs
[2024-08-20T03:33:20.163+0000] {logging_mixin.py:190} INFO - [2024-08-20T03:33:20.163+0000] {dag.py:4138} INFO - Setting next_dagrun for read_dataset_event to 2024-08-19 00:00:00+00:00, run_after=2024-08-20 00:00:00+00:00
[2024-08-20T03:33:20.170+0000] {logging_mixin.py:190} INFO - [2024-08-20T03:33:20.169+0000] {dag.py:4138} INFO - Setting next_dagrun for read_dataset_event_from_classic to 2024-08-19 00:00:00+00:00, run_after=2024-08-20 00:00:00+00:00
[2024-08-20T03:33:20.191+0000] {processor.py:208} INFO - Processing /home/airflow/.local/lib/python3.12/site-packages/airflow/example_dags/example_inlet_event_extra.py took 0.278 seconds
[2024-08-20T03:33:50.282+0000] {processor.py:186} INFO - Started process (PID=1279) to work on /home/airflow/.local/lib/python3.12/site-packages/airflow/example_dags/example_inlet_event_extra.py
[2024-08-20T03:33:50.283+0000] {processor.py:914} INFO - Processing file /home/airflow/.local/lib/python3.12/site-packages/airflow/example_dags/example_inlet_event_extra.py for tasks to queue
[2024-08-20T03:33:50.286+0000] {logging_mixin.py:190} INFO - [2024-08-20T03:33:50.286+0000] {dagbag.py:587} INFO - Filling up the DagBag from /home/airflow/.local/lib/python3.12/site-packages/airflow/example_dags/example_inlet_event_extra.py
[2024-08-20T03:33:50.429+0000] {processor.py:925} INFO - DAG(s) 'read_dataset_event', 'read_dataset_event_from_classic' retrieved from /home/airflow/.local/lib/python3.12/site-packages/airflow/example_dags/example_inlet_event_extra.py
[2024-08-20T03:33:50.454+0000] {logging_mixin.py:190} INFO - [2024-08-20T03:33:50.453+0000] {dag.py:3211} INFO - Sync 2 DAGs
[2024-08-20T03:33:50.479+0000] {logging_mixin.py:190} INFO - [2024-08-20T03:33:50.479+0000] {dag.py:4138} INFO - Setting next_dagrun for read_dataset_event to 2024-08-19 00:00:00+00:00, run_after=2024-08-20 00:00:00+00:00
[2024-08-20T03:33:50.485+0000] {logging_mixin.py:190} INFO - [2024-08-20T03:33:50.485+0000] {dag.py:4138} INFO - Setting next_dagrun for read_dataset_event_from_classic to 2024-08-19 00:00:00+00:00, run_after=2024-08-20 00:00:00+00:00
[2024-08-20T03:33:50.504+0000] {processor.py:208} INFO - Processing /home/airflow/.local/lib/python3.12/site-packages/airflow/example_dags/example_inlet_event_extra.py took 0.229 seconds
[2024-08-20T03:34:21.006+0000] {processor.py:186} INFO - Started process (PID=1572) to work on /home/airflow/.local/lib/python3.12/site-packages/airflow/example_dags/example_inlet_event_extra.py
[2024-08-20T03:34:21.008+0000] {processor.py:914} INFO - Processing file /home/airflow/.local/lib/python3.12/site-packages/airflow/example_dags/example_inlet_event_extra.py for tasks to queue
[2024-08-20T03:34:21.011+0000] {logging_mixin.py:190} INFO - [2024-08-20T03:34:21.010+0000] {dagbag.py:587} INFO - Filling up the DagBag from /home/airflow/.local/lib/python3.12/site-packages/airflow/example_dags/example_inlet_event_extra.py
[2024-08-20T03:34:21.148+0000] {processor.py:925} INFO - DAG(s) 'read_dataset_event_from_classic', 'read_dataset_event' retrieved from /home/airflow/.local/lib/python3.12/site-packages/airflow/example_dags/example_inlet_event_extra.py
[2024-08-20T03:34:21.178+0000] {logging_mixin.py:190} INFO - [2024-08-20T03:34:21.178+0000] {dag.py:3211} INFO - Sync 2 DAGs
[2024-08-20T03:34:21.210+0000] {logging_mixin.py:190} INFO - [2024-08-20T03:34:21.209+0000] {dag.py:4138} INFO - Setting next_dagrun for read_dataset_event to 2024-08-19 00:00:00+00:00, run_after=2024-08-20 00:00:00+00:00
[2024-08-20T03:34:21.215+0000] {logging_mixin.py:190} INFO - [2024-08-20T03:34:21.215+0000] {dag.py:4138} INFO - Setting next_dagrun for read_dataset_event_from_classic to 2024-08-19 00:00:00+00:00, run_after=2024-08-20 00:00:00+00:00
[2024-08-20T03:34:21.237+0000] {processor.py:208} INFO - Processing /home/airflow/.local/lib/python3.12/site-packages/airflow/example_dags/example_inlet_event_extra.py took 0.237 seconds
[2024-08-20T03:34:51.642+0000] {processor.py:186} INFO - Started process (PID=1858) to work on /home/airflow/.local/lib/python3.12/site-packages/airflow/example_dags/example_inlet_event_extra.py
[2024-08-20T03:34:51.643+0000] {processor.py:914} INFO - Processing file /home/airflow/.local/lib/python3.12/site-packages/airflow/example_dags/example_inlet_event_extra.py for tasks to queue
[2024-08-20T03:34:51.646+0000] {logging_mixin.py:190} INFO - [2024-08-20T03:34:51.646+0000] {dagbag.py:587} INFO - Filling up the DagBag from /home/airflow/.local/lib/python3.12/site-packages/airflow/example_dags/example_inlet_event_extra.py
[2024-08-20T03:34:51.775+0000] {processor.py:925} INFO - DAG(s) 'read_dataset_event_from_classic', 'read_dataset_event' retrieved from /home/airflow/.local/lib/python3.12/site-packages/airflow/example_dags/example_inlet_event_extra.py
[2024-08-20T03:34:51.801+0000] {logging_mixin.py:190} INFO - [2024-08-20T03:34:51.800+0000] {dag.py:3211} INFO - Sync 2 DAGs
[2024-08-20T03:34:51.828+0000] {logging_mixin.py:190} INFO - [2024-08-20T03:34:51.828+0000] {dag.py:4138} INFO - Setting next_dagrun for read_dataset_event to 2024-08-19 00:00:00+00:00, run_after=2024-08-20 00:00:00+00:00
[2024-08-20T03:34:51.834+0000] {logging_mixin.py:190} INFO - [2024-08-20T03:34:51.833+0000] {dag.py:4138} INFO - Setting next_dagrun for read_dataset_event_from_classic to 2024-08-19 00:00:00+00:00, run_after=2024-08-20 00:00:00+00:00
[2024-08-20T03:34:51.859+0000] {processor.py:208} INFO - Processing /home/airflow/.local/lib/python3.12/site-packages/airflow/example_dags/example_inlet_event_extra.py took 0.224 seconds
[2024-08-20T03:35:22.007+0000] {processor.py:186} INFO - Started process (PID=2137) to work on /home/airflow/.local/lib/python3.12/site-packages/airflow/example_dags/example_inlet_event_extra.py
[2024-08-20T03:35:22.009+0000] {processor.py:914} INFO - Processing file /home/airflow/.local/lib/python3.12/site-packages/airflow/example_dags/example_inlet_event_extra.py for tasks to queue
[2024-08-20T03:35:22.011+0000] {logging_mixin.py:190} INFO - [2024-08-20T03:35:22.011+0000] {dagbag.py:587} INFO - Filling up the DagBag from /home/airflow/.local/lib/python3.12/site-packages/airflow/example_dags/example_inlet_event_extra.py
[2024-08-20T03:35:22.147+0000] {processor.py:925} INFO - DAG(s) 'read_dataset_event', 'read_dataset_event_from_classic' retrieved from /home/airflow/.local/lib/python3.12/site-packages/airflow/example_dags/example_inlet_event_extra.py
[2024-08-20T03:35:22.169+0000] {logging_mixin.py:190} INFO - [2024-08-20T03:35:22.169+0000] {dag.py:3211} INFO - Sync 2 DAGs
[2024-08-20T03:35:22.203+0000] {logging_mixin.py:190} INFO - [2024-08-20T03:35:22.203+0000] {dag.py:4138} INFO - Setting next_dagrun for read_dataset_event to 2024-08-19 00:00:00+00:00, run_after=2024-08-20 00:00:00+00:00
[2024-08-20T03:35:22.211+0000] {logging_mixin.py:190} INFO - [2024-08-20T03:35:22.211+0000] {dag.py:4138} INFO - Setting next_dagrun for read_dataset_event_from_classic to 2024-08-19 00:00:00+00:00, run_after=2024-08-20 00:00:00+00:00
[2024-08-20T03:35:22.231+0000] {processor.py:208} INFO - Processing /home/airflow/.local/lib/python3.12/site-packages/airflow/example_dags/example_inlet_event_extra.py took 0.232 seconds
[2024-08-20T03:35:52.632+0000] {processor.py:186} INFO - Started process (PID=2423) to work on /home/airflow/.local/lib/python3.12/site-packages/airflow/example_dags/example_inlet_event_extra.py
[2024-08-20T03:35:52.633+0000] {processor.py:914} INFO - Processing file /home/airflow/.local/lib/python3.12/site-packages/airflow/example_dags/example_inlet_event_extra.py for tasks to queue
[2024-08-20T03:35:52.636+0000] {logging_mixin.py:190} INFO - [2024-08-20T03:35:52.635+0000] {dagbag.py:587} INFO - Filling up the DagBag from /home/airflow/.local/lib/python3.12/site-packages/airflow/example_dags/example_inlet_event_extra.py
[2024-08-20T03:35:52.768+0000] {processor.py:925} INFO - DAG(s) 'read_dataset_event', 'read_dataset_event_from_classic' retrieved from /home/airflow/.local/lib/python3.12/site-packages/airflow/example_dags/example_inlet_event_extra.py
[2024-08-20T03:35:52.788+0000] {logging_mixin.py:190} INFO - [2024-08-20T03:35:52.788+0000] {dag.py:3211} INFO - Sync 2 DAGs
[2024-08-20T03:35:52.823+0000] {logging_mixin.py:190} INFO - [2024-08-20T03:35:52.823+0000] {dag.py:4138} INFO - Setting next_dagrun for read_dataset_event to 2024-08-19 00:00:00+00:00, run_after=2024-08-20 00:00:00+00:00
[2024-08-20T03:35:52.829+0000] {logging_mixin.py:190} INFO - [2024-08-20T03:35:52.829+0000] {dag.py:4138} INFO - Setting next_dagrun for read_dataset_event_from_classic to 2024-08-19 00:00:00+00:00, run_after=2024-08-20 00:00:00+00:00
[2024-08-20T03:35:52.853+0000] {processor.py:208} INFO - Processing /home/airflow/.local/lib/python3.12/site-packages/airflow/example_dags/example_inlet_event_extra.py took 0.228 seconds
[2024-08-20T03:36:23.186+0000] {processor.py:186} INFO - Started process (PID=2709) to work on /home/airflow/.local/lib/python3.12/site-packages/airflow/example_dags/example_inlet_event_extra.py
[2024-08-20T03:36:23.187+0000] {processor.py:914} INFO - Processing file /home/airflow/.local/lib/python3.12/site-packages/airflow/example_dags/example_inlet_event_extra.py for tasks to queue
[2024-08-20T03:36:23.190+0000] {logging_mixin.py:190} INFO - [2024-08-20T03:36:23.190+0000] {dagbag.py:587} INFO - Filling up the DagBag from /home/airflow/.local/lib/python3.12/site-packages/airflow/example_dags/example_inlet_event_extra.py
[2024-08-20T03:36:23.343+0000] {processor.py:925} INFO - DAG(s) 'read_dataset_event_from_classic', 'read_dataset_event' retrieved from /home/airflow/.local/lib/python3.12/site-packages/airflow/example_dags/example_inlet_event_extra.py
[2024-08-20T03:36:23.366+0000] {logging_mixin.py:190} INFO - [2024-08-20T03:36:23.365+0000] {dag.py:3211} INFO - Sync 2 DAGs
[2024-08-20T03:36:23.397+0000] {logging_mixin.py:190} INFO - [2024-08-20T03:36:23.397+0000] {dag.py:4138} INFO - Setting next_dagrun for read_dataset_event to 2024-08-19 00:00:00+00:00, run_after=2024-08-20 00:00:00+00:00
[2024-08-20T03:36:23.403+0000] {logging_mixin.py:190} INFO - [2024-08-20T03:36:23.403+0000] {dag.py:4138} INFO - Setting next_dagrun for read_dataset_event_from_classic to 2024-08-19 00:00:00+00:00, run_after=2024-08-20 00:00:00+00:00
[2024-08-20T03:36:23.426+0000] {processor.py:208} INFO - Processing /home/airflow/.local/lib/python3.12/site-packages/airflow/example_dags/example_inlet_event_extra.py took 0.246 seconds
[2024-08-20T03:36:53.552+0000] {processor.py:186} INFO - Started process (PID=3002) to work on /home/airflow/.local/lib/python3.12/site-packages/airflow/example_dags/example_inlet_event_extra.py
[2024-08-20T03:36:53.553+0000] {processor.py:914} INFO - Processing file /home/airflow/.local/lib/python3.12/site-packages/airflow/example_dags/example_inlet_event_extra.py for tasks to queue
[2024-08-20T03:36:53.556+0000] {logging_mixin.py:190} INFO - [2024-08-20T03:36:53.555+0000] {dagbag.py:587} INFO - Filling up the DagBag from /home/airflow/.local/lib/python3.12/site-packages/airflow/example_dags/example_inlet_event_extra.py
[2024-08-20T03:36:53.692+0000] {processor.py:925} INFO - DAG(s) 'read_dataset_event', 'read_dataset_event_from_classic' retrieved from /home/airflow/.local/lib/python3.12/site-packages/airflow/example_dags/example_inlet_event_extra.py
[2024-08-20T03:36:53.716+0000] {logging_mixin.py:190} INFO - [2024-08-20T03:36:53.715+0000] {dag.py:3211} INFO - Sync 2 DAGs
[2024-08-20T03:36:53.745+0000] {logging_mixin.py:190} INFO - [2024-08-20T03:36:53.745+0000] {dag.py:4138} INFO - Setting next_dagrun for read_dataset_event to 2024-08-19 00:00:00+00:00, run_after=2024-08-20 00:00:00+00:00
[2024-08-20T03:36:53.751+0000] {logging_mixin.py:190} INFO - [2024-08-20T03:36:53.751+0000] {dag.py:4138} INFO - Setting next_dagrun for read_dataset_event_from_classic to 2024-08-19 00:00:00+00:00, run_after=2024-08-20 00:00:00+00:00
[2024-08-20T03:36:53.773+0000] {processor.py:208} INFO - Processing /home/airflow/.local/lib/python3.12/site-packages/airflow/example_dags/example_inlet_event_extra.py took 0.228 seconds
[2024-08-20T03:37:23.958+0000] {processor.py:186} INFO - Started process (PID=3291) to work on /home/airflow/.local/lib/python3.12/site-packages/airflow/example_dags/example_inlet_event_extra.py
[2024-08-20T03:37:23.959+0000] {processor.py:914} INFO - Processing file /home/airflow/.local/lib/python3.12/site-packages/airflow/example_dags/example_inlet_event_extra.py for tasks to queue
[2024-08-20T03:37:23.962+0000] {logging_mixin.py:190} INFO - [2024-08-20T03:37:23.962+0000] {dagbag.py:587} INFO - Filling up the DagBag from /home/airflow/.local/lib/python3.12/site-packages/airflow/example_dags/example_inlet_event_extra.py
[2024-08-20T03:37:24.107+0000] {processor.py:925} INFO - DAG(s) 'read_dataset_event_from_classic', 'read_dataset_event' retrieved from /home/airflow/.local/lib/python3.12/site-packages/airflow/example_dags/example_inlet_event_extra.py
[2024-08-20T03:37:24.132+0000] {logging_mixin.py:190} INFO - [2024-08-20T03:37:24.132+0000] {dag.py:3211} INFO - Sync 2 DAGs
[2024-08-20T03:37:24.158+0000] {logging_mixin.py:190} INFO - [2024-08-20T03:37:24.157+0000] {dag.py:4138} INFO - Setting next_dagrun for read_dataset_event to 2024-08-19 00:00:00+00:00, run_after=2024-08-20 00:00:00+00:00
[2024-08-20T03:37:24.166+0000] {logging_mixin.py:190} INFO - [2024-08-20T03:37:24.166+0000] {dag.py:4138} INFO - Setting next_dagrun for read_dataset_event_from_classic to 2024-08-19 00:00:00+00:00, run_after=2024-08-20 00:00:00+00:00
[2024-08-20T03:37:24.187+0000] {processor.py:208} INFO - Processing /home/airflow/.local/lib/python3.12/site-packages/airflow/example_dags/example_inlet_event_extra.py took 0.235 seconds
[2024-08-20T03:37:54.394+0000] {processor.py:186} INFO - Started process (PID=3567) to work on /home/airflow/.local/lib/python3.12/site-packages/airflow/example_dags/example_inlet_event_extra.py
[2024-08-20T03:37:54.395+0000] {processor.py:914} INFO - Processing file /home/airflow/.local/lib/python3.12/site-packages/airflow/example_dags/example_inlet_event_extra.py for tasks to queue
[2024-08-20T03:37:54.398+0000] {logging_mixin.py:190} INFO - [2024-08-20T03:37:54.397+0000] {dagbag.py:587} INFO - Filling up the DagBag from /home/airflow/.local/lib/python3.12/site-packages/airflow/example_dags/example_inlet_event_extra.py
[2024-08-20T03:37:54.528+0000] {processor.py:925} INFO - DAG(s) 'read_dataset_event', 'read_dataset_event_from_classic' retrieved from /home/airflow/.local/lib/python3.12/site-packages/airflow/example_dags/example_inlet_event_extra.py
[2024-08-20T03:37:54.549+0000] {logging_mixin.py:190} INFO - [2024-08-20T03:37:54.549+0000] {dag.py:3211} INFO - Sync 2 DAGs
[2024-08-20T03:37:54.579+0000] {logging_mixin.py:190} INFO - [2024-08-20T03:37:54.579+0000] {dag.py:4138} INFO - Setting next_dagrun for read_dataset_event to 2024-08-19 00:00:00+00:00, run_after=2024-08-20 00:00:00+00:00
[2024-08-20T03:37:54.586+0000] {logging_mixin.py:190} INFO - [2024-08-20T03:37:54.586+0000] {dag.py:4138} INFO - Setting next_dagrun for read_dataset_event_from_classic to 2024-08-19 00:00:00+00:00, run_after=2024-08-20 00:00:00+00:00
[2024-08-20T03:37:54.606+0000] {processor.py:208} INFO - Processing /home/airflow/.local/lib/python3.12/site-packages/airflow/example_dags/example_inlet_event_extra.py took 0.219 seconds
[2024-08-20T03:38:24.671+0000] {processor.py:186} INFO - Started process (PID=3853) to work on /home/airflow/.local/lib/python3.12/site-packages/airflow/example_dags/example_inlet_event_extra.py
[2024-08-20T03:38:24.671+0000] {processor.py:914} INFO - Processing file /home/airflow/.local/lib/python3.12/site-packages/airflow/example_dags/example_inlet_event_extra.py for tasks to queue
[2024-08-20T03:38:24.674+0000] {logging_mixin.py:190} INFO - [2024-08-20T03:38:24.674+0000] {dagbag.py:587} INFO - Filling up the DagBag from /home/airflow/.local/lib/python3.12/site-packages/airflow/example_dags/example_inlet_event_extra.py
[2024-08-20T03:38:24.810+0000] {processor.py:925} INFO - DAG(s) 'read_dataset_event', 'read_dataset_event_from_classic' retrieved from /home/airflow/.local/lib/python3.12/site-packages/airflow/example_dags/example_inlet_event_extra.py
[2024-08-20T03:38:24.839+0000] {logging_mixin.py:190} INFO - [2024-08-20T03:38:24.838+0000] {dag.py:3211} INFO - Sync 2 DAGs
[2024-08-20T03:38:24.884+0000] {logging_mixin.py:190} INFO - [2024-08-20T03:38:24.883+0000] {dag.py:4138} INFO - Setting next_dagrun for read_dataset_event to 2024-08-19 00:00:00+00:00, run_after=2024-08-20 00:00:00+00:00
[2024-08-20T03:38:24.892+0000] {logging_mixin.py:190} INFO - [2024-08-20T03:38:24.892+0000] {dag.py:4138} INFO - Setting next_dagrun for read_dataset_event_from_classic to 2024-08-19 00:00:00+00:00, run_after=2024-08-20 00:00:00+00:00
[2024-08-20T03:38:24.924+0000] {processor.py:208} INFO - Processing /home/airflow/.local/lib/python3.12/site-packages/airflow/example_dags/example_inlet_event_extra.py took 0.260 seconds
[2024-08-20T03:38:55.146+0000] {processor.py:186} INFO - Started process (PID=4139) to work on /home/airflow/.local/lib/python3.12/site-packages/airflow/example_dags/example_inlet_event_extra.py
[2024-08-20T03:38:55.147+0000] {processor.py:914} INFO - Processing file /home/airflow/.local/lib/python3.12/site-packages/airflow/example_dags/example_inlet_event_extra.py for tasks to queue
[2024-08-20T03:38:55.149+0000] {logging_mixin.py:190} INFO - [2024-08-20T03:38:55.149+0000] {dagbag.py:587} INFO - Filling up the DagBag from /home/airflow/.local/lib/python3.12/site-packages/airflow/example_dags/example_inlet_event_extra.py
[2024-08-20T03:38:55.281+0000] {processor.py:925} INFO - DAG(s) 'read_dataset_event', 'read_dataset_event_from_classic' retrieved from /home/airflow/.local/lib/python3.12/site-packages/airflow/example_dags/example_inlet_event_extra.py
[2024-08-20T03:38:55.303+0000] {logging_mixin.py:190} INFO - [2024-08-20T03:38:55.302+0000] {dag.py:3211} INFO - Sync 2 DAGs
[2024-08-20T03:38:55.328+0000] {logging_mixin.py:190} INFO - [2024-08-20T03:38:55.328+0000] {dag.py:4138} INFO - Setting next_dagrun for read_dataset_event to 2024-08-19 00:00:00+00:00, run_after=2024-08-20 00:00:00+00:00
[2024-08-20T03:38:55.334+0000] {logging_mixin.py:190} INFO - [2024-08-20T03:38:55.333+0000] {dag.py:4138} INFO - Setting next_dagrun for read_dataset_event_from_classic to 2024-08-19 00:00:00+00:00, run_after=2024-08-20 00:00:00+00:00
[2024-08-20T03:38:55.355+0000] {processor.py:208} INFO - Processing /home/airflow/.local/lib/python3.12/site-packages/airflow/example_dags/example_inlet_event_extra.py took 0.216 seconds
[2024-08-20T03:39:25.497+0000] {processor.py:186} INFO - Started process (PID=4425) to work on /home/airflow/.local/lib/python3.12/site-packages/airflow/example_dags/example_inlet_event_extra.py
[2024-08-20T03:39:25.498+0000] {processor.py:914} INFO - Processing file /home/airflow/.local/lib/python3.12/site-packages/airflow/example_dags/example_inlet_event_extra.py for tasks to queue
[2024-08-20T03:39:25.501+0000] {logging_mixin.py:190} INFO - [2024-08-20T03:39:25.500+0000] {dagbag.py:587} INFO - Filling up the DagBag from /home/airflow/.local/lib/python3.12/site-packages/airflow/example_dags/example_inlet_event_extra.py
[2024-08-20T03:39:25.629+0000] {processor.py:925} INFO - DAG(s) 'read_dataset_event_from_classic', 'read_dataset_event' retrieved from /home/airflow/.local/lib/python3.12/site-packages/airflow/example_dags/example_inlet_event_extra.py
[2024-08-20T03:39:25.650+0000] {logging_mixin.py:190} INFO - [2024-08-20T03:39:25.650+0000] {dag.py:3211} INFO - Sync 2 DAGs
[2024-08-20T03:39:25.678+0000] {logging_mixin.py:190} INFO - [2024-08-20T03:39:25.677+0000] {dag.py:4138} INFO - Setting next_dagrun for read_dataset_event to 2024-08-19 00:00:00+00:00, run_after=2024-08-20 00:00:00+00:00
[2024-08-20T03:39:25.683+0000] {logging_mixin.py:190} INFO - [2024-08-20T03:39:25.683+0000] {dag.py:4138} INFO - Setting next_dagrun for read_dataset_event_from_classic to 2024-08-19 00:00:00+00:00, run_after=2024-08-20 00:00:00+00:00
[2024-08-20T03:39:25.704+0000] {processor.py:208} INFO - Processing /home/airflow/.local/lib/python3.12/site-packages/airflow/example_dags/example_inlet_event_extra.py took 0.214 seconds
[2024-08-20T03:39:55.740+0000] {processor.py:186} INFO - Started process (PID=4711) to work on /home/airflow/.local/lib/python3.12/site-packages/airflow/example_dags/example_inlet_event_extra.py
[2024-08-20T03:39:55.741+0000] {processor.py:914} INFO - Processing file /home/airflow/.local/lib/python3.12/site-packages/airflow/example_dags/example_inlet_event_extra.py for tasks to queue
[2024-08-20T03:39:55.744+0000] {logging_mixin.py:190} INFO - [2024-08-20T03:39:55.744+0000] {dagbag.py:587} INFO - Filling up the DagBag from /home/airflow/.local/lib/python3.12/site-packages/airflow/example_dags/example_inlet_event_extra.py
[2024-08-20T03:39:55.871+0000] {processor.py:925} INFO - DAG(s) 'read_dataset_event_from_classic', 'read_dataset_event' retrieved from /home/airflow/.local/lib/python3.12/site-packages/airflow/example_dags/example_inlet_event_extra.py
[2024-08-20T03:39:55.893+0000] {logging_mixin.py:190} INFO - [2024-08-20T03:39:55.892+0000] {dag.py:3211} INFO - Sync 2 DAGs
[2024-08-20T03:39:55.921+0000] {logging_mixin.py:190} INFO - [2024-08-20T03:39:55.921+0000] {dag.py:4138} INFO - Setting next_dagrun for read_dataset_event to 2024-08-19 00:00:00+00:00, run_after=2024-08-20 00:00:00+00:00
[2024-08-20T03:39:55.927+0000] {logging_mixin.py:190} INFO - [2024-08-20T03:39:55.926+0000] {dag.py:4138} INFO - Setting next_dagrun for read_dataset_event_from_classic to 2024-08-19 00:00:00+00:00, run_after=2024-08-20 00:00:00+00:00
[2024-08-20T03:39:55.953+0000] {processor.py:208} INFO - Processing /home/airflow/.local/lib/python3.12/site-packages/airflow/example_dags/example_inlet_event_extra.py took 0.219 seconds
[2024-08-20T03:40:26.118+0000] {processor.py:186} INFO - Started process (PID=4997) to work on /home/airflow/.local/lib/python3.12/site-packages/airflow/example_dags/example_inlet_event_extra.py
[2024-08-20T03:40:26.119+0000] {processor.py:914} INFO - Processing file /home/airflow/.local/lib/python3.12/site-packages/airflow/example_dags/example_inlet_event_extra.py for tasks to queue
[2024-08-20T03:40:26.121+0000] {logging_mixin.py:190} INFO - [2024-08-20T03:40:26.121+0000] {dagbag.py:587} INFO - Filling up the DagBag from /home/airflow/.local/lib/python3.12/site-packages/airflow/example_dags/example_inlet_event_extra.py
[2024-08-20T03:40:26.274+0000] {processor.py:925} INFO - DAG(s) 'read_dataset_event', 'read_dataset_event_from_classic' retrieved from /home/airflow/.local/lib/python3.12/site-packages/airflow/example_dags/example_inlet_event_extra.py
[2024-08-20T03:40:26.302+0000] {logging_mixin.py:190} INFO - [2024-08-20T03:40:26.301+0000] {dag.py:3211} INFO - Sync 2 DAGs
[2024-08-20T03:40:26.338+0000] {logging_mixin.py:190} INFO - [2024-08-20T03:40:26.338+0000] {dag.py:4138} INFO - Setting next_dagrun for read_dataset_event to 2024-08-19 00:00:00+00:00, run_after=2024-08-20 00:00:00+00:00
[2024-08-20T03:40:26.345+0000] {logging_mixin.py:190} INFO - [2024-08-20T03:40:26.345+0000] {dag.py:4138} INFO - Setting next_dagrun for read_dataset_event_from_classic to 2024-08-19 00:00:00+00:00, run_after=2024-08-20 00:00:00+00:00
[2024-08-20T03:40:26.367+0000] {processor.py:208} INFO - Processing /home/airflow/.local/lib/python3.12/site-packages/airflow/example_dags/example_inlet_event_extra.py took 0.256 seconds
[2024-08-20T03:40:56.419+0000] {processor.py:186} INFO - Started process (PID=5285) to work on /home/airflow/.local/lib/python3.12/site-packages/airflow/example_dags/example_inlet_event_extra.py
[2024-08-20T03:40:56.420+0000] {processor.py:914} INFO - Processing file /home/airflow/.local/lib/python3.12/site-packages/airflow/example_dags/example_inlet_event_extra.py for tasks to queue
[2024-08-20T03:40:56.423+0000] {logging_mixin.py:190} INFO - [2024-08-20T03:40:56.422+0000] {dagbag.py:587} INFO - Filling up the DagBag from /home/airflow/.local/lib/python3.12/site-packages/airflow/example_dags/example_inlet_event_extra.py
[2024-08-20T03:40:56.555+0000] {processor.py:925} INFO - DAG(s) 'read_dataset_event', 'read_dataset_event_from_classic' retrieved from /home/airflow/.local/lib/python3.12/site-packages/airflow/example_dags/example_inlet_event_extra.py
[2024-08-20T03:40:56.575+0000] {logging_mixin.py:190} INFO - [2024-08-20T03:40:56.575+0000] {dag.py:3211} INFO - Sync 2 DAGs
[2024-08-20T03:40:56.603+0000] {logging_mixin.py:190} INFO - [2024-08-20T03:40:56.603+0000] {dag.py:4138} INFO - Setting next_dagrun for read_dataset_event to 2024-08-19 00:00:00+00:00, run_after=2024-08-20 00:00:00+00:00
[2024-08-20T03:40:56.608+0000] {logging_mixin.py:190} INFO - [2024-08-20T03:40:56.608+0000] {dag.py:4138} INFO - Setting next_dagrun for read_dataset_event_from_classic to 2024-08-19 00:00:00+00:00, run_after=2024-08-20 00:00:00+00:00
[2024-08-20T03:40:56.630+0000] {processor.py:208} INFO - Processing /home/airflow/.local/lib/python3.12/site-packages/airflow/example_dags/example_inlet_event_extra.py took 0.218 seconds
[2024-08-20T03:41:26.880+0000] {processor.py:186} INFO - Started process (PID=5569) to work on /home/airflow/.local/lib/python3.12/site-packages/airflow/example_dags/example_inlet_event_extra.py
[2024-08-20T03:41:26.881+0000] {processor.py:914} INFO - Processing file /home/airflow/.local/lib/python3.12/site-packages/airflow/example_dags/example_inlet_event_extra.py for tasks to queue
[2024-08-20T03:41:26.883+0000] {logging_mixin.py:190} INFO - [2024-08-20T03:41:26.883+0000] {dagbag.py:587} INFO - Filling up the DagBag from /home/airflow/.local/lib/python3.12/site-packages/airflow/example_dags/example_inlet_event_extra.py
[2024-08-20T03:41:27.031+0000] {processor.py:925} INFO - DAG(s) 'read_dataset_event', 'read_dataset_event_from_classic' retrieved from /home/airflow/.local/lib/python3.12/site-packages/airflow/example_dags/example_inlet_event_extra.py
[2024-08-20T03:41:27.054+0000] {logging_mixin.py:190} INFO - [2024-08-20T03:41:27.054+0000] {dag.py:3211} INFO - Sync 2 DAGs
[2024-08-20T03:41:27.090+0000] {logging_mixin.py:190} INFO - [2024-08-20T03:41:27.089+0000] {dag.py:4138} INFO - Setting next_dagrun for read_dataset_event to 2024-08-19 00:00:00+00:00, run_after=2024-08-20 00:00:00+00:00
[2024-08-20T03:41:27.098+0000] {logging_mixin.py:190} INFO - [2024-08-20T03:41:27.097+0000] {dag.py:4138} INFO - Setting next_dagrun for read_dataset_event_from_classic to 2024-08-19 00:00:00+00:00, run_after=2024-08-20 00:00:00+00:00
[2024-08-20T03:41:27.118+0000] {processor.py:208} INFO - Processing /home/airflow/.local/lib/python3.12/site-packages/airflow/example_dags/example_inlet_event_extra.py took 0.245 seconds
[2024-08-20T03:41:57.388+0000] {processor.py:186} INFO - Started process (PID=5855) to work on /home/airflow/.local/lib/python3.12/site-packages/airflow/example_dags/example_inlet_event_extra.py
[2024-08-20T03:41:57.389+0000] {processor.py:914} INFO - Processing file /home/airflow/.local/lib/python3.12/site-packages/airflow/example_dags/example_inlet_event_extra.py for tasks to queue
[2024-08-20T03:41:57.392+0000] {logging_mixin.py:190} INFO - [2024-08-20T03:41:57.392+0000] {dagbag.py:587} INFO - Filling up the DagBag from /home/airflow/.local/lib/python3.12/site-packages/airflow/example_dags/example_inlet_event_extra.py
[2024-08-20T03:41:57.529+0000] {processor.py:925} INFO - DAG(s) 'read_dataset_event_from_classic', 'read_dataset_event' retrieved from /home/airflow/.local/lib/python3.12/site-packages/airflow/example_dags/example_inlet_event_extra.py
[2024-08-20T03:41:57.551+0000] {logging_mixin.py:190} INFO - [2024-08-20T03:41:57.550+0000] {dag.py:3211} INFO - Sync 2 DAGs
[2024-08-20T03:41:57.584+0000] {logging_mixin.py:190} INFO - [2024-08-20T03:41:57.584+0000] {dag.py:4138} INFO - Setting next_dagrun for read_dataset_event to 2024-08-19 00:00:00+00:00, run_after=2024-08-20 00:00:00+00:00
[2024-08-20T03:41:57.591+0000] {logging_mixin.py:190} INFO - [2024-08-20T03:41:57.591+0000] {dag.py:4138} INFO - Setting next_dagrun for read_dataset_event_from_classic to 2024-08-19 00:00:00+00:00, run_after=2024-08-20 00:00:00+00:00
[2024-08-20T03:41:57.616+0000] {processor.py:208} INFO - Processing /home/airflow/.local/lib/python3.12/site-packages/airflow/example_dags/example_inlet_event_extra.py took 0.234 seconds
