[2024-08-20T03:32:11.536+0000] {processor.py:186} INFO - Started process (PID=206) to work on /home/airflow/.local/lib/python3.12/site-packages/airflow/example_dags/example_bash_decorator.py
[2024-08-20T03:32:11.537+0000] {processor.py:914} INFO - Processing file /home/airflow/.local/lib/python3.12/site-packages/airflow/example_dags/example_bash_decorator.py for tasks to queue
[2024-08-20T03:32:11.543+0000] {logging_mixin.py:190} INFO - [2024-08-20T03:32:11.543+0000] {dagbag.py:587} INFO - Filling up the DagBag from /home/airflow/.local/lib/python3.12/site-packages/airflow/example_dags/example_bash_decorator.py
[2024-08-20T03:32:11.575+0000] {processor.py:925} INFO - DAG(s) 'example_bash_decorator' retrieved from /home/airflow/.local/lib/python3.12/site-packages/airflow/example_dags/example_bash_decorator.py
[2024-08-20T03:32:11.749+0000] {logging_mixin.py:190} INFO - [2024-08-20T03:32:11.748+0000] {override.py:1858} INFO - Created Permission View: can read on DAG:example_bash_decorator
[2024-08-20T03:32:11.766+0000] {logging_mixin.py:190} INFO - [2024-08-20T03:32:11.766+0000] {override.py:1858} INFO - Created Permission View: can delete on DAG:example_bash_decorator
[2024-08-20T03:32:11.780+0000] {logging_mixin.py:190} INFO - [2024-08-20T03:32:11.779+0000] {override.py:1858} INFO - Created Permission View: can edit on DAG:example_bash_decorator
[2024-08-20T03:32:11.781+0000] {logging_mixin.py:190} INFO - [2024-08-20T03:32:11.780+0000] {dag.py:3211} INFO - Sync 1 DAGs
[2024-08-20T03:32:11.802+0000] {logging_mixin.py:190} INFO - [2024-08-20T03:32:11.802+0000] {dag.py:3234} INFO - Creating ORM DAG for example_bash_decorator
[2024-08-20T03:32:11.803+0000] {logging_mixin.py:190} INFO - [2024-08-20T03:32:11.803+0000] {dag.py:4138} INFO - Setting next_dagrun for example_bash_decorator to None, run_after=None
[2024-08-20T03:32:11.828+0000] {processor.py:208} INFO - Processing /home/airflow/.local/lib/python3.12/site-packages/airflow/example_dags/example_bash_decorator.py took 0.307 seconds
[2024-08-20T03:32:42.237+0000] {processor.py:186} INFO - Started process (PID=499) to work on /home/airflow/.local/lib/python3.12/site-packages/airflow/example_dags/example_bash_decorator.py
[2024-08-20T03:32:42.238+0000] {processor.py:914} INFO - Processing file /home/airflow/.local/lib/python3.12/site-packages/airflow/example_dags/example_bash_decorator.py for tasks to queue
[2024-08-20T03:32:42.241+0000] {logging_mixin.py:190} INFO - [2024-08-20T03:32:42.241+0000] {dagbag.py:587} INFO - Filling up the DagBag from /home/airflow/.local/lib/python3.12/site-packages/airflow/example_dags/example_bash_decorator.py
[2024-08-20T03:32:42.262+0000] {processor.py:925} INFO - DAG(s) 'example_bash_decorator' retrieved from /home/airflow/.local/lib/python3.12/site-packages/airflow/example_dags/example_bash_decorator.py
[2024-08-20T03:32:42.292+0000] {logging_mixin.py:190} INFO - [2024-08-20T03:32:42.291+0000] {dag.py:3211} INFO - Sync 1 DAGs
[2024-08-20T03:32:42.314+0000] {logging_mixin.py:190} INFO - [2024-08-20T03:32:42.313+0000] {dag.py:4138} INFO - Setting next_dagrun for example_bash_decorator to None, run_after=None
[2024-08-20T03:32:42.343+0000] {processor.py:208} INFO - Processing /home/airflow/.local/lib/python3.12/site-packages/airflow/example_dags/example_bash_decorator.py took 0.112 seconds
[2024-08-20T03:33:12.460+0000] {processor.py:186} INFO - Started process (PID=785) to work on /home/airflow/.local/lib/python3.12/site-packages/airflow/example_dags/example_bash_decorator.py
[2024-08-20T03:33:12.461+0000] {processor.py:914} INFO - Processing file /home/airflow/.local/lib/python3.12/site-packages/airflow/example_dags/example_bash_decorator.py for tasks to queue
[2024-08-20T03:33:12.465+0000] {logging_mixin.py:190} INFO - [2024-08-20T03:33:12.464+0000] {dagbag.py:587} INFO - Filling up the DagBag from /home/airflow/.local/lib/python3.12/site-packages/airflow/example_dags/example_bash_decorator.py
[2024-08-20T03:33:12.486+0000] {processor.py:925} INFO - DAG(s) 'example_bash_decorator' retrieved from /home/airflow/.local/lib/python3.12/site-packages/airflow/example_dags/example_bash_decorator.py
[2024-08-20T03:33:12.513+0000] {logging_mixin.py:190} INFO - [2024-08-20T03:33:12.513+0000] {dag.py:3211} INFO - Sync 1 DAGs
[2024-08-20T03:33:12.530+0000] {logging_mixin.py:190} INFO - [2024-08-20T03:33:12.529+0000] {dag.py:4138} INFO - Setting next_dagrun for example_bash_decorator to None, run_after=None
[2024-08-20T03:33:12.555+0000] {processor.py:208} INFO - Processing /home/airflow/.local/lib/python3.12/site-packages/airflow/example_dags/example_bash_decorator.py took 0.104 seconds
[2024-08-20T03:33:43.102+0000] {processor.py:186} INFO - Started process (PID=1069) to work on /home/airflow/.local/lib/python3.12/site-packages/airflow/example_dags/example_bash_decorator.py
[2024-08-20T03:33:43.103+0000] {processor.py:914} INFO - Processing file /home/airflow/.local/lib/python3.12/site-packages/airflow/example_dags/example_bash_decorator.py for tasks to queue
[2024-08-20T03:33:43.106+0000] {logging_mixin.py:190} INFO - [2024-08-20T03:33:43.105+0000] {dagbag.py:587} INFO - Filling up the DagBag from /home/airflow/.local/lib/python3.12/site-packages/airflow/example_dags/example_bash_decorator.py
[2024-08-20T03:33:43.121+0000] {processor.py:925} INFO - DAG(s) 'example_bash_decorator' retrieved from /home/airflow/.local/lib/python3.12/site-packages/airflow/example_dags/example_bash_decorator.py
[2024-08-20T03:33:43.144+0000] {logging_mixin.py:190} INFO - [2024-08-20T03:33:43.143+0000] {dag.py:3211} INFO - Sync 1 DAGs
[2024-08-20T03:33:43.159+0000] {logging_mixin.py:190} INFO - [2024-08-20T03:33:43.159+0000] {dag.py:4138} INFO - Setting next_dagrun for example_bash_decorator to None, run_after=None
[2024-08-20T03:33:43.185+0000] {processor.py:208} INFO - Processing /home/airflow/.local/lib/python3.12/site-packages/airflow/example_dags/example_bash_decorator.py took 0.089 seconds
[2024-08-20T03:34:13.519+0000] {processor.py:186} INFO - Started process (PID=1357) to work on /home/airflow/.local/lib/python3.12/site-packages/airflow/example_dags/example_bash_decorator.py
[2024-08-20T03:34:13.520+0000] {processor.py:914} INFO - Processing file /home/airflow/.local/lib/python3.12/site-packages/airflow/example_dags/example_bash_decorator.py for tasks to queue
[2024-08-20T03:34:13.523+0000] {logging_mixin.py:190} INFO - [2024-08-20T03:34:13.523+0000] {dagbag.py:587} INFO - Filling up the DagBag from /home/airflow/.local/lib/python3.12/site-packages/airflow/example_dags/example_bash_decorator.py
[2024-08-20T03:34:13.539+0000] {processor.py:925} INFO - DAG(s) 'example_bash_decorator' retrieved from /home/airflow/.local/lib/python3.12/site-packages/airflow/example_dags/example_bash_decorator.py
[2024-08-20T03:34:13.563+0000] {logging_mixin.py:190} INFO - [2024-08-20T03:34:13.562+0000] {dag.py:3211} INFO - Sync 1 DAGs
[2024-08-20T03:34:13.578+0000] {logging_mixin.py:190} INFO - [2024-08-20T03:34:13.578+0000] {dag.py:4138} INFO - Setting next_dagrun for example_bash_decorator to None, run_after=None
[2024-08-20T03:34:13.610+0000] {processor.py:208} INFO - Processing /home/airflow/.local/lib/python3.12/site-packages/airflow/example_dags/example_bash_decorator.py took 0.097 seconds
[2024-08-20T03:34:44.116+0000] {processor.py:186} INFO - Started process (PID=1643) to work on /home/airflow/.local/lib/python3.12/site-packages/airflow/example_dags/example_bash_decorator.py
[2024-08-20T03:34:44.117+0000] {processor.py:914} INFO - Processing file /home/airflow/.local/lib/python3.12/site-packages/airflow/example_dags/example_bash_decorator.py for tasks to queue
[2024-08-20T03:34:44.120+0000] {logging_mixin.py:190} INFO - [2024-08-20T03:34:44.119+0000] {dagbag.py:587} INFO - Filling up the DagBag from /home/airflow/.local/lib/python3.12/site-packages/airflow/example_dags/example_bash_decorator.py
[2024-08-20T03:34:44.140+0000] {processor.py:925} INFO - DAG(s) 'example_bash_decorator' retrieved from /home/airflow/.local/lib/python3.12/site-packages/airflow/example_dags/example_bash_decorator.py
[2024-08-20T03:34:44.169+0000] {logging_mixin.py:190} INFO - [2024-08-20T03:34:44.168+0000] {dag.py:3211} INFO - Sync 1 DAGs
[2024-08-20T03:34:44.189+0000] {logging_mixin.py:190} INFO - [2024-08-20T03:34:44.188+0000] {dag.py:4138} INFO - Setting next_dagrun for example_bash_decorator to None, run_after=None
[2024-08-20T03:34:44.217+0000] {processor.py:208} INFO - Processing /home/airflow/.local/lib/python3.12/site-packages/airflow/example_dags/example_bash_decorator.py took 0.111 seconds
[2024-08-20T03:35:14.885+0000] {processor.py:186} INFO - Started process (PID=1927) to work on /home/airflow/.local/lib/python3.12/site-packages/airflow/example_dags/example_bash_decorator.py
[2024-08-20T03:35:14.886+0000] {processor.py:914} INFO - Processing file /home/airflow/.local/lib/python3.12/site-packages/airflow/example_dags/example_bash_decorator.py for tasks to queue
[2024-08-20T03:35:14.889+0000] {logging_mixin.py:190} INFO - [2024-08-20T03:35:14.889+0000] {dagbag.py:587} INFO - Filling up the DagBag from /home/airflow/.local/lib/python3.12/site-packages/airflow/example_dags/example_bash_decorator.py
[2024-08-20T03:35:14.907+0000] {processor.py:925} INFO - DAG(s) 'example_bash_decorator' retrieved from /home/airflow/.local/lib/python3.12/site-packages/airflow/example_dags/example_bash_decorator.py
[2024-08-20T03:35:14.931+0000] {logging_mixin.py:190} INFO - [2024-08-20T03:35:14.931+0000] {dag.py:3211} INFO - Sync 1 DAGs
[2024-08-20T03:35:14.949+0000] {logging_mixin.py:190} INFO - [2024-08-20T03:35:14.949+0000] {dag.py:4138} INFO - Setting next_dagrun for example_bash_decorator to None, run_after=None
[2024-08-20T03:35:14.976+0000] {processor.py:208} INFO - Processing /home/airflow/.local/lib/python3.12/site-packages/airflow/example_dags/example_bash_decorator.py took 0.097 seconds
[2024-08-20T03:35:45.387+0000] {processor.py:186} INFO - Started process (PID=2215) to work on /home/airflow/.local/lib/python3.12/site-packages/airflow/example_dags/example_bash_decorator.py
[2024-08-20T03:35:45.389+0000] {processor.py:914} INFO - Processing file /home/airflow/.local/lib/python3.12/site-packages/airflow/example_dags/example_bash_decorator.py for tasks to queue
[2024-08-20T03:35:45.392+0000] {logging_mixin.py:190} INFO - [2024-08-20T03:35:45.391+0000] {dagbag.py:587} INFO - Filling up the DagBag from /home/airflow/.local/lib/python3.12/site-packages/airflow/example_dags/example_bash_decorator.py
[2024-08-20T03:35:45.411+0000] {processor.py:925} INFO - DAG(s) 'example_bash_decorator' retrieved from /home/airflow/.local/lib/python3.12/site-packages/airflow/example_dags/example_bash_decorator.py
[2024-08-20T03:35:45.439+0000] {logging_mixin.py:190} INFO - [2024-08-20T03:35:45.439+0000] {dag.py:3211} INFO - Sync 1 DAGs
[2024-08-20T03:35:45.455+0000] {logging_mixin.py:190} INFO - [2024-08-20T03:35:45.455+0000] {dag.py:4138} INFO - Setting next_dagrun for example_bash_decorator to None, run_after=None
[2024-08-20T03:35:45.480+0000] {processor.py:208} INFO - Processing /home/airflow/.local/lib/python3.12/site-packages/airflow/example_dags/example_bash_decorator.py took 0.099 seconds
[2024-08-20T03:36:15.901+0000] {processor.py:186} INFO - Started process (PID=2501) to work on /home/airflow/.local/lib/python3.12/site-packages/airflow/example_dags/example_bash_decorator.py
[2024-08-20T03:36:15.902+0000] {processor.py:914} INFO - Processing file /home/airflow/.local/lib/python3.12/site-packages/airflow/example_dags/example_bash_decorator.py for tasks to queue
[2024-08-20T03:36:15.905+0000] {logging_mixin.py:190} INFO - [2024-08-20T03:36:15.905+0000] {dagbag.py:587} INFO - Filling up the DagBag from /home/airflow/.local/lib/python3.12/site-packages/airflow/example_dags/example_bash_decorator.py
[2024-08-20T03:36:15.922+0000] {processor.py:925} INFO - DAG(s) 'example_bash_decorator' retrieved from /home/airflow/.local/lib/python3.12/site-packages/airflow/example_dags/example_bash_decorator.py
[2024-08-20T03:36:15.957+0000] {logging_mixin.py:190} INFO - [2024-08-20T03:36:15.957+0000] {dag.py:3211} INFO - Sync 1 DAGs
[2024-08-20T03:36:15.973+0000] {logging_mixin.py:190} INFO - [2024-08-20T03:36:15.973+0000] {dag.py:4138} INFO - Setting next_dagrun for example_bash_decorator to None, run_after=None
[2024-08-20T03:36:15.999+0000] {processor.py:208} INFO - Processing /home/airflow/.local/lib/python3.12/site-packages/airflow/example_dags/example_bash_decorator.py took 0.105 seconds
[2024-08-20T03:36:46.383+0000] {processor.py:186} INFO - Started process (PID=2787) to work on /home/airflow/.local/lib/python3.12/site-packages/airflow/example_dags/example_bash_decorator.py
[2024-08-20T03:36:46.385+0000] {processor.py:914} INFO - Processing file /home/airflow/.local/lib/python3.12/site-packages/airflow/example_dags/example_bash_decorator.py for tasks to queue
[2024-08-20T03:36:46.388+0000] {logging_mixin.py:190} INFO - [2024-08-20T03:36:46.387+0000] {dagbag.py:587} INFO - Filling up the DagBag from /home/airflow/.local/lib/python3.12/site-packages/airflow/example_dags/example_bash_decorator.py
[2024-08-20T03:36:46.409+0000] {processor.py:925} INFO - DAG(s) 'example_bash_decorator' retrieved from /home/airflow/.local/lib/python3.12/site-packages/airflow/example_dags/example_bash_decorator.py
[2024-08-20T03:36:46.435+0000] {logging_mixin.py:190} INFO - [2024-08-20T03:36:46.435+0000] {dag.py:3211} INFO - Sync 1 DAGs
[2024-08-20T03:36:46.450+0000] {logging_mixin.py:190} INFO - [2024-08-20T03:36:46.450+0000] {dag.py:4138} INFO - Setting next_dagrun for example_bash_decorator to None, run_after=None
[2024-08-20T03:36:46.472+0000] {processor.py:208} INFO - Processing /home/airflow/.local/lib/python3.12/site-packages/airflow/example_dags/example_bash_decorator.py took 0.097 seconds
[2024-08-20T03:37:16.706+0000] {processor.py:186} INFO - Started process (PID=3073) to work on /home/airflow/.local/lib/python3.12/site-packages/airflow/example_dags/example_bash_decorator.py
[2024-08-20T03:37:16.707+0000] {processor.py:914} INFO - Processing file /home/airflow/.local/lib/python3.12/site-packages/airflow/example_dags/example_bash_decorator.py for tasks to queue
[2024-08-20T03:37:16.710+0000] {logging_mixin.py:190} INFO - [2024-08-20T03:37:16.710+0000] {dagbag.py:587} INFO - Filling up the DagBag from /home/airflow/.local/lib/python3.12/site-packages/airflow/example_dags/example_bash_decorator.py
[2024-08-20T03:37:16.727+0000] {processor.py:925} INFO - DAG(s) 'example_bash_decorator' retrieved from /home/airflow/.local/lib/python3.12/site-packages/airflow/example_dags/example_bash_decorator.py
[2024-08-20T03:37:16.752+0000] {logging_mixin.py:190} INFO - [2024-08-20T03:37:16.751+0000] {dag.py:3211} INFO - Sync 1 DAGs
[2024-08-20T03:37:16.768+0000] {logging_mixin.py:190} INFO - [2024-08-20T03:37:16.767+0000] {dag.py:4138} INFO - Setting next_dagrun for example_bash_decorator to None, run_after=None
[2024-08-20T03:37:16.802+0000] {processor.py:208} INFO - Processing /home/airflow/.local/lib/python3.12/site-packages/airflow/example_dags/example_bash_decorator.py took 0.103 seconds
[2024-08-20T03:37:47.000+0000] {processor.py:186} INFO - Started process (PID=3359) to work on /home/airflow/.local/lib/python3.12/site-packages/airflow/example_dags/example_bash_decorator.py
[2024-08-20T03:37:47.001+0000] {processor.py:914} INFO - Processing file /home/airflow/.local/lib/python3.12/site-packages/airflow/example_dags/example_bash_decorator.py for tasks to queue
[2024-08-20T03:37:47.005+0000] {logging_mixin.py:190} INFO - [2024-08-20T03:37:47.004+0000] {dagbag.py:587} INFO - Filling up the DagBag from /home/airflow/.local/lib/python3.12/site-packages/airflow/example_dags/example_bash_decorator.py
[2024-08-20T03:37:47.025+0000] {processor.py:925} INFO - DAG(s) 'example_bash_decorator' retrieved from /home/airflow/.local/lib/python3.12/site-packages/airflow/example_dags/example_bash_decorator.py
[2024-08-20T03:37:47.056+0000] {logging_mixin.py:190} INFO - [2024-08-20T03:37:47.055+0000] {dag.py:3211} INFO - Sync 1 DAGs
[2024-08-20T03:37:47.074+0000] {logging_mixin.py:190} INFO - [2024-08-20T03:37:47.074+0000] {dag.py:4138} INFO - Setting next_dagrun for example_bash_decorator to None, run_after=None
[2024-08-20T03:37:47.098+0000] {processor.py:208} INFO - Processing /home/airflow/.local/lib/python3.12/site-packages/airflow/example_dags/example_bash_decorator.py took 0.105 seconds
[2024-08-20T03:38:17.743+0000] {processor.py:186} INFO - Started process (PID=3645) to work on /home/airflow/.local/lib/python3.12/site-packages/airflow/example_dags/example_bash_decorator.py
[2024-08-20T03:38:17.744+0000] {processor.py:914} INFO - Processing file /home/airflow/.local/lib/python3.12/site-packages/airflow/example_dags/example_bash_decorator.py for tasks to queue
[2024-08-20T03:38:17.747+0000] {logging_mixin.py:190} INFO - [2024-08-20T03:38:17.746+0000] {dagbag.py:587} INFO - Filling up the DagBag from /home/airflow/.local/lib/python3.12/site-packages/airflow/example_dags/example_bash_decorator.py
[2024-08-20T03:38:17.766+0000] {processor.py:925} INFO - DAG(s) 'example_bash_decorator' retrieved from /home/airflow/.local/lib/python3.12/site-packages/airflow/example_dags/example_bash_decorator.py
[2024-08-20T03:38:17.795+0000] {logging_mixin.py:190} INFO - [2024-08-20T03:38:17.795+0000] {dag.py:3211} INFO - Sync 1 DAGs
[2024-08-20T03:38:17.816+0000] {logging_mixin.py:190} INFO - [2024-08-20T03:38:17.816+0000] {dag.py:4138} INFO - Setting next_dagrun for example_bash_decorator to None, run_after=None
[2024-08-20T03:38:17.843+0000] {processor.py:208} INFO - Processing /home/airflow/.local/lib/python3.12/site-packages/airflow/example_dags/example_bash_decorator.py took 0.108 seconds
[2024-08-20T03:38:47.946+0000] {processor.py:186} INFO - Started process (PID=3931) to work on /home/airflow/.local/lib/python3.12/site-packages/airflow/example_dags/example_bash_decorator.py
[2024-08-20T03:38:47.948+0000] {processor.py:914} INFO - Processing file /home/airflow/.local/lib/python3.12/site-packages/airflow/example_dags/example_bash_decorator.py for tasks to queue
[2024-08-20T03:38:47.951+0000] {logging_mixin.py:190} INFO - [2024-08-20T03:38:47.950+0000] {dagbag.py:587} INFO - Filling up the DagBag from /home/airflow/.local/lib/python3.12/site-packages/airflow/example_dags/example_bash_decorator.py
[2024-08-20T03:38:47.971+0000] {processor.py:925} INFO - DAG(s) 'example_bash_decorator' retrieved from /home/airflow/.local/lib/python3.12/site-packages/airflow/example_dags/example_bash_decorator.py
[2024-08-20T03:38:47.998+0000] {logging_mixin.py:190} INFO - [2024-08-20T03:38:47.998+0000] {dag.py:3211} INFO - Sync 1 DAGs
[2024-08-20T03:38:48.021+0000] {logging_mixin.py:190} INFO - [2024-08-20T03:38:48.021+0000] {dag.py:4138} INFO - Setting next_dagrun for example_bash_decorator to None, run_after=None
[2024-08-20T03:38:48.047+0000] {processor.py:208} INFO - Processing /home/airflow/.local/lib/python3.12/site-packages/airflow/example_dags/example_bash_decorator.py took 0.108 seconds
[2024-08-20T03:39:18.342+0000] {processor.py:186} INFO - Started process (PID=4217) to work on /home/airflow/.local/lib/python3.12/site-packages/airflow/example_dags/example_bash_decorator.py
[2024-08-20T03:39:18.343+0000] {processor.py:914} INFO - Processing file /home/airflow/.local/lib/python3.12/site-packages/airflow/example_dags/example_bash_decorator.py for tasks to queue
[2024-08-20T03:39:18.347+0000] {logging_mixin.py:190} INFO - [2024-08-20T03:39:18.347+0000] {dagbag.py:587} INFO - Filling up the DagBag from /home/airflow/.local/lib/python3.12/site-packages/airflow/example_dags/example_bash_decorator.py
[2024-08-20T03:39:18.373+0000] {processor.py:925} INFO - DAG(s) 'example_bash_decorator' retrieved from /home/airflow/.local/lib/python3.12/site-packages/airflow/example_dags/example_bash_decorator.py
[2024-08-20T03:39:18.400+0000] {logging_mixin.py:190} INFO - [2024-08-20T03:39:18.400+0000] {dag.py:3211} INFO - Sync 1 DAGs
[2024-08-20T03:39:18.420+0000] {logging_mixin.py:190} INFO - [2024-08-20T03:39:18.420+0000] {dag.py:4138} INFO - Setting next_dagrun for example_bash_decorator to None, run_after=None
[2024-08-20T03:39:18.449+0000] {processor.py:208} INFO - Processing /home/airflow/.local/lib/python3.12/site-packages/airflow/example_dags/example_bash_decorator.py took 0.114 seconds
[2024-08-20T03:39:48.715+0000] {processor.py:186} INFO - Started process (PID=4503) to work on /home/airflow/.local/lib/python3.12/site-packages/airflow/example_dags/example_bash_decorator.py
[2024-08-20T03:39:48.717+0000] {processor.py:914} INFO - Processing file /home/airflow/.local/lib/python3.12/site-packages/airflow/example_dags/example_bash_decorator.py for tasks to queue
[2024-08-20T03:39:48.721+0000] {logging_mixin.py:190} INFO - [2024-08-20T03:39:48.720+0000] {dagbag.py:587} INFO - Filling up the DagBag from /home/airflow/.local/lib/python3.12/site-packages/airflow/example_dags/example_bash_decorator.py
[2024-08-20T03:39:48.740+0000] {processor.py:925} INFO - DAG(s) 'example_bash_decorator' retrieved from /home/airflow/.local/lib/python3.12/site-packages/airflow/example_dags/example_bash_decorator.py
[2024-08-20T03:39:48.773+0000] {logging_mixin.py:190} INFO - [2024-08-20T03:39:48.772+0000] {dag.py:3211} INFO - Sync 1 DAGs
[2024-08-20T03:39:48.793+0000] {logging_mixin.py:190} INFO - [2024-08-20T03:39:48.793+0000] {dag.py:4138} INFO - Setting next_dagrun for example_bash_decorator to None, run_after=None
[2024-08-20T03:39:48.821+0000] {processor.py:208} INFO - Processing /home/airflow/.local/lib/python3.12/site-packages/airflow/example_dags/example_bash_decorator.py took 0.115 seconds
[2024-08-20T03:40:18.909+0000] {processor.py:186} INFO - Started process (PID=4789) to work on /home/airflow/.local/lib/python3.12/site-packages/airflow/example_dags/example_bash_decorator.py
[2024-08-20T03:40:18.911+0000] {processor.py:914} INFO - Processing file /home/airflow/.local/lib/python3.12/site-packages/airflow/example_dags/example_bash_decorator.py for tasks to queue
[2024-08-20T03:40:18.914+0000] {logging_mixin.py:190} INFO - [2024-08-20T03:40:18.914+0000] {dagbag.py:587} INFO - Filling up the DagBag from /home/airflow/.local/lib/python3.12/site-packages/airflow/example_dags/example_bash_decorator.py
[2024-08-20T03:40:18.933+0000] {processor.py:925} INFO - DAG(s) 'example_bash_decorator' retrieved from /home/airflow/.local/lib/python3.12/site-packages/airflow/example_dags/example_bash_decorator.py
[2024-08-20T03:40:18.961+0000] {logging_mixin.py:190} INFO - [2024-08-20T03:40:18.961+0000] {dag.py:3211} INFO - Sync 1 DAGs
[2024-08-20T03:40:18.981+0000] {logging_mixin.py:190} INFO - [2024-08-20T03:40:18.980+0000] {dag.py:4138} INFO - Setting next_dagrun for example_bash_decorator to None, run_after=None
[2024-08-20T03:40:19.007+0000] {processor.py:208} INFO - Processing /home/airflow/.local/lib/python3.12/site-packages/airflow/example_dags/example_bash_decorator.py took 0.106 seconds
[2024-08-20T03:40:49.430+0000] {processor.py:186} INFO - Started process (PID=5080) to work on /home/airflow/.local/lib/python3.12/site-packages/airflow/example_dags/example_bash_decorator.py
[2024-08-20T03:40:49.431+0000] {processor.py:914} INFO - Processing file /home/airflow/.local/lib/python3.12/site-packages/airflow/example_dags/example_bash_decorator.py for tasks to queue
[2024-08-20T03:40:49.434+0000] {logging_mixin.py:190} INFO - [2024-08-20T03:40:49.434+0000] {dagbag.py:587} INFO - Filling up the DagBag from /home/airflow/.local/lib/python3.12/site-packages/airflow/example_dags/example_bash_decorator.py
[2024-08-20T03:40:49.453+0000] {processor.py:925} INFO - DAG(s) 'example_bash_decorator' retrieved from /home/airflow/.local/lib/python3.12/site-packages/airflow/example_dags/example_bash_decorator.py
[2024-08-20T03:40:49.477+0000] {logging_mixin.py:190} INFO - [2024-08-20T03:40:49.477+0000] {dag.py:3211} INFO - Sync 1 DAGs
[2024-08-20T03:40:49.493+0000] {logging_mixin.py:190} INFO - [2024-08-20T03:40:49.493+0000] {dag.py:4138} INFO - Setting next_dagrun for example_bash_decorator to None, run_after=None
[2024-08-20T03:40:49.517+0000] {processor.py:208} INFO - Processing /home/airflow/.local/lib/python3.12/site-packages/airflow/example_dags/example_bash_decorator.py took 0.095 seconds
[2024-08-20T03:41:19.889+0000] {processor.py:186} INFO - Started process (PID=5361) to work on /home/airflow/.local/lib/python3.12/site-packages/airflow/example_dags/example_bash_decorator.py
[2024-08-20T03:41:19.891+0000] {processor.py:914} INFO - Processing file /home/airflow/.local/lib/python3.12/site-packages/airflow/example_dags/example_bash_decorator.py for tasks to queue
[2024-08-20T03:41:19.895+0000] {logging_mixin.py:190} INFO - [2024-08-20T03:41:19.895+0000] {dagbag.py:587} INFO - Filling up the DagBag from /home/airflow/.local/lib/python3.12/site-packages/airflow/example_dags/example_bash_decorator.py
[2024-08-20T03:41:19.921+0000] {processor.py:925} INFO - DAG(s) 'example_bash_decorator' retrieved from /home/airflow/.local/lib/python3.12/site-packages/airflow/example_dags/example_bash_decorator.py
[2024-08-20T03:41:19.950+0000] {logging_mixin.py:190} INFO - [2024-08-20T03:41:19.950+0000] {dag.py:3211} INFO - Sync 1 DAGs
[2024-08-20T03:41:19.969+0000] {logging_mixin.py:190} INFO - [2024-08-20T03:41:19.969+0000] {dag.py:4138} INFO - Setting next_dagrun for example_bash_decorator to None, run_after=None
[2024-08-20T03:41:19.994+0000] {processor.py:208} INFO - Processing /home/airflow/.local/lib/python3.12/site-packages/airflow/example_dags/example_bash_decorator.py took 0.114 seconds
[2024-08-20T03:41:50.024+0000] {processor.py:186} INFO - Started process (PID=5647) to work on /home/airflow/.local/lib/python3.12/site-packages/airflow/example_dags/example_bash_decorator.py
[2024-08-20T03:41:50.025+0000] {processor.py:914} INFO - Processing file /home/airflow/.local/lib/python3.12/site-packages/airflow/example_dags/example_bash_decorator.py for tasks to queue
[2024-08-20T03:41:50.028+0000] {logging_mixin.py:190} INFO - [2024-08-20T03:41:50.028+0000] {dagbag.py:587} INFO - Filling up the DagBag from /home/airflow/.local/lib/python3.12/site-packages/airflow/example_dags/example_bash_decorator.py
[2024-08-20T03:41:50.051+0000] {processor.py:925} INFO - DAG(s) 'example_bash_decorator' retrieved from /home/airflow/.local/lib/python3.12/site-packages/airflow/example_dags/example_bash_decorator.py
[2024-08-20T03:41:50.076+0000] {logging_mixin.py:190} INFO - [2024-08-20T03:41:50.076+0000] {dag.py:3211} INFO - Sync 1 DAGs
[2024-08-20T03:41:50.095+0000] {logging_mixin.py:190} INFO - [2024-08-20T03:41:50.095+0000] {dag.py:4138} INFO - Setting next_dagrun for example_bash_decorator to None, run_after=None
[2024-08-20T03:41:50.117+0000] {processor.py:208} INFO - Processing /home/airflow/.local/lib/python3.12/site-packages/airflow/example_dags/example_bash_decorator.py took 0.099 seconds
