[2024-08-20T03:32:17.795+0000] {processor.py:186} INFO - Started process (PID=391) to work on /home/airflow/.local/lib/python3.12/site-packages/airflow/example_dags/example_task_group_decorator.py
[2024-08-20T03:32:17.796+0000] {processor.py:914} INFO - Processing file /home/airflow/.local/lib/python3.12/site-packages/airflow/example_dags/example_task_group_decorator.py for tasks to queue
[2024-08-20T03:32:17.799+0000] {logging_mixin.py:190} INFO - [2024-08-20T03:32:17.799+0000] {dagbag.py:587} INFO - Filling up the DagBag from /home/airflow/.local/lib/python3.12/site-packages/airflow/example_dags/example_task_group_decorator.py
[2024-08-20T03:32:17.822+0000] {processor.py:925} INFO - DAG(s) 'example_task_group_decorator' retrieved from /home/airflow/.local/lib/python3.12/site-packages/airflow/example_dags/example_task_group_decorator.py
[2024-08-20T03:32:17.977+0000] {logging_mixin.py:190} INFO - [2024-08-20T03:32:17.976+0000] {override.py:1858} INFO - Created Permission View: can read on DAG:example_task_group_decorator
[2024-08-20T03:32:17.995+0000] {logging_mixin.py:190} INFO - [2024-08-20T03:32:17.995+0000] {override.py:1858} INFO - Created Permission View: can delete on DAG:example_task_group_decorator
[2024-08-20T03:32:18.010+0000] {logging_mixin.py:190} INFO - [2024-08-20T03:32:18.009+0000] {override.py:1858} INFO - Created Permission View: can edit on DAG:example_task_group_decorator
[2024-08-20T03:32:18.010+0000] {logging_mixin.py:190} INFO - [2024-08-20T03:32:18.010+0000] {dag.py:3211} INFO - Sync 1 DAGs
[2024-08-20T03:32:18.026+0000] {logging_mixin.py:190} INFO - [2024-08-20T03:32:18.026+0000] {dag.py:3234} INFO - Creating ORM DAG for example_task_group_decorator
[2024-08-20T03:32:18.038+0000] {logging_mixin.py:190} INFO - [2024-08-20T03:32:18.038+0000] {dag.py:4138} INFO - Setting next_dagrun for example_task_group_decorator to 2024-08-19 00:00:00+00:00, run_after=2024-08-20 00:00:00+00:00
[2024-08-20T03:32:18.062+0000] {processor.py:208} INFO - Processing /home/airflow/.local/lib/python3.12/site-packages/airflow/example_dags/example_task_group_decorator.py took 0.274 seconds
[2024-08-20T03:32:48.635+0000] {processor.py:186} INFO - Started process (PID=677) to work on /home/airflow/.local/lib/python3.12/site-packages/airflow/example_dags/example_task_group_decorator.py
[2024-08-20T03:32:48.636+0000] {processor.py:914} INFO - Processing file /home/airflow/.local/lib/python3.12/site-packages/airflow/example_dags/example_task_group_decorator.py for tasks to queue
[2024-08-20T03:32:48.640+0000] {logging_mixin.py:190} INFO - [2024-08-20T03:32:48.639+0000] {dagbag.py:587} INFO - Filling up the DagBag from /home/airflow/.local/lib/python3.12/site-packages/airflow/example_dags/example_task_group_decorator.py
[2024-08-20T03:32:48.664+0000] {processor.py:925} INFO - DAG(s) 'example_task_group_decorator' retrieved from /home/airflow/.local/lib/python3.12/site-packages/airflow/example_dags/example_task_group_decorator.py
[2024-08-20T03:32:48.703+0000] {logging_mixin.py:190} INFO - [2024-08-20T03:32:48.703+0000] {dag.py:3211} INFO - Sync 1 DAGs
[2024-08-20T03:32:48.731+0000] {logging_mixin.py:190} INFO - [2024-08-20T03:32:48.731+0000] {dag.py:4138} INFO - Setting next_dagrun for example_task_group_decorator to 2024-08-19 00:00:00+00:00, run_after=2024-08-20 00:00:00+00:00
[2024-08-20T03:32:48.760+0000] {processor.py:208} INFO - Processing /home/airflow/.local/lib/python3.12/site-packages/airflow/example_dags/example_task_group_decorator.py took 0.133 seconds
[2024-08-20T03:33:19.494+0000] {processor.py:186} INFO - Started process (PID=963) to work on /home/airflow/.local/lib/python3.12/site-packages/airflow/example_dags/example_task_group_decorator.py
[2024-08-20T03:33:19.496+0000] {processor.py:914} INFO - Processing file /home/airflow/.local/lib/python3.12/site-packages/airflow/example_dags/example_task_group_decorator.py for tasks to queue
[2024-08-20T03:33:19.499+0000] {logging_mixin.py:190} INFO - [2024-08-20T03:33:19.498+0000] {dagbag.py:587} INFO - Filling up the DagBag from /home/airflow/.local/lib/python3.12/site-packages/airflow/example_dags/example_task_group_decorator.py
[2024-08-20T03:33:19.521+0000] {processor.py:925} INFO - DAG(s) 'example_task_group_decorator' retrieved from /home/airflow/.local/lib/python3.12/site-packages/airflow/example_dags/example_task_group_decorator.py
[2024-08-20T03:33:19.554+0000] {logging_mixin.py:190} INFO - [2024-08-20T03:33:19.554+0000] {dag.py:3211} INFO - Sync 1 DAGs
[2024-08-20T03:33:19.588+0000] {logging_mixin.py:190} INFO - [2024-08-20T03:33:19.587+0000] {dag.py:4138} INFO - Setting next_dagrun for example_task_group_decorator to 2024-08-19 00:00:00+00:00, run_after=2024-08-20 00:00:00+00:00
[2024-08-20T03:33:19.615+0000] {processor.py:208} INFO - Processing /home/airflow/.local/lib/python3.12/site-packages/airflow/example_dags/example_task_group_decorator.py took 0.128 seconds
[2024-08-20T03:33:49.880+0000] {processor.py:186} INFO - Started process (PID=1249) to work on /home/airflow/.local/lib/python3.12/site-packages/airflow/example_dags/example_task_group_decorator.py
[2024-08-20T03:33:49.881+0000] {processor.py:914} INFO - Processing file /home/airflow/.local/lib/python3.12/site-packages/airflow/example_dags/example_task_group_decorator.py for tasks to queue
[2024-08-20T03:33:49.883+0000] {logging_mixin.py:190} INFO - [2024-08-20T03:33:49.883+0000] {dagbag.py:587} INFO - Filling up the DagBag from /home/airflow/.local/lib/python3.12/site-packages/airflow/example_dags/example_task_group_decorator.py
[2024-08-20T03:33:49.902+0000] {processor.py:925} INFO - DAG(s) 'example_task_group_decorator' retrieved from /home/airflow/.local/lib/python3.12/site-packages/airflow/example_dags/example_task_group_decorator.py
[2024-08-20T03:33:49.933+0000] {logging_mixin.py:190} INFO - [2024-08-20T03:33:49.933+0000] {dag.py:3211} INFO - Sync 1 DAGs
[2024-08-20T03:33:49.969+0000] {logging_mixin.py:190} INFO - [2024-08-20T03:33:49.969+0000] {dag.py:4138} INFO - Setting next_dagrun for example_task_group_decorator to 2024-08-19 00:00:00+00:00, run_after=2024-08-20 00:00:00+00:00
[2024-08-20T03:33:49.994+0000] {processor.py:208} INFO - Processing /home/airflow/.local/lib/python3.12/site-packages/airflow/example_dags/example_task_group_decorator.py took 0.121 seconds
[2024-08-20T03:34:20.478+0000] {processor.py:186} INFO - Started process (PID=1535) to work on /home/airflow/.local/lib/python3.12/site-packages/airflow/example_dags/example_task_group_decorator.py
[2024-08-20T03:34:20.480+0000] {processor.py:914} INFO - Processing file /home/airflow/.local/lib/python3.12/site-packages/airflow/example_dags/example_task_group_decorator.py for tasks to queue
[2024-08-20T03:34:20.483+0000] {logging_mixin.py:190} INFO - [2024-08-20T03:34:20.482+0000] {dagbag.py:587} INFO - Filling up the DagBag from /home/airflow/.local/lib/python3.12/site-packages/airflow/example_dags/example_task_group_decorator.py
[2024-08-20T03:34:20.501+0000] {processor.py:925} INFO - DAG(s) 'example_task_group_decorator' retrieved from /home/airflow/.local/lib/python3.12/site-packages/airflow/example_dags/example_task_group_decorator.py
[2024-08-20T03:34:20.534+0000] {logging_mixin.py:190} INFO - [2024-08-20T03:34:20.534+0000] {dag.py:3211} INFO - Sync 1 DAGs
[2024-08-20T03:34:20.563+0000] {logging_mixin.py:190} INFO - [2024-08-20T03:34:20.563+0000] {dag.py:4138} INFO - Setting next_dagrun for example_task_group_decorator to 2024-08-19 00:00:00+00:00, run_after=2024-08-20 00:00:00+00:00
[2024-08-20T03:34:20.591+0000] {processor.py:208} INFO - Processing /home/airflow/.local/lib/python3.12/site-packages/airflow/example_dags/example_task_group_decorator.py took 0.119 seconds
[2024-08-20T03:34:51.113+0000] {processor.py:186} INFO - Started process (PID=1821) to work on /home/airflow/.local/lib/python3.12/site-packages/airflow/example_dags/example_task_group_decorator.py
[2024-08-20T03:34:51.115+0000] {processor.py:914} INFO - Processing file /home/airflow/.local/lib/python3.12/site-packages/airflow/example_dags/example_task_group_decorator.py for tasks to queue
[2024-08-20T03:34:51.118+0000] {logging_mixin.py:190} INFO - [2024-08-20T03:34:51.118+0000] {dagbag.py:587} INFO - Filling up the DagBag from /home/airflow/.local/lib/python3.12/site-packages/airflow/example_dags/example_task_group_decorator.py
[2024-08-20T03:34:51.138+0000] {processor.py:925} INFO - DAG(s) 'example_task_group_decorator' retrieved from /home/airflow/.local/lib/python3.12/site-packages/airflow/example_dags/example_task_group_decorator.py
[2024-08-20T03:34:51.169+0000] {logging_mixin.py:190} INFO - [2024-08-20T03:34:51.169+0000] {dag.py:3211} INFO - Sync 1 DAGs
[2024-08-20T03:34:51.197+0000] {logging_mixin.py:190} INFO - [2024-08-20T03:34:51.197+0000] {dag.py:4138} INFO - Setting next_dagrun for example_task_group_decorator to 2024-08-19 00:00:00+00:00, run_after=2024-08-20 00:00:00+00:00
[2024-08-20T03:34:51.233+0000] {processor.py:208} INFO - Processing /home/airflow/.local/lib/python3.12/site-packages/airflow/example_dags/example_task_group_decorator.py took 0.128 seconds
[2024-08-20T03:35:21.586+0000] {processor.py:186} INFO - Started process (PID=2107) to work on /home/airflow/.local/lib/python3.12/site-packages/airflow/example_dags/example_task_group_decorator.py
[2024-08-20T03:35:21.587+0000] {processor.py:914} INFO - Processing file /home/airflow/.local/lib/python3.12/site-packages/airflow/example_dags/example_task_group_decorator.py for tasks to queue
[2024-08-20T03:35:21.591+0000] {logging_mixin.py:190} INFO - [2024-08-20T03:35:21.590+0000] {dagbag.py:587} INFO - Filling up the DagBag from /home/airflow/.local/lib/python3.12/site-packages/airflow/example_dags/example_task_group_decorator.py
[2024-08-20T03:35:21.611+0000] {processor.py:925} INFO - DAG(s) 'example_task_group_decorator' retrieved from /home/airflow/.local/lib/python3.12/site-packages/airflow/example_dags/example_task_group_decorator.py
[2024-08-20T03:35:21.640+0000] {logging_mixin.py:190} INFO - [2024-08-20T03:35:21.640+0000] {dag.py:3211} INFO - Sync 1 DAGs
[2024-08-20T03:35:21.668+0000] {logging_mixin.py:190} INFO - [2024-08-20T03:35:21.668+0000] {dag.py:4138} INFO - Setting next_dagrun for example_task_group_decorator to 2024-08-19 00:00:00+00:00, run_after=2024-08-20 00:00:00+00:00
[2024-08-20T03:35:21.692+0000] {processor.py:208} INFO - Processing /home/airflow/.local/lib/python3.12/site-packages/airflow/example_dags/example_task_group_decorator.py took 0.113 seconds
[2024-08-20T03:35:52.184+0000] {processor.py:186} INFO - Started process (PID=2393) to work on /home/airflow/.local/lib/python3.12/site-packages/airflow/example_dags/example_task_group_decorator.py
[2024-08-20T03:35:52.186+0000] {processor.py:914} INFO - Processing file /home/airflow/.local/lib/python3.12/site-packages/airflow/example_dags/example_task_group_decorator.py for tasks to queue
[2024-08-20T03:35:52.189+0000] {logging_mixin.py:190} INFO - [2024-08-20T03:35:52.188+0000] {dagbag.py:587} INFO - Filling up the DagBag from /home/airflow/.local/lib/python3.12/site-packages/airflow/example_dags/example_task_group_decorator.py
[2024-08-20T03:35:52.211+0000] {processor.py:925} INFO - DAG(s) 'example_task_group_decorator' retrieved from /home/airflow/.local/lib/python3.12/site-packages/airflow/example_dags/example_task_group_decorator.py
[2024-08-20T03:35:52.242+0000] {logging_mixin.py:190} INFO - [2024-08-20T03:35:52.242+0000] {dag.py:3211} INFO - Sync 1 DAGs
[2024-08-20T03:35:52.270+0000] {logging_mixin.py:190} INFO - [2024-08-20T03:35:52.270+0000] {dag.py:4138} INFO - Setting next_dagrun for example_task_group_decorator to 2024-08-19 00:00:00+00:00, run_after=2024-08-20 00:00:00+00:00
[2024-08-20T03:35:52.296+0000] {processor.py:208} INFO - Processing /home/airflow/.local/lib/python3.12/site-packages/airflow/example_dags/example_task_group_decorator.py took 0.121 seconds
[2024-08-20T03:36:22.734+0000] {processor.py:186} INFO - Started process (PID=2679) to work on /home/airflow/.local/lib/python3.12/site-packages/airflow/example_dags/example_task_group_decorator.py
[2024-08-20T03:36:22.735+0000] {processor.py:914} INFO - Processing file /home/airflow/.local/lib/python3.12/site-packages/airflow/example_dags/example_task_group_decorator.py for tasks to queue
[2024-08-20T03:36:22.738+0000] {logging_mixin.py:190} INFO - [2024-08-20T03:36:22.738+0000] {dagbag.py:587} INFO - Filling up the DagBag from /home/airflow/.local/lib/python3.12/site-packages/airflow/example_dags/example_task_group_decorator.py
[2024-08-20T03:36:22.758+0000] {processor.py:925} INFO - DAG(s) 'example_task_group_decorator' retrieved from /home/airflow/.local/lib/python3.12/site-packages/airflow/example_dags/example_task_group_decorator.py
[2024-08-20T03:36:22.784+0000] {logging_mixin.py:190} INFO - [2024-08-20T03:36:22.784+0000] {dag.py:3211} INFO - Sync 1 DAGs
[2024-08-20T03:36:22.817+0000] {logging_mixin.py:190} INFO - [2024-08-20T03:36:22.817+0000] {dag.py:4138} INFO - Setting next_dagrun for example_task_group_decorator to 2024-08-19 00:00:00+00:00, run_after=2024-08-20 00:00:00+00:00
[2024-08-20T03:36:22.844+0000] {processor.py:208} INFO - Processing /home/airflow/.local/lib/python3.12/site-packages/airflow/example_dags/example_task_group_decorator.py took 0.116 seconds
[2024-08-20T03:36:52.973+0000] {processor.py:186} INFO - Started process (PID=2965) to work on /home/airflow/.local/lib/python3.12/site-packages/airflow/example_dags/example_task_group_decorator.py
[2024-08-20T03:36:52.974+0000] {processor.py:914} INFO - Processing file /home/airflow/.local/lib/python3.12/site-packages/airflow/example_dags/example_task_group_decorator.py for tasks to queue
[2024-08-20T03:36:52.977+0000] {logging_mixin.py:190} INFO - [2024-08-20T03:36:52.977+0000] {dagbag.py:587} INFO - Filling up the DagBag from /home/airflow/.local/lib/python3.12/site-packages/airflow/example_dags/example_task_group_decorator.py
[2024-08-20T03:36:52.996+0000] {processor.py:925} INFO - DAG(s) 'example_task_group_decorator' retrieved from /home/airflow/.local/lib/python3.12/site-packages/airflow/example_dags/example_task_group_decorator.py
[2024-08-20T03:36:53.024+0000] {logging_mixin.py:190} INFO - [2024-08-20T03:36:53.024+0000] {dag.py:3211} INFO - Sync 1 DAGs
[2024-08-20T03:36:53.053+0000] {logging_mixin.py:190} INFO - [2024-08-20T03:36:53.053+0000] {dag.py:4138} INFO - Setting next_dagrun for example_task_group_decorator to 2024-08-19 00:00:00+00:00, run_after=2024-08-20 00:00:00+00:00
[2024-08-20T03:36:53.080+0000] {processor.py:208} INFO - Processing /home/airflow/.local/lib/python3.12/site-packages/airflow/example_dags/example_task_group_decorator.py took 0.113 seconds
[2024-08-20T03:37:23.445+0000] {processor.py:186} INFO - Started process (PID=3251) to work on /home/airflow/.local/lib/python3.12/site-packages/airflow/example_dags/example_task_group_decorator.py
[2024-08-20T03:37:23.446+0000] {processor.py:914} INFO - Processing file /home/airflow/.local/lib/python3.12/site-packages/airflow/example_dags/example_task_group_decorator.py for tasks to queue
[2024-08-20T03:37:23.449+0000] {logging_mixin.py:190} INFO - [2024-08-20T03:37:23.448+0000] {dagbag.py:587} INFO - Filling up the DagBag from /home/airflow/.local/lib/python3.12/site-packages/airflow/example_dags/example_task_group_decorator.py
[2024-08-20T03:37:23.469+0000] {processor.py:925} INFO - DAG(s) 'example_task_group_decorator' retrieved from /home/airflow/.local/lib/python3.12/site-packages/airflow/example_dags/example_task_group_decorator.py
[2024-08-20T03:37:23.499+0000] {logging_mixin.py:190} INFO - [2024-08-20T03:37:23.499+0000] {dag.py:3211} INFO - Sync 1 DAGs
[2024-08-20T03:37:23.529+0000] {logging_mixin.py:190} INFO - [2024-08-20T03:37:23.529+0000] {dag.py:4138} INFO - Setting next_dagrun for example_task_group_decorator to 2024-08-19 00:00:00+00:00, run_after=2024-08-20 00:00:00+00:00
[2024-08-20T03:37:23.551+0000] {processor.py:208} INFO - Processing /home/airflow/.local/lib/python3.12/site-packages/airflow/example_dags/example_task_group_decorator.py took 0.113 seconds
[2024-08-20T03:37:53.988+0000] {processor.py:186} INFO - Started process (PID=3537) to work on /home/airflow/.local/lib/python3.12/site-packages/airflow/example_dags/example_task_group_decorator.py
[2024-08-20T03:37:53.989+0000] {processor.py:914} INFO - Processing file /home/airflow/.local/lib/python3.12/site-packages/airflow/example_dags/example_task_group_decorator.py for tasks to queue
[2024-08-20T03:37:53.992+0000] {logging_mixin.py:190} INFO - [2024-08-20T03:37:53.992+0000] {dagbag.py:587} INFO - Filling up the DagBag from /home/airflow/.local/lib/python3.12/site-packages/airflow/example_dags/example_task_group_decorator.py
[2024-08-20T03:37:54.011+0000] {processor.py:925} INFO - DAG(s) 'example_task_group_decorator' retrieved from /home/airflow/.local/lib/python3.12/site-packages/airflow/example_dags/example_task_group_decorator.py
[2024-08-20T03:37:54.039+0000] {logging_mixin.py:190} INFO - [2024-08-20T03:37:54.039+0000] {dag.py:3211} INFO - Sync 1 DAGs
[2024-08-20T03:37:54.070+0000] {logging_mixin.py:190} INFO - [2024-08-20T03:37:54.070+0000] {dag.py:4138} INFO - Setting next_dagrun for example_task_group_decorator to 2024-08-19 00:00:00+00:00, run_after=2024-08-20 00:00:00+00:00
[2024-08-20T03:37:54.106+0000] {processor.py:208} INFO - Processing /home/airflow/.local/lib/python3.12/site-packages/airflow/example_dags/example_task_group_decorator.py took 0.125 seconds
[2024-08-20T03:38:24.251+0000] {processor.py:186} INFO - Started process (PID=3823) to work on /home/airflow/.local/lib/python3.12/site-packages/airflow/example_dags/example_task_group_decorator.py
[2024-08-20T03:38:24.252+0000] {processor.py:914} INFO - Processing file /home/airflow/.local/lib/python3.12/site-packages/airflow/example_dags/example_task_group_decorator.py for tasks to queue
[2024-08-20T03:38:24.255+0000] {logging_mixin.py:190} INFO - [2024-08-20T03:38:24.255+0000] {dagbag.py:587} INFO - Filling up the DagBag from /home/airflow/.local/lib/python3.12/site-packages/airflow/example_dags/example_task_group_decorator.py
[2024-08-20T03:38:24.274+0000] {processor.py:925} INFO - DAG(s) 'example_task_group_decorator' retrieved from /home/airflow/.local/lib/python3.12/site-packages/airflow/example_dags/example_task_group_decorator.py
[2024-08-20T03:38:24.302+0000] {logging_mixin.py:190} INFO - [2024-08-20T03:38:24.301+0000] {dag.py:3211} INFO - Sync 1 DAGs
[2024-08-20T03:38:24.327+0000] {logging_mixin.py:190} INFO - [2024-08-20T03:38:24.327+0000] {dag.py:4138} INFO - Setting next_dagrun for example_task_group_decorator to 2024-08-19 00:00:00+00:00, run_after=2024-08-20 00:00:00+00:00
[2024-08-20T03:38:24.353+0000] {processor.py:208} INFO - Processing /home/airflow/.local/lib/python3.12/site-packages/airflow/example_dags/example_task_group_decorator.py took 0.108 seconds
[2024-08-20T03:38:54.709+0000] {processor.py:186} INFO - Started process (PID=4109) to work on /home/airflow/.local/lib/python3.12/site-packages/airflow/example_dags/example_task_group_decorator.py
[2024-08-20T03:38:54.710+0000] {processor.py:914} INFO - Processing file /home/airflow/.local/lib/python3.12/site-packages/airflow/example_dags/example_task_group_decorator.py for tasks to queue
[2024-08-20T03:38:54.714+0000] {logging_mixin.py:190} INFO - [2024-08-20T03:38:54.713+0000] {dagbag.py:587} INFO - Filling up the DagBag from /home/airflow/.local/lib/python3.12/site-packages/airflow/example_dags/example_task_group_decorator.py
[2024-08-20T03:38:54.737+0000] {processor.py:925} INFO - DAG(s) 'example_task_group_decorator' retrieved from /home/airflow/.local/lib/python3.12/site-packages/airflow/example_dags/example_task_group_decorator.py
[2024-08-20T03:38:54.767+0000] {logging_mixin.py:190} INFO - [2024-08-20T03:38:54.766+0000] {dag.py:3211} INFO - Sync 1 DAGs
[2024-08-20T03:38:54.795+0000] {logging_mixin.py:190} INFO - [2024-08-20T03:38:54.794+0000] {dag.py:4138} INFO - Setting next_dagrun for example_task_group_decorator to 2024-08-19 00:00:00+00:00, run_after=2024-08-20 00:00:00+00:00
[2024-08-20T03:38:54.819+0000] {processor.py:208} INFO - Processing /home/airflow/.local/lib/python3.12/site-packages/airflow/example_dags/example_task_group_decorator.py took 0.119 seconds
[2024-08-20T03:39:25.074+0000] {processor.py:186} INFO - Started process (PID=4395) to work on /home/airflow/.local/lib/python3.12/site-packages/airflow/example_dags/example_task_group_decorator.py
[2024-08-20T03:39:25.075+0000] {processor.py:914} INFO - Processing file /home/airflow/.local/lib/python3.12/site-packages/airflow/example_dags/example_task_group_decorator.py for tasks to queue
[2024-08-20T03:39:25.078+0000] {logging_mixin.py:190} INFO - [2024-08-20T03:39:25.077+0000] {dagbag.py:587} INFO - Filling up the DagBag from /home/airflow/.local/lib/python3.12/site-packages/airflow/example_dags/example_task_group_decorator.py
[2024-08-20T03:39:25.100+0000] {processor.py:925} INFO - DAG(s) 'example_task_group_decorator' retrieved from /home/airflow/.local/lib/python3.12/site-packages/airflow/example_dags/example_task_group_decorator.py
[2024-08-20T03:39:25.131+0000] {logging_mixin.py:190} INFO - [2024-08-20T03:39:25.130+0000] {dag.py:3211} INFO - Sync 1 DAGs
[2024-08-20T03:39:25.157+0000] {logging_mixin.py:190} INFO - [2024-08-20T03:39:25.157+0000] {dag.py:4138} INFO - Setting next_dagrun for example_task_group_decorator to 2024-08-19 00:00:00+00:00, run_after=2024-08-20 00:00:00+00:00
[2024-08-20T03:39:25.180+0000] {processor.py:208} INFO - Processing /home/airflow/.local/lib/python3.12/site-packages/airflow/example_dags/example_task_group_decorator.py took 0.114 seconds
[2024-08-20T03:39:55.363+0000] {processor.py:186} INFO - Started process (PID=4681) to work on /home/airflow/.local/lib/python3.12/site-packages/airflow/example_dags/example_task_group_decorator.py
[2024-08-20T03:39:55.364+0000] {processor.py:914} INFO - Processing file /home/airflow/.local/lib/python3.12/site-packages/airflow/example_dags/example_task_group_decorator.py for tasks to queue
[2024-08-20T03:39:55.367+0000] {logging_mixin.py:190} INFO - [2024-08-20T03:39:55.367+0000] {dagbag.py:587} INFO - Filling up the DagBag from /home/airflow/.local/lib/python3.12/site-packages/airflow/example_dags/example_task_group_decorator.py
[2024-08-20T03:39:55.386+0000] {processor.py:925} INFO - DAG(s) 'example_task_group_decorator' retrieved from /home/airflow/.local/lib/python3.12/site-packages/airflow/example_dags/example_task_group_decorator.py
[2024-08-20T03:39:55.414+0000] {logging_mixin.py:190} INFO - [2024-08-20T03:39:55.413+0000] {dag.py:3211} INFO - Sync 1 DAGs
[2024-08-20T03:39:55.440+0000] {logging_mixin.py:190} INFO - [2024-08-20T03:39:55.439+0000] {dag.py:4138} INFO - Setting next_dagrun for example_task_group_decorator to 2024-08-19 00:00:00+00:00, run_after=2024-08-20 00:00:00+00:00
[2024-08-20T03:39:55.476+0000] {processor.py:208} INFO - Processing /home/airflow/.local/lib/python3.12/site-packages/airflow/example_dags/example_task_group_decorator.py took 0.120 seconds
[2024-08-20T03:40:25.704+0000] {processor.py:186} INFO - Started process (PID=4967) to work on /home/airflow/.local/lib/python3.12/site-packages/airflow/example_dags/example_task_group_decorator.py
[2024-08-20T03:40:25.705+0000] {processor.py:914} INFO - Processing file /home/airflow/.local/lib/python3.12/site-packages/airflow/example_dags/example_task_group_decorator.py for tasks to queue
[2024-08-20T03:40:25.708+0000] {logging_mixin.py:190} INFO - [2024-08-20T03:40:25.708+0000] {dagbag.py:587} INFO - Filling up the DagBag from /home/airflow/.local/lib/python3.12/site-packages/airflow/example_dags/example_task_group_decorator.py
[2024-08-20T03:40:25.731+0000] {processor.py:925} INFO - DAG(s) 'example_task_group_decorator' retrieved from /home/airflow/.local/lib/python3.12/site-packages/airflow/example_dags/example_task_group_decorator.py
[2024-08-20T03:40:25.757+0000] {logging_mixin.py:190} INFO - [2024-08-20T03:40:25.756+0000] {dag.py:3211} INFO - Sync 1 DAGs
[2024-08-20T03:40:25.786+0000] {logging_mixin.py:190} INFO - [2024-08-20T03:40:25.786+0000] {dag.py:4138} INFO - Setting next_dagrun for example_task_group_decorator to 2024-08-19 00:00:00+00:00, run_after=2024-08-20 00:00:00+00:00
[2024-08-20T03:40:25.811+0000] {processor.py:208} INFO - Processing /home/airflow/.local/lib/python3.12/site-packages/airflow/example_dags/example_task_group_decorator.py took 0.114 seconds
[2024-08-20T03:40:55.965+0000] {processor.py:186} INFO - Started process (PID=5253) to work on /home/airflow/.local/lib/python3.12/site-packages/airflow/example_dags/example_task_group_decorator.py
[2024-08-20T03:40:55.966+0000] {processor.py:914} INFO - Processing file /home/airflow/.local/lib/python3.12/site-packages/airflow/example_dags/example_task_group_decorator.py for tasks to queue
[2024-08-20T03:40:55.969+0000] {logging_mixin.py:190} INFO - [2024-08-20T03:40:55.968+0000] {dagbag.py:587} INFO - Filling up the DagBag from /home/airflow/.local/lib/python3.12/site-packages/airflow/example_dags/example_task_group_decorator.py
[2024-08-20T03:40:55.986+0000] {processor.py:925} INFO - DAG(s) 'example_task_group_decorator' retrieved from /home/airflow/.local/lib/python3.12/site-packages/airflow/example_dags/example_task_group_decorator.py
[2024-08-20T03:40:56.015+0000] {logging_mixin.py:190} INFO - [2024-08-20T03:40:56.014+0000] {dag.py:3211} INFO - Sync 1 DAGs
[2024-08-20T03:40:56.044+0000] {logging_mixin.py:190} INFO - [2024-08-20T03:40:56.044+0000] {dag.py:4138} INFO - Setting next_dagrun for example_task_group_decorator to 2024-08-19 00:00:00+00:00, run_after=2024-08-20 00:00:00+00:00
[2024-08-20T03:40:56.069+0000] {processor.py:208} INFO - Processing /home/airflow/.local/lib/python3.12/site-packages/airflow/example_dags/example_task_group_decorator.py took 0.111 seconds
[2024-08-20T03:41:26.488+0000] {processor.py:186} INFO - Started process (PID=5539) to work on /home/airflow/.local/lib/python3.12/site-packages/airflow/example_dags/example_task_group_decorator.py
[2024-08-20T03:41:26.489+0000] {processor.py:914} INFO - Processing file /home/airflow/.local/lib/python3.12/site-packages/airflow/example_dags/example_task_group_decorator.py for tasks to queue
[2024-08-20T03:41:26.492+0000] {logging_mixin.py:190} INFO - [2024-08-20T03:41:26.492+0000] {dagbag.py:587} INFO - Filling up the DagBag from /home/airflow/.local/lib/python3.12/site-packages/airflow/example_dags/example_task_group_decorator.py
[2024-08-20T03:41:26.513+0000] {processor.py:925} INFO - DAG(s) 'example_task_group_decorator' retrieved from /home/airflow/.local/lib/python3.12/site-packages/airflow/example_dags/example_task_group_decorator.py
[2024-08-20T03:41:26.541+0000] {logging_mixin.py:190} INFO - [2024-08-20T03:41:26.541+0000] {dag.py:3211} INFO - Sync 1 DAGs
[2024-08-20T03:41:26.570+0000] {logging_mixin.py:190} INFO - [2024-08-20T03:41:26.570+0000] {dag.py:4138} INFO - Setting next_dagrun for example_task_group_decorator to 2024-08-19 00:00:00+00:00, run_after=2024-08-20 00:00:00+00:00
[2024-08-20T03:41:26.593+0000] {processor.py:208} INFO - Processing /home/airflow/.local/lib/python3.12/site-packages/airflow/example_dags/example_task_group_decorator.py took 0.112 seconds
[2024-08-20T03:41:56.970+0000] {processor.py:186} INFO - Started process (PID=5825) to work on /home/airflow/.local/lib/python3.12/site-packages/airflow/example_dags/example_task_group_decorator.py
[2024-08-20T03:41:56.971+0000] {processor.py:914} INFO - Processing file /home/airflow/.local/lib/python3.12/site-packages/airflow/example_dags/example_task_group_decorator.py for tasks to queue
[2024-08-20T03:41:56.974+0000] {logging_mixin.py:190} INFO - [2024-08-20T03:41:56.973+0000] {dagbag.py:587} INFO - Filling up the DagBag from /home/airflow/.local/lib/python3.12/site-packages/airflow/example_dags/example_task_group_decorator.py
[2024-08-20T03:41:56.993+0000] {processor.py:925} INFO - DAG(s) 'example_task_group_decorator' retrieved from /home/airflow/.local/lib/python3.12/site-packages/airflow/example_dags/example_task_group_decorator.py
[2024-08-20T03:41:57.021+0000] {logging_mixin.py:190} INFO - [2024-08-20T03:41:57.020+0000] {dag.py:3211} INFO - Sync 1 DAGs
[2024-08-20T03:41:57.047+0000] {logging_mixin.py:190} INFO - [2024-08-20T03:41:57.047+0000] {dag.py:4138} INFO - Setting next_dagrun for example_task_group_decorator to 2024-08-19 00:00:00+00:00, run_after=2024-08-20 00:00:00+00:00
[2024-08-20T03:41:57.075+0000] {processor.py:208} INFO - Processing /home/airflow/.local/lib/python3.12/site-packages/airflow/example_dags/example_task_group_decorator.py took 0.112 seconds
