[2024-08-20T03:32:14.153+0000] {processor.py:186} INFO - Started process (PID=281) to work on /home/airflow/.local/lib/python3.12/site-packages/airflow/example_dags/example_xcomargs.py
[2024-08-20T03:32:14.154+0000] {processor.py:914} INFO - Processing file /home/airflow/.local/lib/python3.12/site-packages/airflow/example_dags/example_xcomargs.py for tasks to queue
[2024-08-20T03:32:14.158+0000] {logging_mixin.py:190} INFO - [2024-08-20T03:32:14.157+0000] {dagbag.py:587} INFO - Filling up the DagBag from /home/airflow/.local/lib/python3.12/site-packages/airflow/example_dags/example_xcomargs.py
[2024-08-20T03:32:14.171+0000] {processor.py:925} INFO - DAG(s) 'example_xcom_args_with_operators', 'example_xcom_args' retrieved from /home/airflow/.local/lib/python3.12/site-packages/airflow/example_dags/example_xcomargs.py
[2024-08-20T03:32:14.298+0000] {logging_mixin.py:190} INFO - [2024-08-20T03:32:14.297+0000] {override.py:1858} INFO - Created Permission View: can read on DAG:example_xcom_args_with_operators
[2024-08-20T03:32:14.313+0000] {logging_mixin.py:190} INFO - [2024-08-20T03:32:14.313+0000] {override.py:1858} INFO - Created Permission View: can delete on DAG:example_xcom_args_with_operators
[2024-08-20T03:32:14.324+0000] {logging_mixin.py:190} INFO - [2024-08-20T03:32:14.324+0000] {override.py:1858} INFO - Created Permission View: can edit on DAG:example_xcom_args_with_operators
[2024-08-20T03:32:14.346+0000] {logging_mixin.py:190} INFO - [2024-08-20T03:32:14.346+0000] {override.py:1858} INFO - Created Permission View: can read on DAG:example_xcom_args
[2024-08-20T03:32:14.357+0000] {logging_mixin.py:190} INFO - [2024-08-20T03:32:14.357+0000] {override.py:1858} INFO - Created Permission View: can delete on DAG:example_xcom_args
[2024-08-20T03:32:14.376+0000] {logging_mixin.py:190} INFO - [2024-08-20T03:32:14.375+0000] {override.py:1858} INFO - Created Permission View: can edit on DAG:example_xcom_args
[2024-08-20T03:32:14.377+0000] {logging_mixin.py:190} INFO - [2024-08-20T03:32:14.377+0000] {dag.py:3211} INFO - Sync 2 DAGs
[2024-08-20T03:32:14.393+0000] {logging_mixin.py:190} INFO - [2024-08-20T03:32:14.393+0000] {dag.py:3234} INFO - Creating ORM DAG for example_xcom_args_with_operators
[2024-08-20T03:32:14.395+0000] {logging_mixin.py:190} INFO - [2024-08-20T03:32:14.394+0000] {dag.py:3234} INFO - Creating ORM DAG for example_xcom_args
[2024-08-20T03:32:14.396+0000] {logging_mixin.py:190} INFO - [2024-08-20T03:32:14.396+0000] {dag.py:4138} INFO - Setting next_dagrun for example_xcom_args to None, run_after=None
[2024-08-20T03:32:14.398+0000] {logging_mixin.py:190} INFO - [2024-08-20T03:32:14.397+0000] {dag.py:4138} INFO - Setting next_dagrun for example_xcom_args_with_operators to None, run_after=None
[2024-08-20T03:32:14.421+0000] {processor.py:208} INFO - Processing /home/airflow/.local/lib/python3.12/site-packages/airflow/example_dags/example_xcomargs.py took 0.276 seconds
[2024-08-20T03:32:45.302+0000] {processor.py:186} INFO - Started process (PID=567) to work on /home/airflow/.local/lib/python3.12/site-packages/airflow/example_dags/example_xcomargs.py
[2024-08-20T03:32:45.304+0000] {processor.py:914} INFO - Processing file /home/airflow/.local/lib/python3.12/site-packages/airflow/example_dags/example_xcomargs.py for tasks to queue
[2024-08-20T03:32:45.310+0000] {logging_mixin.py:190} INFO - [2024-08-20T03:32:45.309+0000] {dagbag.py:587} INFO - Filling up the DagBag from /home/airflow/.local/lib/python3.12/site-packages/airflow/example_dags/example_xcomargs.py
[2024-08-20T03:32:45.328+0000] {processor.py:925} INFO - DAG(s) 'example_xcom_args', 'example_xcom_args_with_operators' retrieved from /home/airflow/.local/lib/python3.12/site-packages/airflow/example_dags/example_xcomargs.py
[2024-08-20T03:32:45.362+0000] {logging_mixin.py:190} INFO - [2024-08-20T03:32:45.362+0000] {dag.py:3211} INFO - Sync 2 DAGs
[2024-08-20T03:32:45.393+0000] {logging_mixin.py:190} INFO - [2024-08-20T03:32:45.393+0000] {dag.py:4138} INFO - Setting next_dagrun for example_xcom_args to None, run_after=None
[2024-08-20T03:32:45.399+0000] {logging_mixin.py:190} INFO - [2024-08-20T03:32:45.399+0000] {dag.py:4138} INFO - Setting next_dagrun for example_xcom_args_with_operators to None, run_after=None
[2024-08-20T03:32:45.432+0000] {processor.py:208} INFO - Processing /home/airflow/.local/lib/python3.12/site-packages/airflow/example_dags/example_xcomargs.py took 0.145 seconds
[2024-08-20T03:33:15.789+0000] {processor.py:186} INFO - Started process (PID=853) to work on /home/airflow/.local/lib/python3.12/site-packages/airflow/example_dags/example_xcomargs.py
[2024-08-20T03:33:15.790+0000] {processor.py:914} INFO - Processing file /home/airflow/.local/lib/python3.12/site-packages/airflow/example_dags/example_xcomargs.py for tasks to queue
[2024-08-20T03:33:15.793+0000] {logging_mixin.py:190} INFO - [2024-08-20T03:33:15.793+0000] {dagbag.py:587} INFO - Filling up the DagBag from /home/airflow/.local/lib/python3.12/site-packages/airflow/example_dags/example_xcomargs.py
[2024-08-20T03:33:15.806+0000] {processor.py:925} INFO - DAG(s) 'example_xcom_args', 'example_xcom_args_with_operators' retrieved from /home/airflow/.local/lib/python3.12/site-packages/airflow/example_dags/example_xcomargs.py
[2024-08-20T03:33:15.834+0000] {logging_mixin.py:190} INFO - [2024-08-20T03:33:15.833+0000] {dag.py:3211} INFO - Sync 2 DAGs
[2024-08-20T03:33:15.851+0000] {logging_mixin.py:190} INFO - [2024-08-20T03:33:15.851+0000] {dag.py:4138} INFO - Setting next_dagrun for example_xcom_args to None, run_after=None
[2024-08-20T03:33:15.856+0000] {logging_mixin.py:190} INFO - [2024-08-20T03:33:15.856+0000] {dag.py:4138} INFO - Setting next_dagrun for example_xcom_args_with_operators to None, run_after=None
[2024-08-20T03:33:15.877+0000] {processor.py:208} INFO - Processing /home/airflow/.local/lib/python3.12/site-packages/airflow/example_dags/example_xcomargs.py took 0.095 seconds
[2024-08-20T03:33:46.187+0000] {processor.py:186} INFO - Started process (PID=1139) to work on /home/airflow/.local/lib/python3.12/site-packages/airflow/example_dags/example_xcomargs.py
[2024-08-20T03:33:46.188+0000] {processor.py:914} INFO - Processing file /home/airflow/.local/lib/python3.12/site-packages/airflow/example_dags/example_xcomargs.py for tasks to queue
[2024-08-20T03:33:46.191+0000] {logging_mixin.py:190} INFO - [2024-08-20T03:33:46.191+0000] {dagbag.py:587} INFO - Filling up the DagBag from /home/airflow/.local/lib/python3.12/site-packages/airflow/example_dags/example_xcomargs.py
[2024-08-20T03:33:46.204+0000] {processor.py:925} INFO - DAG(s) 'example_xcom_args', 'example_xcom_args_with_operators' retrieved from /home/airflow/.local/lib/python3.12/site-packages/airflow/example_dags/example_xcomargs.py
[2024-08-20T03:33:46.233+0000] {logging_mixin.py:190} INFO - [2024-08-20T03:33:46.233+0000] {dag.py:3211} INFO - Sync 2 DAGs
[2024-08-20T03:33:46.251+0000] {logging_mixin.py:190} INFO - [2024-08-20T03:33:46.251+0000] {dag.py:4138} INFO - Setting next_dagrun for example_xcom_args to None, run_after=None
[2024-08-20T03:33:46.255+0000] {logging_mixin.py:190} INFO - [2024-08-20T03:33:46.255+0000] {dag.py:4138} INFO - Setting next_dagrun for example_xcom_args_with_operators to None, run_after=None
[2024-08-20T03:33:46.276+0000] {processor.py:208} INFO - Processing /home/airflow/.local/lib/python3.12/site-packages/airflow/example_dags/example_xcomargs.py took 0.098 seconds
[2024-08-20T03:34:16.556+0000] {processor.py:186} INFO - Started process (PID=1425) to work on /home/airflow/.local/lib/python3.12/site-packages/airflow/example_dags/example_xcomargs.py
[2024-08-20T03:34:16.558+0000] {processor.py:914} INFO - Processing file /home/airflow/.local/lib/python3.12/site-packages/airflow/example_dags/example_xcomargs.py for tasks to queue
[2024-08-20T03:34:16.561+0000] {logging_mixin.py:190} INFO - [2024-08-20T03:34:16.561+0000] {dagbag.py:587} INFO - Filling up the DagBag from /home/airflow/.local/lib/python3.12/site-packages/airflow/example_dags/example_xcomargs.py
[2024-08-20T03:34:16.573+0000] {processor.py:925} INFO - DAG(s) 'example_xcom_args_with_operators', 'example_xcom_args' retrieved from /home/airflow/.local/lib/python3.12/site-packages/airflow/example_dags/example_xcomargs.py
[2024-08-20T03:34:16.600+0000] {logging_mixin.py:190} INFO - [2024-08-20T03:34:16.600+0000] {dag.py:3211} INFO - Sync 2 DAGs
[2024-08-20T03:34:16.616+0000] {logging_mixin.py:190} INFO - [2024-08-20T03:34:16.616+0000] {dag.py:4138} INFO - Setting next_dagrun for example_xcom_args to None, run_after=None
[2024-08-20T03:34:16.621+0000] {logging_mixin.py:190} INFO - [2024-08-20T03:34:16.620+0000] {dag.py:4138} INFO - Setting next_dagrun for example_xcom_args_with_operators to None, run_after=None
[2024-08-20T03:34:16.641+0000] {processor.py:208} INFO - Processing /home/airflow/.local/lib/python3.12/site-packages/airflow/example_dags/example_xcomargs.py took 0.092 seconds
[2024-08-20T03:34:47.357+0000] {processor.py:186} INFO - Started process (PID=1711) to work on /home/airflow/.local/lib/python3.12/site-packages/airflow/example_dags/example_xcomargs.py
[2024-08-20T03:34:47.358+0000] {processor.py:914} INFO - Processing file /home/airflow/.local/lib/python3.12/site-packages/airflow/example_dags/example_xcomargs.py for tasks to queue
[2024-08-20T03:34:47.362+0000] {logging_mixin.py:190} INFO - [2024-08-20T03:34:47.361+0000] {dagbag.py:587} INFO - Filling up the DagBag from /home/airflow/.local/lib/python3.12/site-packages/airflow/example_dags/example_xcomargs.py
[2024-08-20T03:34:47.377+0000] {processor.py:925} INFO - DAG(s) 'example_xcom_args_with_operators', 'example_xcom_args' retrieved from /home/airflow/.local/lib/python3.12/site-packages/airflow/example_dags/example_xcomargs.py
[2024-08-20T03:34:47.408+0000] {logging_mixin.py:190} INFO - [2024-08-20T03:34:47.408+0000] {dag.py:3211} INFO - Sync 2 DAGs
[2024-08-20T03:34:47.427+0000] {logging_mixin.py:190} INFO - [2024-08-20T03:34:47.427+0000] {dag.py:4138} INFO - Setting next_dagrun for example_xcom_args to None, run_after=None
[2024-08-20T03:34:47.432+0000] {logging_mixin.py:190} INFO - [2024-08-20T03:34:47.432+0000] {dag.py:4138} INFO - Setting next_dagrun for example_xcom_args_with_operators to None, run_after=None
[2024-08-20T03:34:47.453+0000] {processor.py:208} INFO - Processing /home/airflow/.local/lib/python3.12/site-packages/airflow/example_dags/example_xcomargs.py took 0.105 seconds
[2024-08-20T03:35:17.968+0000] {processor.py:186} INFO - Started process (PID=1997) to work on /home/airflow/.local/lib/python3.12/site-packages/airflow/example_dags/example_xcomargs.py
[2024-08-20T03:35:17.969+0000] {processor.py:914} INFO - Processing file /home/airflow/.local/lib/python3.12/site-packages/airflow/example_dags/example_xcomargs.py for tasks to queue
[2024-08-20T03:35:17.972+0000] {logging_mixin.py:190} INFO - [2024-08-20T03:35:17.972+0000] {dagbag.py:587} INFO - Filling up the DagBag from /home/airflow/.local/lib/python3.12/site-packages/airflow/example_dags/example_xcomargs.py
[2024-08-20T03:35:17.984+0000] {processor.py:925} INFO - DAG(s) 'example_xcom_args_with_operators', 'example_xcom_args' retrieved from /home/airflow/.local/lib/python3.12/site-packages/airflow/example_dags/example_xcomargs.py
[2024-08-20T03:35:18.011+0000] {logging_mixin.py:190} INFO - [2024-08-20T03:35:18.011+0000] {dag.py:3211} INFO - Sync 2 DAGs
[2024-08-20T03:35:18.027+0000] {logging_mixin.py:190} INFO - [2024-08-20T03:35:18.027+0000] {dag.py:4138} INFO - Setting next_dagrun for example_xcom_args to None, run_after=None
[2024-08-20T03:35:18.032+0000] {logging_mixin.py:190} INFO - [2024-08-20T03:35:18.032+0000] {dag.py:4138} INFO - Setting next_dagrun for example_xcom_args_with_operators to None, run_after=None
[2024-08-20T03:35:18.053+0000] {processor.py:208} INFO - Processing /home/airflow/.local/lib/python3.12/site-packages/airflow/example_dags/example_xcomargs.py took 0.093 seconds
[2024-08-20T03:35:48.434+0000] {processor.py:186} INFO - Started process (PID=2283) to work on /home/airflow/.local/lib/python3.12/site-packages/airflow/example_dags/example_xcomargs.py
[2024-08-20T03:35:48.436+0000] {processor.py:914} INFO - Processing file /home/airflow/.local/lib/python3.12/site-packages/airflow/example_dags/example_xcomargs.py for tasks to queue
[2024-08-20T03:35:48.440+0000] {logging_mixin.py:190} INFO - [2024-08-20T03:35:48.439+0000] {dagbag.py:587} INFO - Filling up the DagBag from /home/airflow/.local/lib/python3.12/site-packages/airflow/example_dags/example_xcomargs.py
[2024-08-20T03:35:48.454+0000] {processor.py:925} INFO - DAG(s) 'example_xcom_args', 'example_xcom_args_with_operators' retrieved from /home/airflow/.local/lib/python3.12/site-packages/airflow/example_dags/example_xcomargs.py
[2024-08-20T03:35:48.482+0000] {logging_mixin.py:190} INFO - [2024-08-20T03:35:48.482+0000] {dag.py:3211} INFO - Sync 2 DAGs
[2024-08-20T03:35:48.501+0000] {logging_mixin.py:190} INFO - [2024-08-20T03:35:48.501+0000] {dag.py:4138} INFO - Setting next_dagrun for example_xcom_args to None, run_after=None
[2024-08-20T03:35:48.506+0000] {logging_mixin.py:190} INFO - [2024-08-20T03:35:48.506+0000] {dag.py:4138} INFO - Setting next_dagrun for example_xcom_args_with_operators to None, run_after=None
[2024-08-20T03:35:48.528+0000] {processor.py:208} INFO - Processing /home/airflow/.local/lib/python3.12/site-packages/airflow/example_dags/example_xcomargs.py took 0.103 seconds
[2024-08-20T03:36:19.039+0000] {processor.py:186} INFO - Started process (PID=2569) to work on /home/airflow/.local/lib/python3.12/site-packages/airflow/example_dags/example_xcomargs.py
[2024-08-20T03:36:19.040+0000] {processor.py:914} INFO - Processing file /home/airflow/.local/lib/python3.12/site-packages/airflow/example_dags/example_xcomargs.py for tasks to queue
[2024-08-20T03:36:19.043+0000] {logging_mixin.py:190} INFO - [2024-08-20T03:36:19.042+0000] {dagbag.py:587} INFO - Filling up the DagBag from /home/airflow/.local/lib/python3.12/site-packages/airflow/example_dags/example_xcomargs.py
[2024-08-20T03:36:19.054+0000] {processor.py:925} INFO - DAG(s) 'example_xcom_args_with_operators', 'example_xcom_args' retrieved from /home/airflow/.local/lib/python3.12/site-packages/airflow/example_dags/example_xcomargs.py
[2024-08-20T03:36:19.081+0000] {logging_mixin.py:190} INFO - [2024-08-20T03:36:19.081+0000] {dag.py:3211} INFO - Sync 2 DAGs
[2024-08-20T03:36:19.105+0000] {logging_mixin.py:190} INFO - [2024-08-20T03:36:19.104+0000] {dag.py:4138} INFO - Setting next_dagrun for example_xcom_args to None, run_after=None
[2024-08-20T03:36:19.110+0000] {logging_mixin.py:190} INFO - [2024-08-20T03:36:19.110+0000] {dag.py:4138} INFO - Setting next_dagrun for example_xcom_args_with_operators to None, run_after=None
[2024-08-20T03:36:19.141+0000] {processor.py:208} INFO - Processing /home/airflow/.local/lib/python3.12/site-packages/airflow/example_dags/example_xcomargs.py took 0.112 seconds
[2024-08-20T03:36:49.364+0000] {processor.py:186} INFO - Started process (PID=2855) to work on /home/airflow/.local/lib/python3.12/site-packages/airflow/example_dags/example_xcomargs.py
[2024-08-20T03:36:49.365+0000] {processor.py:914} INFO - Processing file /home/airflow/.local/lib/python3.12/site-packages/airflow/example_dags/example_xcomargs.py for tasks to queue
[2024-08-20T03:36:49.367+0000] {logging_mixin.py:190} INFO - [2024-08-20T03:36:49.367+0000] {dagbag.py:587} INFO - Filling up the DagBag from /home/airflow/.local/lib/python3.12/site-packages/airflow/example_dags/example_xcomargs.py
[2024-08-20T03:36:49.378+0000] {processor.py:925} INFO - DAG(s) 'example_xcom_args', 'example_xcom_args_with_operators' retrieved from /home/airflow/.local/lib/python3.12/site-packages/airflow/example_dags/example_xcomargs.py
[2024-08-20T03:36:49.404+0000] {logging_mixin.py:190} INFO - [2024-08-20T03:36:49.403+0000] {dag.py:3211} INFO - Sync 2 DAGs
[2024-08-20T03:36:49.419+0000] {logging_mixin.py:190} INFO - [2024-08-20T03:36:49.419+0000] {dag.py:4138} INFO - Setting next_dagrun for example_xcom_args to None, run_after=None
[2024-08-20T03:36:49.424+0000] {logging_mixin.py:190} INFO - [2024-08-20T03:36:49.423+0000] {dag.py:4138} INFO - Setting next_dagrun for example_xcom_args_with_operators to None, run_after=None
[2024-08-20T03:36:49.444+0000] {processor.py:208} INFO - Processing /home/airflow/.local/lib/python3.12/site-packages/airflow/example_dags/example_xcomargs.py took 0.088 seconds
[2024-08-20T03:37:19.828+0000] {processor.py:186} INFO - Started process (PID=3141) to work on /home/airflow/.local/lib/python3.12/site-packages/airflow/example_dags/example_xcomargs.py
[2024-08-20T03:37:19.829+0000] {processor.py:914} INFO - Processing file /home/airflow/.local/lib/python3.12/site-packages/airflow/example_dags/example_xcomargs.py for tasks to queue
[2024-08-20T03:37:19.832+0000] {logging_mixin.py:190} INFO - [2024-08-20T03:37:19.831+0000] {dagbag.py:587} INFO - Filling up the DagBag from /home/airflow/.local/lib/python3.12/site-packages/airflow/example_dags/example_xcomargs.py
[2024-08-20T03:37:19.842+0000] {processor.py:925} INFO - DAG(s) 'example_xcom_args', 'example_xcom_args_with_operators' retrieved from /home/airflow/.local/lib/python3.12/site-packages/airflow/example_dags/example_xcomargs.py
[2024-08-20T03:37:19.866+0000] {logging_mixin.py:190} INFO - [2024-08-20T03:37:19.866+0000] {dag.py:3211} INFO - Sync 2 DAGs
[2024-08-20T03:37:19.882+0000] {logging_mixin.py:190} INFO - [2024-08-20T03:37:19.881+0000] {dag.py:4138} INFO - Setting next_dagrun for example_xcom_args to None, run_after=None
[2024-08-20T03:37:19.886+0000] {logging_mixin.py:190} INFO - [2024-08-20T03:37:19.886+0000] {dag.py:4138} INFO - Setting next_dagrun for example_xcom_args_with_operators to None, run_after=None
[2024-08-20T03:37:19.952+0000] {processor.py:208} INFO - Processing /home/airflow/.local/lib/python3.12/site-packages/airflow/example_dags/example_xcomargs.py took 0.133 seconds
[2024-08-20T03:37:50.145+0000] {processor.py:186} INFO - Started process (PID=3427) to work on /home/airflow/.local/lib/python3.12/site-packages/airflow/example_dags/example_xcomargs.py
[2024-08-20T03:37:50.146+0000] {processor.py:914} INFO - Processing file /home/airflow/.local/lib/python3.12/site-packages/airflow/example_dags/example_xcomargs.py for tasks to queue
[2024-08-20T03:37:50.149+0000] {logging_mixin.py:190} INFO - [2024-08-20T03:37:50.149+0000] {dagbag.py:587} INFO - Filling up the DagBag from /home/airflow/.local/lib/python3.12/site-packages/airflow/example_dags/example_xcomargs.py
[2024-08-20T03:37:50.164+0000] {processor.py:925} INFO - DAG(s) 'example_xcom_args', 'example_xcom_args_with_operators' retrieved from /home/airflow/.local/lib/python3.12/site-packages/airflow/example_dags/example_xcomargs.py
[2024-08-20T03:37:50.192+0000] {logging_mixin.py:190} INFO - [2024-08-20T03:37:50.191+0000] {dag.py:3211} INFO - Sync 2 DAGs
[2024-08-20T03:37:50.207+0000] {logging_mixin.py:190} INFO - [2024-08-20T03:37:50.207+0000] {dag.py:4138} INFO - Setting next_dagrun for example_xcom_args to None, run_after=None
[2024-08-20T03:37:50.212+0000] {logging_mixin.py:190} INFO - [2024-08-20T03:37:50.211+0000] {dag.py:4138} INFO - Setting next_dagrun for example_xcom_args_with_operators to None, run_after=None
[2024-08-20T03:37:50.232+0000] {processor.py:208} INFO - Processing /home/airflow/.local/lib/python3.12/site-packages/airflow/example_dags/example_xcomargs.py took 0.095 seconds
[2024-08-20T03:38:20.799+0000] {processor.py:186} INFO - Started process (PID=3713) to work on /home/airflow/.local/lib/python3.12/site-packages/airflow/example_dags/example_xcomargs.py
[2024-08-20T03:38:20.801+0000] {processor.py:914} INFO - Processing file /home/airflow/.local/lib/python3.12/site-packages/airflow/example_dags/example_xcomargs.py for tasks to queue
[2024-08-20T03:38:20.804+0000] {logging_mixin.py:190} INFO - [2024-08-20T03:38:20.803+0000] {dagbag.py:587} INFO - Filling up the DagBag from /home/airflow/.local/lib/python3.12/site-packages/airflow/example_dags/example_xcomargs.py
[2024-08-20T03:38:20.815+0000] {processor.py:925} INFO - DAG(s) 'example_xcom_args', 'example_xcom_args_with_operators' retrieved from /home/airflow/.local/lib/python3.12/site-packages/airflow/example_dags/example_xcomargs.py
[2024-08-20T03:38:20.842+0000] {logging_mixin.py:190} INFO - [2024-08-20T03:38:20.841+0000] {dag.py:3211} INFO - Sync 2 DAGs
[2024-08-20T03:38:20.860+0000] {logging_mixin.py:190} INFO - [2024-08-20T03:38:20.859+0000] {dag.py:4138} INFO - Setting next_dagrun for example_xcom_args to None, run_after=None
[2024-08-20T03:38:20.865+0000] {logging_mixin.py:190} INFO - [2024-08-20T03:38:20.864+0000] {dag.py:4138} INFO - Setting next_dagrun for example_xcom_args_with_operators to None, run_after=None
[2024-08-20T03:38:20.887+0000] {processor.py:208} INFO - Processing /home/airflow/.local/lib/python3.12/site-packages/airflow/example_dags/example_xcomargs.py took 0.093 seconds
[2024-08-20T03:38:51.122+0000] {processor.py:186} INFO - Started process (PID=3999) to work on /home/airflow/.local/lib/python3.12/site-packages/airflow/example_dags/example_xcomargs.py
[2024-08-20T03:38:51.123+0000] {processor.py:914} INFO - Processing file /home/airflow/.local/lib/python3.12/site-packages/airflow/example_dags/example_xcomargs.py for tasks to queue
[2024-08-20T03:38:51.126+0000] {logging_mixin.py:190} INFO - [2024-08-20T03:38:51.125+0000] {dagbag.py:587} INFO - Filling up the DagBag from /home/airflow/.local/lib/python3.12/site-packages/airflow/example_dags/example_xcomargs.py
[2024-08-20T03:38:51.137+0000] {processor.py:925} INFO - DAG(s) 'example_xcom_args', 'example_xcom_args_with_operators' retrieved from /home/airflow/.local/lib/python3.12/site-packages/airflow/example_dags/example_xcomargs.py
[2024-08-20T03:38:51.161+0000] {logging_mixin.py:190} INFO - [2024-08-20T03:38:51.160+0000] {dag.py:3211} INFO - Sync 2 DAGs
[2024-08-20T03:38:51.179+0000] {logging_mixin.py:190} INFO - [2024-08-20T03:38:51.178+0000] {dag.py:4138} INFO - Setting next_dagrun for example_xcom_args to None, run_after=None
[2024-08-20T03:38:51.183+0000] {logging_mixin.py:190} INFO - [2024-08-20T03:38:51.183+0000] {dag.py:4138} INFO - Setting next_dagrun for example_xcom_args_with_operators to None, run_after=None
[2024-08-20T03:38:51.203+0000] {processor.py:208} INFO - Processing /home/airflow/.local/lib/python3.12/site-packages/airflow/example_dags/example_xcomargs.py took 0.087 seconds
[2024-08-20T03:39:21.408+0000] {processor.py:186} INFO - Started process (PID=4285) to work on /home/airflow/.local/lib/python3.12/site-packages/airflow/example_dags/example_xcomargs.py
[2024-08-20T03:39:21.409+0000] {processor.py:914} INFO - Processing file /home/airflow/.local/lib/python3.12/site-packages/airflow/example_dags/example_xcomargs.py for tasks to queue
[2024-08-20T03:39:21.412+0000] {logging_mixin.py:190} INFO - [2024-08-20T03:39:21.412+0000] {dagbag.py:587} INFO - Filling up the DagBag from /home/airflow/.local/lib/python3.12/site-packages/airflow/example_dags/example_xcomargs.py
[2024-08-20T03:39:21.426+0000] {processor.py:925} INFO - DAG(s) 'example_xcom_args', 'example_xcom_args_with_operators' retrieved from /home/airflow/.local/lib/python3.12/site-packages/airflow/example_dags/example_xcomargs.py
[2024-08-20T03:39:21.453+0000] {logging_mixin.py:190} INFO - [2024-08-20T03:39:21.453+0000] {dag.py:3211} INFO - Sync 2 DAGs
[2024-08-20T03:39:21.471+0000] {logging_mixin.py:190} INFO - [2024-08-20T03:39:21.471+0000] {dag.py:4138} INFO - Setting next_dagrun for example_xcom_args to None, run_after=None
[2024-08-20T03:39:21.476+0000] {logging_mixin.py:190} INFO - [2024-08-20T03:39:21.475+0000] {dag.py:4138} INFO - Setting next_dagrun for example_xcom_args_with_operators to None, run_after=None
[2024-08-20T03:39:21.496+0000] {processor.py:208} INFO - Processing /home/airflow/.local/lib/python3.12/site-packages/airflow/example_dags/example_xcomargs.py took 0.096 seconds
[2024-08-20T03:39:51.577+0000] {processor.py:186} INFO - Started process (PID=4566) to work on /home/airflow/.local/lib/python3.12/site-packages/airflow/example_dags/example_xcomargs.py
[2024-08-20T03:39:51.578+0000] {processor.py:914} INFO - Processing file /home/airflow/.local/lib/python3.12/site-packages/airflow/example_dags/example_xcomargs.py for tasks to queue
[2024-08-20T03:39:51.581+0000] {logging_mixin.py:190} INFO - [2024-08-20T03:39:51.581+0000] {dagbag.py:587} INFO - Filling up the DagBag from /home/airflow/.local/lib/python3.12/site-packages/airflow/example_dags/example_xcomargs.py
[2024-08-20T03:39:51.597+0000] {processor.py:925} INFO - DAG(s) 'example_xcom_args_with_operators', 'example_xcom_args' retrieved from /home/airflow/.local/lib/python3.12/site-packages/airflow/example_dags/example_xcomargs.py
[2024-08-20T03:39:51.622+0000] {logging_mixin.py:190} INFO - [2024-08-20T03:39:51.622+0000] {dag.py:3211} INFO - Sync 2 DAGs
[2024-08-20T03:39:51.638+0000] {logging_mixin.py:190} INFO - [2024-08-20T03:39:51.638+0000] {dag.py:4138} INFO - Setting next_dagrun for example_xcom_args to None, run_after=None
[2024-08-20T03:39:51.643+0000] {logging_mixin.py:190} INFO - [2024-08-20T03:39:51.643+0000] {dag.py:4138} INFO - Setting next_dagrun for example_xcom_args_with_operators to None, run_after=None
[2024-08-20T03:39:51.666+0000] {processor.py:208} INFO - Processing /home/airflow/.local/lib/python3.12/site-packages/airflow/example_dags/example_xcomargs.py took 0.100 seconds
[2024-08-20T03:40:21.841+0000] {processor.py:186} INFO - Started process (PID=4849) to work on /home/airflow/.local/lib/python3.12/site-packages/airflow/example_dags/example_xcomargs.py
[2024-08-20T03:40:21.842+0000] {processor.py:914} INFO - Processing file /home/airflow/.local/lib/python3.12/site-packages/airflow/example_dags/example_xcomargs.py for tasks to queue
[2024-08-20T03:40:21.845+0000] {logging_mixin.py:190} INFO - [2024-08-20T03:40:21.845+0000] {dagbag.py:587} INFO - Filling up the DagBag from /home/airflow/.local/lib/python3.12/site-packages/airflow/example_dags/example_xcomargs.py
[2024-08-20T03:40:21.857+0000] {processor.py:925} INFO - DAG(s) 'example_xcom_args', 'example_xcom_args_with_operators' retrieved from /home/airflow/.local/lib/python3.12/site-packages/airflow/example_dags/example_xcomargs.py
[2024-08-20T03:40:21.880+0000] {logging_mixin.py:190} INFO - [2024-08-20T03:40:21.880+0000] {dag.py:3211} INFO - Sync 2 DAGs
[2024-08-20T03:40:21.897+0000] {logging_mixin.py:190} INFO - [2024-08-20T03:40:21.897+0000] {dag.py:4138} INFO - Setting next_dagrun for example_xcom_args to None, run_after=None
[2024-08-20T03:40:21.902+0000] {logging_mixin.py:190} INFO - [2024-08-20T03:40:21.901+0000] {dag.py:4138} INFO - Setting next_dagrun for example_xcom_args_with_operators to None, run_after=None
[2024-08-20T03:40:21.921+0000] {processor.py:208} INFO - Processing /home/airflow/.local/lib/python3.12/site-packages/airflow/example_dags/example_xcomargs.py took 0.090 seconds
[2024-08-20T03:40:52.268+0000] {processor.py:186} INFO - Started process (PID=5138) to work on /home/airflow/.local/lib/python3.12/site-packages/airflow/example_dags/example_xcomargs.py
[2024-08-20T03:40:52.269+0000] {processor.py:914} INFO - Processing file /home/airflow/.local/lib/python3.12/site-packages/airflow/example_dags/example_xcomargs.py for tasks to queue
[2024-08-20T03:40:52.272+0000] {logging_mixin.py:190} INFO - [2024-08-20T03:40:52.272+0000] {dagbag.py:587} INFO - Filling up the DagBag from /home/airflow/.local/lib/python3.12/site-packages/airflow/example_dags/example_xcomargs.py
[2024-08-20T03:40:52.283+0000] {processor.py:925} INFO - DAG(s) 'example_xcom_args', 'example_xcom_args_with_operators' retrieved from /home/airflow/.local/lib/python3.12/site-packages/airflow/example_dags/example_xcomargs.py
[2024-08-20T03:40:52.307+0000] {logging_mixin.py:190} INFO - [2024-08-20T03:40:52.307+0000] {dag.py:3211} INFO - Sync 2 DAGs
[2024-08-20T03:40:52.323+0000] {logging_mixin.py:190} INFO - [2024-08-20T03:40:52.323+0000] {dag.py:4138} INFO - Setting next_dagrun for example_xcom_args to None, run_after=None
[2024-08-20T03:40:52.327+0000] {logging_mixin.py:190} INFO - [2024-08-20T03:40:52.327+0000] {dag.py:4138} INFO - Setting next_dagrun for example_xcom_args_with_operators to None, run_after=None
[2024-08-20T03:40:52.348+0000] {processor.py:208} INFO - Processing /home/airflow/.local/lib/python3.12/site-packages/airflow/example_dags/example_xcomargs.py took 0.088 seconds
[2024-08-20T03:41:22.764+0000] {processor.py:186} INFO - Started process (PID=5424) to work on /home/airflow/.local/lib/python3.12/site-packages/airflow/example_dags/example_xcomargs.py
[2024-08-20T03:41:22.765+0000] {processor.py:914} INFO - Processing file /home/airflow/.local/lib/python3.12/site-packages/airflow/example_dags/example_xcomargs.py for tasks to queue
[2024-08-20T03:41:22.768+0000] {logging_mixin.py:190} INFO - [2024-08-20T03:41:22.767+0000] {dagbag.py:587} INFO - Filling up the DagBag from /home/airflow/.local/lib/python3.12/site-packages/airflow/example_dags/example_xcomargs.py
[2024-08-20T03:41:22.779+0000] {processor.py:925} INFO - DAG(s) 'example_xcom_args_with_operators', 'example_xcom_args' retrieved from /home/airflow/.local/lib/python3.12/site-packages/airflow/example_dags/example_xcomargs.py
[2024-08-20T03:41:22.803+0000] {logging_mixin.py:190} INFO - [2024-08-20T03:41:22.803+0000] {dag.py:3211} INFO - Sync 2 DAGs
[2024-08-20T03:41:22.820+0000] {logging_mixin.py:190} INFO - [2024-08-20T03:41:22.820+0000] {dag.py:4138} INFO - Setting next_dagrun for example_xcom_args to None, run_after=None
[2024-08-20T03:41:22.826+0000] {logging_mixin.py:190} INFO - [2024-08-20T03:41:22.825+0000] {dag.py:4138} INFO - Setting next_dagrun for example_xcom_args_with_operators to None, run_after=None
[2024-08-20T03:41:22.848+0000] {processor.py:208} INFO - Processing /home/airflow/.local/lib/python3.12/site-packages/airflow/example_dags/example_xcomargs.py took 0.093 seconds
[2024-08-20T03:41:53.162+0000] {processor.py:186} INFO - Started process (PID=5710) to work on /home/airflow/.local/lib/python3.12/site-packages/airflow/example_dags/example_xcomargs.py
[2024-08-20T03:41:53.163+0000] {processor.py:914} INFO - Processing file /home/airflow/.local/lib/python3.12/site-packages/airflow/example_dags/example_xcomargs.py for tasks to queue
[2024-08-20T03:41:53.166+0000] {logging_mixin.py:190} INFO - [2024-08-20T03:41:53.166+0000] {dagbag.py:587} INFO - Filling up the DagBag from /home/airflow/.local/lib/python3.12/site-packages/airflow/example_dags/example_xcomargs.py
[2024-08-20T03:41:53.177+0000] {processor.py:925} INFO - DAG(s) 'example_xcom_args_with_operators', 'example_xcom_args' retrieved from /home/airflow/.local/lib/python3.12/site-packages/airflow/example_dags/example_xcomargs.py
[2024-08-20T03:41:53.201+0000] {logging_mixin.py:190} INFO - [2024-08-20T03:41:53.201+0000] {dag.py:3211} INFO - Sync 2 DAGs
[2024-08-20T03:41:53.216+0000] {logging_mixin.py:190} INFO - [2024-08-20T03:41:53.216+0000] {dag.py:4138} INFO - Setting next_dagrun for example_xcom_args to None, run_after=None
[2024-08-20T03:41:53.221+0000] {logging_mixin.py:190} INFO - [2024-08-20T03:41:53.221+0000] {dag.py:4138} INFO - Setting next_dagrun for example_xcom_args_with_operators to None, run_after=None
[2024-08-20T03:41:53.242+0000] {processor.py:208} INFO - Processing /home/airflow/.local/lib/python3.12/site-packages/airflow/example_dags/example_xcomargs.py took 0.087 seconds
