[2024-08-20T03:32:11.544+0000] {processor.py:186} INFO - Started process (PID=209) to work on /home/airflow/.local/lib/python3.12/site-packages/airflow/example_dags/example_sensor_decorator.py
[2024-08-20T03:32:11.545+0000] {processor.py:914} INFO - Processing file /home/airflow/.local/lib/python3.12/site-packages/airflow/example_dags/example_sensor_decorator.py for tasks to queue
[2024-08-20T03:32:11.549+0000] {logging_mixin.py:190} INFO - [2024-08-20T03:32:11.548+0000] {dagbag.py:587} INFO - Filling up the DagBag from /home/airflow/.local/lib/python3.12/site-packages/airflow/example_dags/example_sensor_decorator.py
[2024-08-20T03:32:11.561+0000] {processor.py:925} INFO - DAG(s) 'example_sensor_decorator' retrieved from /home/airflow/.local/lib/python3.12/site-packages/airflow/example_dags/example_sensor_decorator.py
[2024-08-20T03:32:11.714+0000] {logging_mixin.py:190} INFO - [2024-08-20T03:32:11.713+0000] {override.py:1858} INFO - Created Permission View: can read on DAG:example_sensor_decorator
[2024-08-20T03:32:11.731+0000] {logging_mixin.py:190} INFO - [2024-08-20T03:32:11.730+0000] {override.py:1858} INFO - Created Permission View: can delete on DAG:example_sensor_decorator
[2024-08-20T03:32:11.745+0000] {logging_mixin.py:190} INFO - [2024-08-20T03:32:11.745+0000] {override.py:1858} INFO - Created Permission View: can edit on DAG:example_sensor_decorator
[2024-08-20T03:32:11.746+0000] {logging_mixin.py:190} INFO - [2024-08-20T03:32:11.746+0000] {dag.py:3211} INFO - Sync 1 DAGs
[2024-08-20T03:32:11.764+0000] {logging_mixin.py:190} INFO - [2024-08-20T03:32:11.764+0000] {dag.py:3234} INFO - Creating ORM DAG for example_sensor_decorator
[2024-08-20T03:32:11.766+0000] {logging_mixin.py:190} INFO - [2024-08-20T03:32:11.766+0000] {dag.py:4138} INFO - Setting next_dagrun for example_sensor_decorator to None, run_after=None
[2024-08-20T03:32:11.797+0000] {processor.py:208} INFO - Processing /home/airflow/.local/lib/python3.12/site-packages/airflow/example_dags/example_sensor_decorator.py took 0.264 seconds
[2024-08-20T03:32:42.248+0000] {processor.py:186} INFO - Started process (PID=502) to work on /home/airflow/.local/lib/python3.12/site-packages/airflow/example_dags/example_sensor_decorator.py
[2024-08-20T03:32:42.249+0000] {processor.py:914} INFO - Processing file /home/airflow/.local/lib/python3.12/site-packages/airflow/example_dags/example_sensor_decorator.py for tasks to queue
[2024-08-20T03:32:42.252+0000] {logging_mixin.py:190} INFO - [2024-08-20T03:32:42.252+0000] {dagbag.py:587} INFO - Filling up the DagBag from /home/airflow/.local/lib/python3.12/site-packages/airflow/example_dags/example_sensor_decorator.py
[2024-08-20T03:32:42.262+0000] {processor.py:925} INFO - DAG(s) 'example_sensor_decorator' retrieved from /home/airflow/.local/lib/python3.12/site-packages/airflow/example_dags/example_sensor_decorator.py
[2024-08-20T03:32:42.289+0000] {logging_mixin.py:190} INFO - [2024-08-20T03:32:42.289+0000] {dag.py:3211} INFO - Sync 1 DAGs
[2024-08-20T03:32:42.312+0000] {logging_mixin.py:190} INFO - [2024-08-20T03:32:42.312+0000] {dag.py:4138} INFO - Setting next_dagrun for example_sensor_decorator to None, run_after=None
[2024-08-20T03:32:42.338+0000] {processor.py:208} INFO - Processing /home/airflow/.local/lib/python3.12/site-packages/airflow/example_dags/example_sensor_decorator.py took 0.099 seconds
[2024-08-20T03:33:12.467+0000] {processor.py:186} INFO - Started process (PID=788) to work on /home/airflow/.local/lib/python3.12/site-packages/airflow/example_dags/example_sensor_decorator.py
[2024-08-20T03:33:12.468+0000] {processor.py:914} INFO - Processing file /home/airflow/.local/lib/python3.12/site-packages/airflow/example_dags/example_sensor_decorator.py for tasks to queue
[2024-08-20T03:33:12.471+0000] {logging_mixin.py:190} INFO - [2024-08-20T03:33:12.471+0000] {dagbag.py:587} INFO - Filling up the DagBag from /home/airflow/.local/lib/python3.12/site-packages/airflow/example_dags/example_sensor_decorator.py
[2024-08-20T03:33:12.483+0000] {processor.py:925} INFO - DAG(s) 'example_sensor_decorator' retrieved from /home/airflow/.local/lib/python3.12/site-packages/airflow/example_dags/example_sensor_decorator.py
[2024-08-20T03:33:12.505+0000] {logging_mixin.py:190} INFO - [2024-08-20T03:33:12.505+0000] {dag.py:3211} INFO - Sync 1 DAGs
[2024-08-20T03:33:12.522+0000] {logging_mixin.py:190} INFO - [2024-08-20T03:33:12.522+0000] {dag.py:4138} INFO - Setting next_dagrun for example_sensor_decorator to None, run_after=None
[2024-08-20T03:33:12.549+0000] {processor.py:208} INFO - Processing /home/airflow/.local/lib/python3.12/site-packages/airflow/example_dags/example_sensor_decorator.py took 0.092 seconds
[2024-08-20T03:33:43.203+0000] {processor.py:186} INFO - Started process (PID=1076) to work on /home/airflow/.local/lib/python3.12/site-packages/airflow/example_dags/example_sensor_decorator.py
[2024-08-20T03:33:43.204+0000] {processor.py:914} INFO - Processing file /home/airflow/.local/lib/python3.12/site-packages/airflow/example_dags/example_sensor_decorator.py for tasks to queue
[2024-08-20T03:33:43.207+0000] {logging_mixin.py:190} INFO - [2024-08-20T03:33:43.207+0000] {dagbag.py:587} INFO - Filling up the DagBag from /home/airflow/.local/lib/python3.12/site-packages/airflow/example_dags/example_sensor_decorator.py
[2024-08-20T03:33:43.216+0000] {processor.py:925} INFO - DAG(s) 'example_sensor_decorator' retrieved from /home/airflow/.local/lib/python3.12/site-packages/airflow/example_dags/example_sensor_decorator.py
[2024-08-20T03:33:43.241+0000] {logging_mixin.py:190} INFO - [2024-08-20T03:33:43.241+0000] {dag.py:3211} INFO - Sync 1 DAGs
[2024-08-20T03:33:43.258+0000] {logging_mixin.py:190} INFO - [2024-08-20T03:33:43.258+0000] {dag.py:4138} INFO - Setting next_dagrun for example_sensor_decorator to None, run_after=None
[2024-08-20T03:33:43.281+0000] {processor.py:208} INFO - Processing /home/airflow/.local/lib/python3.12/site-packages/airflow/example_dags/example_sensor_decorator.py took 0.086 seconds
[2024-08-20T03:34:13.639+0000] {processor.py:186} INFO - Started process (PID=1362) to work on /home/airflow/.local/lib/python3.12/site-packages/airflow/example_dags/example_sensor_decorator.py
[2024-08-20T03:34:13.640+0000] {processor.py:914} INFO - Processing file /home/airflow/.local/lib/python3.12/site-packages/airflow/example_dags/example_sensor_decorator.py for tasks to queue
[2024-08-20T03:34:13.642+0000] {logging_mixin.py:190} INFO - [2024-08-20T03:34:13.642+0000] {dagbag.py:587} INFO - Filling up the DagBag from /home/airflow/.local/lib/python3.12/site-packages/airflow/example_dags/example_sensor_decorator.py
[2024-08-20T03:34:13.652+0000] {processor.py:925} INFO - DAG(s) 'example_sensor_decorator' retrieved from /home/airflow/.local/lib/python3.12/site-packages/airflow/example_dags/example_sensor_decorator.py
[2024-08-20T03:34:13.675+0000] {logging_mixin.py:190} INFO - [2024-08-20T03:34:13.674+0000] {dag.py:3211} INFO - Sync 1 DAGs
[2024-08-20T03:34:13.691+0000] {logging_mixin.py:190} INFO - [2024-08-20T03:34:13.691+0000] {dag.py:4138} INFO - Setting next_dagrun for example_sensor_decorator to None, run_after=None
[2024-08-20T03:34:13.730+0000] {processor.py:208} INFO - Processing /home/airflow/.local/lib/python3.12/site-packages/airflow/example_dags/example_sensor_decorator.py took 0.098 seconds
[2024-08-20T03:34:44.124+0000] {processor.py:186} INFO - Started process (PID=1646) to work on /home/airflow/.local/lib/python3.12/site-packages/airflow/example_dags/example_sensor_decorator.py
[2024-08-20T03:34:44.125+0000] {processor.py:914} INFO - Processing file /home/airflow/.local/lib/python3.12/site-packages/airflow/example_dags/example_sensor_decorator.py for tasks to queue
[2024-08-20T03:34:44.129+0000] {logging_mixin.py:190} INFO - [2024-08-20T03:34:44.128+0000] {dagbag.py:587} INFO - Filling up the DagBag from /home/airflow/.local/lib/python3.12/site-packages/airflow/example_dags/example_sensor_decorator.py
[2024-08-20T03:34:44.137+0000] {processor.py:925} INFO - DAG(s) 'example_sensor_decorator' retrieved from /home/airflow/.local/lib/python3.12/site-packages/airflow/example_dags/example_sensor_decorator.py
[2024-08-20T03:34:44.160+0000] {logging_mixin.py:190} INFO - [2024-08-20T03:34:44.160+0000] {dag.py:3211} INFO - Sync 1 DAGs
[2024-08-20T03:34:44.176+0000] {logging_mixin.py:190} INFO - [2024-08-20T03:34:44.176+0000] {dag.py:4138} INFO - Setting next_dagrun for example_sensor_decorator to None, run_after=None
[2024-08-20T03:34:44.202+0000] {processor.py:208} INFO - Processing /home/airflow/.local/lib/python3.12/site-packages/airflow/example_dags/example_sensor_decorator.py took 0.086 seconds
[2024-08-20T03:35:14.996+0000] {processor.py:186} INFO - Started process (PID=1934) to work on /home/airflow/.local/lib/python3.12/site-packages/airflow/example_dags/example_sensor_decorator.py
[2024-08-20T03:35:14.997+0000] {processor.py:914} INFO - Processing file /home/airflow/.local/lib/python3.12/site-packages/airflow/example_dags/example_sensor_decorator.py for tasks to queue
[2024-08-20T03:35:15.000+0000] {logging_mixin.py:190} INFO - [2024-08-20T03:35:15.000+0000] {dagbag.py:587} INFO - Filling up the DagBag from /home/airflow/.local/lib/python3.12/site-packages/airflow/example_dags/example_sensor_decorator.py
[2024-08-20T03:35:15.011+0000] {processor.py:925} INFO - DAG(s) 'example_sensor_decorator' retrieved from /home/airflow/.local/lib/python3.12/site-packages/airflow/example_dags/example_sensor_decorator.py
[2024-08-20T03:35:15.034+0000] {logging_mixin.py:190} INFO - [2024-08-20T03:35:15.033+0000] {dag.py:3211} INFO - Sync 1 DAGs
[2024-08-20T03:35:15.050+0000] {logging_mixin.py:190} INFO - [2024-08-20T03:35:15.049+0000] {dag.py:4138} INFO - Setting next_dagrun for example_sensor_decorator to None, run_after=None
[2024-08-20T03:35:15.074+0000] {processor.py:208} INFO - Processing /home/airflow/.local/lib/python3.12/site-packages/airflow/example_dags/example_sensor_decorator.py took 0.084 seconds
[2024-08-20T03:35:45.394+0000] {processor.py:186} INFO - Started process (PID=2218) to work on /home/airflow/.local/lib/python3.12/site-packages/airflow/example_dags/example_sensor_decorator.py
[2024-08-20T03:35:45.395+0000] {processor.py:914} INFO - Processing file /home/airflow/.local/lib/python3.12/site-packages/airflow/example_dags/example_sensor_decorator.py for tasks to queue
[2024-08-20T03:35:45.398+0000] {logging_mixin.py:190} INFO - [2024-08-20T03:35:45.398+0000] {dagbag.py:587} INFO - Filling up the DagBag from /home/airflow/.local/lib/python3.12/site-packages/airflow/example_dags/example_sensor_decorator.py
[2024-08-20T03:35:45.407+0000] {processor.py:925} INFO - DAG(s) 'example_sensor_decorator' retrieved from /home/airflow/.local/lib/python3.12/site-packages/airflow/example_dags/example_sensor_decorator.py
[2024-08-20T03:35:45.432+0000] {logging_mixin.py:190} INFO - [2024-08-20T03:35:45.432+0000] {dag.py:3211} INFO - Sync 1 DAGs
[2024-08-20T03:35:45.449+0000] {logging_mixin.py:190} INFO - [2024-08-20T03:35:45.448+0000] {dag.py:4138} INFO - Setting next_dagrun for example_sensor_decorator to None, run_after=None
[2024-08-20T03:35:45.473+0000] {processor.py:208} INFO - Processing /home/airflow/.local/lib/python3.12/site-packages/airflow/example_dags/example_sensor_decorator.py took 0.086 seconds
[2024-08-20T03:36:15.908+0000] {processor.py:186} INFO - Started process (PID=2504) to work on /home/airflow/.local/lib/python3.12/site-packages/airflow/example_dags/example_sensor_decorator.py
[2024-08-20T03:36:15.909+0000] {processor.py:914} INFO - Processing file /home/airflow/.local/lib/python3.12/site-packages/airflow/example_dags/example_sensor_decorator.py for tasks to queue
[2024-08-20T03:36:15.911+0000] {logging_mixin.py:190} INFO - [2024-08-20T03:36:15.911+0000] {dagbag.py:587} INFO - Filling up the DagBag from /home/airflow/.local/lib/python3.12/site-packages/airflow/example_dags/example_sensor_decorator.py
[2024-08-20T03:36:15.920+0000] {processor.py:925} INFO - DAG(s) 'example_sensor_decorator' retrieved from /home/airflow/.local/lib/python3.12/site-packages/airflow/example_dags/example_sensor_decorator.py
[2024-08-20T03:36:15.943+0000] {logging_mixin.py:190} INFO - [2024-08-20T03:36:15.943+0000] {dag.py:3211} INFO - Sync 1 DAGs
[2024-08-20T03:36:15.964+0000] {logging_mixin.py:190} INFO - [2024-08-20T03:36:15.963+0000] {dag.py:4138} INFO - Setting next_dagrun for example_sensor_decorator to None, run_after=None
[2024-08-20T03:36:15.993+0000] {processor.py:208} INFO - Processing /home/airflow/.local/lib/python3.12/site-packages/airflow/example_dags/example_sensor_decorator.py took 0.092 seconds
[2024-08-20T03:36:46.395+0000] {processor.py:186} INFO - Started process (PID=2790) to work on /home/airflow/.local/lib/python3.12/site-packages/airflow/example_dags/example_sensor_decorator.py
[2024-08-20T03:36:46.396+0000] {processor.py:914} INFO - Processing file /home/airflow/.local/lib/python3.12/site-packages/airflow/example_dags/example_sensor_decorator.py for tasks to queue
[2024-08-20T03:36:46.399+0000] {logging_mixin.py:190} INFO - [2024-08-20T03:36:46.399+0000] {dagbag.py:587} INFO - Filling up the DagBag from /home/airflow/.local/lib/python3.12/site-packages/airflow/example_dags/example_sensor_decorator.py
[2024-08-20T03:36:46.413+0000] {processor.py:925} INFO - DAG(s) 'example_sensor_decorator' retrieved from /home/airflow/.local/lib/python3.12/site-packages/airflow/example_dags/example_sensor_decorator.py
[2024-08-20T03:36:46.433+0000] {logging_mixin.py:190} INFO - [2024-08-20T03:36:46.433+0000] {dag.py:3211} INFO - Sync 1 DAGs
[2024-08-20T03:36:46.450+0000] {logging_mixin.py:190} INFO - [2024-08-20T03:36:46.449+0000] {dag.py:4138} INFO - Setting next_dagrun for example_sensor_decorator to None, run_after=None
[2024-08-20T03:36:46.477+0000] {processor.py:208} INFO - Processing /home/airflow/.local/lib/python3.12/site-packages/airflow/example_dags/example_sensor_decorator.py took 0.092 seconds
[2024-08-20T03:37:16.712+0000] {processor.py:186} INFO - Started process (PID=3076) to work on /home/airflow/.local/lib/python3.12/site-packages/airflow/example_dags/example_sensor_decorator.py
[2024-08-20T03:37:16.713+0000] {processor.py:914} INFO - Processing file /home/airflow/.local/lib/python3.12/site-packages/airflow/example_dags/example_sensor_decorator.py for tasks to queue
[2024-08-20T03:37:16.716+0000] {logging_mixin.py:190} INFO - [2024-08-20T03:37:16.715+0000] {dagbag.py:587} INFO - Filling up the DagBag from /home/airflow/.local/lib/python3.12/site-packages/airflow/example_dags/example_sensor_decorator.py
[2024-08-20T03:37:16.724+0000] {processor.py:925} INFO - DAG(s) 'example_sensor_decorator' retrieved from /home/airflow/.local/lib/python3.12/site-packages/airflow/example_dags/example_sensor_decorator.py
[2024-08-20T03:37:16.744+0000] {logging_mixin.py:190} INFO - [2024-08-20T03:37:16.744+0000] {dag.py:3211} INFO - Sync 1 DAGs
[2024-08-20T03:37:16.760+0000] {logging_mixin.py:190} INFO - [2024-08-20T03:37:16.760+0000] {dag.py:4138} INFO - Setting next_dagrun for example_sensor_decorator to None, run_after=None
[2024-08-20T03:37:16.794+0000] {processor.py:208} INFO - Processing /home/airflow/.local/lib/python3.12/site-packages/airflow/example_dags/example_sensor_decorator.py took 0.089 seconds
[2024-08-20T03:37:47.007+0000] {processor.py:186} INFO - Started process (PID=3362) to work on /home/airflow/.local/lib/python3.12/site-packages/airflow/example_dags/example_sensor_decorator.py
[2024-08-20T03:37:47.008+0000] {processor.py:914} INFO - Processing file /home/airflow/.local/lib/python3.12/site-packages/airflow/example_dags/example_sensor_decorator.py for tasks to queue
[2024-08-20T03:37:47.011+0000] {logging_mixin.py:190} INFO - [2024-08-20T03:37:47.010+0000] {dagbag.py:587} INFO - Filling up the DagBag from /home/airflow/.local/lib/python3.12/site-packages/airflow/example_dags/example_sensor_decorator.py
[2024-08-20T03:37:47.020+0000] {processor.py:925} INFO - DAG(s) 'example_sensor_decorator' retrieved from /home/airflow/.local/lib/python3.12/site-packages/airflow/example_dags/example_sensor_decorator.py
[2024-08-20T03:37:47.043+0000] {logging_mixin.py:190} INFO - [2024-08-20T03:37:47.043+0000] {dag.py:3211} INFO - Sync 1 DAGs
[2024-08-20T03:37:47.064+0000] {logging_mixin.py:190} INFO - [2024-08-20T03:37:47.064+0000] {dag.py:4138} INFO - Setting next_dagrun for example_sensor_decorator to None, run_after=None
[2024-08-20T03:37:47.091+0000] {processor.py:208} INFO - Processing /home/airflow/.local/lib/python3.12/site-packages/airflow/example_dags/example_sensor_decorator.py took 0.093 seconds
[2024-08-20T03:38:17.749+0000] {processor.py:186} INFO - Started process (PID=3648) to work on /home/airflow/.local/lib/python3.12/site-packages/airflow/example_dags/example_sensor_decorator.py
[2024-08-20T03:38:17.750+0000] {processor.py:914} INFO - Processing file /home/airflow/.local/lib/python3.12/site-packages/airflow/example_dags/example_sensor_decorator.py for tasks to queue
[2024-08-20T03:38:17.753+0000] {logging_mixin.py:190} INFO - [2024-08-20T03:38:17.753+0000] {dagbag.py:587} INFO - Filling up the DagBag from /home/airflow/.local/lib/python3.12/site-packages/airflow/example_dags/example_sensor_decorator.py
[2024-08-20T03:38:17.762+0000] {processor.py:925} INFO - DAG(s) 'example_sensor_decorator' retrieved from /home/airflow/.local/lib/python3.12/site-packages/airflow/example_dags/example_sensor_decorator.py
[2024-08-20T03:38:17.786+0000] {logging_mixin.py:190} INFO - [2024-08-20T03:38:17.786+0000] {dag.py:3211} INFO - Sync 1 DAGs
[2024-08-20T03:38:17.805+0000] {logging_mixin.py:190} INFO - [2024-08-20T03:38:17.804+0000] {dag.py:4138} INFO - Setting next_dagrun for example_sensor_decorator to None, run_after=None
[2024-08-20T03:38:17.834+0000] {processor.py:208} INFO - Processing /home/airflow/.local/lib/python3.12/site-packages/airflow/example_dags/example_sensor_decorator.py took 0.092 seconds
[2024-08-20T03:38:47.953+0000] {processor.py:186} INFO - Started process (PID=3934) to work on /home/airflow/.local/lib/python3.12/site-packages/airflow/example_dags/example_sensor_decorator.py
[2024-08-20T03:38:47.955+0000] {processor.py:914} INFO - Processing file /home/airflow/.local/lib/python3.12/site-packages/airflow/example_dags/example_sensor_decorator.py for tasks to queue
[2024-08-20T03:38:47.958+0000] {logging_mixin.py:190} INFO - [2024-08-20T03:38:47.957+0000] {dagbag.py:587} INFO - Filling up the DagBag from /home/airflow/.local/lib/python3.12/site-packages/airflow/example_dags/example_sensor_decorator.py
[2024-08-20T03:38:47.966+0000] {processor.py:925} INFO - DAG(s) 'example_sensor_decorator' retrieved from /home/airflow/.local/lib/python3.12/site-packages/airflow/example_dags/example_sensor_decorator.py
[2024-08-20T03:38:47.990+0000] {logging_mixin.py:190} INFO - [2024-08-20T03:38:47.989+0000] {dag.py:3211} INFO - Sync 1 DAGs
[2024-08-20T03:38:48.008+0000] {logging_mixin.py:190} INFO - [2024-08-20T03:38:48.007+0000] {dag.py:4138} INFO - Setting next_dagrun for example_sensor_decorator to None, run_after=None
[2024-08-20T03:38:48.038+0000] {processor.py:208} INFO - Processing /home/airflow/.local/lib/python3.12/site-packages/airflow/example_dags/example_sensor_decorator.py took 0.092 seconds
[2024-08-20T03:39:18.351+0000] {processor.py:186} INFO - Started process (PID=4220) to work on /home/airflow/.local/lib/python3.12/site-packages/airflow/example_dags/example_sensor_decorator.py
[2024-08-20T03:39:18.353+0000] {processor.py:914} INFO - Processing file /home/airflow/.local/lib/python3.12/site-packages/airflow/example_dags/example_sensor_decorator.py for tasks to queue
[2024-08-20T03:39:18.357+0000] {logging_mixin.py:190} INFO - [2024-08-20T03:39:18.357+0000] {dagbag.py:587} INFO - Filling up the DagBag from /home/airflow/.local/lib/python3.12/site-packages/airflow/example_dags/example_sensor_decorator.py
[2024-08-20T03:39:18.368+0000] {processor.py:925} INFO - DAG(s) 'example_sensor_decorator' retrieved from /home/airflow/.local/lib/python3.12/site-packages/airflow/example_dags/example_sensor_decorator.py
[2024-08-20T03:39:18.392+0000] {logging_mixin.py:190} INFO - [2024-08-20T03:39:18.391+0000] {dag.py:3211} INFO - Sync 1 DAGs
[2024-08-20T03:39:18.410+0000] {logging_mixin.py:190} INFO - [2024-08-20T03:39:18.410+0000] {dag.py:4138} INFO - Setting next_dagrun for example_sensor_decorator to None, run_after=None
[2024-08-20T03:39:18.436+0000] {processor.py:208} INFO - Processing /home/airflow/.local/lib/python3.12/site-packages/airflow/example_dags/example_sensor_decorator.py took 0.093 seconds
[2024-08-20T03:39:48.723+0000] {processor.py:186} INFO - Started process (PID=4506) to work on /home/airflow/.local/lib/python3.12/site-packages/airflow/example_dags/example_sensor_decorator.py
[2024-08-20T03:39:48.724+0000] {processor.py:914} INFO - Processing file /home/airflow/.local/lib/python3.12/site-packages/airflow/example_dags/example_sensor_decorator.py for tasks to queue
[2024-08-20T03:39:48.727+0000] {logging_mixin.py:190} INFO - [2024-08-20T03:39:48.726+0000] {dagbag.py:587} INFO - Filling up the DagBag from /home/airflow/.local/lib/python3.12/site-packages/airflow/example_dags/example_sensor_decorator.py
[2024-08-20T03:39:48.735+0000] {processor.py:925} INFO - DAG(s) 'example_sensor_decorator' retrieved from /home/airflow/.local/lib/python3.12/site-packages/airflow/example_dags/example_sensor_decorator.py
[2024-08-20T03:39:48.762+0000] {logging_mixin.py:190} INFO - [2024-08-20T03:39:48.761+0000] {dag.py:3211} INFO - Sync 1 DAGs
[2024-08-20T03:39:48.780+0000] {logging_mixin.py:190} INFO - [2024-08-20T03:39:48.780+0000] {dag.py:4138} INFO - Setting next_dagrun for example_sensor_decorator to None, run_after=None
[2024-08-20T03:39:48.809+0000] {processor.py:208} INFO - Processing /home/airflow/.local/lib/python3.12/site-packages/airflow/example_dags/example_sensor_decorator.py took 0.096 seconds
[2024-08-20T03:40:18.915+0000] {processor.py:186} INFO - Started process (PID=4792) to work on /home/airflow/.local/lib/python3.12/site-packages/airflow/example_dags/example_sensor_decorator.py
[2024-08-20T03:40:18.916+0000] {processor.py:914} INFO - Processing file /home/airflow/.local/lib/python3.12/site-packages/airflow/example_dags/example_sensor_decorator.py for tasks to queue
[2024-08-20T03:40:18.918+0000] {logging_mixin.py:190} INFO - [2024-08-20T03:40:18.918+0000] {dagbag.py:587} INFO - Filling up the DagBag from /home/airflow/.local/lib/python3.12/site-packages/airflow/example_dags/example_sensor_decorator.py
[2024-08-20T03:40:18.928+0000] {processor.py:925} INFO - DAG(s) 'example_sensor_decorator' retrieved from /home/airflow/.local/lib/python3.12/site-packages/airflow/example_dags/example_sensor_decorator.py
[2024-08-20T03:40:18.950+0000] {logging_mixin.py:190} INFO - [2024-08-20T03:40:18.950+0000] {dag.py:3211} INFO - Sync 1 DAGs
[2024-08-20T03:40:18.967+0000] {logging_mixin.py:190} INFO - [2024-08-20T03:40:18.967+0000] {dag.py:4138} INFO - Setting next_dagrun for example_sensor_decorator to None, run_after=None
[2024-08-20T03:40:18.993+0000] {processor.py:208} INFO - Processing /home/airflow/.local/lib/python3.12/site-packages/airflow/example_dags/example_sensor_decorator.py took 0.085 seconds
[2024-08-20T03:40:49.314+0000] {processor.py:186} INFO - Started process (PID=5075) to work on /home/airflow/.local/lib/python3.12/site-packages/airflow/example_dags/example_sensor_decorator.py
[2024-08-20T03:40:49.315+0000] {processor.py:914} INFO - Processing file /home/airflow/.local/lib/python3.12/site-packages/airflow/example_dags/example_sensor_decorator.py for tasks to queue
[2024-08-20T03:40:49.318+0000] {logging_mixin.py:190} INFO - [2024-08-20T03:40:49.318+0000] {dagbag.py:587} INFO - Filling up the DagBag from /home/airflow/.local/lib/python3.12/site-packages/airflow/example_dags/example_sensor_decorator.py
[2024-08-20T03:40:49.328+0000] {processor.py:925} INFO - DAG(s) 'example_sensor_decorator' retrieved from /home/airflow/.local/lib/python3.12/site-packages/airflow/example_dags/example_sensor_decorator.py
[2024-08-20T03:40:49.349+0000] {logging_mixin.py:190} INFO - [2024-08-20T03:40:49.349+0000] {dag.py:3211} INFO - Sync 1 DAGs
[2024-08-20T03:40:49.366+0000] {logging_mixin.py:190} INFO - [2024-08-20T03:40:49.365+0000] {dag.py:4138} INFO - Setting next_dagrun for example_sensor_decorator to None, run_after=None
[2024-08-20T03:40:49.398+0000] {processor.py:208} INFO - Processing /home/airflow/.local/lib/python3.12/site-packages/airflow/example_dags/example_sensor_decorator.py took 0.091 seconds
[2024-08-20T03:41:19.899+0000] {processor.py:186} INFO - Started process (PID=5364) to work on /home/airflow/.local/lib/python3.12/site-packages/airflow/example_dags/example_sensor_decorator.py
[2024-08-20T03:41:19.900+0000] {processor.py:914} INFO - Processing file /home/airflow/.local/lib/python3.12/site-packages/airflow/example_dags/example_sensor_decorator.py for tasks to queue
[2024-08-20T03:41:19.904+0000] {logging_mixin.py:190} INFO - [2024-08-20T03:41:19.903+0000] {dagbag.py:587} INFO - Filling up the DagBag from /home/airflow/.local/lib/python3.12/site-packages/airflow/example_dags/example_sensor_decorator.py
[2024-08-20T03:41:19.916+0000] {processor.py:925} INFO - DAG(s) 'example_sensor_decorator' retrieved from /home/airflow/.local/lib/python3.12/site-packages/airflow/example_dags/example_sensor_decorator.py
[2024-08-20T03:41:19.941+0000] {logging_mixin.py:190} INFO - [2024-08-20T03:41:19.941+0000] {dag.py:3211} INFO - Sync 1 DAGs
[2024-08-20T03:41:19.961+0000] {logging_mixin.py:190} INFO - [2024-08-20T03:41:19.961+0000] {dag.py:4138} INFO - Setting next_dagrun for example_sensor_decorator to None, run_after=None
[2024-08-20T03:41:19.985+0000] {processor.py:208} INFO - Processing /home/airflow/.local/lib/python3.12/site-packages/airflow/example_dags/example_sensor_decorator.py took 0.097 seconds
[2024-08-20T03:41:50.031+0000] {processor.py:186} INFO - Started process (PID=5650) to work on /home/airflow/.local/lib/python3.12/site-packages/airflow/example_dags/example_sensor_decorator.py
[2024-08-20T03:41:50.033+0000] {processor.py:914} INFO - Processing file /home/airflow/.local/lib/python3.12/site-packages/airflow/example_dags/example_sensor_decorator.py for tasks to queue
[2024-08-20T03:41:50.036+0000] {logging_mixin.py:190} INFO - [2024-08-20T03:41:50.036+0000] {dagbag.py:587} INFO - Filling up the DagBag from /home/airflow/.local/lib/python3.12/site-packages/airflow/example_dags/example_sensor_decorator.py
[2024-08-20T03:41:50.047+0000] {processor.py:925} INFO - DAG(s) 'example_sensor_decorator' retrieved from /home/airflow/.local/lib/python3.12/site-packages/airflow/example_dags/example_sensor_decorator.py
[2024-08-20T03:41:50.069+0000] {logging_mixin.py:190} INFO - [2024-08-20T03:41:50.069+0000] {dag.py:3211} INFO - Sync 1 DAGs
[2024-08-20T03:41:50.085+0000] {logging_mixin.py:190} INFO - [2024-08-20T03:41:50.085+0000] {dag.py:4138} INFO - Setting next_dagrun for example_sensor_decorator to None, run_after=None
[2024-08-20T03:41:50.109+0000] {processor.py:208} INFO - Processing /home/airflow/.local/lib/python3.12/site-packages/airflow/example_dags/example_sensor_decorator.py took 0.086 seconds
