[2024-08-20T03:32:14.011+0000] {processor.py:186} INFO - Started process (PID=276) to work on /home/airflow/.local/lib/python3.12/site-packages/airflow/example_dags/example_outlet_event_extra.py
[2024-08-20T03:32:14.012+0000] {processor.py:914} INFO - Processing file /home/airflow/.local/lib/python3.12/site-packages/airflow/example_dags/example_outlet_event_extra.py for tasks to queue
[2024-08-20T03:32:14.016+0000] {logging_mixin.py:190} INFO - [2024-08-20T03:32:14.015+0000] {dagbag.py:587} INFO - Filling up the DagBag from /home/airflow/.local/lib/python3.12/site-packages/airflow/example_dags/example_outlet_event_extra.py
[2024-08-20T03:32:14.161+0000] {processor.py:925} INFO - DAG(s) 'dataset_with_extra_by_yield', 'dataset_with_extra_from_classic_operator', 'dataset_with_extra_by_context' retrieved from /home/airflow/.local/lib/python3.12/site-packages/airflow/example_dags/example_outlet_event_extra.py
[2024-08-20T03:32:14.277+0000] {logging_mixin.py:190} INFO - [2024-08-20T03:32:14.276+0000] {override.py:1858} INFO - Created Permission View: can read on DAG:dataset_with_extra_by_yield
[2024-08-20T03:32:14.294+0000] {logging_mixin.py:190} INFO - [2024-08-20T03:32:14.294+0000] {override.py:1858} INFO - Created Permission View: can delete on DAG:dataset_with_extra_by_yield
[2024-08-20T03:32:14.305+0000] {logging_mixin.py:190} INFO - [2024-08-20T03:32:14.305+0000] {override.py:1858} INFO - Created Permission View: can edit on DAG:dataset_with_extra_by_yield
[2024-08-20T03:32:14.328+0000] {logging_mixin.py:190} INFO - [2024-08-20T03:32:14.327+0000] {override.py:1858} INFO - Created Permission View: can read on DAG:dataset_with_extra_from_classic_operator
[2024-08-20T03:32:14.342+0000] {logging_mixin.py:190} INFO - [2024-08-20T03:32:14.342+0000] {override.py:1858} INFO - Created Permission View: can delete on DAG:dataset_with_extra_from_classic_operator
[2024-08-20T03:32:14.354+0000] {logging_mixin.py:190} INFO - [2024-08-20T03:32:14.353+0000] {override.py:1858} INFO - Created Permission View: can edit on DAG:dataset_with_extra_from_classic_operator
[2024-08-20T03:32:14.382+0000] {logging_mixin.py:190} INFO - [2024-08-20T03:32:14.382+0000] {override.py:1858} INFO - Created Permission View: can read on DAG:dataset_with_extra_by_context
[2024-08-20T03:32:14.395+0000] {logging_mixin.py:190} INFO - [2024-08-20T03:32:14.394+0000] {override.py:1858} INFO - Created Permission View: can delete on DAG:dataset_with_extra_by_context
[2024-08-20T03:32:14.410+0000] {logging_mixin.py:190} INFO - [2024-08-20T03:32:14.409+0000] {override.py:1858} INFO - Created Permission View: can edit on DAG:dataset_with_extra_by_context
[2024-08-20T03:32:14.411+0000] {logging_mixin.py:190} INFO - [2024-08-20T03:32:14.410+0000] {dag.py:3211} INFO - Sync 3 DAGs
[2024-08-20T03:32:14.431+0000] {logging_mixin.py:190} INFO - [2024-08-20T03:32:14.431+0000] {dag.py:3234} INFO - Creating ORM DAG for dataset_with_extra_from_classic_operator
[2024-08-20T03:32:14.433+0000] {logging_mixin.py:190} INFO - [2024-08-20T03:32:14.432+0000] {dag.py:3234} INFO - Creating ORM DAG for dataset_with_extra_by_yield
[2024-08-20T03:32:14.434+0000] {logging_mixin.py:190} INFO - [2024-08-20T03:32:14.434+0000] {dag.py:3234} INFO - Creating ORM DAG for dataset_with_extra_by_context
[2024-08-20T03:32:14.448+0000] {logging_mixin.py:190} INFO - [2024-08-20T03:32:14.448+0000] {dag.py:4138} INFO - Setting next_dagrun for dataset_with_extra_by_context to 2024-08-19 00:00:00+00:00, run_after=2024-08-20 00:00:00+00:00
[2024-08-20T03:32:14.451+0000] {logging_mixin.py:190} INFO - [2024-08-20T03:32:14.451+0000] {dag.py:4138} INFO - Setting next_dagrun for dataset_with_extra_by_yield to 2024-08-19 00:00:00+00:00, run_after=2024-08-20 00:00:00+00:00
[2024-08-20T03:32:14.454+0000] {logging_mixin.py:190} INFO - [2024-08-20T03:32:14.453+0000] {dag.py:4138} INFO - Setting next_dagrun for dataset_with_extra_from_classic_operator to 2024-08-19 00:00:00+00:00, run_after=2024-08-20 00:00:00+00:00
[2024-08-20T03:32:14.489+0000] {processor.py:208} INFO - Processing /home/airflow/.local/lib/python3.12/site-packages/airflow/example_dags/example_outlet_event_extra.py took 0.484 seconds
[2024-08-20T03:32:45.285+0000] {processor.py:186} INFO - Started process (PID=564) to work on /home/airflow/.local/lib/python3.12/site-packages/airflow/example_dags/example_outlet_event_extra.py
[2024-08-20T03:32:45.287+0000] {processor.py:914} INFO - Processing file /home/airflow/.local/lib/python3.12/site-packages/airflow/example_dags/example_outlet_event_extra.py for tasks to queue
[2024-08-20T03:32:45.291+0000] {logging_mixin.py:190} INFO - [2024-08-20T03:32:45.291+0000] {dagbag.py:587} INFO - Filling up the DagBag from /home/airflow/.local/lib/python3.12/site-packages/airflow/example_dags/example_outlet_event_extra.py
[2024-08-20T03:32:45.470+0000] {processor.py:925} INFO - DAG(s) 'dataset_with_extra_by_context', 'dataset_with_extra_by_yield', 'dataset_with_extra_from_classic_operator' retrieved from /home/airflow/.local/lib/python3.12/site-packages/airflow/example_dags/example_outlet_event_extra.py
[2024-08-20T03:32:45.503+0000] {logging_mixin.py:190} INFO - [2024-08-20T03:32:45.503+0000] {dag.py:3211} INFO - Sync 3 DAGs
[2024-08-20T03:32:45.540+0000] {logging_mixin.py:190} INFO - [2024-08-20T03:32:45.539+0000] {dag.py:4138} INFO - Setting next_dagrun for dataset_with_extra_by_context to 2024-08-19 00:00:00+00:00, run_after=2024-08-20 00:00:00+00:00
[2024-08-20T03:32:45.546+0000] {logging_mixin.py:190} INFO - [2024-08-20T03:32:45.546+0000] {dag.py:4138} INFO - Setting next_dagrun for dataset_with_extra_by_yield to 2024-08-19 00:00:00+00:00, run_after=2024-08-20 00:00:00+00:00
[2024-08-20T03:32:45.550+0000] {logging_mixin.py:190} INFO - [2024-08-20T03:32:45.549+0000] {dag.py:4138} INFO - Setting next_dagrun for dataset_with_extra_from_classic_operator to 2024-08-19 00:00:00+00:00, run_after=2024-08-20 00:00:00+00:00
[2024-08-20T03:32:45.581+0000] {processor.py:208} INFO - Processing /home/airflow/.local/lib/python3.12/site-packages/airflow/example_dags/example_outlet_event_extra.py took 0.306 seconds
[2024-08-20T03:33:15.780+0000] {processor.py:186} INFO - Started process (PID=850) to work on /home/airflow/.local/lib/python3.12/site-packages/airflow/example_dags/example_outlet_event_extra.py
[2024-08-20T03:33:15.781+0000] {processor.py:914} INFO - Processing file /home/airflow/.local/lib/python3.12/site-packages/airflow/example_dags/example_outlet_event_extra.py for tasks to queue
[2024-08-20T03:33:15.785+0000] {logging_mixin.py:190} INFO - [2024-08-20T03:33:15.784+0000] {dagbag.py:587} INFO - Filling up the DagBag from /home/airflow/.local/lib/python3.12/site-packages/airflow/example_dags/example_outlet_event_extra.py
[2024-08-20T03:33:15.927+0000] {processor.py:925} INFO - DAG(s) 'dataset_with_extra_from_classic_operator', 'dataset_with_extra_by_yield', 'dataset_with_extra_by_context' retrieved from /home/airflow/.local/lib/python3.12/site-packages/airflow/example_dags/example_outlet_event_extra.py
[2024-08-20T03:33:15.956+0000] {logging_mixin.py:190} INFO - [2024-08-20T03:33:15.956+0000] {dag.py:3211} INFO - Sync 3 DAGs
[2024-08-20T03:33:15.987+0000] {logging_mixin.py:190} INFO - [2024-08-20T03:33:15.987+0000] {dag.py:4138} INFO - Setting next_dagrun for dataset_with_extra_by_context to 2024-08-19 00:00:00+00:00, run_after=2024-08-20 00:00:00+00:00
[2024-08-20T03:33:15.993+0000] {logging_mixin.py:190} INFO - [2024-08-20T03:33:15.992+0000] {dag.py:4138} INFO - Setting next_dagrun for dataset_with_extra_by_yield to 2024-08-19 00:00:00+00:00, run_after=2024-08-20 00:00:00+00:00
[2024-08-20T03:33:15.996+0000] {logging_mixin.py:190} INFO - [2024-08-20T03:33:15.995+0000] {dag.py:4138} INFO - Setting next_dagrun for dataset_with_extra_from_classic_operator to 2024-08-19 00:00:00+00:00, run_after=2024-08-20 00:00:00+00:00
[2024-08-20T03:33:16.025+0000] {processor.py:208} INFO - Processing /home/airflow/.local/lib/python3.12/site-packages/airflow/example_dags/example_outlet_event_extra.py took 0.255 seconds
[2024-08-20T03:33:46.179+0000] {processor.py:186} INFO - Started process (PID=1136) to work on /home/airflow/.local/lib/python3.12/site-packages/airflow/example_dags/example_outlet_event_extra.py
[2024-08-20T03:33:46.180+0000] {processor.py:914} INFO - Processing file /home/airflow/.local/lib/python3.12/site-packages/airflow/example_dags/example_outlet_event_extra.py for tasks to queue
[2024-08-20T03:33:46.184+0000] {logging_mixin.py:190} INFO - [2024-08-20T03:33:46.184+0000] {dagbag.py:587} INFO - Filling up the DagBag from /home/airflow/.local/lib/python3.12/site-packages/airflow/example_dags/example_outlet_event_extra.py
[2024-08-20T03:33:46.338+0000] {processor.py:925} INFO - DAG(s) 'dataset_with_extra_by_yield', 'dataset_with_extra_by_context', 'dataset_with_extra_from_classic_operator' retrieved from /home/airflow/.local/lib/python3.12/site-packages/airflow/example_dags/example_outlet_event_extra.py
[2024-08-20T03:33:46.365+0000] {logging_mixin.py:190} INFO - [2024-08-20T03:33:46.365+0000] {dag.py:3211} INFO - Sync 3 DAGs
[2024-08-20T03:33:46.394+0000] {logging_mixin.py:190} INFO - [2024-08-20T03:33:46.394+0000] {dag.py:4138} INFO - Setting next_dagrun for dataset_with_extra_by_context to 2024-08-19 00:00:00+00:00, run_after=2024-08-20 00:00:00+00:00
[2024-08-20T03:33:46.400+0000] {logging_mixin.py:190} INFO - [2024-08-20T03:33:46.400+0000] {dag.py:4138} INFO - Setting next_dagrun for dataset_with_extra_by_yield to 2024-08-19 00:00:00+00:00, run_after=2024-08-20 00:00:00+00:00
[2024-08-20T03:33:46.403+0000] {logging_mixin.py:190} INFO - [2024-08-20T03:33:46.403+0000] {dag.py:4138} INFO - Setting next_dagrun for dataset_with_extra_from_classic_operator to 2024-08-19 00:00:00+00:00, run_after=2024-08-20 00:00:00+00:00
[2024-08-20T03:33:46.429+0000] {processor.py:208} INFO - Processing /home/airflow/.local/lib/python3.12/site-packages/airflow/example_dags/example_outlet_event_extra.py took 0.259 seconds
[2024-08-20T03:34:16.550+0000] {processor.py:186} INFO - Started process (PID=1422) to work on /home/airflow/.local/lib/python3.12/site-packages/airflow/example_dags/example_outlet_event_extra.py
[2024-08-20T03:34:16.551+0000] {processor.py:914} INFO - Processing file /home/airflow/.local/lib/python3.12/site-packages/airflow/example_dags/example_outlet_event_extra.py for tasks to queue
[2024-08-20T03:34:16.554+0000] {logging_mixin.py:190} INFO - [2024-08-20T03:34:16.554+0000] {dagbag.py:587} INFO - Filling up the DagBag from /home/airflow/.local/lib/python3.12/site-packages/airflow/example_dags/example_outlet_event_extra.py
[2024-08-20T03:34:16.690+0000] {processor.py:925} INFO - DAG(s) 'dataset_with_extra_by_yield', 'dataset_with_extra_by_context', 'dataset_with_extra_from_classic_operator' retrieved from /home/airflow/.local/lib/python3.12/site-packages/airflow/example_dags/example_outlet_event_extra.py
[2024-08-20T03:34:16.728+0000] {logging_mixin.py:190} INFO - [2024-08-20T03:34:16.727+0000] {dag.py:3211} INFO - Sync 3 DAGs
[2024-08-20T03:34:16.754+0000] {logging_mixin.py:190} INFO - [2024-08-20T03:34:16.754+0000] {dag.py:4138} INFO - Setting next_dagrun for dataset_with_extra_by_context to 2024-08-19 00:00:00+00:00, run_after=2024-08-20 00:00:00+00:00
[2024-08-20T03:34:16.760+0000] {logging_mixin.py:190} INFO - [2024-08-20T03:34:16.760+0000] {dag.py:4138} INFO - Setting next_dagrun for dataset_with_extra_by_yield to 2024-08-19 00:00:00+00:00, run_after=2024-08-20 00:00:00+00:00
[2024-08-20T03:34:16.763+0000] {logging_mixin.py:190} INFO - [2024-08-20T03:34:16.763+0000] {dag.py:4138} INFO - Setting next_dagrun for dataset_with_extra_from_classic_operator to 2024-08-19 00:00:00+00:00, run_after=2024-08-20 00:00:00+00:00
[2024-08-20T03:34:16.791+0000] {processor.py:208} INFO - Processing /home/airflow/.local/lib/python3.12/site-packages/airflow/example_dags/example_outlet_event_extra.py took 0.249 seconds
[2024-08-20T03:34:47.332+0000] {processor.py:186} INFO - Started process (PID=1708) to work on /home/airflow/.local/lib/python3.12/site-packages/airflow/example_dags/example_outlet_event_extra.py
[2024-08-20T03:34:47.335+0000] {processor.py:914} INFO - Processing file /home/airflow/.local/lib/python3.12/site-packages/airflow/example_dags/example_outlet_event_extra.py for tasks to queue
[2024-08-20T03:34:47.343+0000] {logging_mixin.py:190} INFO - [2024-08-20T03:34:47.343+0000] {dagbag.py:587} INFO - Filling up the DagBag from /home/airflow/.local/lib/python3.12/site-packages/airflow/example_dags/example_outlet_event_extra.py
[2024-08-20T03:34:47.492+0000] {processor.py:925} INFO - DAG(s) 'dataset_with_extra_by_context', 'dataset_with_extra_by_yield', 'dataset_with_extra_from_classic_operator' retrieved from /home/airflow/.local/lib/python3.12/site-packages/airflow/example_dags/example_outlet_event_extra.py
[2024-08-20T03:34:47.520+0000] {logging_mixin.py:190} INFO - [2024-08-20T03:34:47.519+0000] {dag.py:3211} INFO - Sync 3 DAGs
[2024-08-20T03:34:47.550+0000] {logging_mixin.py:190} INFO - [2024-08-20T03:34:47.550+0000] {dag.py:4138} INFO - Setting next_dagrun for dataset_with_extra_by_context to 2024-08-19 00:00:00+00:00, run_after=2024-08-20 00:00:00+00:00
[2024-08-20T03:34:47.556+0000] {logging_mixin.py:190} INFO - [2024-08-20T03:34:47.556+0000] {dag.py:4138} INFO - Setting next_dagrun for dataset_with_extra_by_yield to 2024-08-19 00:00:00+00:00, run_after=2024-08-20 00:00:00+00:00
[2024-08-20T03:34:47.560+0000] {logging_mixin.py:190} INFO - [2024-08-20T03:34:47.559+0000] {dag.py:4138} INFO - Setting next_dagrun for dataset_with_extra_from_classic_operator to 2024-08-19 00:00:00+00:00, run_after=2024-08-20 00:00:00+00:00
[2024-08-20T03:34:47.590+0000] {processor.py:208} INFO - Processing /home/airflow/.local/lib/python3.12/site-packages/airflow/example_dags/example_outlet_event_extra.py took 0.267 seconds
[2024-08-20T03:35:17.962+0000] {processor.py:186} INFO - Started process (PID=1994) to work on /home/airflow/.local/lib/python3.12/site-packages/airflow/example_dags/example_outlet_event_extra.py
[2024-08-20T03:35:17.963+0000] {processor.py:914} INFO - Processing file /home/airflow/.local/lib/python3.12/site-packages/airflow/example_dags/example_outlet_event_extra.py for tasks to queue
[2024-08-20T03:35:17.966+0000] {logging_mixin.py:190} INFO - [2024-08-20T03:35:17.966+0000] {dagbag.py:587} INFO - Filling up the DagBag from /home/airflow/.local/lib/python3.12/site-packages/airflow/example_dags/example_outlet_event_extra.py
[2024-08-20T03:35:18.103+0000] {processor.py:925} INFO - DAG(s) 'dataset_with_extra_by_yield', 'dataset_with_extra_by_context', 'dataset_with_extra_from_classic_operator' retrieved from /home/airflow/.local/lib/python3.12/site-packages/airflow/example_dags/example_outlet_event_extra.py
[2024-08-20T03:35:18.128+0000] {logging_mixin.py:190} INFO - [2024-08-20T03:35:18.127+0000] {dag.py:3211} INFO - Sync 3 DAGs
[2024-08-20T03:35:18.154+0000] {logging_mixin.py:190} INFO - [2024-08-20T03:35:18.154+0000] {dag.py:4138} INFO - Setting next_dagrun for dataset_with_extra_by_context to 2024-08-19 00:00:00+00:00, run_after=2024-08-20 00:00:00+00:00
[2024-08-20T03:35:18.160+0000] {logging_mixin.py:190} INFO - [2024-08-20T03:35:18.160+0000] {dag.py:4138} INFO - Setting next_dagrun for dataset_with_extra_by_yield to 2024-08-19 00:00:00+00:00, run_after=2024-08-20 00:00:00+00:00
[2024-08-20T03:35:18.163+0000] {logging_mixin.py:190} INFO - [2024-08-20T03:35:18.163+0000] {dag.py:4138} INFO - Setting next_dagrun for dataset_with_extra_from_classic_operator to 2024-08-19 00:00:00+00:00, run_after=2024-08-20 00:00:00+00:00
[2024-08-20T03:35:18.191+0000] {processor.py:208} INFO - Processing /home/airflow/.local/lib/python3.12/site-packages/airflow/example_dags/example_outlet_event_extra.py took 0.240 seconds
[2024-08-20T03:35:48.426+0000] {processor.py:186} INFO - Started process (PID=2280) to work on /home/airflow/.local/lib/python3.12/site-packages/airflow/example_dags/example_outlet_event_extra.py
[2024-08-20T03:35:48.427+0000] {processor.py:914} INFO - Processing file /home/airflow/.local/lib/python3.12/site-packages/airflow/example_dags/example_outlet_event_extra.py for tasks to queue
[2024-08-20T03:35:48.430+0000] {logging_mixin.py:190} INFO - [2024-08-20T03:35:48.430+0000] {dagbag.py:587} INFO - Filling up the DagBag from /home/airflow/.local/lib/python3.12/site-packages/airflow/example_dags/example_outlet_event_extra.py
[2024-08-20T03:35:48.589+0000] {processor.py:925} INFO - DAG(s) 'dataset_with_extra_from_classic_operator', 'dataset_with_extra_by_yield', 'dataset_with_extra_by_context' retrieved from /home/airflow/.local/lib/python3.12/site-packages/airflow/example_dags/example_outlet_event_extra.py
[2024-08-20T03:35:48.620+0000] {logging_mixin.py:190} INFO - [2024-08-20T03:35:48.619+0000] {dag.py:3211} INFO - Sync 3 DAGs
[2024-08-20T03:35:48.651+0000] {logging_mixin.py:190} INFO - [2024-08-20T03:35:48.650+0000] {dag.py:4138} INFO - Setting next_dagrun for dataset_with_extra_by_context to 2024-08-19 00:00:00+00:00, run_after=2024-08-20 00:00:00+00:00
[2024-08-20T03:35:48.657+0000] {logging_mixin.py:190} INFO - [2024-08-20T03:35:48.657+0000] {dag.py:4138} INFO - Setting next_dagrun for dataset_with_extra_by_yield to 2024-08-19 00:00:00+00:00, run_after=2024-08-20 00:00:00+00:00
[2024-08-20T03:35:48.660+0000] {logging_mixin.py:190} INFO - [2024-08-20T03:35:48.660+0000] {dag.py:4138} INFO - Setting next_dagrun for dataset_with_extra_from_classic_operator to 2024-08-19 00:00:00+00:00, run_after=2024-08-20 00:00:00+00:00
[2024-08-20T03:35:48.690+0000] {processor.py:208} INFO - Processing /home/airflow/.local/lib/python3.12/site-packages/airflow/example_dags/example_outlet_event_extra.py took 0.273 seconds
[2024-08-20T03:36:19.032+0000] {processor.py:186} INFO - Started process (PID=2566) to work on /home/airflow/.local/lib/python3.12/site-packages/airflow/example_dags/example_outlet_event_extra.py
[2024-08-20T03:36:19.034+0000] {processor.py:914} INFO - Processing file /home/airflow/.local/lib/python3.12/site-packages/airflow/example_dags/example_outlet_event_extra.py for tasks to queue
[2024-08-20T03:36:19.038+0000] {logging_mixin.py:190} INFO - [2024-08-20T03:36:19.037+0000] {dagbag.py:587} INFO - Filling up the DagBag from /home/airflow/.local/lib/python3.12/site-packages/airflow/example_dags/example_outlet_event_extra.py
[2024-08-20T03:36:19.189+0000] {processor.py:925} INFO - DAG(s) 'dataset_with_extra_by_yield', 'dataset_with_extra_by_context', 'dataset_with_extra_from_classic_operator' retrieved from /home/airflow/.local/lib/python3.12/site-packages/airflow/example_dags/example_outlet_event_extra.py
[2024-08-20T03:36:19.215+0000] {logging_mixin.py:190} INFO - [2024-08-20T03:36:19.215+0000] {dag.py:3211} INFO - Sync 3 DAGs
[2024-08-20T03:36:19.242+0000] {logging_mixin.py:190} INFO - [2024-08-20T03:36:19.242+0000] {dag.py:4138} INFO - Setting next_dagrun for dataset_with_extra_by_context to 2024-08-19 00:00:00+00:00, run_after=2024-08-20 00:00:00+00:00
[2024-08-20T03:36:19.248+0000] {logging_mixin.py:190} INFO - [2024-08-20T03:36:19.248+0000] {dag.py:4138} INFO - Setting next_dagrun for dataset_with_extra_by_yield to 2024-08-19 00:00:00+00:00, run_after=2024-08-20 00:00:00+00:00
[2024-08-20T03:36:19.251+0000] {logging_mixin.py:190} INFO - [2024-08-20T03:36:19.251+0000] {dag.py:4138} INFO - Setting next_dagrun for dataset_with_extra_from_classic_operator to 2024-08-19 00:00:00+00:00, run_after=2024-08-20 00:00:00+00:00
[2024-08-20T03:36:19.275+0000] {processor.py:208} INFO - Processing /home/airflow/.local/lib/python3.12/site-packages/airflow/example_dags/example_outlet_event_extra.py took 0.253 seconds
[2024-08-20T03:36:49.357+0000] {processor.py:186} INFO - Started process (PID=2852) to work on /home/airflow/.local/lib/python3.12/site-packages/airflow/example_dags/example_outlet_event_extra.py
[2024-08-20T03:36:49.358+0000] {processor.py:914} INFO - Processing file /home/airflow/.local/lib/python3.12/site-packages/airflow/example_dags/example_outlet_event_extra.py for tasks to queue
[2024-08-20T03:36:49.361+0000] {logging_mixin.py:190} INFO - [2024-08-20T03:36:49.361+0000] {dagbag.py:587} INFO - Filling up the DagBag from /home/airflow/.local/lib/python3.12/site-packages/airflow/example_dags/example_outlet_event_extra.py
[2024-08-20T03:36:49.499+0000] {processor.py:925} INFO - DAG(s) 'dataset_with_extra_from_classic_operator', 'dataset_with_extra_by_yield', 'dataset_with_extra_by_context' retrieved from /home/airflow/.local/lib/python3.12/site-packages/airflow/example_dags/example_outlet_event_extra.py
[2024-08-20T03:36:49.528+0000] {logging_mixin.py:190} INFO - [2024-08-20T03:36:49.527+0000] {dag.py:3211} INFO - Sync 3 DAGs
[2024-08-20T03:36:49.559+0000] {logging_mixin.py:190} INFO - [2024-08-20T03:36:49.559+0000] {dag.py:4138} INFO - Setting next_dagrun for dataset_with_extra_by_context to 2024-08-19 00:00:00+00:00, run_after=2024-08-20 00:00:00+00:00
[2024-08-20T03:36:49.566+0000] {logging_mixin.py:190} INFO - [2024-08-20T03:36:49.565+0000] {dag.py:4138} INFO - Setting next_dagrun for dataset_with_extra_by_yield to 2024-08-19 00:00:00+00:00, run_after=2024-08-20 00:00:00+00:00
[2024-08-20T03:36:49.570+0000] {logging_mixin.py:190} INFO - [2024-08-20T03:36:49.569+0000] {dag.py:4138} INFO - Setting next_dagrun for dataset_with_extra_from_classic_operator to 2024-08-19 00:00:00+00:00, run_after=2024-08-20 00:00:00+00:00
[2024-08-20T03:36:49.597+0000] {processor.py:208} INFO - Processing /home/airflow/.local/lib/python3.12/site-packages/airflow/example_dags/example_outlet_event_extra.py took 0.250 seconds
[2024-08-20T03:37:19.822+0000] {processor.py:186} INFO - Started process (PID=3138) to work on /home/airflow/.local/lib/python3.12/site-packages/airflow/example_dags/example_outlet_event_extra.py
[2024-08-20T03:37:19.823+0000] {processor.py:914} INFO - Processing file /home/airflow/.local/lib/python3.12/site-packages/airflow/example_dags/example_outlet_event_extra.py for tasks to queue
[2024-08-20T03:37:19.826+0000] {logging_mixin.py:190} INFO - [2024-08-20T03:37:19.826+0000] {dagbag.py:587} INFO - Filling up the DagBag from /home/airflow/.local/lib/python3.12/site-packages/airflow/example_dags/example_outlet_event_extra.py
[2024-08-20T03:37:19.953+0000] {processor.py:925} INFO - DAG(s) 'dataset_with_extra_from_classic_operator', 'dataset_with_extra_by_context', 'dataset_with_extra_by_yield' retrieved from /home/airflow/.local/lib/python3.12/site-packages/airflow/example_dags/example_outlet_event_extra.py
[2024-08-20T03:37:19.984+0000] {logging_mixin.py:190} INFO - [2024-08-20T03:37:19.984+0000] {dag.py:3211} INFO - Sync 3 DAGs
[2024-08-20T03:37:20.011+0000] {logging_mixin.py:190} INFO - [2024-08-20T03:37:20.011+0000] {dag.py:4138} INFO - Setting next_dagrun for dataset_with_extra_by_context to 2024-08-19 00:00:00+00:00, run_after=2024-08-20 00:00:00+00:00
[2024-08-20T03:37:20.018+0000] {logging_mixin.py:190} INFO - [2024-08-20T03:37:20.017+0000] {dag.py:4138} INFO - Setting next_dagrun for dataset_with_extra_by_yield to 2024-08-19 00:00:00+00:00, run_after=2024-08-20 00:00:00+00:00
[2024-08-20T03:37:20.020+0000] {logging_mixin.py:190} INFO - [2024-08-20T03:37:20.020+0000] {dag.py:4138} INFO - Setting next_dagrun for dataset_with_extra_from_classic_operator to 2024-08-19 00:00:00+00:00, run_after=2024-08-20 00:00:00+00:00
[2024-08-20T03:37:20.045+0000] {processor.py:208} INFO - Processing /home/airflow/.local/lib/python3.12/site-packages/airflow/example_dags/example_outlet_event_extra.py took 0.235 seconds
[2024-08-20T03:37:50.137+0000] {processor.py:186} INFO - Started process (PID=3424) to work on /home/airflow/.local/lib/python3.12/site-packages/airflow/example_dags/example_outlet_event_extra.py
[2024-08-20T03:37:50.138+0000] {processor.py:914} INFO - Processing file /home/airflow/.local/lib/python3.12/site-packages/airflow/example_dags/example_outlet_event_extra.py for tasks to queue
[2024-08-20T03:37:50.142+0000] {logging_mixin.py:190} INFO - [2024-08-20T03:37:50.141+0000] {dagbag.py:587} INFO - Filling up the DagBag from /home/airflow/.local/lib/python3.12/site-packages/airflow/example_dags/example_outlet_event_extra.py
[2024-08-20T03:37:50.284+0000] {processor.py:925} INFO - DAG(s) 'dataset_with_extra_by_context', 'dataset_with_extra_by_yield', 'dataset_with_extra_from_classic_operator' retrieved from /home/airflow/.local/lib/python3.12/site-packages/airflow/example_dags/example_outlet_event_extra.py
[2024-08-20T03:37:50.309+0000] {logging_mixin.py:190} INFO - [2024-08-20T03:37:50.309+0000] {dag.py:3211} INFO - Sync 3 DAGs
[2024-08-20T03:37:50.337+0000] {logging_mixin.py:190} INFO - [2024-08-20T03:37:50.337+0000] {dag.py:4138} INFO - Setting next_dagrun for dataset_with_extra_by_context to 2024-08-19 00:00:00+00:00, run_after=2024-08-20 00:00:00+00:00
[2024-08-20T03:37:50.342+0000] {logging_mixin.py:190} INFO - [2024-08-20T03:37:50.342+0000] {dag.py:4138} INFO - Setting next_dagrun for dataset_with_extra_by_yield to 2024-08-19 00:00:00+00:00, run_after=2024-08-20 00:00:00+00:00
[2024-08-20T03:37:50.345+0000] {logging_mixin.py:190} INFO - [2024-08-20T03:37:50.345+0000] {dag.py:4138} INFO - Setting next_dagrun for dataset_with_extra_from_classic_operator to 2024-08-19 00:00:00+00:00, run_after=2024-08-20 00:00:00+00:00
[2024-08-20T03:37:50.370+0000] {processor.py:208} INFO - Processing /home/airflow/.local/lib/python3.12/site-packages/airflow/example_dags/example_outlet_event_extra.py took 0.239 seconds
[2024-08-20T03:38:20.549+0000] {processor.py:186} INFO - Started process (PID=3708) to work on /home/airflow/.local/lib/python3.12/site-packages/airflow/example_dags/example_outlet_event_extra.py
[2024-08-20T03:38:20.550+0000] {processor.py:914} INFO - Processing file /home/airflow/.local/lib/python3.12/site-packages/airflow/example_dags/example_outlet_event_extra.py for tasks to queue
[2024-08-20T03:38:20.553+0000] {logging_mixin.py:190} INFO - [2024-08-20T03:38:20.553+0000] {dagbag.py:587} INFO - Filling up the DagBag from /home/airflow/.local/lib/python3.12/site-packages/airflow/example_dags/example_outlet_event_extra.py
[2024-08-20T03:38:20.681+0000] {processor.py:925} INFO - DAG(s) 'dataset_with_extra_from_classic_operator', 'dataset_with_extra_by_yield', 'dataset_with_extra_by_context' retrieved from /home/airflow/.local/lib/python3.12/site-packages/airflow/example_dags/example_outlet_event_extra.py
[2024-08-20T03:38:20.707+0000] {logging_mixin.py:190} INFO - [2024-08-20T03:38:20.707+0000] {dag.py:3211} INFO - Sync 3 DAGs
[2024-08-20T03:38:20.734+0000] {logging_mixin.py:190} INFO - [2024-08-20T03:38:20.733+0000] {dag.py:4138} INFO - Setting next_dagrun for dataset_with_extra_by_context to 2024-08-19 00:00:00+00:00, run_after=2024-08-20 00:00:00+00:00
[2024-08-20T03:38:20.739+0000] {logging_mixin.py:190} INFO - [2024-08-20T03:38:20.739+0000] {dag.py:4138} INFO - Setting next_dagrun for dataset_with_extra_by_yield to 2024-08-19 00:00:00+00:00, run_after=2024-08-20 00:00:00+00:00
[2024-08-20T03:38:20.742+0000] {logging_mixin.py:190} INFO - [2024-08-20T03:38:20.742+0000] {dag.py:4138} INFO - Setting next_dagrun for dataset_with_extra_from_classic_operator to 2024-08-19 00:00:00+00:00, run_after=2024-08-20 00:00:00+00:00
[2024-08-20T03:38:20.767+0000] {processor.py:208} INFO - Processing /home/airflow/.local/lib/python3.12/site-packages/airflow/example_dags/example_outlet_event_extra.py took 0.226 seconds
[2024-08-20T03:38:50.854+0000] {processor.py:186} INFO - Started process (PID=3991) to work on /home/airflow/.local/lib/python3.12/site-packages/airflow/example_dags/example_outlet_event_extra.py
[2024-08-20T03:38:50.856+0000] {processor.py:914} INFO - Processing file /home/airflow/.local/lib/python3.12/site-packages/airflow/example_dags/example_outlet_event_extra.py for tasks to queue
[2024-08-20T03:38:50.860+0000] {logging_mixin.py:190} INFO - [2024-08-20T03:38:50.860+0000] {dagbag.py:587} INFO - Filling up the DagBag from /home/airflow/.local/lib/python3.12/site-packages/airflow/example_dags/example_outlet_event_extra.py
[2024-08-20T03:38:50.987+0000] {processor.py:925} INFO - DAG(s) 'dataset_with_extra_from_classic_operator', 'dataset_with_extra_by_context', 'dataset_with_extra_by_yield' retrieved from /home/airflow/.local/lib/python3.12/site-packages/airflow/example_dags/example_outlet_event_extra.py
[2024-08-20T03:38:51.014+0000] {logging_mixin.py:190} INFO - [2024-08-20T03:38:51.014+0000] {dag.py:3211} INFO - Sync 3 DAGs
[2024-08-20T03:38:51.041+0000] {logging_mixin.py:190} INFO - [2024-08-20T03:38:51.041+0000] {dag.py:4138} INFO - Setting next_dagrun for dataset_with_extra_by_context to 2024-08-19 00:00:00+00:00, run_after=2024-08-20 00:00:00+00:00
[2024-08-20T03:38:51.047+0000] {logging_mixin.py:190} INFO - [2024-08-20T03:38:51.047+0000] {dag.py:4138} INFO - Setting next_dagrun for dataset_with_extra_by_yield to 2024-08-19 00:00:00+00:00, run_after=2024-08-20 00:00:00+00:00
[2024-08-20T03:38:51.051+0000] {logging_mixin.py:190} INFO - [2024-08-20T03:38:51.050+0000] {dag.py:4138} INFO - Setting next_dagrun for dataset_with_extra_from_classic_operator to 2024-08-19 00:00:00+00:00, run_after=2024-08-20 00:00:00+00:00
[2024-08-20T03:38:51.082+0000] {processor.py:208} INFO - Processing /home/airflow/.local/lib/python3.12/site-packages/airflow/example_dags/example_outlet_event_extra.py took 0.238 seconds
[2024-08-20T03:39:21.157+0000] {processor.py:186} INFO - Started process (PID=4277) to work on /home/airflow/.local/lib/python3.12/site-packages/airflow/example_dags/example_outlet_event_extra.py
[2024-08-20T03:39:21.158+0000] {processor.py:914} INFO - Processing file /home/airflow/.local/lib/python3.12/site-packages/airflow/example_dags/example_outlet_event_extra.py for tasks to queue
[2024-08-20T03:39:21.162+0000] {logging_mixin.py:190} INFO - [2024-08-20T03:39:21.161+0000] {dagbag.py:587} INFO - Filling up the DagBag from /home/airflow/.local/lib/python3.12/site-packages/airflow/example_dags/example_outlet_event_extra.py
[2024-08-20T03:39:21.289+0000] {processor.py:925} INFO - DAG(s) 'dataset_with_extra_by_yield', 'dataset_with_extra_from_classic_operator', 'dataset_with_extra_by_context' retrieved from /home/airflow/.local/lib/python3.12/site-packages/airflow/example_dags/example_outlet_event_extra.py
[2024-08-20T03:39:21.314+0000] {logging_mixin.py:190} INFO - [2024-08-20T03:39:21.313+0000] {dag.py:3211} INFO - Sync 3 DAGs
[2024-08-20T03:39:21.339+0000] {logging_mixin.py:190} INFO - [2024-08-20T03:39:21.339+0000] {dag.py:4138} INFO - Setting next_dagrun for dataset_with_extra_by_context to 2024-08-19 00:00:00+00:00, run_after=2024-08-20 00:00:00+00:00
[2024-08-20T03:39:21.345+0000] {logging_mixin.py:190} INFO - [2024-08-20T03:39:21.344+0000] {dag.py:4138} INFO - Setting next_dagrun for dataset_with_extra_by_yield to 2024-08-19 00:00:00+00:00, run_after=2024-08-20 00:00:00+00:00
[2024-08-20T03:39:21.348+0000] {logging_mixin.py:190} INFO - [2024-08-20T03:39:21.348+0000] {dag.py:4138} INFO - Setting next_dagrun for dataset_with_extra_from_classic_operator to 2024-08-19 00:00:00+00:00, run_after=2024-08-20 00:00:00+00:00
[2024-08-20T03:39:21.371+0000] {processor.py:208} INFO - Processing /home/airflow/.local/lib/python3.12/site-packages/airflow/example_dags/example_outlet_event_extra.py took 0.221 seconds
[2024-08-20T03:39:51.568+0000] {processor.py:186} INFO - Started process (PID=4563) to work on /home/airflow/.local/lib/python3.12/site-packages/airflow/example_dags/example_outlet_event_extra.py
[2024-08-20T03:39:51.569+0000] {processor.py:914} INFO - Processing file /home/airflow/.local/lib/python3.12/site-packages/airflow/example_dags/example_outlet_event_extra.py for tasks to queue
[2024-08-20T03:39:51.574+0000] {logging_mixin.py:190} INFO - [2024-08-20T03:39:51.573+0000] {dagbag.py:587} INFO - Filling up the DagBag from /home/airflow/.local/lib/python3.12/site-packages/airflow/example_dags/example_outlet_event_extra.py
[2024-08-20T03:39:51.731+0000] {processor.py:925} INFO - DAG(s) 'dataset_with_extra_by_context', 'dataset_with_extra_by_yield', 'dataset_with_extra_from_classic_operator' retrieved from /home/airflow/.local/lib/python3.12/site-packages/airflow/example_dags/example_outlet_event_extra.py
[2024-08-20T03:39:51.759+0000] {logging_mixin.py:190} INFO - [2024-08-20T03:39:51.759+0000] {dag.py:3211} INFO - Sync 3 DAGs
[2024-08-20T03:39:51.786+0000] {logging_mixin.py:190} INFO - [2024-08-20T03:39:51.785+0000] {dag.py:4138} INFO - Setting next_dagrun for dataset_with_extra_by_context to 2024-08-19 00:00:00+00:00, run_after=2024-08-20 00:00:00+00:00
[2024-08-20T03:39:51.793+0000] {logging_mixin.py:190} INFO - [2024-08-20T03:39:51.793+0000] {dag.py:4138} INFO - Setting next_dagrun for dataset_with_extra_by_yield to 2024-08-19 00:00:00+00:00, run_after=2024-08-20 00:00:00+00:00
[2024-08-20T03:39:51.797+0000] {logging_mixin.py:190} INFO - [2024-08-20T03:39:51.797+0000] {dag.py:4138} INFO - Setting next_dagrun for dataset_with_extra_from_classic_operator to 2024-08-19 00:00:00+00:00, run_after=2024-08-20 00:00:00+00:00
[2024-08-20T03:39:51.827+0000] {processor.py:208} INFO - Processing /home/airflow/.local/lib/python3.12/site-packages/airflow/example_dags/example_outlet_event_extra.py took 0.269 seconds
[2024-08-20T03:40:21.952+0000] {processor.py:186} INFO - Started process (PID=4854) to work on /home/airflow/.local/lib/python3.12/site-packages/airflow/example_dags/example_outlet_event_extra.py
[2024-08-20T03:40:21.953+0000] {processor.py:914} INFO - Processing file /home/airflow/.local/lib/python3.12/site-packages/airflow/example_dags/example_outlet_event_extra.py for tasks to queue
[2024-08-20T03:40:21.957+0000] {logging_mixin.py:190} INFO - [2024-08-20T03:40:21.957+0000] {dagbag.py:587} INFO - Filling up the DagBag from /home/airflow/.local/lib/python3.12/site-packages/airflow/example_dags/example_outlet_event_extra.py
[2024-08-20T03:40:22.087+0000] {processor.py:925} INFO - DAG(s) 'dataset_with_extra_by_context', 'dataset_with_extra_from_classic_operator', 'dataset_with_extra_by_yield' retrieved from /home/airflow/.local/lib/python3.12/site-packages/airflow/example_dags/example_outlet_event_extra.py
[2024-08-20T03:40:22.117+0000] {logging_mixin.py:190} INFO - [2024-08-20T03:40:22.117+0000] {dag.py:3211} INFO - Sync 3 DAGs
[2024-08-20T03:40:22.144+0000] {logging_mixin.py:190} INFO - [2024-08-20T03:40:22.144+0000] {dag.py:4138} INFO - Setting next_dagrun for dataset_with_extra_by_context to 2024-08-19 00:00:00+00:00, run_after=2024-08-20 00:00:00+00:00
[2024-08-20T03:40:22.150+0000] {logging_mixin.py:190} INFO - [2024-08-20T03:40:22.150+0000] {dag.py:4138} INFO - Setting next_dagrun for dataset_with_extra_by_yield to 2024-08-19 00:00:00+00:00, run_after=2024-08-20 00:00:00+00:00
[2024-08-20T03:40:22.153+0000] {logging_mixin.py:190} INFO - [2024-08-20T03:40:22.153+0000] {dag.py:4138} INFO - Setting next_dagrun for dataset_with_extra_from_classic_operator to 2024-08-19 00:00:00+00:00, run_after=2024-08-20 00:00:00+00:00
[2024-08-20T03:40:22.180+0000] {processor.py:208} INFO - Processing /home/airflow/.local/lib/python3.12/site-packages/airflow/example_dags/example_outlet_event_extra.py took 0.236 seconds
[2024-08-20T03:40:52.262+0000] {processor.py:186} INFO - Started process (PID=5135) to work on /home/airflow/.local/lib/python3.12/site-packages/airflow/example_dags/example_outlet_event_extra.py
[2024-08-20T03:40:52.264+0000] {processor.py:914} INFO - Processing file /home/airflow/.local/lib/python3.12/site-packages/airflow/example_dags/example_outlet_event_extra.py for tasks to queue
[2024-08-20T03:40:52.267+0000] {logging_mixin.py:190} INFO - [2024-08-20T03:40:52.266+0000] {dagbag.py:587} INFO - Filling up the DagBag from /home/airflow/.local/lib/python3.12/site-packages/airflow/example_dags/example_outlet_event_extra.py
[2024-08-20T03:40:52.399+0000] {processor.py:925} INFO - DAG(s) 'dataset_with_extra_by_yield', 'dataset_with_extra_from_classic_operator', 'dataset_with_extra_by_context' retrieved from /home/airflow/.local/lib/python3.12/site-packages/airflow/example_dags/example_outlet_event_extra.py
[2024-08-20T03:40:52.425+0000] {logging_mixin.py:190} INFO - [2024-08-20T03:40:52.424+0000] {dag.py:3211} INFO - Sync 3 DAGs
[2024-08-20T03:40:52.453+0000] {logging_mixin.py:190} INFO - [2024-08-20T03:40:52.453+0000] {dag.py:4138} INFO - Setting next_dagrun for dataset_with_extra_by_context to 2024-08-19 00:00:00+00:00, run_after=2024-08-20 00:00:00+00:00
[2024-08-20T03:40:52.459+0000] {logging_mixin.py:190} INFO - [2024-08-20T03:40:52.459+0000] {dag.py:4138} INFO - Setting next_dagrun for dataset_with_extra_by_yield to 2024-08-19 00:00:00+00:00, run_after=2024-08-20 00:00:00+00:00
[2024-08-20T03:40:52.462+0000] {logging_mixin.py:190} INFO - [2024-08-20T03:40:52.462+0000] {dag.py:4138} INFO - Setting next_dagrun for dataset_with_extra_from_classic_operator to 2024-08-19 00:00:00+00:00, run_after=2024-08-20 00:00:00+00:00
[2024-08-20T03:40:52.489+0000] {processor.py:208} INFO - Processing /home/airflow/.local/lib/python3.12/site-packages/airflow/example_dags/example_outlet_event_extra.py took 0.236 seconds
[2024-08-20T03:41:22.756+0000] {processor.py:186} INFO - Started process (PID=5421) to work on /home/airflow/.local/lib/python3.12/site-packages/airflow/example_dags/example_outlet_event_extra.py
[2024-08-20T03:41:22.757+0000] {processor.py:914} INFO - Processing file /home/airflow/.local/lib/python3.12/site-packages/airflow/example_dags/example_outlet_event_extra.py for tasks to queue
[2024-08-20T03:41:22.761+0000] {logging_mixin.py:190} INFO - [2024-08-20T03:41:22.761+0000] {dagbag.py:587} INFO - Filling up the DagBag from /home/airflow/.local/lib/python3.12/site-packages/airflow/example_dags/example_outlet_event_extra.py
[2024-08-20T03:41:22.903+0000] {processor.py:925} INFO - DAG(s) 'dataset_with_extra_by_context', 'dataset_with_extra_from_classic_operator', 'dataset_with_extra_by_yield' retrieved from /home/airflow/.local/lib/python3.12/site-packages/airflow/example_dags/example_outlet_event_extra.py
[2024-08-20T03:41:22.928+0000] {logging_mixin.py:190} INFO - [2024-08-20T03:41:22.928+0000] {dag.py:3211} INFO - Sync 3 DAGs
[2024-08-20T03:41:22.956+0000] {logging_mixin.py:190} INFO - [2024-08-20T03:41:22.956+0000] {dag.py:4138} INFO - Setting next_dagrun for dataset_with_extra_by_context to 2024-08-19 00:00:00+00:00, run_after=2024-08-20 00:00:00+00:00
[2024-08-20T03:41:22.961+0000] {logging_mixin.py:190} INFO - [2024-08-20T03:41:22.961+0000] {dag.py:4138} INFO - Setting next_dagrun for dataset_with_extra_by_yield to 2024-08-19 00:00:00+00:00, run_after=2024-08-20 00:00:00+00:00
[2024-08-20T03:41:22.964+0000] {logging_mixin.py:190} INFO - [2024-08-20T03:41:22.964+0000] {dag.py:4138} INFO - Setting next_dagrun for dataset_with_extra_from_classic_operator to 2024-08-19 00:00:00+00:00, run_after=2024-08-20 00:00:00+00:00
[2024-08-20T03:41:22.989+0000] {processor.py:208} INFO - Processing /home/airflow/.local/lib/python3.12/site-packages/airflow/example_dags/example_outlet_event_extra.py took 0.242 seconds
[2024-08-20T03:41:53.155+0000] {processor.py:186} INFO - Started process (PID=5707) to work on /home/airflow/.local/lib/python3.12/site-packages/airflow/example_dags/example_outlet_event_extra.py
[2024-08-20T03:41:53.156+0000] {processor.py:914} INFO - Processing file /home/airflow/.local/lib/python3.12/site-packages/airflow/example_dags/example_outlet_event_extra.py for tasks to queue
[2024-08-20T03:41:53.160+0000] {logging_mixin.py:190} INFO - [2024-08-20T03:41:53.159+0000] {dagbag.py:587} INFO - Filling up the DagBag from /home/airflow/.local/lib/python3.12/site-packages/airflow/example_dags/example_outlet_event_extra.py
[2024-08-20T03:41:53.291+0000] {processor.py:925} INFO - DAG(s) 'dataset_with_extra_by_yield', 'dataset_with_extra_from_classic_operator', 'dataset_with_extra_by_context' retrieved from /home/airflow/.local/lib/python3.12/site-packages/airflow/example_dags/example_outlet_event_extra.py
[2024-08-20T03:41:53.316+0000] {logging_mixin.py:190} INFO - [2024-08-20T03:41:53.316+0000] {dag.py:3211} INFO - Sync 3 DAGs
[2024-08-20T03:41:53.343+0000] {logging_mixin.py:190} INFO - [2024-08-20T03:41:53.343+0000] {dag.py:4138} INFO - Setting next_dagrun for dataset_with_extra_by_context to 2024-08-19 00:00:00+00:00, run_after=2024-08-20 00:00:00+00:00
[2024-08-20T03:41:53.349+0000] {logging_mixin.py:190} INFO - [2024-08-20T03:41:53.348+0000] {dag.py:4138} INFO - Setting next_dagrun for dataset_with_extra_by_yield to 2024-08-19 00:00:00+00:00, run_after=2024-08-20 00:00:00+00:00
[2024-08-20T03:41:53.352+0000] {logging_mixin.py:190} INFO - [2024-08-20T03:41:53.351+0000] {dag.py:4138} INFO - Setting next_dagrun for dataset_with_extra_from_classic_operator to 2024-08-19 00:00:00+00:00, run_after=2024-08-20 00:00:00+00:00
[2024-08-20T03:41:53.376+0000] {processor.py:208} INFO - Processing /home/airflow/.local/lib/python3.12/site-packages/airflow/example_dags/example_outlet_event_extra.py took 0.231 seconds
