[2024-08-20T03:32:16.114+0000] {processor.py:186} INFO - Started process (PID=336) to work on /home/airflow/.local/lib/python3.12/site-packages/airflow/example_dags/example_python_decorator.py
[2024-08-20T03:32:16.115+0000] {processor.py:914} INFO - Processing file /home/airflow/.local/lib/python3.12/site-packages/airflow/example_dags/example_python_decorator.py for tasks to queue
[2024-08-20T03:32:16.118+0000] {logging_mixin.py:190} INFO - [2024-08-20T03:32:16.118+0000] {dagbag.py:587} INFO - Filling up the DagBag from /home/airflow/.local/lib/python3.12/site-packages/airflow/example_dags/example_python_decorator.py
[2024-08-20T03:32:16.136+0000] {processor.py:925} INFO - DAG(s) 'example_python_decorator' retrieved from /home/airflow/.local/lib/python3.12/site-packages/airflow/example_dags/example_python_decorator.py
[2024-08-20T03:32:16.254+0000] {logging_mixin.py:190} INFO - [2024-08-20T03:32:16.253+0000] {override.py:1858} INFO - Created Permission View: can read on DAG:example_python_decorator
[2024-08-20T03:32:16.268+0000] {logging_mixin.py:190} INFO - [2024-08-20T03:32:16.267+0000] {override.py:1858} INFO - Created Permission View: can delete on DAG:example_python_decorator
[2024-08-20T03:32:16.277+0000] {logging_mixin.py:190} INFO - [2024-08-20T03:32:16.277+0000] {override.py:1858} INFO - Created Permission View: can edit on DAG:example_python_decorator
[2024-08-20T03:32:16.278+0000] {logging_mixin.py:190} INFO - [2024-08-20T03:32:16.278+0000] {dag.py:3211} INFO - Sync 1 DAGs
[2024-08-20T03:32:16.293+0000] {logging_mixin.py:190} INFO - [2024-08-20T03:32:16.293+0000] {dag.py:3234} INFO - Creating ORM DAG for example_python_decorator
[2024-08-20T03:32:16.294+0000] {logging_mixin.py:190} INFO - [2024-08-20T03:32:16.294+0000] {dag.py:4138} INFO - Setting next_dagrun for example_python_decorator to None, run_after=None
[2024-08-20T03:32:16.316+0000] {processor.py:208} INFO - Processing /home/airflow/.local/lib/python3.12/site-packages/airflow/example_dags/example_python_decorator.py took 0.210 seconds
[2024-08-20T03:32:46.404+0000] {processor.py:186} INFO - Started process (PID=622) to work on /home/airflow/.local/lib/python3.12/site-packages/airflow/example_dags/example_python_decorator.py
[2024-08-20T03:32:46.405+0000] {processor.py:914} INFO - Processing file /home/airflow/.local/lib/python3.12/site-packages/airflow/example_dags/example_python_decorator.py for tasks to queue
[2024-08-20T03:32:46.408+0000] {logging_mixin.py:190} INFO - [2024-08-20T03:32:46.407+0000] {dagbag.py:587} INFO - Filling up the DagBag from /home/airflow/.local/lib/python3.12/site-packages/airflow/example_dags/example_python_decorator.py
[2024-08-20T03:32:46.426+0000] {processor.py:925} INFO - DAG(s) 'example_python_decorator' retrieved from /home/airflow/.local/lib/python3.12/site-packages/airflow/example_dags/example_python_decorator.py
[2024-08-20T03:32:46.458+0000] {logging_mixin.py:190} INFO - [2024-08-20T03:32:46.458+0000] {dag.py:3211} INFO - Sync 1 DAGs
[2024-08-20T03:32:46.482+0000] {logging_mixin.py:190} INFO - [2024-08-20T03:32:46.481+0000] {dag.py:4138} INFO - Setting next_dagrun for example_python_decorator to None, run_after=None
[2024-08-20T03:32:46.510+0000] {processor.py:208} INFO - Processing /home/airflow/.local/lib/python3.12/site-packages/airflow/example_dags/example_python_decorator.py took 0.113 seconds
[2024-08-20T03:33:16.732+0000] {processor.py:186} INFO - Started process (PID=908) to work on /home/airflow/.local/lib/python3.12/site-packages/airflow/example_dags/example_python_decorator.py
[2024-08-20T03:33:16.733+0000] {processor.py:914} INFO - Processing file /home/airflow/.local/lib/python3.12/site-packages/airflow/example_dags/example_python_decorator.py for tasks to queue
[2024-08-20T03:33:16.736+0000] {logging_mixin.py:190} INFO - [2024-08-20T03:33:16.736+0000] {dagbag.py:587} INFO - Filling up the DagBag from /home/airflow/.local/lib/python3.12/site-packages/airflow/example_dags/example_python_decorator.py
[2024-08-20T03:33:16.751+0000] {processor.py:925} INFO - DAG(s) 'example_python_decorator' retrieved from /home/airflow/.local/lib/python3.12/site-packages/airflow/example_dags/example_python_decorator.py
[2024-08-20T03:33:16.779+0000] {logging_mixin.py:190} INFO - [2024-08-20T03:33:16.779+0000] {dag.py:3211} INFO - Sync 1 DAGs
[2024-08-20T03:33:16.796+0000] {logging_mixin.py:190} INFO - [2024-08-20T03:33:16.795+0000] {dag.py:4138} INFO - Setting next_dagrun for example_python_decorator to None, run_after=None
[2024-08-20T03:33:16.821+0000] {processor.py:208} INFO - Processing /home/airflow/.local/lib/python3.12/site-packages/airflow/example_dags/example_python_decorator.py took 0.095 seconds
[2024-08-20T03:33:47.078+0000] {processor.py:186} INFO - Started process (PID=1194) to work on /home/airflow/.local/lib/python3.12/site-packages/airflow/example_dags/example_python_decorator.py
[2024-08-20T03:33:47.079+0000] {processor.py:914} INFO - Processing file /home/airflow/.local/lib/python3.12/site-packages/airflow/example_dags/example_python_decorator.py for tasks to queue
[2024-08-20T03:33:47.082+0000] {logging_mixin.py:190} INFO - [2024-08-20T03:33:47.081+0000] {dagbag.py:587} INFO - Filling up the DagBag from /home/airflow/.local/lib/python3.12/site-packages/airflow/example_dags/example_python_decorator.py
[2024-08-20T03:33:47.099+0000] {processor.py:925} INFO - DAG(s) 'example_python_decorator' retrieved from /home/airflow/.local/lib/python3.12/site-packages/airflow/example_dags/example_python_decorator.py
[2024-08-20T03:33:47.129+0000] {logging_mixin.py:190} INFO - [2024-08-20T03:33:47.129+0000] {dag.py:3211} INFO - Sync 1 DAGs
[2024-08-20T03:33:47.149+0000] {logging_mixin.py:190} INFO - [2024-08-20T03:33:47.148+0000] {dag.py:4138} INFO - Setting next_dagrun for example_python_decorator to None, run_after=None
[2024-08-20T03:33:47.175+0000] {processor.py:208} INFO - Processing /home/airflow/.local/lib/python3.12/site-packages/airflow/example_dags/example_python_decorator.py took 0.103 seconds
[2024-08-20T03:34:17.556+0000] {processor.py:186} INFO - Started process (PID=1480) to work on /home/airflow/.local/lib/python3.12/site-packages/airflow/example_dags/example_python_decorator.py
[2024-08-20T03:34:17.557+0000] {processor.py:914} INFO - Processing file /home/airflow/.local/lib/python3.12/site-packages/airflow/example_dags/example_python_decorator.py for tasks to queue
[2024-08-20T03:34:17.560+0000] {logging_mixin.py:190} INFO - [2024-08-20T03:34:17.560+0000] {dagbag.py:587} INFO - Filling up the DagBag from /home/airflow/.local/lib/python3.12/site-packages/airflow/example_dags/example_python_decorator.py
[2024-08-20T03:34:17.575+0000] {processor.py:925} INFO - DAG(s) 'example_python_decorator' retrieved from /home/airflow/.local/lib/python3.12/site-packages/airflow/example_dags/example_python_decorator.py
[2024-08-20T03:34:17.607+0000] {logging_mixin.py:190} INFO - [2024-08-20T03:34:17.607+0000] {dag.py:3211} INFO - Sync 1 DAGs
[2024-08-20T03:34:17.630+0000] {logging_mixin.py:190} INFO - [2024-08-20T03:34:17.629+0000] {dag.py:4138} INFO - Setting next_dagrun for example_python_decorator to None, run_after=None
[2024-08-20T03:34:17.658+0000] {processor.py:208} INFO - Processing /home/airflow/.local/lib/python3.12/site-packages/airflow/example_dags/example_python_decorator.py took 0.110 seconds
[2024-08-20T03:34:48.247+0000] {processor.py:186} INFO - Started process (PID=1766) to work on /home/airflow/.local/lib/python3.12/site-packages/airflow/example_dags/example_python_decorator.py
[2024-08-20T03:34:48.248+0000] {processor.py:914} INFO - Processing file /home/airflow/.local/lib/python3.12/site-packages/airflow/example_dags/example_python_decorator.py for tasks to queue
[2024-08-20T03:34:48.251+0000] {logging_mixin.py:190} INFO - [2024-08-20T03:34:48.251+0000] {dagbag.py:587} INFO - Filling up the DagBag from /home/airflow/.local/lib/python3.12/site-packages/airflow/example_dags/example_python_decorator.py
[2024-08-20T03:34:48.268+0000] {processor.py:925} INFO - DAG(s) 'example_python_decorator' retrieved from /home/airflow/.local/lib/python3.12/site-packages/airflow/example_dags/example_python_decorator.py
[2024-08-20T03:34:48.296+0000] {logging_mixin.py:190} INFO - [2024-08-20T03:34:48.296+0000] {dag.py:3211} INFO - Sync 1 DAGs
[2024-08-20T03:34:48.313+0000] {logging_mixin.py:190} INFO - [2024-08-20T03:34:48.313+0000] {dag.py:4138} INFO - Setting next_dagrun for example_python_decorator to None, run_after=None
[2024-08-20T03:34:48.338+0000] {processor.py:208} INFO - Processing /home/airflow/.local/lib/python3.12/site-packages/airflow/example_dags/example_python_decorator.py took 0.098 seconds
[2024-08-20T03:35:18.855+0000] {processor.py:186} INFO - Started process (PID=2052) to work on /home/airflow/.local/lib/python3.12/site-packages/airflow/example_dags/example_python_decorator.py
[2024-08-20T03:35:18.856+0000] {processor.py:914} INFO - Processing file /home/airflow/.local/lib/python3.12/site-packages/airflow/example_dags/example_python_decorator.py for tasks to queue
[2024-08-20T03:35:18.859+0000] {logging_mixin.py:190} INFO - [2024-08-20T03:35:18.859+0000] {dagbag.py:587} INFO - Filling up the DagBag from /home/airflow/.local/lib/python3.12/site-packages/airflow/example_dags/example_python_decorator.py
[2024-08-20T03:35:18.879+0000] {processor.py:925} INFO - DAG(s) 'example_python_decorator' retrieved from /home/airflow/.local/lib/python3.12/site-packages/airflow/example_dags/example_python_decorator.py
[2024-08-20T03:35:18.903+0000] {logging_mixin.py:190} INFO - [2024-08-20T03:35:18.902+0000] {dag.py:3211} INFO - Sync 1 DAGs
[2024-08-20T03:35:18.919+0000] {logging_mixin.py:190} INFO - [2024-08-20T03:35:18.918+0000] {dag.py:4138} INFO - Setting next_dagrun for example_python_decorator to None, run_after=None
[2024-08-20T03:35:18.958+0000] {processor.py:208} INFO - Processing /home/airflow/.local/lib/python3.12/site-packages/airflow/example_dags/example_python_decorator.py took 0.110 seconds
[2024-08-20T03:35:49.382+0000] {processor.py:186} INFO - Started process (PID=2338) to work on /home/airflow/.local/lib/python3.12/site-packages/airflow/example_dags/example_python_decorator.py
[2024-08-20T03:35:49.383+0000] {processor.py:914} INFO - Processing file /home/airflow/.local/lib/python3.12/site-packages/airflow/example_dags/example_python_decorator.py for tasks to queue
[2024-08-20T03:35:49.386+0000] {logging_mixin.py:190} INFO - [2024-08-20T03:35:49.385+0000] {dagbag.py:587} INFO - Filling up the DagBag from /home/airflow/.local/lib/python3.12/site-packages/airflow/example_dags/example_python_decorator.py
[2024-08-20T03:35:49.408+0000] {processor.py:925} INFO - DAG(s) 'example_python_decorator' retrieved from /home/airflow/.local/lib/python3.12/site-packages/airflow/example_dags/example_python_decorator.py
[2024-08-20T03:35:49.435+0000] {logging_mixin.py:190} INFO - [2024-08-20T03:35:49.435+0000] {dag.py:3211} INFO - Sync 1 DAGs
[2024-08-20T03:35:49.451+0000] {logging_mixin.py:190} INFO - [2024-08-20T03:35:49.451+0000] {dag.py:4138} INFO - Setting next_dagrun for example_python_decorator to None, run_after=None
[2024-08-20T03:35:49.477+0000] {processor.py:208} INFO - Processing /home/airflow/.local/lib/python3.12/site-packages/airflow/example_dags/example_python_decorator.py took 0.102 seconds
[2024-08-20T03:36:19.963+0000] {processor.py:186} INFO - Started process (PID=2626) to work on /home/airflow/.local/lib/python3.12/site-packages/airflow/example_dags/example_python_decorator.py
[2024-08-20T03:36:19.964+0000] {processor.py:914} INFO - Processing file /home/airflow/.local/lib/python3.12/site-packages/airflow/example_dags/example_python_decorator.py for tasks to queue
[2024-08-20T03:36:19.966+0000] {logging_mixin.py:190} INFO - [2024-08-20T03:36:19.966+0000] {dagbag.py:587} INFO - Filling up the DagBag from /home/airflow/.local/lib/python3.12/site-packages/airflow/example_dags/example_python_decorator.py
[2024-08-20T03:36:19.982+0000] {processor.py:925} INFO - DAG(s) 'example_python_decorator' retrieved from /home/airflow/.local/lib/python3.12/site-packages/airflow/example_dags/example_python_decorator.py
[2024-08-20T03:36:20.004+0000] {logging_mixin.py:190} INFO - [2024-08-20T03:36:20.004+0000] {dag.py:3211} INFO - Sync 1 DAGs
[2024-08-20T03:36:20.024+0000] {logging_mixin.py:190} INFO - [2024-08-20T03:36:20.024+0000] {dag.py:4138} INFO - Setting next_dagrun for example_python_decorator to None, run_after=None
[2024-08-20T03:36:20.047+0000] {processor.py:208} INFO - Processing /home/airflow/.local/lib/python3.12/site-packages/airflow/example_dags/example_python_decorator.py took 0.091 seconds
[2024-08-20T03:36:50.241+0000] {processor.py:186} INFO - Started process (PID=2910) to work on /home/airflow/.local/lib/python3.12/site-packages/airflow/example_dags/example_python_decorator.py
[2024-08-20T03:36:50.242+0000] {processor.py:914} INFO - Processing file /home/airflow/.local/lib/python3.12/site-packages/airflow/example_dags/example_python_decorator.py for tasks to queue
[2024-08-20T03:36:50.244+0000] {logging_mixin.py:190} INFO - [2024-08-20T03:36:50.244+0000] {dagbag.py:587} INFO - Filling up the DagBag from /home/airflow/.local/lib/python3.12/site-packages/airflow/example_dags/example_python_decorator.py
[2024-08-20T03:36:50.260+0000] {processor.py:925} INFO - DAG(s) 'example_python_decorator' retrieved from /home/airflow/.local/lib/python3.12/site-packages/airflow/example_dags/example_python_decorator.py
[2024-08-20T03:36:50.283+0000] {logging_mixin.py:190} INFO - [2024-08-20T03:36:50.282+0000] {dag.py:3211} INFO - Sync 1 DAGs
[2024-08-20T03:36:50.298+0000] {logging_mixin.py:190} INFO - [2024-08-20T03:36:50.298+0000] {dag.py:4138} INFO - Setting next_dagrun for example_python_decorator to None, run_after=None
[2024-08-20T03:36:50.324+0000] {processor.py:208} INFO - Processing /home/airflow/.local/lib/python3.12/site-packages/airflow/example_dags/example_python_decorator.py took 0.090 seconds
[2024-08-20T03:37:20.701+0000] {processor.py:186} INFO - Started process (PID=3198) to work on /home/airflow/.local/lib/python3.12/site-packages/airflow/example_dags/example_python_decorator.py
[2024-08-20T03:37:20.702+0000] {processor.py:914} INFO - Processing file /home/airflow/.local/lib/python3.12/site-packages/airflow/example_dags/example_python_decorator.py for tasks to queue
[2024-08-20T03:37:20.705+0000] {logging_mixin.py:190} INFO - [2024-08-20T03:37:20.705+0000] {dagbag.py:587} INFO - Filling up the DagBag from /home/airflow/.local/lib/python3.12/site-packages/airflow/example_dags/example_python_decorator.py
[2024-08-20T03:37:20.722+0000] {processor.py:925} INFO - DAG(s) 'example_python_decorator' retrieved from /home/airflow/.local/lib/python3.12/site-packages/airflow/example_dags/example_python_decorator.py
[2024-08-20T03:37:20.746+0000] {logging_mixin.py:190} INFO - [2024-08-20T03:37:20.745+0000] {dag.py:3211} INFO - Sync 1 DAGs
[2024-08-20T03:37:20.763+0000] {logging_mixin.py:190} INFO - [2024-08-20T03:37:20.762+0000] {dag.py:4138} INFO - Setting next_dagrun for example_python_decorator to None, run_after=None
[2024-08-20T03:37:20.786+0000] {processor.py:208} INFO - Processing /home/airflow/.local/lib/python3.12/site-packages/airflow/example_dags/example_python_decorator.py took 0.092 seconds
[2024-08-20T03:37:51.152+0000] {processor.py:186} INFO - Started process (PID=3482) to work on /home/airflow/.local/lib/python3.12/site-packages/airflow/example_dags/example_python_decorator.py
[2024-08-20T03:37:51.153+0000] {processor.py:914} INFO - Processing file /home/airflow/.local/lib/python3.12/site-packages/airflow/example_dags/example_python_decorator.py for tasks to queue
[2024-08-20T03:37:51.156+0000] {logging_mixin.py:190} INFO - [2024-08-20T03:37:51.155+0000] {dagbag.py:587} INFO - Filling up the DagBag from /home/airflow/.local/lib/python3.12/site-packages/airflow/example_dags/example_python_decorator.py
[2024-08-20T03:37:51.171+0000] {processor.py:925} INFO - DAG(s) 'example_python_decorator' retrieved from /home/airflow/.local/lib/python3.12/site-packages/airflow/example_dags/example_python_decorator.py
[2024-08-20T03:37:51.194+0000] {logging_mixin.py:190} INFO - [2024-08-20T03:37:51.193+0000] {dag.py:3211} INFO - Sync 1 DAGs
[2024-08-20T03:37:51.209+0000] {logging_mixin.py:190} INFO - [2024-08-20T03:37:51.209+0000] {dag.py:4138} INFO - Setting next_dagrun for example_python_decorator to None, run_after=None
[2024-08-20T03:37:51.239+0000] {processor.py:208} INFO - Processing /home/airflow/.local/lib/python3.12/site-packages/airflow/example_dags/example_python_decorator.py took 0.094 seconds
[2024-08-20T03:38:21.514+0000] {processor.py:186} INFO - Started process (PID=3768) to work on /home/airflow/.local/lib/python3.12/site-packages/airflow/example_dags/example_python_decorator.py
[2024-08-20T03:38:21.515+0000] {processor.py:914} INFO - Processing file /home/airflow/.local/lib/python3.12/site-packages/airflow/example_dags/example_python_decorator.py for tasks to queue
[2024-08-20T03:38:21.519+0000] {logging_mixin.py:190} INFO - [2024-08-20T03:38:21.518+0000] {dagbag.py:587} INFO - Filling up the DagBag from /home/airflow/.local/lib/python3.12/site-packages/airflow/example_dags/example_python_decorator.py
[2024-08-20T03:38:21.539+0000] {processor.py:925} INFO - DAG(s) 'example_python_decorator' retrieved from /home/airflow/.local/lib/python3.12/site-packages/airflow/example_dags/example_python_decorator.py
[2024-08-20T03:38:21.565+0000] {logging_mixin.py:190} INFO - [2024-08-20T03:38:21.565+0000] {dag.py:3211} INFO - Sync 1 DAGs
[2024-08-20T03:38:21.580+0000] {logging_mixin.py:190} INFO - [2024-08-20T03:38:21.580+0000] {dag.py:4138} INFO - Setting next_dagrun for example_python_decorator to None, run_after=None
[2024-08-20T03:38:21.604+0000] {processor.py:208} INFO - Processing /home/airflow/.local/lib/python3.12/site-packages/airflow/example_dags/example_python_decorator.py took 0.097 seconds
[2024-08-20T03:38:51.883+0000] {processor.py:186} INFO - Started process (PID=4054) to work on /home/airflow/.local/lib/python3.12/site-packages/airflow/example_dags/example_python_decorator.py
[2024-08-20T03:38:51.884+0000] {processor.py:914} INFO - Processing file /home/airflow/.local/lib/python3.12/site-packages/airflow/example_dags/example_python_decorator.py for tasks to queue
[2024-08-20T03:38:51.886+0000] {logging_mixin.py:190} INFO - [2024-08-20T03:38:51.886+0000] {dagbag.py:587} INFO - Filling up the DagBag from /home/airflow/.local/lib/python3.12/site-packages/airflow/example_dags/example_python_decorator.py
[2024-08-20T03:38:51.902+0000] {processor.py:925} INFO - DAG(s) 'example_python_decorator' retrieved from /home/airflow/.local/lib/python3.12/site-packages/airflow/example_dags/example_python_decorator.py
[2024-08-20T03:38:51.924+0000] {logging_mixin.py:190} INFO - [2024-08-20T03:38:51.924+0000] {dag.py:3211} INFO - Sync 1 DAGs
[2024-08-20T03:38:51.940+0000] {logging_mixin.py:190} INFO - [2024-08-20T03:38:51.939+0000] {dag.py:4138} INFO - Setting next_dagrun for example_python_decorator to None, run_after=None
[2024-08-20T03:38:51.965+0000] {processor.py:208} INFO - Processing /home/airflow/.local/lib/python3.12/site-packages/airflow/example_dags/example_python_decorator.py took 0.088 seconds
[2024-08-20T03:39:22.201+0000] {processor.py:186} INFO - Started process (PID=4340) to work on /home/airflow/.local/lib/python3.12/site-packages/airflow/example_dags/example_python_decorator.py
[2024-08-20T03:39:22.202+0000] {processor.py:914} INFO - Processing file /home/airflow/.local/lib/python3.12/site-packages/airflow/example_dags/example_python_decorator.py for tasks to queue
[2024-08-20T03:39:22.205+0000] {logging_mixin.py:190} INFO - [2024-08-20T03:39:22.205+0000] {dagbag.py:587} INFO - Filling up the DagBag from /home/airflow/.local/lib/python3.12/site-packages/airflow/example_dags/example_python_decorator.py
[2024-08-20T03:39:22.221+0000] {processor.py:925} INFO - DAG(s) 'example_python_decorator' retrieved from /home/airflow/.local/lib/python3.12/site-packages/airflow/example_dags/example_python_decorator.py
[2024-08-20T03:39:22.243+0000] {logging_mixin.py:190} INFO - [2024-08-20T03:39:22.243+0000] {dag.py:3211} INFO - Sync 1 DAGs
[2024-08-20T03:39:22.259+0000] {logging_mixin.py:190} INFO - [2024-08-20T03:39:22.259+0000] {dag.py:4138} INFO - Setting next_dagrun for example_python_decorator to None, run_after=None
[2024-08-20T03:39:22.281+0000] {processor.py:208} INFO - Processing /home/airflow/.local/lib/python3.12/site-packages/airflow/example_dags/example_python_decorator.py took 0.087 seconds
[2024-08-20T03:39:52.469+0000] {processor.py:186} INFO - Started process (PID=4621) to work on /home/airflow/.local/lib/python3.12/site-packages/airflow/example_dags/example_python_decorator.py
[2024-08-20T03:39:52.470+0000] {processor.py:914} INFO - Processing file /home/airflow/.local/lib/python3.12/site-packages/airflow/example_dags/example_python_decorator.py for tasks to queue
[2024-08-20T03:39:52.473+0000] {logging_mixin.py:190} INFO - [2024-08-20T03:39:52.472+0000] {dagbag.py:587} INFO - Filling up the DagBag from /home/airflow/.local/lib/python3.12/site-packages/airflow/example_dags/example_python_decorator.py
[2024-08-20T03:39:52.488+0000] {processor.py:925} INFO - DAG(s) 'example_python_decorator' retrieved from /home/airflow/.local/lib/python3.12/site-packages/airflow/example_dags/example_python_decorator.py
[2024-08-20T03:39:52.511+0000] {logging_mixin.py:190} INFO - [2024-08-20T03:39:52.511+0000] {dag.py:3211} INFO - Sync 1 DAGs
[2024-08-20T03:39:52.527+0000] {logging_mixin.py:190} INFO - [2024-08-20T03:39:52.526+0000] {dag.py:4138} INFO - Setting next_dagrun for example_python_decorator to None, run_after=None
[2024-08-20T03:39:52.552+0000] {processor.py:208} INFO - Processing /home/airflow/.local/lib/python3.12/site-packages/airflow/example_dags/example_python_decorator.py took 0.089 seconds
[2024-08-20T03:40:22.807+0000] {processor.py:186} INFO - Started process (PID=4909) to work on /home/airflow/.local/lib/python3.12/site-packages/airflow/example_dags/example_python_decorator.py
[2024-08-20T03:40:22.808+0000] {processor.py:914} INFO - Processing file /home/airflow/.local/lib/python3.12/site-packages/airflow/example_dags/example_python_decorator.py for tasks to queue
[2024-08-20T03:40:22.812+0000] {logging_mixin.py:190} INFO - [2024-08-20T03:40:22.811+0000] {dagbag.py:587} INFO - Filling up the DagBag from /home/airflow/.local/lib/python3.12/site-packages/airflow/example_dags/example_python_decorator.py
[2024-08-20T03:40:22.828+0000] {processor.py:925} INFO - DAG(s) 'example_python_decorator' retrieved from /home/airflow/.local/lib/python3.12/site-packages/airflow/example_dags/example_python_decorator.py
[2024-08-20T03:40:22.854+0000] {logging_mixin.py:190} INFO - [2024-08-20T03:40:22.853+0000] {dag.py:3211} INFO - Sync 1 DAGs
[2024-08-20T03:40:22.871+0000] {logging_mixin.py:190} INFO - [2024-08-20T03:40:22.871+0000] {dag.py:4138} INFO - Setting next_dagrun for example_python_decorator to None, run_after=None
[2024-08-20T03:40:22.903+0000] {processor.py:208} INFO - Processing /home/airflow/.local/lib/python3.12/site-packages/airflow/example_dags/example_python_decorator.py took 0.102 seconds
[2024-08-20T03:40:53.127+0000] {processor.py:186} INFO - Started process (PID=5193) to work on /home/airflow/.local/lib/python3.12/site-packages/airflow/example_dags/example_python_decorator.py
[2024-08-20T03:40:53.129+0000] {processor.py:914} INFO - Processing file /home/airflow/.local/lib/python3.12/site-packages/airflow/example_dags/example_python_decorator.py for tasks to queue
[2024-08-20T03:40:53.132+0000] {logging_mixin.py:190} INFO - [2024-08-20T03:40:53.132+0000] {dagbag.py:587} INFO - Filling up the DagBag from /home/airflow/.local/lib/python3.12/site-packages/airflow/example_dags/example_python_decorator.py
[2024-08-20T03:40:53.153+0000] {processor.py:925} INFO - DAG(s) 'example_python_decorator' retrieved from /home/airflow/.local/lib/python3.12/site-packages/airflow/example_dags/example_python_decorator.py
[2024-08-20T03:40:53.175+0000] {logging_mixin.py:190} INFO - [2024-08-20T03:40:53.175+0000] {dag.py:3211} INFO - Sync 1 DAGs
[2024-08-20T03:40:53.190+0000] {logging_mixin.py:190} INFO - [2024-08-20T03:40:53.190+0000] {dag.py:4138} INFO - Setting next_dagrun for example_python_decorator to None, run_after=None
[2024-08-20T03:40:53.216+0000] {processor.py:208} INFO - Processing /home/airflow/.local/lib/python3.12/site-packages/airflow/example_dags/example_python_decorator.py took 0.097 seconds
[2024-08-20T03:41:23.620+0000] {processor.py:186} INFO - Started process (PID=5479) to work on /home/airflow/.local/lib/python3.12/site-packages/airflow/example_dags/example_python_decorator.py
[2024-08-20T03:41:23.622+0000] {processor.py:914} INFO - Processing file /home/airflow/.local/lib/python3.12/site-packages/airflow/example_dags/example_python_decorator.py for tasks to queue
[2024-08-20T03:41:23.625+0000] {logging_mixin.py:190} INFO - [2024-08-20T03:41:23.624+0000] {dagbag.py:587} INFO - Filling up the DagBag from /home/airflow/.local/lib/python3.12/site-packages/airflow/example_dags/example_python_decorator.py
[2024-08-20T03:41:23.640+0000] {processor.py:925} INFO - DAG(s) 'example_python_decorator' retrieved from /home/airflow/.local/lib/python3.12/site-packages/airflow/example_dags/example_python_decorator.py
[2024-08-20T03:41:23.663+0000] {logging_mixin.py:190} INFO - [2024-08-20T03:41:23.663+0000] {dag.py:3211} INFO - Sync 1 DAGs
[2024-08-20T03:41:23.679+0000] {logging_mixin.py:190} INFO - [2024-08-20T03:41:23.678+0000] {dag.py:4138} INFO - Setting next_dagrun for example_python_decorator to None, run_after=None
[2024-08-20T03:41:23.704+0000] {processor.py:208} INFO - Processing /home/airflow/.local/lib/python3.12/site-packages/airflow/example_dags/example_python_decorator.py took 0.092 seconds
[2024-08-20T03:41:54.114+0000] {processor.py:186} INFO - Started process (PID=5765) to work on /home/airflow/.local/lib/python3.12/site-packages/airflow/example_dags/example_python_decorator.py
[2024-08-20T03:41:54.115+0000] {processor.py:914} INFO - Processing file /home/airflow/.local/lib/python3.12/site-packages/airflow/example_dags/example_python_decorator.py for tasks to queue
[2024-08-20T03:41:54.118+0000] {logging_mixin.py:190} INFO - [2024-08-20T03:41:54.117+0000] {dagbag.py:587} INFO - Filling up the DagBag from /home/airflow/.local/lib/python3.12/site-packages/airflow/example_dags/example_python_decorator.py
[2024-08-20T03:41:54.134+0000] {processor.py:925} INFO - DAG(s) 'example_python_decorator' retrieved from /home/airflow/.local/lib/python3.12/site-packages/airflow/example_dags/example_python_decorator.py
[2024-08-20T03:41:54.157+0000] {logging_mixin.py:190} INFO - [2024-08-20T03:41:54.156+0000] {dag.py:3211} INFO - Sync 1 DAGs
[2024-08-20T03:41:54.172+0000] {logging_mixin.py:190} INFO - [2024-08-20T03:41:54.172+0000] {dag.py:4138} INFO - Setting next_dagrun for example_python_decorator to None, run_after=None
[2024-08-20T03:41:54.196+0000] {processor.py:208} INFO - Processing /home/airflow/.local/lib/python3.12/site-packages/airflow/example_dags/example_python_decorator.py took 0.091 seconds
