[2024-08-20T03:32:11.874+0000] {processor.py:186} INFO - Started process (PID=226) to work on /home/airflow/.local/lib/python3.12/site-packages/airflow/example_dags/example_nested_branch_dag.py
[2024-08-20T03:32:11.875+0000] {processor.py:914} INFO - Processing file /home/airflow/.local/lib/python3.12/site-packages/airflow/example_dags/example_nested_branch_dag.py for tasks to queue
[2024-08-20T03:32:11.878+0000] {logging_mixin.py:190} INFO - [2024-08-20T03:32:11.877+0000] {dagbag.py:587} INFO - Filling up the DagBag from /home/airflow/.local/lib/python3.12/site-packages/airflow/example_dags/example_nested_branch_dag.py
[2024-08-20T03:32:11.897+0000] {processor.py:925} INFO - DAG(s) 'example_nested_branch_dag' retrieved from /home/airflow/.local/lib/python3.12/site-packages/airflow/example_dags/example_nested_branch_dag.py
[2024-08-20T03:32:12.084+0000] {logging_mixin.py:190} INFO - [2024-08-20T03:32:12.083+0000] {override.py:1858} INFO - Created Permission View: can read on DAG:example_nested_branch_dag
[2024-08-20T03:32:12.100+0000] {logging_mixin.py:190} INFO - [2024-08-20T03:32:12.100+0000] {override.py:1858} INFO - Created Permission View: can delete on DAG:example_nested_branch_dag
[2024-08-20T03:32:12.113+0000] {logging_mixin.py:190} INFO - [2024-08-20T03:32:12.112+0000] {override.py:1858} INFO - Created Permission View: can edit on DAG:example_nested_branch_dag
[2024-08-20T03:32:12.113+0000] {logging_mixin.py:190} INFO - [2024-08-20T03:32:12.113+0000] {dag.py:3211} INFO - Sync 1 DAGs
[2024-08-20T03:32:12.128+0000] {logging_mixin.py:190} INFO - [2024-08-20T03:32:12.128+0000] {dag.py:3234} INFO - Creating ORM DAG for example_nested_branch_dag
[2024-08-20T03:32:12.140+0000] {logging_mixin.py:190} INFO - [2024-08-20T03:32:12.140+0000] {dag.py:4138} INFO - Setting next_dagrun for example_nested_branch_dag to 2024-08-19 00:00:00+00:00, run_after=2024-08-20 00:00:00+00:00
[2024-08-20T03:32:12.162+0000] {processor.py:208} INFO - Processing /home/airflow/.local/lib/python3.12/site-packages/airflow/example_dags/example_nested_branch_dag.py took 0.296 seconds
[2024-08-20T03:32:42.372+0000] {processor.py:186} INFO - Started process (PID=509) to work on /home/airflow/.local/lib/python3.12/site-packages/airflow/example_dags/example_nested_branch_dag.py
[2024-08-20T03:32:42.373+0000] {processor.py:914} INFO - Processing file /home/airflow/.local/lib/python3.12/site-packages/airflow/example_dags/example_nested_branch_dag.py for tasks to queue
[2024-08-20T03:32:42.377+0000] {logging_mixin.py:190} INFO - [2024-08-20T03:32:42.376+0000] {dagbag.py:587} INFO - Filling up the DagBag from /home/airflow/.local/lib/python3.12/site-packages/airflow/example_dags/example_nested_branch_dag.py
[2024-08-20T03:32:42.390+0000] {processor.py:925} INFO - DAG(s) 'example_nested_branch_dag' retrieved from /home/airflow/.local/lib/python3.12/site-packages/airflow/example_dags/example_nested_branch_dag.py
[2024-08-20T03:32:42.414+0000] {logging_mixin.py:190} INFO - [2024-08-20T03:32:42.414+0000] {dag.py:3211} INFO - Sync 1 DAGs
[2024-08-20T03:32:42.445+0000] {logging_mixin.py:190} INFO - [2024-08-20T03:32:42.444+0000] {dag.py:4138} INFO - Setting next_dagrun for example_nested_branch_dag to 2024-08-19 00:00:00+00:00, run_after=2024-08-20 00:00:00+00:00
[2024-08-20T03:32:42.468+0000] {processor.py:208} INFO - Processing /home/airflow/.local/lib/python3.12/site-packages/airflow/example_dags/example_nested_branch_dag.py took 0.102 seconds
[2024-08-20T03:33:12.579+0000] {processor.py:186} INFO - Started process (PID=795) to work on /home/airflow/.local/lib/python3.12/site-packages/airflow/example_dags/example_nested_branch_dag.py
[2024-08-20T03:33:12.581+0000] {processor.py:914} INFO - Processing file /home/airflow/.local/lib/python3.12/site-packages/airflow/example_dags/example_nested_branch_dag.py for tasks to queue
[2024-08-20T03:33:12.583+0000] {logging_mixin.py:190} INFO - [2024-08-20T03:33:12.583+0000] {dagbag.py:587} INFO - Filling up the DagBag from /home/airflow/.local/lib/python3.12/site-packages/airflow/example_dags/example_nested_branch_dag.py
[2024-08-20T03:33:12.596+0000] {processor.py:925} INFO - DAG(s) 'example_nested_branch_dag' retrieved from /home/airflow/.local/lib/python3.12/site-packages/airflow/example_dags/example_nested_branch_dag.py
[2024-08-20T03:33:12.619+0000] {logging_mixin.py:190} INFO - [2024-08-20T03:33:12.619+0000] {dag.py:3211} INFO - Sync 1 DAGs
[2024-08-20T03:33:12.646+0000] {logging_mixin.py:190} INFO - [2024-08-20T03:33:12.646+0000] {dag.py:4138} INFO - Setting next_dagrun for example_nested_branch_dag to 2024-08-19 00:00:00+00:00, run_after=2024-08-20 00:00:00+00:00
[2024-08-20T03:33:12.668+0000] {processor.py:208} INFO - Processing /home/airflow/.local/lib/python3.12/site-packages/airflow/example_dags/example_nested_branch_dag.py took 0.095 seconds
[2024-08-20T03:33:43.221+0000] {processor.py:186} INFO - Started process (PID=1079) to work on /home/airflow/.local/lib/python3.12/site-packages/airflow/example_dags/example_nested_branch_dag.py
[2024-08-20T03:33:43.222+0000] {processor.py:914} INFO - Processing file /home/airflow/.local/lib/python3.12/site-packages/airflow/example_dags/example_nested_branch_dag.py for tasks to queue
[2024-08-20T03:33:43.225+0000] {logging_mixin.py:190} INFO - [2024-08-20T03:33:43.224+0000] {dagbag.py:587} INFO - Filling up the DagBag from /home/airflow/.local/lib/python3.12/site-packages/airflow/example_dags/example_nested_branch_dag.py
[2024-08-20T03:33:43.238+0000] {processor.py:925} INFO - DAG(s) 'example_nested_branch_dag' retrieved from /home/airflow/.local/lib/python3.12/site-packages/airflow/example_dags/example_nested_branch_dag.py
[2024-08-20T03:33:43.263+0000] {logging_mixin.py:190} INFO - [2024-08-20T03:33:43.263+0000] {dag.py:3211} INFO - Sync 1 DAGs
[2024-08-20T03:33:43.292+0000] {logging_mixin.py:190} INFO - [2024-08-20T03:33:43.292+0000] {dag.py:4138} INFO - Setting next_dagrun for example_nested_branch_dag to 2024-08-19 00:00:00+00:00, run_after=2024-08-20 00:00:00+00:00
[2024-08-20T03:33:43.318+0000] {processor.py:208} INFO - Processing /home/airflow/.local/lib/python3.12/site-packages/airflow/example_dags/example_nested_branch_dag.py took 0.104 seconds
[2024-08-20T03:34:13.646+0000] {processor.py:186} INFO - Started process (PID=1365) to work on /home/airflow/.local/lib/python3.12/site-packages/airflow/example_dags/example_nested_branch_dag.py
[2024-08-20T03:34:13.647+0000] {processor.py:914} INFO - Processing file /home/airflow/.local/lib/python3.12/site-packages/airflow/example_dags/example_nested_branch_dag.py for tasks to queue
[2024-08-20T03:34:13.649+0000] {logging_mixin.py:190} INFO - [2024-08-20T03:34:13.649+0000] {dagbag.py:587} INFO - Filling up the DagBag from /home/airflow/.local/lib/python3.12/site-packages/airflow/example_dags/example_nested_branch_dag.py
[2024-08-20T03:34:13.662+0000] {processor.py:925} INFO - DAG(s) 'example_nested_branch_dag' retrieved from /home/airflow/.local/lib/python3.12/site-packages/airflow/example_dags/example_nested_branch_dag.py
[2024-08-20T03:34:13.685+0000] {logging_mixin.py:190} INFO - [2024-08-20T03:34:13.685+0000] {dag.py:3211} INFO - Sync 1 DAGs
[2024-08-20T03:34:13.712+0000] {logging_mixin.py:190} INFO - [2024-08-20T03:34:13.711+0000] {dag.py:4138} INFO - Setting next_dagrun for example_nested_branch_dag to 2024-08-19 00:00:00+00:00, run_after=2024-08-20 00:00:00+00:00
[2024-08-20T03:34:13.735+0000] {processor.py:208} INFO - Processing /home/airflow/.local/lib/python3.12/site-packages/airflow/example_dags/example_nested_branch_dag.py took 0.096 seconds
[2024-08-20T03:34:44.236+0000] {processor.py:186} INFO - Started process (PID=1653) to work on /home/airflow/.local/lib/python3.12/site-packages/airflow/example_dags/example_nested_branch_dag.py
[2024-08-20T03:34:44.237+0000] {processor.py:914} INFO - Processing file /home/airflow/.local/lib/python3.12/site-packages/airflow/example_dags/example_nested_branch_dag.py for tasks to queue
[2024-08-20T03:34:44.241+0000] {logging_mixin.py:190} INFO - [2024-08-20T03:34:44.240+0000] {dagbag.py:587} INFO - Filling up the DagBag from /home/airflow/.local/lib/python3.12/site-packages/airflow/example_dags/example_nested_branch_dag.py
[2024-08-20T03:34:44.255+0000] {processor.py:925} INFO - DAG(s) 'example_nested_branch_dag' retrieved from /home/airflow/.local/lib/python3.12/site-packages/airflow/example_dags/example_nested_branch_dag.py
[2024-08-20T03:34:44.281+0000] {logging_mixin.py:190} INFO - [2024-08-20T03:34:44.281+0000] {dag.py:3211} INFO - Sync 1 DAGs
[2024-08-20T03:34:44.314+0000] {logging_mixin.py:190} INFO - [2024-08-20T03:34:44.314+0000] {dag.py:4138} INFO - Setting next_dagrun for example_nested_branch_dag to 2024-08-19 00:00:00+00:00, run_after=2024-08-20 00:00:00+00:00
[2024-08-20T03:34:44.337+0000] {processor.py:208} INFO - Processing /home/airflow/.local/lib/python3.12/site-packages/airflow/example_dags/example_nested_branch_dag.py took 0.108 seconds
[2024-08-20T03:35:15.013+0000] {processor.py:186} INFO - Started process (PID=1937) to work on /home/airflow/.local/lib/python3.12/site-packages/airflow/example_dags/example_nested_branch_dag.py
[2024-08-20T03:35:15.014+0000] {processor.py:914} INFO - Processing file /home/airflow/.local/lib/python3.12/site-packages/airflow/example_dags/example_nested_branch_dag.py for tasks to queue
[2024-08-20T03:35:15.017+0000] {logging_mixin.py:190} INFO - [2024-08-20T03:35:15.017+0000] {dagbag.py:587} INFO - Filling up the DagBag from /home/airflow/.local/lib/python3.12/site-packages/airflow/example_dags/example_nested_branch_dag.py
[2024-08-20T03:35:15.031+0000] {processor.py:925} INFO - DAG(s) 'example_nested_branch_dag' retrieved from /home/airflow/.local/lib/python3.12/site-packages/airflow/example_dags/example_nested_branch_dag.py
[2024-08-20T03:35:15.055+0000] {logging_mixin.py:190} INFO - [2024-08-20T03:35:15.055+0000] {dag.py:3211} INFO - Sync 1 DAGs
[2024-08-20T03:35:15.085+0000] {logging_mixin.py:190} INFO - [2024-08-20T03:35:15.084+0000] {dag.py:4138} INFO - Setting next_dagrun for example_nested_branch_dag to 2024-08-19 00:00:00+00:00, run_after=2024-08-20 00:00:00+00:00
[2024-08-20T03:35:15.109+0000] {processor.py:208} INFO - Processing /home/airflow/.local/lib/python3.12/site-packages/airflow/example_dags/example_nested_branch_dag.py took 0.105 seconds
[2024-08-20T03:35:45.505+0000] {processor.py:186} INFO - Started process (PID=2225) to work on /home/airflow/.local/lib/python3.12/site-packages/airflow/example_dags/example_nested_branch_dag.py
[2024-08-20T03:35:45.506+0000] {processor.py:914} INFO - Processing file /home/airflow/.local/lib/python3.12/site-packages/airflow/example_dags/example_nested_branch_dag.py for tasks to queue
[2024-08-20T03:35:45.509+0000] {logging_mixin.py:190} INFO - [2024-08-20T03:35:45.508+0000] {dagbag.py:587} INFO - Filling up the DagBag from /home/airflow/.local/lib/python3.12/site-packages/airflow/example_dags/example_nested_branch_dag.py
[2024-08-20T03:35:45.521+0000] {processor.py:925} INFO - DAG(s) 'example_nested_branch_dag' retrieved from /home/airflow/.local/lib/python3.12/site-packages/airflow/example_dags/example_nested_branch_dag.py
[2024-08-20T03:35:45.543+0000] {logging_mixin.py:190} INFO - [2024-08-20T03:35:45.542+0000] {dag.py:3211} INFO - Sync 1 DAGs
[2024-08-20T03:35:45.569+0000] {logging_mixin.py:190} INFO - [2024-08-20T03:35:45.569+0000] {dag.py:4138} INFO - Setting next_dagrun for example_nested_branch_dag to 2024-08-19 00:00:00+00:00, run_after=2024-08-20 00:00:00+00:00
[2024-08-20T03:35:45.591+0000] {processor.py:208} INFO - Processing /home/airflow/.local/lib/python3.12/site-packages/airflow/example_dags/example_nested_branch_dag.py took 0.093 seconds
[2024-08-20T03:36:16.025+0000] {processor.py:186} INFO - Started process (PID=2511) to work on /home/airflow/.local/lib/python3.12/site-packages/airflow/example_dags/example_nested_branch_dag.py
[2024-08-20T03:36:16.026+0000] {processor.py:914} INFO - Processing file /home/airflow/.local/lib/python3.12/site-packages/airflow/example_dags/example_nested_branch_dag.py for tasks to queue
[2024-08-20T03:36:16.029+0000] {logging_mixin.py:190} INFO - [2024-08-20T03:36:16.029+0000] {dagbag.py:587} INFO - Filling up the DagBag from /home/airflow/.local/lib/python3.12/site-packages/airflow/example_dags/example_nested_branch_dag.py
[2024-08-20T03:36:16.041+0000] {processor.py:925} INFO - DAG(s) 'example_nested_branch_dag' retrieved from /home/airflow/.local/lib/python3.12/site-packages/airflow/example_dags/example_nested_branch_dag.py
[2024-08-20T03:36:16.063+0000] {logging_mixin.py:190} INFO - [2024-08-20T03:36:16.063+0000] {dag.py:3211} INFO - Sync 1 DAGs
[2024-08-20T03:36:16.089+0000] {logging_mixin.py:190} INFO - [2024-08-20T03:36:16.089+0000] {dag.py:4138} INFO - Setting next_dagrun for example_nested_branch_dag to 2024-08-19 00:00:00+00:00, run_after=2024-08-20 00:00:00+00:00
[2024-08-20T03:36:16.111+0000] {processor.py:208} INFO - Processing /home/airflow/.local/lib/python3.12/site-packages/airflow/example_dags/example_nested_branch_dag.py took 0.092 seconds
[2024-08-20T03:36:46.504+0000] {processor.py:186} INFO - Started process (PID=2797) to work on /home/airflow/.local/lib/python3.12/site-packages/airflow/example_dags/example_nested_branch_dag.py
[2024-08-20T03:36:46.505+0000] {processor.py:914} INFO - Processing file /home/airflow/.local/lib/python3.12/site-packages/airflow/example_dags/example_nested_branch_dag.py for tasks to queue
[2024-08-20T03:36:46.508+0000] {logging_mixin.py:190} INFO - [2024-08-20T03:36:46.508+0000] {dagbag.py:587} INFO - Filling up the DagBag from /home/airflow/.local/lib/python3.12/site-packages/airflow/example_dags/example_nested_branch_dag.py
[2024-08-20T03:36:46.520+0000] {processor.py:925} INFO - DAG(s) 'example_nested_branch_dag' retrieved from /home/airflow/.local/lib/python3.12/site-packages/airflow/example_dags/example_nested_branch_dag.py
[2024-08-20T03:36:46.542+0000] {logging_mixin.py:190} INFO - [2024-08-20T03:36:46.542+0000] {dag.py:3211} INFO - Sync 1 DAGs
[2024-08-20T03:36:46.567+0000] {logging_mixin.py:190} INFO - [2024-08-20T03:36:46.567+0000] {dag.py:4138} INFO - Setting next_dagrun for example_nested_branch_dag to 2024-08-19 00:00:00+00:00, run_after=2024-08-20 00:00:00+00:00
[2024-08-20T03:36:46.592+0000] {processor.py:208} INFO - Processing /home/airflow/.local/lib/python3.12/site-packages/airflow/example_dags/example_nested_branch_dag.py took 0.094 seconds
[2024-08-20T03:37:16.822+0000] {processor.py:186} INFO - Started process (PID=3083) to work on /home/airflow/.local/lib/python3.12/site-packages/airflow/example_dags/example_nested_branch_dag.py
[2024-08-20T03:37:16.823+0000] {processor.py:914} INFO - Processing file /home/airflow/.local/lib/python3.12/site-packages/airflow/example_dags/example_nested_branch_dag.py for tasks to queue
[2024-08-20T03:37:16.826+0000] {logging_mixin.py:190} INFO - [2024-08-20T03:37:16.826+0000] {dagbag.py:587} INFO - Filling up the DagBag from /home/airflow/.local/lib/python3.12/site-packages/airflow/example_dags/example_nested_branch_dag.py
[2024-08-20T03:37:16.836+0000] {processor.py:925} INFO - DAG(s) 'example_nested_branch_dag' retrieved from /home/airflow/.local/lib/python3.12/site-packages/airflow/example_dags/example_nested_branch_dag.py
[2024-08-20T03:37:16.858+0000] {logging_mixin.py:190} INFO - [2024-08-20T03:37:16.858+0000] {dag.py:3211} INFO - Sync 1 DAGs
[2024-08-20T03:37:16.884+0000] {logging_mixin.py:190} INFO - [2024-08-20T03:37:16.883+0000] {dag.py:4138} INFO - Setting next_dagrun for example_nested_branch_dag to 2024-08-19 00:00:00+00:00, run_after=2024-08-20 00:00:00+00:00
[2024-08-20T03:37:16.906+0000] {processor.py:208} INFO - Processing /home/airflow/.local/lib/python3.12/site-packages/airflow/example_dags/example_nested_branch_dag.py took 0.089 seconds
[2024-08-20T03:37:47.125+0000] {processor.py:186} INFO - Started process (PID=3369) to work on /home/airflow/.local/lib/python3.12/site-packages/airflow/example_dags/example_nested_branch_dag.py
[2024-08-20T03:37:47.126+0000] {processor.py:914} INFO - Processing file /home/airflow/.local/lib/python3.12/site-packages/airflow/example_dags/example_nested_branch_dag.py for tasks to queue
[2024-08-20T03:37:47.130+0000] {logging_mixin.py:190} INFO - [2024-08-20T03:37:47.129+0000] {dagbag.py:587} INFO - Filling up the DagBag from /home/airflow/.local/lib/python3.12/site-packages/airflow/example_dags/example_nested_branch_dag.py
[2024-08-20T03:37:47.148+0000] {processor.py:925} INFO - DAG(s) 'example_nested_branch_dag' retrieved from /home/airflow/.local/lib/python3.12/site-packages/airflow/example_dags/example_nested_branch_dag.py
[2024-08-20T03:37:47.171+0000] {logging_mixin.py:190} INFO - [2024-08-20T03:37:47.171+0000] {dag.py:3211} INFO - Sync 1 DAGs
[2024-08-20T03:37:47.198+0000] {logging_mixin.py:190} INFO - [2024-08-20T03:37:47.198+0000] {dag.py:4138} INFO - Setting next_dagrun for example_nested_branch_dag to 2024-08-19 00:00:00+00:00, run_after=2024-08-20 00:00:00+00:00
[2024-08-20T03:37:47.223+0000] {processor.py:208} INFO - Processing /home/airflow/.local/lib/python3.12/site-packages/airflow/example_dags/example_nested_branch_dag.py took 0.104 seconds
[2024-08-20T03:38:17.868+0000] {processor.py:186} INFO - Started process (PID=3655) to work on /home/airflow/.local/lib/python3.12/site-packages/airflow/example_dags/example_nested_branch_dag.py
[2024-08-20T03:38:17.870+0000] {processor.py:914} INFO - Processing file /home/airflow/.local/lib/python3.12/site-packages/airflow/example_dags/example_nested_branch_dag.py for tasks to queue
[2024-08-20T03:38:17.873+0000] {logging_mixin.py:190} INFO - [2024-08-20T03:38:17.872+0000] {dagbag.py:587} INFO - Filling up the DagBag from /home/airflow/.local/lib/python3.12/site-packages/airflow/example_dags/example_nested_branch_dag.py
[2024-08-20T03:38:17.885+0000] {processor.py:925} INFO - DAG(s) 'example_nested_branch_dag' retrieved from /home/airflow/.local/lib/python3.12/site-packages/airflow/example_dags/example_nested_branch_dag.py
[2024-08-20T03:38:17.907+0000] {logging_mixin.py:190} INFO - [2024-08-20T03:38:17.906+0000] {dag.py:3211} INFO - Sync 1 DAGs
[2024-08-20T03:38:17.934+0000] {logging_mixin.py:190} INFO - [2024-08-20T03:38:17.934+0000] {dag.py:4138} INFO - Setting next_dagrun for example_nested_branch_dag to 2024-08-19 00:00:00+00:00, run_after=2024-08-20 00:00:00+00:00
[2024-08-20T03:38:17.956+0000] {processor.py:208} INFO - Processing /home/airflow/.local/lib/python3.12/site-packages/airflow/example_dags/example_nested_branch_dag.py took 0.093 seconds
[2024-08-20T03:38:48.074+0000] {processor.py:186} INFO - Started process (PID=3941) to work on /home/airflow/.local/lib/python3.12/site-packages/airflow/example_dags/example_nested_branch_dag.py
[2024-08-20T03:38:48.075+0000] {processor.py:914} INFO - Processing file /home/airflow/.local/lib/python3.12/site-packages/airflow/example_dags/example_nested_branch_dag.py for tasks to queue
[2024-08-20T03:38:48.078+0000] {logging_mixin.py:190} INFO - [2024-08-20T03:38:48.078+0000] {dagbag.py:587} INFO - Filling up the DagBag from /home/airflow/.local/lib/python3.12/site-packages/airflow/example_dags/example_nested_branch_dag.py
[2024-08-20T03:38:48.090+0000] {processor.py:925} INFO - DAG(s) 'example_nested_branch_dag' retrieved from /home/airflow/.local/lib/python3.12/site-packages/airflow/example_dags/example_nested_branch_dag.py
[2024-08-20T03:38:48.112+0000] {logging_mixin.py:190} INFO - [2024-08-20T03:38:48.111+0000] {dag.py:3211} INFO - Sync 1 DAGs
[2024-08-20T03:38:48.138+0000] {logging_mixin.py:190} INFO - [2024-08-20T03:38:48.137+0000] {dag.py:4138} INFO - Setting next_dagrun for example_nested_branch_dag to 2024-08-19 00:00:00+00:00, run_after=2024-08-20 00:00:00+00:00
[2024-08-20T03:38:48.159+0000] {processor.py:208} INFO - Processing /home/airflow/.local/lib/python3.12/site-packages/airflow/example_dags/example_nested_branch_dag.py took 0.092 seconds
[2024-08-20T03:39:18.471+0000] {processor.py:186} INFO - Started process (PID=4227) to work on /home/airflow/.local/lib/python3.12/site-packages/airflow/example_dags/example_nested_branch_dag.py
[2024-08-20T03:39:18.472+0000] {processor.py:914} INFO - Processing file /home/airflow/.local/lib/python3.12/site-packages/airflow/example_dags/example_nested_branch_dag.py for tasks to queue
[2024-08-20T03:39:18.475+0000] {logging_mixin.py:190} INFO - [2024-08-20T03:39:18.475+0000] {dagbag.py:587} INFO - Filling up the DagBag from /home/airflow/.local/lib/python3.12/site-packages/airflow/example_dags/example_nested_branch_dag.py
[2024-08-20T03:39:18.489+0000] {processor.py:925} INFO - DAG(s) 'example_nested_branch_dag' retrieved from /home/airflow/.local/lib/python3.12/site-packages/airflow/example_dags/example_nested_branch_dag.py
[2024-08-20T03:39:18.512+0000] {logging_mixin.py:190} INFO - [2024-08-20T03:39:18.511+0000] {dag.py:3211} INFO - Sync 1 DAGs
[2024-08-20T03:39:18.538+0000] {logging_mixin.py:190} INFO - [2024-08-20T03:39:18.538+0000] {dag.py:4138} INFO - Setting next_dagrun for example_nested_branch_dag to 2024-08-19 00:00:00+00:00, run_after=2024-08-20 00:00:00+00:00
[2024-08-20T03:39:18.562+0000] {processor.py:208} INFO - Processing /home/airflow/.local/lib/python3.12/site-packages/airflow/example_dags/example_nested_branch_dag.py took 0.098 seconds
[2024-08-20T03:39:48.843+0000] {processor.py:186} INFO - Started process (PID=4513) to work on /home/airflow/.local/lib/python3.12/site-packages/airflow/example_dags/example_nested_branch_dag.py
[2024-08-20T03:39:48.844+0000] {processor.py:914} INFO - Processing file /home/airflow/.local/lib/python3.12/site-packages/airflow/example_dags/example_nested_branch_dag.py for tasks to queue
[2024-08-20T03:39:48.847+0000] {logging_mixin.py:190} INFO - [2024-08-20T03:39:48.846+0000] {dagbag.py:587} INFO - Filling up the DagBag from /home/airflow/.local/lib/python3.12/site-packages/airflow/example_dags/example_nested_branch_dag.py
[2024-08-20T03:39:48.860+0000] {processor.py:925} INFO - DAG(s) 'example_nested_branch_dag' retrieved from /home/airflow/.local/lib/python3.12/site-packages/airflow/example_dags/example_nested_branch_dag.py
[2024-08-20T03:39:48.882+0000] {logging_mixin.py:190} INFO - [2024-08-20T03:39:48.882+0000] {dag.py:3211} INFO - Sync 1 DAGs
[2024-08-20T03:39:48.908+0000] {logging_mixin.py:190} INFO - [2024-08-20T03:39:48.907+0000] {dag.py:4138} INFO - Setting next_dagrun for example_nested_branch_dag to 2024-08-19 00:00:00+00:00, run_after=2024-08-20 00:00:00+00:00
[2024-08-20T03:39:48.936+0000] {processor.py:208} INFO - Processing /home/airflow/.local/lib/python3.12/site-packages/airflow/example_dags/example_nested_branch_dag.py took 0.101 seconds
[2024-08-20T03:40:19.025+0000] {processor.py:186} INFO - Started process (PID=4799) to work on /home/airflow/.local/lib/python3.12/site-packages/airflow/example_dags/example_nested_branch_dag.py
[2024-08-20T03:40:19.027+0000] {processor.py:914} INFO - Processing file /home/airflow/.local/lib/python3.12/site-packages/airflow/example_dags/example_nested_branch_dag.py for tasks to queue
[2024-08-20T03:40:19.030+0000] {logging_mixin.py:190} INFO - [2024-08-20T03:40:19.029+0000] {dagbag.py:587} INFO - Filling up the DagBag from /home/airflow/.local/lib/python3.12/site-packages/airflow/example_dags/example_nested_branch_dag.py
[2024-08-20T03:40:19.043+0000] {processor.py:925} INFO - DAG(s) 'example_nested_branch_dag' retrieved from /home/airflow/.local/lib/python3.12/site-packages/airflow/example_dags/example_nested_branch_dag.py
[2024-08-20T03:40:19.066+0000] {logging_mixin.py:190} INFO - [2024-08-20T03:40:19.066+0000] {dag.py:3211} INFO - Sync 1 DAGs
[2024-08-20T03:40:19.093+0000] {logging_mixin.py:190} INFO - [2024-08-20T03:40:19.093+0000] {dag.py:4138} INFO - Setting next_dagrun for example_nested_branch_dag to 2024-08-19 00:00:00+00:00, run_after=2024-08-20 00:00:00+00:00
[2024-08-20T03:40:19.117+0000] {processor.py:208} INFO - Processing /home/airflow/.local/lib/python3.12/site-packages/airflow/example_dags/example_nested_branch_dag.py took 0.098 seconds
[2024-08-20T03:40:49.438+0000] {processor.py:186} INFO - Started process (PID=5083) to work on /home/airflow/.local/lib/python3.12/site-packages/airflow/example_dags/example_nested_branch_dag.py
[2024-08-20T03:40:49.439+0000] {processor.py:914} INFO - Processing file /home/airflow/.local/lib/python3.12/site-packages/airflow/example_dags/example_nested_branch_dag.py for tasks to queue
[2024-08-20T03:40:49.442+0000] {logging_mixin.py:190} INFO - [2024-08-20T03:40:49.441+0000] {dagbag.py:587} INFO - Filling up the DagBag from /home/airflow/.local/lib/python3.12/site-packages/airflow/example_dags/example_nested_branch_dag.py
[2024-08-20T03:40:49.455+0000] {processor.py:925} INFO - DAG(s) 'example_nested_branch_dag' retrieved from /home/airflow/.local/lib/python3.12/site-packages/airflow/example_dags/example_nested_branch_dag.py
[2024-08-20T03:40:49.477+0000] {logging_mixin.py:190} INFO - [2024-08-20T03:40:49.477+0000] {dag.py:3211} INFO - Sync 1 DAGs
[2024-08-20T03:40:49.504+0000] {logging_mixin.py:190} INFO - [2024-08-20T03:40:49.504+0000] {dag.py:4138} INFO - Setting next_dagrun for example_nested_branch_dag to 2024-08-19 00:00:00+00:00, run_after=2024-08-20 00:00:00+00:00
[2024-08-20T03:40:49.527+0000] {processor.py:208} INFO - Processing /home/airflow/.local/lib/python3.12/site-packages/airflow/example_dags/example_nested_branch_dag.py took 0.097 seconds
[2024-08-20T03:41:20.016+0000] {processor.py:186} INFO - Started process (PID=5371) to work on /home/airflow/.local/lib/python3.12/site-packages/airflow/example_dags/example_nested_branch_dag.py
[2024-08-20T03:41:20.017+0000] {processor.py:914} INFO - Processing file /home/airflow/.local/lib/python3.12/site-packages/airflow/example_dags/example_nested_branch_dag.py for tasks to queue
[2024-08-20T03:41:20.020+0000] {logging_mixin.py:190} INFO - [2024-08-20T03:41:20.019+0000] {dagbag.py:587} INFO - Filling up the DagBag from /home/airflow/.local/lib/python3.12/site-packages/airflow/example_dags/example_nested_branch_dag.py
[2024-08-20T03:41:20.032+0000] {processor.py:925} INFO - DAG(s) 'example_nested_branch_dag' retrieved from /home/airflow/.local/lib/python3.12/site-packages/airflow/example_dags/example_nested_branch_dag.py
[2024-08-20T03:41:20.055+0000] {logging_mixin.py:190} INFO - [2024-08-20T03:41:20.054+0000] {dag.py:3211} INFO - Sync 1 DAGs
[2024-08-20T03:41:20.080+0000] {logging_mixin.py:190} INFO - [2024-08-20T03:41:20.080+0000] {dag.py:4138} INFO - Setting next_dagrun for example_nested_branch_dag to 2024-08-19 00:00:00+00:00, run_after=2024-08-20 00:00:00+00:00
[2024-08-20T03:41:20.110+0000] {processor.py:208} INFO - Processing /home/airflow/.local/lib/python3.12/site-packages/airflow/example_dags/example_nested_branch_dag.py took 0.101 seconds
[2024-08-20T03:41:50.140+0000] {processor.py:186} INFO - Started process (PID=5657) to work on /home/airflow/.local/lib/python3.12/site-packages/airflow/example_dags/example_nested_branch_dag.py
[2024-08-20T03:41:50.141+0000] {processor.py:914} INFO - Processing file /home/airflow/.local/lib/python3.12/site-packages/airflow/example_dags/example_nested_branch_dag.py for tasks to queue
[2024-08-20T03:41:50.143+0000] {logging_mixin.py:190} INFO - [2024-08-20T03:41:50.143+0000] {dagbag.py:587} INFO - Filling up the DagBag from /home/airflow/.local/lib/python3.12/site-packages/airflow/example_dags/example_nested_branch_dag.py
[2024-08-20T03:41:50.155+0000] {processor.py:925} INFO - DAG(s) 'example_nested_branch_dag' retrieved from /home/airflow/.local/lib/python3.12/site-packages/airflow/example_dags/example_nested_branch_dag.py
[2024-08-20T03:41:50.176+0000] {logging_mixin.py:190} INFO - [2024-08-20T03:41:50.176+0000] {dag.py:3211} INFO - Sync 1 DAGs
[2024-08-20T03:41:50.200+0000] {logging_mixin.py:190} INFO - [2024-08-20T03:41:50.200+0000] {dag.py:4138} INFO - Setting next_dagrun for example_nested_branch_dag to 2024-08-19 00:00:00+00:00, run_after=2024-08-20 00:00:00+00:00
[2024-08-20T03:41:50.234+0000] {processor.py:208} INFO - Processing /home/airflow/.local/lib/python3.12/site-packages/airflow/example_dags/example_nested_branch_dag.py took 0.101 seconds
