[2024-08-20T03:32:15.302+0000] {processor.py:186} INFO - Started process (PID=311) to work on /home/airflow/.local/lib/python3.12/site-packages/airflow/example_dags/example_dataset_alias.py
[2024-08-20T03:32:15.303+0000] {processor.py:914} INFO - Processing file /home/airflow/.local/lib/python3.12/site-packages/airflow/example_dags/example_dataset_alias.py for tasks to queue
[2024-08-20T03:32:15.306+0000] {logging_mixin.py:190} INFO - [2024-08-20T03:32:15.306+0000] {dagbag.py:587} INFO - Filling up the DagBag from /home/airflow/.local/lib/python3.12/site-packages/airflow/example_dags/example_dataset_alias.py
[2024-08-20T03:32:15.453+0000] {processor.py:925} INFO - DAG(s) 'dataset_alias_example_alias_consumer', 'dataset_s3_bucket_producer', 'dataset_s3_bucket_consumer', 'dataset_alias_example_alias_producer' retrieved from /home/airflow/.local/lib/python3.12/site-packages/airflow/example_dags/example_dataset_alias.py
[2024-08-20T03:32:15.574+0000] {logging_mixin.py:190} INFO - [2024-08-20T03:32:15.573+0000] {override.py:1858} INFO - Created Permission View: can read on DAG:dataset_alias_example_alias_consumer
[2024-08-20T03:32:15.589+0000] {logging_mixin.py:190} INFO - [2024-08-20T03:32:15.589+0000] {override.py:1858} INFO - Created Permission View: can delete on DAG:dataset_alias_example_alias_consumer
[2024-08-20T03:32:15.600+0000] {logging_mixin.py:190} INFO - [2024-08-20T03:32:15.599+0000] {override.py:1858} INFO - Created Permission View: can edit on DAG:dataset_alias_example_alias_consumer
[2024-08-20T03:32:15.622+0000] {logging_mixin.py:190} INFO - [2024-08-20T03:32:15.621+0000] {override.py:1858} INFO - Created Permission View: can read on DAG:dataset_s3_bucket_producer
[2024-08-20T03:32:15.633+0000] {logging_mixin.py:190} INFO - [2024-08-20T03:32:15.632+0000] {override.py:1858} INFO - Created Permission View: can delete on DAG:dataset_s3_bucket_producer
[2024-08-20T03:32:15.642+0000] {logging_mixin.py:190} INFO - [2024-08-20T03:32:15.642+0000] {override.py:1858} INFO - Created Permission View: can edit on DAG:dataset_s3_bucket_producer
[2024-08-20T03:32:15.660+0000] {logging_mixin.py:190} INFO - [2024-08-20T03:32:15.660+0000] {override.py:1858} INFO - Created Permission View: can read on DAG:dataset_s3_bucket_consumer
[2024-08-20T03:32:15.671+0000] {logging_mixin.py:190} INFO - [2024-08-20T03:32:15.670+0000] {override.py:1858} INFO - Created Permission View: can delete on DAG:dataset_s3_bucket_consumer
[2024-08-20T03:32:15.682+0000] {logging_mixin.py:190} INFO - [2024-08-20T03:32:15.681+0000] {override.py:1858} INFO - Created Permission View: can edit on DAG:dataset_s3_bucket_consumer
[2024-08-20T03:32:15.704+0000] {logging_mixin.py:190} INFO - [2024-08-20T03:32:15.704+0000] {override.py:1858} INFO - Created Permission View: can read on DAG:dataset_alias_example_alias_producer
[2024-08-20T03:32:15.716+0000] {logging_mixin.py:190} INFO - [2024-08-20T03:32:15.715+0000] {override.py:1858} INFO - Created Permission View: can delete on DAG:dataset_alias_example_alias_producer
[2024-08-20T03:32:15.727+0000] {logging_mixin.py:190} INFO - [2024-08-20T03:32:15.727+0000] {override.py:1858} INFO - Created Permission View: can edit on DAG:dataset_alias_example_alias_producer
[2024-08-20T03:32:15.728+0000] {logging_mixin.py:190} INFO - [2024-08-20T03:32:15.728+0000] {dag.py:3211} INFO - Sync 4 DAGs
[2024-08-20T03:32:15.743+0000] {logging_mixin.py:190} INFO - [2024-08-20T03:32:15.743+0000] {dag.py:3234} INFO - Creating ORM DAG for dataset_s3_bucket_producer
[2024-08-20T03:32:15.744+0000] {logging_mixin.py:190} INFO - [2024-08-20T03:32:15.744+0000] {dag.py:3234} INFO - Creating ORM DAG for dataset_alias_example_alias_producer
[2024-08-20T03:32:15.745+0000] {logging_mixin.py:190} INFO - [2024-08-20T03:32:15.745+0000] {dag.py:3234} INFO - Creating ORM DAG for dataset_s3_bucket_consumer
[2024-08-20T03:32:15.746+0000] {logging_mixin.py:190} INFO - [2024-08-20T03:32:15.746+0000] {dag.py:3234} INFO - Creating ORM DAG for dataset_alias_example_alias_consumer
[2024-08-20T03:32:15.756+0000] {logging_mixin.py:190} INFO - [2024-08-20T03:32:15.756+0000] {dag.py:4138} INFO - Setting next_dagrun for dataset_alias_example_alias_consumer to None, run_after=None
[2024-08-20T03:32:15.758+0000] {logging_mixin.py:190} INFO - [2024-08-20T03:32:15.757+0000] {dag.py:4138} INFO - Setting next_dagrun for dataset_alias_example_alias_producer to None, run_after=None
[2024-08-20T03:32:15.759+0000] {logging_mixin.py:190} INFO - [2024-08-20T03:32:15.758+0000] {dag.py:4138} INFO - Setting next_dagrun for dataset_s3_bucket_consumer to None, run_after=None
[2024-08-20T03:32:15.760+0000] {logging_mixin.py:190} INFO - [2024-08-20T03:32:15.759+0000] {dag.py:4138} INFO - Setting next_dagrun for dataset_s3_bucket_producer to None, run_after=None
[2024-08-20T03:32:15.796+0000] {processor.py:208} INFO - Processing /home/airflow/.local/lib/python3.12/site-packages/airflow/example_dags/example_dataset_alias.py took 0.503 seconds
[2024-08-20T03:32:46.014+0000] {processor.py:186} INFO - Started process (PID=602) to work on /home/airflow/.local/lib/python3.12/site-packages/airflow/example_dags/example_dataset_alias.py
[2024-08-20T03:32:46.016+0000] {processor.py:914} INFO - Processing file /home/airflow/.local/lib/python3.12/site-packages/airflow/example_dags/example_dataset_alias.py for tasks to queue
[2024-08-20T03:32:46.020+0000] {logging_mixin.py:190} INFO - [2024-08-20T03:32:46.020+0000] {dagbag.py:587} INFO - Filling up the DagBag from /home/airflow/.local/lib/python3.12/site-packages/airflow/example_dags/example_dataset_alias.py
[2024-08-20T03:32:46.193+0000] {processor.py:925} INFO - DAG(s) 'dataset_s3_bucket_consumer', 'dataset_s3_bucket_producer', 'dataset_alias_example_alias_consumer', 'dataset_alias_example_alias_producer' retrieved from /home/airflow/.local/lib/python3.12/site-packages/airflow/example_dags/example_dataset_alias.py
[2024-08-20T03:32:46.223+0000] {logging_mixin.py:190} INFO - [2024-08-20T03:32:46.223+0000] {dag.py:3211} INFO - Sync 4 DAGs
[2024-08-20T03:32:46.252+0000] {logging_mixin.py:190} INFO - [2024-08-20T03:32:46.251+0000] {dag.py:4138} INFO - Setting next_dagrun for dataset_alias_example_alias_consumer to None, run_after=None
[2024-08-20T03:32:46.255+0000] {logging_mixin.py:190} INFO - [2024-08-20T03:32:46.255+0000] {dag.py:4138} INFO - Setting next_dagrun for dataset_alias_example_alias_producer to None, run_after=None
[2024-08-20T03:32:46.257+0000] {logging_mixin.py:190} INFO - [2024-08-20T03:32:46.257+0000] {dag.py:4138} INFO - Setting next_dagrun for dataset_s3_bucket_consumer to None, run_after=None
[2024-08-20T03:32:46.259+0000] {logging_mixin.py:190} INFO - [2024-08-20T03:32:46.259+0000] {dag.py:4138} INFO - Setting next_dagrun for dataset_s3_bucket_producer to None, run_after=None
[2024-08-20T03:32:46.292+0000] {processor.py:208} INFO - Processing /home/airflow/.local/lib/python3.12/site-packages/airflow/example_dags/example_dataset_alias.py took 0.287 seconds
[2024-08-20T03:33:16.463+0000] {processor.py:186} INFO - Started process (PID=895) to work on /home/airflow/.local/lib/python3.12/site-packages/airflow/example_dags/example_dataset_alias.py
[2024-08-20T03:33:16.464+0000] {processor.py:914} INFO - Processing file /home/airflow/.local/lib/python3.12/site-packages/airflow/example_dags/example_dataset_alias.py for tasks to queue
[2024-08-20T03:33:16.468+0000] {logging_mixin.py:190} INFO - [2024-08-20T03:33:16.467+0000] {dagbag.py:587} INFO - Filling up the DagBag from /home/airflow/.local/lib/python3.12/site-packages/airflow/example_dags/example_dataset_alias.py
[2024-08-20T03:33:16.641+0000] {processor.py:925} INFO - DAG(s) 'dataset_s3_bucket_producer', 'dataset_alias_example_alias_consumer', 'dataset_s3_bucket_consumer', 'dataset_alias_example_alias_producer' retrieved from /home/airflow/.local/lib/python3.12/site-packages/airflow/example_dags/example_dataset_alias.py
[2024-08-20T03:33:16.673+0000] {logging_mixin.py:190} INFO - [2024-08-20T03:33:16.673+0000] {dag.py:3211} INFO - Sync 4 DAGs
[2024-08-20T03:33:16.694+0000] {logging_mixin.py:190} INFO - [2024-08-20T03:33:16.694+0000] {dag.py:4138} INFO - Setting next_dagrun for dataset_alias_example_alias_consumer to None, run_after=None
[2024-08-20T03:33:16.697+0000] {logging_mixin.py:190} INFO - [2024-08-20T03:33:16.697+0000] {dag.py:4138} INFO - Setting next_dagrun for dataset_alias_example_alias_producer to None, run_after=None
[2024-08-20T03:33:16.699+0000] {logging_mixin.py:190} INFO - [2024-08-20T03:33:16.699+0000] {dag.py:4138} INFO - Setting next_dagrun for dataset_s3_bucket_consumer to None, run_after=None
[2024-08-20T03:33:16.702+0000] {logging_mixin.py:190} INFO - [2024-08-20T03:33:16.701+0000] {dag.py:4138} INFO - Setting next_dagrun for dataset_s3_bucket_producer to None, run_after=None
[2024-08-20T03:33:16.729+0000] {processor.py:208} INFO - Processing /home/airflow/.local/lib/python3.12/site-packages/airflow/example_dags/example_dataset_alias.py took 0.272 seconds
[2024-08-20T03:33:46.954+0000] {processor.py:186} INFO - Started process (PID=1186) to work on /home/airflow/.local/lib/python3.12/site-packages/airflow/example_dags/example_dataset_alias.py
[2024-08-20T03:33:46.955+0000] {processor.py:914} INFO - Processing file /home/airflow/.local/lib/python3.12/site-packages/airflow/example_dags/example_dataset_alias.py for tasks to queue
[2024-08-20T03:33:46.959+0000] {logging_mixin.py:190} INFO - [2024-08-20T03:33:46.958+0000] {dagbag.py:587} INFO - Filling up the DagBag from /home/airflow/.local/lib/python3.12/site-packages/airflow/example_dags/example_dataset_alias.py
[2024-08-20T03:33:47.110+0000] {processor.py:925} INFO - DAG(s) 'dataset_s3_bucket_producer', 'dataset_s3_bucket_consumer', 'dataset_alias_example_alias_producer', 'dataset_alias_example_alias_consumer' retrieved from /home/airflow/.local/lib/python3.12/site-packages/airflow/example_dags/example_dataset_alias.py
[2024-08-20T03:33:47.138+0000] {logging_mixin.py:190} INFO - [2024-08-20T03:33:47.138+0000] {dag.py:3211} INFO - Sync 4 DAGs
[2024-08-20T03:33:47.170+0000] {logging_mixin.py:190} INFO - [2024-08-20T03:33:47.170+0000] {dag.py:4138} INFO - Setting next_dagrun for dataset_alias_example_alias_consumer to None, run_after=None
[2024-08-20T03:33:47.173+0000] {logging_mixin.py:190} INFO - [2024-08-20T03:33:47.173+0000] {dag.py:4138} INFO - Setting next_dagrun for dataset_alias_example_alias_producer to None, run_after=None
[2024-08-20T03:33:47.176+0000] {logging_mixin.py:190} INFO - [2024-08-20T03:33:47.175+0000] {dag.py:4138} INFO - Setting next_dagrun for dataset_s3_bucket_consumer to None, run_after=None
[2024-08-20T03:33:47.178+0000] {logging_mixin.py:190} INFO - [2024-08-20T03:33:47.178+0000] {dag.py:4138} INFO - Setting next_dagrun for dataset_s3_bucket_producer to None, run_after=None
[2024-08-20T03:33:47.208+0000] {processor.py:208} INFO - Processing /home/airflow/.local/lib/python3.12/site-packages/airflow/example_dags/example_dataset_alias.py took 0.262 seconds
[2024-08-20T03:34:17.549+0000] {processor.py:186} INFO - Started process (PID=1477) to work on /home/airflow/.local/lib/python3.12/site-packages/airflow/example_dags/example_dataset_alias.py
[2024-08-20T03:34:17.551+0000] {processor.py:914} INFO - Processing file /home/airflow/.local/lib/python3.12/site-packages/airflow/example_dags/example_dataset_alias.py for tasks to queue
[2024-08-20T03:34:17.553+0000] {logging_mixin.py:190} INFO - [2024-08-20T03:34:17.553+0000] {dagbag.py:587} INFO - Filling up the DagBag from /home/airflow/.local/lib/python3.12/site-packages/airflow/example_dags/example_dataset_alias.py
[2024-08-20T03:34:17.730+0000] {processor.py:925} INFO - DAG(s) 'dataset_s3_bucket_consumer', 'dataset_alias_example_alias_consumer', 'dataset_s3_bucket_producer', 'dataset_alias_example_alias_producer' retrieved from /home/airflow/.local/lib/python3.12/site-packages/airflow/example_dags/example_dataset_alias.py
[2024-08-20T03:34:17.751+0000] {logging_mixin.py:190} INFO - [2024-08-20T03:34:17.751+0000] {dag.py:3211} INFO - Sync 4 DAGs
[2024-08-20T03:34:17.781+0000] {logging_mixin.py:190} INFO - [2024-08-20T03:34:17.780+0000] {dag.py:4138} INFO - Setting next_dagrun for dataset_alias_example_alias_consumer to None, run_after=None
[2024-08-20T03:34:17.785+0000] {logging_mixin.py:190} INFO - [2024-08-20T03:34:17.785+0000] {dag.py:4138} INFO - Setting next_dagrun for dataset_alias_example_alias_producer to None, run_after=None
[2024-08-20T03:34:17.788+0000] {logging_mixin.py:190} INFO - [2024-08-20T03:34:17.788+0000] {dag.py:4138} INFO - Setting next_dagrun for dataset_s3_bucket_consumer to None, run_after=None
[2024-08-20T03:34:17.790+0000] {logging_mixin.py:190} INFO - [2024-08-20T03:34:17.790+0000] {dag.py:4138} INFO - Setting next_dagrun for dataset_s3_bucket_producer to None, run_after=None
[2024-08-20T03:34:17.819+0000] {processor.py:208} INFO - Processing /home/airflow/.local/lib/python3.12/site-packages/airflow/example_dags/example_dataset_alias.py took 0.278 seconds
[2024-08-20T03:34:47.889+0000] {processor.py:186} INFO - Started process (PID=1746) to work on /home/airflow/.local/lib/python3.12/site-packages/airflow/example_dags/example_dataset_alias.py
[2024-08-20T03:34:47.891+0000] {processor.py:914} INFO - Processing file /home/airflow/.local/lib/python3.12/site-packages/airflow/example_dags/example_dataset_alias.py for tasks to queue
[2024-08-20T03:34:47.893+0000] {logging_mixin.py:190} INFO - [2024-08-20T03:34:47.893+0000] {dagbag.py:587} INFO - Filling up the DagBag from /home/airflow/.local/lib/python3.12/site-packages/airflow/example_dags/example_dataset_alias.py
[2024-08-20T03:34:48.060+0000] {processor.py:925} INFO - DAG(s) 'dataset_s3_bucket_consumer', 'dataset_s3_bucket_producer', 'dataset_alias_example_alias_producer', 'dataset_alias_example_alias_consumer' retrieved from /home/airflow/.local/lib/python3.12/site-packages/airflow/example_dags/example_dataset_alias.py
[2024-08-20T03:34:48.085+0000] {logging_mixin.py:190} INFO - [2024-08-20T03:34:48.085+0000] {dag.py:3211} INFO - Sync 4 DAGs
[2024-08-20T03:34:48.107+0000] {logging_mixin.py:190} INFO - [2024-08-20T03:34:48.107+0000] {dag.py:4138} INFO - Setting next_dagrun for dataset_alias_example_alias_consumer to None, run_after=None
[2024-08-20T03:34:48.110+0000] {logging_mixin.py:190} INFO - [2024-08-20T03:34:48.110+0000] {dag.py:4138} INFO - Setting next_dagrun for dataset_alias_example_alias_producer to None, run_after=None
[2024-08-20T03:34:48.112+0000] {logging_mixin.py:190} INFO - [2024-08-20T03:34:48.112+0000] {dag.py:4138} INFO - Setting next_dagrun for dataset_s3_bucket_consumer to None, run_after=None
[2024-08-20T03:34:48.114+0000] {logging_mixin.py:190} INFO - [2024-08-20T03:34:48.113+0000] {dag.py:4138} INFO - Setting next_dagrun for dataset_s3_bucket_producer to None, run_after=None
[2024-08-20T03:34:48.144+0000] {processor.py:208} INFO - Processing /home/airflow/.local/lib/python3.12/site-packages/airflow/example_dags/example_dataset_alias.py took 0.261 seconds
[2024-08-20T03:35:18.454+0000] {processor.py:186} INFO - Started process (PID=2027) to work on /home/airflow/.local/lib/python3.12/site-packages/airflow/example_dags/example_dataset_alias.py
[2024-08-20T03:35:18.455+0000] {processor.py:914} INFO - Processing file /home/airflow/.local/lib/python3.12/site-packages/airflow/example_dags/example_dataset_alias.py for tasks to queue
[2024-08-20T03:35:18.458+0000] {logging_mixin.py:190} INFO - [2024-08-20T03:35:18.458+0000] {dagbag.py:587} INFO - Filling up the DagBag from /home/airflow/.local/lib/python3.12/site-packages/airflow/example_dags/example_dataset_alias.py
[2024-08-20T03:35:18.604+0000] {processor.py:925} INFO - DAG(s) 'dataset_s3_bucket_producer', 'dataset_alias_example_alias_consumer', 'dataset_s3_bucket_consumer', 'dataset_alias_example_alias_producer' retrieved from /home/airflow/.local/lib/python3.12/site-packages/airflow/example_dags/example_dataset_alias.py
[2024-08-20T03:35:18.629+0000] {logging_mixin.py:190} INFO - [2024-08-20T03:35:18.629+0000] {dag.py:3211} INFO - Sync 4 DAGs
[2024-08-20T03:35:18.654+0000] {logging_mixin.py:190} INFO - [2024-08-20T03:35:18.653+0000] {dag.py:4138} INFO - Setting next_dagrun for dataset_alias_example_alias_consumer to None, run_after=None
[2024-08-20T03:35:18.657+0000] {logging_mixin.py:190} INFO - [2024-08-20T03:35:18.657+0000] {dag.py:4138} INFO - Setting next_dagrun for dataset_alias_example_alias_producer to None, run_after=None
[2024-08-20T03:35:18.659+0000] {logging_mixin.py:190} INFO - [2024-08-20T03:35:18.659+0000] {dag.py:4138} INFO - Setting next_dagrun for dataset_s3_bucket_consumer to None, run_after=None
[2024-08-20T03:35:18.661+0000] {logging_mixin.py:190} INFO - [2024-08-20T03:35:18.660+0000] {dag.py:4138} INFO - Setting next_dagrun for dataset_s3_bucket_producer to None, run_after=None
[2024-08-20T03:35:18.692+0000] {processor.py:208} INFO - Processing /home/airflow/.local/lib/python3.12/site-packages/airflow/example_dags/example_dataset_alias.py took 0.245 seconds
[2024-08-20T03:35:48.958+0000] {processor.py:186} INFO - Started process (PID=2313) to work on /home/airflow/.local/lib/python3.12/site-packages/airflow/example_dags/example_dataset_alias.py
[2024-08-20T03:35:48.960+0000] {processor.py:914} INFO - Processing file /home/airflow/.local/lib/python3.12/site-packages/airflow/example_dags/example_dataset_alias.py for tasks to queue
[2024-08-20T03:35:48.963+0000] {logging_mixin.py:190} INFO - [2024-08-20T03:35:48.963+0000] {dagbag.py:587} INFO - Filling up the DagBag from /home/airflow/.local/lib/python3.12/site-packages/airflow/example_dags/example_dataset_alias.py
[2024-08-20T03:35:49.117+0000] {processor.py:925} INFO - DAG(s) 'dataset_alias_example_alias_consumer', 'dataset_s3_bucket_producer', 'dataset_alias_example_alias_producer', 'dataset_s3_bucket_consumer' retrieved from /home/airflow/.local/lib/python3.12/site-packages/airflow/example_dags/example_dataset_alias.py
[2024-08-20T03:35:49.140+0000] {logging_mixin.py:190} INFO - [2024-08-20T03:35:49.140+0000] {dag.py:3211} INFO - Sync 4 DAGs
[2024-08-20T03:35:49.169+0000] {logging_mixin.py:190} INFO - [2024-08-20T03:35:49.169+0000] {dag.py:4138} INFO - Setting next_dagrun for dataset_alias_example_alias_consumer to None, run_after=None
[2024-08-20T03:35:49.172+0000] {logging_mixin.py:190} INFO - [2024-08-20T03:35:49.172+0000] {dag.py:4138} INFO - Setting next_dagrun for dataset_alias_example_alias_producer to None, run_after=None
[2024-08-20T03:35:49.174+0000] {logging_mixin.py:190} INFO - [2024-08-20T03:35:49.174+0000] {dag.py:4138} INFO - Setting next_dagrun for dataset_s3_bucket_consumer to None, run_after=None
[2024-08-20T03:35:49.176+0000] {logging_mixin.py:190} INFO - [2024-08-20T03:35:49.175+0000] {dag.py:4138} INFO - Setting next_dagrun for dataset_s3_bucket_producer to None, run_after=None
[2024-08-20T03:35:49.207+0000] {processor.py:208} INFO - Processing /home/airflow/.local/lib/python3.12/site-packages/airflow/example_dags/example_dataset_alias.py took 0.257 seconds
[2024-08-20T03:36:19.536+0000] {processor.py:186} INFO - Started process (PID=2599) to work on /home/airflow/.local/lib/python3.12/site-packages/airflow/example_dags/example_dataset_alias.py
[2024-08-20T03:36:19.537+0000] {processor.py:914} INFO - Processing file /home/airflow/.local/lib/python3.12/site-packages/airflow/example_dags/example_dataset_alias.py for tasks to queue
[2024-08-20T03:36:19.541+0000] {logging_mixin.py:190} INFO - [2024-08-20T03:36:19.540+0000] {dagbag.py:587} INFO - Filling up the DagBag from /home/airflow/.local/lib/python3.12/site-packages/airflow/example_dags/example_dataset_alias.py
[2024-08-20T03:36:19.709+0000] {processor.py:925} INFO - DAG(s) 'dataset_s3_bucket_consumer', 'dataset_alias_example_alias_consumer', 'dataset_s3_bucket_producer', 'dataset_alias_example_alias_producer' retrieved from /home/airflow/.local/lib/python3.12/site-packages/airflow/example_dags/example_dataset_alias.py
[2024-08-20T03:36:19.735+0000] {logging_mixin.py:190} INFO - [2024-08-20T03:36:19.734+0000] {dag.py:3211} INFO - Sync 4 DAGs
[2024-08-20T03:36:19.759+0000] {logging_mixin.py:190} INFO - [2024-08-20T03:36:19.759+0000] {dag.py:4138} INFO - Setting next_dagrun for dataset_alias_example_alias_consumer to None, run_after=None
[2024-08-20T03:36:19.763+0000] {logging_mixin.py:190} INFO - [2024-08-20T03:36:19.763+0000] {dag.py:4138} INFO - Setting next_dagrun for dataset_alias_example_alias_producer to None, run_after=None
[2024-08-20T03:36:19.765+0000] {logging_mixin.py:190} INFO - [2024-08-20T03:36:19.765+0000] {dag.py:4138} INFO - Setting next_dagrun for dataset_s3_bucket_consumer to None, run_after=None
[2024-08-20T03:36:19.767+0000] {logging_mixin.py:190} INFO - [2024-08-20T03:36:19.767+0000] {dag.py:4138} INFO - Setting next_dagrun for dataset_s3_bucket_producer to None, run_after=None
[2024-08-20T03:36:19.793+0000] {processor.py:208} INFO - Processing /home/airflow/.local/lib/python3.12/site-packages/airflow/example_dags/example_dataset_alias.py took 0.264 seconds
[2024-08-20T03:36:49.967+0000] {processor.py:186} INFO - Started process (PID=2892) to work on /home/airflow/.local/lib/python3.12/site-packages/airflow/example_dags/example_dataset_alias.py
[2024-08-20T03:36:49.968+0000] {processor.py:914} INFO - Processing file /home/airflow/.local/lib/python3.12/site-packages/airflow/example_dags/example_dataset_alias.py for tasks to queue
[2024-08-20T03:36:49.970+0000] {logging_mixin.py:190} INFO - [2024-08-20T03:36:49.970+0000] {dagbag.py:587} INFO - Filling up the DagBag from /home/airflow/.local/lib/python3.12/site-packages/airflow/example_dags/example_dataset_alias.py
[2024-08-20T03:36:50.118+0000] {processor.py:925} INFO - DAG(s) 'dataset_s3_bucket_producer', 'dataset_s3_bucket_consumer', 'dataset_alias_example_alias_producer', 'dataset_alias_example_alias_consumer' retrieved from /home/airflow/.local/lib/python3.12/site-packages/airflow/example_dags/example_dataset_alias.py
[2024-08-20T03:36:50.142+0000] {logging_mixin.py:190} INFO - [2024-08-20T03:36:50.142+0000] {dag.py:3211} INFO - Sync 4 DAGs
[2024-08-20T03:36:50.170+0000] {logging_mixin.py:190} INFO - [2024-08-20T03:36:50.169+0000] {dag.py:4138} INFO - Setting next_dagrun for dataset_alias_example_alias_consumer to None, run_after=None
[2024-08-20T03:36:50.173+0000] {logging_mixin.py:190} INFO - [2024-08-20T03:36:50.172+0000] {dag.py:4138} INFO - Setting next_dagrun for dataset_alias_example_alias_producer to None, run_after=None
[2024-08-20T03:36:50.174+0000] {logging_mixin.py:190} INFO - [2024-08-20T03:36:50.174+0000] {dag.py:4138} INFO - Setting next_dagrun for dataset_s3_bucket_consumer to None, run_after=None
[2024-08-20T03:36:50.176+0000] {logging_mixin.py:190} INFO - [2024-08-20T03:36:50.176+0000] {dag.py:4138} INFO - Setting next_dagrun for dataset_s3_bucket_producer to None, run_after=None
[2024-08-20T03:36:50.205+0000] {processor.py:208} INFO - Processing /home/airflow/.local/lib/python3.12/site-packages/airflow/example_dags/example_dataset_alias.py took 0.244 seconds
[2024-08-20T03:37:20.432+0000] {processor.py:186} INFO - Started process (PID=3181) to work on /home/airflow/.local/lib/python3.12/site-packages/airflow/example_dags/example_dataset_alias.py
[2024-08-20T03:37:20.433+0000] {processor.py:914} INFO - Processing file /home/airflow/.local/lib/python3.12/site-packages/airflow/example_dags/example_dataset_alias.py for tasks to queue
[2024-08-20T03:37:20.435+0000] {logging_mixin.py:190} INFO - [2024-08-20T03:37:20.435+0000] {dagbag.py:587} INFO - Filling up the DagBag from /home/airflow/.local/lib/python3.12/site-packages/airflow/example_dags/example_dataset_alias.py
[2024-08-20T03:37:20.582+0000] {processor.py:925} INFO - DAG(s) 'dataset_alias_example_alias_consumer', 'dataset_alias_example_alias_producer', 'dataset_s3_bucket_producer', 'dataset_s3_bucket_consumer' retrieved from /home/airflow/.local/lib/python3.12/site-packages/airflow/example_dags/example_dataset_alias.py
[2024-08-20T03:37:20.608+0000] {logging_mixin.py:190} INFO - [2024-08-20T03:37:20.608+0000] {dag.py:3211} INFO - Sync 4 DAGs
[2024-08-20T03:37:20.634+0000] {logging_mixin.py:190} INFO - [2024-08-20T03:37:20.633+0000] {dag.py:4138} INFO - Setting next_dagrun for dataset_alias_example_alias_consumer to None, run_after=None
[2024-08-20T03:37:20.636+0000] {logging_mixin.py:190} INFO - [2024-08-20T03:37:20.636+0000] {dag.py:4138} INFO - Setting next_dagrun for dataset_alias_example_alias_producer to None, run_after=None
[2024-08-20T03:37:20.638+0000] {logging_mixin.py:190} INFO - [2024-08-20T03:37:20.638+0000] {dag.py:4138} INFO - Setting next_dagrun for dataset_s3_bucket_consumer to None, run_after=None
[2024-08-20T03:37:20.640+0000] {logging_mixin.py:190} INFO - [2024-08-20T03:37:20.640+0000] {dag.py:4138} INFO - Setting next_dagrun for dataset_s3_bucket_producer to None, run_after=None
[2024-08-20T03:37:20.665+0000] {processor.py:208} INFO - Processing /home/airflow/.local/lib/python3.12/site-packages/airflow/example_dags/example_dataset_alias.py took 0.240 seconds
[2024-08-20T03:37:50.890+0000] {processor.py:186} INFO - Started process (PID=3474) to work on /home/airflow/.local/lib/python3.12/site-packages/airflow/example_dags/example_dataset_alias.py
[2024-08-20T03:37:50.891+0000] {processor.py:914} INFO - Processing file /home/airflow/.local/lib/python3.12/site-packages/airflow/example_dags/example_dataset_alias.py for tasks to queue
[2024-08-20T03:37:50.894+0000] {logging_mixin.py:190} INFO - [2024-08-20T03:37:50.894+0000] {dagbag.py:587} INFO - Filling up the DagBag from /home/airflow/.local/lib/python3.12/site-packages/airflow/example_dags/example_dataset_alias.py
[2024-08-20T03:37:51.034+0000] {processor.py:925} INFO - DAG(s) 'dataset_s3_bucket_consumer', 'dataset_alias_example_alias_consumer', 'dataset_alias_example_alias_producer', 'dataset_s3_bucket_producer' retrieved from /home/airflow/.local/lib/python3.12/site-packages/airflow/example_dags/example_dataset_alias.py
[2024-08-20T03:37:51.060+0000] {logging_mixin.py:190} INFO - [2024-08-20T03:37:51.060+0000] {dag.py:3211} INFO - Sync 4 DAGs
[2024-08-20T03:37:51.086+0000] {logging_mixin.py:190} INFO - [2024-08-20T03:37:51.086+0000] {dag.py:4138} INFO - Setting next_dagrun for dataset_alias_example_alias_consumer to None, run_after=None
[2024-08-20T03:37:51.089+0000] {logging_mixin.py:190} INFO - [2024-08-20T03:37:51.089+0000] {dag.py:4138} INFO - Setting next_dagrun for dataset_alias_example_alias_producer to None, run_after=None
[2024-08-20T03:37:51.091+0000] {logging_mixin.py:190} INFO - [2024-08-20T03:37:51.091+0000] {dag.py:4138} INFO - Setting next_dagrun for dataset_s3_bucket_consumer to None, run_after=None
[2024-08-20T03:37:51.092+0000] {logging_mixin.py:190} INFO - [2024-08-20T03:37:51.092+0000] {dag.py:4138} INFO - Setting next_dagrun for dataset_s3_bucket_producer to None, run_after=None
[2024-08-20T03:37:51.117+0000] {processor.py:208} INFO - Processing /home/airflow/.local/lib/python3.12/site-packages/airflow/example_dags/example_dataset_alias.py took 0.233 seconds
[2024-08-20T03:38:21.369+0000] {processor.py:186} INFO - Started process (PID=3758) to work on /home/airflow/.local/lib/python3.12/site-packages/airflow/example_dags/example_dataset_alias.py
[2024-08-20T03:38:21.370+0000] {processor.py:914} INFO - Processing file /home/airflow/.local/lib/python3.12/site-packages/airflow/example_dags/example_dataset_alias.py for tasks to queue
[2024-08-20T03:38:21.373+0000] {logging_mixin.py:190} INFO - [2024-08-20T03:38:21.372+0000] {dagbag.py:587} INFO - Filling up the DagBag from /home/airflow/.local/lib/python3.12/site-packages/airflow/example_dags/example_dataset_alias.py
[2024-08-20T03:38:21.524+0000] {processor.py:925} INFO - DAG(s) 'dataset_alias_example_alias_producer', 'dataset_s3_bucket_consumer', 'dataset_alias_example_alias_consumer', 'dataset_s3_bucket_producer' retrieved from /home/airflow/.local/lib/python3.12/site-packages/airflow/example_dags/example_dataset_alias.py
[2024-08-20T03:38:21.555+0000] {logging_mixin.py:190} INFO - [2024-08-20T03:38:21.555+0000] {dag.py:3211} INFO - Sync 4 DAGs
[2024-08-20T03:38:21.584+0000] {logging_mixin.py:190} INFO - [2024-08-20T03:38:21.584+0000] {dag.py:4138} INFO - Setting next_dagrun for dataset_alias_example_alias_consumer to None, run_after=None
[2024-08-20T03:38:21.589+0000] {logging_mixin.py:190} INFO - [2024-08-20T03:38:21.589+0000] {dag.py:4138} INFO - Setting next_dagrun for dataset_alias_example_alias_producer to None, run_after=None
[2024-08-20T03:38:21.591+0000] {logging_mixin.py:190} INFO - [2024-08-20T03:38:21.591+0000] {dag.py:4138} INFO - Setting next_dagrun for dataset_s3_bucket_consumer to None, run_after=None
[2024-08-20T03:38:21.593+0000] {logging_mixin.py:190} INFO - [2024-08-20T03:38:21.593+0000] {dag.py:4138} INFO - Setting next_dagrun for dataset_s3_bucket_producer to None, run_after=None
[2024-08-20T03:38:21.622+0000] {processor.py:208} INFO - Processing /home/airflow/.local/lib/python3.12/site-packages/airflow/example_dags/example_dataset_alias.py took 0.260 seconds
[2024-08-20T03:38:51.806+0000] {processor.py:186} INFO - Started process (PID=4049) to work on /home/airflow/.local/lib/python3.12/site-packages/airflow/example_dags/example_dataset_alias.py
[2024-08-20T03:38:51.807+0000] {processor.py:914} INFO - Processing file /home/airflow/.local/lib/python3.12/site-packages/airflow/example_dags/example_dataset_alias.py for tasks to queue
[2024-08-20T03:38:51.811+0000] {logging_mixin.py:190} INFO - [2024-08-20T03:38:51.810+0000] {dagbag.py:587} INFO - Filling up the DagBag from /home/airflow/.local/lib/python3.12/site-packages/airflow/example_dags/example_dataset_alias.py
[2024-08-20T03:38:51.955+0000] {processor.py:925} INFO - DAG(s) 'dataset_alias_example_alias_consumer', 'dataset_alias_example_alias_producer', 'dataset_s3_bucket_consumer', 'dataset_s3_bucket_producer' retrieved from /home/airflow/.local/lib/python3.12/site-packages/airflow/example_dags/example_dataset_alias.py
[2024-08-20T03:38:51.977+0000] {logging_mixin.py:190} INFO - [2024-08-20T03:38:51.977+0000] {dag.py:3211} INFO - Sync 4 DAGs
[2024-08-20T03:38:52.008+0000] {logging_mixin.py:190} INFO - [2024-08-20T03:38:52.008+0000] {dag.py:4138} INFO - Setting next_dagrun for dataset_alias_example_alias_consumer to None, run_after=None
[2024-08-20T03:38:52.011+0000] {logging_mixin.py:190} INFO - [2024-08-20T03:38:52.011+0000] {dag.py:4138} INFO - Setting next_dagrun for dataset_alias_example_alias_producer to None, run_after=None
[2024-08-20T03:38:52.013+0000] {logging_mixin.py:190} INFO - [2024-08-20T03:38:52.013+0000] {dag.py:4138} INFO - Setting next_dagrun for dataset_s3_bucket_consumer to None, run_after=None
[2024-08-20T03:38:52.015+0000] {logging_mixin.py:190} INFO - [2024-08-20T03:38:52.015+0000] {dag.py:4138} INFO - Setting next_dagrun for dataset_s3_bucket_producer to None, run_after=None
[2024-08-20T03:38:52.041+0000] {processor.py:208} INFO - Processing /home/airflow/.local/lib/python3.12/site-packages/airflow/example_dags/example_dataset_alias.py took 0.244 seconds
[2024-08-20T03:39:22.160+0000] {processor.py:186} INFO - Started process (PID=4335) to work on /home/airflow/.local/lib/python3.12/site-packages/airflow/example_dags/example_dataset_alias.py
[2024-08-20T03:39:22.161+0000] {processor.py:914} INFO - Processing file /home/airflow/.local/lib/python3.12/site-packages/airflow/example_dags/example_dataset_alias.py for tasks to queue
[2024-08-20T03:39:22.164+0000] {logging_mixin.py:190} INFO - [2024-08-20T03:39:22.164+0000] {dagbag.py:587} INFO - Filling up the DagBag from /home/airflow/.local/lib/python3.12/site-packages/airflow/example_dags/example_dataset_alias.py
[2024-08-20T03:39:22.309+0000] {processor.py:925} INFO - DAG(s) 'dataset_s3_bucket_producer', 'dataset_alias_example_alias_consumer', 'dataset_alias_example_alias_producer', 'dataset_s3_bucket_consumer' retrieved from /home/airflow/.local/lib/python3.12/site-packages/airflow/example_dags/example_dataset_alias.py
[2024-08-20T03:39:22.334+0000] {logging_mixin.py:190} INFO - [2024-08-20T03:39:22.333+0000] {dag.py:3211} INFO - Sync 4 DAGs
[2024-08-20T03:39:22.357+0000] {logging_mixin.py:190} INFO - [2024-08-20T03:39:22.357+0000] {dag.py:4138} INFO - Setting next_dagrun for dataset_alias_example_alias_consumer to None, run_after=None
[2024-08-20T03:39:22.360+0000] {logging_mixin.py:190} INFO - [2024-08-20T03:39:22.360+0000] {dag.py:4138} INFO - Setting next_dagrun for dataset_alias_example_alias_producer to None, run_after=None
[2024-08-20T03:39:22.362+0000] {logging_mixin.py:190} INFO - [2024-08-20T03:39:22.362+0000] {dag.py:4138} INFO - Setting next_dagrun for dataset_s3_bucket_consumer to None, run_after=None
[2024-08-20T03:39:22.364+0000] {logging_mixin.py:190} INFO - [2024-08-20T03:39:22.364+0000] {dag.py:4138} INFO - Setting next_dagrun for dataset_s3_bucket_producer to None, run_after=None
[2024-08-20T03:39:22.408+0000] {processor.py:208} INFO - Processing /home/airflow/.local/lib/python3.12/site-packages/airflow/example_dags/example_dataset_alias.py took 0.254 seconds
[2024-08-20T03:39:52.540+0000] {processor.py:186} INFO - Started process (PID=4626) to work on /home/airflow/.local/lib/python3.12/site-packages/airflow/example_dags/example_dataset_alias.py
[2024-08-20T03:39:52.541+0000] {processor.py:914} INFO - Processing file /home/airflow/.local/lib/python3.12/site-packages/airflow/example_dags/example_dataset_alias.py for tasks to queue
[2024-08-20T03:39:52.544+0000] {logging_mixin.py:190} INFO - [2024-08-20T03:39:52.544+0000] {dagbag.py:587} INFO - Filling up the DagBag from /home/airflow/.local/lib/python3.12/site-packages/airflow/example_dags/example_dataset_alias.py
[2024-08-20T03:39:52.704+0000] {processor.py:925} INFO - DAG(s) 'dataset_s3_bucket_producer', 'dataset_s3_bucket_consumer', 'dataset_alias_example_alias_consumer', 'dataset_alias_example_alias_producer' retrieved from /home/airflow/.local/lib/python3.12/site-packages/airflow/example_dags/example_dataset_alias.py
[2024-08-20T03:39:52.727+0000] {logging_mixin.py:190} INFO - [2024-08-20T03:39:52.727+0000] {dag.py:3211} INFO - Sync 4 DAGs
[2024-08-20T03:39:52.752+0000] {logging_mixin.py:190} INFO - [2024-08-20T03:39:52.752+0000] {dag.py:4138} INFO - Setting next_dagrun for dataset_alias_example_alias_consumer to None, run_after=None
[2024-08-20T03:39:52.755+0000] {logging_mixin.py:190} INFO - [2024-08-20T03:39:52.755+0000] {dag.py:4138} INFO - Setting next_dagrun for dataset_alias_example_alias_producer to None, run_after=None
[2024-08-20T03:39:52.757+0000] {logging_mixin.py:190} INFO - [2024-08-20T03:39:52.757+0000] {dag.py:4138} INFO - Setting next_dagrun for dataset_s3_bucket_consumer to None, run_after=None
[2024-08-20T03:39:52.759+0000] {logging_mixin.py:190} INFO - [2024-08-20T03:39:52.759+0000] {dag.py:4138} INFO - Setting next_dagrun for dataset_s3_bucket_producer to None, run_after=None
[2024-08-20T03:39:52.783+0000] {processor.py:208} INFO - Processing /home/airflow/.local/lib/python3.12/site-packages/airflow/example_dags/example_dataset_alias.py took 0.249 seconds
[2024-08-20T03:40:23.044+0000] {processor.py:186} INFO - Started process (PID=4919) to work on /home/airflow/.local/lib/python3.12/site-packages/airflow/example_dags/example_dataset_alias.py
[2024-08-20T03:40:23.045+0000] {processor.py:914} INFO - Processing file /home/airflow/.local/lib/python3.12/site-packages/airflow/example_dags/example_dataset_alias.py for tasks to queue
[2024-08-20T03:40:23.048+0000] {logging_mixin.py:190} INFO - [2024-08-20T03:40:23.048+0000] {dagbag.py:587} INFO - Filling up the DagBag from /home/airflow/.local/lib/python3.12/site-packages/airflow/example_dags/example_dataset_alias.py
[2024-08-20T03:40:23.186+0000] {processor.py:925} INFO - DAG(s) 'dataset_alias_example_alias_consumer', 'dataset_s3_bucket_producer', 'dataset_alias_example_alias_producer', 'dataset_s3_bucket_consumer' retrieved from /home/airflow/.local/lib/python3.12/site-packages/airflow/example_dags/example_dataset_alias.py
[2024-08-20T03:40:23.208+0000] {logging_mixin.py:190} INFO - [2024-08-20T03:40:23.207+0000] {dag.py:3211} INFO - Sync 4 DAGs
[2024-08-20T03:40:23.231+0000] {logging_mixin.py:190} INFO - [2024-08-20T03:40:23.231+0000] {dag.py:4138} INFO - Setting next_dagrun for dataset_alias_example_alias_consumer to None, run_after=None
[2024-08-20T03:40:23.234+0000] {logging_mixin.py:190} INFO - [2024-08-20T03:40:23.234+0000] {dag.py:4138} INFO - Setting next_dagrun for dataset_alias_example_alias_producer to None, run_after=None
[2024-08-20T03:40:23.236+0000] {logging_mixin.py:190} INFO - [2024-08-20T03:40:23.236+0000] {dag.py:4138} INFO - Setting next_dagrun for dataset_s3_bucket_consumer to None, run_after=None
[2024-08-20T03:40:23.238+0000] {logging_mixin.py:190} INFO - [2024-08-20T03:40:23.237+0000] {dag.py:4138} INFO - Setting next_dagrun for dataset_s3_bucket_producer to None, run_after=None
[2024-08-20T03:40:23.262+0000] {processor.py:208} INFO - Processing /home/airflow/.local/lib/python3.12/site-packages/airflow/example_dags/example_dataset_alias.py took 0.224 seconds
[2024-08-20T03:40:53.331+0000] {processor.py:186} INFO - Started process (PID=5205) to work on /home/airflow/.local/lib/python3.12/site-packages/airflow/example_dags/example_dataset_alias.py
[2024-08-20T03:40:53.332+0000] {processor.py:914} INFO - Processing file /home/airflow/.local/lib/python3.12/site-packages/airflow/example_dags/example_dataset_alias.py for tasks to queue
[2024-08-20T03:40:53.335+0000] {logging_mixin.py:190} INFO - [2024-08-20T03:40:53.335+0000] {dagbag.py:587} INFO - Filling up the DagBag from /home/airflow/.local/lib/python3.12/site-packages/airflow/example_dags/example_dataset_alias.py
[2024-08-20T03:40:53.472+0000] {processor.py:925} INFO - DAG(s) 'dataset_s3_bucket_consumer', 'dataset_s3_bucket_producer', 'dataset_alias_example_alias_consumer', 'dataset_alias_example_alias_producer' retrieved from /home/airflow/.local/lib/python3.12/site-packages/airflow/example_dags/example_dataset_alias.py
[2024-08-20T03:40:53.496+0000] {logging_mixin.py:190} INFO - [2024-08-20T03:40:53.496+0000] {dag.py:3211} INFO - Sync 4 DAGs
[2024-08-20T03:40:53.519+0000] {logging_mixin.py:190} INFO - [2024-08-20T03:40:53.519+0000] {dag.py:4138} INFO - Setting next_dagrun for dataset_alias_example_alias_consumer to None, run_after=None
[2024-08-20T03:40:53.523+0000] {logging_mixin.py:190} INFO - [2024-08-20T03:40:53.522+0000] {dag.py:4138} INFO - Setting next_dagrun for dataset_alias_example_alias_producer to None, run_after=None
[2024-08-20T03:40:53.524+0000] {logging_mixin.py:190} INFO - [2024-08-20T03:40:53.524+0000] {dag.py:4138} INFO - Setting next_dagrun for dataset_s3_bucket_consumer to None, run_after=None
[2024-08-20T03:40:53.526+0000] {logging_mixin.py:190} INFO - [2024-08-20T03:40:53.526+0000] {dag.py:4138} INFO - Setting next_dagrun for dataset_s3_bucket_producer to None, run_after=None
[2024-08-20T03:40:53.550+0000] {processor.py:208} INFO - Processing /home/airflow/.local/lib/python3.12/site-packages/airflow/example_dags/example_dataset_alias.py took 0.225 seconds
[2024-08-20T03:41:23.740+0000] {processor.py:186} INFO - Started process (PID=5489) to work on /home/airflow/.local/lib/python3.12/site-packages/airflow/example_dags/example_dataset_alias.py
[2024-08-20T03:41:23.741+0000] {processor.py:914} INFO - Processing file /home/airflow/.local/lib/python3.12/site-packages/airflow/example_dags/example_dataset_alias.py for tasks to queue
[2024-08-20T03:41:23.744+0000] {logging_mixin.py:190} INFO - [2024-08-20T03:41:23.744+0000] {dagbag.py:587} INFO - Filling up the DagBag from /home/airflow/.local/lib/python3.12/site-packages/airflow/example_dags/example_dataset_alias.py
[2024-08-20T03:41:23.884+0000] {processor.py:925} INFO - DAG(s) 'dataset_s3_bucket_producer', 'dataset_s3_bucket_consumer', 'dataset_alias_example_alias_producer', 'dataset_alias_example_alias_consumer' retrieved from /home/airflow/.local/lib/python3.12/site-packages/airflow/example_dags/example_dataset_alias.py
[2024-08-20T03:41:23.907+0000] {logging_mixin.py:190} INFO - [2024-08-20T03:41:23.907+0000] {dag.py:3211} INFO - Sync 4 DAGs
[2024-08-20T03:41:23.932+0000] {logging_mixin.py:190} INFO - [2024-08-20T03:41:23.932+0000] {dag.py:4138} INFO - Setting next_dagrun for dataset_alias_example_alias_consumer to None, run_after=None
[2024-08-20T03:41:23.936+0000] {logging_mixin.py:190} INFO - [2024-08-20T03:41:23.936+0000] {dag.py:4138} INFO - Setting next_dagrun for dataset_alias_example_alias_producer to None, run_after=None
[2024-08-20T03:41:23.938+0000] {logging_mixin.py:190} INFO - [2024-08-20T03:41:23.937+0000] {dag.py:4138} INFO - Setting next_dagrun for dataset_s3_bucket_consumer to None, run_after=None
[2024-08-20T03:41:23.939+0000] {logging_mixin.py:190} INFO - [2024-08-20T03:41:23.939+0000] {dag.py:4138} INFO - Setting next_dagrun for dataset_s3_bucket_producer to None, run_after=None
[2024-08-20T03:41:23.964+0000] {processor.py:208} INFO - Processing /home/airflow/.local/lib/python3.12/site-packages/airflow/example_dags/example_dataset_alias.py took 0.233 seconds
[2024-08-20T03:41:54.202+0000] {processor.py:186} INFO - Started process (PID=5770) to work on /home/airflow/.local/lib/python3.12/site-packages/airflow/example_dags/example_dataset_alias.py
[2024-08-20T03:41:54.204+0000] {processor.py:914} INFO - Processing file /home/airflow/.local/lib/python3.12/site-packages/airflow/example_dags/example_dataset_alias.py for tasks to queue
[2024-08-20T03:41:54.208+0000] {logging_mixin.py:190} INFO - [2024-08-20T03:41:54.207+0000] {dagbag.py:587} INFO - Filling up the DagBag from /home/airflow/.local/lib/python3.12/site-packages/airflow/example_dags/example_dataset_alias.py
[2024-08-20T03:41:54.349+0000] {processor.py:925} INFO - DAG(s) 'dataset_s3_bucket_consumer', 'dataset_alias_example_alias_producer', 'dataset_alias_example_alias_consumer', 'dataset_s3_bucket_producer' retrieved from /home/airflow/.local/lib/python3.12/site-packages/airflow/example_dags/example_dataset_alias.py
[2024-08-20T03:41:54.371+0000] {logging_mixin.py:190} INFO - [2024-08-20T03:41:54.371+0000] {dag.py:3211} INFO - Sync 4 DAGs
[2024-08-20T03:41:54.395+0000] {logging_mixin.py:190} INFO - [2024-08-20T03:41:54.395+0000] {dag.py:4138} INFO - Setting next_dagrun for dataset_alias_example_alias_consumer to None, run_after=None
[2024-08-20T03:41:54.398+0000] {logging_mixin.py:190} INFO - [2024-08-20T03:41:54.398+0000] {dag.py:4138} INFO - Setting next_dagrun for dataset_alias_example_alias_producer to None, run_after=None
[2024-08-20T03:41:54.400+0000] {logging_mixin.py:190} INFO - [2024-08-20T03:41:54.400+0000] {dag.py:4138} INFO - Setting next_dagrun for dataset_s3_bucket_consumer to None, run_after=None
[2024-08-20T03:41:54.401+0000] {logging_mixin.py:190} INFO - [2024-08-20T03:41:54.401+0000] {dag.py:4138} INFO - Setting next_dagrun for dataset_s3_bucket_producer to None, run_after=None
[2024-08-20T03:41:54.425+0000] {processor.py:208} INFO - Processing /home/airflow/.local/lib/python3.12/site-packages/airflow/example_dags/example_dataset_alias.py took 0.230 seconds
