[2024-08-20T03:32:14.803+0000] {processor.py:186} INFO - Started process (PID=298) to work on /home/airflow/.local/lib/python3.12/site-packages/airflow/example_dags/example_external_task_marker_dag.py
[2024-08-20T03:32:14.804+0000] {processor.py:914} INFO - Processing file /home/airflow/.local/lib/python3.12/site-packages/airflow/example_dags/example_external_task_marker_dag.py for tasks to queue
[2024-08-20T03:32:14.807+0000] {logging_mixin.py:190} INFO - [2024-08-20T03:32:14.806+0000] {dagbag.py:587} INFO - Filling up the DagBag from /home/airflow/.local/lib/python3.12/site-packages/airflow/example_dags/example_external_task_marker_dag.py
[2024-08-20T03:32:14.819+0000] {processor.py:925} INFO - DAG(s) 'example_external_task_marker_parent', 'example_external_task_marker_child' retrieved from /home/airflow/.local/lib/python3.12/site-packages/airflow/example_dags/example_external_task_marker_dag.py
[2024-08-20T03:32:14.932+0000] {logging_mixin.py:190} INFO - [2024-08-20T03:32:14.932+0000] {override.py:1858} INFO - Created Permission View: can read on DAG:example_external_task_marker_parent
[2024-08-20T03:32:14.946+0000] {logging_mixin.py:190} INFO - [2024-08-20T03:32:14.945+0000] {override.py:1858} INFO - Created Permission View: can delete on DAG:example_external_task_marker_parent
[2024-08-20T03:32:14.956+0000] {logging_mixin.py:190} INFO - [2024-08-20T03:32:14.956+0000] {override.py:1858} INFO - Created Permission View: can edit on DAG:example_external_task_marker_parent
[2024-08-20T03:32:14.976+0000] {logging_mixin.py:190} INFO - [2024-08-20T03:32:14.976+0000] {override.py:1858} INFO - Created Permission View: can read on DAG:example_external_task_marker_child
[2024-08-20T03:32:14.985+0000] {logging_mixin.py:190} INFO - [2024-08-20T03:32:14.985+0000] {override.py:1858} INFO - Created Permission View: can delete on DAG:example_external_task_marker_child
[2024-08-20T03:32:14.995+0000] {logging_mixin.py:190} INFO - [2024-08-20T03:32:14.994+0000] {override.py:1858} INFO - Created Permission View: can edit on DAG:example_external_task_marker_child
[2024-08-20T03:32:14.995+0000] {logging_mixin.py:190} INFO - [2024-08-20T03:32:14.995+0000] {dag.py:3211} INFO - Sync 2 DAGs
[2024-08-20T03:32:15.008+0000] {logging_mixin.py:190} INFO - [2024-08-20T03:32:15.008+0000] {dag.py:3234} INFO - Creating ORM DAG for example_external_task_marker_child
[2024-08-20T03:32:15.010+0000] {logging_mixin.py:190} INFO - [2024-08-20T03:32:15.009+0000] {dag.py:3234} INFO - Creating ORM DAG for example_external_task_marker_parent
[2024-08-20T03:32:15.011+0000] {logging_mixin.py:190} INFO - [2024-08-20T03:32:15.010+0000] {dag.py:4138} INFO - Setting next_dagrun for example_external_task_marker_child to None, run_after=None
[2024-08-20T03:32:15.012+0000] {logging_mixin.py:190} INFO - [2024-08-20T03:32:15.011+0000] {dag.py:4138} INFO - Setting next_dagrun for example_external_task_marker_parent to None, run_after=None
[2024-08-20T03:32:15.032+0000] {processor.py:208} INFO - Processing /home/airflow/.local/lib/python3.12/site-packages/airflow/example_dags/example_external_task_marker_dag.py took 0.235 seconds
[2024-08-20T03:32:45.679+0000] {processor.py:186} INFO - Started process (PID=582) to work on /home/airflow/.local/lib/python3.12/site-packages/airflow/example_dags/example_external_task_marker_dag.py
[2024-08-20T03:32:45.680+0000] {processor.py:914} INFO - Processing file /home/airflow/.local/lib/python3.12/site-packages/airflow/example_dags/example_external_task_marker_dag.py for tasks to queue
[2024-08-20T03:32:45.684+0000] {logging_mixin.py:190} INFO - [2024-08-20T03:32:45.684+0000] {dagbag.py:587} INFO - Filling up the DagBag from /home/airflow/.local/lib/python3.12/site-packages/airflow/example_dags/example_external_task_marker_dag.py
[2024-08-20T03:32:45.695+0000] {processor.py:925} INFO - DAG(s) 'example_external_task_marker_parent', 'example_external_task_marker_child' retrieved from /home/airflow/.local/lib/python3.12/site-packages/airflow/example_dags/example_external_task_marker_dag.py
[2024-08-20T03:32:45.726+0000] {logging_mixin.py:190} INFO - [2024-08-20T03:32:45.726+0000] {dag.py:3211} INFO - Sync 2 DAGs
[2024-08-20T03:32:45.753+0000] {logging_mixin.py:190} INFO - [2024-08-20T03:32:45.753+0000] {dag.py:4138} INFO - Setting next_dagrun for example_external_task_marker_child to None, run_after=None
[2024-08-20T03:32:45.762+0000] {logging_mixin.py:190} INFO - [2024-08-20T03:32:45.762+0000] {dag.py:4138} INFO - Setting next_dagrun for example_external_task_marker_parent to None, run_after=None
[2024-08-20T03:32:45.806+0000] {processor.py:208} INFO - Processing /home/airflow/.local/lib/python3.12/site-packages/airflow/example_dags/example_external_task_marker_dag.py took 0.137 seconds
[2024-08-20T03:33:16.089+0000] {processor.py:186} INFO - Started process (PID=868) to work on /home/airflow/.local/lib/python3.12/site-packages/airflow/example_dags/example_external_task_marker_dag.py
[2024-08-20T03:33:16.090+0000] {processor.py:914} INFO - Processing file /home/airflow/.local/lib/python3.12/site-packages/airflow/example_dags/example_external_task_marker_dag.py for tasks to queue
[2024-08-20T03:33:16.093+0000] {logging_mixin.py:190} INFO - [2024-08-20T03:33:16.093+0000] {dagbag.py:587} INFO - Filling up the DagBag from /home/airflow/.local/lib/python3.12/site-packages/airflow/example_dags/example_external_task_marker_dag.py
[2024-08-20T03:33:16.103+0000] {processor.py:925} INFO - DAG(s) 'example_external_task_marker_parent', 'example_external_task_marker_child' retrieved from /home/airflow/.local/lib/python3.12/site-packages/airflow/example_dags/example_external_task_marker_dag.py
[2024-08-20T03:33:16.130+0000] {logging_mixin.py:190} INFO - [2024-08-20T03:33:16.130+0000] {dag.py:3211} INFO - Sync 2 DAGs
[2024-08-20T03:33:16.147+0000] {logging_mixin.py:190} INFO - [2024-08-20T03:33:16.147+0000] {dag.py:4138} INFO - Setting next_dagrun for example_external_task_marker_child to None, run_after=None
[2024-08-20T03:33:16.153+0000] {logging_mixin.py:190} INFO - [2024-08-20T03:33:16.152+0000] {dag.py:4138} INFO - Setting next_dagrun for example_external_task_marker_parent to None, run_after=None
[2024-08-20T03:33:16.174+0000] {processor.py:208} INFO - Processing /home/airflow/.local/lib/python3.12/site-packages/airflow/example_dags/example_external_task_marker_dag.py took 0.093 seconds
[2024-08-20T03:33:46.478+0000] {processor.py:186} INFO - Started process (PID=1154) to work on /home/airflow/.local/lib/python3.12/site-packages/airflow/example_dags/example_external_task_marker_dag.py
[2024-08-20T03:33:46.479+0000] {processor.py:914} INFO - Processing file /home/airflow/.local/lib/python3.12/site-packages/airflow/example_dags/example_external_task_marker_dag.py for tasks to queue
[2024-08-20T03:33:46.483+0000] {logging_mixin.py:190} INFO - [2024-08-20T03:33:46.483+0000] {dagbag.py:587} INFO - Filling up the DagBag from /home/airflow/.local/lib/python3.12/site-packages/airflow/example_dags/example_external_task_marker_dag.py
[2024-08-20T03:33:46.492+0000] {processor.py:925} INFO - DAG(s) 'example_external_task_marker_parent', 'example_external_task_marker_child' retrieved from /home/airflow/.local/lib/python3.12/site-packages/airflow/example_dags/example_external_task_marker_dag.py
[2024-08-20T03:33:46.521+0000] {logging_mixin.py:190} INFO - [2024-08-20T03:33:46.521+0000] {dag.py:3211} INFO - Sync 2 DAGs
[2024-08-20T03:33:46.541+0000] {logging_mixin.py:190} INFO - [2024-08-20T03:33:46.541+0000] {dag.py:4138} INFO - Setting next_dagrun for example_external_task_marker_child to None, run_after=None
[2024-08-20T03:33:46.546+0000] {logging_mixin.py:190} INFO - [2024-08-20T03:33:46.546+0000] {dag.py:4138} INFO - Setting next_dagrun for example_external_task_marker_parent to None, run_after=None
[2024-08-20T03:33:46.570+0000] {processor.py:208} INFO - Processing /home/airflow/.local/lib/python3.12/site-packages/airflow/example_dags/example_external_task_marker_dag.py took 0.098 seconds
[2024-08-20T03:34:16.836+0000] {processor.py:186} INFO - Started process (PID=1440) to work on /home/airflow/.local/lib/python3.12/site-packages/airflow/example_dags/example_external_task_marker_dag.py
[2024-08-20T03:34:16.837+0000] {processor.py:914} INFO - Processing file /home/airflow/.local/lib/python3.12/site-packages/airflow/example_dags/example_external_task_marker_dag.py for tasks to queue
[2024-08-20T03:34:16.841+0000] {logging_mixin.py:190} INFO - [2024-08-20T03:34:16.840+0000] {dagbag.py:587} INFO - Filling up the DagBag from /home/airflow/.local/lib/python3.12/site-packages/airflow/example_dags/example_external_task_marker_dag.py
[2024-08-20T03:34:16.850+0000] {processor.py:925} INFO - DAG(s) 'example_external_task_marker_child', 'example_external_task_marker_parent' retrieved from /home/airflow/.local/lib/python3.12/site-packages/airflow/example_dags/example_external_task_marker_dag.py
[2024-08-20T03:34:16.880+0000] {logging_mixin.py:190} INFO - [2024-08-20T03:34:16.880+0000] {dag.py:3211} INFO - Sync 2 DAGs
[2024-08-20T03:34:16.901+0000] {logging_mixin.py:190} INFO - [2024-08-20T03:34:16.900+0000] {dag.py:4138} INFO - Setting next_dagrun for example_external_task_marker_child to None, run_after=None
[2024-08-20T03:34:16.906+0000] {logging_mixin.py:190} INFO - [2024-08-20T03:34:16.906+0000] {dag.py:4138} INFO - Setting next_dagrun for example_external_task_marker_parent to None, run_after=None
[2024-08-20T03:34:16.929+0000] {processor.py:208} INFO - Processing /home/airflow/.local/lib/python3.12/site-packages/airflow/example_dags/example_external_task_marker_dag.py took 0.100 seconds
[2024-08-20T03:34:47.645+0000] {processor.py:186} INFO - Started process (PID=1726) to work on /home/airflow/.local/lib/python3.12/site-packages/airflow/example_dags/example_external_task_marker_dag.py
[2024-08-20T03:34:47.646+0000] {processor.py:914} INFO - Processing file /home/airflow/.local/lib/python3.12/site-packages/airflow/example_dags/example_external_task_marker_dag.py for tasks to queue
[2024-08-20T03:34:47.649+0000] {logging_mixin.py:190} INFO - [2024-08-20T03:34:47.648+0000] {dagbag.py:587} INFO - Filling up the DagBag from /home/airflow/.local/lib/python3.12/site-packages/airflow/example_dags/example_external_task_marker_dag.py
[2024-08-20T03:34:47.656+0000] {processor.py:925} INFO - DAG(s) 'example_external_task_marker_parent', 'example_external_task_marker_child' retrieved from /home/airflow/.local/lib/python3.12/site-packages/airflow/example_dags/example_external_task_marker_dag.py
[2024-08-20T03:34:47.684+0000] {logging_mixin.py:190} INFO - [2024-08-20T03:34:47.684+0000] {dag.py:3211} INFO - Sync 2 DAGs
[2024-08-20T03:34:47.701+0000] {logging_mixin.py:190} INFO - [2024-08-20T03:34:47.701+0000] {dag.py:4138} INFO - Setting next_dagrun for example_external_task_marker_child to None, run_after=None
[2024-08-20T03:34:47.706+0000] {logging_mixin.py:190} INFO - [2024-08-20T03:34:47.706+0000] {dag.py:4138} INFO - Setting next_dagrun for example_external_task_marker_parent to None, run_after=None
[2024-08-20T03:34:47.729+0000] {processor.py:208} INFO - Processing /home/airflow/.local/lib/python3.12/site-packages/airflow/example_dags/example_external_task_marker_dag.py took 0.089 seconds
[2024-08-20T03:35:18.251+0000] {processor.py:186} INFO - Started process (PID=2012) to work on /home/airflow/.local/lib/python3.12/site-packages/airflow/example_dags/example_external_task_marker_dag.py
[2024-08-20T03:35:18.252+0000] {processor.py:914} INFO - Processing file /home/airflow/.local/lib/python3.12/site-packages/airflow/example_dags/example_external_task_marker_dag.py for tasks to queue
[2024-08-20T03:35:18.254+0000] {logging_mixin.py:190} INFO - [2024-08-20T03:35:18.254+0000] {dagbag.py:587} INFO - Filling up the DagBag from /home/airflow/.local/lib/python3.12/site-packages/airflow/example_dags/example_external_task_marker_dag.py
[2024-08-20T03:35:18.264+0000] {processor.py:925} INFO - DAG(s) 'example_external_task_marker_parent', 'example_external_task_marker_child' retrieved from /home/airflow/.local/lib/python3.12/site-packages/airflow/example_dags/example_external_task_marker_dag.py
[2024-08-20T03:35:18.289+0000] {logging_mixin.py:190} INFO - [2024-08-20T03:35:18.289+0000] {dag.py:3211} INFO - Sync 2 DAGs
[2024-08-20T03:35:18.306+0000] {logging_mixin.py:190} INFO - [2024-08-20T03:35:18.306+0000] {dag.py:4138} INFO - Setting next_dagrun for example_external_task_marker_child to None, run_after=None
[2024-08-20T03:35:18.311+0000] {logging_mixin.py:190} INFO - [2024-08-20T03:35:18.310+0000] {dag.py:4138} INFO - Setting next_dagrun for example_external_task_marker_parent to None, run_after=None
[2024-08-20T03:35:18.334+0000] {processor.py:208} INFO - Processing /home/airflow/.local/lib/python3.12/site-packages/airflow/example_dags/example_external_task_marker_dag.py took 0.089 seconds
[2024-08-20T03:35:48.744+0000] {processor.py:186} INFO - Started process (PID=2298) to work on /home/airflow/.local/lib/python3.12/site-packages/airflow/example_dags/example_external_task_marker_dag.py
[2024-08-20T03:35:48.745+0000] {processor.py:914} INFO - Processing file /home/airflow/.local/lib/python3.12/site-packages/airflow/example_dags/example_external_task_marker_dag.py for tasks to queue
[2024-08-20T03:35:48.748+0000] {logging_mixin.py:190} INFO - [2024-08-20T03:35:48.747+0000] {dagbag.py:587} INFO - Filling up the DagBag from /home/airflow/.local/lib/python3.12/site-packages/airflow/example_dags/example_external_task_marker_dag.py
[2024-08-20T03:35:48.760+0000] {processor.py:925} INFO - DAG(s) 'example_external_task_marker_parent', 'example_external_task_marker_child' retrieved from /home/airflow/.local/lib/python3.12/site-packages/airflow/example_dags/example_external_task_marker_dag.py
[2024-08-20T03:35:48.789+0000] {logging_mixin.py:190} INFO - [2024-08-20T03:35:48.788+0000] {dag.py:3211} INFO - Sync 2 DAGs
[2024-08-20T03:35:48.805+0000] {logging_mixin.py:190} INFO - [2024-08-20T03:35:48.805+0000] {dag.py:4138} INFO - Setting next_dagrun for example_external_task_marker_child to None, run_after=None
[2024-08-20T03:35:48.810+0000] {logging_mixin.py:190} INFO - [2024-08-20T03:35:48.810+0000] {dag.py:4138} INFO - Setting next_dagrun for example_external_task_marker_parent to None, run_after=None
[2024-08-20T03:35:48.832+0000] {processor.py:208} INFO - Processing /home/airflow/.local/lib/python3.12/site-packages/airflow/example_dags/example_external_task_marker_dag.py took 0.096 seconds
[2024-08-20T03:36:19.344+0000] {processor.py:186} INFO - Started process (PID=2584) to work on /home/airflow/.local/lib/python3.12/site-packages/airflow/example_dags/example_external_task_marker_dag.py
[2024-08-20T03:36:19.345+0000] {processor.py:914} INFO - Processing file /home/airflow/.local/lib/python3.12/site-packages/airflow/example_dags/example_external_task_marker_dag.py for tasks to queue
[2024-08-20T03:36:19.348+0000] {logging_mixin.py:190} INFO - [2024-08-20T03:36:19.348+0000] {dagbag.py:587} INFO - Filling up the DagBag from /home/airflow/.local/lib/python3.12/site-packages/airflow/example_dags/example_external_task_marker_dag.py
[2024-08-20T03:36:19.358+0000] {processor.py:925} INFO - DAG(s) 'example_external_task_marker_parent', 'example_external_task_marker_child' retrieved from /home/airflow/.local/lib/python3.12/site-packages/airflow/example_dags/example_external_task_marker_dag.py
[2024-08-20T03:36:19.384+0000] {logging_mixin.py:190} INFO - [2024-08-20T03:36:19.383+0000] {dag.py:3211} INFO - Sync 2 DAGs
[2024-08-20T03:36:19.400+0000] {logging_mixin.py:190} INFO - [2024-08-20T03:36:19.399+0000] {dag.py:4138} INFO - Setting next_dagrun for example_external_task_marker_child to None, run_after=None
[2024-08-20T03:36:19.405+0000] {logging_mixin.py:190} INFO - [2024-08-20T03:36:19.405+0000] {dag.py:4138} INFO - Setting next_dagrun for example_external_task_marker_parent to None, run_after=None
[2024-08-20T03:36:19.426+0000] {processor.py:208} INFO - Processing /home/airflow/.local/lib/python3.12/site-packages/airflow/example_dags/example_external_task_marker_dag.py took 0.088 seconds
[2024-08-20T03:36:49.640+0000] {processor.py:186} INFO - Started process (PID=2870) to work on /home/airflow/.local/lib/python3.12/site-packages/airflow/example_dags/example_external_task_marker_dag.py
[2024-08-20T03:36:49.641+0000] {processor.py:914} INFO - Processing file /home/airflow/.local/lib/python3.12/site-packages/airflow/example_dags/example_external_task_marker_dag.py for tasks to queue
[2024-08-20T03:36:49.644+0000] {logging_mixin.py:190} INFO - [2024-08-20T03:36:49.644+0000] {dagbag.py:587} INFO - Filling up the DagBag from /home/airflow/.local/lib/python3.12/site-packages/airflow/example_dags/example_external_task_marker_dag.py
[2024-08-20T03:36:49.653+0000] {processor.py:925} INFO - DAG(s) 'example_external_task_marker_parent', 'example_external_task_marker_child' retrieved from /home/airflow/.local/lib/python3.12/site-packages/airflow/example_dags/example_external_task_marker_dag.py
[2024-08-20T03:36:49.681+0000] {logging_mixin.py:190} INFO - [2024-08-20T03:36:49.681+0000] {dag.py:3211} INFO - Sync 2 DAGs
[2024-08-20T03:36:49.701+0000] {logging_mixin.py:190} INFO - [2024-08-20T03:36:49.701+0000] {dag.py:4138} INFO - Setting next_dagrun for example_external_task_marker_child to None, run_after=None
[2024-08-20T03:36:49.706+0000] {logging_mixin.py:190} INFO - [2024-08-20T03:36:49.706+0000] {dag.py:4138} INFO - Setting next_dagrun for example_external_task_marker_parent to None, run_after=None
[2024-08-20T03:36:49.729+0000] {processor.py:208} INFO - Processing /home/airflow/.local/lib/python3.12/site-packages/airflow/example_dags/example_external_task_marker_dag.py took 0.095 seconds
[2024-08-20T03:37:20.142+0000] {processor.py:186} INFO - Started process (PID=3156) to work on /home/airflow/.local/lib/python3.12/site-packages/airflow/example_dags/example_external_task_marker_dag.py
[2024-08-20T03:37:20.143+0000] {processor.py:914} INFO - Processing file /home/airflow/.local/lib/python3.12/site-packages/airflow/example_dags/example_external_task_marker_dag.py for tasks to queue
[2024-08-20T03:37:20.146+0000] {logging_mixin.py:190} INFO - [2024-08-20T03:37:20.145+0000] {dagbag.py:587} INFO - Filling up the DagBag from /home/airflow/.local/lib/python3.12/site-packages/airflow/example_dags/example_external_task_marker_dag.py
[2024-08-20T03:37:20.154+0000] {processor.py:925} INFO - DAG(s) 'example_external_task_marker_child', 'example_external_task_marker_parent' retrieved from /home/airflow/.local/lib/python3.12/site-packages/airflow/example_dags/example_external_task_marker_dag.py
[2024-08-20T03:37:20.179+0000] {logging_mixin.py:190} INFO - [2024-08-20T03:37:20.179+0000] {dag.py:3211} INFO - Sync 2 DAGs
[2024-08-20T03:37:20.195+0000] {logging_mixin.py:190} INFO - [2024-08-20T03:37:20.195+0000] {dag.py:4138} INFO - Setting next_dagrun for example_external_task_marker_child to None, run_after=None
[2024-08-20T03:37:20.200+0000] {logging_mixin.py:190} INFO - [2024-08-20T03:37:20.200+0000] {dag.py:4138} INFO - Setting next_dagrun for example_external_task_marker_parent to None, run_after=None
[2024-08-20T03:37:20.221+0000] {processor.py:208} INFO - Processing /home/airflow/.local/lib/python3.12/site-packages/airflow/example_dags/example_external_task_marker_dag.py took 0.085 seconds
[2024-08-20T03:37:50.416+0000] {processor.py:186} INFO - Started process (PID=3442) to work on /home/airflow/.local/lib/python3.12/site-packages/airflow/example_dags/example_external_task_marker_dag.py
[2024-08-20T03:37:50.417+0000] {processor.py:914} INFO - Processing file /home/airflow/.local/lib/python3.12/site-packages/airflow/example_dags/example_external_task_marker_dag.py for tasks to queue
[2024-08-20T03:37:50.420+0000] {logging_mixin.py:190} INFO - [2024-08-20T03:37:50.420+0000] {dagbag.py:587} INFO - Filling up the DagBag from /home/airflow/.local/lib/python3.12/site-packages/airflow/example_dags/example_external_task_marker_dag.py
[2024-08-20T03:37:50.430+0000] {processor.py:925} INFO - DAG(s) 'example_external_task_marker_child', 'example_external_task_marker_parent' retrieved from /home/airflow/.local/lib/python3.12/site-packages/airflow/example_dags/example_external_task_marker_dag.py
[2024-08-20T03:37:50.454+0000] {logging_mixin.py:190} INFO - [2024-08-20T03:37:50.454+0000] {dag.py:3211} INFO - Sync 2 DAGs
[2024-08-20T03:37:50.471+0000] {logging_mixin.py:190} INFO - [2024-08-20T03:37:50.470+0000] {dag.py:4138} INFO - Setting next_dagrun for example_external_task_marker_child to None, run_after=None
[2024-08-20T03:37:50.475+0000] {logging_mixin.py:190} INFO - [2024-08-20T03:37:50.475+0000] {dag.py:4138} INFO - Setting next_dagrun for example_external_task_marker_parent to None, run_after=None
[2024-08-20T03:37:50.498+0000] {processor.py:208} INFO - Processing /home/airflow/.local/lib/python3.12/site-packages/airflow/example_dags/example_external_task_marker_dag.py took 0.088 seconds
[2024-08-20T03:38:21.024+0000] {processor.py:186} INFO - Started process (PID=3728) to work on /home/airflow/.local/lib/python3.12/site-packages/airflow/example_dags/example_external_task_marker_dag.py
[2024-08-20T03:38:21.025+0000] {processor.py:914} INFO - Processing file /home/airflow/.local/lib/python3.12/site-packages/airflow/example_dags/example_external_task_marker_dag.py for tasks to queue
[2024-08-20T03:38:21.028+0000] {logging_mixin.py:190} INFO - [2024-08-20T03:38:21.028+0000] {dagbag.py:587} INFO - Filling up the DagBag from /home/airflow/.local/lib/python3.12/site-packages/airflow/example_dags/example_external_task_marker_dag.py
[2024-08-20T03:38:21.037+0000] {processor.py:925} INFO - DAG(s) 'example_external_task_marker_parent', 'example_external_task_marker_child' retrieved from /home/airflow/.local/lib/python3.12/site-packages/airflow/example_dags/example_external_task_marker_dag.py
[2024-08-20T03:38:21.063+0000] {logging_mixin.py:190} INFO - [2024-08-20T03:38:21.062+0000] {dag.py:3211} INFO - Sync 2 DAGs
[2024-08-20T03:38:21.080+0000] {logging_mixin.py:190} INFO - [2024-08-20T03:38:21.079+0000] {dag.py:4138} INFO - Setting next_dagrun for example_external_task_marker_child to None, run_after=None
[2024-08-20T03:38:21.084+0000] {logging_mixin.py:190} INFO - [2024-08-20T03:38:21.084+0000] {dag.py:4138} INFO - Setting next_dagrun for example_external_task_marker_parent to None, run_after=None
[2024-08-20T03:38:21.104+0000] {processor.py:208} INFO - Processing /home/airflow/.local/lib/python3.12/site-packages/airflow/example_dags/example_external_task_marker_dag.py took 0.086 seconds
[2024-08-20T03:38:51.398+0000] {processor.py:186} INFO - Started process (PID=4014) to work on /home/airflow/.local/lib/python3.12/site-packages/airflow/example_dags/example_external_task_marker_dag.py
[2024-08-20T03:38:51.399+0000] {processor.py:914} INFO - Processing file /home/airflow/.local/lib/python3.12/site-packages/airflow/example_dags/example_external_task_marker_dag.py for tasks to queue
[2024-08-20T03:38:51.402+0000] {logging_mixin.py:190} INFO - [2024-08-20T03:38:51.402+0000] {dagbag.py:587} INFO - Filling up the DagBag from /home/airflow/.local/lib/python3.12/site-packages/airflow/example_dags/example_external_task_marker_dag.py
[2024-08-20T03:38:51.411+0000] {processor.py:925} INFO - DAG(s) 'example_external_task_marker_child', 'example_external_task_marker_parent' retrieved from /home/airflow/.local/lib/python3.12/site-packages/airflow/example_dags/example_external_task_marker_dag.py
[2024-08-20T03:38:51.438+0000] {logging_mixin.py:190} INFO - [2024-08-20T03:38:51.438+0000] {dag.py:3211} INFO - Sync 2 DAGs
[2024-08-20T03:38:51.456+0000] {logging_mixin.py:190} INFO - [2024-08-20T03:38:51.456+0000] {dag.py:4138} INFO - Setting next_dagrun for example_external_task_marker_child to None, run_after=None
[2024-08-20T03:38:51.463+0000] {logging_mixin.py:190} INFO - [2024-08-20T03:38:51.463+0000] {dag.py:4138} INFO - Setting next_dagrun for example_external_task_marker_parent to None, run_after=None
[2024-08-20T03:38:51.484+0000] {processor.py:208} INFO - Processing /home/airflow/.local/lib/python3.12/site-packages/airflow/example_dags/example_external_task_marker_dag.py took 0.092 seconds
[2024-08-20T03:39:21.727+0000] {processor.py:186} INFO - Started process (PID=4300) to work on /home/airflow/.local/lib/python3.12/site-packages/airflow/example_dags/example_external_task_marker_dag.py
[2024-08-20T03:39:21.728+0000] {processor.py:914} INFO - Processing file /home/airflow/.local/lib/python3.12/site-packages/airflow/example_dags/example_external_task_marker_dag.py for tasks to queue
[2024-08-20T03:39:21.731+0000] {logging_mixin.py:190} INFO - [2024-08-20T03:39:21.731+0000] {dagbag.py:587} INFO - Filling up the DagBag from /home/airflow/.local/lib/python3.12/site-packages/airflow/example_dags/example_external_task_marker_dag.py
[2024-08-20T03:39:21.743+0000] {processor.py:925} INFO - DAG(s) 'example_external_task_marker_child', 'example_external_task_marker_parent' retrieved from /home/airflow/.local/lib/python3.12/site-packages/airflow/example_dags/example_external_task_marker_dag.py
[2024-08-20T03:39:21.768+0000] {logging_mixin.py:190} INFO - [2024-08-20T03:39:21.767+0000] {dag.py:3211} INFO - Sync 2 DAGs
[2024-08-20T03:39:21.786+0000] {logging_mixin.py:190} INFO - [2024-08-20T03:39:21.785+0000] {dag.py:4138} INFO - Setting next_dagrun for example_external_task_marker_child to None, run_after=None
[2024-08-20T03:39:21.790+0000] {logging_mixin.py:190} INFO - [2024-08-20T03:39:21.790+0000] {dag.py:4138} INFO - Setting next_dagrun for example_external_task_marker_parent to None, run_after=None
[2024-08-20T03:39:21.812+0000] {processor.py:208} INFO - Processing /home/airflow/.local/lib/python3.12/site-packages/airflow/example_dags/example_external_task_marker_dag.py took 0.091 seconds
[2024-08-20T03:39:51.990+0000] {processor.py:186} INFO - Started process (PID=4586) to work on /home/airflow/.local/lib/python3.12/site-packages/airflow/example_dags/example_external_task_marker_dag.py
[2024-08-20T03:39:51.991+0000] {processor.py:914} INFO - Processing file /home/airflow/.local/lib/python3.12/site-packages/airflow/example_dags/example_external_task_marker_dag.py for tasks to queue
[2024-08-20T03:39:51.994+0000] {logging_mixin.py:190} INFO - [2024-08-20T03:39:51.994+0000] {dagbag.py:587} INFO - Filling up the DagBag from /home/airflow/.local/lib/python3.12/site-packages/airflow/example_dags/example_external_task_marker_dag.py
[2024-08-20T03:39:52.005+0000] {processor.py:925} INFO - DAG(s) 'example_external_task_marker_parent', 'example_external_task_marker_child' retrieved from /home/airflow/.local/lib/python3.12/site-packages/airflow/example_dags/example_external_task_marker_dag.py
[2024-08-20T03:39:52.030+0000] {logging_mixin.py:190} INFO - [2024-08-20T03:39:52.029+0000] {dag.py:3211} INFO - Sync 2 DAGs
[2024-08-20T03:39:52.048+0000] {logging_mixin.py:190} INFO - [2024-08-20T03:39:52.048+0000] {dag.py:4138} INFO - Setting next_dagrun for example_external_task_marker_child to None, run_after=None
[2024-08-20T03:39:52.053+0000] {logging_mixin.py:190} INFO - [2024-08-20T03:39:52.053+0000] {dag.py:4138} INFO - Setting next_dagrun for example_external_task_marker_parent to None, run_after=None
[2024-08-20T03:39:52.087+0000] {processor.py:208} INFO - Processing /home/airflow/.local/lib/python3.12/site-packages/airflow/example_dags/example_external_task_marker_dag.py took 0.106 seconds
[2024-08-20T03:40:22.230+0000] {processor.py:186} INFO - Started process (PID=4872) to work on /home/airflow/.local/lib/python3.12/site-packages/airflow/example_dags/example_external_task_marker_dag.py
[2024-08-20T03:40:22.231+0000] {processor.py:914} INFO - Processing file /home/airflow/.local/lib/python3.12/site-packages/airflow/example_dags/example_external_task_marker_dag.py for tasks to queue
[2024-08-20T03:40:22.233+0000] {logging_mixin.py:190} INFO - [2024-08-20T03:40:22.233+0000] {dagbag.py:587} INFO - Filling up the DagBag from /home/airflow/.local/lib/python3.12/site-packages/airflow/example_dags/example_external_task_marker_dag.py
[2024-08-20T03:40:22.243+0000] {processor.py:925} INFO - DAG(s) 'example_external_task_marker_parent', 'example_external_task_marker_child' retrieved from /home/airflow/.local/lib/python3.12/site-packages/airflow/example_dags/example_external_task_marker_dag.py
[2024-08-20T03:40:22.269+0000] {logging_mixin.py:190} INFO - [2024-08-20T03:40:22.268+0000] {dag.py:3211} INFO - Sync 2 DAGs
[2024-08-20T03:40:22.285+0000] {logging_mixin.py:190} INFO - [2024-08-20T03:40:22.284+0000] {dag.py:4138} INFO - Setting next_dagrun for example_external_task_marker_child to None, run_after=None
[2024-08-20T03:40:22.289+0000] {logging_mixin.py:190} INFO - [2024-08-20T03:40:22.289+0000] {dag.py:4138} INFO - Setting next_dagrun for example_external_task_marker_parent to None, run_after=None
[2024-08-20T03:40:22.309+0000] {processor.py:208} INFO - Processing /home/airflow/.local/lib/python3.12/site-packages/airflow/example_dags/example_external_task_marker_dag.py took 0.086 seconds
[2024-08-20T03:40:52.539+0000] {processor.py:186} INFO - Started process (PID=5153) to work on /home/airflow/.local/lib/python3.12/site-packages/airflow/example_dags/example_external_task_marker_dag.py
[2024-08-20T03:40:52.541+0000] {processor.py:914} INFO - Processing file /home/airflow/.local/lib/python3.12/site-packages/airflow/example_dags/example_external_task_marker_dag.py for tasks to queue
[2024-08-20T03:40:52.544+0000] {logging_mixin.py:190} INFO - [2024-08-20T03:40:52.543+0000] {dagbag.py:587} INFO - Filling up the DagBag from /home/airflow/.local/lib/python3.12/site-packages/airflow/example_dags/example_external_task_marker_dag.py
[2024-08-20T03:40:52.552+0000] {processor.py:925} INFO - DAG(s) 'example_external_task_marker_parent', 'example_external_task_marker_child' retrieved from /home/airflow/.local/lib/python3.12/site-packages/airflow/example_dags/example_external_task_marker_dag.py
[2024-08-20T03:40:52.576+0000] {logging_mixin.py:190} INFO - [2024-08-20T03:40:52.576+0000] {dag.py:3211} INFO - Sync 2 DAGs
[2024-08-20T03:40:52.592+0000] {logging_mixin.py:190} INFO - [2024-08-20T03:40:52.592+0000] {dag.py:4138} INFO - Setting next_dagrun for example_external_task_marker_child to None, run_after=None
[2024-08-20T03:40:52.597+0000] {logging_mixin.py:190} INFO - [2024-08-20T03:40:52.597+0000] {dag.py:4138} INFO - Setting next_dagrun for example_external_task_marker_parent to None, run_after=None
[2024-08-20T03:40:52.617+0000] {processor.py:208} INFO - Processing /home/airflow/.local/lib/python3.12/site-packages/airflow/example_dags/example_external_task_marker_dag.py took 0.085 seconds
[2024-08-20T03:41:23.041+0000] {processor.py:186} INFO - Started process (PID=5439) to work on /home/airflow/.local/lib/python3.12/site-packages/airflow/example_dags/example_external_task_marker_dag.py
[2024-08-20T03:41:23.042+0000] {processor.py:914} INFO - Processing file /home/airflow/.local/lib/python3.12/site-packages/airflow/example_dags/example_external_task_marker_dag.py for tasks to queue
[2024-08-20T03:41:23.045+0000] {logging_mixin.py:190} INFO - [2024-08-20T03:41:23.045+0000] {dagbag.py:587} INFO - Filling up the DagBag from /home/airflow/.local/lib/python3.12/site-packages/airflow/example_dags/example_external_task_marker_dag.py
[2024-08-20T03:41:23.053+0000] {processor.py:925} INFO - DAG(s) 'example_external_task_marker_parent', 'example_external_task_marker_child' retrieved from /home/airflow/.local/lib/python3.12/site-packages/airflow/example_dags/example_external_task_marker_dag.py
[2024-08-20T03:41:23.077+0000] {logging_mixin.py:190} INFO - [2024-08-20T03:41:23.077+0000] {dag.py:3211} INFO - Sync 2 DAGs
[2024-08-20T03:41:23.093+0000] {logging_mixin.py:190} INFO - [2024-08-20T03:41:23.093+0000] {dag.py:4138} INFO - Setting next_dagrun for example_external_task_marker_child to None, run_after=None
[2024-08-20T03:41:23.098+0000] {logging_mixin.py:190} INFO - [2024-08-20T03:41:23.098+0000] {dag.py:4138} INFO - Setting next_dagrun for example_external_task_marker_parent to None, run_after=None
[2024-08-20T03:41:23.117+0000] {processor.py:208} INFO - Processing /home/airflow/.local/lib/python3.12/site-packages/airflow/example_dags/example_external_task_marker_dag.py took 0.085 seconds
[2024-08-20T03:41:53.427+0000] {processor.py:186} INFO - Started process (PID=5725) to work on /home/airflow/.local/lib/python3.12/site-packages/airflow/example_dags/example_external_task_marker_dag.py
[2024-08-20T03:41:53.428+0000] {processor.py:914} INFO - Processing file /home/airflow/.local/lib/python3.12/site-packages/airflow/example_dags/example_external_task_marker_dag.py for tasks to queue
[2024-08-20T03:41:53.431+0000] {logging_mixin.py:190} INFO - [2024-08-20T03:41:53.430+0000] {dagbag.py:587} INFO - Filling up the DagBag from /home/airflow/.local/lib/python3.12/site-packages/airflow/example_dags/example_external_task_marker_dag.py
[2024-08-20T03:41:53.439+0000] {processor.py:925} INFO - DAG(s) 'example_external_task_marker_child', 'example_external_task_marker_parent' retrieved from /home/airflow/.local/lib/python3.12/site-packages/airflow/example_dags/example_external_task_marker_dag.py
[2024-08-20T03:41:53.469+0000] {logging_mixin.py:190} INFO - [2024-08-20T03:41:53.469+0000] {dag.py:3211} INFO - Sync 2 DAGs
[2024-08-20T03:41:53.485+0000] {logging_mixin.py:190} INFO - [2024-08-20T03:41:53.485+0000] {dag.py:4138} INFO - Setting next_dagrun for example_external_task_marker_child to None, run_after=None
[2024-08-20T03:41:53.490+0000] {logging_mixin.py:190} INFO - [2024-08-20T03:41:53.490+0000] {dag.py:4138} INFO - Setting next_dagrun for example_external_task_marker_parent to None, run_after=None
[2024-08-20T03:41:53.510+0000] {processor.py:208} INFO - Processing /home/airflow/.local/lib/python3.12/site-packages/airflow/example_dags/example_external_task_marker_dag.py took 0.090 seconds
