[2024-08-20T03:32:15.333+0000] {processor.py:186} INFO - Started process (PID=316) to work on /home/airflow/.local/lib/python3.12/site-packages/airflow/example_dags/example_complex.py
[2024-08-20T03:32:15.334+0000] {processor.py:914} INFO - Processing file /home/airflow/.local/lib/python3.12/site-packages/airflow/example_dags/example_complex.py for tasks to queue
[2024-08-20T03:32:15.338+0000] {logging_mixin.py:190} INFO - [2024-08-20T03:32:15.337+0000] {dagbag.py:587} INFO - Filling up the DagBag from /home/airflow/.local/lib/python3.12/site-packages/airflow/example_dags/example_complex.py
[2024-08-20T03:32:15.359+0000] {processor.py:925} INFO - DAG(s) 'example_complex' retrieved from /home/airflow/.local/lib/python3.12/site-packages/airflow/example_dags/example_complex.py
[2024-08-20T03:32:15.497+0000] {logging_mixin.py:190} INFO - [2024-08-20T03:32:15.496+0000] {override.py:1858} INFO - Created Permission View: can read on DAG:example_complex
[2024-08-20T03:32:15.511+0000] {logging_mixin.py:190} INFO - [2024-08-20T03:32:15.511+0000] {override.py:1858} INFO - Created Permission View: can delete on DAG:example_complex
[2024-08-20T03:32:15.521+0000] {logging_mixin.py:190} INFO - [2024-08-20T03:32:15.521+0000] {override.py:1858} INFO - Created Permission View: can edit on DAG:example_complex
[2024-08-20T03:32:15.522+0000] {logging_mixin.py:190} INFO - [2024-08-20T03:32:15.522+0000] {dag.py:3211} INFO - Sync 1 DAGs
[2024-08-20T03:32:15.536+0000] {logging_mixin.py:190} INFO - [2024-08-20T03:32:15.536+0000] {dag.py:3234} INFO - Creating ORM DAG for example_complex
[2024-08-20T03:32:15.538+0000] {logging_mixin.py:190} INFO - [2024-08-20T03:32:15.537+0000] {dag.py:4138} INFO - Setting next_dagrun for example_complex to None, run_after=None
[2024-08-20T03:32:15.563+0000] {processor.py:208} INFO - Processing /home/airflow/.local/lib/python3.12/site-packages/airflow/example_dags/example_complex.py took 0.236 seconds
[2024-08-20T03:32:45.938+0000] {processor.py:186} INFO - Started process (PID=597) to work on /home/airflow/.local/lib/python3.12/site-packages/airflow/example_dags/example_complex.py
[2024-08-20T03:32:45.939+0000] {processor.py:914} INFO - Processing file /home/airflow/.local/lib/python3.12/site-packages/airflow/example_dags/example_complex.py for tasks to queue
[2024-08-20T03:32:45.943+0000] {logging_mixin.py:190} INFO - [2024-08-20T03:32:45.942+0000] {dagbag.py:587} INFO - Filling up the DagBag from /home/airflow/.local/lib/python3.12/site-packages/airflow/example_dags/example_complex.py
[2024-08-20T03:32:45.961+0000] {processor.py:925} INFO - DAG(s) 'example_complex' retrieved from /home/airflow/.local/lib/python3.12/site-packages/airflow/example_dags/example_complex.py
[2024-08-20T03:32:46.012+0000] {logging_mixin.py:190} INFO - [2024-08-20T03:32:46.012+0000] {dag.py:3211} INFO - Sync 1 DAGs
[2024-08-20T03:32:46.039+0000] {logging_mixin.py:190} INFO - [2024-08-20T03:32:46.039+0000] {dag.py:4138} INFO - Setting next_dagrun for example_complex to None, run_after=None
[2024-08-20T03:32:46.081+0000] {processor.py:208} INFO - Processing /home/airflow/.local/lib/python3.12/site-packages/airflow/example_dags/example_complex.py took 0.151 seconds
[2024-08-20T03:33:16.304+0000] {processor.py:186} INFO - Started process (PID=883) to work on /home/airflow/.local/lib/python3.12/site-packages/airflow/example_dags/example_complex.py
[2024-08-20T03:33:16.305+0000] {processor.py:914} INFO - Processing file /home/airflow/.local/lib/python3.12/site-packages/airflow/example_dags/example_complex.py for tasks to queue
[2024-08-20T03:33:16.308+0000] {logging_mixin.py:190} INFO - [2024-08-20T03:33:16.307+0000] {dagbag.py:587} INFO - Filling up the DagBag from /home/airflow/.local/lib/python3.12/site-packages/airflow/example_dags/example_complex.py
[2024-08-20T03:33:16.323+0000] {processor.py:925} INFO - DAG(s) 'example_complex' retrieved from /home/airflow/.local/lib/python3.12/site-packages/airflow/example_dags/example_complex.py
[2024-08-20T03:33:16.360+0000] {logging_mixin.py:190} INFO - [2024-08-20T03:33:16.360+0000] {dag.py:3211} INFO - Sync 1 DAGs
[2024-08-20T03:33:16.383+0000] {logging_mixin.py:190} INFO - [2024-08-20T03:33:16.383+0000] {dag.py:4138} INFO - Setting next_dagrun for example_complex to None, run_after=None
[2024-08-20T03:33:16.424+0000] {processor.py:208} INFO - Processing /home/airflow/.local/lib/python3.12/site-packages/airflow/example_dags/example_complex.py took 0.127 seconds
[2024-08-20T03:33:46.702+0000] {processor.py:186} INFO - Started process (PID=1169) to work on /home/airflow/.local/lib/python3.12/site-packages/airflow/example_dags/example_complex.py
[2024-08-20T03:33:46.703+0000] {processor.py:914} INFO - Processing file /home/airflow/.local/lib/python3.12/site-packages/airflow/example_dags/example_complex.py for tasks to queue
[2024-08-20T03:33:46.706+0000] {logging_mixin.py:190} INFO - [2024-08-20T03:33:46.705+0000] {dagbag.py:587} INFO - Filling up the DagBag from /home/airflow/.local/lib/python3.12/site-packages/airflow/example_dags/example_complex.py
[2024-08-20T03:33:46.720+0000] {processor.py:925} INFO - DAG(s) 'example_complex' retrieved from /home/airflow/.local/lib/python3.12/site-packages/airflow/example_dags/example_complex.py
[2024-08-20T03:33:46.756+0000] {logging_mixin.py:190} INFO - [2024-08-20T03:33:46.755+0000] {dag.py:3211} INFO - Sync 1 DAGs
[2024-08-20T03:33:46.771+0000] {logging_mixin.py:190} INFO - [2024-08-20T03:33:46.771+0000] {dag.py:4138} INFO - Setting next_dagrun for example_complex to None, run_after=None
[2024-08-20T03:33:46.809+0000] {processor.py:208} INFO - Processing /home/airflow/.local/lib/python3.12/site-packages/airflow/example_dags/example_complex.py took 0.115 seconds
[2024-08-20T03:34:17.175+0000] {processor.py:186} INFO - Started process (PID=1457) to work on /home/airflow/.local/lib/python3.12/site-packages/airflow/example_dags/example_complex.py
[2024-08-20T03:34:17.176+0000] {processor.py:914} INFO - Processing file /home/airflow/.local/lib/python3.12/site-packages/airflow/example_dags/example_complex.py for tasks to queue
[2024-08-20T03:34:17.179+0000] {logging_mixin.py:190} INFO - [2024-08-20T03:34:17.178+0000] {dagbag.py:587} INFO - Filling up the DagBag from /home/airflow/.local/lib/python3.12/site-packages/airflow/example_dags/example_complex.py
[2024-08-20T03:34:17.192+0000] {processor.py:925} INFO - DAG(s) 'example_complex' retrieved from /home/airflow/.local/lib/python3.12/site-packages/airflow/example_dags/example_complex.py
[2024-08-20T03:34:17.240+0000] {logging_mixin.py:190} INFO - [2024-08-20T03:34:17.239+0000] {dag.py:3211} INFO - Sync 1 DAGs
[2024-08-20T03:34:17.256+0000] {logging_mixin.py:190} INFO - [2024-08-20T03:34:17.256+0000] {dag.py:4138} INFO - Setting next_dagrun for example_complex to None, run_after=None
[2024-08-20T03:34:17.283+0000] {processor.py:208} INFO - Processing /home/airflow/.local/lib/python3.12/site-packages/airflow/example_dags/example_complex.py took 0.115 seconds
[2024-08-20T03:34:47.851+0000] {processor.py:186} INFO - Started process (PID=1741) to work on /home/airflow/.local/lib/python3.12/site-packages/airflow/example_dags/example_complex.py
[2024-08-20T03:34:47.853+0000] {processor.py:914} INFO - Processing file /home/airflow/.local/lib/python3.12/site-packages/airflow/example_dags/example_complex.py for tasks to queue
[2024-08-20T03:34:47.856+0000] {logging_mixin.py:190} INFO - [2024-08-20T03:34:47.856+0000] {dagbag.py:587} INFO - Filling up the DagBag from /home/airflow/.local/lib/python3.12/site-packages/airflow/example_dags/example_complex.py
[2024-08-20T03:34:47.869+0000] {processor.py:925} INFO - DAG(s) 'example_complex' retrieved from /home/airflow/.local/lib/python3.12/site-packages/airflow/example_dags/example_complex.py
[2024-08-20T03:34:47.902+0000] {logging_mixin.py:190} INFO - [2024-08-20T03:34:47.902+0000] {dag.py:3211} INFO - Sync 1 DAGs
[2024-08-20T03:34:47.917+0000] {logging_mixin.py:190} INFO - [2024-08-20T03:34:47.917+0000] {dag.py:4138} INFO - Setting next_dagrun for example_complex to None, run_after=None
[2024-08-20T03:34:47.940+0000] {processor.py:208} INFO - Processing /home/airflow/.local/lib/python3.12/site-packages/airflow/example_dags/example_complex.py took 0.096 seconds
[2024-08-20T03:35:18.485+0000] {processor.py:186} INFO - Started process (PID=2032) to work on /home/airflow/.local/lib/python3.12/site-packages/airflow/example_dags/example_complex.py
[2024-08-20T03:35:18.486+0000] {processor.py:914} INFO - Processing file /home/airflow/.local/lib/python3.12/site-packages/airflow/example_dags/example_complex.py for tasks to queue
[2024-08-20T03:35:18.489+0000] {logging_mixin.py:190} INFO - [2024-08-20T03:35:18.489+0000] {dagbag.py:587} INFO - Filling up the DagBag from /home/airflow/.local/lib/python3.12/site-packages/airflow/example_dags/example_complex.py
[2024-08-20T03:35:18.501+0000] {processor.py:925} INFO - DAG(s) 'example_complex' retrieved from /home/airflow/.local/lib/python3.12/site-packages/airflow/example_dags/example_complex.py
[2024-08-20T03:35:18.533+0000] {logging_mixin.py:190} INFO - [2024-08-20T03:35:18.533+0000] {dag.py:3211} INFO - Sync 1 DAGs
[2024-08-20T03:35:18.549+0000] {logging_mixin.py:190} INFO - [2024-08-20T03:35:18.548+0000] {dag.py:4138} INFO - Setting next_dagrun for example_complex to None, run_after=None
[2024-08-20T03:35:18.571+0000] {processor.py:208} INFO - Processing /home/airflow/.local/lib/python3.12/site-packages/airflow/example_dags/example_complex.py took 0.092 seconds
[2024-08-20T03:35:49.081+0000] {processor.py:186} INFO - Started process (PID=2318) to work on /home/airflow/.local/lib/python3.12/site-packages/airflow/example_dags/example_complex.py
[2024-08-20T03:35:49.082+0000] {processor.py:914} INFO - Processing file /home/airflow/.local/lib/python3.12/site-packages/airflow/example_dags/example_complex.py for tasks to queue
[2024-08-20T03:35:49.085+0000] {logging_mixin.py:190} INFO - [2024-08-20T03:35:49.084+0000] {dagbag.py:587} INFO - Filling up the DagBag from /home/airflow/.local/lib/python3.12/site-packages/airflow/example_dags/example_complex.py
[2024-08-20T03:35:49.097+0000] {processor.py:925} INFO - DAG(s) 'example_complex' retrieved from /home/airflow/.local/lib/python3.12/site-packages/airflow/example_dags/example_complex.py
[2024-08-20T03:35:49.130+0000] {logging_mixin.py:190} INFO - [2024-08-20T03:35:49.129+0000] {dag.py:3211} INFO - Sync 1 DAGs
[2024-08-20T03:35:49.147+0000] {logging_mixin.py:190} INFO - [2024-08-20T03:35:49.146+0000] {dag.py:4138} INFO - Setting next_dagrun for example_complex to None, run_after=None
[2024-08-20T03:35:49.174+0000] {processor.py:208} INFO - Processing /home/airflow/.local/lib/python3.12/site-packages/airflow/example_dags/example_complex.py took 0.100 seconds
[2024-08-20T03:36:19.587+0000] {processor.py:186} INFO - Started process (PID=2604) to work on /home/airflow/.local/lib/python3.12/site-packages/airflow/example_dags/example_complex.py
[2024-08-20T03:36:19.589+0000] {processor.py:914} INFO - Processing file /home/airflow/.local/lib/python3.12/site-packages/airflow/example_dags/example_complex.py for tasks to queue
[2024-08-20T03:36:19.592+0000] {logging_mixin.py:190} INFO - [2024-08-20T03:36:19.592+0000] {dagbag.py:587} INFO - Filling up the DagBag from /home/airflow/.local/lib/python3.12/site-packages/airflow/example_dags/example_complex.py
[2024-08-20T03:36:19.609+0000] {processor.py:925} INFO - DAG(s) 'example_complex' retrieved from /home/airflow/.local/lib/python3.12/site-packages/airflow/example_dags/example_complex.py
[2024-08-20T03:36:19.644+0000] {logging_mixin.py:190} INFO - [2024-08-20T03:36:19.644+0000] {dag.py:3211} INFO - Sync 1 DAGs
[2024-08-20T03:36:19.663+0000] {logging_mixin.py:190} INFO - [2024-08-20T03:36:19.662+0000] {dag.py:4138} INFO - Setting next_dagrun for example_complex to None, run_after=None
[2024-08-20T03:36:19.690+0000] {processor.py:208} INFO - Processing /home/airflow/.local/lib/python3.12/site-packages/airflow/example_dags/example_complex.py took 0.112 seconds
[2024-08-20T03:36:49.855+0000] {processor.py:186} INFO - Started process (PID=2885) to work on /home/airflow/.local/lib/python3.12/site-packages/airflow/example_dags/example_complex.py
[2024-08-20T03:36:49.856+0000] {processor.py:914} INFO - Processing file /home/airflow/.local/lib/python3.12/site-packages/airflow/example_dags/example_complex.py for tasks to queue
[2024-08-20T03:36:49.859+0000] {logging_mixin.py:190} INFO - [2024-08-20T03:36:49.859+0000] {dagbag.py:587} INFO - Filling up the DagBag from /home/airflow/.local/lib/python3.12/site-packages/airflow/example_dags/example_complex.py
[2024-08-20T03:36:49.871+0000] {processor.py:925} INFO - DAG(s) 'example_complex' retrieved from /home/airflow/.local/lib/python3.12/site-packages/airflow/example_dags/example_complex.py
[2024-08-20T03:36:49.903+0000] {logging_mixin.py:190} INFO - [2024-08-20T03:36:49.903+0000] {dag.py:3211} INFO - Sync 1 DAGs
[2024-08-20T03:36:49.921+0000] {logging_mixin.py:190} INFO - [2024-08-20T03:36:49.921+0000] {dag.py:4138} INFO - Setting next_dagrun for example_complex to None, run_after=None
[2024-08-20T03:36:49.947+0000] {processor.py:208} INFO - Processing /home/airflow/.local/lib/python3.12/site-packages/airflow/example_dags/example_complex.py took 0.099 seconds
[2024-08-20T03:37:20.306+0000] {processor.py:186} INFO - Started process (PID=3171) to work on /home/airflow/.local/lib/python3.12/site-packages/airflow/example_dags/example_complex.py
[2024-08-20T03:37:20.307+0000] {processor.py:914} INFO - Processing file /home/airflow/.local/lib/python3.12/site-packages/airflow/example_dags/example_complex.py for tasks to queue
[2024-08-20T03:37:20.310+0000] {logging_mixin.py:190} INFO - [2024-08-20T03:37:20.310+0000] {dagbag.py:587} INFO - Filling up the DagBag from /home/airflow/.local/lib/python3.12/site-packages/airflow/example_dags/example_complex.py
[2024-08-20T03:37:20.323+0000] {processor.py:925} INFO - DAG(s) 'example_complex' retrieved from /home/airflow/.local/lib/python3.12/site-packages/airflow/example_dags/example_complex.py
[2024-08-20T03:37:20.360+0000] {logging_mixin.py:190} INFO - [2024-08-20T03:37:20.360+0000] {dag.py:3211} INFO - Sync 1 DAGs
[2024-08-20T03:37:20.377+0000] {logging_mixin.py:190} INFO - [2024-08-20T03:37:20.376+0000] {dag.py:4138} INFO - Setting next_dagrun for example_complex to None, run_after=None
[2024-08-20T03:37:20.399+0000] {processor.py:208} INFO - Processing /home/airflow/.local/lib/python3.12/site-packages/airflow/example_dags/example_complex.py took 0.099 seconds
[2024-08-20T03:37:50.645+0000] {processor.py:186} INFO - Started process (PID=3459) to work on /home/airflow/.local/lib/python3.12/site-packages/airflow/example_dags/example_complex.py
[2024-08-20T03:37:50.646+0000] {processor.py:914} INFO - Processing file /home/airflow/.local/lib/python3.12/site-packages/airflow/example_dags/example_complex.py for tasks to queue
[2024-08-20T03:37:50.649+0000] {logging_mixin.py:190} INFO - [2024-08-20T03:37:50.649+0000] {dagbag.py:587} INFO - Filling up the DagBag from /home/airflow/.local/lib/python3.12/site-packages/airflow/example_dags/example_complex.py
[2024-08-20T03:37:50.662+0000] {processor.py:925} INFO - DAG(s) 'example_complex' retrieved from /home/airflow/.local/lib/python3.12/site-packages/airflow/example_dags/example_complex.py
[2024-08-20T03:37:50.693+0000] {logging_mixin.py:190} INFO - [2024-08-20T03:37:50.693+0000] {dag.py:3211} INFO - Sync 1 DAGs
[2024-08-20T03:37:50.708+0000] {logging_mixin.py:190} INFO - [2024-08-20T03:37:50.708+0000] {dag.py:4138} INFO - Setting next_dagrun for example_complex to None, run_after=None
[2024-08-20T03:37:50.731+0000] {processor.py:208} INFO - Processing /home/airflow/.local/lib/python3.12/site-packages/airflow/example_dags/example_complex.py took 0.092 seconds
[2024-08-20T03:38:21.154+0000] {processor.py:186} INFO - Started process (PID=3743) to work on /home/airflow/.local/lib/python3.12/site-packages/airflow/example_dags/example_complex.py
[2024-08-20T03:38:21.155+0000] {processor.py:914} INFO - Processing file /home/airflow/.local/lib/python3.12/site-packages/airflow/example_dags/example_complex.py for tasks to queue
[2024-08-20T03:38:21.158+0000] {logging_mixin.py:190} INFO - [2024-08-20T03:38:21.157+0000] {dagbag.py:587} INFO - Filling up the DagBag from /home/airflow/.local/lib/python3.12/site-packages/airflow/example_dags/example_complex.py
[2024-08-20T03:38:21.171+0000] {processor.py:925} INFO - DAG(s) 'example_complex' retrieved from /home/airflow/.local/lib/python3.12/site-packages/airflow/example_dags/example_complex.py
[2024-08-20T03:38:21.204+0000] {logging_mixin.py:190} INFO - [2024-08-20T03:38:21.204+0000] {dag.py:3211} INFO - Sync 1 DAGs
[2024-08-20T03:38:21.219+0000] {logging_mixin.py:190} INFO - [2024-08-20T03:38:21.219+0000] {dag.py:4138} INFO - Setting next_dagrun for example_complex to None, run_after=None
[2024-08-20T03:38:21.242+0000] {processor.py:208} INFO - Processing /home/airflow/.local/lib/python3.12/site-packages/airflow/example_dags/example_complex.py took 0.094 seconds
[2024-08-20T03:38:51.554+0000] {processor.py:186} INFO - Started process (PID=4029) to work on /home/airflow/.local/lib/python3.12/site-packages/airflow/example_dags/example_complex.py
[2024-08-20T03:38:51.555+0000] {processor.py:914} INFO - Processing file /home/airflow/.local/lib/python3.12/site-packages/airflow/example_dags/example_complex.py for tasks to queue
[2024-08-20T03:38:51.558+0000] {logging_mixin.py:190} INFO - [2024-08-20T03:38:51.558+0000] {dagbag.py:587} INFO - Filling up the DagBag from /home/airflow/.local/lib/python3.12/site-packages/airflow/example_dags/example_complex.py
[2024-08-20T03:38:51.571+0000] {processor.py:925} INFO - DAG(s) 'example_complex' retrieved from /home/airflow/.local/lib/python3.12/site-packages/airflow/example_dags/example_complex.py
[2024-08-20T03:38:51.605+0000] {logging_mixin.py:190} INFO - [2024-08-20T03:38:51.605+0000] {dag.py:3211} INFO - Sync 1 DAGs
[2024-08-20T03:38:51.626+0000] {logging_mixin.py:190} INFO - [2024-08-20T03:38:51.625+0000] {dag.py:4138} INFO - Setting next_dagrun for example_complex to None, run_after=None
[2024-08-20T03:38:51.648+0000] {processor.py:208} INFO - Processing /home/airflow/.local/lib/python3.12/site-packages/airflow/example_dags/example_complex.py took 0.100 seconds
[2024-08-20T03:39:21.907+0000] {processor.py:186} INFO - Started process (PID=4315) to work on /home/airflow/.local/lib/python3.12/site-packages/airflow/example_dags/example_complex.py
[2024-08-20T03:39:21.908+0000] {processor.py:914} INFO - Processing file /home/airflow/.local/lib/python3.12/site-packages/airflow/example_dags/example_complex.py for tasks to queue
[2024-08-20T03:39:21.911+0000] {logging_mixin.py:190} INFO - [2024-08-20T03:39:21.911+0000] {dagbag.py:587} INFO - Filling up the DagBag from /home/airflow/.local/lib/python3.12/site-packages/airflow/example_dags/example_complex.py
[2024-08-20T03:39:21.924+0000] {processor.py:925} INFO - DAG(s) 'example_complex' retrieved from /home/airflow/.local/lib/python3.12/site-packages/airflow/example_dags/example_complex.py
[2024-08-20T03:39:21.964+0000] {logging_mixin.py:190} INFO - [2024-08-20T03:39:21.964+0000] {dag.py:3211} INFO - Sync 1 DAGs
[2024-08-20T03:39:21.981+0000] {logging_mixin.py:190} INFO - [2024-08-20T03:39:21.981+0000] {dag.py:4138} INFO - Setting next_dagrun for example_complex to None, run_after=None
[2024-08-20T03:39:22.004+0000] {processor.py:208} INFO - Processing /home/airflow/.local/lib/python3.12/site-packages/airflow/example_dags/example_complex.py took 0.103 seconds
[2024-08-20T03:39:52.223+0000] {processor.py:186} INFO - Started process (PID=4601) to work on /home/airflow/.local/lib/python3.12/site-packages/airflow/example_dags/example_complex.py
[2024-08-20T03:39:52.224+0000] {processor.py:914} INFO - Processing file /home/airflow/.local/lib/python3.12/site-packages/airflow/example_dags/example_complex.py for tasks to queue
[2024-08-20T03:39:52.227+0000] {logging_mixin.py:190} INFO - [2024-08-20T03:39:52.226+0000] {dagbag.py:587} INFO - Filling up the DagBag from /home/airflow/.local/lib/python3.12/site-packages/airflow/example_dags/example_complex.py
[2024-08-20T03:39:52.241+0000] {processor.py:925} INFO - DAG(s) 'example_complex' retrieved from /home/airflow/.local/lib/python3.12/site-packages/airflow/example_dags/example_complex.py
[2024-08-20T03:39:52.276+0000] {logging_mixin.py:190} INFO - [2024-08-20T03:39:52.275+0000] {dag.py:3211} INFO - Sync 1 DAGs
[2024-08-20T03:39:52.293+0000] {logging_mixin.py:190} INFO - [2024-08-20T03:39:52.293+0000] {dag.py:4138} INFO - Setting next_dagrun for example_complex to None, run_after=None
[2024-08-20T03:39:52.320+0000] {processor.py:208} INFO - Processing /home/airflow/.local/lib/python3.12/site-packages/airflow/example_dags/example_complex.py took 0.103 seconds
[2024-08-20T03:40:22.550+0000] {processor.py:186} INFO - Started process (PID=4889) to work on /home/airflow/.local/lib/python3.12/site-packages/airflow/example_dags/example_complex.py
[2024-08-20T03:40:22.551+0000] {processor.py:914} INFO - Processing file /home/airflow/.local/lib/python3.12/site-packages/airflow/example_dags/example_complex.py for tasks to queue
[2024-08-20T03:40:22.554+0000] {logging_mixin.py:190} INFO - [2024-08-20T03:40:22.554+0000] {dagbag.py:587} INFO - Filling up the DagBag from /home/airflow/.local/lib/python3.12/site-packages/airflow/example_dags/example_complex.py
[2024-08-20T03:40:22.567+0000] {processor.py:925} INFO - DAG(s) 'example_complex' retrieved from /home/airflow/.local/lib/python3.12/site-packages/airflow/example_dags/example_complex.py
[2024-08-20T03:40:22.606+0000] {logging_mixin.py:190} INFO - [2024-08-20T03:40:22.606+0000] {dag.py:3211} INFO - Sync 1 DAGs
[2024-08-20T03:40:22.627+0000] {logging_mixin.py:190} INFO - [2024-08-20T03:40:22.627+0000] {dag.py:4138} INFO - Setting next_dagrun for example_complex to None, run_after=None
[2024-08-20T03:40:22.651+0000] {processor.py:208} INFO - Processing /home/airflow/.local/lib/python3.12/site-packages/airflow/example_dags/example_complex.py took 0.107 seconds
[2024-08-20T03:40:52.871+0000] {processor.py:186} INFO - Started process (PID=5173) to work on /home/airflow/.local/lib/python3.12/site-packages/airflow/example_dags/example_complex.py
[2024-08-20T03:40:52.872+0000] {processor.py:914} INFO - Processing file /home/airflow/.local/lib/python3.12/site-packages/airflow/example_dags/example_complex.py for tasks to queue
[2024-08-20T03:40:52.875+0000] {logging_mixin.py:190} INFO - [2024-08-20T03:40:52.875+0000] {dagbag.py:587} INFO - Filling up the DagBag from /home/airflow/.local/lib/python3.12/site-packages/airflow/example_dags/example_complex.py
[2024-08-20T03:40:52.889+0000] {processor.py:925} INFO - DAG(s) 'example_complex' retrieved from /home/airflow/.local/lib/python3.12/site-packages/airflow/example_dags/example_complex.py
[2024-08-20T03:40:52.924+0000] {logging_mixin.py:190} INFO - [2024-08-20T03:40:52.924+0000] {dag.py:3211} INFO - Sync 1 DAGs
[2024-08-20T03:40:52.939+0000] {logging_mixin.py:190} INFO - [2024-08-20T03:40:52.939+0000] {dag.py:4138} INFO - Setting next_dagrun for example_complex to None, run_after=None
[2024-08-20T03:40:52.963+0000] {processor.py:208} INFO - Processing /home/airflow/.local/lib/python3.12/site-packages/airflow/example_dags/example_complex.py took 0.100 seconds
[2024-08-20T03:41:23.369+0000] {processor.py:186} INFO - Started process (PID=5459) to work on /home/airflow/.local/lib/python3.12/site-packages/airflow/example_dags/example_complex.py
[2024-08-20T03:41:23.370+0000] {processor.py:914} INFO - Processing file /home/airflow/.local/lib/python3.12/site-packages/airflow/example_dags/example_complex.py for tasks to queue
[2024-08-20T03:41:23.373+0000] {logging_mixin.py:190} INFO - [2024-08-20T03:41:23.372+0000] {dagbag.py:587} INFO - Filling up the DagBag from /home/airflow/.local/lib/python3.12/site-packages/airflow/example_dags/example_complex.py
[2024-08-20T03:41:23.386+0000] {processor.py:925} INFO - DAG(s) 'example_complex' retrieved from /home/airflow/.local/lib/python3.12/site-packages/airflow/example_dags/example_complex.py
[2024-08-20T03:41:23.419+0000] {logging_mixin.py:190} INFO - [2024-08-20T03:41:23.419+0000] {dag.py:3211} INFO - Sync 1 DAGs
[2024-08-20T03:41:23.436+0000] {logging_mixin.py:190} INFO - [2024-08-20T03:41:23.436+0000] {dag.py:4138} INFO - Setting next_dagrun for example_complex to None, run_after=None
[2024-08-20T03:41:23.462+0000] {processor.py:208} INFO - Processing /home/airflow/.local/lib/python3.12/site-packages/airflow/example_dags/example_complex.py took 0.100 seconds
[2024-08-20T03:41:53.751+0000] {processor.py:186} INFO - Started process (PID=5745) to work on /home/airflow/.local/lib/python3.12/site-packages/airflow/example_dags/example_complex.py
[2024-08-20T03:41:53.752+0000] {processor.py:914} INFO - Processing file /home/airflow/.local/lib/python3.12/site-packages/airflow/example_dags/example_complex.py for tasks to queue
[2024-08-20T03:41:53.754+0000] {logging_mixin.py:190} INFO - [2024-08-20T03:41:53.754+0000] {dagbag.py:587} INFO - Filling up the DagBag from /home/airflow/.local/lib/python3.12/site-packages/airflow/example_dags/example_complex.py
[2024-08-20T03:41:53.767+0000] {processor.py:925} INFO - DAG(s) 'example_complex' retrieved from /home/airflow/.local/lib/python3.12/site-packages/airflow/example_dags/example_complex.py
[2024-08-20T03:41:53.800+0000] {logging_mixin.py:190} INFO - [2024-08-20T03:41:53.800+0000] {dag.py:3211} INFO - Sync 1 DAGs
[2024-08-20T03:41:53.815+0000] {logging_mixin.py:190} INFO - [2024-08-20T03:41:53.815+0000] {dag.py:4138} INFO - Setting next_dagrun for example_complex to None, run_after=None
[2024-08-20T03:41:53.838+0000] {processor.py:208} INFO - Processing /home/airflow/.local/lib/python3.12/site-packages/airflow/example_dags/example_complex.py took 0.094 seconds
