[2024-08-20T03:32:13.849+0000] {processor.py:186} INFO - Started process (PID=271) to work on /home/airflow/.local/lib/python3.12/site-packages/airflow/example_dags/example_bash_operator.py
[2024-08-20T03:32:13.850+0000] {processor.py:914} INFO - Processing file /home/airflow/.local/lib/python3.12/site-packages/airflow/example_dags/example_bash_operator.py for tasks to queue
[2024-08-20T03:32:13.854+0000] {logging_mixin.py:190} INFO - [2024-08-20T03:32:13.853+0000] {dagbag.py:587} INFO - Filling up the DagBag from /home/airflow/.local/lib/python3.12/site-packages/airflow/example_dags/example_bash_operator.py
[2024-08-20T03:32:13.874+0000] {processor.py:925} INFO - DAG(s) 'example_bash_operator' retrieved from /home/airflow/.local/lib/python3.12/site-packages/airflow/example_dags/example_bash_operator.py
[2024-08-20T03:32:14.032+0000] {logging_mixin.py:190} INFO - [2024-08-20T03:32:14.031+0000] {override.py:1858} INFO - Created Permission View: can read on DAG:example_bash_operator
[2024-08-20T03:32:14.046+0000] {logging_mixin.py:190} INFO - [2024-08-20T03:32:14.045+0000] {override.py:1858} INFO - Created Permission View: can delete on DAG:example_bash_operator
[2024-08-20T03:32:14.057+0000] {logging_mixin.py:190} INFO - [2024-08-20T03:32:14.057+0000] {override.py:1858} INFO - Created Permission View: can edit on DAG:example_bash_operator
[2024-08-20T03:32:14.058+0000] {logging_mixin.py:190} INFO - [2024-08-20T03:32:14.058+0000] {dag.py:3211} INFO - Sync 1 DAGs
[2024-08-20T03:32:14.077+0000] {logging_mixin.py:190} INFO - [2024-08-20T03:32:14.077+0000] {dag.py:3234} INFO - Creating ORM DAG for example_bash_operator
[2024-08-20T03:32:14.091+0000] {logging_mixin.py:190} INFO - [2024-08-20T03:32:14.091+0000] {dag.py:4138} INFO - Setting next_dagrun for example_bash_operator to 2024-08-19 00:00:00+00:00, run_after=2024-08-20 00:00:00+00:00
[2024-08-20T03:32:14.113+0000] {processor.py:208} INFO - Processing /home/airflow/.local/lib/python3.12/site-packages/airflow/example_dags/example_bash_operator.py took 0.270 seconds
[2024-08-20T03:32:44.271+0000] {processor.py:186} INFO - Started process (PID=559) to work on /home/airflow/.local/lib/python3.12/site-packages/airflow/example_dags/example_bash_operator.py
[2024-08-20T03:32:44.272+0000] {processor.py:914} INFO - Processing file /home/airflow/.local/lib/python3.12/site-packages/airflow/example_dags/example_bash_operator.py for tasks to queue
[2024-08-20T03:32:44.275+0000] {logging_mixin.py:190} INFO - [2024-08-20T03:32:44.275+0000] {dagbag.py:587} INFO - Filling up the DagBag from /home/airflow/.local/lib/python3.12/site-packages/airflow/example_dags/example_bash_operator.py
[2024-08-20T03:32:44.289+0000] {processor.py:925} INFO - DAG(s) 'example_bash_operator' retrieved from /home/airflow/.local/lib/python3.12/site-packages/airflow/example_dags/example_bash_operator.py
[2024-08-20T03:32:44.317+0000] {logging_mixin.py:190} INFO - [2024-08-20T03:32:44.317+0000] {dag.py:3211} INFO - Sync 1 DAGs
[2024-08-20T03:32:44.343+0000] {logging_mixin.py:190} INFO - [2024-08-20T03:32:44.342+0000] {dag.py:4138} INFO - Setting next_dagrun for example_bash_operator to 2024-08-19 00:00:00+00:00, run_after=2024-08-20 00:00:00+00:00
[2024-08-20T03:32:44.365+0000] {processor.py:208} INFO - Processing /home/airflow/.local/lib/python3.12/site-packages/airflow/example_dags/example_bash_operator.py took 0.100 seconds
[2024-08-20T03:33:14.643+0000] {processor.py:186} INFO - Started process (PID=843) to work on /home/airflow/.local/lib/python3.12/site-packages/airflow/example_dags/example_bash_operator.py
[2024-08-20T03:33:14.644+0000] {processor.py:914} INFO - Processing file /home/airflow/.local/lib/python3.12/site-packages/airflow/example_dags/example_bash_operator.py for tasks to queue
[2024-08-20T03:33:14.647+0000] {logging_mixin.py:190} INFO - [2024-08-20T03:33:14.647+0000] {dagbag.py:587} INFO - Filling up the DagBag from /home/airflow/.local/lib/python3.12/site-packages/airflow/example_dags/example_bash_operator.py
[2024-08-20T03:33:14.667+0000] {processor.py:925} INFO - DAG(s) 'example_bash_operator' retrieved from /home/airflow/.local/lib/python3.12/site-packages/airflow/example_dags/example_bash_operator.py
[2024-08-20T03:33:14.701+0000] {logging_mixin.py:190} INFO - [2024-08-20T03:33:14.701+0000] {dag.py:3211} INFO - Sync 1 DAGs
[2024-08-20T03:33:14.729+0000] {logging_mixin.py:190} INFO - [2024-08-20T03:33:14.729+0000] {dag.py:4138} INFO - Setting next_dagrun for example_bash_operator to 2024-08-19 00:00:00+00:00, run_after=2024-08-20 00:00:00+00:00
[2024-08-20T03:33:14.751+0000] {processor.py:208} INFO - Processing /home/airflow/.local/lib/python3.12/site-packages/airflow/example_dags/example_bash_operator.py took 0.117 seconds
[2024-08-20T03:33:45.068+0000] {processor.py:186} INFO - Started process (PID=1129) to work on /home/airflow/.local/lib/python3.12/site-packages/airflow/example_dags/example_bash_operator.py
[2024-08-20T03:33:45.069+0000] {processor.py:914} INFO - Processing file /home/airflow/.local/lib/python3.12/site-packages/airflow/example_dags/example_bash_operator.py for tasks to queue
[2024-08-20T03:33:45.073+0000] {logging_mixin.py:190} INFO - [2024-08-20T03:33:45.073+0000] {dagbag.py:587} INFO - Filling up the DagBag from /home/airflow/.local/lib/python3.12/site-packages/airflow/example_dags/example_bash_operator.py
[2024-08-20T03:33:45.089+0000] {processor.py:925} INFO - DAG(s) 'example_bash_operator' retrieved from /home/airflow/.local/lib/python3.12/site-packages/airflow/example_dags/example_bash_operator.py
[2024-08-20T03:33:45.122+0000] {logging_mixin.py:190} INFO - [2024-08-20T03:33:45.121+0000] {dag.py:3211} INFO - Sync 1 DAGs
[2024-08-20T03:33:45.148+0000] {logging_mixin.py:190} INFO - [2024-08-20T03:33:45.148+0000] {dag.py:4138} INFO - Setting next_dagrun for example_bash_operator to 2024-08-19 00:00:00+00:00, run_after=2024-08-20 00:00:00+00:00
[2024-08-20T03:33:45.172+0000] {processor.py:208} INFO - Processing /home/airflow/.local/lib/python3.12/site-packages/airflow/example_dags/example_bash_operator.py took 0.111 seconds
[2024-08-20T03:34:15.443+0000] {processor.py:186} INFO - Started process (PID=1415) to work on /home/airflow/.local/lib/python3.12/site-packages/airflow/example_dags/example_bash_operator.py
[2024-08-20T03:34:15.444+0000] {processor.py:914} INFO - Processing file /home/airflow/.local/lib/python3.12/site-packages/airflow/example_dags/example_bash_operator.py for tasks to queue
[2024-08-20T03:34:15.448+0000] {logging_mixin.py:190} INFO - [2024-08-20T03:34:15.447+0000] {dagbag.py:587} INFO - Filling up the DagBag from /home/airflow/.local/lib/python3.12/site-packages/airflow/example_dags/example_bash_operator.py
[2024-08-20T03:34:15.463+0000] {processor.py:925} INFO - DAG(s) 'example_bash_operator' retrieved from /home/airflow/.local/lib/python3.12/site-packages/airflow/example_dags/example_bash_operator.py
[2024-08-20T03:34:15.498+0000] {logging_mixin.py:190} INFO - [2024-08-20T03:34:15.498+0000] {dag.py:3211} INFO - Sync 1 DAGs
[2024-08-20T03:34:15.525+0000] {logging_mixin.py:190} INFO - [2024-08-20T03:34:15.525+0000] {dag.py:4138} INFO - Setting next_dagrun for example_bash_operator to 2024-08-19 00:00:00+00:00, run_after=2024-08-20 00:00:00+00:00
[2024-08-20T03:34:15.548+0000] {processor.py:208} INFO - Processing /home/airflow/.local/lib/python3.12/site-packages/airflow/example_dags/example_bash_operator.py took 0.111 seconds
[2024-08-20T03:34:46.207+0000] {processor.py:186} INFO - Started process (PID=1701) to work on /home/airflow/.local/lib/python3.12/site-packages/airflow/example_dags/example_bash_operator.py
[2024-08-20T03:34:46.208+0000] {processor.py:914} INFO - Processing file /home/airflow/.local/lib/python3.12/site-packages/airflow/example_dags/example_bash_operator.py for tasks to queue
[2024-08-20T03:34:46.212+0000] {logging_mixin.py:190} INFO - [2024-08-20T03:34:46.211+0000] {dagbag.py:587} INFO - Filling up the DagBag from /home/airflow/.local/lib/python3.12/site-packages/airflow/example_dags/example_bash_operator.py
[2024-08-20T03:34:46.228+0000] {processor.py:925} INFO - DAG(s) 'example_bash_operator' retrieved from /home/airflow/.local/lib/python3.12/site-packages/airflow/example_dags/example_bash_operator.py
[2024-08-20T03:34:46.266+0000] {logging_mixin.py:190} INFO - [2024-08-20T03:34:46.266+0000] {dag.py:3211} INFO - Sync 1 DAGs
[2024-08-20T03:34:46.296+0000] {logging_mixin.py:190} INFO - [2024-08-20T03:34:46.296+0000] {dag.py:4138} INFO - Setting next_dagrun for example_bash_operator to 2024-08-19 00:00:00+00:00, run_after=2024-08-20 00:00:00+00:00
[2024-08-20T03:34:46.319+0000] {processor.py:208} INFO - Processing /home/airflow/.local/lib/python3.12/site-packages/airflow/example_dags/example_bash_operator.py took 0.119 seconds
[2024-08-20T03:35:16.777+0000] {processor.py:186} INFO - Started process (PID=1987) to work on /home/airflow/.local/lib/python3.12/site-packages/airflow/example_dags/example_bash_operator.py
[2024-08-20T03:35:16.778+0000] {processor.py:914} INFO - Processing file /home/airflow/.local/lib/python3.12/site-packages/airflow/example_dags/example_bash_operator.py for tasks to queue
[2024-08-20T03:35:16.781+0000] {logging_mixin.py:190} INFO - [2024-08-20T03:35:16.781+0000] {dagbag.py:587} INFO - Filling up the DagBag from /home/airflow/.local/lib/python3.12/site-packages/airflow/example_dags/example_bash_operator.py
[2024-08-20T03:35:16.796+0000] {processor.py:925} INFO - DAG(s) 'example_bash_operator' retrieved from /home/airflow/.local/lib/python3.12/site-packages/airflow/example_dags/example_bash_operator.py
[2024-08-20T03:35:16.831+0000] {logging_mixin.py:190} INFO - [2024-08-20T03:35:16.831+0000] {dag.py:3211} INFO - Sync 1 DAGs
[2024-08-20T03:35:16.863+0000] {logging_mixin.py:190} INFO - [2024-08-20T03:35:16.863+0000] {dag.py:4138} INFO - Setting next_dagrun for example_bash_operator to 2024-08-19 00:00:00+00:00, run_after=2024-08-20 00:00:00+00:00
[2024-08-20T03:35:16.889+0000] {processor.py:208} INFO - Processing /home/airflow/.local/lib/python3.12/site-packages/airflow/example_dags/example_bash_operator.py took 0.118 seconds
[2024-08-20T03:35:47.323+0000] {processor.py:186} INFO - Started process (PID=2273) to work on /home/airflow/.local/lib/python3.12/site-packages/airflow/example_dags/example_bash_operator.py
[2024-08-20T03:35:47.324+0000] {processor.py:914} INFO - Processing file /home/airflow/.local/lib/python3.12/site-packages/airflow/example_dags/example_bash_operator.py for tasks to queue
[2024-08-20T03:35:47.328+0000] {logging_mixin.py:190} INFO - [2024-08-20T03:35:47.327+0000] {dagbag.py:587} INFO - Filling up the DagBag from /home/airflow/.local/lib/python3.12/site-packages/airflow/example_dags/example_bash_operator.py
[2024-08-20T03:35:47.343+0000] {processor.py:925} INFO - DAG(s) 'example_bash_operator' retrieved from /home/airflow/.local/lib/python3.12/site-packages/airflow/example_dags/example_bash_operator.py
[2024-08-20T03:35:47.387+0000] {logging_mixin.py:190} INFO - [2024-08-20T03:35:47.386+0000] {dag.py:3211} INFO - Sync 1 DAGs
[2024-08-20T03:35:47.422+0000] {logging_mixin.py:190} INFO - [2024-08-20T03:35:47.421+0000] {dag.py:4138} INFO - Setting next_dagrun for example_bash_operator to 2024-08-19 00:00:00+00:00, run_after=2024-08-20 00:00:00+00:00
[2024-08-20T03:35:47.447+0000] {processor.py:208} INFO - Processing /home/airflow/.local/lib/python3.12/site-packages/airflow/example_dags/example_bash_operator.py took 0.131 seconds
[2024-08-20T03:36:17.915+0000] {processor.py:186} INFO - Started process (PID=2559) to work on /home/airflow/.local/lib/python3.12/site-packages/airflow/example_dags/example_bash_operator.py
[2024-08-20T03:36:17.916+0000] {processor.py:914} INFO - Processing file /home/airflow/.local/lib/python3.12/site-packages/airflow/example_dags/example_bash_operator.py for tasks to queue
[2024-08-20T03:36:17.919+0000] {logging_mixin.py:190} INFO - [2024-08-20T03:36:17.919+0000] {dagbag.py:587} INFO - Filling up the DagBag from /home/airflow/.local/lib/python3.12/site-packages/airflow/example_dags/example_bash_operator.py
[2024-08-20T03:36:17.936+0000] {processor.py:925} INFO - DAG(s) 'example_bash_operator' retrieved from /home/airflow/.local/lib/python3.12/site-packages/airflow/example_dags/example_bash_operator.py
[2024-08-20T03:36:17.970+0000] {logging_mixin.py:190} INFO - [2024-08-20T03:36:17.970+0000] {dag.py:3211} INFO - Sync 1 DAGs
[2024-08-20T03:36:17.997+0000] {logging_mixin.py:190} INFO - [2024-08-20T03:36:17.997+0000] {dag.py:4138} INFO - Setting next_dagrun for example_bash_operator to 2024-08-19 00:00:00+00:00, run_after=2024-08-20 00:00:00+00:00
[2024-08-20T03:36:18.023+0000] {processor.py:208} INFO - Processing /home/airflow/.local/lib/python3.12/site-packages/airflow/example_dags/example_bash_operator.py took 0.115 seconds
[2024-08-20T03:36:48.174+0000] {processor.py:186} INFO - Started process (PID=2845) to work on /home/airflow/.local/lib/python3.12/site-packages/airflow/example_dags/example_bash_operator.py
[2024-08-20T03:36:48.175+0000] {processor.py:914} INFO - Processing file /home/airflow/.local/lib/python3.12/site-packages/airflow/example_dags/example_bash_operator.py for tasks to queue
[2024-08-20T03:36:48.178+0000] {logging_mixin.py:190} INFO - [2024-08-20T03:36:48.178+0000] {dagbag.py:587} INFO - Filling up the DagBag from /home/airflow/.local/lib/python3.12/site-packages/airflow/example_dags/example_bash_operator.py
[2024-08-20T03:36:48.192+0000] {processor.py:925} INFO - DAG(s) 'example_bash_operator' retrieved from /home/airflow/.local/lib/python3.12/site-packages/airflow/example_dags/example_bash_operator.py
[2024-08-20T03:36:48.220+0000] {logging_mixin.py:190} INFO - [2024-08-20T03:36:48.220+0000] {dag.py:3211} INFO - Sync 1 DAGs
[2024-08-20T03:36:48.249+0000] {logging_mixin.py:190} INFO - [2024-08-20T03:36:48.248+0000] {dag.py:4138} INFO - Setting next_dagrun for example_bash_operator to 2024-08-19 00:00:00+00:00, run_after=2024-08-20 00:00:00+00:00
[2024-08-20T03:36:48.278+0000] {processor.py:208} INFO - Processing /home/airflow/.local/lib/python3.12/site-packages/airflow/example_dags/example_bash_operator.py took 0.110 seconds
[2024-08-20T03:37:18.629+0000] {processor.py:186} INFO - Started process (PID=3127) to work on /home/airflow/.local/lib/python3.12/site-packages/airflow/example_dags/example_bash_operator.py
[2024-08-20T03:37:18.629+0000] {processor.py:914} INFO - Processing file /home/airflow/.local/lib/python3.12/site-packages/airflow/example_dags/example_bash_operator.py for tasks to queue
[2024-08-20T03:37:18.632+0000] {logging_mixin.py:190} INFO - [2024-08-20T03:37:18.632+0000] {dagbag.py:587} INFO - Filling up the DagBag from /home/airflow/.local/lib/python3.12/site-packages/airflow/example_dags/example_bash_operator.py
[2024-08-20T03:37:18.649+0000] {processor.py:925} INFO - DAG(s) 'example_bash_operator' retrieved from /home/airflow/.local/lib/python3.12/site-packages/airflow/example_dags/example_bash_operator.py
[2024-08-20T03:37:18.685+0000] {logging_mixin.py:190} INFO - [2024-08-20T03:37:18.684+0000] {dag.py:3211} INFO - Sync 1 DAGs
[2024-08-20T03:37:18.717+0000] {logging_mixin.py:190} INFO - [2024-08-20T03:37:18.717+0000] {dag.py:4138} INFO - Setting next_dagrun for example_bash_operator to 2024-08-19 00:00:00+00:00, run_after=2024-08-20 00:00:00+00:00
[2024-08-20T03:37:18.746+0000] {processor.py:208} INFO - Processing /home/airflow/.local/lib/python3.12/site-packages/airflow/example_dags/example_bash_operator.py took 0.125 seconds
[2024-08-20T03:37:48.792+0000] {processor.py:186} INFO - Started process (PID=3414) to work on /home/airflow/.local/lib/python3.12/site-packages/airflow/example_dags/example_bash_operator.py
[2024-08-20T03:37:48.793+0000] {processor.py:914} INFO - Processing file /home/airflow/.local/lib/python3.12/site-packages/airflow/example_dags/example_bash_operator.py for tasks to queue
[2024-08-20T03:37:48.796+0000] {logging_mixin.py:190} INFO - [2024-08-20T03:37:48.796+0000] {dagbag.py:587} INFO - Filling up the DagBag from /home/airflow/.local/lib/python3.12/site-packages/airflow/example_dags/example_bash_operator.py
[2024-08-20T03:37:48.811+0000] {processor.py:925} INFO - DAG(s) 'example_bash_operator' retrieved from /home/airflow/.local/lib/python3.12/site-packages/airflow/example_dags/example_bash_operator.py
[2024-08-20T03:37:48.842+0000] {logging_mixin.py:190} INFO - [2024-08-20T03:37:48.842+0000] {dag.py:3211} INFO - Sync 1 DAGs
[2024-08-20T03:37:48.870+0000] {logging_mixin.py:190} INFO - [2024-08-20T03:37:48.869+0000] {dag.py:4138} INFO - Setting next_dagrun for example_bash_operator to 2024-08-19 00:00:00+00:00, run_after=2024-08-20 00:00:00+00:00
[2024-08-20T03:37:48.892+0000] {processor.py:208} INFO - Processing /home/airflow/.local/lib/python3.12/site-packages/airflow/example_dags/example_bash_operator.py took 0.107 seconds
[2024-08-20T03:38:19.495+0000] {processor.py:186} INFO - Started process (PID=3698) to work on /home/airflow/.local/lib/python3.12/site-packages/airflow/example_dags/example_bash_operator.py
[2024-08-20T03:38:19.496+0000] {processor.py:914} INFO - Processing file /home/airflow/.local/lib/python3.12/site-packages/airflow/example_dags/example_bash_operator.py for tasks to queue
[2024-08-20T03:38:19.499+0000] {logging_mixin.py:190} INFO - [2024-08-20T03:38:19.499+0000] {dagbag.py:587} INFO - Filling up the DagBag from /home/airflow/.local/lib/python3.12/site-packages/airflow/example_dags/example_bash_operator.py
[2024-08-20T03:38:19.516+0000] {processor.py:925} INFO - DAG(s) 'example_bash_operator' retrieved from /home/airflow/.local/lib/python3.12/site-packages/airflow/example_dags/example_bash_operator.py
[2024-08-20T03:38:19.544+0000] {logging_mixin.py:190} INFO - [2024-08-20T03:38:19.544+0000] {dag.py:3211} INFO - Sync 1 DAGs
[2024-08-20T03:38:19.569+0000] {logging_mixin.py:190} INFO - [2024-08-20T03:38:19.569+0000] {dag.py:4138} INFO - Setting next_dagrun for example_bash_operator to 2024-08-19 00:00:00+00:00, run_after=2024-08-20 00:00:00+00:00
[2024-08-20T03:38:19.592+0000] {processor.py:208} INFO - Processing /home/airflow/.local/lib/python3.12/site-packages/airflow/example_dags/example_bash_operator.py took 0.103 seconds
[2024-08-20T03:38:49.826+0000] {processor.py:186} INFO - Started process (PID=3986) to work on /home/airflow/.local/lib/python3.12/site-packages/airflow/example_dags/example_bash_operator.py
[2024-08-20T03:38:49.827+0000] {processor.py:914} INFO - Processing file /home/airflow/.local/lib/python3.12/site-packages/airflow/example_dags/example_bash_operator.py for tasks to queue
[2024-08-20T03:38:49.830+0000] {logging_mixin.py:190} INFO - [2024-08-20T03:38:49.829+0000] {dagbag.py:587} INFO - Filling up the DagBag from /home/airflow/.local/lib/python3.12/site-packages/airflow/example_dags/example_bash_operator.py
[2024-08-20T03:38:49.843+0000] {processor.py:925} INFO - DAG(s) 'example_bash_operator' retrieved from /home/airflow/.local/lib/python3.12/site-packages/airflow/example_dags/example_bash_operator.py
[2024-08-20T03:38:49.871+0000] {logging_mixin.py:190} INFO - [2024-08-20T03:38:49.870+0000] {dag.py:3211} INFO - Sync 1 DAGs
[2024-08-20T03:38:49.896+0000] {logging_mixin.py:190} INFO - [2024-08-20T03:38:49.896+0000] {dag.py:4138} INFO - Setting next_dagrun for example_bash_operator to 2024-08-19 00:00:00+00:00, run_after=2024-08-20 00:00:00+00:00
[2024-08-20T03:38:49.954+0000] {processor.py:208} INFO - Processing /home/airflow/.local/lib/python3.12/site-packages/airflow/example_dags/example_bash_operator.py took 0.135 seconds
[2024-08-20T03:39:20.089+0000] {processor.py:186} INFO - Started process (PID=4270) to work on /home/airflow/.local/lib/python3.12/site-packages/airflow/example_dags/example_bash_operator.py
[2024-08-20T03:39:20.090+0000] {processor.py:914} INFO - Processing file /home/airflow/.local/lib/python3.12/site-packages/airflow/example_dags/example_bash_operator.py for tasks to queue
[2024-08-20T03:39:20.092+0000] {logging_mixin.py:190} INFO - [2024-08-20T03:39:20.092+0000] {dagbag.py:587} INFO - Filling up the DagBag from /home/airflow/.local/lib/python3.12/site-packages/airflow/example_dags/example_bash_operator.py
[2024-08-20T03:39:20.107+0000] {processor.py:925} INFO - DAG(s) 'example_bash_operator' retrieved from /home/airflow/.local/lib/python3.12/site-packages/airflow/example_dags/example_bash_operator.py
[2024-08-20T03:39:20.134+0000] {logging_mixin.py:190} INFO - [2024-08-20T03:39:20.134+0000] {dag.py:3211} INFO - Sync 1 DAGs
[2024-08-20T03:39:20.161+0000] {logging_mixin.py:190} INFO - [2024-08-20T03:39:20.160+0000] {dag.py:4138} INFO - Setting next_dagrun for example_bash_operator to 2024-08-19 00:00:00+00:00, run_after=2024-08-20 00:00:00+00:00
[2024-08-20T03:39:20.184+0000] {processor.py:208} INFO - Processing /home/airflow/.local/lib/python3.12/site-packages/airflow/example_dags/example_bash_operator.py took 0.102 seconds
[2024-08-20T03:39:50.485+0000] {processor.py:186} INFO - Started process (PID=4556) to work on /home/airflow/.local/lib/python3.12/site-packages/airflow/example_dags/example_bash_operator.py
[2024-08-20T03:39:50.486+0000] {processor.py:914} INFO - Processing file /home/airflow/.local/lib/python3.12/site-packages/airflow/example_dags/example_bash_operator.py for tasks to queue
[2024-08-20T03:39:50.489+0000] {logging_mixin.py:190} INFO - [2024-08-20T03:39:50.488+0000] {dagbag.py:587} INFO - Filling up the DagBag from /home/airflow/.local/lib/python3.12/site-packages/airflow/example_dags/example_bash_operator.py
[2024-08-20T03:39:50.504+0000] {processor.py:925} INFO - DAG(s) 'example_bash_operator' retrieved from /home/airflow/.local/lib/python3.12/site-packages/airflow/example_dags/example_bash_operator.py
[2024-08-20T03:39:50.533+0000] {logging_mixin.py:190} INFO - [2024-08-20T03:39:50.532+0000] {dag.py:3211} INFO - Sync 1 DAGs
[2024-08-20T03:39:50.558+0000] {logging_mixin.py:190} INFO - [2024-08-20T03:39:50.558+0000] {dag.py:4138} INFO - Setting next_dagrun for example_bash_operator to 2024-08-19 00:00:00+00:00, run_after=2024-08-20 00:00:00+00:00
[2024-08-20T03:39:50.581+0000] {processor.py:208} INFO - Processing /home/airflow/.local/lib/python3.12/site-packages/airflow/example_dags/example_bash_operator.py took 0.105 seconds
[2024-08-20T03:40:20.713+0000] {processor.py:186} INFO - Started process (PID=4842) to work on /home/airflow/.local/lib/python3.12/site-packages/airflow/example_dags/example_bash_operator.py
[2024-08-20T03:40:20.714+0000] {processor.py:914} INFO - Processing file /home/airflow/.local/lib/python3.12/site-packages/airflow/example_dags/example_bash_operator.py for tasks to queue
[2024-08-20T03:40:20.716+0000] {logging_mixin.py:190} INFO - [2024-08-20T03:40:20.716+0000] {dagbag.py:587} INFO - Filling up the DagBag from /home/airflow/.local/lib/python3.12/site-packages/airflow/example_dags/example_bash_operator.py
[2024-08-20T03:40:20.731+0000] {processor.py:925} INFO - DAG(s) 'example_bash_operator' retrieved from /home/airflow/.local/lib/python3.12/site-packages/airflow/example_dags/example_bash_operator.py
[2024-08-20T03:40:20.759+0000] {logging_mixin.py:190} INFO - [2024-08-20T03:40:20.758+0000] {dag.py:3211} INFO - Sync 1 DAGs
[2024-08-20T03:40:20.785+0000] {logging_mixin.py:190} INFO - [2024-08-20T03:40:20.785+0000] {dag.py:4138} INFO - Setting next_dagrun for example_bash_operator to 2024-08-19 00:00:00+00:00, run_after=2024-08-20 00:00:00+00:00
[2024-08-20T03:40:20.808+0000] {processor.py:208} INFO - Processing /home/airflow/.local/lib/python3.12/site-packages/airflow/example_dags/example_bash_operator.py took 0.103 seconds
[2024-08-20T03:40:51.108+0000] {processor.py:186} INFO - Started process (PID=5128) to work on /home/airflow/.local/lib/python3.12/site-packages/airflow/example_dags/example_bash_operator.py
[2024-08-20T03:40:51.109+0000] {processor.py:914} INFO - Processing file /home/airflow/.local/lib/python3.12/site-packages/airflow/example_dags/example_bash_operator.py for tasks to queue
[2024-08-20T03:40:51.111+0000] {logging_mixin.py:190} INFO - [2024-08-20T03:40:51.111+0000] {dagbag.py:587} INFO - Filling up the DagBag from /home/airflow/.local/lib/python3.12/site-packages/airflow/example_dags/example_bash_operator.py
[2024-08-20T03:40:51.126+0000] {processor.py:925} INFO - DAG(s) 'example_bash_operator' retrieved from /home/airflow/.local/lib/python3.12/site-packages/airflow/example_dags/example_bash_operator.py
[2024-08-20T03:40:51.154+0000] {logging_mixin.py:190} INFO - [2024-08-20T03:40:51.154+0000] {dag.py:3211} INFO - Sync 1 DAGs
[2024-08-20T03:40:51.179+0000] {logging_mixin.py:190} INFO - [2024-08-20T03:40:51.179+0000] {dag.py:4138} INFO - Setting next_dagrun for example_bash_operator to 2024-08-19 00:00:00+00:00, run_after=2024-08-20 00:00:00+00:00
[2024-08-20T03:40:51.203+0000] {processor.py:208} INFO - Processing /home/airflow/.local/lib/python3.12/site-packages/airflow/example_dags/example_bash_operator.py took 0.102 seconds
[2024-08-20T03:41:21.652+0000] {processor.py:186} INFO - Started process (PID=5414) to work on /home/airflow/.local/lib/python3.12/site-packages/airflow/example_dags/example_bash_operator.py
[2024-08-20T03:41:21.653+0000] {processor.py:914} INFO - Processing file /home/airflow/.local/lib/python3.12/site-packages/airflow/example_dags/example_bash_operator.py for tasks to queue
[2024-08-20T03:41:21.657+0000] {logging_mixin.py:190} INFO - [2024-08-20T03:41:21.656+0000] {dagbag.py:587} INFO - Filling up the DagBag from /home/airflow/.local/lib/python3.12/site-packages/airflow/example_dags/example_bash_operator.py
[2024-08-20T03:41:21.673+0000] {processor.py:925} INFO - DAG(s) 'example_bash_operator' retrieved from /home/airflow/.local/lib/python3.12/site-packages/airflow/example_dags/example_bash_operator.py
[2024-08-20T03:41:21.708+0000] {logging_mixin.py:190} INFO - [2024-08-20T03:41:21.707+0000] {dag.py:3211} INFO - Sync 1 DAGs
[2024-08-20T03:41:21.737+0000] {logging_mixin.py:190} INFO - [2024-08-20T03:41:21.736+0000] {dag.py:4138} INFO - Setting next_dagrun for example_bash_operator to 2024-08-19 00:00:00+00:00, run_after=2024-08-20 00:00:00+00:00
[2024-08-20T03:41:21.764+0000] {processor.py:208} INFO - Processing /home/airflow/.local/lib/python3.12/site-packages/airflow/example_dags/example_bash_operator.py took 0.118 seconds
[2024-08-20T03:41:52.015+0000] {processor.py:186} INFO - Started process (PID=5700) to work on /home/airflow/.local/lib/python3.12/site-packages/airflow/example_dags/example_bash_operator.py
[2024-08-20T03:41:52.016+0000] {processor.py:914} INFO - Processing file /home/airflow/.local/lib/python3.12/site-packages/airflow/example_dags/example_bash_operator.py for tasks to queue
[2024-08-20T03:41:52.019+0000] {logging_mixin.py:190} INFO - [2024-08-20T03:41:52.018+0000] {dagbag.py:587} INFO - Filling up the DagBag from /home/airflow/.local/lib/python3.12/site-packages/airflow/example_dags/example_bash_operator.py
[2024-08-20T03:41:52.033+0000] {processor.py:925} INFO - DAG(s) 'example_bash_operator' retrieved from /home/airflow/.local/lib/python3.12/site-packages/airflow/example_dags/example_bash_operator.py
[2024-08-20T03:41:52.061+0000] {logging_mixin.py:190} INFO - [2024-08-20T03:41:52.061+0000] {dag.py:3211} INFO - Sync 1 DAGs
[2024-08-20T03:41:52.086+0000] {logging_mixin.py:190} INFO - [2024-08-20T03:41:52.086+0000] {dag.py:4138} INFO - Setting next_dagrun for example_bash_operator to 2024-08-19 00:00:00+00:00, run_after=2024-08-20 00:00:00+00:00
[2024-08-20T03:41:52.108+0000] {processor.py:208} INFO - Processing /home/airflow/.local/lib/python3.12/site-packages/airflow/example_dags/example_bash_operator.py took 0.100 seconds
