[2024-08-20T03:32:11.221+0000] {processor.py:186} INFO - Started process (PID=201) to work on /home/airflow/.local/lib/python3.12/site-packages/airflow/example_dags/example_short_circuit_operator.py
[2024-08-20T03:32:11.222+0000] {processor.py:914} INFO - Processing file /home/airflow/.local/lib/python3.12/site-packages/airflow/example_dags/example_short_circuit_operator.py for tasks to queue
[2024-08-20T03:32:11.225+0000] {logging_mixin.py:190} INFO - [2024-08-20T03:32:11.225+0000] {dagbag.py:587} INFO - Filling up the DagBag from /home/airflow/.local/lib/python3.12/site-packages/airflow/example_dags/example_short_circuit_operator.py
[2024-08-20T03:32:11.237+0000] {processor.py:925} INFO - DAG(s) 'example_short_circuit_operator' retrieved from /home/airflow/.local/lib/python3.12/site-packages/airflow/example_dags/example_short_circuit_operator.py
[2024-08-20T03:32:11.370+0000] {logging_mixin.py:190} INFO - [2024-08-20T03:32:11.369+0000] {override.py:1858} INFO - Created Permission View: can read on DAG:example_short_circuit_operator
[2024-08-20T03:32:11.395+0000] {logging_mixin.py:190} INFO - [2024-08-20T03:32:11.395+0000] {override.py:1858} INFO - Created Permission View: can delete on DAG:example_short_circuit_operator
[2024-08-20T03:32:11.419+0000] {logging_mixin.py:190} INFO - [2024-08-20T03:32:11.419+0000] {override.py:1858} INFO - Created Permission View: can edit on DAG:example_short_circuit_operator
[2024-08-20T03:32:11.423+0000] {logging_mixin.py:190} INFO - [2024-08-20T03:32:11.422+0000] {dag.py:3211} INFO - Sync 1 DAGs
[2024-08-20T03:32:11.448+0000] {logging_mixin.py:190} INFO - [2024-08-20T03:32:11.447+0000] {dag.py:3234} INFO - Creating ORM DAG for example_short_circuit_operator
[2024-08-20T03:32:11.464+0000] {logging_mixin.py:190} INFO - [2024-08-20T03:32:11.464+0000] {dag.py:4138} INFO - Setting next_dagrun for example_short_circuit_operator to 2024-08-19 00:00:00+00:00, run_after=2024-08-20 00:00:00+00:00
[2024-08-20T03:32:11.493+0000] {processor.py:208} INFO - Processing /home/airflow/.local/lib/python3.12/site-packages/airflow/example_dags/example_short_circuit_operator.py took 0.278 seconds
[2024-08-20T03:32:42.115+0000] {processor.py:186} INFO - Started process (PID=494) to work on /home/airflow/.local/lib/python3.12/site-packages/airflow/example_dags/example_short_circuit_operator.py
[2024-08-20T03:32:42.116+0000] {processor.py:914} INFO - Processing file /home/airflow/.local/lib/python3.12/site-packages/airflow/example_dags/example_short_circuit_operator.py for tasks to queue
[2024-08-20T03:32:42.119+0000] {logging_mixin.py:190} INFO - [2024-08-20T03:32:42.119+0000] {dagbag.py:587} INFO - Filling up the DagBag from /home/airflow/.local/lib/python3.12/site-packages/airflow/example_dags/example_short_circuit_operator.py
[2024-08-20T03:32:42.130+0000] {processor.py:925} INFO - DAG(s) 'example_short_circuit_operator' retrieved from /home/airflow/.local/lib/python3.12/site-packages/airflow/example_dags/example_short_circuit_operator.py
[2024-08-20T03:32:42.156+0000] {logging_mixin.py:190} INFO - [2024-08-20T03:32:42.156+0000] {dag.py:3211} INFO - Sync 1 DAGs
[2024-08-20T03:32:42.183+0000] {logging_mixin.py:190} INFO - [2024-08-20T03:32:42.183+0000] {dag.py:4138} INFO - Setting next_dagrun for example_short_circuit_operator to 2024-08-19 00:00:00+00:00, run_after=2024-08-20 00:00:00+00:00
[2024-08-20T03:32:42.207+0000] {processor.py:208} INFO - Processing /home/airflow/.local/lib/python3.12/site-packages/airflow/example_dags/example_short_circuit_operator.py took 0.099 seconds
[2024-08-20T03:33:12.339+0000] {processor.py:186} INFO - Started process (PID=780) to work on /home/airflow/.local/lib/python3.12/site-packages/airflow/example_dags/example_short_circuit_operator.py
[2024-08-20T03:33:12.340+0000] {processor.py:914} INFO - Processing file /home/airflow/.local/lib/python3.12/site-packages/airflow/example_dags/example_short_circuit_operator.py for tasks to queue
[2024-08-20T03:33:12.343+0000] {logging_mixin.py:190} INFO - [2024-08-20T03:33:12.342+0000] {dagbag.py:587} INFO - Filling up the DagBag from /home/airflow/.local/lib/python3.12/site-packages/airflow/example_dags/example_short_circuit_operator.py
[2024-08-20T03:33:12.352+0000] {processor.py:925} INFO - DAG(s) 'example_short_circuit_operator' retrieved from /home/airflow/.local/lib/python3.12/site-packages/airflow/example_dags/example_short_circuit_operator.py
[2024-08-20T03:33:12.375+0000] {logging_mixin.py:190} INFO - [2024-08-20T03:33:12.375+0000] {dag.py:3211} INFO - Sync 1 DAGs
[2024-08-20T03:33:12.400+0000] {logging_mixin.py:190} INFO - [2024-08-20T03:33:12.399+0000] {dag.py:4138} INFO - Setting next_dagrun for example_short_circuit_operator to 2024-08-19 00:00:00+00:00, run_after=2024-08-20 00:00:00+00:00
[2024-08-20T03:33:12.428+0000] {processor.py:208} INFO - Processing /home/airflow/.local/lib/python3.12/site-packages/airflow/example_dags/example_short_circuit_operator.py took 0.096 seconds
[2024-08-20T03:33:43.084+0000] {processor.py:186} INFO - Started process (PID=1066) to work on /home/airflow/.local/lib/python3.12/site-packages/airflow/example_dags/example_short_circuit_operator.py
[2024-08-20T03:33:43.085+0000] {processor.py:914} INFO - Processing file /home/airflow/.local/lib/python3.12/site-packages/airflow/example_dags/example_short_circuit_operator.py for tasks to queue
[2024-08-20T03:33:43.088+0000] {logging_mixin.py:190} INFO - [2024-08-20T03:33:43.087+0000] {dagbag.py:587} INFO - Filling up the DagBag from /home/airflow/.local/lib/python3.12/site-packages/airflow/example_dags/example_short_circuit_operator.py
[2024-08-20T03:33:43.096+0000] {processor.py:925} INFO - DAG(s) 'example_short_circuit_operator' retrieved from /home/airflow/.local/lib/python3.12/site-packages/airflow/example_dags/example_short_circuit_operator.py
[2024-08-20T03:33:43.120+0000] {logging_mixin.py:190} INFO - [2024-08-20T03:33:43.120+0000] {dag.py:3211} INFO - Sync 1 DAGs
[2024-08-20T03:33:43.146+0000] {logging_mixin.py:190} INFO - [2024-08-20T03:33:43.146+0000] {dag.py:4138} INFO - Setting next_dagrun for example_short_circuit_operator to 2024-08-19 00:00:00+00:00, run_after=2024-08-20 00:00:00+00:00
[2024-08-20T03:33:43.169+0000] {processor.py:208} INFO - Processing /home/airflow/.local/lib/python3.12/site-packages/airflow/example_dags/example_short_circuit_operator.py took 0.092 seconds
[2024-08-20T03:34:13.406+0000] {processor.py:186} INFO - Started process (PID=1352) to work on /home/airflow/.local/lib/python3.12/site-packages/airflow/example_dags/example_short_circuit_operator.py
[2024-08-20T03:34:13.408+0000] {processor.py:914} INFO - Processing file /home/airflow/.local/lib/python3.12/site-packages/airflow/example_dags/example_short_circuit_operator.py for tasks to queue
[2024-08-20T03:34:13.411+0000] {logging_mixin.py:190} INFO - [2024-08-20T03:34:13.410+0000] {dagbag.py:587} INFO - Filling up the DagBag from /home/airflow/.local/lib/python3.12/site-packages/airflow/example_dags/example_short_circuit_operator.py
[2024-08-20T03:34:13.420+0000] {processor.py:925} INFO - DAG(s) 'example_short_circuit_operator' retrieved from /home/airflow/.local/lib/python3.12/site-packages/airflow/example_dags/example_short_circuit_operator.py
[2024-08-20T03:34:13.443+0000] {logging_mixin.py:190} INFO - [2024-08-20T03:34:13.443+0000] {dag.py:3211} INFO - Sync 1 DAGs
[2024-08-20T03:34:13.468+0000] {logging_mixin.py:190} INFO - [2024-08-20T03:34:13.468+0000] {dag.py:4138} INFO - Setting next_dagrun for example_short_circuit_operator to 2024-08-19 00:00:00+00:00, run_after=2024-08-20 00:00:00+00:00
[2024-08-20T03:34:13.491+0000] {processor.py:208} INFO - Processing /home/airflow/.local/lib/python3.12/site-packages/airflow/example_dags/example_short_circuit_operator.py took 0.092 seconds
[2024-08-20T03:34:44.005+0000] {processor.py:186} INFO - Started process (PID=1638) to work on /home/airflow/.local/lib/python3.12/site-packages/airflow/example_dags/example_short_circuit_operator.py
[2024-08-20T03:34:44.006+0000] {processor.py:914} INFO - Processing file /home/airflow/.local/lib/python3.12/site-packages/airflow/example_dags/example_short_circuit_operator.py for tasks to queue
[2024-08-20T03:34:44.010+0000] {logging_mixin.py:190} INFO - [2024-08-20T03:34:44.009+0000] {dagbag.py:587} INFO - Filling up the DagBag from /home/airflow/.local/lib/python3.12/site-packages/airflow/example_dags/example_short_circuit_operator.py
[2024-08-20T03:34:44.019+0000] {processor.py:925} INFO - DAG(s) 'example_short_circuit_operator' retrieved from /home/airflow/.local/lib/python3.12/site-packages/airflow/example_dags/example_short_circuit_operator.py
[2024-08-20T03:34:44.040+0000] {logging_mixin.py:190} INFO - [2024-08-20T03:34:44.040+0000] {dag.py:3211} INFO - Sync 1 DAGs
[2024-08-20T03:34:44.062+0000] {logging_mixin.py:190} INFO - [2024-08-20T03:34:44.062+0000] {dag.py:4138} INFO - Setting next_dagrun for example_short_circuit_operator to 2024-08-19 00:00:00+00:00, run_after=2024-08-20 00:00:00+00:00
[2024-08-20T03:34:44.083+0000] {processor.py:208} INFO - Processing /home/airflow/.local/lib/python3.12/site-packages/airflow/example_dags/example_short_circuit_operator.py took 0.084 seconds
[2024-08-20T03:35:14.869+0000] {processor.py:186} INFO - Started process (PID=1924) to work on /home/airflow/.local/lib/python3.12/site-packages/airflow/example_dags/example_short_circuit_operator.py
[2024-08-20T03:35:14.870+0000] {processor.py:914} INFO - Processing file /home/airflow/.local/lib/python3.12/site-packages/airflow/example_dags/example_short_circuit_operator.py for tasks to queue
[2024-08-20T03:35:14.873+0000] {logging_mixin.py:190} INFO - [2024-08-20T03:35:14.873+0000] {dagbag.py:587} INFO - Filling up the DagBag from /home/airflow/.local/lib/python3.12/site-packages/airflow/example_dags/example_short_circuit_operator.py
[2024-08-20T03:35:14.883+0000] {processor.py:925} INFO - DAG(s) 'example_short_circuit_operator' retrieved from /home/airflow/.local/lib/python3.12/site-packages/airflow/example_dags/example_short_circuit_operator.py
[2024-08-20T03:35:14.908+0000] {logging_mixin.py:190} INFO - [2024-08-20T03:35:14.908+0000] {dag.py:3211} INFO - Sync 1 DAGs
[2024-08-20T03:35:14.936+0000] {logging_mixin.py:190} INFO - [2024-08-20T03:35:14.936+0000] {dag.py:4138} INFO - Setting next_dagrun for example_short_circuit_operator to 2024-08-19 00:00:00+00:00, run_after=2024-08-20 00:00:00+00:00
[2024-08-20T03:35:14.963+0000] {processor.py:208} INFO - Processing /home/airflow/.local/lib/python3.12/site-packages/airflow/example_dags/example_short_circuit_operator.py took 0.101 seconds
[2024-08-20T03:35:45.275+0000] {processor.py:186} INFO - Started process (PID=2210) to work on /home/airflow/.local/lib/python3.12/site-packages/airflow/example_dags/example_short_circuit_operator.py
[2024-08-20T03:35:45.276+0000] {processor.py:914} INFO - Processing file /home/airflow/.local/lib/python3.12/site-packages/airflow/example_dags/example_short_circuit_operator.py for tasks to queue
[2024-08-20T03:35:45.279+0000] {logging_mixin.py:190} INFO - [2024-08-20T03:35:45.278+0000] {dagbag.py:587} INFO - Filling up the DagBag from /home/airflow/.local/lib/python3.12/site-packages/airflow/example_dags/example_short_circuit_operator.py
[2024-08-20T03:35:45.288+0000] {processor.py:925} INFO - DAG(s) 'example_short_circuit_operator' retrieved from /home/airflow/.local/lib/python3.12/site-packages/airflow/example_dags/example_short_circuit_operator.py
[2024-08-20T03:35:45.312+0000] {logging_mixin.py:190} INFO - [2024-08-20T03:35:45.311+0000] {dag.py:3211} INFO - Sync 1 DAGs
[2024-08-20T03:35:45.337+0000] {logging_mixin.py:190} INFO - [2024-08-20T03:35:45.336+0000] {dag.py:4138} INFO - Setting next_dagrun for example_short_circuit_operator to 2024-08-19 00:00:00+00:00, run_after=2024-08-20 00:00:00+00:00
[2024-08-20T03:35:45.359+0000] {processor.py:208} INFO - Processing /home/airflow/.local/lib/python3.12/site-packages/airflow/example_dags/example_short_circuit_operator.py took 0.091 seconds
[2024-08-20T03:36:15.788+0000] {processor.py:186} INFO - Started process (PID=2496) to work on /home/airflow/.local/lib/python3.12/site-packages/airflow/example_dags/example_short_circuit_operator.py
[2024-08-20T03:36:15.789+0000] {processor.py:914} INFO - Processing file /home/airflow/.local/lib/python3.12/site-packages/airflow/example_dags/example_short_circuit_operator.py for tasks to queue
[2024-08-20T03:36:15.792+0000] {logging_mixin.py:190} INFO - [2024-08-20T03:36:15.792+0000] {dagbag.py:587} INFO - Filling up the DagBag from /home/airflow/.local/lib/python3.12/site-packages/airflow/example_dags/example_short_circuit_operator.py
[2024-08-20T03:36:15.801+0000] {processor.py:925} INFO - DAG(s) 'example_short_circuit_operator' retrieved from /home/airflow/.local/lib/python3.12/site-packages/airflow/example_dags/example_short_circuit_operator.py
[2024-08-20T03:36:15.824+0000] {logging_mixin.py:190} INFO - [2024-08-20T03:36:15.824+0000] {dag.py:3211} INFO - Sync 1 DAGs
[2024-08-20T03:36:15.850+0000] {logging_mixin.py:190} INFO - [2024-08-20T03:36:15.850+0000] {dag.py:4138} INFO - Setting next_dagrun for example_short_circuit_operator to 2024-08-19 00:00:00+00:00, run_after=2024-08-20 00:00:00+00:00
[2024-08-20T03:36:15.874+0000] {processor.py:208} INFO - Processing /home/airflow/.local/lib/python3.12/site-packages/airflow/example_dags/example_short_circuit_operator.py took 0.094 seconds
[2024-08-20T03:36:46.268+0000] {processor.py:186} INFO - Started process (PID=2782) to work on /home/airflow/.local/lib/python3.12/site-packages/airflow/example_dags/example_short_circuit_operator.py
[2024-08-20T03:36:46.269+0000] {processor.py:914} INFO - Processing file /home/airflow/.local/lib/python3.12/site-packages/airflow/example_dags/example_short_circuit_operator.py for tasks to queue
[2024-08-20T03:36:46.272+0000] {logging_mixin.py:190} INFO - [2024-08-20T03:36:46.272+0000] {dagbag.py:587} INFO - Filling up the DagBag from /home/airflow/.local/lib/python3.12/site-packages/airflow/example_dags/example_short_circuit_operator.py
[2024-08-20T03:36:46.281+0000] {processor.py:925} INFO - DAG(s) 'example_short_circuit_operator' retrieved from /home/airflow/.local/lib/python3.12/site-packages/airflow/example_dags/example_short_circuit_operator.py
[2024-08-20T03:36:46.305+0000] {logging_mixin.py:190} INFO - [2024-08-20T03:36:46.305+0000] {dag.py:3211} INFO - Sync 1 DAGs
[2024-08-20T03:36:46.330+0000] {logging_mixin.py:190} INFO - [2024-08-20T03:36:46.330+0000] {dag.py:4138} INFO - Setting next_dagrun for example_short_circuit_operator to 2024-08-19 00:00:00+00:00, run_after=2024-08-20 00:00:00+00:00
[2024-08-20T03:36:46.353+0000] {processor.py:208} INFO - Processing /home/airflow/.local/lib/python3.12/site-packages/airflow/example_dags/example_short_circuit_operator.py took 0.092 seconds
[2024-08-20T03:37:16.592+0000] {processor.py:186} INFO - Started process (PID=3068) to work on /home/airflow/.local/lib/python3.12/site-packages/airflow/example_dags/example_short_circuit_operator.py
[2024-08-20T03:37:16.593+0000] {processor.py:914} INFO - Processing file /home/airflow/.local/lib/python3.12/site-packages/airflow/example_dags/example_short_circuit_operator.py for tasks to queue
[2024-08-20T03:37:16.596+0000] {logging_mixin.py:190} INFO - [2024-08-20T03:37:16.596+0000] {dagbag.py:587} INFO - Filling up the DagBag from /home/airflow/.local/lib/python3.12/site-packages/airflow/example_dags/example_short_circuit_operator.py
[2024-08-20T03:37:16.606+0000] {processor.py:925} INFO - DAG(s) 'example_short_circuit_operator' retrieved from /home/airflow/.local/lib/python3.12/site-packages/airflow/example_dags/example_short_circuit_operator.py
[2024-08-20T03:37:16.629+0000] {logging_mixin.py:190} INFO - [2024-08-20T03:37:16.629+0000] {dag.py:3211} INFO - Sync 1 DAGs
[2024-08-20T03:37:16.654+0000] {logging_mixin.py:190} INFO - [2024-08-20T03:37:16.653+0000] {dag.py:4138} INFO - Setting next_dagrun for example_short_circuit_operator to 2024-08-19 00:00:00+00:00, run_after=2024-08-20 00:00:00+00:00
[2024-08-20T03:37:16.677+0000] {processor.py:208} INFO - Processing /home/airflow/.local/lib/python3.12/site-packages/airflow/example_dags/example_short_circuit_operator.py took 0.091 seconds
[2024-08-20T03:37:46.874+0000] {processor.py:186} INFO - Started process (PID=3354) to work on /home/airflow/.local/lib/python3.12/site-packages/airflow/example_dags/example_short_circuit_operator.py
[2024-08-20T03:37:46.876+0000] {processor.py:914} INFO - Processing file /home/airflow/.local/lib/python3.12/site-packages/airflow/example_dags/example_short_circuit_operator.py for tasks to queue
[2024-08-20T03:37:46.878+0000] {logging_mixin.py:190} INFO - [2024-08-20T03:37:46.878+0000] {dagbag.py:587} INFO - Filling up the DagBag from /home/airflow/.local/lib/python3.12/site-packages/airflow/example_dags/example_short_circuit_operator.py
[2024-08-20T03:37:46.890+0000] {processor.py:925} INFO - DAG(s) 'example_short_circuit_operator' retrieved from /home/airflow/.local/lib/python3.12/site-packages/airflow/example_dags/example_short_circuit_operator.py
[2024-08-20T03:37:46.915+0000] {logging_mixin.py:190} INFO - [2024-08-20T03:37:46.915+0000] {dag.py:3211} INFO - Sync 1 DAGs
[2024-08-20T03:37:46.944+0000] {logging_mixin.py:190} INFO - [2024-08-20T03:37:46.944+0000] {dag.py:4138} INFO - Setting next_dagrun for example_short_circuit_operator to 2024-08-19 00:00:00+00:00, run_after=2024-08-20 00:00:00+00:00
[2024-08-20T03:37:46.967+0000] {processor.py:208} INFO - Processing /home/airflow/.local/lib/python3.12/site-packages/airflow/example_dags/example_short_circuit_operator.py took 0.100 seconds
[2024-08-20T03:38:17.616+0000] {processor.py:186} INFO - Started process (PID=3640) to work on /home/airflow/.local/lib/python3.12/site-packages/airflow/example_dags/example_short_circuit_operator.py
[2024-08-20T03:38:17.617+0000] {processor.py:914} INFO - Processing file /home/airflow/.local/lib/python3.12/site-packages/airflow/example_dags/example_short_circuit_operator.py for tasks to queue
[2024-08-20T03:38:17.621+0000] {logging_mixin.py:190} INFO - [2024-08-20T03:38:17.621+0000] {dagbag.py:587} INFO - Filling up the DagBag from /home/airflow/.local/lib/python3.12/site-packages/airflow/example_dags/example_short_circuit_operator.py
[2024-08-20T03:38:17.632+0000] {processor.py:925} INFO - DAG(s) 'example_short_circuit_operator' retrieved from /home/airflow/.local/lib/python3.12/site-packages/airflow/example_dags/example_short_circuit_operator.py
[2024-08-20T03:38:17.660+0000] {logging_mixin.py:190} INFO - [2024-08-20T03:38:17.660+0000] {dag.py:3211} INFO - Sync 1 DAGs
[2024-08-20T03:38:17.689+0000] {logging_mixin.py:190} INFO - [2024-08-20T03:38:17.689+0000] {dag.py:4138} INFO - Setting next_dagrun for example_short_circuit_operator to 2024-08-19 00:00:00+00:00, run_after=2024-08-20 00:00:00+00:00
[2024-08-20T03:38:17.712+0000] {processor.py:208} INFO - Processing /home/airflow/.local/lib/python3.12/site-packages/airflow/example_dags/example_short_circuit_operator.py took 0.103 seconds
[2024-08-20T03:38:47.807+0000] {processor.py:186} INFO - Started process (PID=3926) to work on /home/airflow/.local/lib/python3.12/site-packages/airflow/example_dags/example_short_circuit_operator.py
[2024-08-20T03:38:47.808+0000] {processor.py:914} INFO - Processing file /home/airflow/.local/lib/python3.12/site-packages/airflow/example_dags/example_short_circuit_operator.py for tasks to queue
[2024-08-20T03:38:47.811+0000] {logging_mixin.py:190} INFO - [2024-08-20T03:38:47.811+0000] {dagbag.py:587} INFO - Filling up the DagBag from /home/airflow/.local/lib/python3.12/site-packages/airflow/example_dags/example_short_circuit_operator.py
[2024-08-20T03:38:47.823+0000] {processor.py:925} INFO - DAG(s) 'example_short_circuit_operator' retrieved from /home/airflow/.local/lib/python3.12/site-packages/airflow/example_dags/example_short_circuit_operator.py
[2024-08-20T03:38:47.849+0000] {logging_mixin.py:190} INFO - [2024-08-20T03:38:47.849+0000] {dag.py:3211} INFO - Sync 1 DAGs
[2024-08-20T03:38:47.879+0000] {logging_mixin.py:190} INFO - [2024-08-20T03:38:47.878+0000] {dag.py:4138} INFO - Setting next_dagrun for example_short_circuit_operator to 2024-08-19 00:00:00+00:00, run_after=2024-08-20 00:00:00+00:00
[2024-08-20T03:38:47.914+0000] {processor.py:208} INFO - Processing /home/airflow/.local/lib/python3.12/site-packages/airflow/example_dags/example_short_circuit_operator.py took 0.116 seconds
[2024-08-20T03:39:18.214+0000] {processor.py:186} INFO - Started process (PID=4212) to work on /home/airflow/.local/lib/python3.12/site-packages/airflow/example_dags/example_short_circuit_operator.py
[2024-08-20T03:39:18.215+0000] {processor.py:914} INFO - Processing file /home/airflow/.local/lib/python3.12/site-packages/airflow/example_dags/example_short_circuit_operator.py for tasks to queue
[2024-08-20T03:39:18.218+0000] {logging_mixin.py:190} INFO - [2024-08-20T03:39:18.218+0000] {dagbag.py:587} INFO - Filling up the DagBag from /home/airflow/.local/lib/python3.12/site-packages/airflow/example_dags/example_short_circuit_operator.py
[2024-08-20T03:39:18.229+0000] {processor.py:925} INFO - DAG(s) 'example_short_circuit_operator' retrieved from /home/airflow/.local/lib/python3.12/site-packages/airflow/example_dags/example_short_circuit_operator.py
[2024-08-20T03:39:18.256+0000] {logging_mixin.py:190} INFO - [2024-08-20T03:39:18.256+0000] {dag.py:3211} INFO - Sync 1 DAGs
[2024-08-20T03:39:18.283+0000] {logging_mixin.py:190} INFO - [2024-08-20T03:39:18.283+0000] {dag.py:4138} INFO - Setting next_dagrun for example_short_circuit_operator to 2024-08-19 00:00:00+00:00, run_after=2024-08-20 00:00:00+00:00
[2024-08-20T03:39:18.311+0000] {processor.py:208} INFO - Processing /home/airflow/.local/lib/python3.12/site-packages/airflow/example_dags/example_short_circuit_operator.py took 0.104 seconds
[2024-08-20T03:39:48.590+0000] {processor.py:186} INFO - Started process (PID=4498) to work on /home/airflow/.local/lib/python3.12/site-packages/airflow/example_dags/example_short_circuit_operator.py
[2024-08-20T03:39:48.591+0000] {processor.py:914} INFO - Processing file /home/airflow/.local/lib/python3.12/site-packages/airflow/example_dags/example_short_circuit_operator.py for tasks to queue
[2024-08-20T03:39:48.594+0000] {logging_mixin.py:190} INFO - [2024-08-20T03:39:48.593+0000] {dagbag.py:587} INFO - Filling up the DagBag from /home/airflow/.local/lib/python3.12/site-packages/airflow/example_dags/example_short_circuit_operator.py
[2024-08-20T03:39:48.604+0000] {processor.py:925} INFO - DAG(s) 'example_short_circuit_operator' retrieved from /home/airflow/.local/lib/python3.12/site-packages/airflow/example_dags/example_short_circuit_operator.py
[2024-08-20T03:39:48.629+0000] {logging_mixin.py:190} INFO - [2024-08-20T03:39:48.628+0000] {dag.py:3211} INFO - Sync 1 DAGs
[2024-08-20T03:39:48.656+0000] {logging_mixin.py:190} INFO - [2024-08-20T03:39:48.656+0000] {dag.py:4138} INFO - Setting next_dagrun for example_short_circuit_operator to 2024-08-19 00:00:00+00:00, run_after=2024-08-20 00:00:00+00:00
[2024-08-20T03:39:48.680+0000] {processor.py:208} INFO - Processing /home/airflow/.local/lib/python3.12/site-packages/airflow/example_dags/example_short_circuit_operator.py took 0.098 seconds
[2024-08-20T03:40:18.781+0000] {processor.py:186} INFO - Started process (PID=4784) to work on /home/airflow/.local/lib/python3.12/site-packages/airflow/example_dags/example_short_circuit_operator.py
[2024-08-20T03:40:18.782+0000] {processor.py:914} INFO - Processing file /home/airflow/.local/lib/python3.12/site-packages/airflow/example_dags/example_short_circuit_operator.py for tasks to queue
[2024-08-20T03:40:18.785+0000] {logging_mixin.py:190} INFO - [2024-08-20T03:40:18.785+0000] {dagbag.py:587} INFO - Filling up the DagBag from /home/airflow/.local/lib/python3.12/site-packages/airflow/example_dags/example_short_circuit_operator.py
[2024-08-20T03:40:18.796+0000] {processor.py:925} INFO - DAG(s) 'example_short_circuit_operator' retrieved from /home/airflow/.local/lib/python3.12/site-packages/airflow/example_dags/example_short_circuit_operator.py
[2024-08-20T03:40:18.823+0000] {logging_mixin.py:190} INFO - [2024-08-20T03:40:18.823+0000] {dag.py:3211} INFO - Sync 1 DAGs
[2024-08-20T03:40:18.850+0000] {logging_mixin.py:190} INFO - [2024-08-20T03:40:18.850+0000] {dag.py:4138} INFO - Setting next_dagrun for example_short_circuit_operator to 2024-08-19 00:00:00+00:00, run_after=2024-08-20 00:00:00+00:00
[2024-08-20T03:40:18.877+0000] {processor.py:208} INFO - Processing /home/airflow/.local/lib/python3.12/site-packages/airflow/example_dags/example_short_circuit_operator.py took 0.102 seconds
[2024-08-20T03:40:49.193+0000] {processor.py:186} INFO - Started process (PID=5070) to work on /home/airflow/.local/lib/python3.12/site-packages/airflow/example_dags/example_short_circuit_operator.py
[2024-08-20T03:40:49.194+0000] {processor.py:914} INFO - Processing file /home/airflow/.local/lib/python3.12/site-packages/airflow/example_dags/example_short_circuit_operator.py for tasks to queue
[2024-08-20T03:40:49.197+0000] {logging_mixin.py:190} INFO - [2024-08-20T03:40:49.197+0000] {dagbag.py:587} INFO - Filling up the DagBag from /home/airflow/.local/lib/python3.12/site-packages/airflow/example_dags/example_short_circuit_operator.py
[2024-08-20T03:40:49.208+0000] {processor.py:925} INFO - DAG(s) 'example_short_circuit_operator' retrieved from /home/airflow/.local/lib/python3.12/site-packages/airflow/example_dags/example_short_circuit_operator.py
[2024-08-20T03:40:49.234+0000] {logging_mixin.py:190} INFO - [2024-08-20T03:40:49.233+0000] {dag.py:3211} INFO - Sync 1 DAGs
[2024-08-20T03:40:49.262+0000] {logging_mixin.py:190} INFO - [2024-08-20T03:40:49.262+0000] {dag.py:4138} INFO - Setting next_dagrun for example_short_circuit_operator to 2024-08-19 00:00:00+00:00, run_after=2024-08-20 00:00:00+00:00
[2024-08-20T03:40:49.284+0000] {processor.py:208} INFO - Processing /home/airflow/.local/lib/python3.12/site-packages/airflow/example_dags/example_short_circuit_operator.py took 0.099 seconds
[2024-08-20T03:41:19.748+0000] {processor.py:186} INFO - Started process (PID=5356) to work on /home/airflow/.local/lib/python3.12/site-packages/airflow/example_dags/example_short_circuit_operator.py
[2024-08-20T03:41:19.749+0000] {processor.py:914} INFO - Processing file /home/airflow/.local/lib/python3.12/site-packages/airflow/example_dags/example_short_circuit_operator.py for tasks to queue
[2024-08-20T03:41:19.752+0000] {logging_mixin.py:190} INFO - [2024-08-20T03:41:19.751+0000] {dagbag.py:587} INFO - Filling up the DagBag from /home/airflow/.local/lib/python3.12/site-packages/airflow/example_dags/example_short_circuit_operator.py
[2024-08-20T03:41:19.764+0000] {processor.py:925} INFO - DAG(s) 'example_short_circuit_operator' retrieved from /home/airflow/.local/lib/python3.12/site-packages/airflow/example_dags/example_short_circuit_operator.py
[2024-08-20T03:41:19.796+0000] {logging_mixin.py:190} INFO - [2024-08-20T03:41:19.796+0000] {dag.py:3211} INFO - Sync 1 DAGs
[2024-08-20T03:41:19.825+0000] {logging_mixin.py:190} INFO - [2024-08-20T03:41:19.825+0000] {dag.py:4138} INFO - Setting next_dagrun for example_short_circuit_operator to 2024-08-19 00:00:00+00:00, run_after=2024-08-20 00:00:00+00:00
[2024-08-20T03:41:19.850+0000] {processor.py:208} INFO - Processing /home/airflow/.local/lib/python3.12/site-packages/airflow/example_dags/example_short_circuit_operator.py took 0.111 seconds
[2024-08-20T03:41:49.913+0000] {processor.py:186} INFO - Started process (PID=5642) to work on /home/airflow/.local/lib/python3.12/site-packages/airflow/example_dags/example_short_circuit_operator.py
[2024-08-20T03:41:49.914+0000] {processor.py:914} INFO - Processing file /home/airflow/.local/lib/python3.12/site-packages/airflow/example_dags/example_short_circuit_operator.py for tasks to queue
[2024-08-20T03:41:49.917+0000] {logging_mixin.py:190} INFO - [2024-08-20T03:41:49.916+0000] {dagbag.py:587} INFO - Filling up the DagBag from /home/airflow/.local/lib/python3.12/site-packages/airflow/example_dags/example_short_circuit_operator.py
[2024-08-20T03:41:49.926+0000] {processor.py:925} INFO - DAG(s) 'example_short_circuit_operator' retrieved from /home/airflow/.local/lib/python3.12/site-packages/airflow/example_dags/example_short_circuit_operator.py
[2024-08-20T03:41:49.949+0000] {logging_mixin.py:190} INFO - [2024-08-20T03:41:49.949+0000] {dag.py:3211} INFO - Sync 1 DAGs
[2024-08-20T03:41:49.974+0000] {logging_mixin.py:190} INFO - [2024-08-20T03:41:49.973+0000] {dag.py:4138} INFO - Setting next_dagrun for example_short_circuit_operator to 2024-08-19 00:00:00+00:00, run_after=2024-08-20 00:00:00+00:00
[2024-08-20T03:41:49.996+0000] {processor.py:208} INFO - Processing /home/airflow/.local/lib/python3.12/site-packages/airflow/example_dags/example_short_circuit_operator.py took 0.090 seconds
