[2024-08-20T03:32:19.428+0000] {processor.py:186} INFO - Started process (PID=446) to work on /home/airflow/.local/lib/python3.12/site-packages/airflow/example_dags/example_short_circuit_decorator.py
[2024-08-20T03:32:19.429+0000] {processor.py:914} INFO - Processing file /home/airflow/.local/lib/python3.12/site-packages/airflow/example_dags/example_short_circuit_decorator.py for tasks to queue
[2024-08-20T03:32:19.432+0000] {logging_mixin.py:190} INFO - [2024-08-20T03:32:19.432+0000] {dagbag.py:587} INFO - Filling up the DagBag from /home/airflow/.local/lib/python3.12/site-packages/airflow/example_dags/example_short_circuit_decorator.py
[2024-08-20T03:32:19.445+0000] {processor.py:925} INFO - DAG(s) 'example_short_circuit_decorator' retrieved from /home/airflow/.local/lib/python3.12/site-packages/airflow/example_dags/example_short_circuit_decorator.py
[2024-08-20T03:32:19.572+0000] {logging_mixin.py:190} INFO - [2024-08-20T03:32:19.571+0000] {override.py:1858} INFO - Created Permission View: can read on DAG:example_short_circuit_decorator
[2024-08-20T03:32:19.589+0000] {logging_mixin.py:190} INFO - [2024-08-20T03:32:19.588+0000] {override.py:1858} INFO - Created Permission View: can delete on DAG:example_short_circuit_decorator
[2024-08-20T03:32:19.601+0000] {logging_mixin.py:190} INFO - [2024-08-20T03:32:19.600+0000] {override.py:1858} INFO - Created Permission View: can edit on DAG:example_short_circuit_decorator
[2024-08-20T03:32:19.601+0000] {logging_mixin.py:190} INFO - [2024-08-20T03:32:19.601+0000] {dag.py:3211} INFO - Sync 1 DAGs
[2024-08-20T03:32:19.619+0000] {logging_mixin.py:190} INFO - [2024-08-20T03:32:19.618+0000] {dag.py:3234} INFO - Creating ORM DAG for example_short_circuit_decorator
[2024-08-20T03:32:19.632+0000] {logging_mixin.py:190} INFO - [2024-08-20T03:32:19.631+0000] {dag.py:4138} INFO - Setting next_dagrun for example_short_circuit_decorator to 2024-08-19 00:00:00+00:00, run_after=2024-08-20 00:00:00+00:00
[2024-08-20T03:32:19.657+0000] {processor.py:208} INFO - Processing /home/airflow/.local/lib/python3.12/site-packages/airflow/example_dags/example_short_circuit_decorator.py took 0.235 seconds
[2024-08-20T03:32:49.701+0000] {processor.py:186} INFO - Started process (PID=737) to work on /home/airflow/.local/lib/python3.12/site-packages/airflow/example_dags/example_short_circuit_decorator.py
[2024-08-20T03:32:49.702+0000] {processor.py:914} INFO - Processing file /home/airflow/.local/lib/python3.12/site-packages/airflow/example_dags/example_short_circuit_decorator.py for tasks to queue
[2024-08-20T03:32:49.705+0000] {logging_mixin.py:190} INFO - [2024-08-20T03:32:49.704+0000] {dagbag.py:587} INFO - Filling up the DagBag from /home/airflow/.local/lib/python3.12/site-packages/airflow/example_dags/example_short_circuit_decorator.py
[2024-08-20T03:32:49.717+0000] {processor.py:925} INFO - DAG(s) 'example_short_circuit_decorator' retrieved from /home/airflow/.local/lib/python3.12/site-packages/airflow/example_dags/example_short_circuit_decorator.py
[2024-08-20T03:32:49.741+0000] {logging_mixin.py:190} INFO - [2024-08-20T03:32:49.741+0000] {dag.py:3211} INFO - Sync 1 DAGs
[2024-08-20T03:32:49.772+0000] {logging_mixin.py:190} INFO - [2024-08-20T03:32:49.772+0000] {dag.py:4138} INFO - Setting next_dagrun for example_short_circuit_decorator to 2024-08-19 00:00:00+00:00, run_after=2024-08-20 00:00:00+00:00
[2024-08-20T03:32:49.797+0000] {processor.py:208} INFO - Processing /home/airflow/.local/lib/python3.12/site-packages/airflow/example_dags/example_short_circuit_decorator.py took 0.103 seconds
[2024-08-20T03:33:20.374+0000] {processor.py:186} INFO - Started process (PID=1020) to work on /home/airflow/.local/lib/python3.12/site-packages/airflow/example_dags/example_short_circuit_decorator.py
[2024-08-20T03:33:20.375+0000] {processor.py:914} INFO - Processing file /home/airflow/.local/lib/python3.12/site-packages/airflow/example_dags/example_short_circuit_decorator.py for tasks to queue
[2024-08-20T03:33:20.378+0000] {logging_mixin.py:190} INFO - [2024-08-20T03:33:20.377+0000] {dagbag.py:587} INFO - Filling up the DagBag from /home/airflow/.local/lib/python3.12/site-packages/airflow/example_dags/example_short_circuit_decorator.py
[2024-08-20T03:33:20.390+0000] {processor.py:925} INFO - DAG(s) 'example_short_circuit_decorator' retrieved from /home/airflow/.local/lib/python3.12/site-packages/airflow/example_dags/example_short_circuit_decorator.py
[2024-08-20T03:33:20.414+0000] {logging_mixin.py:190} INFO - [2024-08-20T03:33:20.414+0000] {dag.py:3211} INFO - Sync 1 DAGs
[2024-08-20T03:33:20.440+0000] {logging_mixin.py:190} INFO - [2024-08-20T03:33:20.440+0000] {dag.py:4138} INFO - Setting next_dagrun for example_short_circuit_decorator to 2024-08-19 00:00:00+00:00, run_after=2024-08-20 00:00:00+00:00
[2024-08-20T03:33:20.464+0000] {processor.py:208} INFO - Processing /home/airflow/.local/lib/python3.12/site-packages/airflow/example_dags/example_short_circuit_decorator.py took 0.097 seconds
[2024-08-20T03:33:50.664+0000] {processor.py:186} INFO - Started process (PID=1304) to work on /home/airflow/.local/lib/python3.12/site-packages/airflow/example_dags/example_short_circuit_decorator.py
[2024-08-20T03:33:50.665+0000] {processor.py:914} INFO - Processing file /home/airflow/.local/lib/python3.12/site-packages/airflow/example_dags/example_short_circuit_decorator.py for tasks to queue
[2024-08-20T03:33:50.668+0000] {logging_mixin.py:190} INFO - [2024-08-20T03:33:50.667+0000] {dagbag.py:587} INFO - Filling up the DagBag from /home/airflow/.local/lib/python3.12/site-packages/airflow/example_dags/example_short_circuit_decorator.py
[2024-08-20T03:33:50.679+0000] {processor.py:925} INFO - DAG(s) 'example_short_circuit_decorator' retrieved from /home/airflow/.local/lib/python3.12/site-packages/airflow/example_dags/example_short_circuit_decorator.py
[2024-08-20T03:33:50.704+0000] {logging_mixin.py:190} INFO - [2024-08-20T03:33:50.704+0000] {dag.py:3211} INFO - Sync 1 DAGs
[2024-08-20T03:33:50.730+0000] {logging_mixin.py:190} INFO - [2024-08-20T03:33:50.730+0000] {dag.py:4138} INFO - Setting next_dagrun for example_short_circuit_decorator to 2024-08-19 00:00:00+00:00, run_after=2024-08-20 00:00:00+00:00
[2024-08-20T03:33:50.755+0000] {processor.py:208} INFO - Processing /home/airflow/.local/lib/python3.12/site-packages/airflow/example_dags/example_short_circuit_decorator.py took 0.098 seconds
[2024-08-20T03:34:21.286+0000] {processor.py:186} INFO - Started process (PID=1590) to work on /home/airflow/.local/lib/python3.12/site-packages/airflow/example_dags/example_short_circuit_decorator.py
[2024-08-20T03:34:21.288+0000] {processor.py:914} INFO - Processing file /home/airflow/.local/lib/python3.12/site-packages/airflow/example_dags/example_short_circuit_decorator.py for tasks to queue
[2024-08-20T03:34:21.291+0000] {logging_mixin.py:190} INFO - [2024-08-20T03:34:21.290+0000] {dagbag.py:587} INFO - Filling up the DagBag from /home/airflow/.local/lib/python3.12/site-packages/airflow/example_dags/example_short_circuit_decorator.py
[2024-08-20T03:34:21.303+0000] {processor.py:925} INFO - DAG(s) 'example_short_circuit_decorator' retrieved from /home/airflow/.local/lib/python3.12/site-packages/airflow/example_dags/example_short_circuit_decorator.py
[2024-08-20T03:34:21.333+0000] {logging_mixin.py:190} INFO - [2024-08-20T03:34:21.333+0000] {dag.py:3211} INFO - Sync 1 DAGs
[2024-08-20T03:34:21.362+0000] {logging_mixin.py:190} INFO - [2024-08-20T03:34:21.361+0000] {dag.py:4138} INFO - Setting next_dagrun for example_short_circuit_decorator to 2024-08-19 00:00:00+00:00, run_after=2024-08-20 00:00:00+00:00
[2024-08-20T03:34:21.388+0000] {processor.py:208} INFO - Processing /home/airflow/.local/lib/python3.12/site-packages/airflow/example_dags/example_short_circuit_decorator.py took 0.108 seconds
[2024-08-20T03:34:52.146+0000] {processor.py:186} INFO - Started process (PID=1878) to work on /home/airflow/.local/lib/python3.12/site-packages/airflow/example_dags/example_short_circuit_decorator.py
[2024-08-20T03:34:52.147+0000] {processor.py:914} INFO - Processing file /home/airflow/.local/lib/python3.12/site-packages/airflow/example_dags/example_short_circuit_decorator.py for tasks to queue
[2024-08-20T03:34:52.150+0000] {logging_mixin.py:190} INFO - [2024-08-20T03:34:52.150+0000] {dagbag.py:587} INFO - Filling up the DagBag from /home/airflow/.local/lib/python3.12/site-packages/airflow/example_dags/example_short_circuit_decorator.py
[2024-08-20T03:34:52.165+0000] {processor.py:925} INFO - DAG(s) 'example_short_circuit_decorator' retrieved from /home/airflow/.local/lib/python3.12/site-packages/airflow/example_dags/example_short_circuit_decorator.py
[2024-08-20T03:34:52.199+0000] {logging_mixin.py:190} INFO - [2024-08-20T03:34:52.199+0000] {dag.py:3211} INFO - Sync 1 DAGs
[2024-08-20T03:34:52.229+0000] {logging_mixin.py:190} INFO - [2024-08-20T03:34:52.229+0000] {dag.py:4138} INFO - Setting next_dagrun for example_short_circuit_decorator to 2024-08-19 00:00:00+00:00, run_after=2024-08-20 00:00:00+00:00
[2024-08-20T03:34:52.281+0000] {processor.py:208} INFO - Processing /home/airflow/.local/lib/python3.12/site-packages/airflow/example_dags/example_short_circuit_decorator.py took 0.142 seconds
[2024-08-20T03:35:22.392+0000] {processor.py:186} INFO - Started process (PID=2162) to work on /home/airflow/.local/lib/python3.12/site-packages/airflow/example_dags/example_short_circuit_decorator.py
[2024-08-20T03:35:22.393+0000] {processor.py:914} INFO - Processing file /home/airflow/.local/lib/python3.12/site-packages/airflow/example_dags/example_short_circuit_decorator.py for tasks to queue
[2024-08-20T03:35:22.395+0000] {logging_mixin.py:190} INFO - [2024-08-20T03:35:22.395+0000] {dagbag.py:587} INFO - Filling up the DagBag from /home/airflow/.local/lib/python3.12/site-packages/airflow/example_dags/example_short_circuit_decorator.py
[2024-08-20T03:35:22.406+0000] {processor.py:925} INFO - DAG(s) 'example_short_circuit_decorator' retrieved from /home/airflow/.local/lib/python3.12/site-packages/airflow/example_dags/example_short_circuit_decorator.py
[2024-08-20T03:35:22.432+0000] {logging_mixin.py:190} INFO - [2024-08-20T03:35:22.432+0000] {dag.py:3211} INFO - Sync 1 DAGs
[2024-08-20T03:35:22.458+0000] {logging_mixin.py:190} INFO - [2024-08-20T03:35:22.458+0000] {dag.py:4138} INFO - Setting next_dagrun for example_short_circuit_decorator to 2024-08-19 00:00:00+00:00, run_after=2024-08-20 00:00:00+00:00
[2024-08-20T03:35:22.484+0000] {processor.py:208} INFO - Processing /home/airflow/.local/lib/python3.12/site-packages/airflow/example_dags/example_short_circuit_decorator.py took 0.099 seconds
[2024-08-20T03:35:53.026+0000] {processor.py:186} INFO - Started process (PID=2448) to work on /home/airflow/.local/lib/python3.12/site-packages/airflow/example_dags/example_short_circuit_decorator.py
[2024-08-20T03:35:53.028+0000] {processor.py:914} INFO - Processing file /home/airflow/.local/lib/python3.12/site-packages/airflow/example_dags/example_short_circuit_decorator.py for tasks to queue
[2024-08-20T03:35:53.031+0000] {logging_mixin.py:190} INFO - [2024-08-20T03:35:53.030+0000] {dagbag.py:587} INFO - Filling up the DagBag from /home/airflow/.local/lib/python3.12/site-packages/airflow/example_dags/example_short_circuit_decorator.py
[2024-08-20T03:35:53.043+0000] {processor.py:925} INFO - DAG(s) 'example_short_circuit_decorator' retrieved from /home/airflow/.local/lib/python3.12/site-packages/airflow/example_dags/example_short_circuit_decorator.py
[2024-08-20T03:35:53.073+0000] {logging_mixin.py:190} INFO - [2024-08-20T03:35:53.072+0000] {dag.py:3211} INFO - Sync 1 DAGs
[2024-08-20T03:35:53.103+0000] {logging_mixin.py:190} INFO - [2024-08-20T03:35:53.102+0000] {dag.py:4138} INFO - Setting next_dagrun for example_short_circuit_decorator to 2024-08-19 00:00:00+00:00, run_after=2024-08-20 00:00:00+00:00
[2024-08-20T03:35:53.127+0000] {processor.py:208} INFO - Processing /home/airflow/.local/lib/python3.12/site-packages/airflow/example_dags/example_short_circuit_decorator.py took 0.110 seconds
[2024-08-20T03:36:23.585+0000] {processor.py:186} INFO - Started process (PID=2734) to work on /home/airflow/.local/lib/python3.12/site-packages/airflow/example_dags/example_short_circuit_decorator.py
[2024-08-20T03:36:23.589+0000] {processor.py:914} INFO - Processing file /home/airflow/.local/lib/python3.12/site-packages/airflow/example_dags/example_short_circuit_decorator.py for tasks to queue
[2024-08-20T03:36:23.592+0000] {logging_mixin.py:190} INFO - [2024-08-20T03:36:23.592+0000] {dagbag.py:587} INFO - Filling up the DagBag from /home/airflow/.local/lib/python3.12/site-packages/airflow/example_dags/example_short_circuit_decorator.py
[2024-08-20T03:36:23.606+0000] {processor.py:925} INFO - DAG(s) 'example_short_circuit_decorator' retrieved from /home/airflow/.local/lib/python3.12/site-packages/airflow/example_dags/example_short_circuit_decorator.py
[2024-08-20T03:36:23.638+0000] {logging_mixin.py:190} INFO - [2024-08-20T03:36:23.638+0000] {dag.py:3211} INFO - Sync 1 DAGs
[2024-08-20T03:36:23.667+0000] {logging_mixin.py:190} INFO - [2024-08-20T03:36:23.666+0000] {dag.py:4138} INFO - Setting next_dagrun for example_short_circuit_decorator to 2024-08-19 00:00:00+00:00, run_after=2024-08-20 00:00:00+00:00
[2024-08-20T03:36:23.690+0000] {processor.py:208} INFO - Processing /home/airflow/.local/lib/python3.12/site-packages/airflow/example_dags/example_short_circuit_decorator.py took 0.112 seconds
[2024-08-20T03:36:53.921+0000] {processor.py:186} INFO - Started process (PID=3022) to work on /home/airflow/.local/lib/python3.12/site-packages/airflow/example_dags/example_short_circuit_decorator.py
[2024-08-20T03:36:53.922+0000] {processor.py:914} INFO - Processing file /home/airflow/.local/lib/python3.12/site-packages/airflow/example_dags/example_short_circuit_decorator.py for tasks to queue
[2024-08-20T03:36:53.925+0000] {logging_mixin.py:190} INFO - [2024-08-20T03:36:53.925+0000] {dagbag.py:587} INFO - Filling up the DagBag from /home/airflow/.local/lib/python3.12/site-packages/airflow/example_dags/example_short_circuit_decorator.py
[2024-08-20T03:36:53.940+0000] {processor.py:925} INFO - DAG(s) 'example_short_circuit_decorator' retrieved from /home/airflow/.local/lib/python3.12/site-packages/airflow/example_dags/example_short_circuit_decorator.py
[2024-08-20T03:36:53.963+0000] {logging_mixin.py:190} INFO - [2024-08-20T03:36:53.963+0000] {dag.py:3211} INFO - Sync 1 DAGs
[2024-08-20T03:36:53.991+0000] {logging_mixin.py:190} INFO - [2024-08-20T03:36:53.991+0000] {dag.py:4138} INFO - Setting next_dagrun for example_short_circuit_decorator to 2024-08-19 00:00:00+00:00, run_after=2024-08-20 00:00:00+00:00
[2024-08-20T03:36:54.018+0000] {processor.py:208} INFO - Processing /home/airflow/.local/lib/python3.12/site-packages/airflow/example_dags/example_short_circuit_decorator.py took 0.103 seconds
[2024-08-20T03:37:24.224+0000] {processor.py:186} INFO - Started process (PID=3306) to work on /home/airflow/.local/lib/python3.12/site-packages/airflow/example_dags/example_short_circuit_decorator.py
[2024-08-20T03:37:24.225+0000] {processor.py:914} INFO - Processing file /home/airflow/.local/lib/python3.12/site-packages/airflow/example_dags/example_short_circuit_decorator.py for tasks to queue
[2024-08-20T03:37:24.227+0000] {logging_mixin.py:190} INFO - [2024-08-20T03:37:24.227+0000] {dagbag.py:587} INFO - Filling up the DagBag from /home/airflow/.local/lib/python3.12/site-packages/airflow/example_dags/example_short_circuit_decorator.py
[2024-08-20T03:37:24.240+0000] {processor.py:925} INFO - DAG(s) 'example_short_circuit_decorator' retrieved from /home/airflow/.local/lib/python3.12/site-packages/airflow/example_dags/example_short_circuit_decorator.py
[2024-08-20T03:37:24.266+0000] {logging_mixin.py:190} INFO - [2024-08-20T03:37:24.265+0000] {dag.py:3211} INFO - Sync 1 DAGs
[2024-08-20T03:37:24.294+0000] {logging_mixin.py:190} INFO - [2024-08-20T03:37:24.294+0000] {dag.py:4138} INFO - Setting next_dagrun for example_short_circuit_decorator to 2024-08-19 00:00:00+00:00, run_after=2024-08-20 00:00:00+00:00
[2024-08-20T03:37:24.322+0000] {processor.py:208} INFO - Processing /home/airflow/.local/lib/python3.12/site-packages/airflow/example_dags/example_short_circuit_decorator.py took 0.104 seconds
[2024-08-20T03:37:54.771+0000] {processor.py:186} INFO - Started process (PID=3592) to work on /home/airflow/.local/lib/python3.12/site-packages/airflow/example_dags/example_short_circuit_decorator.py
[2024-08-20T03:37:54.773+0000] {processor.py:914} INFO - Processing file /home/airflow/.local/lib/python3.12/site-packages/airflow/example_dags/example_short_circuit_decorator.py for tasks to queue
[2024-08-20T03:37:54.776+0000] {logging_mixin.py:190} INFO - [2024-08-20T03:37:54.775+0000] {dagbag.py:587} INFO - Filling up the DagBag from /home/airflow/.local/lib/python3.12/site-packages/airflow/example_dags/example_short_circuit_decorator.py
[2024-08-20T03:37:54.791+0000] {processor.py:925} INFO - DAG(s) 'example_short_circuit_decorator' retrieved from /home/airflow/.local/lib/python3.12/site-packages/airflow/example_dags/example_short_circuit_decorator.py
[2024-08-20T03:37:54.831+0000] {logging_mixin.py:190} INFO - [2024-08-20T03:37:54.831+0000] {dag.py:3211} INFO - Sync 1 DAGs
[2024-08-20T03:37:54.877+0000] {logging_mixin.py:190} INFO - [2024-08-20T03:37:54.876+0000] {dag.py:4138} INFO - Setting next_dagrun for example_short_circuit_decorator to 2024-08-19 00:00:00+00:00, run_after=2024-08-20 00:00:00+00:00
[2024-08-20T03:37:54.903+0000] {processor.py:208} INFO - Processing /home/airflow/.local/lib/python3.12/site-packages/airflow/example_dags/example_short_circuit_decorator.py took 0.139 seconds
[2024-08-20T03:38:25.077+0000] {processor.py:186} INFO - Started process (PID=3878) to work on /home/airflow/.local/lib/python3.12/site-packages/airflow/example_dags/example_short_circuit_decorator.py
[2024-08-20T03:38:25.078+0000] {processor.py:914} INFO - Processing file /home/airflow/.local/lib/python3.12/site-packages/airflow/example_dags/example_short_circuit_decorator.py for tasks to queue
[2024-08-20T03:38:25.081+0000] {logging_mixin.py:190} INFO - [2024-08-20T03:38:25.080+0000] {dagbag.py:587} INFO - Filling up the DagBag from /home/airflow/.local/lib/python3.12/site-packages/airflow/example_dags/example_short_circuit_decorator.py
[2024-08-20T03:38:25.094+0000] {processor.py:925} INFO - DAG(s) 'example_short_circuit_decorator' retrieved from /home/airflow/.local/lib/python3.12/site-packages/airflow/example_dags/example_short_circuit_decorator.py
[2024-08-20T03:38:25.117+0000] {logging_mixin.py:190} INFO - [2024-08-20T03:38:25.117+0000] {dag.py:3211} INFO - Sync 1 DAGs
[2024-08-20T03:38:25.148+0000] {logging_mixin.py:190} INFO - [2024-08-20T03:38:25.147+0000] {dag.py:4138} INFO - Setting next_dagrun for example_short_circuit_decorator to 2024-08-19 00:00:00+00:00, run_after=2024-08-20 00:00:00+00:00
[2024-08-20T03:38:25.188+0000] {processor.py:208} INFO - Processing /home/airflow/.local/lib/python3.12/site-packages/airflow/example_dags/example_short_circuit_decorator.py took 0.117 seconds
[2024-08-20T03:38:55.516+0000] {processor.py:186} INFO - Started process (PID=4164) to work on /home/airflow/.local/lib/python3.12/site-packages/airflow/example_dags/example_short_circuit_decorator.py
[2024-08-20T03:38:55.517+0000] {processor.py:914} INFO - Processing file /home/airflow/.local/lib/python3.12/site-packages/airflow/example_dags/example_short_circuit_decorator.py for tasks to queue
[2024-08-20T03:38:55.519+0000] {logging_mixin.py:190} INFO - [2024-08-20T03:38:55.519+0000] {dagbag.py:587} INFO - Filling up the DagBag from /home/airflow/.local/lib/python3.12/site-packages/airflow/example_dags/example_short_circuit_decorator.py
[2024-08-20T03:38:55.530+0000] {processor.py:925} INFO - DAG(s) 'example_short_circuit_decorator' retrieved from /home/airflow/.local/lib/python3.12/site-packages/airflow/example_dags/example_short_circuit_decorator.py
[2024-08-20T03:38:55.552+0000] {logging_mixin.py:190} INFO - [2024-08-20T03:38:55.552+0000] {dag.py:3211} INFO - Sync 1 DAGs
[2024-08-20T03:38:55.578+0000] {logging_mixin.py:190} INFO - [2024-08-20T03:38:55.578+0000] {dag.py:4138} INFO - Setting next_dagrun for example_short_circuit_decorator to 2024-08-19 00:00:00+00:00, run_after=2024-08-20 00:00:00+00:00
[2024-08-20T03:38:55.605+0000] {processor.py:208} INFO - Processing /home/airflow/.local/lib/python3.12/site-packages/airflow/example_dags/example_short_circuit_decorator.py took 0.095 seconds
[2024-08-20T03:39:25.859+0000] {processor.py:186} INFO - Started process (PID=4450) to work on /home/airflow/.local/lib/python3.12/site-packages/airflow/example_dags/example_short_circuit_decorator.py
[2024-08-20T03:39:25.859+0000] {processor.py:914} INFO - Processing file /home/airflow/.local/lib/python3.12/site-packages/airflow/example_dags/example_short_circuit_decorator.py for tasks to queue
[2024-08-20T03:39:25.862+0000] {logging_mixin.py:190} INFO - [2024-08-20T03:39:25.862+0000] {dagbag.py:587} INFO - Filling up the DagBag from /home/airflow/.local/lib/python3.12/site-packages/airflow/example_dags/example_short_circuit_decorator.py
[2024-08-20T03:39:25.874+0000] {processor.py:925} INFO - DAG(s) 'example_short_circuit_decorator' retrieved from /home/airflow/.local/lib/python3.12/site-packages/airflow/example_dags/example_short_circuit_decorator.py
[2024-08-20T03:39:25.897+0000] {logging_mixin.py:190} INFO - [2024-08-20T03:39:25.897+0000] {dag.py:3211} INFO - Sync 1 DAGs
[2024-08-20T03:39:25.926+0000] {logging_mixin.py:190} INFO - [2024-08-20T03:39:25.926+0000] {dag.py:4138} INFO - Setting next_dagrun for example_short_circuit_decorator to 2024-08-19 00:00:00+00:00, run_after=2024-08-20 00:00:00+00:00
[2024-08-20T03:39:25.950+0000] {processor.py:208} INFO - Processing /home/airflow/.local/lib/python3.12/site-packages/airflow/example_dags/example_short_circuit_decorator.py took 0.098 seconds
[2024-08-20T03:39:56.108+0000] {processor.py:186} INFO - Started process (PID=4736) to work on /home/airflow/.local/lib/python3.12/site-packages/airflow/example_dags/example_short_circuit_decorator.py
[2024-08-20T03:39:56.109+0000] {processor.py:914} INFO - Processing file /home/airflow/.local/lib/python3.12/site-packages/airflow/example_dags/example_short_circuit_decorator.py for tasks to queue
[2024-08-20T03:39:56.112+0000] {logging_mixin.py:190} INFO - [2024-08-20T03:39:56.112+0000] {dagbag.py:587} INFO - Filling up the DagBag from /home/airflow/.local/lib/python3.12/site-packages/airflow/example_dags/example_short_circuit_decorator.py
[2024-08-20T03:39:56.123+0000] {processor.py:925} INFO - DAG(s) 'example_short_circuit_decorator' retrieved from /home/airflow/.local/lib/python3.12/site-packages/airflow/example_dags/example_short_circuit_decorator.py
[2024-08-20T03:39:56.147+0000] {logging_mixin.py:190} INFO - [2024-08-20T03:39:56.147+0000] {dag.py:3211} INFO - Sync 1 DAGs
[2024-08-20T03:39:56.176+0000] {logging_mixin.py:190} INFO - [2024-08-20T03:39:56.176+0000] {dag.py:4138} INFO - Setting next_dagrun for example_short_circuit_decorator to 2024-08-19 00:00:00+00:00, run_after=2024-08-20 00:00:00+00:00
[2024-08-20T03:39:56.199+0000] {processor.py:208} INFO - Processing /home/airflow/.local/lib/python3.12/site-packages/airflow/example_dags/example_short_circuit_decorator.py took 0.097 seconds
[2024-08-20T03:40:26.523+0000] {processor.py:186} INFO - Started process (PID=5022) to work on /home/airflow/.local/lib/python3.12/site-packages/airflow/example_dags/example_short_circuit_decorator.py
[2024-08-20T03:40:26.524+0000] {processor.py:914} INFO - Processing file /home/airflow/.local/lib/python3.12/site-packages/airflow/example_dags/example_short_circuit_decorator.py for tasks to queue
[2024-08-20T03:40:26.527+0000] {logging_mixin.py:190} INFO - [2024-08-20T03:40:26.527+0000] {dagbag.py:587} INFO - Filling up the DagBag from /home/airflow/.local/lib/python3.12/site-packages/airflow/example_dags/example_short_circuit_decorator.py
[2024-08-20T03:40:26.539+0000] {processor.py:925} INFO - DAG(s) 'example_short_circuit_decorator' retrieved from /home/airflow/.local/lib/python3.12/site-packages/airflow/example_dags/example_short_circuit_decorator.py
[2024-08-20T03:40:26.563+0000] {logging_mixin.py:190} INFO - [2024-08-20T03:40:26.562+0000] {dag.py:3211} INFO - Sync 1 DAGs
[2024-08-20T03:40:26.594+0000] {logging_mixin.py:190} INFO - [2024-08-20T03:40:26.594+0000] {dag.py:4138} INFO - Setting next_dagrun for example_short_circuit_decorator to 2024-08-19 00:00:00+00:00, run_after=2024-08-20 00:00:00+00:00
[2024-08-20T03:40:26.621+0000] {processor.py:208} INFO - Processing /home/airflow/.local/lib/python3.12/site-packages/airflow/example_dags/example_short_circuit_decorator.py took 0.104 seconds
[2024-08-20T03:40:56.999+0000] {processor.py:186} INFO - Started process (PID=5310) to work on /home/airflow/.local/lib/python3.12/site-packages/airflow/example_dags/example_short_circuit_decorator.py
[2024-08-20T03:40:57.000+0000] {processor.py:914} INFO - Processing file /home/airflow/.local/lib/python3.12/site-packages/airflow/example_dags/example_short_circuit_decorator.py for tasks to queue
[2024-08-20T03:40:57.003+0000] {logging_mixin.py:190} INFO - [2024-08-20T03:40:57.002+0000] {dagbag.py:587} INFO - Filling up the DagBag from /home/airflow/.local/lib/python3.12/site-packages/airflow/example_dags/example_short_circuit_decorator.py
[2024-08-20T03:40:57.018+0000] {processor.py:925} INFO - DAG(s) 'example_short_circuit_decorator' retrieved from /home/airflow/.local/lib/python3.12/site-packages/airflow/example_dags/example_short_circuit_decorator.py
[2024-08-20T03:40:57.046+0000] {logging_mixin.py:190} INFO - [2024-08-20T03:40:57.045+0000] {dag.py:3211} INFO - Sync 1 DAGs
[2024-08-20T03:40:57.082+0000] {logging_mixin.py:190} INFO - [2024-08-20T03:40:57.081+0000] {dag.py:4138} INFO - Setting next_dagrun for example_short_circuit_decorator to 2024-08-19 00:00:00+00:00, run_after=2024-08-20 00:00:00+00:00
[2024-08-20T03:40:57.110+0000] {processor.py:208} INFO - Processing /home/airflow/.local/lib/python3.12/site-packages/airflow/example_dags/example_short_circuit_decorator.py took 0.118 seconds
[2024-08-20T03:41:27.291+0000] {processor.py:186} INFO - Started process (PID=5596) to work on /home/airflow/.local/lib/python3.12/site-packages/airflow/example_dags/example_short_circuit_decorator.py
[2024-08-20T03:41:27.292+0000] {processor.py:914} INFO - Processing file /home/airflow/.local/lib/python3.12/site-packages/airflow/example_dags/example_short_circuit_decorator.py for tasks to queue
[2024-08-20T03:41:27.295+0000] {logging_mixin.py:190} INFO - [2024-08-20T03:41:27.295+0000] {dagbag.py:587} INFO - Filling up the DagBag from /home/airflow/.local/lib/python3.12/site-packages/airflow/example_dags/example_short_circuit_decorator.py
[2024-08-20T03:41:27.308+0000] {processor.py:925} INFO - DAG(s) 'example_short_circuit_decorator' retrieved from /home/airflow/.local/lib/python3.12/site-packages/airflow/example_dags/example_short_circuit_decorator.py
[2024-08-20T03:41:27.337+0000] {logging_mixin.py:190} INFO - [2024-08-20T03:41:27.336+0000] {dag.py:3211} INFO - Sync 1 DAGs
[2024-08-20T03:41:27.367+0000] {logging_mixin.py:190} INFO - [2024-08-20T03:41:27.367+0000] {dag.py:4138} INFO - Setting next_dagrun for example_short_circuit_decorator to 2024-08-19 00:00:00+00:00, run_after=2024-08-20 00:00:00+00:00
[2024-08-20T03:41:27.395+0000] {processor.py:208} INFO - Processing /home/airflow/.local/lib/python3.12/site-packages/airflow/example_dags/example_short_circuit_decorator.py took 0.111 seconds
[2024-08-20T03:41:57.795+0000] {processor.py:186} INFO - Started process (PID=5880) to work on /home/airflow/.local/lib/python3.12/site-packages/airflow/example_dags/example_short_circuit_decorator.py
[2024-08-20T03:41:57.796+0000] {processor.py:914} INFO - Processing file /home/airflow/.local/lib/python3.12/site-packages/airflow/example_dags/example_short_circuit_decorator.py for tasks to queue
[2024-08-20T03:41:57.799+0000] {logging_mixin.py:190} INFO - [2024-08-20T03:41:57.799+0000] {dagbag.py:587} INFO - Filling up the DagBag from /home/airflow/.local/lib/python3.12/site-packages/airflow/example_dags/example_short_circuit_decorator.py
[2024-08-20T03:41:57.815+0000] {processor.py:925} INFO - DAG(s) 'example_short_circuit_decorator' retrieved from /home/airflow/.local/lib/python3.12/site-packages/airflow/example_dags/example_short_circuit_decorator.py
[2024-08-20T03:41:57.838+0000] {logging_mixin.py:190} INFO - [2024-08-20T03:41:57.838+0000] {dag.py:3211} INFO - Sync 1 DAGs
[2024-08-20T03:41:57.868+0000] {logging_mixin.py:190} INFO - [2024-08-20T03:41:57.867+0000] {dag.py:4138} INFO - Setting next_dagrun for example_short_circuit_decorator to 2024-08-19 00:00:00+00:00, run_after=2024-08-20 00:00:00+00:00
[2024-08-20T03:41:57.892+0000] {processor.py:208} INFO - Processing /home/airflow/.local/lib/python3.12/site-packages/airflow/example_dags/example_short_circuit_decorator.py took 0.104 seconds
