[2024-08-20T03:32:18.099+0000] {processor.py:186} INFO - Started process (PID=401) to work on /home/airflow/.local/lib/python3.12/site-packages/airflow/example_dags/example_latest_only.py
[2024-08-20T03:32:18.100+0000] {processor.py:914} INFO - Processing file /home/airflow/.local/lib/python3.12/site-packages/airflow/example_dags/example_latest_only.py for tasks to queue
[2024-08-20T03:32:18.103+0000] {logging_mixin.py:190} INFO - [2024-08-20T03:32:18.102+0000] {dagbag.py:587} INFO - Filling up the DagBag from /home/airflow/.local/lib/python3.12/site-packages/airflow/example_dags/example_latest_only.py
[2024-08-20T03:32:18.113+0000] {processor.py:925} INFO - DAG(s) 'latest_only' retrieved from /home/airflow/.local/lib/python3.12/site-packages/airflow/example_dags/example_latest_only.py
[2024-08-20T03:32:18.254+0000] {logging_mixin.py:190} INFO - [2024-08-20T03:32:18.253+0000] {override.py:1858} INFO - Created Permission View: can read on DAG:latest_only
[2024-08-20T03:32:18.269+0000] {logging_mixin.py:190} INFO - [2024-08-20T03:32:18.268+0000] {override.py:1858} INFO - Created Permission View: can delete on DAG:latest_only
[2024-08-20T03:32:18.281+0000] {logging_mixin.py:190} INFO - [2024-08-20T03:32:18.280+0000] {override.py:1858} INFO - Created Permission View: can edit on DAG:latest_only
[2024-08-20T03:32:18.282+0000] {logging_mixin.py:190} INFO - [2024-08-20T03:32:18.281+0000] {dag.py:3211} INFO - Sync 1 DAGs
[2024-08-20T03:32:18.302+0000] {logging_mixin.py:190} INFO - [2024-08-20T03:32:18.302+0000] {dag.py:3234} INFO - Creating ORM DAG for latest_only
[2024-08-20T03:32:18.319+0000] {logging_mixin.py:190} INFO - [2024-08-20T03:32:18.319+0000] {dag.py:4138} INFO - Setting next_dagrun for latest_only to 2024-08-19 20:00:00+00:00, run_after=2024-08-20 00:00:00+00:00
[2024-08-20T03:32:18.353+0000] {processor.py:208} INFO - Processing /home/airflow/.local/lib/python3.12/site-packages/airflow/example_dags/example_latest_only.py took 0.262 seconds
[2024-08-20T03:32:48.796+0000] {processor.py:186} INFO - Started process (PID=687) to work on /home/airflow/.local/lib/python3.12/site-packages/airflow/example_dags/example_latest_only.py
[2024-08-20T03:32:48.798+0000] {processor.py:914} INFO - Processing file /home/airflow/.local/lib/python3.12/site-packages/airflow/example_dags/example_latest_only.py for tasks to queue
[2024-08-20T03:32:48.801+0000] {logging_mixin.py:190} INFO - [2024-08-20T03:32:48.801+0000] {dagbag.py:587} INFO - Filling up the DagBag from /home/airflow/.local/lib/python3.12/site-packages/airflow/example_dags/example_latest_only.py
[2024-08-20T03:32:48.810+0000] {processor.py:925} INFO - DAG(s) 'latest_only' retrieved from /home/airflow/.local/lib/python3.12/site-packages/airflow/example_dags/example_latest_only.py
[2024-08-20T03:32:48.832+0000] {logging_mixin.py:190} INFO - [2024-08-20T03:32:48.832+0000] {dag.py:3211} INFO - Sync 1 DAGs
[2024-08-20T03:32:48.860+0000] {logging_mixin.py:190} INFO - [2024-08-20T03:32:48.860+0000] {dag.py:4138} INFO - Setting next_dagrun for latest_only to 2024-08-19 20:00:00+00:00, run_after=2024-08-20 00:00:00+00:00
[2024-08-20T03:32:48.890+0000] {processor.py:208} INFO - Processing /home/airflow/.local/lib/python3.12/site-packages/airflow/example_dags/example_latest_only.py took 0.103 seconds
[2024-08-20T03:33:19.651+0000] {processor.py:186} INFO - Started process (PID=973) to work on /home/airflow/.local/lib/python3.12/site-packages/airflow/example_dags/example_latest_only.py
[2024-08-20T03:33:19.652+0000] {processor.py:914} INFO - Processing file /home/airflow/.local/lib/python3.12/site-packages/airflow/example_dags/example_latest_only.py for tasks to queue
[2024-08-20T03:33:19.655+0000] {logging_mixin.py:190} INFO - [2024-08-20T03:33:19.655+0000] {dagbag.py:587} INFO - Filling up the DagBag from /home/airflow/.local/lib/python3.12/site-packages/airflow/example_dags/example_latest_only.py
[2024-08-20T03:33:19.663+0000] {processor.py:925} INFO - DAG(s) 'latest_only' retrieved from /home/airflow/.local/lib/python3.12/site-packages/airflow/example_dags/example_latest_only.py
[2024-08-20T03:33:19.686+0000] {logging_mixin.py:190} INFO - [2024-08-20T03:33:19.686+0000] {dag.py:3211} INFO - Sync 1 DAGs
[2024-08-20T03:33:19.714+0000] {logging_mixin.py:190} INFO - [2024-08-20T03:33:19.714+0000] {dag.py:4138} INFO - Setting next_dagrun for latest_only to 2024-08-19 20:00:00+00:00, run_after=2024-08-20 00:00:00+00:00
[2024-08-20T03:33:19.739+0000] {processor.py:208} INFO - Processing /home/airflow/.local/lib/python3.12/site-packages/airflow/example_dags/example_latest_only.py took 0.097 seconds
[2024-08-20T03:33:50.026+0000] {processor.py:186} INFO - Started process (PID=1259) to work on /home/airflow/.local/lib/python3.12/site-packages/airflow/example_dags/example_latest_only.py
[2024-08-20T03:33:50.027+0000] {processor.py:914} INFO - Processing file /home/airflow/.local/lib/python3.12/site-packages/airflow/example_dags/example_latest_only.py for tasks to queue
[2024-08-20T03:33:50.030+0000] {logging_mixin.py:190} INFO - [2024-08-20T03:33:50.030+0000] {dagbag.py:587} INFO - Filling up the DagBag from /home/airflow/.local/lib/python3.12/site-packages/airflow/example_dags/example_latest_only.py
[2024-08-20T03:33:50.039+0000] {processor.py:925} INFO - DAG(s) 'latest_only' retrieved from /home/airflow/.local/lib/python3.12/site-packages/airflow/example_dags/example_latest_only.py
[2024-08-20T03:33:50.061+0000] {logging_mixin.py:190} INFO - [2024-08-20T03:33:50.060+0000] {dag.py:3211} INFO - Sync 1 DAGs
[2024-08-20T03:33:50.089+0000] {logging_mixin.py:190} INFO - [2024-08-20T03:33:50.089+0000] {dag.py:4138} INFO - Setting next_dagrun for latest_only to 2024-08-19 20:00:00+00:00, run_after=2024-08-20 00:00:00+00:00
[2024-08-20T03:33:50.114+0000] {processor.py:208} INFO - Processing /home/airflow/.local/lib/python3.12/site-packages/airflow/example_dags/example_latest_only.py took 0.095 seconds
[2024-08-20T03:34:20.627+0000] {processor.py:186} INFO - Started process (PID=1545) to work on /home/airflow/.local/lib/python3.12/site-packages/airflow/example_dags/example_latest_only.py
[2024-08-20T03:34:20.628+0000] {processor.py:914} INFO - Processing file /home/airflow/.local/lib/python3.12/site-packages/airflow/example_dags/example_latest_only.py for tasks to queue
[2024-08-20T03:34:20.632+0000] {logging_mixin.py:190} INFO - [2024-08-20T03:34:20.631+0000] {dagbag.py:587} INFO - Filling up the DagBag from /home/airflow/.local/lib/python3.12/site-packages/airflow/example_dags/example_latest_only.py
[2024-08-20T03:34:20.641+0000] {processor.py:925} INFO - DAG(s) 'latest_only' retrieved from /home/airflow/.local/lib/python3.12/site-packages/airflow/example_dags/example_latest_only.py
[2024-08-20T03:34:20.664+0000] {logging_mixin.py:190} INFO - [2024-08-20T03:34:20.663+0000] {dag.py:3211} INFO - Sync 1 DAGs
[2024-08-20T03:34:20.689+0000] {logging_mixin.py:190} INFO - [2024-08-20T03:34:20.688+0000] {dag.py:4138} INFO - Setting next_dagrun for latest_only to 2024-08-19 20:00:00+00:00, run_after=2024-08-20 00:00:00+00:00
[2024-08-20T03:34:20.718+0000] {processor.py:208} INFO - Processing /home/airflow/.local/lib/python3.12/site-packages/airflow/example_dags/example_latest_only.py took 0.100 seconds
[2024-08-20T03:34:51.264+0000] {processor.py:186} INFO - Started process (PID=1833) to work on /home/airflow/.local/lib/python3.12/site-packages/airflow/example_dags/example_latest_only.py
[2024-08-20T03:34:51.265+0000] {processor.py:914} INFO - Processing file /home/airflow/.local/lib/python3.12/site-packages/airflow/example_dags/example_latest_only.py for tasks to queue
[2024-08-20T03:34:51.268+0000] {logging_mixin.py:190} INFO - [2024-08-20T03:34:51.268+0000] {dagbag.py:587} INFO - Filling up the DagBag from /home/airflow/.local/lib/python3.12/site-packages/airflow/example_dags/example_latest_only.py
[2024-08-20T03:34:51.276+0000] {processor.py:925} INFO - DAG(s) 'latest_only' retrieved from /home/airflow/.local/lib/python3.12/site-packages/airflow/example_dags/example_latest_only.py
[2024-08-20T03:34:51.305+0000] {logging_mixin.py:190} INFO - [2024-08-20T03:34:51.305+0000] {dag.py:3211} INFO - Sync 1 DAGs
[2024-08-20T03:34:51.332+0000] {logging_mixin.py:190} INFO - [2024-08-20T03:34:51.332+0000] {dag.py:4138} INFO - Setting next_dagrun for latest_only to 2024-08-19 20:00:00+00:00, run_after=2024-08-20 00:00:00+00:00
[2024-08-20T03:34:51.360+0000] {processor.py:208} INFO - Processing /home/airflow/.local/lib/python3.12/site-packages/airflow/example_dags/example_latest_only.py took 0.103 seconds
[2024-08-20T03:35:21.724+0000] {processor.py:186} INFO - Started process (PID=2117) to work on /home/airflow/.local/lib/python3.12/site-packages/airflow/example_dags/example_latest_only.py
[2024-08-20T03:35:21.725+0000] {processor.py:914} INFO - Processing file /home/airflow/.local/lib/python3.12/site-packages/airflow/example_dags/example_latest_only.py for tasks to queue
[2024-08-20T03:35:21.728+0000] {logging_mixin.py:190} INFO - [2024-08-20T03:35:21.727+0000] {dagbag.py:587} INFO - Filling up the DagBag from /home/airflow/.local/lib/python3.12/site-packages/airflow/example_dags/example_latest_only.py
[2024-08-20T03:35:21.735+0000] {processor.py:925} INFO - DAG(s) 'latest_only' retrieved from /home/airflow/.local/lib/python3.12/site-packages/airflow/example_dags/example_latest_only.py
[2024-08-20T03:35:21.766+0000] {logging_mixin.py:190} INFO - [2024-08-20T03:35:21.766+0000] {dag.py:3211} INFO - Sync 1 DAGs
[2024-08-20T03:35:21.792+0000] {logging_mixin.py:190} INFO - [2024-08-20T03:35:21.791+0000] {dag.py:4138} INFO - Setting next_dagrun for latest_only to 2024-08-19 20:00:00+00:00, run_after=2024-08-20 00:00:00+00:00
[2024-08-20T03:35:21.815+0000] {processor.py:208} INFO - Processing /home/airflow/.local/lib/python3.12/site-packages/airflow/example_dags/example_latest_only.py took 0.097 seconds
[2024-08-20T03:35:52.326+0000] {processor.py:186} INFO - Started process (PID=2403) to work on /home/airflow/.local/lib/python3.12/site-packages/airflow/example_dags/example_latest_only.py
[2024-08-20T03:35:52.327+0000] {processor.py:914} INFO - Processing file /home/airflow/.local/lib/python3.12/site-packages/airflow/example_dags/example_latest_only.py for tasks to queue
[2024-08-20T03:35:52.331+0000] {logging_mixin.py:190} INFO - [2024-08-20T03:35:52.330+0000] {dagbag.py:587} INFO - Filling up the DagBag from /home/airflow/.local/lib/python3.12/site-packages/airflow/example_dags/example_latest_only.py
[2024-08-20T03:35:52.339+0000] {processor.py:925} INFO - DAG(s) 'latest_only' retrieved from /home/airflow/.local/lib/python3.12/site-packages/airflow/example_dags/example_latest_only.py
[2024-08-20T03:35:52.369+0000] {logging_mixin.py:190} INFO - [2024-08-20T03:35:52.368+0000] {dag.py:3211} INFO - Sync 1 DAGs
[2024-08-20T03:35:52.395+0000] {logging_mixin.py:190} INFO - [2024-08-20T03:35:52.395+0000] {dag.py:4138} INFO - Setting next_dagrun for latest_only to 2024-08-19 20:00:00+00:00, run_after=2024-08-20 00:00:00+00:00
[2024-08-20T03:35:52.423+0000] {processor.py:208} INFO - Processing /home/airflow/.local/lib/python3.12/site-packages/airflow/example_dags/example_latest_only.py took 0.103 seconds
[2024-08-20T03:36:22.877+0000] {processor.py:186} INFO - Started process (PID=2689) to work on /home/airflow/.local/lib/python3.12/site-packages/airflow/example_dags/example_latest_only.py
[2024-08-20T03:36:22.878+0000] {processor.py:914} INFO - Processing file /home/airflow/.local/lib/python3.12/site-packages/airflow/example_dags/example_latest_only.py for tasks to queue
[2024-08-20T03:36:22.880+0000] {logging_mixin.py:190} INFO - [2024-08-20T03:36:22.880+0000] {dagbag.py:587} INFO - Filling up the DagBag from /home/airflow/.local/lib/python3.12/site-packages/airflow/example_dags/example_latest_only.py
[2024-08-20T03:36:22.888+0000] {processor.py:925} INFO - DAG(s) 'latest_only' retrieved from /home/airflow/.local/lib/python3.12/site-packages/airflow/example_dags/example_latest_only.py
[2024-08-20T03:36:22.913+0000] {logging_mixin.py:190} INFO - [2024-08-20T03:36:22.912+0000] {dag.py:3211} INFO - Sync 1 DAGs
[2024-08-20T03:36:22.941+0000] {logging_mixin.py:190} INFO - [2024-08-20T03:36:22.941+0000] {dag.py:4138} INFO - Setting next_dagrun for latest_only to 2024-08-19 20:00:00+00:00, run_after=2024-08-20 00:00:00+00:00
[2024-08-20T03:36:22.967+0000] {processor.py:208} INFO - Processing /home/airflow/.local/lib/python3.12/site-packages/airflow/example_dags/example_latest_only.py took 0.097 seconds
[2024-08-20T03:36:53.110+0000] {processor.py:186} INFO - Started process (PID=2975) to work on /home/airflow/.local/lib/python3.12/site-packages/airflow/example_dags/example_latest_only.py
[2024-08-20T03:36:53.111+0000] {processor.py:914} INFO - Processing file /home/airflow/.local/lib/python3.12/site-packages/airflow/example_dags/example_latest_only.py for tasks to queue
[2024-08-20T03:36:53.114+0000] {logging_mixin.py:190} INFO - [2024-08-20T03:36:53.114+0000] {dagbag.py:587} INFO - Filling up the DagBag from /home/airflow/.local/lib/python3.12/site-packages/airflow/example_dags/example_latest_only.py
[2024-08-20T03:36:53.122+0000] {processor.py:925} INFO - DAG(s) 'latest_only' retrieved from /home/airflow/.local/lib/python3.12/site-packages/airflow/example_dags/example_latest_only.py
[2024-08-20T03:36:53.142+0000] {logging_mixin.py:190} INFO - [2024-08-20T03:36:53.141+0000] {dag.py:3211} INFO - Sync 1 DAGs
[2024-08-20T03:36:53.168+0000] {logging_mixin.py:190} INFO - [2024-08-20T03:36:53.168+0000] {dag.py:4138} INFO - Setting next_dagrun for latest_only to 2024-08-19 20:00:00+00:00, run_after=2024-08-20 00:00:00+00:00
[2024-08-20T03:36:53.193+0000] {processor.py:208} INFO - Processing /home/airflow/.local/lib/python3.12/site-packages/airflow/example_dags/example_latest_only.py took 0.090 seconds
[2024-08-20T03:37:23.580+0000] {processor.py:186} INFO - Started process (PID=3261) to work on /home/airflow/.local/lib/python3.12/site-packages/airflow/example_dags/example_latest_only.py
[2024-08-20T03:37:23.581+0000] {processor.py:914} INFO - Processing file /home/airflow/.local/lib/python3.12/site-packages/airflow/example_dags/example_latest_only.py for tasks to queue
[2024-08-20T03:37:23.584+0000] {logging_mixin.py:190} INFO - [2024-08-20T03:37:23.583+0000] {dagbag.py:587} INFO - Filling up the DagBag from /home/airflow/.local/lib/python3.12/site-packages/airflow/example_dags/example_latest_only.py
[2024-08-20T03:37:23.591+0000] {processor.py:925} INFO - DAG(s) 'latest_only' retrieved from /home/airflow/.local/lib/python3.12/site-packages/airflow/example_dags/example_latest_only.py
[2024-08-20T03:37:23.611+0000] {logging_mixin.py:190} INFO - [2024-08-20T03:37:23.611+0000] {dag.py:3211} INFO - Sync 1 DAGs
[2024-08-20T03:37:23.636+0000] {logging_mixin.py:190} INFO - [2024-08-20T03:37:23.636+0000] {dag.py:4138} INFO - Setting next_dagrun for latest_only to 2024-08-19 20:00:00+00:00, run_after=2024-08-20 00:00:00+00:00
[2024-08-20T03:37:23.664+0000] {processor.py:208} INFO - Processing /home/airflow/.local/lib/python3.12/site-packages/airflow/example_dags/example_latest_only.py took 0.091 seconds
[2024-08-20T03:37:54.139+0000] {processor.py:186} INFO - Started process (PID=3547) to work on /home/airflow/.local/lib/python3.12/site-packages/airflow/example_dags/example_latest_only.py
[2024-08-20T03:37:54.140+0000] {processor.py:914} INFO - Processing file /home/airflow/.local/lib/python3.12/site-packages/airflow/example_dags/example_latest_only.py for tasks to queue
[2024-08-20T03:37:54.143+0000] {logging_mixin.py:190} INFO - [2024-08-20T03:37:54.143+0000] {dagbag.py:587} INFO - Filling up the DagBag from /home/airflow/.local/lib/python3.12/site-packages/airflow/example_dags/example_latest_only.py
[2024-08-20T03:37:54.151+0000] {processor.py:925} INFO - DAG(s) 'latest_only' retrieved from /home/airflow/.local/lib/python3.12/site-packages/airflow/example_dags/example_latest_only.py
[2024-08-20T03:37:54.172+0000] {logging_mixin.py:190} INFO - [2024-08-20T03:37:54.172+0000] {dag.py:3211} INFO - Sync 1 DAGs
[2024-08-20T03:37:54.198+0000] {logging_mixin.py:190} INFO - [2024-08-20T03:37:54.198+0000] {dag.py:4138} INFO - Setting next_dagrun for latest_only to 2024-08-19 20:00:00+00:00, run_after=2024-08-20 00:00:00+00:00
[2024-08-20T03:37:54.223+0000] {processor.py:208} INFO - Processing /home/airflow/.local/lib/python3.12/site-packages/airflow/example_dags/example_latest_only.py took 0.090 seconds
[2024-08-20T03:38:24.386+0000] {processor.py:186} INFO - Started process (PID=3833) to work on /home/airflow/.local/lib/python3.12/site-packages/airflow/example_dags/example_latest_only.py
[2024-08-20T03:38:24.387+0000] {processor.py:914} INFO - Processing file /home/airflow/.local/lib/python3.12/site-packages/airflow/example_dags/example_latest_only.py for tasks to queue
[2024-08-20T03:38:24.390+0000] {logging_mixin.py:190} INFO - [2024-08-20T03:38:24.390+0000] {dagbag.py:587} INFO - Filling up the DagBag from /home/airflow/.local/lib/python3.12/site-packages/airflow/example_dags/example_latest_only.py
[2024-08-20T03:38:24.400+0000] {processor.py:925} INFO - DAG(s) 'latest_only' retrieved from /home/airflow/.local/lib/python3.12/site-packages/airflow/example_dags/example_latest_only.py
[2024-08-20T03:38:24.427+0000] {logging_mixin.py:190} INFO - [2024-08-20T03:38:24.427+0000] {dag.py:3211} INFO - Sync 1 DAGs
[2024-08-20T03:38:24.460+0000] {logging_mixin.py:190} INFO - [2024-08-20T03:38:24.460+0000] {dag.py:4138} INFO - Setting next_dagrun for latest_only to 2024-08-19 20:00:00+00:00, run_after=2024-08-20 00:00:00+00:00
[2024-08-20T03:38:24.484+0000] {processor.py:208} INFO - Processing /home/airflow/.local/lib/python3.12/site-packages/airflow/example_dags/example_latest_only.py took 0.107 seconds
[2024-08-20T03:38:54.848+0000] {processor.py:186} INFO - Started process (PID=4119) to work on /home/airflow/.local/lib/python3.12/site-packages/airflow/example_dags/example_latest_only.py
[2024-08-20T03:38:54.849+0000] {processor.py:914} INFO - Processing file /home/airflow/.local/lib/python3.12/site-packages/airflow/example_dags/example_latest_only.py for tasks to queue
[2024-08-20T03:38:54.852+0000] {logging_mixin.py:190} INFO - [2024-08-20T03:38:54.852+0000] {dagbag.py:587} INFO - Filling up the DagBag from /home/airflow/.local/lib/python3.12/site-packages/airflow/example_dags/example_latest_only.py
[2024-08-20T03:38:54.862+0000] {processor.py:925} INFO - DAG(s) 'latest_only' retrieved from /home/airflow/.local/lib/python3.12/site-packages/airflow/example_dags/example_latest_only.py
[2024-08-20T03:38:54.888+0000] {logging_mixin.py:190} INFO - [2024-08-20T03:38:54.887+0000] {dag.py:3211} INFO - Sync 1 DAGs
[2024-08-20T03:38:54.924+0000] {logging_mixin.py:190} INFO - [2024-08-20T03:38:54.924+0000] {dag.py:4138} INFO - Setting next_dagrun for latest_only to 2024-08-19 20:00:00+00:00, run_after=2024-08-20 00:00:00+00:00
[2024-08-20T03:38:54.947+0000] {processor.py:208} INFO - Processing /home/airflow/.local/lib/python3.12/site-packages/airflow/example_dags/example_latest_only.py took 0.105 seconds
[2024-08-20T03:39:25.211+0000] {processor.py:186} INFO - Started process (PID=4405) to work on /home/airflow/.local/lib/python3.12/site-packages/airflow/example_dags/example_latest_only.py
[2024-08-20T03:39:25.212+0000] {processor.py:914} INFO - Processing file /home/airflow/.local/lib/python3.12/site-packages/airflow/example_dags/example_latest_only.py for tasks to queue
[2024-08-20T03:39:25.214+0000] {logging_mixin.py:190} INFO - [2024-08-20T03:39:25.214+0000] {dagbag.py:587} INFO - Filling up the DagBag from /home/airflow/.local/lib/python3.12/site-packages/airflow/example_dags/example_latest_only.py
[2024-08-20T03:39:25.222+0000] {processor.py:925} INFO - DAG(s) 'latest_only' retrieved from /home/airflow/.local/lib/python3.12/site-packages/airflow/example_dags/example_latest_only.py
[2024-08-20T03:39:25.243+0000] {logging_mixin.py:190} INFO - [2024-08-20T03:39:25.243+0000] {dag.py:3211} INFO - Sync 1 DAGs
[2024-08-20T03:39:25.268+0000] {logging_mixin.py:190} INFO - [2024-08-20T03:39:25.268+0000] {dag.py:4138} INFO - Setting next_dagrun for latest_only to 2024-08-19 20:00:00+00:00, run_after=2024-08-20 00:00:00+00:00
[2024-08-20T03:39:25.297+0000] {processor.py:208} INFO - Processing /home/airflow/.local/lib/python3.12/site-packages/airflow/example_dags/example_latest_only.py took 0.093 seconds
[2024-08-20T03:39:55.505+0000] {processor.py:186} INFO - Started process (PID=4691) to work on /home/airflow/.local/lib/python3.12/site-packages/airflow/example_dags/example_latest_only.py
[2024-08-20T03:39:55.506+0000] {processor.py:914} INFO - Processing file /home/airflow/.local/lib/python3.12/site-packages/airflow/example_dags/example_latest_only.py for tasks to queue
[2024-08-20T03:39:55.508+0000] {logging_mixin.py:190} INFO - [2024-08-20T03:39:55.508+0000] {dagbag.py:587} INFO - Filling up the DagBag from /home/airflow/.local/lib/python3.12/site-packages/airflow/example_dags/example_latest_only.py
[2024-08-20T03:39:55.516+0000] {processor.py:925} INFO - DAG(s) 'latest_only' retrieved from /home/airflow/.local/lib/python3.12/site-packages/airflow/example_dags/example_latest_only.py
[2024-08-20T03:39:55.536+0000] {logging_mixin.py:190} INFO - [2024-08-20T03:39:55.536+0000] {dag.py:3211} INFO - Sync 1 DAGs
[2024-08-20T03:39:55.561+0000] {logging_mixin.py:190} INFO - [2024-08-20T03:39:55.560+0000] {dag.py:4138} INFO - Setting next_dagrun for latest_only to 2024-08-19 20:00:00+00:00, run_after=2024-08-20 00:00:00+00:00
[2024-08-20T03:39:55.583+0000] {processor.py:208} INFO - Processing /home/airflow/.local/lib/python3.12/site-packages/airflow/example_dags/example_latest_only.py took 0.084 seconds
[2024-08-20T03:40:25.840+0000] {processor.py:186} INFO - Started process (PID=4977) to work on /home/airflow/.local/lib/python3.12/site-packages/airflow/example_dags/example_latest_only.py
[2024-08-20T03:40:25.841+0000] {processor.py:914} INFO - Processing file /home/airflow/.local/lib/python3.12/site-packages/airflow/example_dags/example_latest_only.py for tasks to queue
[2024-08-20T03:40:25.844+0000] {logging_mixin.py:190} INFO - [2024-08-20T03:40:25.844+0000] {dagbag.py:587} INFO - Filling up the DagBag from /home/airflow/.local/lib/python3.12/site-packages/airflow/example_dags/example_latest_only.py
[2024-08-20T03:40:25.852+0000] {processor.py:925} INFO - DAG(s) 'latest_only' retrieved from /home/airflow/.local/lib/python3.12/site-packages/airflow/example_dags/example_latest_only.py
[2024-08-20T03:40:25.873+0000] {logging_mixin.py:190} INFO - [2024-08-20T03:40:25.872+0000] {dag.py:3211} INFO - Sync 1 DAGs
[2024-08-20T03:40:25.902+0000] {logging_mixin.py:190} INFO - [2024-08-20T03:40:25.902+0000] {dag.py:4138} INFO - Setting next_dagrun for latest_only to 2024-08-19 20:00:00+00:00, run_after=2024-08-20 00:00:00+00:00
[2024-08-20T03:40:25.927+0000] {processor.py:208} INFO - Processing /home/airflow/.local/lib/python3.12/site-packages/airflow/example_dags/example_latest_only.py took 0.093 seconds
[2024-08-20T03:40:56.049+0000] {processor.py:186} INFO - Started process (PID=5258) to work on /home/airflow/.local/lib/python3.12/site-packages/airflow/example_dags/example_latest_only.py
[2024-08-20T03:40:56.049+0000] {processor.py:914} INFO - Processing file /home/airflow/.local/lib/python3.12/site-packages/airflow/example_dags/example_latest_only.py for tasks to queue
[2024-08-20T03:40:56.052+0000] {logging_mixin.py:190} INFO - [2024-08-20T03:40:56.052+0000] {dagbag.py:587} INFO - Filling up the DagBag from /home/airflow/.local/lib/python3.12/site-packages/airflow/example_dags/example_latest_only.py
[2024-08-20T03:40:56.060+0000] {processor.py:925} INFO - DAG(s) 'latest_only' retrieved from /home/airflow/.local/lib/python3.12/site-packages/airflow/example_dags/example_latest_only.py
[2024-08-20T03:40:56.083+0000] {logging_mixin.py:190} INFO - [2024-08-20T03:40:56.082+0000] {dag.py:3211} INFO - Sync 1 DAGs
[2024-08-20T03:40:56.116+0000] {logging_mixin.py:190} INFO - [2024-08-20T03:40:56.115+0000] {dag.py:4138} INFO - Setting next_dagrun for latest_only to 2024-08-19 20:00:00+00:00, run_after=2024-08-20 00:00:00+00:00
[2024-08-20T03:40:56.139+0000] {processor.py:208} INFO - Processing /home/airflow/.local/lib/python3.12/site-packages/airflow/example_dags/example_latest_only.py took 0.099 seconds
[2024-08-20T03:41:26.624+0000] {processor.py:186} INFO - Started process (PID=5549) to work on /home/airflow/.local/lib/python3.12/site-packages/airflow/example_dags/example_latest_only.py
[2024-08-20T03:41:26.625+0000] {processor.py:914} INFO - Processing file /home/airflow/.local/lib/python3.12/site-packages/airflow/example_dags/example_latest_only.py for tasks to queue
[2024-08-20T03:41:26.628+0000] {logging_mixin.py:190} INFO - [2024-08-20T03:41:26.627+0000] {dagbag.py:587} INFO - Filling up the DagBag from /home/airflow/.local/lib/python3.12/site-packages/airflow/example_dags/example_latest_only.py
[2024-08-20T03:41:26.636+0000] {processor.py:925} INFO - DAG(s) 'latest_only' retrieved from /home/airflow/.local/lib/python3.12/site-packages/airflow/example_dags/example_latest_only.py
[2024-08-20T03:41:26.657+0000] {logging_mixin.py:190} INFO - [2024-08-20T03:41:26.657+0000] {dag.py:3211} INFO - Sync 1 DAGs
[2024-08-20T03:41:26.686+0000] {logging_mixin.py:190} INFO - [2024-08-20T03:41:26.686+0000] {dag.py:4138} INFO - Setting next_dagrun for latest_only to 2024-08-19 20:00:00+00:00, run_after=2024-08-20 00:00:00+00:00
[2024-08-20T03:41:26.713+0000] {processor.py:208} INFO - Processing /home/airflow/.local/lib/python3.12/site-packages/airflow/example_dags/example_latest_only.py took 0.096 seconds
[2024-08-20T03:41:57.105+0000] {processor.py:186} INFO - Started process (PID=5835) to work on /home/airflow/.local/lib/python3.12/site-packages/airflow/example_dags/example_latest_only.py
[2024-08-20T03:41:57.106+0000] {processor.py:914} INFO - Processing file /home/airflow/.local/lib/python3.12/site-packages/airflow/example_dags/example_latest_only.py for tasks to queue
[2024-08-20T03:41:57.109+0000] {logging_mixin.py:190} INFO - [2024-08-20T03:41:57.108+0000] {dagbag.py:587} INFO - Filling up the DagBag from /home/airflow/.local/lib/python3.12/site-packages/airflow/example_dags/example_latest_only.py
[2024-08-20T03:41:57.116+0000] {processor.py:925} INFO - DAG(s) 'latest_only' retrieved from /home/airflow/.local/lib/python3.12/site-packages/airflow/example_dags/example_latest_only.py
[2024-08-20T03:41:57.137+0000] {logging_mixin.py:190} INFO - [2024-08-20T03:41:57.137+0000] {dag.py:3211} INFO - Sync 1 DAGs
[2024-08-20T03:41:57.164+0000] {logging_mixin.py:190} INFO - [2024-08-20T03:41:57.163+0000] {dag.py:4138} INFO - Setting next_dagrun for latest_only to 2024-08-19 20:00:00+00:00, run_after=2024-08-20 00:00:00+00:00
[2024-08-20T03:41:57.190+0000] {processor.py:208} INFO - Processing /home/airflow/.local/lib/python3.12/site-packages/airflow/example_dags/example_latest_only.py took 0.091 seconds
