[2024-08-20T03:32:17.566+0000] {processor.py:186} INFO - Started process (PID=386) to work on /home/airflow/.local/lib/python3.12/site-packages/airflow/example_dags/example_subdag_operator.py
[2024-08-20T03:32:17.568+0000] {processor.py:914} INFO - Processing file /home/airflow/.local/lib/python3.12/site-packages/airflow/example_dags/example_subdag_operator.py for tasks to queue
[2024-08-20T03:32:17.571+0000] {logging_mixin.py:190} INFO - [2024-08-20T03:32:17.570+0000] {dagbag.py:587} INFO - Filling up the DagBag from /home/airflow/.local/lib/python3.12/site-packages/airflow/example_dags/example_subdag_operator.py
[2024-08-20T03:32:17.601+0000] {processor.py:925} INFO - DAG(s) 'example_subdag_operator.section-1', 'example_subdag_operator.section-2', 'example_subdag_operator' retrieved from /home/airflow/.local/lib/python3.12/site-packages/airflow/example_dags/example_subdag_operator.py
[2024-08-20T03:32:17.727+0000] {logging_mixin.py:190} INFO - [2024-08-20T03:32:17.726+0000] {override.py:1858} INFO - Created Permission View: can read on DAG:example_subdag_operator
[2024-08-20T03:32:17.743+0000] {logging_mixin.py:190} INFO - [2024-08-20T03:32:17.743+0000] {override.py:1858} INFO - Created Permission View: can delete on DAG:example_subdag_operator
[2024-08-20T03:32:17.756+0000] {logging_mixin.py:190} INFO - [2024-08-20T03:32:17.756+0000] {override.py:1858} INFO - Created Permission View: can edit on DAG:example_subdag_operator
[2024-08-20T03:32:17.757+0000] {logging_mixin.py:190} INFO - [2024-08-20T03:32:17.757+0000] {dag.py:3211} INFO - Sync 3 DAGs
[2024-08-20T03:32:17.779+0000] {logging_mixin.py:190} INFO - [2024-08-20T03:32:17.779+0000] {dag.py:3234} INFO - Creating ORM DAG for example_subdag_operator.section-2
[2024-08-20T03:32:17.780+0000] {logging_mixin.py:190} INFO - [2024-08-20T03:32:17.780+0000] {dag.py:3234} INFO - Creating ORM DAG for example_subdag_operator.section-1
[2024-08-20T03:32:17.782+0000] {logging_mixin.py:190} INFO - [2024-08-20T03:32:17.781+0000] {dag.py:3234} INFO - Creating ORM DAG for example_subdag_operator
[2024-08-20T03:32:17.796+0000] {logging_mixin.py:190} INFO - [2024-08-20T03:32:17.796+0000] {dag.py:4138} INFO - Setting next_dagrun for example_subdag_operator to 2022-01-01 00:00:00+00:00, run_after=2022-01-01 00:00:00+00:00
[2024-08-20T03:32:17.799+0000] {logging_mixin.py:190} INFO - [2024-08-20T03:32:17.798+0000] {dag.py:4138} INFO - Setting next_dagrun for example_subdag_operator.section-1 to None, run_after=None
[2024-08-20T03:32:17.800+0000] {logging_mixin.py:190} INFO - [2024-08-20T03:32:17.799+0000] {dag.py:4138} INFO - Setting next_dagrun for example_subdag_operator.section-2 to None, run_after=None
[2024-08-20T03:32:17.817+0000] {logging_mixin.py:190} INFO - [2024-08-20T03:32:17.817+0000] {dag.py:3211} INFO - Sync 2 DAGs
[2024-08-20T03:32:17.828+0000] {logging_mixin.py:190} INFO - [2024-08-20T03:32:17.827+0000] {dag.py:4138} INFO - Setting next_dagrun for example_subdag_operator.section-1 to None, run_after=None
[2024-08-20T03:32:17.833+0000] {logging_mixin.py:190} INFO - [2024-08-20T03:32:17.833+0000] {dag.py:4138} INFO - Setting next_dagrun for example_subdag_operator.section-2 to None, run_after=None
[2024-08-20T03:32:17.855+0000] {processor.py:208} INFO - Processing /home/airflow/.local/lib/python3.12/site-packages/airflow/example_dags/example_subdag_operator.py took 0.295 seconds
[2024-08-20T03:32:48.610+0000] {processor.py:186} INFO - Started process (PID=672) to work on /home/airflow/.local/lib/python3.12/site-packages/airflow/example_dags/example_subdag_operator.py
[2024-08-20T03:32:48.611+0000] {processor.py:914} INFO - Processing file /home/airflow/.local/lib/python3.12/site-packages/airflow/example_dags/example_subdag_operator.py for tasks to queue
[2024-08-20T03:32:48.614+0000] {logging_mixin.py:190} INFO - [2024-08-20T03:32:48.614+0000] {dagbag.py:587} INFO - Filling up the DagBag from /home/airflow/.local/lib/python3.12/site-packages/airflow/example_dags/example_subdag_operator.py
[2024-08-20T03:32:48.644+0000] {processor.py:925} INFO - DAG(s) 'example_subdag_operator.section-1', 'example_subdag_operator.section-2', 'example_subdag_operator' retrieved from /home/airflow/.local/lib/python3.12/site-packages/airflow/example_dags/example_subdag_operator.py
[2024-08-20T03:32:48.664+0000] {logging_mixin.py:190} INFO - [2024-08-20T03:32:48.664+0000] {dag.py:3211} INFO - Sync 3 DAGs
[2024-08-20T03:32:48.692+0000] {logging_mixin.py:190} INFO - [2024-08-20T03:32:48.691+0000] {dag.py:4138} INFO - Setting next_dagrun for example_subdag_operator to 2022-01-01 00:00:00+00:00, run_after=2022-01-01 00:00:00+00:00
[2024-08-20T03:32:48.697+0000] {logging_mixin.py:190} INFO - [2024-08-20T03:32:48.697+0000] {dag.py:4138} INFO - Setting next_dagrun for example_subdag_operator.section-1 to None, run_after=None
[2024-08-20T03:32:48.700+0000] {logging_mixin.py:190} INFO - [2024-08-20T03:32:48.699+0000] {dag.py:4138} INFO - Setting next_dagrun for example_subdag_operator.section-2 to None, run_after=None
[2024-08-20T03:32:48.708+0000] {logging_mixin.py:190} INFO - [2024-08-20T03:32:48.708+0000] {dag.py:3211} INFO - Sync 2 DAGs
[2024-08-20T03:32:48.714+0000] {logging_mixin.py:190} INFO - [2024-08-20T03:32:48.714+0000] {dag.py:4138} INFO - Setting next_dagrun for example_subdag_operator.section-1 to None, run_after=None
[2024-08-20T03:32:48.716+0000] {logging_mixin.py:190} INFO - [2024-08-20T03:32:48.716+0000] {dag.py:4138} INFO - Setting next_dagrun for example_subdag_operator.section-2 to None, run_after=None
[2024-08-20T03:32:48.734+0000] {processor.py:208} INFO - Processing /home/airflow/.local/lib/python3.12/site-packages/airflow/example_dags/example_subdag_operator.py took 0.132 seconds
[2024-08-20T03:33:19.401+0000] {processor.py:186} INFO - Started process (PID=958) to work on /home/airflow/.local/lib/python3.12/site-packages/airflow/example_dags/example_subdag_operator.py
[2024-08-20T03:33:19.402+0000] {processor.py:914} INFO - Processing file /home/airflow/.local/lib/python3.12/site-packages/airflow/example_dags/example_subdag_operator.py for tasks to queue
[2024-08-20T03:33:19.405+0000] {logging_mixin.py:190} INFO - [2024-08-20T03:33:19.405+0000] {dagbag.py:587} INFO - Filling up the DagBag from /home/airflow/.local/lib/python3.12/site-packages/airflow/example_dags/example_subdag_operator.py
[2024-08-20T03:33:19.438+0000] {processor.py:925} INFO - DAG(s) 'example_subdag_operator.section-1', 'example_subdag_operator.section-2', 'example_subdag_operator' retrieved from /home/airflow/.local/lib/python3.12/site-packages/airflow/example_dags/example_subdag_operator.py
[2024-08-20T03:33:19.457+0000] {logging_mixin.py:190} INFO - [2024-08-20T03:33:19.457+0000] {dag.py:3211} INFO - Sync 3 DAGs
[2024-08-20T03:33:19.487+0000] {logging_mixin.py:190} INFO - [2024-08-20T03:33:19.486+0000] {dag.py:4138} INFO - Setting next_dagrun for example_subdag_operator to 2022-01-01 00:00:00+00:00, run_after=2022-01-01 00:00:00+00:00
[2024-08-20T03:33:19.491+0000] {logging_mixin.py:190} INFO - [2024-08-20T03:33:19.491+0000] {dag.py:4138} INFO - Setting next_dagrun for example_subdag_operator.section-1 to None, run_after=None
[2024-08-20T03:33:19.493+0000] {logging_mixin.py:190} INFO - [2024-08-20T03:33:19.493+0000] {dag.py:4138} INFO - Setting next_dagrun for example_subdag_operator.section-2 to None, run_after=None
[2024-08-20T03:33:19.503+0000] {logging_mixin.py:190} INFO - [2024-08-20T03:33:19.503+0000] {dag.py:3211} INFO - Sync 2 DAGs
[2024-08-20T03:33:19.510+0000] {logging_mixin.py:190} INFO - [2024-08-20T03:33:19.509+0000] {dag.py:4138} INFO - Setting next_dagrun for example_subdag_operator.section-1 to None, run_after=None
[2024-08-20T03:33:19.512+0000] {logging_mixin.py:190} INFO - [2024-08-20T03:33:19.511+0000] {dag.py:4138} INFO - Setting next_dagrun for example_subdag_operator.section-2 to None, run_after=None
[2024-08-20T03:33:19.528+0000] {processor.py:208} INFO - Processing /home/airflow/.local/lib/python3.12/site-packages/airflow/example_dags/example_subdag_operator.py took 0.134 seconds
[2024-08-20T03:33:49.794+0000] {processor.py:186} INFO - Started process (PID=1244) to work on /home/airflow/.local/lib/python3.12/site-packages/airflow/example_dags/example_subdag_operator.py
[2024-08-20T03:33:49.795+0000] {processor.py:914} INFO - Processing file /home/airflow/.local/lib/python3.12/site-packages/airflow/example_dags/example_subdag_operator.py for tasks to queue
[2024-08-20T03:33:49.798+0000] {logging_mixin.py:190} INFO - [2024-08-20T03:33:49.798+0000] {dagbag.py:587} INFO - Filling up the DagBag from /home/airflow/.local/lib/python3.12/site-packages/airflow/example_dags/example_subdag_operator.py
[2024-08-20T03:33:49.824+0000] {processor.py:925} INFO - DAG(s) 'example_subdag_operator.section-1', 'example_subdag_operator.section-2', 'example_subdag_operator' retrieved from /home/airflow/.local/lib/python3.12/site-packages/airflow/example_dags/example_subdag_operator.py
[2024-08-20T03:33:49.842+0000] {logging_mixin.py:190} INFO - [2024-08-20T03:33:49.842+0000] {dag.py:3211} INFO - Sync 3 DAGs
[2024-08-20T03:33:49.868+0000] {logging_mixin.py:190} INFO - [2024-08-20T03:33:49.868+0000] {dag.py:4138} INFO - Setting next_dagrun for example_subdag_operator to 2022-01-01 00:00:00+00:00, run_after=2022-01-01 00:00:00+00:00
[2024-08-20T03:33:49.873+0000] {logging_mixin.py:190} INFO - [2024-08-20T03:33:49.873+0000] {dag.py:4138} INFO - Setting next_dagrun for example_subdag_operator.section-1 to None, run_after=None
[2024-08-20T03:33:49.875+0000] {logging_mixin.py:190} INFO - [2024-08-20T03:33:49.875+0000] {dag.py:4138} INFO - Setting next_dagrun for example_subdag_operator.section-2 to None, run_after=None
[2024-08-20T03:33:49.883+0000] {logging_mixin.py:190} INFO - [2024-08-20T03:33:49.883+0000] {dag.py:3211} INFO - Sync 2 DAGs
[2024-08-20T03:33:49.890+0000] {logging_mixin.py:190} INFO - [2024-08-20T03:33:49.889+0000] {dag.py:4138} INFO - Setting next_dagrun for example_subdag_operator.section-1 to None, run_after=None
[2024-08-20T03:33:49.890+0000] {logging_mixin.py:190} INFO - [2024-08-20T03:33:49.890+0000] {dag.py:4138} INFO - Setting next_dagrun for example_subdag_operator.section-2 to None, run_after=None
[2024-08-20T03:33:49.905+0000] {processor.py:208} INFO - Processing /home/airflow/.local/lib/python3.12/site-packages/airflow/example_dags/example_subdag_operator.py took 0.117 seconds
[2024-08-20T03:34:20.383+0000] {processor.py:186} INFO - Started process (PID=1530) to work on /home/airflow/.local/lib/python3.12/site-packages/airflow/example_dags/example_subdag_operator.py
[2024-08-20T03:34:20.384+0000] {processor.py:914} INFO - Processing file /home/airflow/.local/lib/python3.12/site-packages/airflow/example_dags/example_subdag_operator.py for tasks to queue
[2024-08-20T03:34:20.387+0000] {logging_mixin.py:190} INFO - [2024-08-20T03:34:20.387+0000] {dagbag.py:587} INFO - Filling up the DagBag from /home/airflow/.local/lib/python3.12/site-packages/airflow/example_dags/example_subdag_operator.py
[2024-08-20T03:34:20.416+0000] {processor.py:925} INFO - DAG(s) 'example_subdag_operator.section-1', 'example_subdag_operator.section-2', 'example_subdag_operator' retrieved from /home/airflow/.local/lib/python3.12/site-packages/airflow/example_dags/example_subdag_operator.py
[2024-08-20T03:34:20.435+0000] {logging_mixin.py:190} INFO - [2024-08-20T03:34:20.434+0000] {dag.py:3211} INFO - Sync 3 DAGs
[2024-08-20T03:34:20.464+0000] {logging_mixin.py:190} INFO - [2024-08-20T03:34:20.464+0000] {dag.py:4138} INFO - Setting next_dagrun for example_subdag_operator to 2022-01-01 00:00:00+00:00, run_after=2022-01-01 00:00:00+00:00
[2024-08-20T03:34:20.469+0000] {logging_mixin.py:190} INFO - [2024-08-20T03:34:20.469+0000] {dag.py:4138} INFO - Setting next_dagrun for example_subdag_operator.section-1 to None, run_after=None
[2024-08-20T03:34:20.471+0000] {logging_mixin.py:190} INFO - [2024-08-20T03:34:20.471+0000] {dag.py:4138} INFO - Setting next_dagrun for example_subdag_operator.section-2 to None, run_after=None
[2024-08-20T03:34:20.479+0000] {logging_mixin.py:190} INFO - [2024-08-20T03:34:20.478+0000] {dag.py:3211} INFO - Sync 2 DAGs
[2024-08-20T03:34:20.486+0000] {logging_mixin.py:190} INFO - [2024-08-20T03:34:20.485+0000] {dag.py:4138} INFO - Setting next_dagrun for example_subdag_operator.section-1 to None, run_after=None
[2024-08-20T03:34:20.487+0000] {logging_mixin.py:190} INFO - [2024-08-20T03:34:20.486+0000] {dag.py:4138} INFO - Setting next_dagrun for example_subdag_operator.section-2 to None, run_after=None
[2024-08-20T03:34:20.501+0000] {processor.py:208} INFO - Processing /home/airflow/.local/lib/python3.12/site-packages/airflow/example_dags/example_subdag_operator.py took 0.125 seconds
[2024-08-20T03:34:50.984+0000] {processor.py:186} INFO - Started process (PID=1816) to work on /home/airflow/.local/lib/python3.12/site-packages/airflow/example_dags/example_subdag_operator.py
[2024-08-20T03:34:50.985+0000] {processor.py:914} INFO - Processing file /home/airflow/.local/lib/python3.12/site-packages/airflow/example_dags/example_subdag_operator.py for tasks to queue
[2024-08-20T03:34:50.988+0000] {logging_mixin.py:190} INFO - [2024-08-20T03:34:50.987+0000] {dagbag.py:587} INFO - Filling up the DagBag from /home/airflow/.local/lib/python3.12/site-packages/airflow/example_dags/example_subdag_operator.py
[2024-08-20T03:34:51.017+0000] {processor.py:925} INFO - DAG(s) 'example_subdag_operator.section-1', 'example_subdag_operator.section-2', 'example_subdag_operator' retrieved from /home/airflow/.local/lib/python3.12/site-packages/airflow/example_dags/example_subdag_operator.py
[2024-08-20T03:34:51.039+0000] {logging_mixin.py:190} INFO - [2024-08-20T03:34:51.038+0000] {dag.py:3211} INFO - Sync 3 DAGs
[2024-08-20T03:34:51.069+0000] {logging_mixin.py:190} INFO - [2024-08-20T03:34:51.069+0000] {dag.py:4138} INFO - Setting next_dagrun for example_subdag_operator to 2022-01-01 00:00:00+00:00, run_after=2022-01-01 00:00:00+00:00
[2024-08-20T03:34:51.074+0000] {logging_mixin.py:190} INFO - [2024-08-20T03:34:51.074+0000] {dag.py:4138} INFO - Setting next_dagrun for example_subdag_operator.section-1 to None, run_after=None
[2024-08-20T03:34:51.076+0000] {logging_mixin.py:190} INFO - [2024-08-20T03:34:51.076+0000] {dag.py:4138} INFO - Setting next_dagrun for example_subdag_operator.section-2 to None, run_after=None
[2024-08-20T03:34:51.087+0000] {logging_mixin.py:190} INFO - [2024-08-20T03:34:51.087+0000] {dag.py:3211} INFO - Sync 2 DAGs
[2024-08-20T03:34:51.094+0000] {logging_mixin.py:190} INFO - [2024-08-20T03:34:51.094+0000] {dag.py:4138} INFO - Setting next_dagrun for example_subdag_operator.section-1 to None, run_after=None
[2024-08-20T03:34:51.095+0000] {logging_mixin.py:190} INFO - [2024-08-20T03:34:51.094+0000] {dag.py:4138} INFO - Setting next_dagrun for example_subdag_operator.section-2 to None, run_after=None
[2024-08-20T03:34:51.111+0000] {processor.py:208} INFO - Processing /home/airflow/.local/lib/python3.12/site-packages/airflow/example_dags/example_subdag_operator.py took 0.134 seconds
[2024-08-20T03:35:21.515+0000] {processor.py:186} INFO - Started process (PID=2102) to work on /home/airflow/.local/lib/python3.12/site-packages/airflow/example_dags/example_subdag_operator.py
[2024-08-20T03:35:21.516+0000] {processor.py:914} INFO - Processing file /home/airflow/.local/lib/python3.12/site-packages/airflow/example_dags/example_subdag_operator.py for tasks to queue
[2024-08-20T03:35:21.519+0000] {logging_mixin.py:190} INFO - [2024-08-20T03:35:21.518+0000] {dagbag.py:587} INFO - Filling up the DagBag from /home/airflow/.local/lib/python3.12/site-packages/airflow/example_dags/example_subdag_operator.py
[2024-08-20T03:35:21.546+0000] {processor.py:925} INFO - DAG(s) 'example_subdag_operator.section-1', 'example_subdag_operator.section-2', 'example_subdag_operator' retrieved from /home/airflow/.local/lib/python3.12/site-packages/airflow/example_dags/example_subdag_operator.py
[2024-08-20T03:35:21.565+0000] {logging_mixin.py:190} INFO - [2024-08-20T03:35:21.564+0000] {dag.py:3211} INFO - Sync 3 DAGs
[2024-08-20T03:35:21.592+0000] {logging_mixin.py:190} INFO - [2024-08-20T03:35:21.591+0000] {dag.py:4138} INFO - Setting next_dagrun for example_subdag_operator to 2022-01-01 00:00:00+00:00, run_after=2022-01-01 00:00:00+00:00
[2024-08-20T03:35:21.597+0000] {logging_mixin.py:190} INFO - [2024-08-20T03:35:21.596+0000] {dag.py:4138} INFO - Setting next_dagrun for example_subdag_operator.section-1 to None, run_after=None
[2024-08-20T03:35:21.599+0000] {logging_mixin.py:190} INFO - [2024-08-20T03:35:21.599+0000] {dag.py:4138} INFO - Setting next_dagrun for example_subdag_operator.section-2 to None, run_after=None
[2024-08-20T03:35:21.606+0000] {logging_mixin.py:190} INFO - [2024-08-20T03:35:21.606+0000] {dag.py:3211} INFO - Sync 2 DAGs
[2024-08-20T03:35:21.613+0000] {logging_mixin.py:190} INFO - [2024-08-20T03:35:21.613+0000] {dag.py:4138} INFO - Setting next_dagrun for example_subdag_operator.section-1 to None, run_after=None
[2024-08-20T03:35:21.613+0000] {logging_mixin.py:190} INFO - [2024-08-20T03:35:21.613+0000] {dag.py:4138} INFO - Setting next_dagrun for example_subdag_operator.section-2 to None, run_after=None
[2024-08-20T03:35:21.630+0000] {processor.py:208} INFO - Processing /home/airflow/.local/lib/python3.12/site-packages/airflow/example_dags/example_subdag_operator.py took 0.122 seconds
[2024-08-20T03:35:52.108+0000] {processor.py:186} INFO - Started process (PID=2388) to work on /home/airflow/.local/lib/python3.12/site-packages/airflow/example_dags/example_subdag_operator.py
[2024-08-20T03:35:52.109+0000] {processor.py:914} INFO - Processing file /home/airflow/.local/lib/python3.12/site-packages/airflow/example_dags/example_subdag_operator.py for tasks to queue
[2024-08-20T03:35:52.111+0000] {logging_mixin.py:190} INFO - [2024-08-20T03:35:52.111+0000] {dagbag.py:587} INFO - Filling up the DagBag from /home/airflow/.local/lib/python3.12/site-packages/airflow/example_dags/example_subdag_operator.py
[2024-08-20T03:35:52.138+0000] {processor.py:925} INFO - DAG(s) 'example_subdag_operator.section-1', 'example_subdag_operator.section-2', 'example_subdag_operator' retrieved from /home/airflow/.local/lib/python3.12/site-packages/airflow/example_dags/example_subdag_operator.py
[2024-08-20T03:35:52.158+0000] {logging_mixin.py:190} INFO - [2024-08-20T03:35:52.158+0000] {dag.py:3211} INFO - Sync 3 DAGs
[2024-08-20T03:35:52.193+0000] {logging_mixin.py:190} INFO - [2024-08-20T03:35:52.193+0000] {dag.py:4138} INFO - Setting next_dagrun for example_subdag_operator to 2022-01-01 00:00:00+00:00, run_after=2022-01-01 00:00:00+00:00
[2024-08-20T03:35:52.198+0000] {logging_mixin.py:190} INFO - [2024-08-20T03:35:52.198+0000] {dag.py:4138} INFO - Setting next_dagrun for example_subdag_operator.section-1 to None, run_after=None
[2024-08-20T03:35:52.201+0000] {logging_mixin.py:190} INFO - [2024-08-20T03:35:52.201+0000] {dag.py:4138} INFO - Setting next_dagrun for example_subdag_operator.section-2 to None, run_after=None
[2024-08-20T03:35:52.210+0000] {logging_mixin.py:190} INFO - [2024-08-20T03:35:52.210+0000] {dag.py:3211} INFO - Sync 2 DAGs
[2024-08-20T03:35:52.219+0000] {logging_mixin.py:190} INFO - [2024-08-20T03:35:52.218+0000] {dag.py:4138} INFO - Setting next_dagrun for example_subdag_operator.section-1 to None, run_after=None
[2024-08-20T03:35:52.219+0000] {logging_mixin.py:190} INFO - [2024-08-20T03:35:52.219+0000] {dag.py:4138} INFO - Setting next_dagrun for example_subdag_operator.section-2 to None, run_after=None
[2024-08-20T03:35:52.234+0000] {processor.py:208} INFO - Processing /home/airflow/.local/lib/python3.12/site-packages/airflow/example_dags/example_subdag_operator.py took 0.133 seconds
[2024-08-20T03:36:22.658+0000] {processor.py:186} INFO - Started process (PID=2674) to work on /home/airflow/.local/lib/python3.12/site-packages/airflow/example_dags/example_subdag_operator.py
[2024-08-20T03:36:22.659+0000] {processor.py:914} INFO - Processing file /home/airflow/.local/lib/python3.12/site-packages/airflow/example_dags/example_subdag_operator.py for tasks to queue
[2024-08-20T03:36:22.661+0000] {logging_mixin.py:190} INFO - [2024-08-20T03:36:22.661+0000] {dagbag.py:587} INFO - Filling up the DagBag from /home/airflow/.local/lib/python3.12/site-packages/airflow/example_dags/example_subdag_operator.py
[2024-08-20T03:36:22.691+0000] {processor.py:925} INFO - DAG(s) 'example_subdag_operator.section-1', 'example_subdag_operator.section-2', 'example_subdag_operator' retrieved from /home/airflow/.local/lib/python3.12/site-packages/airflow/example_dags/example_subdag_operator.py
[2024-08-20T03:36:22.714+0000] {logging_mixin.py:190} INFO - [2024-08-20T03:36:22.714+0000] {dag.py:3211} INFO - Sync 3 DAGs
[2024-08-20T03:36:22.742+0000] {logging_mixin.py:190} INFO - [2024-08-20T03:36:22.741+0000] {dag.py:4138} INFO - Setting next_dagrun for example_subdag_operator to 2022-01-01 00:00:00+00:00, run_after=2022-01-01 00:00:00+00:00
[2024-08-20T03:36:22.746+0000] {logging_mixin.py:190} INFO - [2024-08-20T03:36:22.746+0000] {dag.py:4138} INFO - Setting next_dagrun for example_subdag_operator.section-1 to None, run_after=None
[2024-08-20T03:36:22.748+0000] {logging_mixin.py:190} INFO - [2024-08-20T03:36:22.748+0000] {dag.py:4138} INFO - Setting next_dagrun for example_subdag_operator.section-2 to None, run_after=None
[2024-08-20T03:36:22.756+0000] {logging_mixin.py:190} INFO - [2024-08-20T03:36:22.756+0000] {dag.py:3211} INFO - Sync 2 DAGs
[2024-08-20T03:36:22.763+0000] {logging_mixin.py:190} INFO - [2024-08-20T03:36:22.762+0000] {dag.py:4138} INFO - Setting next_dagrun for example_subdag_operator.section-1 to None, run_after=None
[2024-08-20T03:36:22.764+0000] {logging_mixin.py:190} INFO - [2024-08-20T03:36:22.763+0000] {dag.py:4138} INFO - Setting next_dagrun for example_subdag_operator.section-2 to None, run_after=None
[2024-08-20T03:36:22.778+0000] {processor.py:208} INFO - Processing /home/airflow/.local/lib/python3.12/site-packages/airflow/example_dags/example_subdag_operator.py took 0.130 seconds
[2024-08-20T03:36:52.894+0000] {processor.py:186} INFO - Started process (PID=2960) to work on /home/airflow/.local/lib/python3.12/site-packages/airflow/example_dags/example_subdag_operator.py
[2024-08-20T03:36:52.895+0000] {processor.py:914} INFO - Processing file /home/airflow/.local/lib/python3.12/site-packages/airflow/example_dags/example_subdag_operator.py for tasks to queue
[2024-08-20T03:36:52.901+0000] {logging_mixin.py:190} INFO - [2024-08-20T03:36:52.901+0000] {dagbag.py:587} INFO - Filling up the DagBag from /home/airflow/.local/lib/python3.12/site-packages/airflow/example_dags/example_subdag_operator.py
[2024-08-20T03:36:52.928+0000] {processor.py:925} INFO - DAG(s) 'example_subdag_operator.section-1', 'example_subdag_operator.section-2', 'example_subdag_operator' retrieved from /home/airflow/.local/lib/python3.12/site-packages/airflow/example_dags/example_subdag_operator.py
[2024-08-20T03:36:52.951+0000] {logging_mixin.py:190} INFO - [2024-08-20T03:36:52.951+0000] {dag.py:3211} INFO - Sync 3 DAGs
[2024-08-20T03:36:52.980+0000] {logging_mixin.py:190} INFO - [2024-08-20T03:36:52.980+0000] {dag.py:4138} INFO - Setting next_dagrun for example_subdag_operator to 2022-01-01 00:00:00+00:00, run_after=2022-01-01 00:00:00+00:00
[2024-08-20T03:36:52.985+0000] {logging_mixin.py:190} INFO - [2024-08-20T03:36:52.985+0000] {dag.py:4138} INFO - Setting next_dagrun for example_subdag_operator.section-1 to None, run_after=None
[2024-08-20T03:36:52.987+0000] {logging_mixin.py:190} INFO - [2024-08-20T03:36:52.987+0000] {dag.py:4138} INFO - Setting next_dagrun for example_subdag_operator.section-2 to None, run_after=None
[2024-08-20T03:36:52.995+0000] {logging_mixin.py:190} INFO - [2024-08-20T03:36:52.994+0000] {dag.py:3211} INFO - Sync 2 DAGs
[2024-08-20T03:36:53.001+0000] {logging_mixin.py:190} INFO - [2024-08-20T03:36:53.001+0000] {dag.py:4138} INFO - Setting next_dagrun for example_subdag_operator.section-1 to None, run_after=None
[2024-08-20T03:36:53.002+0000] {logging_mixin.py:190} INFO - [2024-08-20T03:36:53.002+0000] {dag.py:4138} INFO - Setting next_dagrun for example_subdag_operator.section-2 to None, run_after=None
[2024-08-20T03:36:53.018+0000] {processor.py:208} INFO - Processing /home/airflow/.local/lib/python3.12/site-packages/airflow/example_dags/example_subdag_operator.py took 0.130 seconds
[2024-08-20T03:37:23.375+0000] {processor.py:186} INFO - Started process (PID=3246) to work on /home/airflow/.local/lib/python3.12/site-packages/airflow/example_dags/example_subdag_operator.py
[2024-08-20T03:37:23.376+0000] {processor.py:914} INFO - Processing file /home/airflow/.local/lib/python3.12/site-packages/airflow/example_dags/example_subdag_operator.py for tasks to queue
[2024-08-20T03:37:23.379+0000] {logging_mixin.py:190} INFO - [2024-08-20T03:37:23.378+0000] {dagbag.py:587} INFO - Filling up the DagBag from /home/airflow/.local/lib/python3.12/site-packages/airflow/example_dags/example_subdag_operator.py
[2024-08-20T03:37:23.405+0000] {processor.py:925} INFO - DAG(s) 'example_subdag_operator.section-1', 'example_subdag_operator.section-2', 'example_subdag_operator' retrieved from /home/airflow/.local/lib/python3.12/site-packages/airflow/example_dags/example_subdag_operator.py
[2024-08-20T03:37:23.423+0000] {logging_mixin.py:190} INFO - [2024-08-20T03:37:23.422+0000] {dag.py:3211} INFO - Sync 3 DAGs
[2024-08-20T03:37:23.452+0000] {logging_mixin.py:190} INFO - [2024-08-20T03:37:23.452+0000] {dag.py:4138} INFO - Setting next_dagrun for example_subdag_operator to 2022-01-01 00:00:00+00:00, run_after=2022-01-01 00:00:00+00:00
[2024-08-20T03:37:23.457+0000] {logging_mixin.py:190} INFO - [2024-08-20T03:37:23.456+0000] {dag.py:4138} INFO - Setting next_dagrun for example_subdag_operator.section-1 to None, run_after=None
[2024-08-20T03:37:23.458+0000] {logging_mixin.py:190} INFO - [2024-08-20T03:37:23.458+0000] {dag.py:4138} INFO - Setting next_dagrun for example_subdag_operator.section-2 to None, run_after=None
[2024-08-20T03:37:23.466+0000] {logging_mixin.py:190} INFO - [2024-08-20T03:37:23.466+0000] {dag.py:3211} INFO - Sync 2 DAGs
[2024-08-20T03:37:23.473+0000] {logging_mixin.py:190} INFO - [2024-08-20T03:37:23.473+0000] {dag.py:4138} INFO - Setting next_dagrun for example_subdag_operator.section-1 to None, run_after=None
[2024-08-20T03:37:23.474+0000] {logging_mixin.py:190} INFO - [2024-08-20T03:37:23.474+0000] {dag.py:4138} INFO - Setting next_dagrun for example_subdag_operator.section-2 to None, run_after=None
[2024-08-20T03:37:23.487+0000] {processor.py:208} INFO - Processing /home/airflow/.local/lib/python3.12/site-packages/airflow/example_dags/example_subdag_operator.py took 0.119 seconds
[2024-08-20T03:37:53.875+0000] {processor.py:186} INFO - Started process (PID=3532) to work on /home/airflow/.local/lib/python3.12/site-packages/airflow/example_dags/example_subdag_operator.py
[2024-08-20T03:37:53.876+0000] {processor.py:914} INFO - Processing file /home/airflow/.local/lib/python3.12/site-packages/airflow/example_dags/example_subdag_operator.py for tasks to queue
[2024-08-20T03:37:53.879+0000] {logging_mixin.py:190} INFO - [2024-08-20T03:37:53.879+0000] {dagbag.py:587} INFO - Filling up the DagBag from /home/airflow/.local/lib/python3.12/site-packages/airflow/example_dags/example_subdag_operator.py
[2024-08-20T03:37:53.906+0000] {processor.py:925} INFO - DAG(s) 'example_subdag_operator.section-1', 'example_subdag_operator.section-2', 'example_subdag_operator' retrieved from /home/airflow/.local/lib/python3.12/site-packages/airflow/example_dags/example_subdag_operator.py
[2024-08-20T03:37:53.924+0000] {logging_mixin.py:190} INFO - [2024-08-20T03:37:53.924+0000] {dag.py:3211} INFO - Sync 3 DAGs
[2024-08-20T03:37:53.948+0000] {logging_mixin.py:190} INFO - [2024-08-20T03:37:53.948+0000] {dag.py:4138} INFO - Setting next_dagrun for example_subdag_operator to 2022-01-01 00:00:00+00:00, run_after=2022-01-01 00:00:00+00:00
[2024-08-20T03:37:53.953+0000] {logging_mixin.py:190} INFO - [2024-08-20T03:37:53.953+0000] {dag.py:4138} INFO - Setting next_dagrun for example_subdag_operator.section-1 to None, run_after=None
[2024-08-20T03:37:53.955+0000] {logging_mixin.py:190} INFO - [2024-08-20T03:37:53.955+0000] {dag.py:4138} INFO - Setting next_dagrun for example_subdag_operator.section-2 to None, run_after=None
[2024-08-20T03:37:53.963+0000] {logging_mixin.py:190} INFO - [2024-08-20T03:37:53.963+0000] {dag.py:3211} INFO - Sync 2 DAGs
[2024-08-20T03:37:53.971+0000] {logging_mixin.py:190} INFO - [2024-08-20T03:37:53.970+0000] {dag.py:4138} INFO - Setting next_dagrun for example_subdag_operator.section-1 to None, run_after=None
[2024-08-20T03:37:53.972+0000] {logging_mixin.py:190} INFO - [2024-08-20T03:37:53.972+0000] {dag.py:4138} INFO - Setting next_dagrun for example_subdag_operator.section-2 to None, run_after=None
[2024-08-20T03:37:53.989+0000] {processor.py:208} INFO - Processing /home/airflow/.local/lib/python3.12/site-packages/airflow/example_dags/example_subdag_operator.py took 0.120 seconds
[2024-08-20T03:38:24.190+0000] {processor.py:186} INFO - Started process (PID=3818) to work on /home/airflow/.local/lib/python3.12/site-packages/airflow/example_dags/example_subdag_operator.py
[2024-08-20T03:38:24.191+0000] {processor.py:914} INFO - Processing file /home/airflow/.local/lib/python3.12/site-packages/airflow/example_dags/example_subdag_operator.py for tasks to queue
[2024-08-20T03:38:24.193+0000] {logging_mixin.py:190} INFO - [2024-08-20T03:38:24.193+0000] {dagbag.py:587} INFO - Filling up the DagBag from /home/airflow/.local/lib/python3.12/site-packages/airflow/example_dags/example_subdag_operator.py
[2024-08-20T03:38:24.219+0000] {processor.py:925} INFO - DAG(s) 'example_subdag_operator.section-1', 'example_subdag_operator.section-2', 'example_subdag_operator' retrieved from /home/airflow/.local/lib/python3.12/site-packages/airflow/example_dags/example_subdag_operator.py
[2024-08-20T03:38:24.236+0000] {logging_mixin.py:190} INFO - [2024-08-20T03:38:24.236+0000] {dag.py:3211} INFO - Sync 3 DAGs
[2024-08-20T03:38:24.263+0000] {logging_mixin.py:190} INFO - [2024-08-20T03:38:24.263+0000] {dag.py:4138} INFO - Setting next_dagrun for example_subdag_operator to 2022-01-01 00:00:00+00:00, run_after=2022-01-01 00:00:00+00:00
[2024-08-20T03:38:24.268+0000] {logging_mixin.py:190} INFO - [2024-08-20T03:38:24.267+0000] {dag.py:4138} INFO - Setting next_dagrun for example_subdag_operator.section-1 to None, run_after=None
[2024-08-20T03:38:24.270+0000] {logging_mixin.py:190} INFO - [2024-08-20T03:38:24.269+0000] {dag.py:4138} INFO - Setting next_dagrun for example_subdag_operator.section-2 to None, run_after=None
[2024-08-20T03:38:24.278+0000] {logging_mixin.py:190} INFO - [2024-08-20T03:38:24.278+0000] {dag.py:3211} INFO - Sync 2 DAGs
[2024-08-20T03:38:24.285+0000] {logging_mixin.py:190} INFO - [2024-08-20T03:38:24.284+0000] {dag.py:4138} INFO - Setting next_dagrun for example_subdag_operator.section-1 to None, run_after=None
[2024-08-20T03:38:24.285+0000] {logging_mixin.py:190} INFO - [2024-08-20T03:38:24.285+0000] {dag.py:4138} INFO - Setting next_dagrun for example_subdag_operator.section-2 to None, run_after=None
[2024-08-20T03:38:24.299+0000] {processor.py:208} INFO - Processing /home/airflow/.local/lib/python3.12/site-packages/airflow/example_dags/example_subdag_operator.py took 0.116 seconds
[2024-08-20T03:38:54.623+0000] {processor.py:186} INFO - Started process (PID=4104) to work on /home/airflow/.local/lib/python3.12/site-packages/airflow/example_dags/example_subdag_operator.py
[2024-08-20T03:38:54.624+0000] {processor.py:914} INFO - Processing file /home/airflow/.local/lib/python3.12/site-packages/airflow/example_dags/example_subdag_operator.py for tasks to queue
[2024-08-20T03:38:54.626+0000] {logging_mixin.py:190} INFO - [2024-08-20T03:38:54.626+0000] {dagbag.py:587} INFO - Filling up the DagBag from /home/airflow/.local/lib/python3.12/site-packages/airflow/example_dags/example_subdag_operator.py
[2024-08-20T03:38:54.653+0000] {processor.py:925} INFO - DAG(s) 'example_subdag_operator.section-1', 'example_subdag_operator.section-2', 'example_subdag_operator' retrieved from /home/airflow/.local/lib/python3.12/site-packages/airflow/example_dags/example_subdag_operator.py
[2024-08-20T03:38:54.671+0000] {logging_mixin.py:190} INFO - [2024-08-20T03:38:54.670+0000] {dag.py:3211} INFO - Sync 3 DAGs
[2024-08-20T03:38:54.698+0000] {logging_mixin.py:190} INFO - [2024-08-20T03:38:54.698+0000] {dag.py:4138} INFO - Setting next_dagrun for example_subdag_operator to 2022-01-01 00:00:00+00:00, run_after=2022-01-01 00:00:00+00:00
[2024-08-20T03:38:54.703+0000] {logging_mixin.py:190} INFO - [2024-08-20T03:38:54.703+0000] {dag.py:4138} INFO - Setting next_dagrun for example_subdag_operator.section-1 to None, run_after=None
[2024-08-20T03:38:54.706+0000] {logging_mixin.py:190} INFO - [2024-08-20T03:38:54.706+0000] {dag.py:4138} INFO - Setting next_dagrun for example_subdag_operator.section-2 to None, run_after=None
[2024-08-20T03:38:54.716+0000] {logging_mixin.py:190} INFO - [2024-08-20T03:38:54.716+0000] {dag.py:3211} INFO - Sync 2 DAGs
[2024-08-20T03:38:54.724+0000] {logging_mixin.py:190} INFO - [2024-08-20T03:38:54.723+0000] {dag.py:4138} INFO - Setting next_dagrun for example_subdag_operator.section-1 to None, run_after=None
[2024-08-20T03:38:54.725+0000] {logging_mixin.py:190} INFO - [2024-08-20T03:38:54.724+0000] {dag.py:4138} INFO - Setting next_dagrun for example_subdag_operator.section-2 to None, run_after=None
[2024-08-20T03:38:54.742+0000] {processor.py:208} INFO - Processing /home/airflow/.local/lib/python3.12/site-packages/airflow/example_dags/example_subdag_operator.py took 0.125 seconds
[2024-08-20T03:39:24.996+0000] {processor.py:186} INFO - Started process (PID=4390) to work on /home/airflow/.local/lib/python3.12/site-packages/airflow/example_dags/example_subdag_operator.py
[2024-08-20T03:39:24.997+0000] {processor.py:914} INFO - Processing file /home/airflow/.local/lib/python3.12/site-packages/airflow/example_dags/example_subdag_operator.py for tasks to queue
[2024-08-20T03:39:24.999+0000] {logging_mixin.py:190} INFO - [2024-08-20T03:39:24.999+0000] {dagbag.py:587} INFO - Filling up the DagBag from /home/airflow/.local/lib/python3.12/site-packages/airflow/example_dags/example_subdag_operator.py
[2024-08-20T03:39:25.025+0000] {processor.py:925} INFO - DAG(s) 'example_subdag_operator.section-1', 'example_subdag_operator.section-2', 'example_subdag_operator' retrieved from /home/airflow/.local/lib/python3.12/site-packages/airflow/example_dags/example_subdag_operator.py
[2024-08-20T03:39:25.046+0000] {logging_mixin.py:190} INFO - [2024-08-20T03:39:25.046+0000] {dag.py:3211} INFO - Sync 3 DAGs
[2024-08-20T03:39:25.078+0000] {logging_mixin.py:190} INFO - [2024-08-20T03:39:25.077+0000] {dag.py:4138} INFO - Setting next_dagrun for example_subdag_operator to 2022-01-01 00:00:00+00:00, run_after=2022-01-01 00:00:00+00:00
[2024-08-20T03:39:25.082+0000] {logging_mixin.py:190} INFO - [2024-08-20T03:39:25.082+0000] {dag.py:4138} INFO - Setting next_dagrun for example_subdag_operator.section-1 to None, run_after=None
[2024-08-20T03:39:25.084+0000] {logging_mixin.py:190} INFO - [2024-08-20T03:39:25.084+0000] {dag.py:4138} INFO - Setting next_dagrun for example_subdag_operator.section-2 to None, run_after=None
[2024-08-20T03:39:25.092+0000] {logging_mixin.py:190} INFO - [2024-08-20T03:39:25.092+0000] {dag.py:3211} INFO - Sync 2 DAGs
[2024-08-20T03:39:25.098+0000] {logging_mixin.py:190} INFO - [2024-08-20T03:39:25.098+0000] {dag.py:4138} INFO - Setting next_dagrun for example_subdag_operator.section-1 to None, run_after=None
[2024-08-20T03:39:25.099+0000] {logging_mixin.py:190} INFO - [2024-08-20T03:39:25.098+0000] {dag.py:4138} INFO - Setting next_dagrun for example_subdag_operator.section-2 to None, run_after=None
[2024-08-20T03:39:25.113+0000] {processor.py:208} INFO - Processing /home/airflow/.local/lib/python3.12/site-packages/airflow/example_dags/example_subdag_operator.py took 0.124 seconds
[2024-08-20T03:39:55.246+0000] {processor.py:186} INFO - Started process (PID=4676) to work on /home/airflow/.local/lib/python3.12/site-packages/airflow/example_dags/example_subdag_operator.py
[2024-08-20T03:39:55.246+0000] {processor.py:914} INFO - Processing file /home/airflow/.local/lib/python3.12/site-packages/airflow/example_dags/example_subdag_operator.py for tasks to queue
[2024-08-20T03:39:55.249+0000] {logging_mixin.py:190} INFO - [2024-08-20T03:39:55.249+0000] {dagbag.py:587} INFO - Filling up the DagBag from /home/airflow/.local/lib/python3.12/site-packages/airflow/example_dags/example_subdag_operator.py
[2024-08-20T03:39:55.275+0000] {processor.py:925} INFO - DAG(s) 'example_subdag_operator.section-1', 'example_subdag_operator.section-2', 'example_subdag_operator' retrieved from /home/airflow/.local/lib/python3.12/site-packages/airflow/example_dags/example_subdag_operator.py
[2024-08-20T03:39:55.293+0000] {logging_mixin.py:190} INFO - [2024-08-20T03:39:55.292+0000] {dag.py:3211} INFO - Sync 3 DAGs
[2024-08-20T03:39:55.320+0000] {logging_mixin.py:190} INFO - [2024-08-20T03:39:55.319+0000] {dag.py:4138} INFO - Setting next_dagrun for example_subdag_operator to 2022-01-01 00:00:00+00:00, run_after=2022-01-01 00:00:00+00:00
[2024-08-20T03:39:55.326+0000] {logging_mixin.py:190} INFO - [2024-08-20T03:39:55.325+0000] {dag.py:4138} INFO - Setting next_dagrun for example_subdag_operator.section-1 to None, run_after=None
[2024-08-20T03:39:55.328+0000] {logging_mixin.py:190} INFO - [2024-08-20T03:39:55.327+0000] {dag.py:4138} INFO - Setting next_dagrun for example_subdag_operator.section-2 to None, run_after=None
[2024-08-20T03:39:55.337+0000] {logging_mixin.py:190} INFO - [2024-08-20T03:39:55.336+0000] {dag.py:3211} INFO - Sync 2 DAGs
[2024-08-20T03:39:55.343+0000] {logging_mixin.py:190} INFO - [2024-08-20T03:39:55.343+0000] {dag.py:4138} INFO - Setting next_dagrun for example_subdag_operator.section-1 to None, run_after=None
[2024-08-20T03:39:55.344+0000] {logging_mixin.py:190} INFO - [2024-08-20T03:39:55.343+0000] {dag.py:4138} INFO - Setting next_dagrun for example_subdag_operator.section-2 to None, run_after=None
[2024-08-20T03:39:55.359+0000] {processor.py:208} INFO - Processing /home/airflow/.local/lib/python3.12/site-packages/airflow/example_dags/example_subdag_operator.py took 0.120 seconds
[2024-08-20T03:40:25.622+0000] {processor.py:186} INFO - Started process (PID=4962) to work on /home/airflow/.local/lib/python3.12/site-packages/airflow/example_dags/example_subdag_operator.py
[2024-08-20T03:40:25.624+0000] {processor.py:914} INFO - Processing file /home/airflow/.local/lib/python3.12/site-packages/airflow/example_dags/example_subdag_operator.py for tasks to queue
[2024-08-20T03:40:25.627+0000] {logging_mixin.py:190} INFO - [2024-08-20T03:40:25.627+0000] {dagbag.py:587} INFO - Filling up the DagBag from /home/airflow/.local/lib/python3.12/site-packages/airflow/example_dags/example_subdag_operator.py
[2024-08-20T03:40:25.658+0000] {processor.py:925} INFO - DAG(s) 'example_subdag_operator.section-1', 'example_subdag_operator.section-2', 'example_subdag_operator' retrieved from /home/airflow/.local/lib/python3.12/site-packages/airflow/example_dags/example_subdag_operator.py
[2024-08-20T03:40:25.674+0000] {logging_mixin.py:190} INFO - [2024-08-20T03:40:25.674+0000] {dag.py:3211} INFO - Sync 3 DAGs
[2024-08-20T03:40:25.699+0000] {logging_mixin.py:190} INFO - [2024-08-20T03:40:25.699+0000] {dag.py:4138} INFO - Setting next_dagrun for example_subdag_operator to 2022-01-01 00:00:00+00:00, run_after=2022-01-01 00:00:00+00:00
[2024-08-20T03:40:25.704+0000] {logging_mixin.py:190} INFO - [2024-08-20T03:40:25.704+0000] {dag.py:4138} INFO - Setting next_dagrun for example_subdag_operator.section-1 to None, run_after=None
[2024-08-20T03:40:25.706+0000] {logging_mixin.py:190} INFO - [2024-08-20T03:40:25.706+0000] {dag.py:4138} INFO - Setting next_dagrun for example_subdag_operator.section-2 to None, run_after=None
[2024-08-20T03:40:25.717+0000] {logging_mixin.py:190} INFO - [2024-08-20T03:40:25.717+0000] {dag.py:3211} INFO - Sync 2 DAGs
[2024-08-20T03:40:25.724+0000] {logging_mixin.py:190} INFO - [2024-08-20T03:40:25.724+0000] {dag.py:4138} INFO - Setting next_dagrun for example_subdag_operator.section-1 to None, run_after=None
[2024-08-20T03:40:25.725+0000] {logging_mixin.py:190} INFO - [2024-08-20T03:40:25.725+0000] {dag.py:4138} INFO - Setting next_dagrun for example_subdag_operator.section-2 to None, run_after=None
[2024-08-20T03:40:25.739+0000] {processor.py:208} INFO - Processing /home/airflow/.local/lib/python3.12/site-packages/airflow/example_dags/example_subdag_operator.py took 0.125 seconds
[2024-08-20T03:40:55.899+0000] {processor.py:186} INFO - Started process (PID=5248) to work on /home/airflow/.local/lib/python3.12/site-packages/airflow/example_dags/example_subdag_operator.py
[2024-08-20T03:40:55.900+0000] {processor.py:914} INFO - Processing file /home/airflow/.local/lib/python3.12/site-packages/airflow/example_dags/example_subdag_operator.py for tasks to queue
[2024-08-20T03:40:55.903+0000] {logging_mixin.py:190} INFO - [2024-08-20T03:40:55.902+0000] {dagbag.py:587} INFO - Filling up the DagBag from /home/airflow/.local/lib/python3.12/site-packages/airflow/example_dags/example_subdag_operator.py
[2024-08-20T03:40:55.935+0000] {processor.py:925} INFO - DAG(s) 'example_subdag_operator.section-1', 'example_subdag_operator.section-2', 'example_subdag_operator' retrieved from /home/airflow/.local/lib/python3.12/site-packages/airflow/example_dags/example_subdag_operator.py
[2024-08-20T03:40:55.956+0000] {logging_mixin.py:190} INFO - [2024-08-20T03:40:55.955+0000] {dag.py:3211} INFO - Sync 3 DAGs
[2024-08-20T03:40:55.982+0000] {logging_mixin.py:190} INFO - [2024-08-20T03:40:55.982+0000] {dag.py:4138} INFO - Setting next_dagrun for example_subdag_operator to 2022-01-01 00:00:00+00:00, run_after=2022-01-01 00:00:00+00:00
[2024-08-20T03:40:55.987+0000] {logging_mixin.py:190} INFO - [2024-08-20T03:40:55.986+0000] {dag.py:4138} INFO - Setting next_dagrun for example_subdag_operator.section-1 to None, run_after=None
[2024-08-20T03:40:55.988+0000] {logging_mixin.py:190} INFO - [2024-08-20T03:40:55.988+0000] {dag.py:4138} INFO - Setting next_dagrun for example_subdag_operator.section-2 to None, run_after=None
[2024-08-20T03:40:55.996+0000] {logging_mixin.py:190} INFO - [2024-08-20T03:40:55.996+0000] {dag.py:3211} INFO - Sync 2 DAGs
[2024-08-20T03:40:56.002+0000] {logging_mixin.py:190} INFO - [2024-08-20T03:40:56.002+0000] {dag.py:4138} INFO - Setting next_dagrun for example_subdag_operator.section-1 to None, run_after=None
[2024-08-20T03:40:56.003+0000] {logging_mixin.py:190} INFO - [2024-08-20T03:40:56.002+0000] {dag.py:4138} INFO - Setting next_dagrun for example_subdag_operator.section-2 to None, run_after=None
[2024-08-20T03:40:56.017+0000] {processor.py:208} INFO - Processing /home/airflow/.local/lib/python3.12/site-packages/airflow/example_dags/example_subdag_operator.py took 0.125 seconds
[2024-08-20T03:41:26.416+0000] {processor.py:186} INFO - Started process (PID=5534) to work on /home/airflow/.local/lib/python3.12/site-packages/airflow/example_dags/example_subdag_operator.py
[2024-08-20T03:41:26.417+0000] {processor.py:914} INFO - Processing file /home/airflow/.local/lib/python3.12/site-packages/airflow/example_dags/example_subdag_operator.py for tasks to queue
[2024-08-20T03:41:26.420+0000] {logging_mixin.py:190} INFO - [2024-08-20T03:41:26.419+0000] {dagbag.py:587} INFO - Filling up the DagBag from /home/airflow/.local/lib/python3.12/site-packages/airflow/example_dags/example_subdag_operator.py
[2024-08-20T03:41:26.447+0000] {processor.py:925} INFO - DAG(s) 'example_subdag_operator.section-1', 'example_subdag_operator.section-2', 'example_subdag_operator' retrieved from /home/airflow/.local/lib/python3.12/site-packages/airflow/example_dags/example_subdag_operator.py
[2024-08-20T03:41:26.464+0000] {logging_mixin.py:190} INFO - [2024-08-20T03:41:26.464+0000] {dag.py:3211} INFO - Sync 3 DAGs
[2024-08-20T03:41:26.492+0000] {logging_mixin.py:190} INFO - [2024-08-20T03:41:26.492+0000] {dag.py:4138} INFO - Setting next_dagrun for example_subdag_operator to 2022-01-01 00:00:00+00:00, run_after=2022-01-01 00:00:00+00:00
[2024-08-20T03:41:26.497+0000] {logging_mixin.py:190} INFO - [2024-08-20T03:41:26.497+0000] {dag.py:4138} INFO - Setting next_dagrun for example_subdag_operator.section-1 to None, run_after=None
[2024-08-20T03:41:26.499+0000] {logging_mixin.py:190} INFO - [2024-08-20T03:41:26.499+0000] {dag.py:4138} INFO - Setting next_dagrun for example_subdag_operator.section-2 to None, run_after=None
[2024-08-20T03:41:26.508+0000] {logging_mixin.py:190} INFO - [2024-08-20T03:41:26.508+0000] {dag.py:3211} INFO - Sync 2 DAGs
[2024-08-20T03:41:26.515+0000] {logging_mixin.py:190} INFO - [2024-08-20T03:41:26.515+0000] {dag.py:4138} INFO - Setting next_dagrun for example_subdag_operator.section-1 to None, run_after=None
[2024-08-20T03:41:26.516+0000] {logging_mixin.py:190} INFO - [2024-08-20T03:41:26.515+0000] {dag.py:4138} INFO - Setting next_dagrun for example_subdag_operator.section-2 to None, run_after=None
[2024-08-20T03:41:26.530+0000] {processor.py:208} INFO - Processing /home/airflow/.local/lib/python3.12/site-packages/airflow/example_dags/example_subdag_operator.py took 0.121 seconds
[2024-08-20T03:41:56.904+0000] {processor.py:186} INFO - Started process (PID=5820) to work on /home/airflow/.local/lib/python3.12/site-packages/airflow/example_dags/example_subdag_operator.py
[2024-08-20T03:41:56.905+0000] {processor.py:914} INFO - Processing file /home/airflow/.local/lib/python3.12/site-packages/airflow/example_dags/example_subdag_operator.py for tasks to queue
[2024-08-20T03:41:56.908+0000] {logging_mixin.py:190} INFO - [2024-08-20T03:41:56.908+0000] {dagbag.py:587} INFO - Filling up the DagBag from /home/airflow/.local/lib/python3.12/site-packages/airflow/example_dags/example_subdag_operator.py
[2024-08-20T03:41:56.934+0000] {processor.py:925} INFO - DAG(s) 'example_subdag_operator.section-1', 'example_subdag_operator.section-2', 'example_subdag_operator' retrieved from /home/airflow/.local/lib/python3.12/site-packages/airflow/example_dags/example_subdag_operator.py
[2024-08-20T03:41:56.953+0000] {logging_mixin.py:190} INFO - [2024-08-20T03:41:56.952+0000] {dag.py:3211} INFO - Sync 3 DAGs
[2024-08-20T03:41:56.979+0000] {logging_mixin.py:190} INFO - [2024-08-20T03:41:56.979+0000] {dag.py:4138} INFO - Setting next_dagrun for example_subdag_operator to 2022-01-01 00:00:00+00:00, run_after=2022-01-01 00:00:00+00:00
[2024-08-20T03:41:56.985+0000] {logging_mixin.py:190} INFO - [2024-08-20T03:41:56.985+0000] {dag.py:4138} INFO - Setting next_dagrun for example_subdag_operator.section-1 to None, run_after=None
[2024-08-20T03:41:56.987+0000] {logging_mixin.py:190} INFO - [2024-08-20T03:41:56.986+0000] {dag.py:4138} INFO - Setting next_dagrun for example_subdag_operator.section-2 to None, run_after=None
[2024-08-20T03:41:56.995+0000] {logging_mixin.py:190} INFO - [2024-08-20T03:41:56.994+0000] {dag.py:3211} INFO - Sync 2 DAGs
[2024-08-20T03:41:57.002+0000] {logging_mixin.py:190} INFO - [2024-08-20T03:41:57.001+0000] {dag.py:4138} INFO - Setting next_dagrun for example_subdag_operator.section-1 to None, run_after=None
[2024-08-20T03:41:57.002+0000] {logging_mixin.py:190} INFO - [2024-08-20T03:41:57.002+0000] {dag.py:4138} INFO - Setting next_dagrun for example_subdag_operator.section-2 to None, run_after=None
[2024-08-20T03:41:57.015+0000] {processor.py:208} INFO - Processing /home/airflow/.local/lib/python3.12/site-packages/airflow/example_dags/example_subdag_operator.py took 0.119 seconds
