[2024-08-20T03:32:15.871+0000] {processor.py:186} INFO - Started process (PID=331) to work on /home/airflow/.local/lib/python3.12/site-packages/airflow/example_dags/example_branch_labels.py
[2024-08-20T03:32:15.872+0000] {processor.py:914} INFO - Processing file /home/airflow/.local/lib/python3.12/site-packages/airflow/example_dags/example_branch_labels.py for tasks to queue
[2024-08-20T03:32:15.875+0000] {logging_mixin.py:190} INFO - [2024-08-20T03:32:15.874+0000] {dagbag.py:587} INFO - Filling up the DagBag from /home/airflow/.local/lib/python3.12/site-packages/airflow/example_dags/example_branch_labels.py
[2024-08-20T03:32:15.886+0000] {processor.py:925} INFO - DAG(s) 'example_branch_labels' retrieved from /home/airflow/.local/lib/python3.12/site-packages/airflow/example_dags/example_branch_labels.py
[2024-08-20T03:32:16.022+0000] {logging_mixin.py:190} INFO - [2024-08-20T03:32:16.021+0000] {override.py:1858} INFO - Created Permission View: can read on DAG:example_branch_labels
[2024-08-20T03:32:16.037+0000] {logging_mixin.py:190} INFO - [2024-08-20T03:32:16.036+0000] {override.py:1858} INFO - Created Permission View: can delete on DAG:example_branch_labels
[2024-08-20T03:32:16.048+0000] {logging_mixin.py:190} INFO - [2024-08-20T03:32:16.047+0000] {override.py:1858} INFO - Created Permission View: can edit on DAG:example_branch_labels
[2024-08-20T03:32:16.048+0000] {logging_mixin.py:190} INFO - [2024-08-20T03:32:16.048+0000] {dag.py:3211} INFO - Sync 1 DAGs
[2024-08-20T03:32:16.068+0000] {logging_mixin.py:190} INFO - [2024-08-20T03:32:16.068+0000] {dag.py:3234} INFO - Creating ORM DAG for example_branch_labels
[2024-08-20T03:32:16.084+0000] {logging_mixin.py:190} INFO - [2024-08-20T03:32:16.084+0000] {dag.py:4138} INFO - Setting next_dagrun for example_branch_labels to 2024-08-19 00:00:00+00:00, run_after=2024-08-20 00:00:00+00:00
[2024-08-20T03:32:16.109+0000] {processor.py:208} INFO - Processing /home/airflow/.local/lib/python3.12/site-packages/airflow/example_dags/example_branch_labels.py took 0.247 seconds
[2024-08-20T03:32:46.326+0000] {processor.py:186} INFO - Started process (PID=617) to work on /home/airflow/.local/lib/python3.12/site-packages/airflow/example_dags/example_branch_labels.py
[2024-08-20T03:32:46.327+0000] {processor.py:914} INFO - Processing file /home/airflow/.local/lib/python3.12/site-packages/airflow/example_dags/example_branch_labels.py for tasks to queue
[2024-08-20T03:32:46.330+0000] {logging_mixin.py:190} INFO - [2024-08-20T03:32:46.330+0000] {dagbag.py:587} INFO - Filling up the DagBag from /home/airflow/.local/lib/python3.12/site-packages/airflow/example_dags/example_branch_labels.py
[2024-08-20T03:32:46.342+0000] {processor.py:925} INFO - DAG(s) 'example_branch_labels' retrieved from /home/airflow/.local/lib/python3.12/site-packages/airflow/example_dags/example_branch_labels.py
[2024-08-20T03:32:46.369+0000] {logging_mixin.py:190} INFO - [2024-08-20T03:32:46.368+0000] {dag.py:3211} INFO - Sync 1 DAGs
[2024-08-20T03:32:46.408+0000] {logging_mixin.py:190} INFO - [2024-08-20T03:32:46.408+0000] {dag.py:4138} INFO - Setting next_dagrun for example_branch_labels to 2024-08-19 00:00:00+00:00, run_after=2024-08-20 00:00:00+00:00
[2024-08-20T03:32:46.439+0000] {processor.py:208} INFO - Processing /home/airflow/.local/lib/python3.12/site-packages/airflow/example_dags/example_branch_labels.py took 0.120 seconds
[2024-08-20T03:33:16.603+0000] {processor.py:186} INFO - Started process (PID=903) to work on /home/airflow/.local/lib/python3.12/site-packages/airflow/example_dags/example_branch_labels.py
[2024-08-20T03:33:16.604+0000] {processor.py:914} INFO - Processing file /home/airflow/.local/lib/python3.12/site-packages/airflow/example_dags/example_branch_labels.py for tasks to queue
[2024-08-20T03:33:16.607+0000] {logging_mixin.py:190} INFO - [2024-08-20T03:33:16.607+0000] {dagbag.py:587} INFO - Filling up the DagBag from /home/airflow/.local/lib/python3.12/site-packages/airflow/example_dags/example_branch_labels.py
[2024-08-20T03:33:16.620+0000] {processor.py:925} INFO - DAG(s) 'example_branch_labels' retrieved from /home/airflow/.local/lib/python3.12/site-packages/airflow/example_dags/example_branch_labels.py
[2024-08-20T03:33:16.654+0000] {logging_mixin.py:190} INFO - [2024-08-20T03:33:16.654+0000] {dag.py:3211} INFO - Sync 1 DAGs
[2024-08-20T03:33:16.681+0000] {logging_mixin.py:190} INFO - [2024-08-20T03:33:16.681+0000] {dag.py:4138} INFO - Setting next_dagrun for example_branch_labels to 2024-08-19 00:00:00+00:00, run_after=2024-08-20 00:00:00+00:00
[2024-08-20T03:33:16.705+0000] {processor.py:208} INFO - Processing /home/airflow/.local/lib/python3.12/site-packages/airflow/example_dags/example_branch_labels.py took 0.109 seconds
[2024-08-20T03:33:46.961+0000] {processor.py:186} INFO - Started process (PID=1189) to work on /home/airflow/.local/lib/python3.12/site-packages/airflow/example_dags/example_branch_labels.py
[2024-08-20T03:33:46.963+0000] {processor.py:914} INFO - Processing file /home/airflow/.local/lib/python3.12/site-packages/airflow/example_dags/example_branch_labels.py for tasks to queue
[2024-08-20T03:33:46.966+0000] {logging_mixin.py:190} INFO - [2024-08-20T03:33:46.965+0000] {dagbag.py:587} INFO - Filling up the DagBag from /home/airflow/.local/lib/python3.12/site-packages/airflow/example_dags/example_branch_labels.py
[2024-08-20T03:33:46.977+0000] {processor.py:925} INFO - DAG(s) 'example_branch_labels' retrieved from /home/airflow/.local/lib/python3.12/site-packages/airflow/example_dags/example_branch_labels.py
[2024-08-20T03:33:47.000+0000] {logging_mixin.py:190} INFO - [2024-08-20T03:33:46.999+0000] {dag.py:3211} INFO - Sync 1 DAGs
[2024-08-20T03:33:47.027+0000] {logging_mixin.py:190} INFO - [2024-08-20T03:33:47.027+0000] {dag.py:4138} INFO - Setting next_dagrun for example_branch_labels to 2024-08-19 00:00:00+00:00, run_after=2024-08-20 00:00:00+00:00
[2024-08-20T03:33:47.049+0000] {processor.py:208} INFO - Processing /home/airflow/.local/lib/python3.12/site-packages/airflow/example_dags/example_branch_labels.py took 0.096 seconds
[2024-08-20T03:34:17.439+0000] {processor.py:186} INFO - Started process (PID=1472) to work on /home/airflow/.local/lib/python3.12/site-packages/airflow/example_dags/example_branch_labels.py
[2024-08-20T03:34:17.440+0000] {processor.py:914} INFO - Processing file /home/airflow/.local/lib/python3.12/site-packages/airflow/example_dags/example_branch_labels.py for tasks to queue
[2024-08-20T03:34:17.443+0000] {logging_mixin.py:190} INFO - [2024-08-20T03:34:17.442+0000] {dagbag.py:587} INFO - Filling up the DagBag from /home/airflow/.local/lib/python3.12/site-packages/airflow/example_dags/example_branch_labels.py
[2024-08-20T03:34:17.453+0000] {processor.py:925} INFO - DAG(s) 'example_branch_labels' retrieved from /home/airflow/.local/lib/python3.12/site-packages/airflow/example_dags/example_branch_labels.py
[2024-08-20T03:34:17.474+0000] {logging_mixin.py:190} INFO - [2024-08-20T03:34:17.473+0000] {dag.py:3211} INFO - Sync 1 DAGs
[2024-08-20T03:34:17.498+0000] {logging_mixin.py:190} INFO - [2024-08-20T03:34:17.498+0000] {dag.py:4138} INFO - Setting next_dagrun for example_branch_labels to 2024-08-19 00:00:00+00:00, run_after=2024-08-20 00:00:00+00:00
[2024-08-20T03:34:17.519+0000] {processor.py:208} INFO - Processing /home/airflow/.local/lib/python3.12/site-packages/airflow/example_dags/example_branch_labels.py took 0.087 seconds
[2024-08-20T03:34:48.174+0000] {processor.py:186} INFO - Started process (PID=1761) to work on /home/airflow/.local/lib/python3.12/site-packages/airflow/example_dags/example_branch_labels.py
[2024-08-20T03:34:48.175+0000] {processor.py:914} INFO - Processing file /home/airflow/.local/lib/python3.12/site-packages/airflow/example_dags/example_branch_labels.py for tasks to queue
[2024-08-20T03:34:48.179+0000] {logging_mixin.py:190} INFO - [2024-08-20T03:34:48.178+0000] {dagbag.py:587} INFO - Filling up the DagBag from /home/airflow/.local/lib/python3.12/site-packages/airflow/example_dags/example_branch_labels.py
[2024-08-20T03:34:48.191+0000] {processor.py:925} INFO - DAG(s) 'example_branch_labels' retrieved from /home/airflow/.local/lib/python3.12/site-packages/airflow/example_dags/example_branch_labels.py
[2024-08-20T03:34:48.219+0000] {logging_mixin.py:190} INFO - [2024-08-20T03:34:48.219+0000] {dag.py:3211} INFO - Sync 1 DAGs
[2024-08-20T03:34:48.250+0000] {logging_mixin.py:190} INFO - [2024-08-20T03:34:48.249+0000] {dag.py:4138} INFO - Setting next_dagrun for example_branch_labels to 2024-08-19 00:00:00+00:00, run_after=2024-08-20 00:00:00+00:00
[2024-08-20T03:34:48.274+0000] {processor.py:208} INFO - Processing /home/airflow/.local/lib/python3.12/site-packages/airflow/example_dags/example_branch_labels.py took 0.106 seconds
[2024-08-20T03:35:18.848+0000] {processor.py:186} INFO - Started process (PID=2049) to work on /home/airflow/.local/lib/python3.12/site-packages/airflow/example_dags/example_branch_labels.py
[2024-08-20T03:35:18.849+0000] {processor.py:914} INFO - Processing file /home/airflow/.local/lib/python3.12/site-packages/airflow/example_dags/example_branch_labels.py for tasks to queue
[2024-08-20T03:35:18.852+0000] {logging_mixin.py:190} INFO - [2024-08-20T03:35:18.852+0000] {dagbag.py:587} INFO - Filling up the DagBag from /home/airflow/.local/lib/python3.12/site-packages/airflow/example_dags/example_branch_labels.py
[2024-08-20T03:35:18.864+0000] {processor.py:925} INFO - DAG(s) 'example_branch_labels' retrieved from /home/airflow/.local/lib/python3.12/site-packages/airflow/example_dags/example_branch_labels.py
[2024-08-20T03:35:18.890+0000] {logging_mixin.py:190} INFO - [2024-08-20T03:35:18.890+0000] {dag.py:3211} INFO - Sync 1 DAGs
[2024-08-20T03:35:18.916+0000] {logging_mixin.py:190} INFO - [2024-08-20T03:35:18.916+0000] {dag.py:4138} INFO - Setting next_dagrun for example_branch_labels to 2024-08-19 00:00:00+00:00, run_after=2024-08-20 00:00:00+00:00
[2024-08-20T03:35:18.951+0000] {processor.py:208} INFO - Processing /home/airflow/.local/lib/python3.12/site-packages/airflow/example_dags/example_branch_labels.py took 0.110 seconds
[2024-08-20T03:35:49.342+0000] {processor.py:186} INFO - Started process (PID=2333) to work on /home/airflow/.local/lib/python3.12/site-packages/airflow/example_dags/example_branch_labels.py
[2024-08-20T03:35:49.343+0000] {processor.py:914} INFO - Processing file /home/airflow/.local/lib/python3.12/site-packages/airflow/example_dags/example_branch_labels.py for tasks to queue
[2024-08-20T03:35:49.346+0000] {logging_mixin.py:190} INFO - [2024-08-20T03:35:49.346+0000] {dagbag.py:587} INFO - Filling up the DagBag from /home/airflow/.local/lib/python3.12/site-packages/airflow/example_dags/example_branch_labels.py
[2024-08-20T03:35:49.360+0000] {processor.py:925} INFO - DAG(s) 'example_branch_labels' retrieved from /home/airflow/.local/lib/python3.12/site-packages/airflow/example_dags/example_branch_labels.py
[2024-08-20T03:35:49.383+0000] {logging_mixin.py:190} INFO - [2024-08-20T03:35:49.383+0000] {dag.py:3211} INFO - Sync 1 DAGs
[2024-08-20T03:35:49.423+0000] {logging_mixin.py:190} INFO - [2024-08-20T03:35:49.422+0000] {dag.py:4138} INFO - Setting next_dagrun for example_branch_labels to 2024-08-19 00:00:00+00:00, run_after=2024-08-20 00:00:00+00:00
[2024-08-20T03:35:49.464+0000] {processor.py:208} INFO - Processing /home/airflow/.local/lib/python3.12/site-packages/airflow/example_dags/example_branch_labels.py took 0.128 seconds
[2024-08-20T03:36:19.847+0000] {processor.py:186} INFO - Started process (PID=2619) to work on /home/airflow/.local/lib/python3.12/site-packages/airflow/example_dags/example_branch_labels.py
[2024-08-20T03:36:19.849+0000] {processor.py:914} INFO - Processing file /home/airflow/.local/lib/python3.12/site-packages/airflow/example_dags/example_branch_labels.py for tasks to queue
[2024-08-20T03:36:19.852+0000] {logging_mixin.py:190} INFO - [2024-08-20T03:36:19.852+0000] {dagbag.py:587} INFO - Filling up the DagBag from /home/airflow/.local/lib/python3.12/site-packages/airflow/example_dags/example_branch_labels.py
[2024-08-20T03:36:19.865+0000] {processor.py:925} INFO - DAG(s) 'example_branch_labels' retrieved from /home/airflow/.local/lib/python3.12/site-packages/airflow/example_dags/example_branch_labels.py
[2024-08-20T03:36:19.887+0000] {logging_mixin.py:190} INFO - [2024-08-20T03:36:19.887+0000] {dag.py:3211} INFO - Sync 1 DAGs
[2024-08-20T03:36:19.913+0000] {logging_mixin.py:190} INFO - [2024-08-20T03:36:19.912+0000] {dag.py:4138} INFO - Setting next_dagrun for example_branch_labels to 2024-08-19 00:00:00+00:00, run_after=2024-08-20 00:00:00+00:00
[2024-08-20T03:36:19.940+0000] {processor.py:208} INFO - Processing /home/airflow/.local/lib/python3.12/site-packages/airflow/example_dags/example_branch_labels.py took 0.100 seconds
[2024-08-20T03:36:50.218+0000] {processor.py:186} INFO - Started process (PID=2905) to work on /home/airflow/.local/lib/python3.12/site-packages/airflow/example_dags/example_branch_labels.py
[2024-08-20T03:36:50.219+0000] {processor.py:914} INFO - Processing file /home/airflow/.local/lib/python3.12/site-packages/airflow/example_dags/example_branch_labels.py for tasks to queue
[2024-08-20T03:36:50.223+0000] {logging_mixin.py:190} INFO - [2024-08-20T03:36:50.222+0000] {dagbag.py:587} INFO - Filling up the DagBag from /home/airflow/.local/lib/python3.12/site-packages/airflow/example_dags/example_branch_labels.py
[2024-08-20T03:36:50.233+0000] {processor.py:925} INFO - DAG(s) 'example_branch_labels' retrieved from /home/airflow/.local/lib/python3.12/site-packages/airflow/example_dags/example_branch_labels.py
[2024-08-20T03:36:50.254+0000] {logging_mixin.py:190} INFO - [2024-08-20T03:36:50.254+0000] {dag.py:3211} INFO - Sync 1 DAGs
[2024-08-20T03:36:50.280+0000] {logging_mixin.py:190} INFO - [2024-08-20T03:36:50.280+0000] {dag.py:4138} INFO - Setting next_dagrun for example_branch_labels to 2024-08-19 00:00:00+00:00, run_after=2024-08-20 00:00:00+00:00
[2024-08-20T03:36:50.303+0000] {processor.py:208} INFO - Processing /home/airflow/.local/lib/python3.12/site-packages/airflow/example_dags/example_branch_labels.py took 0.093 seconds
[2024-08-20T03:37:20.595+0000] {processor.py:186} INFO - Started process (PID=3191) to work on /home/airflow/.local/lib/python3.12/site-packages/airflow/example_dags/example_branch_labels.py
[2024-08-20T03:37:20.596+0000] {processor.py:914} INFO - Processing file /home/airflow/.local/lib/python3.12/site-packages/airflow/example_dags/example_branch_labels.py for tasks to queue
[2024-08-20T03:37:20.599+0000] {logging_mixin.py:190} INFO - [2024-08-20T03:37:20.598+0000] {dagbag.py:587} INFO - Filling up the DagBag from /home/airflow/.local/lib/python3.12/site-packages/airflow/example_dags/example_branch_labels.py
[2024-08-20T03:37:20.609+0000] {processor.py:925} INFO - DAG(s) 'example_branch_labels' retrieved from /home/airflow/.local/lib/python3.12/site-packages/airflow/example_dags/example_branch_labels.py
[2024-08-20T03:37:20.631+0000] {logging_mixin.py:190} INFO - [2024-08-20T03:37:20.631+0000] {dag.py:3211} INFO - Sync 1 DAGs
[2024-08-20T03:37:20.659+0000] {logging_mixin.py:190} INFO - [2024-08-20T03:37:20.659+0000] {dag.py:4138} INFO - Setting next_dagrun for example_branch_labels to 2024-08-19 00:00:00+00:00, run_after=2024-08-20 00:00:00+00:00
[2024-08-20T03:37:20.683+0000] {processor.py:208} INFO - Processing /home/airflow/.local/lib/python3.12/site-packages/airflow/example_dags/example_branch_labels.py took 0.094 seconds
[2024-08-20T03:37:51.145+0000] {processor.py:186} INFO - Started process (PID=3479) to work on /home/airflow/.local/lib/python3.12/site-packages/airflow/example_dags/example_branch_labels.py
[2024-08-20T03:37:51.146+0000] {processor.py:914} INFO - Processing file /home/airflow/.local/lib/python3.12/site-packages/airflow/example_dags/example_branch_labels.py for tasks to queue
[2024-08-20T03:37:51.149+0000] {logging_mixin.py:190} INFO - [2024-08-20T03:37:51.148+0000] {dagbag.py:587} INFO - Filling up the DagBag from /home/airflow/.local/lib/python3.12/site-packages/airflow/example_dags/example_branch_labels.py
[2024-08-20T03:37:51.160+0000] {processor.py:925} INFO - DAG(s) 'example_branch_labels' retrieved from /home/airflow/.local/lib/python3.12/site-packages/airflow/example_dags/example_branch_labels.py
[2024-08-20T03:37:51.181+0000] {logging_mixin.py:190} INFO - [2024-08-20T03:37:51.181+0000] {dag.py:3211} INFO - Sync 1 DAGs
[2024-08-20T03:37:51.207+0000] {logging_mixin.py:190} INFO - [2024-08-20T03:37:51.206+0000] {dag.py:4138} INFO - Setting next_dagrun for example_branch_labels to 2024-08-19 00:00:00+00:00, run_after=2024-08-20 00:00:00+00:00
[2024-08-20T03:37:51.235+0000] {processor.py:208} INFO - Processing /home/airflow/.local/lib/python3.12/site-packages/airflow/example_dags/example_branch_labels.py took 0.096 seconds
[2024-08-20T03:38:21.402+0000] {processor.py:186} INFO - Started process (PID=3763) to work on /home/airflow/.local/lib/python3.12/site-packages/airflow/example_dags/example_branch_labels.py
[2024-08-20T03:38:21.402+0000] {processor.py:914} INFO - Processing file /home/airflow/.local/lib/python3.12/site-packages/airflow/example_dags/example_branch_labels.py for tasks to queue
[2024-08-20T03:38:21.405+0000] {logging_mixin.py:190} INFO - [2024-08-20T03:38:21.405+0000] {dagbag.py:587} INFO - Filling up the DagBag from /home/airflow/.local/lib/python3.12/site-packages/airflow/example_dags/example_branch_labels.py
[2024-08-20T03:38:21.415+0000] {processor.py:925} INFO - DAG(s) 'example_branch_labels' retrieved from /home/airflow/.local/lib/python3.12/site-packages/airflow/example_dags/example_branch_labels.py
[2024-08-20T03:38:21.437+0000] {logging_mixin.py:190} INFO - [2024-08-20T03:38:21.436+0000] {dag.py:3211} INFO - Sync 1 DAGs
[2024-08-20T03:38:21.462+0000] {logging_mixin.py:190} INFO - [2024-08-20T03:38:21.462+0000] {dag.py:4138} INFO - Setting next_dagrun for example_branch_labels to 2024-08-19 00:00:00+00:00, run_after=2024-08-20 00:00:00+00:00
[2024-08-20T03:38:21.484+0000] {processor.py:208} INFO - Processing /home/airflow/.local/lib/python3.12/site-packages/airflow/example_dags/example_branch_labels.py took 0.089 seconds
[2024-08-20T03:38:51.755+0000] {processor.py:186} INFO - Started process (PID=4044) to work on /home/airflow/.local/lib/python3.12/site-packages/airflow/example_dags/example_branch_labels.py
[2024-08-20T03:38:51.756+0000] {processor.py:914} INFO - Processing file /home/airflow/.local/lib/python3.12/site-packages/airflow/example_dags/example_branch_labels.py for tasks to queue
[2024-08-20T03:38:51.759+0000] {logging_mixin.py:190} INFO - [2024-08-20T03:38:51.759+0000] {dagbag.py:587} INFO - Filling up the DagBag from /home/airflow/.local/lib/python3.12/site-packages/airflow/example_dags/example_branch_labels.py
[2024-08-20T03:38:51.771+0000] {processor.py:925} INFO - DAG(s) 'example_branch_labels' retrieved from /home/airflow/.local/lib/python3.12/site-packages/airflow/example_dags/example_branch_labels.py
[2024-08-20T03:38:51.795+0000] {logging_mixin.py:190} INFO - [2024-08-20T03:38:51.794+0000] {dag.py:3211} INFO - Sync 1 DAGs
[2024-08-20T03:38:51.831+0000] {logging_mixin.py:190} INFO - [2024-08-20T03:38:51.830+0000] {dag.py:4138} INFO - Setting next_dagrun for example_branch_labels to 2024-08-19 00:00:00+00:00, run_after=2024-08-20 00:00:00+00:00
[2024-08-20T03:38:51.852+0000] {processor.py:208} INFO - Processing /home/airflow/.local/lib/python3.12/site-packages/airflow/example_dags/example_branch_labels.py took 0.103 seconds
[2024-08-20T03:39:22.081+0000] {processor.py:186} INFO - Started process (PID=4330) to work on /home/airflow/.local/lib/python3.12/site-packages/airflow/example_dags/example_branch_labels.py
[2024-08-20T03:39:22.082+0000] {processor.py:914} INFO - Processing file /home/airflow/.local/lib/python3.12/site-packages/airflow/example_dags/example_branch_labels.py for tasks to queue
[2024-08-20T03:39:22.085+0000] {logging_mixin.py:190} INFO - [2024-08-20T03:39:22.084+0000] {dagbag.py:587} INFO - Filling up the DagBag from /home/airflow/.local/lib/python3.12/site-packages/airflow/example_dags/example_branch_labels.py
[2024-08-20T03:39:22.095+0000] {processor.py:925} INFO - DAG(s) 'example_branch_labels' retrieved from /home/airflow/.local/lib/python3.12/site-packages/airflow/example_dags/example_branch_labels.py
[2024-08-20T03:39:22.118+0000] {logging_mixin.py:190} INFO - [2024-08-20T03:39:22.117+0000] {dag.py:3211} INFO - Sync 1 DAGs
[2024-08-20T03:39:22.147+0000] {logging_mixin.py:190} INFO - [2024-08-20T03:39:22.147+0000] {dag.py:4138} INFO - Setting next_dagrun for example_branch_labels to 2024-08-19 00:00:00+00:00, run_after=2024-08-20 00:00:00+00:00
[2024-08-20T03:39:22.170+0000] {processor.py:208} INFO - Processing /home/airflow/.local/lib/python3.12/site-packages/airflow/example_dags/example_branch_labels.py took 0.096 seconds
[2024-08-20T03:39:52.423+0000] {processor.py:186} INFO - Started process (PID=4616) to work on /home/airflow/.local/lib/python3.12/site-packages/airflow/example_dags/example_branch_labels.py
[2024-08-20T03:39:52.424+0000] {processor.py:914} INFO - Processing file /home/airflow/.local/lib/python3.12/site-packages/airflow/example_dags/example_branch_labels.py for tasks to queue
[2024-08-20T03:39:52.426+0000] {logging_mixin.py:190} INFO - [2024-08-20T03:39:52.426+0000] {dagbag.py:587} INFO - Filling up the DagBag from /home/airflow/.local/lib/python3.12/site-packages/airflow/example_dags/example_branch_labels.py
[2024-08-20T03:39:52.437+0000] {processor.py:925} INFO - DAG(s) 'example_branch_labels' retrieved from /home/airflow/.local/lib/python3.12/site-packages/airflow/example_dags/example_branch_labels.py
[2024-08-20T03:39:52.460+0000] {logging_mixin.py:190} INFO - [2024-08-20T03:39:52.460+0000] {dag.py:3211} INFO - Sync 1 DAGs
[2024-08-20T03:39:52.488+0000] {logging_mixin.py:190} INFO - [2024-08-20T03:39:52.488+0000] {dag.py:4138} INFO - Setting next_dagrun for example_branch_labels to 2024-08-19 00:00:00+00:00, run_after=2024-08-20 00:00:00+00:00
[2024-08-20T03:39:52.511+0000] {processor.py:208} INFO - Processing /home/airflow/.local/lib/python3.12/site-packages/airflow/example_dags/example_branch_labels.py took 0.094 seconds
[2024-08-20T03:40:22.694+0000] {processor.py:186} INFO - Started process (PID=4902) to work on /home/airflow/.local/lib/python3.12/site-packages/airflow/example_dags/example_branch_labels.py
[2024-08-20T03:40:22.695+0000] {processor.py:914} INFO - Processing file /home/airflow/.local/lib/python3.12/site-packages/airflow/example_dags/example_branch_labels.py for tasks to queue
[2024-08-20T03:40:22.698+0000] {logging_mixin.py:190} INFO - [2024-08-20T03:40:22.697+0000] {dagbag.py:587} INFO - Filling up the DagBag from /home/airflow/.local/lib/python3.12/site-packages/airflow/example_dags/example_branch_labels.py
[2024-08-20T03:40:22.709+0000] {processor.py:925} INFO - DAG(s) 'example_branch_labels' retrieved from /home/airflow/.local/lib/python3.12/site-packages/airflow/example_dags/example_branch_labels.py
[2024-08-20T03:40:22.731+0000] {logging_mixin.py:190} INFO - [2024-08-20T03:40:22.731+0000] {dag.py:3211} INFO - Sync 1 DAGs
[2024-08-20T03:40:22.757+0000] {logging_mixin.py:190} INFO - [2024-08-20T03:40:22.757+0000] {dag.py:4138} INFO - Setting next_dagrun for example_branch_labels to 2024-08-19 00:00:00+00:00, run_after=2024-08-20 00:00:00+00:00
[2024-08-20T03:40:22.782+0000] {processor.py:208} INFO - Processing /home/airflow/.local/lib/python3.12/site-packages/airflow/example_dags/example_branch_labels.py took 0.094 seconds
[2024-08-20T03:40:53.107+0000] {processor.py:186} INFO - Started process (PID=5190) to work on /home/airflow/.local/lib/python3.12/site-packages/airflow/example_dags/example_branch_labels.py
[2024-08-20T03:40:53.108+0000] {processor.py:914} INFO - Processing file /home/airflow/.local/lib/python3.12/site-packages/airflow/example_dags/example_branch_labels.py for tasks to queue
[2024-08-20T03:40:53.111+0000] {logging_mixin.py:190} INFO - [2024-08-20T03:40:53.110+0000] {dagbag.py:587} INFO - Filling up the DagBag from /home/airflow/.local/lib/python3.12/site-packages/airflow/example_dags/example_branch_labels.py
[2024-08-20T03:40:53.121+0000] {processor.py:925} INFO - DAG(s) 'example_branch_labels' retrieved from /home/airflow/.local/lib/python3.12/site-packages/airflow/example_dags/example_branch_labels.py
[2024-08-20T03:40:53.148+0000] {logging_mixin.py:190} INFO - [2024-08-20T03:40:53.148+0000] {dag.py:3211} INFO - Sync 1 DAGs
[2024-08-20T03:40:53.175+0000] {logging_mixin.py:190} INFO - [2024-08-20T03:40:53.175+0000] {dag.py:4138} INFO - Setting next_dagrun for example_branch_labels to 2024-08-19 00:00:00+00:00, run_after=2024-08-20 00:00:00+00:00
[2024-08-20T03:40:53.198+0000] {processor.py:208} INFO - Processing /home/airflow/.local/lib/python3.12/site-packages/airflow/example_dags/example_branch_labels.py took 0.097 seconds
[2024-08-20T03:41:23.574+0000] {processor.py:186} INFO - Started process (PID=5474) to work on /home/airflow/.local/lib/python3.12/site-packages/airflow/example_dags/example_branch_labels.py
[2024-08-20T03:41:23.575+0000] {processor.py:914} INFO - Processing file /home/airflow/.local/lib/python3.12/site-packages/airflow/example_dags/example_branch_labels.py for tasks to queue
[2024-08-20T03:41:23.578+0000] {logging_mixin.py:190} INFO - [2024-08-20T03:41:23.577+0000] {dagbag.py:587} INFO - Filling up the DagBag from /home/airflow/.local/lib/python3.12/site-packages/airflow/example_dags/example_branch_labels.py
[2024-08-20T03:41:23.589+0000] {processor.py:925} INFO - DAG(s) 'example_branch_labels' retrieved from /home/airflow/.local/lib/python3.12/site-packages/airflow/example_dags/example_branch_labels.py
[2024-08-20T03:41:23.615+0000] {logging_mixin.py:190} INFO - [2024-08-20T03:41:23.615+0000] {dag.py:3211} INFO - Sync 1 DAGs
[2024-08-20T03:41:23.643+0000] {logging_mixin.py:190} INFO - [2024-08-20T03:41:23.643+0000] {dag.py:4138} INFO - Setting next_dagrun for example_branch_labels to 2024-08-19 00:00:00+00:00, run_after=2024-08-20 00:00:00+00:00
[2024-08-20T03:41:23.665+0000] {processor.py:208} INFO - Processing /home/airflow/.local/lib/python3.12/site-packages/airflow/example_dags/example_branch_labels.py took 0.097 seconds
[2024-08-20T03:41:54.085+0000] {processor.py:186} INFO - Started process (PID=5760) to work on /home/airflow/.local/lib/python3.12/site-packages/airflow/example_dags/example_branch_labels.py
[2024-08-20T03:41:54.086+0000] {processor.py:914} INFO - Processing file /home/airflow/.local/lib/python3.12/site-packages/airflow/example_dags/example_branch_labels.py for tasks to queue
[2024-08-20T03:41:54.089+0000] {logging_mixin.py:190} INFO - [2024-08-20T03:41:54.088+0000] {dagbag.py:587} INFO - Filling up the DagBag from /home/airflow/.local/lib/python3.12/site-packages/airflow/example_dags/example_branch_labels.py
[2024-08-20T03:41:54.100+0000] {processor.py:925} INFO - DAG(s) 'example_branch_labels' retrieved from /home/airflow/.local/lib/python3.12/site-packages/airflow/example_dags/example_branch_labels.py
[2024-08-20T03:41:54.124+0000] {logging_mixin.py:190} INFO - [2024-08-20T03:41:54.124+0000] {dag.py:3211} INFO - Sync 1 DAGs
[2024-08-20T03:41:54.150+0000] {logging_mixin.py:190} INFO - [2024-08-20T03:41:54.150+0000] {dag.py:4138} INFO - Setting next_dagrun for example_branch_labels to 2024-08-19 00:00:00+00:00, run_after=2024-08-20 00:00:00+00:00
[2024-08-20T03:41:54.171+0000] {processor.py:208} INFO - Processing /home/airflow/.local/lib/python3.12/site-packages/airflow/example_dags/example_branch_labels.py took 0.093 seconds
