[2024-08-20T03:32:10.707+0000] {processor.py:186} INFO - Started process (PID=191) to work on /home/airflow/.local/lib/python3.12/site-packages/airflow/example_dags/example_branch_python_dop_operator_3.py
[2024-08-20T03:32:10.711+0000] {processor.py:914} INFO - Processing file /home/airflow/.local/lib/python3.12/site-packages/airflow/example_dags/example_branch_python_dop_operator_3.py for tasks to queue
[2024-08-20T03:32:10.716+0000] {logging_mixin.py:190} INFO - [2024-08-20T03:32:10.715+0000] {dagbag.py:587} INFO - Filling up the DagBag from /home/airflow/.local/lib/python3.12/site-packages/airflow/example_dags/example_branch_python_dop_operator_3.py
[2024-08-20T03:32:10.746+0000] {processor.py:925} INFO - DAG(s) 'example_branch_dop_operator_v3' retrieved from /home/airflow/.local/lib/python3.12/site-packages/airflow/example_dags/example_branch_python_dop_operator_3.py
[2024-08-20T03:32:11.101+0000] {logging_mixin.py:190} INFO - [2024-08-20T03:32:11.101+0000] {override.py:1858} INFO - Created Permission View: can read on DAG:example_branch_dop_operator_v3
[2024-08-20T03:32:11.117+0000] {logging_mixin.py:190} INFO - [2024-08-20T03:32:11.117+0000] {override.py:1858} INFO - Created Permission View: can delete on DAG:example_branch_dop_operator_v3
[2024-08-20T03:32:11.130+0000] {logging_mixin.py:190} INFO - [2024-08-20T03:32:11.130+0000] {override.py:1858} INFO - Created Permission View: can edit on DAG:example_branch_dop_operator_v3
[2024-08-20T03:32:11.131+0000] {logging_mixin.py:190} INFO - [2024-08-20T03:32:11.131+0000] {dag.py:3211} INFO - Sync 1 DAGs
[2024-08-20T03:32:11.146+0000] {logging_mixin.py:190} INFO - [2024-08-20T03:32:11.145+0000] {dag.py:3234} INFO - Creating ORM DAG for example_branch_dop_operator_v3
[2024-08-20T03:32:11.164+0000] {logging_mixin.py:190} INFO - [2024-08-20T03:32:11.163+0000] {dag.py:4138} INFO - Setting next_dagrun for example_branch_dop_operator_v3 to 2024-08-20 03:31:00+00:00, run_after=2024-08-20 03:32:00+00:00
[2024-08-20T03:32:11.191+0000] {processor.py:208} INFO - Processing /home/airflow/.local/lib/python3.12/site-packages/airflow/example_dags/example_branch_python_dop_operator_3.py took 0.498 seconds
[2024-08-20T03:32:41.970+0000] {processor.py:186} INFO - Started process (PID=484) to work on /home/airflow/.local/lib/python3.12/site-packages/airflow/example_dags/example_branch_python_dop_operator_3.py
[2024-08-20T03:32:41.971+0000] {processor.py:914} INFO - Processing file /home/airflow/.local/lib/python3.12/site-packages/airflow/example_dags/example_branch_python_dop_operator_3.py for tasks to queue
[2024-08-20T03:32:41.975+0000] {logging_mixin.py:190} INFO - [2024-08-20T03:32:41.974+0000] {dagbag.py:587} INFO - Filling up the DagBag from /home/airflow/.local/lib/python3.12/site-packages/airflow/example_dags/example_branch_python_dop_operator_3.py
[2024-08-20T03:32:41.989+0000] {processor.py:925} INFO - DAG(s) 'example_branch_dop_operator_v3' retrieved from /home/airflow/.local/lib/python3.12/site-packages/airflow/example_dags/example_branch_python_dop_operator_3.py
[2024-08-20T03:32:42.020+0000] {logging_mixin.py:190} INFO - [2024-08-20T03:32:42.020+0000] {dag.py:3211} INFO - Sync 1 DAGs
[2024-08-20T03:32:42.056+0000] {logging_mixin.py:190} INFO - [2024-08-20T03:32:42.055+0000] {dag.py:4138} INFO - Setting next_dagrun for example_branch_dop_operator_v3 to 2024-08-20 03:31:00+00:00, run_after=2024-08-20 03:32:00+00:00
[2024-08-20T03:32:42.083+0000] {processor.py:208} INFO - Processing /home/airflow/.local/lib/python3.12/site-packages/airflow/example_dags/example_branch_python_dop_operator_3.py took 0.120 seconds
[2024-08-20T03:33:12.210+0000] {processor.py:186} INFO - Started process (PID=770) to work on /home/airflow/.local/lib/python3.12/site-packages/airflow/example_dags/example_branch_python_dop_operator_3.py
[2024-08-20T03:33:12.211+0000] {processor.py:914} INFO - Processing file /home/airflow/.local/lib/python3.12/site-packages/airflow/example_dags/example_branch_python_dop_operator_3.py for tasks to queue
[2024-08-20T03:33:12.216+0000] {logging_mixin.py:190} INFO - [2024-08-20T03:33:12.215+0000] {dagbag.py:587} INFO - Filling up the DagBag from /home/airflow/.local/lib/python3.12/site-packages/airflow/example_dags/example_branch_python_dop_operator_3.py
[2024-08-20T03:33:12.228+0000] {processor.py:925} INFO - DAG(s) 'example_branch_dop_operator_v3' retrieved from /home/airflow/.local/lib/python3.12/site-packages/airflow/example_dags/example_branch_python_dop_operator_3.py
[2024-08-20T03:33:12.254+0000] {logging_mixin.py:190} INFO - [2024-08-20T03:33:12.254+0000] {dag.py:3211} INFO - Sync 1 DAGs
[2024-08-20T03:33:12.284+0000] {logging_mixin.py:190} INFO - [2024-08-20T03:33:12.284+0000] {dag.py:4138} INFO - Setting next_dagrun for example_branch_dop_operator_v3 to 2024-08-20 03:32:00+00:00, run_after=2024-08-20 03:33:00+00:00
[2024-08-20T03:33:12.309+0000] {processor.py:208} INFO - Processing /home/airflow/.local/lib/python3.12/site-packages/airflow/example_dags/example_branch_python_dop_operator_3.py took 0.111 seconds
[2024-08-20T03:33:42.951+0000] {processor.py:186} INFO - Started process (PID=1056) to work on /home/airflow/.local/lib/python3.12/site-packages/airflow/example_dags/example_branch_python_dop_operator_3.py
[2024-08-20T03:33:42.953+0000] {processor.py:914} INFO - Processing file /home/airflow/.local/lib/python3.12/site-packages/airflow/example_dags/example_branch_python_dop_operator_3.py for tasks to queue
[2024-08-20T03:33:42.958+0000] {logging_mixin.py:190} INFO - [2024-08-20T03:33:42.957+0000] {dagbag.py:587} INFO - Filling up the DagBag from /home/airflow/.local/lib/python3.12/site-packages/airflow/example_dags/example_branch_python_dop_operator_3.py
[2024-08-20T03:33:42.974+0000] {processor.py:925} INFO - DAG(s) 'example_branch_dop_operator_v3' retrieved from /home/airflow/.local/lib/python3.12/site-packages/airflow/example_dags/example_branch_python_dop_operator_3.py
[2024-08-20T03:33:43.001+0000] {logging_mixin.py:190} INFO - [2024-08-20T03:33:43.000+0000] {dag.py:3211} INFO - Sync 1 DAGs
[2024-08-20T03:33:43.033+0000] {logging_mixin.py:190} INFO - [2024-08-20T03:33:43.032+0000] {dag.py:4138} INFO - Setting next_dagrun for example_branch_dop_operator_v3 to 2024-08-20 03:32:00+00:00, run_after=2024-08-20 03:33:00+00:00
[2024-08-20T03:33:43.057+0000] {processor.py:208} INFO - Processing /home/airflow/.local/lib/python3.12/site-packages/airflow/example_dags/example_branch_python_dop_operator_3.py took 0.116 seconds
[2024-08-20T03:34:13.277+0000] {processor.py:186} INFO - Started process (PID=1342) to work on /home/airflow/.local/lib/python3.12/site-packages/airflow/example_dags/example_branch_python_dop_operator_3.py
[2024-08-20T03:34:13.278+0000] {processor.py:914} INFO - Processing file /home/airflow/.local/lib/python3.12/site-packages/airflow/example_dags/example_branch_python_dop_operator_3.py for tasks to queue
[2024-08-20T03:34:13.282+0000] {logging_mixin.py:190} INFO - [2024-08-20T03:34:13.282+0000] {dagbag.py:587} INFO - Filling up the DagBag from /home/airflow/.local/lib/python3.12/site-packages/airflow/example_dags/example_branch_python_dop_operator_3.py
[2024-08-20T03:34:13.294+0000] {processor.py:925} INFO - DAG(s) 'example_branch_dop_operator_v3' retrieved from /home/airflow/.local/lib/python3.12/site-packages/airflow/example_dags/example_branch_python_dop_operator_3.py
[2024-08-20T03:34:13.317+0000] {logging_mixin.py:190} INFO - [2024-08-20T03:34:13.317+0000] {dag.py:3211} INFO - Sync 1 DAGs
[2024-08-20T03:34:13.350+0000] {logging_mixin.py:190} INFO - [2024-08-20T03:34:13.350+0000] {dag.py:4138} INFO - Setting next_dagrun for example_branch_dop_operator_v3 to 2024-08-20 03:33:00+00:00, run_after=2024-08-20 03:34:00+00:00
[2024-08-20T03:34:13.374+0000] {processor.py:208} INFO - Processing /home/airflow/.local/lib/python3.12/site-packages/airflow/example_dags/example_branch_python_dop_operator_3.py took 0.108 seconds
[2024-08-20T03:34:43.870+0000] {processor.py:186} INFO - Started process (PID=1628) to work on /home/airflow/.local/lib/python3.12/site-packages/airflow/example_dags/example_branch_python_dop_operator_3.py
[2024-08-20T03:34:43.872+0000] {processor.py:914} INFO - Processing file /home/airflow/.local/lib/python3.12/site-packages/airflow/example_dags/example_branch_python_dop_operator_3.py for tasks to queue
[2024-08-20T03:34:43.875+0000] {logging_mixin.py:190} INFO - [2024-08-20T03:34:43.874+0000] {dagbag.py:587} INFO - Filling up the DagBag from /home/airflow/.local/lib/python3.12/site-packages/airflow/example_dags/example_branch_python_dop_operator_3.py
[2024-08-20T03:34:43.888+0000] {processor.py:925} INFO - DAG(s) 'example_branch_dop_operator_v3' retrieved from /home/airflow/.local/lib/python3.12/site-packages/airflow/example_dags/example_branch_python_dop_operator_3.py
[2024-08-20T03:34:43.914+0000] {logging_mixin.py:190} INFO - [2024-08-20T03:34:43.913+0000] {dag.py:3211} INFO - Sync 1 DAGs
[2024-08-20T03:34:43.952+0000] {logging_mixin.py:190} INFO - [2024-08-20T03:34:43.951+0000] {dag.py:4138} INFO - Setting next_dagrun for example_branch_dop_operator_v3 to 2024-08-20 03:33:00+00:00, run_after=2024-08-20 03:34:00+00:00
[2024-08-20T03:34:43.976+0000] {processor.py:208} INFO - Processing /home/airflow/.local/lib/python3.12/site-packages/airflow/example_dags/example_branch_python_dop_operator_3.py took 0.119 seconds
[2024-08-20T03:35:14.731+0000] {processor.py:186} INFO - Started process (PID=1914) to work on /home/airflow/.local/lib/python3.12/site-packages/airflow/example_dags/example_branch_python_dop_operator_3.py
[2024-08-20T03:35:14.735+0000] {processor.py:914} INFO - Processing file /home/airflow/.local/lib/python3.12/site-packages/airflow/example_dags/example_branch_python_dop_operator_3.py for tasks to queue
[2024-08-20T03:35:14.741+0000] {logging_mixin.py:190} INFO - [2024-08-20T03:35:14.740+0000] {dagbag.py:587} INFO - Filling up the DagBag from /home/airflow/.local/lib/python3.12/site-packages/airflow/example_dags/example_branch_python_dop_operator_3.py
[2024-08-20T03:35:14.760+0000] {processor.py:925} INFO - DAG(s) 'example_branch_dop_operator_v3' retrieved from /home/airflow/.local/lib/python3.12/site-packages/airflow/example_dags/example_branch_python_dop_operator_3.py
[2024-08-20T03:35:14.782+0000] {logging_mixin.py:190} INFO - [2024-08-20T03:35:14.782+0000] {dag.py:3211} INFO - Sync 1 DAGs
[2024-08-20T03:35:14.812+0000] {logging_mixin.py:190} INFO - [2024-08-20T03:35:14.811+0000] {dag.py:4138} INFO - Setting next_dagrun for example_branch_dop_operator_v3 to 2024-08-20 03:34:00+00:00, run_after=2024-08-20 03:35:00+00:00
[2024-08-20T03:35:14.838+0000] {processor.py:208} INFO - Processing /home/airflow/.local/lib/python3.12/site-packages/airflow/example_dags/example_branch_python_dop_operator_3.py took 0.114 seconds
[2024-08-20T03:35:45.062+0000] {processor.py:186} INFO - Started process (PID=2200) to work on /home/airflow/.local/lib/python3.12/site-packages/airflow/example_dags/example_branch_python_dop_operator_3.py
[2024-08-20T03:35:45.067+0000] {processor.py:914} INFO - Processing file /home/airflow/.local/lib/python3.12/site-packages/airflow/example_dags/example_branch_python_dop_operator_3.py for tasks to queue
[2024-08-20T03:35:45.082+0000] {logging_mixin.py:190} INFO - [2024-08-20T03:35:45.080+0000] {dagbag.py:587} INFO - Filling up the DagBag from /home/airflow/.local/lib/python3.12/site-packages/airflow/example_dags/example_branch_python_dop_operator_3.py
[2024-08-20T03:35:45.124+0000] {processor.py:925} INFO - DAG(s) 'example_branch_dop_operator_v3' retrieved from /home/airflow/.local/lib/python3.12/site-packages/airflow/example_dags/example_branch_python_dop_operator_3.py
[2024-08-20T03:35:45.160+0000] {logging_mixin.py:190} INFO - [2024-08-20T03:35:45.159+0000] {dag.py:3211} INFO - Sync 1 DAGs
[2024-08-20T03:35:45.210+0000] {logging_mixin.py:190} INFO - [2024-08-20T03:35:45.209+0000] {dag.py:4138} INFO - Setting next_dagrun for example_branch_dop_operator_v3 to 2024-08-20 03:34:00+00:00, run_after=2024-08-20 03:35:00+00:00
[2024-08-20T03:35:45.242+0000] {processor.py:208} INFO - Processing /home/airflow/.local/lib/python3.12/site-packages/airflow/example_dags/example_branch_python_dop_operator_3.py took 0.211 seconds
[2024-08-20T03:36:15.655+0000] {processor.py:186} INFO - Started process (PID=2486) to work on /home/airflow/.local/lib/python3.12/site-packages/airflow/example_dags/example_branch_python_dop_operator_3.py
[2024-08-20T03:36:15.656+0000] {processor.py:914} INFO - Processing file /home/airflow/.local/lib/python3.12/site-packages/airflow/example_dags/example_branch_python_dop_operator_3.py for tasks to queue
[2024-08-20T03:36:15.660+0000] {logging_mixin.py:190} INFO - [2024-08-20T03:36:15.660+0000] {dagbag.py:587} INFO - Filling up the DagBag from /home/airflow/.local/lib/python3.12/site-packages/airflow/example_dags/example_branch_python_dop_operator_3.py
[2024-08-20T03:36:15.672+0000] {processor.py:925} INFO - DAG(s) 'example_branch_dop_operator_v3' retrieved from /home/airflow/.local/lib/python3.12/site-packages/airflow/example_dags/example_branch_python_dop_operator_3.py
[2024-08-20T03:36:15.696+0000] {logging_mixin.py:190} INFO - [2024-08-20T03:36:15.696+0000] {dag.py:3211} INFO - Sync 1 DAGs
[2024-08-20T03:36:15.725+0000] {logging_mixin.py:190} INFO - [2024-08-20T03:36:15.724+0000] {dag.py:4138} INFO - Setting next_dagrun for example_branch_dop_operator_v3 to 2024-08-20 03:35:00+00:00, run_after=2024-08-20 03:36:00+00:00
[2024-08-20T03:36:15.752+0000] {processor.py:208} INFO - Processing /home/airflow/.local/lib/python3.12/site-packages/airflow/example_dags/example_branch_python_dop_operator_3.py took 0.106 seconds
[2024-08-20T03:36:46.150+0000] {processor.py:186} INFO - Started process (PID=2772) to work on /home/airflow/.local/lib/python3.12/site-packages/airflow/example_dags/example_branch_python_dop_operator_3.py
[2024-08-20T03:36:46.152+0000] {processor.py:914} INFO - Processing file /home/airflow/.local/lib/python3.12/site-packages/airflow/example_dags/example_branch_python_dop_operator_3.py for tasks to queue
[2024-08-20T03:36:46.156+0000] {logging_mixin.py:190} INFO - [2024-08-20T03:36:46.155+0000] {dagbag.py:587} INFO - Filling up the DagBag from /home/airflow/.local/lib/python3.12/site-packages/airflow/example_dags/example_branch_python_dop_operator_3.py
[2024-08-20T03:36:46.166+0000] {processor.py:925} INFO - DAG(s) 'example_branch_dop_operator_v3' retrieved from /home/airflow/.local/lib/python3.12/site-packages/airflow/example_dags/example_branch_python_dop_operator_3.py
[2024-08-20T03:36:46.185+0000] {logging_mixin.py:190} INFO - [2024-08-20T03:36:46.185+0000] {dag.py:3211} INFO - Sync 1 DAGs
[2024-08-20T03:36:46.213+0000] {logging_mixin.py:190} INFO - [2024-08-20T03:36:46.213+0000] {dag.py:4138} INFO - Setting next_dagrun for example_branch_dop_operator_v3 to 2024-08-20 03:35:00+00:00, run_after=2024-08-20 03:36:00+00:00
[2024-08-20T03:36:46.239+0000] {processor.py:208} INFO - Processing /home/airflow/.local/lib/python3.12/site-packages/airflow/example_dags/example_branch_python_dop_operator_3.py took 0.100 seconds
[2024-08-20T03:37:16.465+0000] {processor.py:186} INFO - Started process (PID=3058) to work on /home/airflow/.local/lib/python3.12/site-packages/airflow/example_dags/example_branch_python_dop_operator_3.py
[2024-08-20T03:37:16.467+0000] {processor.py:914} INFO - Processing file /home/airflow/.local/lib/python3.12/site-packages/airflow/example_dags/example_branch_python_dop_operator_3.py for tasks to queue
[2024-08-20T03:37:16.470+0000] {logging_mixin.py:190} INFO - [2024-08-20T03:37:16.470+0000] {dagbag.py:587} INFO - Filling up the DagBag from /home/airflow/.local/lib/python3.12/site-packages/airflow/example_dags/example_branch_python_dop_operator_3.py
[2024-08-20T03:37:16.484+0000] {processor.py:925} INFO - DAG(s) 'example_branch_dop_operator_v3' retrieved from /home/airflow/.local/lib/python3.12/site-packages/airflow/example_dags/example_branch_python_dop_operator_3.py
[2024-08-20T03:37:16.506+0000] {logging_mixin.py:190} INFO - [2024-08-20T03:37:16.506+0000] {dag.py:3211} INFO - Sync 1 DAGs
[2024-08-20T03:37:16.542+0000] {logging_mixin.py:190} INFO - [2024-08-20T03:37:16.542+0000] {dag.py:4138} INFO - Setting next_dagrun for example_branch_dop_operator_v3 to 2024-08-20 03:36:00+00:00, run_after=2024-08-20 03:37:00+00:00
[2024-08-20T03:37:16.564+0000] {processor.py:208} INFO - Processing /home/airflow/.local/lib/python3.12/site-packages/airflow/example_dags/example_branch_python_dop_operator_3.py took 0.106 seconds
[2024-08-20T03:37:46.737+0000] {processor.py:186} INFO - Started process (PID=3344) to work on /home/airflow/.local/lib/python3.12/site-packages/airflow/example_dags/example_branch_python_dop_operator_3.py
[2024-08-20T03:37:46.742+0000] {processor.py:914} INFO - Processing file /home/airflow/.local/lib/python3.12/site-packages/airflow/example_dags/example_branch_python_dop_operator_3.py for tasks to queue
[2024-08-20T03:37:46.745+0000] {logging_mixin.py:190} INFO - [2024-08-20T03:37:46.744+0000] {dagbag.py:587} INFO - Filling up the DagBag from /home/airflow/.local/lib/python3.12/site-packages/airflow/example_dags/example_branch_python_dop_operator_3.py
[2024-08-20T03:37:46.757+0000] {processor.py:925} INFO - DAG(s) 'example_branch_dop_operator_v3' retrieved from /home/airflow/.local/lib/python3.12/site-packages/airflow/example_dags/example_branch_python_dop_operator_3.py
[2024-08-20T03:37:46.779+0000] {logging_mixin.py:190} INFO - [2024-08-20T03:37:46.779+0000] {dag.py:3211} INFO - Sync 1 DAGs
[2024-08-20T03:37:46.814+0000] {logging_mixin.py:190} INFO - [2024-08-20T03:37:46.814+0000] {dag.py:4138} INFO - Setting next_dagrun for example_branch_dop_operator_v3 to 2024-08-20 03:36:00+00:00, run_after=2024-08-20 03:37:00+00:00
[2024-08-20T03:37:46.844+0000] {processor.py:208} INFO - Processing /home/airflow/.local/lib/python3.12/site-packages/airflow/example_dags/example_branch_python_dop_operator_3.py took 0.116 seconds
[2024-08-20T03:38:17.438+0000] {processor.py:186} INFO - Started process (PID=3630) to work on /home/airflow/.local/lib/python3.12/site-packages/airflow/example_dags/example_branch_python_dop_operator_3.py
[2024-08-20T03:38:17.441+0000] {processor.py:914} INFO - Processing file /home/airflow/.local/lib/python3.12/site-packages/airflow/example_dags/example_branch_python_dop_operator_3.py for tasks to queue
[2024-08-20T03:38:17.445+0000] {logging_mixin.py:190} INFO - [2024-08-20T03:38:17.445+0000] {dagbag.py:587} INFO - Filling up the DagBag from /home/airflow/.local/lib/python3.12/site-packages/airflow/example_dags/example_branch_python_dop_operator_3.py
[2024-08-20T03:38:17.460+0000] {processor.py:925} INFO - DAG(s) 'example_branch_dop_operator_v3' retrieved from /home/airflow/.local/lib/python3.12/site-packages/airflow/example_dags/example_branch_python_dop_operator_3.py
[2024-08-20T03:38:17.488+0000] {logging_mixin.py:190} INFO - [2024-08-20T03:38:17.488+0000] {dag.py:3211} INFO - Sync 1 DAGs
[2024-08-20T03:38:17.538+0000] {logging_mixin.py:190} INFO - [2024-08-20T03:38:17.538+0000] {dag.py:4138} INFO - Setting next_dagrun for example_branch_dop_operator_v3 to 2024-08-20 03:37:00+00:00, run_after=2024-08-20 03:38:00+00:00
[2024-08-20T03:38:17.584+0000] {processor.py:208} INFO - Processing /home/airflow/.local/lib/python3.12/site-packages/airflow/example_dags/example_branch_python_dop_operator_3.py took 0.157 seconds
[2024-08-20T03:38:47.665+0000] {processor.py:186} INFO - Started process (PID=3916) to work on /home/airflow/.local/lib/python3.12/site-packages/airflow/example_dags/example_branch_python_dop_operator_3.py
[2024-08-20T03:38:47.666+0000] {processor.py:914} INFO - Processing file /home/airflow/.local/lib/python3.12/site-packages/airflow/example_dags/example_branch_python_dop_operator_3.py for tasks to queue
[2024-08-20T03:38:47.671+0000] {logging_mixin.py:190} INFO - [2024-08-20T03:38:47.670+0000] {dagbag.py:587} INFO - Filling up the DagBag from /home/airflow/.local/lib/python3.12/site-packages/airflow/example_dags/example_branch_python_dop_operator_3.py
[2024-08-20T03:38:47.684+0000] {processor.py:925} INFO - DAG(s) 'example_branch_dop_operator_v3' retrieved from /home/airflow/.local/lib/python3.12/site-packages/airflow/example_dags/example_branch_python_dop_operator_3.py
[2024-08-20T03:38:47.711+0000] {logging_mixin.py:190} INFO - [2024-08-20T03:38:47.711+0000] {dag.py:3211} INFO - Sync 1 DAGs
[2024-08-20T03:38:47.745+0000] {logging_mixin.py:190} INFO - [2024-08-20T03:38:47.745+0000] {dag.py:4138} INFO - Setting next_dagrun for example_branch_dop_operator_v3 to 2024-08-20 03:37:00+00:00, run_after=2024-08-20 03:38:00+00:00
[2024-08-20T03:38:47.772+0000] {processor.py:208} INFO - Processing /home/airflow/.local/lib/python3.12/site-packages/airflow/example_dags/example_branch_python_dop_operator_3.py took 0.117 seconds
[2024-08-20T03:39:18.074+0000] {processor.py:186} INFO - Started process (PID=4202) to work on /home/airflow/.local/lib/python3.12/site-packages/airflow/example_dags/example_branch_python_dop_operator_3.py
[2024-08-20T03:39:18.075+0000] {processor.py:914} INFO - Processing file /home/airflow/.local/lib/python3.12/site-packages/airflow/example_dags/example_branch_python_dop_operator_3.py for tasks to queue
[2024-08-20T03:39:18.079+0000] {logging_mixin.py:190} INFO - [2024-08-20T03:39:18.079+0000] {dagbag.py:587} INFO - Filling up the DagBag from /home/airflow/.local/lib/python3.12/site-packages/airflow/example_dags/example_branch_python_dop_operator_3.py
[2024-08-20T03:39:18.093+0000] {processor.py:925} INFO - DAG(s) 'example_branch_dop_operator_v3' retrieved from /home/airflow/.local/lib/python3.12/site-packages/airflow/example_dags/example_branch_python_dop_operator_3.py
[2024-08-20T03:39:18.117+0000] {logging_mixin.py:190} INFO - [2024-08-20T03:39:18.116+0000] {dag.py:3211} INFO - Sync 1 DAGs
[2024-08-20T03:39:18.154+0000] {logging_mixin.py:190} INFO - [2024-08-20T03:39:18.153+0000] {dag.py:4138} INFO - Setting next_dagrun for example_branch_dop_operator_v3 to 2024-08-20 03:38:00+00:00, run_after=2024-08-20 03:39:00+00:00
[2024-08-20T03:39:18.182+0000] {processor.py:208} INFO - Processing /home/airflow/.local/lib/python3.12/site-packages/airflow/example_dags/example_branch_python_dop_operator_3.py took 0.117 seconds
[2024-08-20T03:39:48.456+0000] {processor.py:186} INFO - Started process (PID=4488) to work on /home/airflow/.local/lib/python3.12/site-packages/airflow/example_dags/example_branch_python_dop_operator_3.py
[2024-08-20T03:39:48.457+0000] {processor.py:914} INFO - Processing file /home/airflow/.local/lib/python3.12/site-packages/airflow/example_dags/example_branch_python_dop_operator_3.py for tasks to queue
[2024-08-20T03:39:48.461+0000] {logging_mixin.py:190} INFO - [2024-08-20T03:39:48.460+0000] {dagbag.py:587} INFO - Filling up the DagBag from /home/airflow/.local/lib/python3.12/site-packages/airflow/example_dags/example_branch_python_dop_operator_3.py
[2024-08-20T03:39:48.474+0000] {processor.py:925} INFO - DAG(s) 'example_branch_dop_operator_v3' retrieved from /home/airflow/.local/lib/python3.12/site-packages/airflow/example_dags/example_branch_python_dop_operator_3.py
[2024-08-20T03:39:48.496+0000] {logging_mixin.py:190} INFO - [2024-08-20T03:39:48.496+0000] {dag.py:3211} INFO - Sync 1 DAGs
[2024-08-20T03:39:48.528+0000] {logging_mixin.py:190} INFO - [2024-08-20T03:39:48.528+0000] {dag.py:4138} INFO - Setting next_dagrun for example_branch_dop_operator_v3 to 2024-08-20 03:38:00+00:00, run_after=2024-08-20 03:39:00+00:00
[2024-08-20T03:39:48.556+0000] {processor.py:208} INFO - Processing /home/airflow/.local/lib/python3.12/site-packages/airflow/example_dags/example_branch_python_dop_operator_3.py took 0.110 seconds
[2024-08-20T03:40:18.648+0000] {processor.py:186} INFO - Started process (PID=4774) to work on /home/airflow/.local/lib/python3.12/site-packages/airflow/example_dags/example_branch_python_dop_operator_3.py
[2024-08-20T03:40:18.649+0000] {processor.py:914} INFO - Processing file /home/airflow/.local/lib/python3.12/site-packages/airflow/example_dags/example_branch_python_dop_operator_3.py for tasks to queue
[2024-08-20T03:40:18.654+0000] {logging_mixin.py:190} INFO - [2024-08-20T03:40:18.653+0000] {dagbag.py:587} INFO - Filling up the DagBag from /home/airflow/.local/lib/python3.12/site-packages/airflow/example_dags/example_branch_python_dop_operator_3.py
[2024-08-20T03:40:18.666+0000] {processor.py:925} INFO - DAG(s) 'example_branch_dop_operator_v3' retrieved from /home/airflow/.local/lib/python3.12/site-packages/airflow/example_dags/example_branch_python_dop_operator_3.py
[2024-08-20T03:40:18.692+0000] {logging_mixin.py:190} INFO - [2024-08-20T03:40:18.691+0000] {dag.py:3211} INFO - Sync 1 DAGs
[2024-08-20T03:40:18.722+0000] {logging_mixin.py:190} INFO - [2024-08-20T03:40:18.722+0000] {dag.py:4138} INFO - Setting next_dagrun for example_branch_dop_operator_v3 to 2024-08-20 03:39:00+00:00, run_after=2024-08-20 03:40:00+00:00
[2024-08-20T03:40:18.746+0000] {processor.py:208} INFO - Processing /home/airflow/.local/lib/python3.12/site-packages/airflow/example_dags/example_branch_python_dop_operator_3.py took 0.107 seconds
[2024-08-20T03:40:49.059+0000] {processor.py:186} INFO - Started process (PID=5060) to work on /home/airflow/.local/lib/python3.12/site-packages/airflow/example_dags/example_branch_python_dop_operator_3.py
[2024-08-20T03:40:49.060+0000] {processor.py:914} INFO - Processing file /home/airflow/.local/lib/python3.12/site-packages/airflow/example_dags/example_branch_python_dop_operator_3.py for tasks to queue
[2024-08-20T03:40:49.064+0000] {logging_mixin.py:190} INFO - [2024-08-20T03:40:49.063+0000] {dagbag.py:587} INFO - Filling up the DagBag from /home/airflow/.local/lib/python3.12/site-packages/airflow/example_dags/example_branch_python_dop_operator_3.py
[2024-08-20T03:40:49.077+0000] {processor.py:925} INFO - DAG(s) 'example_branch_dop_operator_v3' retrieved from /home/airflow/.local/lib/python3.12/site-packages/airflow/example_dags/example_branch_python_dop_operator_3.py
[2024-08-20T03:40:49.103+0000] {logging_mixin.py:190} INFO - [2024-08-20T03:40:49.102+0000] {dag.py:3211} INFO - Sync 1 DAGs
[2024-08-20T03:40:49.136+0000] {logging_mixin.py:190} INFO - [2024-08-20T03:40:49.136+0000] {dag.py:4138} INFO - Setting next_dagrun for example_branch_dop_operator_v3 to 2024-08-20 03:39:00+00:00, run_after=2024-08-20 03:40:00+00:00
[2024-08-20T03:40:49.162+0000] {processor.py:208} INFO - Processing /home/airflow/.local/lib/python3.12/site-packages/airflow/example_dags/example_branch_python_dop_operator_3.py took 0.113 seconds
[2024-08-20T03:41:19.614+0000] {processor.py:186} INFO - Started process (PID=5346) to work on /home/airflow/.local/lib/python3.12/site-packages/airflow/example_dags/example_branch_python_dop_operator_3.py
[2024-08-20T03:41:19.616+0000] {processor.py:914} INFO - Processing file /home/airflow/.local/lib/python3.12/site-packages/airflow/example_dags/example_branch_python_dop_operator_3.py for tasks to queue
[2024-08-20T03:41:19.619+0000] {logging_mixin.py:190} INFO - [2024-08-20T03:41:19.619+0000] {dagbag.py:587} INFO - Filling up the DagBag from /home/airflow/.local/lib/python3.12/site-packages/airflow/example_dags/example_branch_python_dop_operator_3.py
[2024-08-20T03:41:19.633+0000] {processor.py:925} INFO - DAG(s) 'example_branch_dop_operator_v3' retrieved from /home/airflow/.local/lib/python3.12/site-packages/airflow/example_dags/example_branch_python_dop_operator_3.py
[2024-08-20T03:41:19.657+0000] {logging_mixin.py:190} INFO - [2024-08-20T03:41:19.657+0000] {dag.py:3211} INFO - Sync 1 DAGs
[2024-08-20T03:41:19.691+0000] {logging_mixin.py:190} INFO - [2024-08-20T03:41:19.691+0000] {dag.py:4138} INFO - Setting next_dagrun for example_branch_dop_operator_v3 to 2024-08-20 03:40:00+00:00, run_after=2024-08-20 03:41:00+00:00
[2024-08-20T03:41:19.717+0000] {processor.py:208} INFO - Processing /home/airflow/.local/lib/python3.12/site-packages/airflow/example_dags/example_branch_python_dop_operator_3.py took 0.113 seconds
[2024-08-20T03:41:49.792+0000] {processor.py:186} INFO - Started process (PID=5632) to work on /home/airflow/.local/lib/python3.12/site-packages/airflow/example_dags/example_branch_python_dop_operator_3.py
[2024-08-20T03:41:49.793+0000] {processor.py:914} INFO - Processing file /home/airflow/.local/lib/python3.12/site-packages/airflow/example_dags/example_branch_python_dop_operator_3.py for tasks to queue
[2024-08-20T03:41:49.798+0000] {logging_mixin.py:190} INFO - [2024-08-20T03:41:49.797+0000] {dagbag.py:587} INFO - Filling up the DagBag from /home/airflow/.local/lib/python3.12/site-packages/airflow/example_dags/example_branch_python_dop_operator_3.py
[2024-08-20T03:41:49.809+0000] {processor.py:925} INFO - DAG(s) 'example_branch_dop_operator_v3' retrieved from /home/airflow/.local/lib/python3.12/site-packages/airflow/example_dags/example_branch_python_dop_operator_3.py
[2024-08-20T03:41:49.831+0000] {logging_mixin.py:190} INFO - [2024-08-20T03:41:49.831+0000] {dag.py:3211} INFO - Sync 1 DAGs
[2024-08-20T03:41:49.859+0000] {logging_mixin.py:190} INFO - [2024-08-20T03:41:49.859+0000] {dag.py:4138} INFO - Setting next_dagrun for example_branch_dop_operator_v3 to 2024-08-20 03:40:00+00:00, run_after=2024-08-20 03:41:00+00:00
[2024-08-20T03:41:49.881+0000] {processor.py:208} INFO - Processing /home/airflow/.local/lib/python3.12/site-packages/airflow/example_dags/example_branch_python_dop_operator_3.py took 0.095 seconds
