[2024-08-20T03:32:19.140+0000] {processor.py:186} INFO - Started process (PID=436) to work on /home/airflow/.local/lib/python3.12/site-packages/airflow/example_dags/example_task_group.py
[2024-08-20T03:32:19.141+0000] {processor.py:914} INFO - Processing file /home/airflow/.local/lib/python3.12/site-packages/airflow/example_dags/example_task_group.py for tasks to queue
[2024-08-20T03:32:19.145+0000] {logging_mixin.py:190} INFO - [2024-08-20T03:32:19.144+0000] {dagbag.py:587} INFO - Filling up the DagBag from /home/airflow/.local/lib/python3.12/site-packages/airflow/example_dags/example_task_group.py
[2024-08-20T03:32:19.159+0000] {processor.py:925} INFO - DAG(s) 'example_task_group' retrieved from /home/airflow/.local/lib/python3.12/site-packages/airflow/example_dags/example_task_group.py
[2024-08-20T03:32:19.304+0000] {logging_mixin.py:190} INFO - [2024-08-20T03:32:19.304+0000] {override.py:1858} INFO - Created Permission View: can read on DAG:example_task_group
[2024-08-20T03:32:19.320+0000] {logging_mixin.py:190} INFO - [2024-08-20T03:32:19.320+0000] {override.py:1858} INFO - Created Permission View: can delete on DAG:example_task_group
[2024-08-20T03:32:19.333+0000] {logging_mixin.py:190} INFO - [2024-08-20T03:32:19.332+0000] {override.py:1858} INFO - Created Permission View: can edit on DAG:example_task_group
[2024-08-20T03:32:19.334+0000] {logging_mixin.py:190} INFO - [2024-08-20T03:32:19.333+0000] {dag.py:3211} INFO - Sync 1 DAGs
[2024-08-20T03:32:19.356+0000] {logging_mixin.py:190} INFO - [2024-08-20T03:32:19.355+0000] {dag.py:3234} INFO - Creating ORM DAG for example_task_group
[2024-08-20T03:32:19.370+0000] {logging_mixin.py:190} INFO - [2024-08-20T03:32:19.369+0000] {dag.py:4138} INFO - Setting next_dagrun for example_task_group to 2024-08-19 00:00:00+00:00, run_after=2024-08-20 00:00:00+00:00
[2024-08-20T03:32:19.394+0000] {processor.py:208} INFO - Processing /home/airflow/.local/lib/python3.12/site-packages/airflow/example_dags/example_task_group.py took 0.260 seconds
[2024-08-20T03:32:49.530+0000] {processor.py:186} INFO - Started process (PID=724) to work on /home/airflow/.local/lib/python3.12/site-packages/airflow/example_dags/example_task_group.py
[2024-08-20T03:32:49.531+0000] {processor.py:914} INFO - Processing file /home/airflow/.local/lib/python3.12/site-packages/airflow/example_dags/example_task_group.py for tasks to queue
[2024-08-20T03:32:49.534+0000] {logging_mixin.py:190} INFO - [2024-08-20T03:32:49.534+0000] {dagbag.py:587} INFO - Filling up the DagBag from /home/airflow/.local/lib/python3.12/site-packages/airflow/example_dags/example_task_group.py
[2024-08-20T03:32:49.544+0000] {processor.py:925} INFO - DAG(s) 'example_task_group' retrieved from /home/airflow/.local/lib/python3.12/site-packages/airflow/example_dags/example_task_group.py
[2024-08-20T03:32:49.566+0000] {logging_mixin.py:190} INFO - [2024-08-20T03:32:49.566+0000] {dag.py:3211} INFO - Sync 1 DAGs
[2024-08-20T03:32:49.592+0000] {logging_mixin.py:190} INFO - [2024-08-20T03:32:49.592+0000] {dag.py:4138} INFO - Setting next_dagrun for example_task_group to 2024-08-19 00:00:00+00:00, run_after=2024-08-20 00:00:00+00:00
[2024-08-20T03:32:49.618+0000] {processor.py:208} INFO - Processing /home/airflow/.local/lib/python3.12/site-packages/airflow/example_dags/example_task_group.py took 0.094 seconds
[2024-08-20T03:33:20.228+0000] {processor.py:186} INFO - Started process (PID=1009) to work on /home/airflow/.local/lib/python3.12/site-packages/airflow/example_dags/example_task_group.py
[2024-08-20T03:33:20.229+0000] {processor.py:914} INFO - Processing file /home/airflow/.local/lib/python3.12/site-packages/airflow/example_dags/example_task_group.py for tasks to queue
[2024-08-20T03:33:20.233+0000] {logging_mixin.py:190} INFO - [2024-08-20T03:33:20.233+0000] {dagbag.py:587} INFO - Filling up the DagBag from /home/airflow/.local/lib/python3.12/site-packages/airflow/example_dags/example_task_group.py
[2024-08-20T03:33:20.243+0000] {processor.py:925} INFO - DAG(s) 'example_task_group' retrieved from /home/airflow/.local/lib/python3.12/site-packages/airflow/example_dags/example_task_group.py
[2024-08-20T03:33:20.273+0000] {logging_mixin.py:190} INFO - [2024-08-20T03:33:20.272+0000] {dag.py:3211} INFO - Sync 1 DAGs
[2024-08-20T03:33:20.304+0000] {logging_mixin.py:190} INFO - [2024-08-20T03:33:20.304+0000] {dag.py:4138} INFO - Setting next_dagrun for example_task_group to 2024-08-19 00:00:00+00:00, run_after=2024-08-20 00:00:00+00:00
[2024-08-20T03:33:20.341+0000] {processor.py:208} INFO - Processing /home/airflow/.local/lib/python3.12/site-packages/airflow/example_dags/example_task_group.py took 0.120 seconds
[2024-08-20T03:33:50.538+0000] {processor.py:186} INFO - Started process (PID=1296) to work on /home/airflow/.local/lib/python3.12/site-packages/airflow/example_dags/example_task_group.py
[2024-08-20T03:33:50.539+0000] {processor.py:914} INFO - Processing file /home/airflow/.local/lib/python3.12/site-packages/airflow/example_dags/example_task_group.py for tasks to queue
[2024-08-20T03:33:50.542+0000] {logging_mixin.py:190} INFO - [2024-08-20T03:33:50.541+0000] {dagbag.py:587} INFO - Filling up the DagBag from /home/airflow/.local/lib/python3.12/site-packages/airflow/example_dags/example_task_group.py
[2024-08-20T03:33:50.551+0000] {processor.py:925} INFO - DAG(s) 'example_task_group' retrieved from /home/airflow/.local/lib/python3.12/site-packages/airflow/example_dags/example_task_group.py
[2024-08-20T03:33:50.572+0000] {logging_mixin.py:190} INFO - [2024-08-20T03:33:50.572+0000] {dag.py:3211} INFO - Sync 1 DAGs
[2024-08-20T03:33:50.596+0000] {logging_mixin.py:190} INFO - [2024-08-20T03:33:50.596+0000] {dag.py:4138} INFO - Setting next_dagrun for example_task_group to 2024-08-19 00:00:00+00:00, run_after=2024-08-20 00:00:00+00:00
[2024-08-20T03:33:50.630+0000] {processor.py:208} INFO - Processing /home/airflow/.local/lib/python3.12/site-packages/airflow/example_dags/example_task_group.py took 0.099 seconds
[2024-08-20T03:34:21.142+0000] {processor.py:186} INFO - Started process (PID=1580) to work on /home/airflow/.local/lib/python3.12/site-packages/airflow/example_dags/example_task_group.py
[2024-08-20T03:34:21.144+0000] {processor.py:914} INFO - Processing file /home/airflow/.local/lib/python3.12/site-packages/airflow/example_dags/example_task_group.py for tasks to queue
[2024-08-20T03:34:21.147+0000] {logging_mixin.py:190} INFO - [2024-08-20T03:34:21.146+0000] {dagbag.py:587} INFO - Filling up the DagBag from /home/airflow/.local/lib/python3.12/site-packages/airflow/example_dags/example_task_group.py
[2024-08-20T03:34:21.158+0000] {processor.py:925} INFO - DAG(s) 'example_task_group' retrieved from /home/airflow/.local/lib/python3.12/site-packages/airflow/example_dags/example_task_group.py
[2024-08-20T03:34:21.190+0000] {logging_mixin.py:190} INFO - [2024-08-20T03:34:21.190+0000] {dag.py:3211} INFO - Sync 1 DAGs
[2024-08-20T03:34:21.222+0000] {logging_mixin.py:190} INFO - [2024-08-20T03:34:21.222+0000] {dag.py:4138} INFO - Setting next_dagrun for example_task_group to 2024-08-19 00:00:00+00:00, run_after=2024-08-20 00:00:00+00:00
[2024-08-20T03:34:21.250+0000] {processor.py:208} INFO - Processing /home/airflow/.local/lib/python3.12/site-packages/airflow/example_dags/example_task_group.py took 0.115 seconds
[2024-08-20T03:34:51.903+0000] {processor.py:186} INFO - Started process (PID=1866) to work on /home/airflow/.local/lib/python3.12/site-packages/airflow/example_dags/example_task_group.py
[2024-08-20T03:34:51.904+0000] {processor.py:914} INFO - Processing file /home/airflow/.local/lib/python3.12/site-packages/airflow/example_dags/example_task_group.py for tasks to queue
[2024-08-20T03:34:51.907+0000] {logging_mixin.py:190} INFO - [2024-08-20T03:34:51.907+0000] {dagbag.py:587} INFO - Filling up the DagBag from /home/airflow/.local/lib/python3.12/site-packages/airflow/example_dags/example_task_group.py
[2024-08-20T03:34:51.920+0000] {processor.py:925} INFO - DAG(s) 'example_task_group' retrieved from /home/airflow/.local/lib/python3.12/site-packages/airflow/example_dags/example_task_group.py
[2024-08-20T03:34:51.946+0000] {logging_mixin.py:190} INFO - [2024-08-20T03:34:51.945+0000] {dag.py:3211} INFO - Sync 1 DAGs
[2024-08-20T03:34:51.975+0000] {logging_mixin.py:190} INFO - [2024-08-20T03:34:51.975+0000] {dag.py:4138} INFO - Setting next_dagrun for example_task_group to 2024-08-19 00:00:00+00:00, run_after=2024-08-20 00:00:00+00:00
[2024-08-20T03:34:52.003+0000] {processor.py:208} INFO - Processing /home/airflow/.local/lib/python3.12/site-packages/airflow/example_dags/example_task_group.py took 0.111 seconds
[2024-08-20T03:35:22.267+0000] {processor.py:186} INFO - Started process (PID=2152) to work on /home/airflow/.local/lib/python3.12/site-packages/airflow/example_dags/example_task_group.py
[2024-08-20T03:35:22.268+0000] {processor.py:914} INFO - Processing file /home/airflow/.local/lib/python3.12/site-packages/airflow/example_dags/example_task_group.py for tasks to queue
[2024-08-20T03:35:22.271+0000] {logging_mixin.py:190} INFO - [2024-08-20T03:35:22.271+0000] {dagbag.py:587} INFO - Filling up the DagBag from /home/airflow/.local/lib/python3.12/site-packages/airflow/example_dags/example_task_group.py
[2024-08-20T03:35:22.282+0000] {processor.py:925} INFO - DAG(s) 'example_task_group' retrieved from /home/airflow/.local/lib/python3.12/site-packages/airflow/example_dags/example_task_group.py
[2024-08-20T03:35:22.308+0000] {logging_mixin.py:190} INFO - [2024-08-20T03:35:22.308+0000] {dag.py:3211} INFO - Sync 1 DAGs
[2024-08-20T03:35:22.334+0000] {logging_mixin.py:190} INFO - [2024-08-20T03:35:22.334+0000] {dag.py:4138} INFO - Setting next_dagrun for example_task_group to 2024-08-19 00:00:00+00:00, run_after=2024-08-20 00:00:00+00:00
[2024-08-20T03:35:22.360+0000] {processor.py:208} INFO - Processing /home/airflow/.local/lib/python3.12/site-packages/airflow/example_dags/example_task_group.py took 0.101 seconds
[2024-08-20T03:35:52.890+0000] {processor.py:186} INFO - Started process (PID=2438) to work on /home/airflow/.local/lib/python3.12/site-packages/airflow/example_dags/example_task_group.py
[2024-08-20T03:35:52.892+0000] {processor.py:914} INFO - Processing file /home/airflow/.local/lib/python3.12/site-packages/airflow/example_dags/example_task_group.py for tasks to queue
[2024-08-20T03:35:52.895+0000] {logging_mixin.py:190} INFO - [2024-08-20T03:35:52.894+0000] {dagbag.py:587} INFO - Filling up the DagBag from /home/airflow/.local/lib/python3.12/site-packages/airflow/example_dags/example_task_group.py
[2024-08-20T03:35:52.906+0000] {processor.py:925} INFO - DAG(s) 'example_task_group' retrieved from /home/airflow/.local/lib/python3.12/site-packages/airflow/example_dags/example_task_group.py
[2024-08-20T03:35:52.933+0000] {logging_mixin.py:190} INFO - [2024-08-20T03:35:52.932+0000] {dag.py:3211} INFO - Sync 1 DAGs
[2024-08-20T03:35:52.962+0000] {logging_mixin.py:190} INFO - [2024-08-20T03:35:52.961+0000] {dag.py:4138} INFO - Setting next_dagrun for example_task_group to 2024-08-19 00:00:00+00:00, run_after=2024-08-20 00:00:00+00:00
[2024-08-20T03:35:52.990+0000] {processor.py:208} INFO - Processing /home/airflow/.local/lib/python3.12/site-packages/airflow/example_dags/example_task_group.py took 0.108 seconds
[2024-08-20T03:36:23.460+0000] {processor.py:186} INFO - Started process (PID=2724) to work on /home/airflow/.local/lib/python3.12/site-packages/airflow/example_dags/example_task_group.py
[2024-08-20T03:36:23.461+0000] {processor.py:914} INFO - Processing file /home/airflow/.local/lib/python3.12/site-packages/airflow/example_dags/example_task_group.py for tasks to queue
[2024-08-20T03:36:23.464+0000] {logging_mixin.py:190} INFO - [2024-08-20T03:36:23.464+0000] {dagbag.py:587} INFO - Filling up the DagBag from /home/airflow/.local/lib/python3.12/site-packages/airflow/example_dags/example_task_group.py
[2024-08-20T03:36:23.474+0000] {processor.py:925} INFO - DAG(s) 'example_task_group' retrieved from /home/airflow/.local/lib/python3.12/site-packages/airflow/example_dags/example_task_group.py
[2024-08-20T03:36:23.499+0000] {logging_mixin.py:190} INFO - [2024-08-20T03:36:23.499+0000] {dag.py:3211} INFO - Sync 1 DAGs
[2024-08-20T03:36:23.530+0000] {logging_mixin.py:190} INFO - [2024-08-20T03:36:23.529+0000] {dag.py:4138} INFO - Setting next_dagrun for example_task_group to 2024-08-19 00:00:00+00:00, run_after=2024-08-20 00:00:00+00:00
[2024-08-20T03:36:23.554+0000] {processor.py:208} INFO - Processing /home/airflow/.local/lib/python3.12/site-packages/airflow/example_dags/example_task_group.py took 0.100 seconds
[2024-08-20T03:36:53.683+0000] {processor.py:186} INFO - Started process (PID=3010) to work on /home/airflow/.local/lib/python3.12/site-packages/airflow/example_dags/example_task_group.py
[2024-08-20T03:36:53.684+0000] {processor.py:914} INFO - Processing file /home/airflow/.local/lib/python3.12/site-packages/airflow/example_dags/example_task_group.py for tasks to queue
[2024-08-20T03:36:53.687+0000] {logging_mixin.py:190} INFO - [2024-08-20T03:36:53.687+0000] {dagbag.py:587} INFO - Filling up the DagBag from /home/airflow/.local/lib/python3.12/site-packages/airflow/example_dags/example_task_group.py
[2024-08-20T03:36:53.700+0000] {processor.py:925} INFO - DAG(s) 'example_task_group' retrieved from /home/airflow/.local/lib/python3.12/site-packages/airflow/example_dags/example_task_group.py
[2024-08-20T03:36:53.730+0000] {logging_mixin.py:190} INFO - [2024-08-20T03:36:53.729+0000] {dag.py:3211} INFO - Sync 1 DAGs
[2024-08-20T03:36:53.757+0000] {logging_mixin.py:190} INFO - [2024-08-20T03:36:53.757+0000] {dag.py:4138} INFO - Setting next_dagrun for example_task_group to 2024-08-19 00:00:00+00:00, run_after=2024-08-20 00:00:00+00:00
[2024-08-20T03:36:53.782+0000] {processor.py:208} INFO - Processing /home/airflow/.local/lib/python3.12/site-packages/airflow/example_dags/example_task_group.py took 0.108 seconds
[2024-08-20T03:37:24.055+0000] {processor.py:186} INFO - Started process (PID=3296) to work on /home/airflow/.local/lib/python3.12/site-packages/airflow/example_dags/example_task_group.py
[2024-08-20T03:37:24.056+0000] {processor.py:914} INFO - Processing file /home/airflow/.local/lib/python3.12/site-packages/airflow/example_dags/example_task_group.py for tasks to queue
[2024-08-20T03:37:24.059+0000] {logging_mixin.py:190} INFO - [2024-08-20T03:37:24.058+0000] {dagbag.py:587} INFO - Filling up the DagBag from /home/airflow/.local/lib/python3.12/site-packages/airflow/example_dags/example_task_group.py
[2024-08-20T03:37:24.071+0000] {processor.py:925} INFO - DAG(s) 'example_task_group' retrieved from /home/airflow/.local/lib/python3.12/site-packages/airflow/example_dags/example_task_group.py
[2024-08-20T03:37:24.100+0000] {logging_mixin.py:190} INFO - [2024-08-20T03:37:24.100+0000] {dag.py:3211} INFO - Sync 1 DAGs
[2024-08-20T03:37:24.133+0000] {logging_mixin.py:190} INFO - [2024-08-20T03:37:24.132+0000] {dag.py:4138} INFO - Setting next_dagrun for example_task_group to 2024-08-19 00:00:00+00:00, run_after=2024-08-20 00:00:00+00:00
[2024-08-20T03:37:24.155+0000] {processor.py:208} INFO - Processing /home/airflow/.local/lib/python3.12/site-packages/airflow/example_dags/example_task_group.py took 0.106 seconds
[2024-08-20T03:37:54.641+0000] {processor.py:186} INFO - Started process (PID=3582) to work on /home/airflow/.local/lib/python3.12/site-packages/airflow/example_dags/example_task_group.py
[2024-08-20T03:37:54.642+0000] {processor.py:914} INFO - Processing file /home/airflow/.local/lib/python3.12/site-packages/airflow/example_dags/example_task_group.py for tasks to queue
[2024-08-20T03:37:54.645+0000] {logging_mixin.py:190} INFO - [2024-08-20T03:37:54.644+0000] {dagbag.py:587} INFO - Filling up the DagBag from /home/airflow/.local/lib/python3.12/site-packages/airflow/example_dags/example_task_group.py
[2024-08-20T03:37:54.655+0000] {processor.py:925} INFO - DAG(s) 'example_task_group' retrieved from /home/airflow/.local/lib/python3.12/site-packages/airflow/example_dags/example_task_group.py
[2024-08-20T03:37:54.684+0000] {logging_mixin.py:190} INFO - [2024-08-20T03:37:54.684+0000] {dag.py:3211} INFO - Sync 1 DAGs
[2024-08-20T03:37:54.714+0000] {logging_mixin.py:190} INFO - [2024-08-20T03:37:54.714+0000] {dag.py:4138} INFO - Setting next_dagrun for example_task_group to 2024-08-19 00:00:00+00:00, run_after=2024-08-20 00:00:00+00:00
[2024-08-20T03:37:54.740+0000] {processor.py:208} INFO - Processing /home/airflow/.local/lib/python3.12/site-packages/airflow/example_dags/example_task_group.py took 0.106 seconds
[2024-08-20T03:38:24.959+0000] {processor.py:186} INFO - Started process (PID=3868) to work on /home/airflow/.local/lib/python3.12/site-packages/airflow/example_dags/example_task_group.py
[2024-08-20T03:38:24.960+0000] {processor.py:914} INFO - Processing file /home/airflow/.local/lib/python3.12/site-packages/airflow/example_dags/example_task_group.py for tasks to queue
[2024-08-20T03:38:24.964+0000] {logging_mixin.py:190} INFO - [2024-08-20T03:38:24.963+0000] {dagbag.py:587} INFO - Filling up the DagBag from /home/airflow/.local/lib/python3.12/site-packages/airflow/example_dags/example_task_group.py
[2024-08-20T03:38:24.976+0000] {processor.py:925} INFO - DAG(s) 'example_task_group' retrieved from /home/airflow/.local/lib/python3.12/site-packages/airflow/example_dags/example_task_group.py
[2024-08-20T03:38:24.998+0000] {logging_mixin.py:190} INFO - [2024-08-20T03:38:24.998+0000] {dag.py:3211} INFO - Sync 1 DAGs
[2024-08-20T03:38:25.024+0000] {logging_mixin.py:190} INFO - [2024-08-20T03:38:25.024+0000] {dag.py:4138} INFO - Setting next_dagrun for example_task_group to 2024-08-19 00:00:00+00:00, run_after=2024-08-20 00:00:00+00:00
[2024-08-20T03:38:25.047+0000] {processor.py:208} INFO - Processing /home/airflow/.local/lib/python3.12/site-packages/airflow/example_dags/example_task_group.py took 0.094 seconds
[2024-08-20T03:38:55.389+0000] {processor.py:186} INFO - Started process (PID=4154) to work on /home/airflow/.local/lib/python3.12/site-packages/airflow/example_dags/example_task_group.py
[2024-08-20T03:38:55.390+0000] {processor.py:914} INFO - Processing file /home/airflow/.local/lib/python3.12/site-packages/airflow/example_dags/example_task_group.py for tasks to queue
[2024-08-20T03:38:55.393+0000] {logging_mixin.py:190} INFO - [2024-08-20T03:38:55.392+0000] {dagbag.py:587} INFO - Filling up the DagBag from /home/airflow/.local/lib/python3.12/site-packages/airflow/example_dags/example_task_group.py
[2024-08-20T03:38:55.402+0000] {processor.py:925} INFO - DAG(s) 'example_task_group' retrieved from /home/airflow/.local/lib/python3.12/site-packages/airflow/example_dags/example_task_group.py
[2024-08-20T03:38:55.425+0000] {logging_mixin.py:190} INFO - [2024-08-20T03:38:55.425+0000] {dag.py:3211} INFO - Sync 1 DAGs
[2024-08-20T03:38:55.450+0000] {logging_mixin.py:190} INFO - [2024-08-20T03:38:55.450+0000] {dag.py:4138} INFO - Setting next_dagrun for example_task_group to 2024-08-19 00:00:00+00:00, run_after=2024-08-20 00:00:00+00:00
[2024-08-20T03:38:55.481+0000] {processor.py:208} INFO - Processing /home/airflow/.local/lib/python3.12/site-packages/airflow/example_dags/example_task_group.py took 0.099 seconds
[2024-08-20T03:39:25.736+0000] {processor.py:186} INFO - Started process (PID=4440) to work on /home/airflow/.local/lib/python3.12/site-packages/airflow/example_dags/example_task_group.py
[2024-08-20T03:39:25.737+0000] {processor.py:914} INFO - Processing file /home/airflow/.local/lib/python3.12/site-packages/airflow/example_dags/example_task_group.py for tasks to queue
[2024-08-20T03:39:25.740+0000] {logging_mixin.py:190} INFO - [2024-08-20T03:39:25.739+0000] {dagbag.py:587} INFO - Filling up the DagBag from /home/airflow/.local/lib/python3.12/site-packages/airflow/example_dags/example_task_group.py
[2024-08-20T03:39:25.749+0000] {processor.py:925} INFO - DAG(s) 'example_task_group' retrieved from /home/airflow/.local/lib/python3.12/site-packages/airflow/example_dags/example_task_group.py
[2024-08-20T03:39:25.774+0000] {logging_mixin.py:190} INFO - [2024-08-20T03:39:25.773+0000] {dag.py:3211} INFO - Sync 1 DAGs
[2024-08-20T03:39:25.800+0000] {logging_mixin.py:190} INFO - [2024-08-20T03:39:25.800+0000] {dag.py:4138} INFO - Setting next_dagrun for example_task_group to 2024-08-19 00:00:00+00:00, run_after=2024-08-20 00:00:00+00:00
[2024-08-20T03:39:25.824+0000] {processor.py:208} INFO - Processing /home/airflow/.local/lib/python3.12/site-packages/airflow/example_dags/example_task_group.py took 0.095 seconds
[2024-08-20T03:39:55.989+0000] {processor.py:186} INFO - Started process (PID=4726) to work on /home/airflow/.local/lib/python3.12/site-packages/airflow/example_dags/example_task_group.py
[2024-08-20T03:39:55.990+0000] {processor.py:914} INFO - Processing file /home/airflow/.local/lib/python3.12/site-packages/airflow/example_dags/example_task_group.py for tasks to queue
[2024-08-20T03:39:55.994+0000] {logging_mixin.py:190} INFO - [2024-08-20T03:39:55.993+0000] {dagbag.py:587} INFO - Filling up the DagBag from /home/airflow/.local/lib/python3.12/site-packages/airflow/example_dags/example_task_group.py
[2024-08-20T03:39:56.007+0000] {processor.py:925} INFO - DAG(s) 'example_task_group' retrieved from /home/airflow/.local/lib/python3.12/site-packages/airflow/example_dags/example_task_group.py
[2024-08-20T03:39:56.029+0000] {logging_mixin.py:190} INFO - [2024-08-20T03:39:56.029+0000] {dag.py:3211} INFO - Sync 1 DAGs
[2024-08-20T03:39:56.055+0000] {logging_mixin.py:190} INFO - [2024-08-20T03:39:56.055+0000] {dag.py:4138} INFO - Setting next_dagrun for example_task_group to 2024-08-19 00:00:00+00:00, run_after=2024-08-20 00:00:00+00:00
[2024-08-20T03:39:56.079+0000] {processor.py:208} INFO - Processing /home/airflow/.local/lib/python3.12/site-packages/airflow/example_dags/example_task_group.py took 0.098 seconds
[2024-08-20T03:40:26.399+0000] {processor.py:186} INFO - Started process (PID=5012) to work on /home/airflow/.local/lib/python3.12/site-packages/airflow/example_dags/example_task_group.py
[2024-08-20T03:40:26.400+0000] {processor.py:914} INFO - Processing file /home/airflow/.local/lib/python3.12/site-packages/airflow/example_dags/example_task_group.py for tasks to queue
[2024-08-20T03:40:26.403+0000] {logging_mixin.py:190} INFO - [2024-08-20T03:40:26.403+0000] {dagbag.py:587} INFO - Filling up the DagBag from /home/airflow/.local/lib/python3.12/site-packages/airflow/example_dags/example_task_group.py
[2024-08-20T03:40:26.413+0000] {processor.py:925} INFO - DAG(s) 'example_task_group' retrieved from /home/airflow/.local/lib/python3.12/site-packages/airflow/example_dags/example_task_group.py
[2024-08-20T03:40:26.436+0000] {logging_mixin.py:190} INFO - [2024-08-20T03:40:26.436+0000] {dag.py:3211} INFO - Sync 1 DAGs
[2024-08-20T03:40:26.465+0000] {logging_mixin.py:190} INFO - [2024-08-20T03:40:26.465+0000] {dag.py:4138} INFO - Setting next_dagrun for example_task_group to 2024-08-19 00:00:00+00:00, run_after=2024-08-20 00:00:00+00:00
[2024-08-20T03:40:26.490+0000] {processor.py:208} INFO - Processing /home/airflow/.local/lib/python3.12/site-packages/airflow/example_dags/example_task_group.py took 0.097 seconds
[2024-08-20T03:40:56.764+0000] {processor.py:186} INFO - Started process (PID=5298) to work on /home/airflow/.local/lib/python3.12/site-packages/airflow/example_dags/example_task_group.py
[2024-08-20T03:40:56.765+0000] {processor.py:914} INFO - Processing file /home/airflow/.local/lib/python3.12/site-packages/airflow/example_dags/example_task_group.py for tasks to queue
[2024-08-20T03:40:56.768+0000] {logging_mixin.py:190} INFO - [2024-08-20T03:40:56.768+0000] {dagbag.py:587} INFO - Filling up the DagBag from /home/airflow/.local/lib/python3.12/site-packages/airflow/example_dags/example_task_group.py
[2024-08-20T03:40:56.778+0000] {processor.py:925} INFO - DAG(s) 'example_task_group' retrieved from /home/airflow/.local/lib/python3.12/site-packages/airflow/example_dags/example_task_group.py
[2024-08-20T03:40:56.799+0000] {logging_mixin.py:190} INFO - [2024-08-20T03:40:56.799+0000] {dag.py:3211} INFO - Sync 1 DAGs
[2024-08-20T03:40:56.827+0000] {logging_mixin.py:190} INFO - [2024-08-20T03:40:56.826+0000] {dag.py:4138} INFO - Setting next_dagrun for example_task_group to 2024-08-19 00:00:00+00:00, run_after=2024-08-20 00:00:00+00:00
[2024-08-20T03:40:56.850+0000] {processor.py:208} INFO - Processing /home/airflow/.local/lib/python3.12/site-packages/airflow/example_dags/example_task_group.py took 0.092 seconds
[2024-08-20T03:41:27.152+0000] {processor.py:186} INFO - Started process (PID=5584) to work on /home/airflow/.local/lib/python3.12/site-packages/airflow/example_dags/example_task_group.py
[2024-08-20T03:41:27.153+0000] {processor.py:914} INFO - Processing file /home/airflow/.local/lib/python3.12/site-packages/airflow/example_dags/example_task_group.py for tasks to queue
[2024-08-20T03:41:27.156+0000] {logging_mixin.py:190} INFO - [2024-08-20T03:41:27.156+0000] {dagbag.py:587} INFO - Filling up the DagBag from /home/airflow/.local/lib/python3.12/site-packages/airflow/example_dags/example_task_group.py
[2024-08-20T03:41:27.167+0000] {processor.py:925} INFO - DAG(s) 'example_task_group' retrieved from /home/airflow/.local/lib/python3.12/site-packages/airflow/example_dags/example_task_group.py
[2024-08-20T03:41:27.194+0000] {logging_mixin.py:190} INFO - [2024-08-20T03:41:27.194+0000] {dag.py:3211} INFO - Sync 1 DAGs
[2024-08-20T03:41:27.224+0000] {logging_mixin.py:190} INFO - [2024-08-20T03:41:27.223+0000] {dag.py:4138} INFO - Setting next_dagrun for example_task_group to 2024-08-19 00:00:00+00:00, run_after=2024-08-20 00:00:00+00:00
[2024-08-20T03:41:27.258+0000] {processor.py:208} INFO - Processing /home/airflow/.local/lib/python3.12/site-packages/airflow/example_dags/example_task_group.py took 0.113 seconds
[2024-08-20T03:41:57.661+0000] {processor.py:186} INFO - Started process (PID=5870) to work on /home/airflow/.local/lib/python3.12/site-packages/airflow/example_dags/example_task_group.py
[2024-08-20T03:41:57.662+0000] {processor.py:914} INFO - Processing file /home/airflow/.local/lib/python3.12/site-packages/airflow/example_dags/example_task_group.py for tasks to queue
[2024-08-20T03:41:57.665+0000] {logging_mixin.py:190} INFO - [2024-08-20T03:41:57.665+0000] {dagbag.py:587} INFO - Filling up the DagBag from /home/airflow/.local/lib/python3.12/site-packages/airflow/example_dags/example_task_group.py
[2024-08-20T03:41:57.676+0000] {processor.py:925} INFO - DAG(s) 'example_task_group' retrieved from /home/airflow/.local/lib/python3.12/site-packages/airflow/example_dags/example_task_group.py
[2024-08-20T03:41:57.707+0000] {logging_mixin.py:190} INFO - [2024-08-20T03:41:57.707+0000] {dag.py:3211} INFO - Sync 1 DAGs
[2024-08-20T03:41:57.738+0000] {logging_mixin.py:190} INFO - [2024-08-20T03:41:57.738+0000] {dag.py:4138} INFO - Setting next_dagrun for example_task_group to 2024-08-19 00:00:00+00:00, run_after=2024-08-20 00:00:00+00:00
[2024-08-20T03:41:57.763+0000] {processor.py:208} INFO - Processing /home/airflow/.local/lib/python3.12/site-packages/airflow/example_dags/example_task_group.py took 0.111 seconds
