[2024-08-20T03:32:15.073+0000] {processor.py:186} INFO - Started process (PID=306) to work on /home/airflow/.local/lib/python3.12/site-packages/airflow/example_dags/example_latest_only_with_trigger.py
[2024-08-20T03:32:15.074+0000] {processor.py:914} INFO - Processing file /home/airflow/.local/lib/python3.12/site-packages/airflow/example_dags/example_latest_only_with_trigger.py for tasks to queue
[2024-08-20T03:32:15.083+0000] {logging_mixin.py:190} INFO - [2024-08-20T03:32:15.082+0000] {dagbag.py:587} INFO - Filling up the DagBag from /home/airflow/.local/lib/python3.12/site-packages/airflow/example_dags/example_latest_only_with_trigger.py
[2024-08-20T03:32:15.092+0000] {processor.py:925} INFO - DAG(s) 'latest_only_with_trigger' retrieved from /home/airflow/.local/lib/python3.12/site-packages/airflow/example_dags/example_latest_only_with_trigger.py
[2024-08-20T03:32:15.213+0000] {logging_mixin.py:190} INFO - [2024-08-20T03:32:15.213+0000] {override.py:1858} INFO - Created Permission View: can read on DAG:latest_only_with_trigger
[2024-08-20T03:32:15.232+0000] {logging_mixin.py:190} INFO - [2024-08-20T03:32:15.232+0000] {override.py:1858} INFO - Created Permission View: can delete on DAG:latest_only_with_trigger
[2024-08-20T03:32:15.242+0000] {logging_mixin.py:190} INFO - [2024-08-20T03:32:15.241+0000] {override.py:1858} INFO - Created Permission View: can edit on DAG:latest_only_with_trigger
[2024-08-20T03:32:15.242+0000] {logging_mixin.py:190} INFO - [2024-08-20T03:32:15.242+0000] {dag.py:3211} INFO - Sync 1 DAGs
[2024-08-20T03:32:15.256+0000] {logging_mixin.py:190} INFO - [2024-08-20T03:32:15.256+0000] {dag.py:3234} INFO - Creating ORM DAG for latest_only_with_trigger
[2024-08-20T03:32:15.268+0000] {logging_mixin.py:190} INFO - [2024-08-20T03:32:15.268+0000] {dag.py:4138} INFO - Setting next_dagrun for latest_only_with_trigger to 2024-08-19 20:00:00+00:00, run_after=2024-08-20 00:00:00+00:00
[2024-08-20T03:32:15.292+0000] {processor.py:208} INFO - Processing /home/airflow/.local/lib/python3.12/site-packages/airflow/example_dags/example_latest_only_with_trigger.py took 0.226 seconds
[2024-08-20T03:32:45.848+0000] {processor.py:186} INFO - Started process (PID=592) to work on /home/airflow/.local/lib/python3.12/site-packages/airflow/example_dags/example_latest_only_with_trigger.py
[2024-08-20T03:32:45.850+0000] {processor.py:914} INFO - Processing file /home/airflow/.local/lib/python3.12/site-packages/airflow/example_dags/example_latest_only_with_trigger.py for tasks to queue
[2024-08-20T03:32:45.855+0000] {logging_mixin.py:190} INFO - [2024-08-20T03:32:45.854+0000] {dagbag.py:587} INFO - Filling up the DagBag from /home/airflow/.local/lib/python3.12/site-packages/airflow/example_dags/example_latest_only_with_trigger.py
[2024-08-20T03:32:45.867+0000] {processor.py:925} INFO - DAG(s) 'latest_only_with_trigger' retrieved from /home/airflow/.local/lib/python3.12/site-packages/airflow/example_dags/example_latest_only_with_trigger.py
[2024-08-20T03:32:45.903+0000] {logging_mixin.py:190} INFO - [2024-08-20T03:32:45.902+0000] {dag.py:3211} INFO - Sync 1 DAGs
[2024-08-20T03:32:45.942+0000] {logging_mixin.py:190} INFO - [2024-08-20T03:32:45.941+0000] {dag.py:4138} INFO - Setting next_dagrun for latest_only_with_trigger to 2024-08-19 20:00:00+00:00, run_after=2024-08-20 00:00:00+00:00
[2024-08-20T03:32:45.969+0000] {processor.py:208} INFO - Processing /home/airflow/.local/lib/python3.12/site-packages/airflow/example_dags/example_latest_only_with_trigger.py took 0.128 seconds
[2024-08-20T03:33:16.207+0000] {processor.py:186} INFO - Started process (PID=878) to work on /home/airflow/.local/lib/python3.12/site-packages/airflow/example_dags/example_latest_only_with_trigger.py
[2024-08-20T03:33:16.209+0000] {processor.py:914} INFO - Processing file /home/airflow/.local/lib/python3.12/site-packages/airflow/example_dags/example_latest_only_with_trigger.py for tasks to queue
[2024-08-20T03:33:16.212+0000] {logging_mixin.py:190} INFO - [2024-08-20T03:33:16.212+0000] {dagbag.py:587} INFO - Filling up the DagBag from /home/airflow/.local/lib/python3.12/site-packages/airflow/example_dags/example_latest_only_with_trigger.py
[2024-08-20T03:33:16.222+0000] {processor.py:925} INFO - DAG(s) 'latest_only_with_trigger' retrieved from /home/airflow/.local/lib/python3.12/site-packages/airflow/example_dags/example_latest_only_with_trigger.py
[2024-08-20T03:33:16.253+0000] {logging_mixin.py:190} INFO - [2024-08-20T03:33:16.253+0000] {dag.py:3211} INFO - Sync 1 DAGs
[2024-08-20T03:33:16.281+0000] {logging_mixin.py:190} INFO - [2024-08-20T03:33:16.281+0000] {dag.py:4138} INFO - Setting next_dagrun for latest_only_with_trigger to 2024-08-19 20:00:00+00:00, run_after=2024-08-20 00:00:00+00:00
[2024-08-20T03:33:16.307+0000] {processor.py:208} INFO - Processing /home/airflow/.local/lib/python3.12/site-packages/airflow/example_dags/example_latest_only_with_trigger.py took 0.106 seconds
[2024-08-20T03:33:46.607+0000] {processor.py:186} INFO - Started process (PID=1164) to work on /home/airflow/.local/lib/python3.12/site-packages/airflow/example_dags/example_latest_only_with_trigger.py
[2024-08-20T03:33:46.608+0000] {processor.py:914} INFO - Processing file /home/airflow/.local/lib/python3.12/site-packages/airflow/example_dags/example_latest_only_with_trigger.py for tasks to queue
[2024-08-20T03:33:46.612+0000] {logging_mixin.py:190} INFO - [2024-08-20T03:33:46.611+0000] {dagbag.py:587} INFO - Filling up the DagBag from /home/airflow/.local/lib/python3.12/site-packages/airflow/example_dags/example_latest_only_with_trigger.py
[2024-08-20T03:33:46.620+0000] {processor.py:925} INFO - DAG(s) 'latest_only_with_trigger' retrieved from /home/airflow/.local/lib/python3.12/site-packages/airflow/example_dags/example_latest_only_with_trigger.py
[2024-08-20T03:33:46.643+0000] {logging_mixin.py:190} INFO - [2024-08-20T03:33:46.643+0000] {dag.py:3211} INFO - Sync 1 DAGs
[2024-08-20T03:33:46.673+0000] {logging_mixin.py:190} INFO - [2024-08-20T03:33:46.673+0000] {dag.py:4138} INFO - Setting next_dagrun for latest_only_with_trigger to 2024-08-19 20:00:00+00:00, run_after=2024-08-20 00:00:00+00:00
[2024-08-20T03:33:46.696+0000] {processor.py:208} INFO - Processing /home/airflow/.local/lib/python3.12/site-packages/airflow/example_dags/example_latest_only_with_trigger.py took 0.095 seconds
[2024-08-20T03:34:17.062+0000] {processor.py:186} INFO - Started process (PID=1452) to work on /home/airflow/.local/lib/python3.12/site-packages/airflow/example_dags/example_latest_only_with_trigger.py
[2024-08-20T03:34:17.064+0000] {processor.py:914} INFO - Processing file /home/airflow/.local/lib/python3.12/site-packages/airflow/example_dags/example_latest_only_with_trigger.py for tasks to queue
[2024-08-20T03:34:17.067+0000] {logging_mixin.py:190} INFO - [2024-08-20T03:34:17.067+0000] {dagbag.py:587} INFO - Filling up the DagBag from /home/airflow/.local/lib/python3.12/site-packages/airflow/example_dags/example_latest_only_with_trigger.py
[2024-08-20T03:34:17.074+0000] {processor.py:925} INFO - DAG(s) 'latest_only_with_trigger' retrieved from /home/airflow/.local/lib/python3.12/site-packages/airflow/example_dags/example_latest_only_with_trigger.py
[2024-08-20T03:34:17.095+0000] {logging_mixin.py:190} INFO - [2024-08-20T03:34:17.095+0000] {dag.py:3211} INFO - Sync 1 DAGs
[2024-08-20T03:34:17.120+0000] {logging_mixin.py:190} INFO - [2024-08-20T03:34:17.120+0000] {dag.py:4138} INFO - Setting next_dagrun for latest_only_with_trigger to 2024-08-19 20:00:00+00:00, run_after=2024-08-20 00:00:00+00:00
[2024-08-20T03:34:17.144+0000] {processor.py:208} INFO - Processing /home/airflow/.local/lib/python3.12/site-packages/airflow/example_dags/example_latest_only_with_trigger.py took 0.087 seconds
[2024-08-20T03:34:47.760+0000] {processor.py:186} INFO - Started process (PID=1736) to work on /home/airflow/.local/lib/python3.12/site-packages/airflow/example_dags/example_latest_only_with_trigger.py
[2024-08-20T03:34:47.762+0000] {processor.py:914} INFO - Processing file /home/airflow/.local/lib/python3.12/site-packages/airflow/example_dags/example_latest_only_with_trigger.py for tasks to queue
[2024-08-20T03:34:47.765+0000] {logging_mixin.py:190} INFO - [2024-08-20T03:34:47.765+0000] {dagbag.py:587} INFO - Filling up the DagBag from /home/airflow/.local/lib/python3.12/site-packages/airflow/example_dags/example_latest_only_with_trigger.py
[2024-08-20T03:34:47.773+0000] {processor.py:925} INFO - DAG(s) 'latest_only_with_trigger' retrieved from /home/airflow/.local/lib/python3.12/site-packages/airflow/example_dags/example_latest_only_with_trigger.py
[2024-08-20T03:34:47.797+0000] {logging_mixin.py:190} INFO - [2024-08-20T03:34:47.797+0000] {dag.py:3211} INFO - Sync 1 DAGs
[2024-08-20T03:34:47.828+0000] {logging_mixin.py:190} INFO - [2024-08-20T03:34:47.828+0000] {dag.py:4138} INFO - Setting next_dagrun for latest_only_with_trigger to 2024-08-19 20:00:00+00:00, run_after=2024-08-20 00:00:00+00:00
[2024-08-20T03:34:47.853+0000] {processor.py:208} INFO - Processing /home/airflow/.local/lib/python3.12/site-packages/airflow/example_dags/example_latest_only_with_trigger.py took 0.099 seconds
[2024-08-20T03:35:18.365+0000] {processor.py:186} INFO - Started process (PID=2022) to work on /home/airflow/.local/lib/python3.12/site-packages/airflow/example_dags/example_latest_only_with_trigger.py
[2024-08-20T03:35:18.366+0000] {processor.py:914} INFO - Processing file /home/airflow/.local/lib/python3.12/site-packages/airflow/example_dags/example_latest_only_with_trigger.py for tasks to queue
[2024-08-20T03:35:18.370+0000] {logging_mixin.py:190} INFO - [2024-08-20T03:35:18.370+0000] {dagbag.py:587} INFO - Filling up the DagBag from /home/airflow/.local/lib/python3.12/site-packages/airflow/example_dags/example_latest_only_with_trigger.py
[2024-08-20T03:35:18.378+0000] {processor.py:925} INFO - DAG(s) 'latest_only_with_trigger' retrieved from /home/airflow/.local/lib/python3.12/site-packages/airflow/example_dags/example_latest_only_with_trigger.py
[2024-08-20T03:35:18.402+0000] {logging_mixin.py:190} INFO - [2024-08-20T03:35:18.401+0000] {dag.py:3211} INFO - Sync 1 DAGs
[2024-08-20T03:35:18.428+0000] {logging_mixin.py:190} INFO - [2024-08-20T03:35:18.427+0000] {dag.py:4138} INFO - Setting next_dagrun for latest_only_with_trigger to 2024-08-19 20:00:00+00:00, run_after=2024-08-20 00:00:00+00:00
[2024-08-20T03:35:18.451+0000] {processor.py:208} INFO - Processing /home/airflow/.local/lib/python3.12/site-packages/airflow/example_dags/example_latest_only_with_trigger.py took 0.093 seconds
[2024-08-20T03:35:48.950+0000] {processor.py:186} INFO - Started process (PID=2310) to work on /home/airflow/.local/lib/python3.12/site-packages/airflow/example_dags/example_latest_only_with_trigger.py
[2024-08-20T03:35:48.952+0000] {processor.py:914} INFO - Processing file /home/airflow/.local/lib/python3.12/site-packages/airflow/example_dags/example_latest_only_with_trigger.py for tasks to queue
[2024-08-20T03:35:48.955+0000] {logging_mixin.py:190} INFO - [2024-08-20T03:35:48.955+0000] {dagbag.py:587} INFO - Filling up the DagBag from /home/airflow/.local/lib/python3.12/site-packages/airflow/example_dags/example_latest_only_with_trigger.py
[2024-08-20T03:35:48.964+0000] {processor.py:925} INFO - DAG(s) 'latest_only_with_trigger' retrieved from /home/airflow/.local/lib/python3.12/site-packages/airflow/example_dags/example_latest_only_with_trigger.py
[2024-08-20T03:35:48.989+0000] {logging_mixin.py:190} INFO - [2024-08-20T03:35:48.989+0000] {dag.py:3211} INFO - Sync 1 DAGs
[2024-08-20T03:35:49.018+0000] {logging_mixin.py:190} INFO - [2024-08-20T03:35:49.018+0000] {dag.py:4138} INFO - Setting next_dagrun for latest_only_with_trigger to 2024-08-19 20:00:00+00:00, run_after=2024-08-20 00:00:00+00:00
[2024-08-20T03:35:49.044+0000] {processor.py:208} INFO - Processing /home/airflow/.local/lib/python3.12/site-packages/airflow/example_dags/example_latest_only_with_trigger.py took 0.100 seconds
[2024-08-20T03:36:19.464+0000] {processor.py:186} INFO - Started process (PID=2594) to work on /home/airflow/.local/lib/python3.12/site-packages/airflow/example_dags/example_latest_only_with_trigger.py
[2024-08-20T03:36:19.465+0000] {processor.py:914} INFO - Processing file /home/airflow/.local/lib/python3.12/site-packages/airflow/example_dags/example_latest_only_with_trigger.py for tasks to queue
[2024-08-20T03:36:19.469+0000] {logging_mixin.py:190} INFO - [2024-08-20T03:36:19.468+0000] {dagbag.py:587} INFO - Filling up the DagBag from /home/airflow/.local/lib/python3.12/site-packages/airflow/example_dags/example_latest_only_with_trigger.py
[2024-08-20T03:36:19.476+0000] {processor.py:925} INFO - DAG(s) 'latest_only_with_trigger' retrieved from /home/airflow/.local/lib/python3.12/site-packages/airflow/example_dags/example_latest_only_with_trigger.py
[2024-08-20T03:36:19.499+0000] {logging_mixin.py:190} INFO - [2024-08-20T03:36:19.499+0000] {dag.py:3211} INFO - Sync 1 DAGs
[2024-08-20T03:36:19.524+0000] {logging_mixin.py:190} INFO - [2024-08-20T03:36:19.524+0000] {dag.py:4138} INFO - Setting next_dagrun for latest_only_with_trigger to 2024-08-19 20:00:00+00:00, run_after=2024-08-20 00:00:00+00:00
[2024-08-20T03:36:19.550+0000] {processor.py:208} INFO - Processing /home/airflow/.local/lib/python3.12/site-packages/airflow/example_dags/example_latest_only_with_trigger.py took 0.093 seconds
[2024-08-20T03:36:49.847+0000] {processor.py:186} INFO - Started process (PID=2882) to work on /home/airflow/.local/lib/python3.12/site-packages/airflow/example_dags/example_latest_only_with_trigger.py
[2024-08-20T03:36:49.848+0000] {processor.py:914} INFO - Processing file /home/airflow/.local/lib/python3.12/site-packages/airflow/example_dags/example_latest_only_with_trigger.py for tasks to queue
[2024-08-20T03:36:49.851+0000] {logging_mixin.py:190} INFO - [2024-08-20T03:36:49.850+0000] {dagbag.py:587} INFO - Filling up the DagBag from /home/airflow/.local/lib/python3.12/site-packages/airflow/example_dags/example_latest_only_with_trigger.py
[2024-08-20T03:36:49.859+0000] {processor.py:925} INFO - DAG(s) 'latest_only_with_trigger' retrieved from /home/airflow/.local/lib/python3.12/site-packages/airflow/example_dags/example_latest_only_with_trigger.py
[2024-08-20T03:36:49.884+0000] {logging_mixin.py:190} INFO - [2024-08-20T03:36:49.883+0000] {dag.py:3211} INFO - Sync 1 DAGs
[2024-08-20T03:36:49.909+0000] {logging_mixin.py:190} INFO - [2024-08-20T03:36:49.909+0000] {dag.py:4138} INFO - Setting next_dagrun for latest_only_with_trigger to 2024-08-19 20:00:00+00:00, run_after=2024-08-20 00:00:00+00:00
[2024-08-20T03:36:49.936+0000] {processor.py:208} INFO - Processing /home/airflow/.local/lib/python3.12/site-packages/airflow/example_dags/example_latest_only_with_trigger.py took 0.097 seconds
[2024-08-20T03:37:20.253+0000] {processor.py:186} INFO - Started process (PID=3166) to work on /home/airflow/.local/lib/python3.12/site-packages/airflow/example_dags/example_latest_only_with_trigger.py
[2024-08-20T03:37:20.254+0000] {processor.py:914} INFO - Processing file /home/airflow/.local/lib/python3.12/site-packages/airflow/example_dags/example_latest_only_with_trigger.py for tasks to queue
[2024-08-20T03:37:20.257+0000] {logging_mixin.py:190} INFO - [2024-08-20T03:37:20.257+0000] {dagbag.py:587} INFO - Filling up the DagBag from /home/airflow/.local/lib/python3.12/site-packages/airflow/example_dags/example_latest_only_with_trigger.py
[2024-08-20T03:37:20.265+0000] {processor.py:925} INFO - DAG(s) 'latest_only_with_trigger' retrieved from /home/airflow/.local/lib/python3.12/site-packages/airflow/example_dags/example_latest_only_with_trigger.py
[2024-08-20T03:37:20.287+0000] {logging_mixin.py:190} INFO - [2024-08-20T03:37:20.286+0000] {dag.py:3211} INFO - Sync 1 DAGs
[2024-08-20T03:37:20.312+0000] {logging_mixin.py:190} INFO - [2024-08-20T03:37:20.312+0000] {dag.py:4138} INFO - Setting next_dagrun for latest_only_with_trigger to 2024-08-19 20:00:00+00:00, run_after=2024-08-20 00:00:00+00:00
[2024-08-20T03:37:20.335+0000] {processor.py:208} INFO - Processing /home/airflow/.local/lib/python3.12/site-packages/airflow/example_dags/example_latest_only_with_trigger.py took 0.088 seconds
[2024-08-20T03:37:50.533+0000] {processor.py:186} INFO - Started process (PID=3452) to work on /home/airflow/.local/lib/python3.12/site-packages/airflow/example_dags/example_latest_only_with_trigger.py
[2024-08-20T03:37:50.534+0000] {processor.py:914} INFO - Processing file /home/airflow/.local/lib/python3.12/site-packages/airflow/example_dags/example_latest_only_with_trigger.py for tasks to queue
[2024-08-20T03:37:50.537+0000] {logging_mixin.py:190} INFO - [2024-08-20T03:37:50.536+0000] {dagbag.py:587} INFO - Filling up the DagBag from /home/airflow/.local/lib/python3.12/site-packages/airflow/example_dags/example_latest_only_with_trigger.py
[2024-08-20T03:37:50.545+0000] {processor.py:925} INFO - DAG(s) 'latest_only_with_trigger' retrieved from /home/airflow/.local/lib/python3.12/site-packages/airflow/example_dags/example_latest_only_with_trigger.py
[2024-08-20T03:37:50.566+0000] {logging_mixin.py:190} INFO - [2024-08-20T03:37:50.566+0000] {dag.py:3211} INFO - Sync 1 DAGs
[2024-08-20T03:37:50.590+0000] {logging_mixin.py:190} INFO - [2024-08-20T03:37:50.590+0000] {dag.py:4138} INFO - Setting next_dagrun for latest_only_with_trigger to 2024-08-19 20:00:00+00:00, run_after=2024-08-20 00:00:00+00:00
[2024-08-20T03:37:50.619+0000] {processor.py:208} INFO - Processing /home/airflow/.local/lib/python3.12/site-packages/airflow/example_dags/example_latest_only_with_trigger.py took 0.093 seconds
[2024-08-20T03:38:21.132+0000] {processor.py:186} INFO - Started process (PID=3739) to work on /home/airflow/.local/lib/python3.12/site-packages/airflow/example_dags/example_latest_only_with_trigger.py
[2024-08-20T03:38:21.133+0000] {processor.py:914} INFO - Processing file /home/airflow/.local/lib/python3.12/site-packages/airflow/example_dags/example_latest_only_with_trigger.py for tasks to queue
[2024-08-20T03:38:21.136+0000] {logging_mixin.py:190} INFO - [2024-08-20T03:38:21.136+0000] {dagbag.py:587} INFO - Filling up the DagBag from /home/airflow/.local/lib/python3.12/site-packages/airflow/example_dags/example_latest_only_with_trigger.py
[2024-08-20T03:38:21.146+0000] {processor.py:925} INFO - DAG(s) 'latest_only_with_trigger' retrieved from /home/airflow/.local/lib/python3.12/site-packages/airflow/example_dags/example_latest_only_with_trigger.py
[2024-08-20T03:38:21.167+0000] {logging_mixin.py:190} INFO - [2024-08-20T03:38:21.167+0000] {dag.py:3211} INFO - Sync 1 DAGs
[2024-08-20T03:38:21.193+0000] {logging_mixin.py:190} INFO - [2024-08-20T03:38:21.193+0000] {dag.py:4138} INFO - Setting next_dagrun for latest_only_with_trigger to 2024-08-19 20:00:00+00:00, run_after=2024-08-20 00:00:00+00:00
[2024-08-20T03:38:21.214+0000] {processor.py:208} INFO - Processing /home/airflow/.local/lib/python3.12/site-packages/airflow/example_dags/example_latest_only_with_trigger.py took 0.089 seconds
[2024-08-20T03:38:51.514+0000] {processor.py:186} INFO - Started process (PID=4024) to work on /home/airflow/.local/lib/python3.12/site-packages/airflow/example_dags/example_latest_only_with_trigger.py
[2024-08-20T03:38:51.515+0000] {processor.py:914} INFO - Processing file /home/airflow/.local/lib/python3.12/site-packages/airflow/example_dags/example_latest_only_with_trigger.py for tasks to queue
[2024-08-20T03:38:51.517+0000] {logging_mixin.py:190} INFO - [2024-08-20T03:38:51.517+0000] {dagbag.py:587} INFO - Filling up the DagBag from /home/airflow/.local/lib/python3.12/site-packages/airflow/example_dags/example_latest_only_with_trigger.py
[2024-08-20T03:38:51.526+0000] {processor.py:925} INFO - DAG(s) 'latest_only_with_trigger' retrieved from /home/airflow/.local/lib/python3.12/site-packages/airflow/example_dags/example_latest_only_with_trigger.py
[2024-08-20T03:38:51.553+0000] {logging_mixin.py:190} INFO - [2024-08-20T03:38:51.552+0000] {dag.py:3211} INFO - Sync 1 DAGs
[2024-08-20T03:38:51.580+0000] {logging_mixin.py:190} INFO - [2024-08-20T03:38:51.579+0000] {dag.py:4138} INFO - Setting next_dagrun for latest_only_with_trigger to 2024-08-19 20:00:00+00:00, run_after=2024-08-20 00:00:00+00:00
[2024-08-20T03:38:51.601+0000] {processor.py:208} INFO - Processing /home/airflow/.local/lib/python3.12/site-packages/airflow/example_dags/example_latest_only_with_trigger.py took 0.094 seconds
[2024-08-20T03:39:21.841+0000] {processor.py:186} INFO - Started process (PID=4310) to work on /home/airflow/.local/lib/python3.12/site-packages/airflow/example_dags/example_latest_only_with_trigger.py
[2024-08-20T03:39:21.842+0000] {processor.py:914} INFO - Processing file /home/airflow/.local/lib/python3.12/site-packages/airflow/example_dags/example_latest_only_with_trigger.py for tasks to queue
[2024-08-20T03:39:21.845+0000] {logging_mixin.py:190} INFO - [2024-08-20T03:39:21.844+0000] {dagbag.py:587} INFO - Filling up the DagBag from /home/airflow/.local/lib/python3.12/site-packages/airflow/example_dags/example_latest_only_with_trigger.py
[2024-08-20T03:39:21.854+0000] {processor.py:925} INFO - DAG(s) 'latest_only_with_trigger' retrieved from /home/airflow/.local/lib/python3.12/site-packages/airflow/example_dags/example_latest_only_with_trigger.py
[2024-08-20T03:39:21.876+0000] {logging_mixin.py:190} INFO - [2024-08-20T03:39:21.876+0000] {dag.py:3211} INFO - Sync 1 DAGs
[2024-08-20T03:39:21.905+0000] {logging_mixin.py:190} INFO - [2024-08-20T03:39:21.905+0000] {dag.py:4138} INFO - Setting next_dagrun for latest_only_with_trigger to 2024-08-19 20:00:00+00:00, run_after=2024-08-20 00:00:00+00:00
[2024-08-20T03:39:21.929+0000] {processor.py:208} INFO - Processing /home/airflow/.local/lib/python3.12/site-packages/airflow/example_dags/example_latest_only_with_trigger.py took 0.095 seconds
[2024-08-20T03:39:52.182+0000] {processor.py:186} INFO - Started process (PID=4596) to work on /home/airflow/.local/lib/python3.12/site-packages/airflow/example_dags/example_latest_only_with_trigger.py
[2024-08-20T03:39:52.183+0000] {processor.py:914} INFO - Processing file /home/airflow/.local/lib/python3.12/site-packages/airflow/example_dags/example_latest_only_with_trigger.py for tasks to queue
[2024-08-20T03:39:52.186+0000] {logging_mixin.py:190} INFO - [2024-08-20T03:39:52.186+0000] {dagbag.py:587} INFO - Filling up the DagBag from /home/airflow/.local/lib/python3.12/site-packages/airflow/example_dags/example_latest_only_with_trigger.py
[2024-08-20T03:39:52.195+0000] {processor.py:925} INFO - DAG(s) 'latest_only_with_trigger' retrieved from /home/airflow/.local/lib/python3.12/site-packages/airflow/example_dags/example_latest_only_with_trigger.py
[2024-08-20T03:39:52.219+0000] {logging_mixin.py:190} INFO - [2024-08-20T03:39:52.218+0000] {dag.py:3211} INFO - Sync 1 DAGs
[2024-08-20T03:39:52.247+0000] {logging_mixin.py:190} INFO - [2024-08-20T03:39:52.246+0000] {dag.py:4138} INFO - Setting next_dagrun for latest_only_with_trigger to 2024-08-19 20:00:00+00:00, run_after=2024-08-20 00:00:00+00:00
[2024-08-20T03:39:52.270+0000] {processor.py:208} INFO - Processing /home/airflow/.local/lib/python3.12/site-packages/airflow/example_dags/example_latest_only_with_trigger.py took 0.094 seconds
[2024-08-20T03:40:22.443+0000] {processor.py:186} INFO - Started process (PID=4882) to work on /home/airflow/.local/lib/python3.12/site-packages/airflow/example_dags/example_latest_only_with_trigger.py
[2024-08-20T03:40:22.444+0000] {processor.py:914} INFO - Processing file /home/airflow/.local/lib/python3.12/site-packages/airflow/example_dags/example_latest_only_with_trigger.py for tasks to queue
[2024-08-20T03:40:22.446+0000] {logging_mixin.py:190} INFO - [2024-08-20T03:40:22.446+0000] {dagbag.py:587} INFO - Filling up the DagBag from /home/airflow/.local/lib/python3.12/site-packages/airflow/example_dags/example_latest_only_with_trigger.py
[2024-08-20T03:40:22.455+0000] {processor.py:925} INFO - DAG(s) 'latest_only_with_trigger' retrieved from /home/airflow/.local/lib/python3.12/site-packages/airflow/example_dags/example_latest_only_with_trigger.py
[2024-08-20T03:40:22.480+0000] {logging_mixin.py:190} INFO - [2024-08-20T03:40:22.480+0000] {dag.py:3211} INFO - Sync 1 DAGs
[2024-08-20T03:40:22.508+0000] {logging_mixin.py:190} INFO - [2024-08-20T03:40:22.508+0000] {dag.py:4138} INFO - Setting next_dagrun for latest_only_with_trigger to 2024-08-19 20:00:00+00:00, run_after=2024-08-20 00:00:00+00:00
[2024-08-20T03:40:22.532+0000] {processor.py:208} INFO - Processing /home/airflow/.local/lib/python3.12/site-packages/airflow/example_dags/example_latest_only_with_trigger.py took 0.096 seconds
[2024-08-20T03:40:52.737+0000] {processor.py:186} INFO - Started process (PID=5168) to work on /home/airflow/.local/lib/python3.12/site-packages/airflow/example_dags/example_latest_only_with_trigger.py
[2024-08-20T03:40:52.738+0000] {processor.py:914} INFO - Processing file /home/airflow/.local/lib/python3.12/site-packages/airflow/example_dags/example_latest_only_with_trigger.py for tasks to queue
[2024-08-20T03:40:52.741+0000] {logging_mixin.py:190} INFO - [2024-08-20T03:40:52.741+0000] {dagbag.py:587} INFO - Filling up the DagBag from /home/airflow/.local/lib/python3.12/site-packages/airflow/example_dags/example_latest_only_with_trigger.py
[2024-08-20T03:40:52.749+0000] {processor.py:925} INFO - DAG(s) 'latest_only_with_trigger' retrieved from /home/airflow/.local/lib/python3.12/site-packages/airflow/example_dags/example_latest_only_with_trigger.py
[2024-08-20T03:40:52.770+0000] {logging_mixin.py:190} INFO - [2024-08-20T03:40:52.770+0000] {dag.py:3211} INFO - Sync 1 DAGs
[2024-08-20T03:40:52.795+0000] {logging_mixin.py:190} INFO - [2024-08-20T03:40:52.795+0000] {dag.py:4138} INFO - Setting next_dagrun for latest_only_with_trigger to 2024-08-19 20:00:00+00:00, run_after=2024-08-20 00:00:00+00:00
[2024-08-20T03:40:52.834+0000] {processor.py:208} INFO - Processing /home/airflow/.local/lib/python3.12/site-packages/airflow/example_dags/example_latest_only_with_trigger.py took 0.103 seconds
[2024-08-20T03:41:23.257+0000] {processor.py:186} INFO - Started process (PID=5454) to work on /home/airflow/.local/lib/python3.12/site-packages/airflow/example_dags/example_latest_only_with_trigger.py
[2024-08-20T03:41:23.258+0000] {processor.py:914} INFO - Processing file /home/airflow/.local/lib/python3.12/site-packages/airflow/example_dags/example_latest_only_with_trigger.py for tasks to queue
[2024-08-20T03:41:23.261+0000] {logging_mixin.py:190} INFO - [2024-08-20T03:41:23.261+0000] {dagbag.py:587} INFO - Filling up the DagBag from /home/airflow/.local/lib/python3.12/site-packages/airflow/example_dags/example_latest_only_with_trigger.py
[2024-08-20T03:41:23.269+0000] {processor.py:925} INFO - DAG(s) 'latest_only_with_trigger' retrieved from /home/airflow/.local/lib/python3.12/site-packages/airflow/example_dags/example_latest_only_with_trigger.py
[2024-08-20T03:41:23.291+0000] {logging_mixin.py:190} INFO - [2024-08-20T03:41:23.291+0000] {dag.py:3211} INFO - Sync 1 DAGs
[2024-08-20T03:41:23.316+0000] {logging_mixin.py:190} INFO - [2024-08-20T03:41:23.316+0000] {dag.py:4138} INFO - Setting next_dagrun for latest_only_with_trigger to 2024-08-19 20:00:00+00:00, run_after=2024-08-20 00:00:00+00:00
[2024-08-20T03:41:23.339+0000] {processor.py:208} INFO - Processing /home/airflow/.local/lib/python3.12/site-packages/airflow/example_dags/example_latest_only_with_trigger.py took 0.088 seconds
[2024-08-20T03:41:53.627+0000] {processor.py:186} INFO - Started process (PID=5737) to work on /home/airflow/.local/lib/python3.12/site-packages/airflow/example_dags/example_latest_only_with_trigger.py
[2024-08-20T03:41:53.628+0000] {processor.py:914} INFO - Processing file /home/airflow/.local/lib/python3.12/site-packages/airflow/example_dags/example_latest_only_with_trigger.py for tasks to queue
[2024-08-20T03:41:53.631+0000] {logging_mixin.py:190} INFO - [2024-08-20T03:41:53.631+0000] {dagbag.py:587} INFO - Filling up the DagBag from /home/airflow/.local/lib/python3.12/site-packages/airflow/example_dags/example_latest_only_with_trigger.py
[2024-08-20T03:41:53.639+0000] {processor.py:925} INFO - DAG(s) 'latest_only_with_trigger' retrieved from /home/airflow/.local/lib/python3.12/site-packages/airflow/example_dags/example_latest_only_with_trigger.py
[2024-08-20T03:41:53.660+0000] {logging_mixin.py:190} INFO - [2024-08-20T03:41:53.659+0000] {dag.py:3211} INFO - Sync 1 DAGs
[2024-08-20T03:41:53.684+0000] {logging_mixin.py:190} INFO - [2024-08-20T03:41:53.684+0000] {dag.py:4138} INFO - Setting next_dagrun for latest_only_with_trigger to 2024-08-19 20:00:00+00:00, run_after=2024-08-20 00:00:00+00:00
[2024-08-20T03:41:53.709+0000] {processor.py:208} INFO - Processing /home/airflow/.local/lib/python3.12/site-packages/airflow/example_dags/example_latest_only_with_trigger.py took 0.089 seconds
