[2024-08-20T03:32:13.490+0000] {processor.py:186} INFO - Started process (PID=256) to work on /home/airflow/.local/lib/python3.12/site-packages/airflow/example_dags/example_python_operator.py
[2024-08-20T03:32:13.491+0000] {processor.py:914} INFO - Processing file /home/airflow/.local/lib/python3.12/site-packages/airflow/example_dags/example_python_operator.py for tasks to queue
[2024-08-20T03:32:13.494+0000] {logging_mixin.py:190} INFO - [2024-08-20T03:32:13.494+0000] {dagbag.py:587} INFO - Filling up the DagBag from /home/airflow/.local/lib/python3.12/site-packages/airflow/example_dags/example_python_operator.py
[2024-08-20T03:32:13.509+0000] {processor.py:925} INFO - DAG(s) 'example_python_operator' retrieved from /home/airflow/.local/lib/python3.12/site-packages/airflow/example_dags/example_python_operator.py
[2024-08-20T03:32:13.648+0000] {logging_mixin.py:190} INFO - [2024-08-20T03:32:13.648+0000] {override.py:1858} INFO - Created Permission View: can read on DAG:example_python_operator
[2024-08-20T03:32:13.663+0000] {logging_mixin.py:190} INFO - [2024-08-20T03:32:13.663+0000] {override.py:1858} INFO - Created Permission View: can delete on DAG:example_python_operator
[2024-08-20T03:32:13.675+0000] {logging_mixin.py:190} INFO - [2024-08-20T03:32:13.674+0000] {override.py:1858} INFO - Created Permission View: can edit on DAG:example_python_operator
[2024-08-20T03:32:13.676+0000] {logging_mixin.py:190} INFO - [2024-08-20T03:32:13.675+0000] {dag.py:3211} INFO - Sync 1 DAGs
[2024-08-20T03:32:13.689+0000] {logging_mixin.py:190} INFO - [2024-08-20T03:32:13.689+0000] {dag.py:3234} INFO - Creating ORM DAG for example_python_operator
[2024-08-20T03:32:13.690+0000] {logging_mixin.py:190} INFO - [2024-08-20T03:32:13.690+0000] {dag.py:4138} INFO - Setting next_dagrun for example_python_operator to None, run_after=None
[2024-08-20T03:32:13.714+0000] {processor.py:208} INFO - Processing /home/airflow/.local/lib/python3.12/site-packages/airflow/example_dags/example_python_operator.py took 0.233 seconds
[2024-08-20T03:32:44.033+0000] {processor.py:186} INFO - Started process (PID=544) to work on /home/airflow/.local/lib/python3.12/site-packages/airflow/example_dags/example_python_operator.py
[2024-08-20T03:32:44.034+0000] {processor.py:914} INFO - Processing file /home/airflow/.local/lib/python3.12/site-packages/airflow/example_dags/example_python_operator.py for tasks to queue
[2024-08-20T03:32:44.037+0000] {logging_mixin.py:190} INFO - [2024-08-20T03:32:44.037+0000] {dagbag.py:587} INFO - Filling up the DagBag from /home/airflow/.local/lib/python3.12/site-packages/airflow/example_dags/example_python_operator.py
[2024-08-20T03:32:44.051+0000] {processor.py:925} INFO - DAG(s) 'example_python_operator' retrieved from /home/airflow/.local/lib/python3.12/site-packages/airflow/example_dags/example_python_operator.py
[2024-08-20T03:32:44.075+0000] {logging_mixin.py:190} INFO - [2024-08-20T03:32:44.074+0000] {dag.py:3211} INFO - Sync 1 DAGs
[2024-08-20T03:32:44.090+0000] {logging_mixin.py:190} INFO - [2024-08-20T03:32:44.090+0000] {dag.py:4138} INFO - Setting next_dagrun for example_python_operator to None, run_after=None
[2024-08-20T03:32:44.118+0000] {processor.py:208} INFO - Processing /home/airflow/.local/lib/python3.12/site-packages/airflow/example_dags/example_python_operator.py took 0.091 seconds
[2024-08-20T03:33:14.474+0000] {processor.py:186} INFO - Started process (PID=828) to work on /home/airflow/.local/lib/python3.12/site-packages/airflow/example_dags/example_python_operator.py
[2024-08-20T03:33:14.475+0000] {processor.py:914} INFO - Processing file /home/airflow/.local/lib/python3.12/site-packages/airflow/example_dags/example_python_operator.py for tasks to queue
[2024-08-20T03:33:14.478+0000] {logging_mixin.py:190} INFO - [2024-08-20T03:33:14.477+0000] {dagbag.py:587} INFO - Filling up the DagBag from /home/airflow/.local/lib/python3.12/site-packages/airflow/example_dags/example_python_operator.py
[2024-08-20T03:33:14.491+0000] {processor.py:925} INFO - DAG(s) 'example_python_operator' retrieved from /home/airflow/.local/lib/python3.12/site-packages/airflow/example_dags/example_python_operator.py
[2024-08-20T03:33:14.521+0000] {logging_mixin.py:190} INFO - [2024-08-20T03:33:14.521+0000] {dag.py:3211} INFO - Sync 1 DAGs
[2024-08-20T03:33:14.536+0000] {logging_mixin.py:190} INFO - [2024-08-20T03:33:14.536+0000] {dag.py:4138} INFO - Setting next_dagrun for example_python_operator to None, run_after=None
[2024-08-20T03:33:14.567+0000] {processor.py:208} INFO - Processing /home/airflow/.local/lib/python3.12/site-packages/airflow/example_dags/example_python_operator.py took 0.100 seconds
[2024-08-20T03:33:44.815+0000] {processor.py:186} INFO - Started process (PID=1114) to work on /home/airflow/.local/lib/python3.12/site-packages/airflow/example_dags/example_python_operator.py
[2024-08-20T03:33:44.816+0000] {processor.py:914} INFO - Processing file /home/airflow/.local/lib/python3.12/site-packages/airflow/example_dags/example_python_operator.py for tasks to queue
[2024-08-20T03:33:44.819+0000] {logging_mixin.py:190} INFO - [2024-08-20T03:33:44.818+0000] {dagbag.py:587} INFO - Filling up the DagBag from /home/airflow/.local/lib/python3.12/site-packages/airflow/example_dags/example_python_operator.py
[2024-08-20T03:33:44.834+0000] {processor.py:925} INFO - DAG(s) 'example_python_operator' retrieved from /home/airflow/.local/lib/python3.12/site-packages/airflow/example_dags/example_python_operator.py
[2024-08-20T03:33:44.862+0000] {logging_mixin.py:190} INFO - [2024-08-20T03:33:44.862+0000] {dag.py:3211} INFO - Sync 1 DAGs
[2024-08-20T03:33:44.880+0000] {logging_mixin.py:190} INFO - [2024-08-20T03:33:44.880+0000] {dag.py:4138} INFO - Setting next_dagrun for example_python_operator to None, run_after=None
[2024-08-20T03:33:44.908+0000] {processor.py:208} INFO - Processing /home/airflow/.local/lib/python3.12/site-packages/airflow/example_dags/example_python_operator.py took 0.100 seconds
[2024-08-20T03:34:15.193+0000] {processor.py:186} INFO - Started process (PID=1400) to work on /home/airflow/.local/lib/python3.12/site-packages/airflow/example_dags/example_python_operator.py
[2024-08-20T03:34:15.194+0000] {processor.py:914} INFO - Processing file /home/airflow/.local/lib/python3.12/site-packages/airflow/example_dags/example_python_operator.py for tasks to queue
[2024-08-20T03:34:15.197+0000] {logging_mixin.py:190} INFO - [2024-08-20T03:34:15.196+0000] {dagbag.py:587} INFO - Filling up the DagBag from /home/airflow/.local/lib/python3.12/site-packages/airflow/example_dags/example_python_operator.py
[2024-08-20T03:34:15.211+0000] {processor.py:925} INFO - DAG(s) 'example_python_operator' retrieved from /home/airflow/.local/lib/python3.12/site-packages/airflow/example_dags/example_python_operator.py
[2024-08-20T03:34:15.236+0000] {logging_mixin.py:190} INFO - [2024-08-20T03:34:15.236+0000] {dag.py:3211} INFO - Sync 1 DAGs
[2024-08-20T03:34:15.253+0000] {logging_mixin.py:190} INFO - [2024-08-20T03:34:15.253+0000] {dag.py:4138} INFO - Setting next_dagrun for example_python_operator to None, run_after=None
[2024-08-20T03:34:15.291+0000] {processor.py:208} INFO - Processing /home/airflow/.local/lib/python3.12/site-packages/airflow/example_dags/example_python_operator.py took 0.105 seconds
[2024-08-20T03:34:45.799+0000] {processor.py:186} INFO - Started process (PID=1683) to work on /home/airflow/.local/lib/python3.12/site-packages/airflow/example_dags/example_python_operator.py
[2024-08-20T03:34:45.800+0000] {processor.py:914} INFO - Processing file /home/airflow/.local/lib/python3.12/site-packages/airflow/example_dags/example_python_operator.py for tasks to queue
[2024-08-20T03:34:45.803+0000] {logging_mixin.py:190} INFO - [2024-08-20T03:34:45.802+0000] {dagbag.py:587} INFO - Filling up the DagBag from /home/airflow/.local/lib/python3.12/site-packages/airflow/example_dags/example_python_operator.py
[2024-08-20T03:34:45.816+0000] {processor.py:925} INFO - DAG(s) 'example_python_operator' retrieved from /home/airflow/.local/lib/python3.12/site-packages/airflow/example_dags/example_python_operator.py
[2024-08-20T03:34:45.839+0000] {logging_mixin.py:190} INFO - [2024-08-20T03:34:45.838+0000] {dag.py:3211} INFO - Sync 1 DAGs
[2024-08-20T03:34:45.855+0000] {logging_mixin.py:190} INFO - [2024-08-20T03:34:45.855+0000] {dag.py:4138} INFO - Setting next_dagrun for example_python_operator to None, run_after=None
[2024-08-20T03:34:45.912+0000] {processor.py:208} INFO - Processing /home/airflow/.local/lib/python3.12/site-packages/airflow/example_dags/example_python_operator.py took 0.119 seconds
[2024-08-20T03:35:16.456+0000] {processor.py:186} INFO - Started process (PID=1967) to work on /home/airflow/.local/lib/python3.12/site-packages/airflow/example_dags/example_python_operator.py
[2024-08-20T03:35:16.457+0000] {processor.py:914} INFO - Processing file /home/airflow/.local/lib/python3.12/site-packages/airflow/example_dags/example_python_operator.py for tasks to queue
[2024-08-20T03:35:16.460+0000] {logging_mixin.py:190} INFO - [2024-08-20T03:35:16.459+0000] {dagbag.py:587} INFO - Filling up the DagBag from /home/airflow/.local/lib/python3.12/site-packages/airflow/example_dags/example_python_operator.py
[2024-08-20T03:35:16.473+0000] {processor.py:925} INFO - DAG(s) 'example_python_operator' retrieved from /home/airflow/.local/lib/python3.12/site-packages/airflow/example_dags/example_python_operator.py
[2024-08-20T03:35:16.501+0000] {logging_mixin.py:190} INFO - [2024-08-20T03:35:16.501+0000] {dag.py:3211} INFO - Sync 1 DAGs
[2024-08-20T03:35:16.520+0000] {logging_mixin.py:190} INFO - [2024-08-20T03:35:16.520+0000] {dag.py:4138} INFO - Setting next_dagrun for example_python_operator to None, run_after=None
[2024-08-20T03:35:16.545+0000] {processor.py:208} INFO - Processing /home/airflow/.local/lib/python3.12/site-packages/airflow/example_dags/example_python_operator.py took 0.096 seconds
[2024-08-20T03:35:46.968+0000] {processor.py:186} INFO - Started process (PID=2253) to work on /home/airflow/.local/lib/python3.12/site-packages/airflow/example_dags/example_python_operator.py
[2024-08-20T03:35:46.969+0000] {processor.py:914} INFO - Processing file /home/airflow/.local/lib/python3.12/site-packages/airflow/example_dags/example_python_operator.py for tasks to queue
[2024-08-20T03:35:46.971+0000] {logging_mixin.py:190} INFO - [2024-08-20T03:35:46.971+0000] {dagbag.py:587} INFO - Filling up the DagBag from /home/airflow/.local/lib/python3.12/site-packages/airflow/example_dags/example_python_operator.py
[2024-08-20T03:35:46.982+0000] {processor.py:925} INFO - DAG(s) 'example_python_operator' retrieved from /home/airflow/.local/lib/python3.12/site-packages/airflow/example_dags/example_python_operator.py
[2024-08-20T03:35:47.010+0000] {logging_mixin.py:190} INFO - [2024-08-20T03:35:47.010+0000] {dag.py:3211} INFO - Sync 1 DAGs
[2024-08-20T03:35:47.026+0000] {logging_mixin.py:190} INFO - [2024-08-20T03:35:47.026+0000] {dag.py:4138} INFO - Setting next_dagrun for example_python_operator to None, run_after=None
[2024-08-20T03:35:47.051+0000] {processor.py:208} INFO - Processing /home/airflow/.local/lib/python3.12/site-packages/airflow/example_dags/example_python_operator.py took 0.089 seconds
[2024-08-20T03:36:17.533+0000] {processor.py:186} INFO - Started process (PID=2539) to work on /home/airflow/.local/lib/python3.12/site-packages/airflow/example_dags/example_python_operator.py
[2024-08-20T03:36:17.534+0000] {processor.py:914} INFO - Processing file /home/airflow/.local/lib/python3.12/site-packages/airflow/example_dags/example_python_operator.py for tasks to queue
[2024-08-20T03:36:17.538+0000] {logging_mixin.py:190} INFO - [2024-08-20T03:36:17.538+0000] {dagbag.py:587} INFO - Filling up the DagBag from /home/airflow/.local/lib/python3.12/site-packages/airflow/example_dags/example_python_operator.py
[2024-08-20T03:36:17.560+0000] {processor.py:925} INFO - DAG(s) 'example_python_operator' retrieved from /home/airflow/.local/lib/python3.12/site-packages/airflow/example_dags/example_python_operator.py
[2024-08-20T03:36:17.589+0000] {logging_mixin.py:190} INFO - [2024-08-20T03:36:17.589+0000] {dag.py:3211} INFO - Sync 1 DAGs
[2024-08-20T03:36:17.608+0000] {logging_mixin.py:190} INFO - [2024-08-20T03:36:17.607+0000] {dag.py:4138} INFO - Setting next_dagrun for example_python_operator to None, run_after=None
[2024-08-20T03:36:17.636+0000] {processor.py:208} INFO - Processing /home/airflow/.local/lib/python3.12/site-packages/airflow/example_dags/example_python_operator.py took 0.111 seconds
[2024-08-20T03:36:47.945+0000] {processor.py:186} INFO - Started process (PID=2825) to work on /home/airflow/.local/lib/python3.12/site-packages/airflow/example_dags/example_python_operator.py
[2024-08-20T03:36:47.946+0000] {processor.py:914} INFO - Processing file /home/airflow/.local/lib/python3.12/site-packages/airflow/example_dags/example_python_operator.py for tasks to queue
[2024-08-20T03:36:47.949+0000] {logging_mixin.py:190} INFO - [2024-08-20T03:36:47.948+0000] {dagbag.py:587} INFO - Filling up the DagBag from /home/airflow/.local/lib/python3.12/site-packages/airflow/example_dags/example_python_operator.py
[2024-08-20T03:36:47.962+0000] {processor.py:925} INFO - DAG(s) 'example_python_operator' retrieved from /home/airflow/.local/lib/python3.12/site-packages/airflow/example_dags/example_python_operator.py
[2024-08-20T03:36:47.987+0000] {logging_mixin.py:190} INFO - [2024-08-20T03:36:47.986+0000] {dag.py:3211} INFO - Sync 1 DAGs
[2024-08-20T03:36:48.004+0000] {logging_mixin.py:190} INFO - [2024-08-20T03:36:48.004+0000] {dag.py:4138} INFO - Setting next_dagrun for example_python_operator to None, run_after=None
[2024-08-20T03:36:48.031+0000] {processor.py:208} INFO - Processing /home/airflow/.local/lib/python3.12/site-packages/airflow/example_dags/example_python_operator.py took 0.093 seconds
[2024-08-20T03:37:18.387+0000] {processor.py:186} INFO - Started process (PID=3111) to work on /home/airflow/.local/lib/python3.12/site-packages/airflow/example_dags/example_python_operator.py
[2024-08-20T03:37:18.388+0000] {processor.py:914} INFO - Processing file /home/airflow/.local/lib/python3.12/site-packages/airflow/example_dags/example_python_operator.py for tasks to queue
[2024-08-20T03:37:18.391+0000] {logging_mixin.py:190} INFO - [2024-08-20T03:37:18.391+0000] {dagbag.py:587} INFO - Filling up the DagBag from /home/airflow/.local/lib/python3.12/site-packages/airflow/example_dags/example_python_operator.py
[2024-08-20T03:37:18.405+0000] {processor.py:925} INFO - DAG(s) 'example_python_operator' retrieved from /home/airflow/.local/lib/python3.12/site-packages/airflow/example_dags/example_python_operator.py
[2024-08-20T03:37:18.429+0000] {logging_mixin.py:190} INFO - [2024-08-20T03:37:18.429+0000] {dag.py:3211} INFO - Sync 1 DAGs
[2024-08-20T03:37:18.447+0000] {logging_mixin.py:190} INFO - [2024-08-20T03:37:18.447+0000] {dag.py:4138} INFO - Setting next_dagrun for example_python_operator to None, run_after=None
[2024-08-20T03:37:18.478+0000] {processor.py:208} INFO - Processing /home/airflow/.local/lib/python3.12/site-packages/airflow/example_dags/example_python_operator.py took 0.099 seconds
[2024-08-20T03:37:48.563+0000] {processor.py:186} INFO - Started process (PID=3397) to work on /home/airflow/.local/lib/python3.12/site-packages/airflow/example_dags/example_python_operator.py
[2024-08-20T03:37:48.564+0000] {processor.py:914} INFO - Processing file /home/airflow/.local/lib/python3.12/site-packages/airflow/example_dags/example_python_operator.py for tasks to queue
[2024-08-20T03:37:48.567+0000] {logging_mixin.py:190} INFO - [2024-08-20T03:37:48.566+0000] {dagbag.py:587} INFO - Filling up the DagBag from /home/airflow/.local/lib/python3.12/site-packages/airflow/example_dags/example_python_operator.py
[2024-08-20T03:37:48.580+0000] {processor.py:925} INFO - DAG(s) 'example_python_operator' retrieved from /home/airflow/.local/lib/python3.12/site-packages/airflow/example_dags/example_python_operator.py
[2024-08-20T03:37:48.604+0000] {logging_mixin.py:190} INFO - [2024-08-20T03:37:48.603+0000] {dag.py:3211} INFO - Sync 1 DAGs
[2024-08-20T03:37:48.621+0000] {logging_mixin.py:190} INFO - [2024-08-20T03:37:48.620+0000] {dag.py:4138} INFO - Setting next_dagrun for example_python_operator to None, run_after=None
[2024-08-20T03:37:48.646+0000] {processor.py:208} INFO - Processing /home/airflow/.local/lib/python3.12/site-packages/airflow/example_dags/example_python_operator.py took 0.089 seconds
[2024-08-20T03:38:19.305+0000] {processor.py:186} INFO - Started process (PID=3683) to work on /home/airflow/.local/lib/python3.12/site-packages/airflow/example_dags/example_python_operator.py
[2024-08-20T03:38:19.306+0000] {processor.py:914} INFO - Processing file /home/airflow/.local/lib/python3.12/site-packages/airflow/example_dags/example_python_operator.py for tasks to queue
[2024-08-20T03:38:19.308+0000] {logging_mixin.py:190} INFO - [2024-08-20T03:38:19.308+0000] {dagbag.py:587} INFO - Filling up the DagBag from /home/airflow/.local/lib/python3.12/site-packages/airflow/example_dags/example_python_operator.py
[2024-08-20T03:38:19.322+0000] {processor.py:925} INFO - DAG(s) 'example_python_operator' retrieved from /home/airflow/.local/lib/python3.12/site-packages/airflow/example_dags/example_python_operator.py
[2024-08-20T03:38:19.346+0000] {logging_mixin.py:190} INFO - [2024-08-20T03:38:19.346+0000] {dag.py:3211} INFO - Sync 1 DAGs
[2024-08-20T03:38:19.363+0000] {logging_mixin.py:190} INFO - [2024-08-20T03:38:19.362+0000] {dag.py:4138} INFO - Setting next_dagrun for example_python_operator to None, run_after=None
[2024-08-20T03:38:19.388+0000] {processor.py:208} INFO - Processing /home/airflow/.local/lib/python3.12/site-packages/airflow/example_dags/example_python_operator.py took 0.090 seconds
[2024-08-20T03:38:49.588+0000] {processor.py:186} INFO - Started process (PID=3971) to work on /home/airflow/.local/lib/python3.12/site-packages/airflow/example_dags/example_python_operator.py
[2024-08-20T03:38:49.589+0000] {processor.py:914} INFO - Processing file /home/airflow/.local/lib/python3.12/site-packages/airflow/example_dags/example_python_operator.py for tasks to queue
[2024-08-20T03:38:49.592+0000] {logging_mixin.py:190} INFO - [2024-08-20T03:38:49.591+0000] {dagbag.py:587} INFO - Filling up the DagBag from /home/airflow/.local/lib/python3.12/site-packages/airflow/example_dags/example_python_operator.py
[2024-08-20T03:38:49.605+0000] {processor.py:925} INFO - DAG(s) 'example_python_operator' retrieved from /home/airflow/.local/lib/python3.12/site-packages/airflow/example_dags/example_python_operator.py
[2024-08-20T03:38:49.627+0000] {logging_mixin.py:190} INFO - [2024-08-20T03:38:49.627+0000] {dag.py:3211} INFO - Sync 1 DAGs
[2024-08-20T03:38:49.642+0000] {logging_mixin.py:190} INFO - [2024-08-20T03:38:49.642+0000] {dag.py:4138} INFO - Setting next_dagrun for example_python_operator to None, run_after=None
[2024-08-20T03:38:49.681+0000] {processor.py:208} INFO - Processing /home/airflow/.local/lib/python3.12/site-packages/airflow/example_dags/example_python_operator.py took 0.099 seconds
[2024-08-20T03:39:19.898+0000] {processor.py:186} INFO - Started process (PID=4255) to work on /home/airflow/.local/lib/python3.12/site-packages/airflow/example_dags/example_python_operator.py
[2024-08-20T03:39:19.899+0000] {processor.py:914} INFO - Processing file /home/airflow/.local/lib/python3.12/site-packages/airflow/example_dags/example_python_operator.py for tasks to queue
[2024-08-20T03:39:19.901+0000] {logging_mixin.py:190} INFO - [2024-08-20T03:39:19.901+0000] {dagbag.py:587} INFO - Filling up the DagBag from /home/airflow/.local/lib/python3.12/site-packages/airflow/example_dags/example_python_operator.py
[2024-08-20T03:39:19.915+0000] {processor.py:925} INFO - DAG(s) 'example_python_operator' retrieved from /home/airflow/.local/lib/python3.12/site-packages/airflow/example_dags/example_python_operator.py
[2024-08-20T03:39:19.938+0000] {logging_mixin.py:190} INFO - [2024-08-20T03:39:19.937+0000] {dag.py:3211} INFO - Sync 1 DAGs
[2024-08-20T03:39:19.955+0000] {logging_mixin.py:190} INFO - [2024-08-20T03:39:19.954+0000] {dag.py:4138} INFO - Setting next_dagrun for example_python_operator to None, run_after=None
[2024-08-20T03:39:19.982+0000] {processor.py:208} INFO - Processing /home/airflow/.local/lib/python3.12/site-packages/airflow/example_dags/example_python_operator.py took 0.091 seconds
[2024-08-20T03:39:50.280+0000] {processor.py:186} INFO - Started process (PID=4541) to work on /home/airflow/.local/lib/python3.12/site-packages/airflow/example_dags/example_python_operator.py
[2024-08-20T03:39:50.281+0000] {processor.py:914} INFO - Processing file /home/airflow/.local/lib/python3.12/site-packages/airflow/example_dags/example_python_operator.py for tasks to queue
[2024-08-20T03:39:50.284+0000] {logging_mixin.py:190} INFO - [2024-08-20T03:39:50.283+0000] {dagbag.py:587} INFO - Filling up the DagBag from /home/airflow/.local/lib/python3.12/site-packages/airflow/example_dags/example_python_operator.py
[2024-08-20T03:39:50.298+0000] {processor.py:925} INFO - DAG(s) 'example_python_operator' retrieved from /home/airflow/.local/lib/python3.12/site-packages/airflow/example_dags/example_python_operator.py
[2024-08-20T03:39:50.322+0000] {logging_mixin.py:190} INFO - [2024-08-20T03:39:50.321+0000] {dag.py:3211} INFO - Sync 1 DAGs
[2024-08-20T03:39:50.339+0000] {logging_mixin.py:190} INFO - [2024-08-20T03:39:50.339+0000] {dag.py:4138} INFO - Setting next_dagrun for example_python_operator to None, run_after=None
[2024-08-20T03:39:50.371+0000] {processor.py:208} INFO - Processing /home/airflow/.local/lib/python3.12/site-packages/airflow/example_dags/example_python_operator.py took 0.098 seconds
[2024-08-20T03:40:20.572+0000] {processor.py:186} INFO - Started process (PID=4827) to work on /home/airflow/.local/lib/python3.12/site-packages/airflow/example_dags/example_python_operator.py
[2024-08-20T03:40:20.573+0000] {processor.py:914} INFO - Processing file /home/airflow/.local/lib/python3.12/site-packages/airflow/example_dags/example_python_operator.py for tasks to queue
[2024-08-20T03:40:20.576+0000] {logging_mixin.py:190} INFO - [2024-08-20T03:40:20.576+0000] {dagbag.py:587} INFO - Filling up the DagBag from /home/airflow/.local/lib/python3.12/site-packages/airflow/example_dags/example_python_operator.py
[2024-08-20T03:40:20.589+0000] {processor.py:925} INFO - DAG(s) 'example_python_operator' retrieved from /home/airflow/.local/lib/python3.12/site-packages/airflow/example_dags/example_python_operator.py
[2024-08-20T03:40:20.613+0000] {logging_mixin.py:190} INFO - [2024-08-20T03:40:20.613+0000] {dag.py:3211} INFO - Sync 1 DAGs
[2024-08-20T03:40:20.629+0000] {logging_mixin.py:190} INFO - [2024-08-20T03:40:20.628+0000] {dag.py:4138} INFO - Setting next_dagrun for example_python_operator to None, run_after=None
[2024-08-20T03:40:20.657+0000] {processor.py:208} INFO - Processing /home/airflow/.local/lib/python3.12/site-packages/airflow/example_dags/example_python_operator.py took 0.091 seconds
[2024-08-20T03:40:50.897+0000] {processor.py:186} INFO - Started process (PID=5113) to work on /home/airflow/.local/lib/python3.12/site-packages/airflow/example_dags/example_python_operator.py
[2024-08-20T03:40:50.898+0000] {processor.py:914} INFO - Processing file /home/airflow/.local/lib/python3.12/site-packages/airflow/example_dags/example_python_operator.py for tasks to queue
[2024-08-20T03:40:50.901+0000] {logging_mixin.py:190} INFO - [2024-08-20T03:40:50.901+0000] {dagbag.py:587} INFO - Filling up the DagBag from /home/airflow/.local/lib/python3.12/site-packages/airflow/example_dags/example_python_operator.py
[2024-08-20T03:40:50.915+0000] {processor.py:925} INFO - DAG(s) 'example_python_operator' retrieved from /home/airflow/.local/lib/python3.12/site-packages/airflow/example_dags/example_python_operator.py
[2024-08-20T03:40:50.939+0000] {logging_mixin.py:190} INFO - [2024-08-20T03:40:50.939+0000] {dag.py:3211} INFO - Sync 1 DAGs
[2024-08-20T03:40:50.957+0000] {logging_mixin.py:190} INFO - [2024-08-20T03:40:50.956+0000] {dag.py:4138} INFO - Setting next_dagrun for example_python_operator to None, run_after=None
[2024-08-20T03:40:50.979+0000] {processor.py:208} INFO - Processing /home/airflow/.local/lib/python3.12/site-packages/airflow/example_dags/example_python_operator.py took 0.088 seconds
[2024-08-20T03:41:21.472+0000] {processor.py:186} INFO - Started process (PID=5399) to work on /home/airflow/.local/lib/python3.12/site-packages/airflow/example_dags/example_python_operator.py
[2024-08-20T03:41:21.473+0000] {processor.py:914} INFO - Processing file /home/airflow/.local/lib/python3.12/site-packages/airflow/example_dags/example_python_operator.py for tasks to queue
[2024-08-20T03:41:21.476+0000] {logging_mixin.py:190} INFO - [2024-08-20T03:41:21.476+0000] {dagbag.py:587} INFO - Filling up the DagBag from /home/airflow/.local/lib/python3.12/site-packages/airflow/example_dags/example_python_operator.py
[2024-08-20T03:41:21.494+0000] {processor.py:925} INFO - DAG(s) 'example_python_operator' retrieved from /home/airflow/.local/lib/python3.12/site-packages/airflow/example_dags/example_python_operator.py
[2024-08-20T03:41:21.519+0000] {logging_mixin.py:190} INFO - [2024-08-20T03:41:21.519+0000] {dag.py:3211} INFO - Sync 1 DAGs
[2024-08-20T03:41:21.538+0000] {logging_mixin.py:190} INFO - [2024-08-20T03:41:21.538+0000] {dag.py:4138} INFO - Setting next_dagrun for example_python_operator to None, run_after=None
[2024-08-20T03:41:21.563+0000] {processor.py:208} INFO - Processing /home/airflow/.local/lib/python3.12/site-packages/airflow/example_dags/example_python_operator.py took 0.098 seconds
[2024-08-20T03:41:51.791+0000] {processor.py:186} INFO - Started process (PID=5687) to work on /home/airflow/.local/lib/python3.12/site-packages/airflow/example_dags/example_python_operator.py
[2024-08-20T03:41:51.792+0000] {processor.py:914} INFO - Processing file /home/airflow/.local/lib/python3.12/site-packages/airflow/example_dags/example_python_operator.py for tasks to queue
[2024-08-20T03:41:51.795+0000] {logging_mixin.py:190} INFO - [2024-08-20T03:41:51.795+0000] {dagbag.py:587} INFO - Filling up the DagBag from /home/airflow/.local/lib/python3.12/site-packages/airflow/example_dags/example_python_operator.py
[2024-08-20T03:41:51.809+0000] {processor.py:925} INFO - DAG(s) 'example_python_operator' retrieved from /home/airflow/.local/lib/python3.12/site-packages/airflow/example_dags/example_python_operator.py
[2024-08-20T03:41:51.831+0000] {logging_mixin.py:190} INFO - [2024-08-20T03:41:51.831+0000] {dag.py:3211} INFO - Sync 1 DAGs
[2024-08-20T03:41:51.847+0000] {logging_mixin.py:190} INFO - [2024-08-20T03:41:51.847+0000] {dag.py:4138} INFO - Setting next_dagrun for example_python_operator to None, run_after=None
[2024-08-20T03:41:51.881+0000] {processor.py:208} INFO - Processing /home/airflow/.local/lib/python3.12/site-packages/airflow/example_dags/example_python_operator.py took 0.096 seconds
