[2024-08-20T03:32:18.484+0000] {processor.py:186} INFO - Started process (PID=416) to work on /home/airflow/.local/lib/python3.12/site-packages/airflow/example_dags/example_skip_dag.py
[2024-08-20T03:32:18.485+0000] {processor.py:914} INFO - Processing file /home/airflow/.local/lib/python3.12/site-packages/airflow/example_dags/example_skip_dag.py for tasks to queue
[2024-08-20T03:32:18.488+0000] {logging_mixin.py:190} INFO - [2024-08-20T03:32:18.488+0000] {dagbag.py:587} INFO - Filling up the DagBag from /home/airflow/.local/lib/python3.12/site-packages/airflow/example_dags/example_skip_dag.py
[2024-08-20T03:32:18.498+0000] {processor.py:925} INFO - DAG(s) 'example_skip_dag' retrieved from /home/airflow/.local/lib/python3.12/site-packages/airflow/example_dags/example_skip_dag.py
[2024-08-20T03:32:18.631+0000] {logging_mixin.py:190} INFO - [2024-08-20T03:32:18.630+0000] {override.py:1858} INFO - Created Permission View: can read on DAG:example_skip_dag
[2024-08-20T03:32:18.645+0000] {logging_mixin.py:190} INFO - [2024-08-20T03:32:18.645+0000] {override.py:1858} INFO - Created Permission View: can delete on DAG:example_skip_dag
[2024-08-20T03:32:18.659+0000] {logging_mixin.py:190} INFO - [2024-08-20T03:32:18.658+0000] {override.py:1858} INFO - Created Permission View: can edit on DAG:example_skip_dag
[2024-08-20T03:32:18.660+0000] {logging_mixin.py:190} INFO - [2024-08-20T03:32:18.659+0000] {dag.py:3211} INFO - Sync 1 DAGs
[2024-08-20T03:32:18.677+0000] {logging_mixin.py:190} INFO - [2024-08-20T03:32:18.677+0000] {dag.py:3234} INFO - Creating ORM DAG for example_skip_dag
[2024-08-20T03:32:18.691+0000] {logging_mixin.py:190} INFO - [2024-08-20T03:32:18.691+0000] {dag.py:4138} INFO - Setting next_dagrun for example_skip_dag to 2024-08-19 00:00:00+00:00, run_after=2024-08-20 00:00:00+00:00
[2024-08-20T03:32:18.717+0000] {processor.py:208} INFO - Processing /home/airflow/.local/lib/python3.12/site-packages/airflow/example_dags/example_skip_dag.py took 0.240 seconds
[2024-08-20T03:32:49.049+0000] {processor.py:186} INFO - Started process (PID=702) to work on /home/airflow/.local/lib/python3.12/site-packages/airflow/example_dags/example_skip_dag.py
[2024-08-20T03:32:49.050+0000] {processor.py:914} INFO - Processing file /home/airflow/.local/lib/python3.12/site-packages/airflow/example_dags/example_skip_dag.py for tasks to queue
[2024-08-20T03:32:49.053+0000] {logging_mixin.py:190} INFO - [2024-08-20T03:32:49.053+0000] {dagbag.py:587} INFO - Filling up the DagBag from /home/airflow/.local/lib/python3.12/site-packages/airflow/example_dags/example_skip_dag.py
[2024-08-20T03:32:49.062+0000] {processor.py:925} INFO - DAG(s) 'example_skip_dag' retrieved from /home/airflow/.local/lib/python3.12/site-packages/airflow/example_dags/example_skip_dag.py
[2024-08-20T03:32:49.084+0000] {logging_mixin.py:190} INFO - [2024-08-20T03:32:49.083+0000] {dag.py:3211} INFO - Sync 1 DAGs
[2024-08-20T03:32:49.110+0000] {logging_mixin.py:190} INFO - [2024-08-20T03:32:49.110+0000] {dag.py:4138} INFO - Setting next_dagrun for example_skip_dag to 2024-08-19 00:00:00+00:00, run_after=2024-08-20 00:00:00+00:00
[2024-08-20T03:32:49.135+0000] {processor.py:208} INFO - Processing /home/airflow/.local/lib/python3.12/site-packages/airflow/example_dags/example_skip_dag.py took 0.098 seconds
[2024-08-20T03:33:19.825+0000] {processor.py:186} INFO - Started process (PID=988) to work on /home/airflow/.local/lib/python3.12/site-packages/airflow/example_dags/example_skip_dag.py
[2024-08-20T03:33:19.826+0000] {processor.py:914} INFO - Processing file /home/airflow/.local/lib/python3.12/site-packages/airflow/example_dags/example_skip_dag.py for tasks to queue
[2024-08-20T03:33:19.829+0000] {logging_mixin.py:190} INFO - [2024-08-20T03:33:19.829+0000] {dagbag.py:587} INFO - Filling up the DagBag from /home/airflow/.local/lib/python3.12/site-packages/airflow/example_dags/example_skip_dag.py
[2024-08-20T03:33:19.839+0000] {processor.py:925} INFO - DAG(s) 'example_skip_dag' retrieved from /home/airflow/.local/lib/python3.12/site-packages/airflow/example_dags/example_skip_dag.py
[2024-08-20T03:33:19.868+0000] {logging_mixin.py:190} INFO - [2024-08-20T03:33:19.868+0000] {dag.py:3211} INFO - Sync 1 DAGs
[2024-08-20T03:33:19.898+0000] {logging_mixin.py:190} INFO - [2024-08-20T03:33:19.898+0000] {dag.py:4138} INFO - Setting next_dagrun for example_skip_dag to 2024-08-19 00:00:00+00:00, run_after=2024-08-20 00:00:00+00:00
[2024-08-20T03:33:19.923+0000] {processor.py:208} INFO - Processing /home/airflow/.local/lib/python3.12/site-packages/airflow/example_dags/example_skip_dag.py took 0.104 seconds
[2024-08-20T03:33:50.193+0000] {processor.py:186} INFO - Started process (PID=1274) to work on /home/airflow/.local/lib/python3.12/site-packages/airflow/example_dags/example_skip_dag.py
[2024-08-20T03:33:50.194+0000] {processor.py:914} INFO - Processing file /home/airflow/.local/lib/python3.12/site-packages/airflow/example_dags/example_skip_dag.py for tasks to queue
[2024-08-20T03:33:50.197+0000] {logging_mixin.py:190} INFO - [2024-08-20T03:33:50.196+0000] {dagbag.py:587} INFO - Filling up the DagBag from /home/airflow/.local/lib/python3.12/site-packages/airflow/example_dags/example_skip_dag.py
[2024-08-20T03:33:50.205+0000] {processor.py:925} INFO - DAG(s) 'example_skip_dag' retrieved from /home/airflow/.local/lib/python3.12/site-packages/airflow/example_dags/example_skip_dag.py
[2024-08-20T03:33:50.227+0000] {logging_mixin.py:190} INFO - [2024-08-20T03:33:50.227+0000] {dag.py:3211} INFO - Sync 1 DAGs
[2024-08-20T03:33:50.253+0000] {logging_mixin.py:190} INFO - [2024-08-20T03:33:50.252+0000] {dag.py:4138} INFO - Setting next_dagrun for example_skip_dag to 2024-08-19 00:00:00+00:00, run_after=2024-08-20 00:00:00+00:00
[2024-08-20T03:33:50.276+0000] {processor.py:208} INFO - Processing /home/airflow/.local/lib/python3.12/site-packages/airflow/example_dags/example_skip_dag.py took 0.090 seconds
[2024-08-20T03:34:20.885+0000] {processor.py:186} INFO - Started process (PID=1560) to work on /home/airflow/.local/lib/python3.12/site-packages/airflow/example_dags/example_skip_dag.py
[2024-08-20T03:34:20.887+0000] {processor.py:914} INFO - Processing file /home/airflow/.local/lib/python3.12/site-packages/airflow/example_dags/example_skip_dag.py for tasks to queue
[2024-08-20T03:34:20.890+0000] {logging_mixin.py:190} INFO - [2024-08-20T03:34:20.890+0000] {dagbag.py:587} INFO - Filling up the DagBag from /home/airflow/.local/lib/python3.12/site-packages/airflow/example_dags/example_skip_dag.py
[2024-08-20T03:34:20.899+0000] {processor.py:925} INFO - DAG(s) 'example_skip_dag' retrieved from /home/airflow/.local/lib/python3.12/site-packages/airflow/example_dags/example_skip_dag.py
[2024-08-20T03:34:20.920+0000] {logging_mixin.py:190} INFO - [2024-08-20T03:34:20.920+0000] {dag.py:3211} INFO - Sync 1 DAGs
[2024-08-20T03:34:20.947+0000] {logging_mixin.py:190} INFO - [2024-08-20T03:34:20.947+0000] {dag.py:4138} INFO - Setting next_dagrun for example_skip_dag to 2024-08-19 00:00:00+00:00, run_after=2024-08-20 00:00:00+00:00
[2024-08-20T03:34:20.974+0000] {processor.py:208} INFO - Processing /home/airflow/.local/lib/python3.12/site-packages/airflow/example_dags/example_skip_dag.py took 0.095 seconds
[2024-08-20T03:34:51.522+0000] {processor.py:186} INFO - Started process (PID=1848) to work on /home/airflow/.local/lib/python3.12/site-packages/airflow/example_dags/example_skip_dag.py
[2024-08-20T03:34:51.523+0000] {processor.py:914} INFO - Processing file /home/airflow/.local/lib/python3.12/site-packages/airflow/example_dags/example_skip_dag.py for tasks to queue
[2024-08-20T03:34:51.526+0000] {logging_mixin.py:190} INFO - [2024-08-20T03:34:51.526+0000] {dagbag.py:587} INFO - Filling up the DagBag from /home/airflow/.local/lib/python3.12/site-packages/airflow/example_dags/example_skip_dag.py
[2024-08-20T03:34:51.538+0000] {processor.py:925} INFO - DAG(s) 'example_skip_dag' retrieved from /home/airflow/.local/lib/python3.12/site-packages/airflow/example_dags/example_skip_dag.py
[2024-08-20T03:34:51.563+0000] {logging_mixin.py:190} INFO - [2024-08-20T03:34:51.562+0000] {dag.py:3211} INFO - Sync 1 DAGs
[2024-08-20T03:34:51.590+0000] {logging_mixin.py:190} INFO - [2024-08-20T03:34:51.590+0000] {dag.py:4138} INFO - Setting next_dagrun for example_skip_dag to 2024-08-19 00:00:00+00:00, run_after=2024-08-20 00:00:00+00:00
[2024-08-20T03:34:51.616+0000] {processor.py:208} INFO - Processing /home/airflow/.local/lib/python3.12/site-packages/airflow/example_dags/example_skip_dag.py took 0.104 seconds
[2024-08-20T03:35:21.966+0000] {processor.py:186} INFO - Started process (PID=2132) to work on /home/airflow/.local/lib/python3.12/site-packages/airflow/example_dags/example_skip_dag.py
[2024-08-20T03:35:21.967+0000] {processor.py:914} INFO - Processing file /home/airflow/.local/lib/python3.12/site-packages/airflow/example_dags/example_skip_dag.py for tasks to queue
[2024-08-20T03:35:21.970+0000] {logging_mixin.py:190} INFO - [2024-08-20T03:35:21.970+0000] {dagbag.py:587} INFO - Filling up the DagBag from /home/airflow/.local/lib/python3.12/site-packages/airflow/example_dags/example_skip_dag.py
[2024-08-20T03:35:21.979+0000] {processor.py:925} INFO - DAG(s) 'example_skip_dag' retrieved from /home/airflow/.local/lib/python3.12/site-packages/airflow/example_dags/example_skip_dag.py
[2024-08-20T03:35:22.001+0000] {logging_mixin.py:190} INFO - [2024-08-20T03:35:22.001+0000] {dag.py:3211} INFO - Sync 1 DAGs
[2024-08-20T03:35:22.030+0000] {logging_mixin.py:190} INFO - [2024-08-20T03:35:22.030+0000] {dag.py:4138} INFO - Setting next_dagrun for example_skip_dag to 2024-08-19 00:00:00+00:00, run_after=2024-08-20 00:00:00+00:00
[2024-08-20T03:35:22.052+0000] {processor.py:208} INFO - Processing /home/airflow/.local/lib/python3.12/site-packages/airflow/example_dags/example_skip_dag.py took 0.092 seconds
[2024-08-20T03:35:52.588+0000] {processor.py:186} INFO - Started process (PID=2418) to work on /home/airflow/.local/lib/python3.12/site-packages/airflow/example_dags/example_skip_dag.py
[2024-08-20T03:35:52.589+0000] {processor.py:914} INFO - Processing file /home/airflow/.local/lib/python3.12/site-packages/airflow/example_dags/example_skip_dag.py for tasks to queue
[2024-08-20T03:35:52.592+0000] {logging_mixin.py:190} INFO - [2024-08-20T03:35:52.592+0000] {dagbag.py:587} INFO - Filling up the DagBag from /home/airflow/.local/lib/python3.12/site-packages/airflow/example_dags/example_skip_dag.py
[2024-08-20T03:35:52.601+0000] {processor.py:925} INFO - DAG(s) 'example_skip_dag' retrieved from /home/airflow/.local/lib/python3.12/site-packages/airflow/example_dags/example_skip_dag.py
[2024-08-20T03:35:52.625+0000] {logging_mixin.py:190} INFO - [2024-08-20T03:35:52.624+0000] {dag.py:3211} INFO - Sync 1 DAGs
[2024-08-20T03:35:52.651+0000] {logging_mixin.py:190} INFO - [2024-08-20T03:35:52.650+0000] {dag.py:4138} INFO - Setting next_dagrun for example_skip_dag to 2024-08-19 00:00:00+00:00, run_after=2024-08-20 00:00:00+00:00
[2024-08-20T03:35:52.673+0000] {processor.py:208} INFO - Processing /home/airflow/.local/lib/python3.12/site-packages/airflow/example_dags/example_skip_dag.py took 0.091 seconds
[2024-08-20T03:36:23.155+0000] {processor.py:186} INFO - Started process (PID=2704) to work on /home/airflow/.local/lib/python3.12/site-packages/airflow/example_dags/example_skip_dag.py
[2024-08-20T03:36:23.156+0000] {processor.py:914} INFO - Processing file /home/airflow/.local/lib/python3.12/site-packages/airflow/example_dags/example_skip_dag.py for tasks to queue
[2024-08-20T03:36:23.159+0000] {logging_mixin.py:190} INFO - [2024-08-20T03:36:23.158+0000] {dagbag.py:587} INFO - Filling up the DagBag from /home/airflow/.local/lib/python3.12/site-packages/airflow/example_dags/example_skip_dag.py
[2024-08-20T03:36:23.167+0000] {processor.py:925} INFO - DAG(s) 'example_skip_dag' retrieved from /home/airflow/.local/lib/python3.12/site-packages/airflow/example_dags/example_skip_dag.py
[2024-08-20T03:36:23.190+0000] {logging_mixin.py:190} INFO - [2024-08-20T03:36:23.189+0000] {dag.py:3211} INFO - Sync 1 DAGs
[2024-08-20T03:36:23.225+0000] {logging_mixin.py:190} INFO - [2024-08-20T03:36:23.225+0000] {dag.py:4138} INFO - Setting next_dagrun for example_skip_dag to 2024-08-19 00:00:00+00:00, run_after=2024-08-20 00:00:00+00:00
[2024-08-20T03:36:23.258+0000] {processor.py:208} INFO - Processing /home/airflow/.local/lib/python3.12/site-packages/airflow/example_dags/example_skip_dag.py took 0.111 seconds
[2024-08-20T03:36:53.341+0000] {processor.py:186} INFO - Started process (PID=2990) to work on /home/airflow/.local/lib/python3.12/site-packages/airflow/example_dags/example_skip_dag.py
[2024-08-20T03:36:53.343+0000] {processor.py:914} INFO - Processing file /home/airflow/.local/lib/python3.12/site-packages/airflow/example_dags/example_skip_dag.py for tasks to queue
[2024-08-20T03:36:53.345+0000] {logging_mixin.py:190} INFO - [2024-08-20T03:36:53.345+0000] {dagbag.py:587} INFO - Filling up the DagBag from /home/airflow/.local/lib/python3.12/site-packages/airflow/example_dags/example_skip_dag.py
[2024-08-20T03:36:53.355+0000] {processor.py:925} INFO - DAG(s) 'example_skip_dag' retrieved from /home/airflow/.local/lib/python3.12/site-packages/airflow/example_dags/example_skip_dag.py
[2024-08-20T03:36:53.378+0000] {logging_mixin.py:190} INFO - [2024-08-20T03:36:53.378+0000] {dag.py:3211} INFO - Sync 1 DAGs
[2024-08-20T03:36:53.405+0000] {logging_mixin.py:190} INFO - [2024-08-20T03:36:53.405+0000] {dag.py:4138} INFO - Setting next_dagrun for example_skip_dag to 2024-08-19 00:00:00+00:00, run_after=2024-08-20 00:00:00+00:00
[2024-08-20T03:36:53.426+0000] {processor.py:208} INFO - Processing /home/airflow/.local/lib/python3.12/site-packages/airflow/example_dags/example_skip_dag.py took 0.093 seconds
[2024-08-20T03:37:23.813+0000] {processor.py:186} INFO - Started process (PID=3276) to work on /home/airflow/.local/lib/python3.12/site-packages/airflow/example_dags/example_skip_dag.py
[2024-08-20T03:37:23.814+0000] {processor.py:914} INFO - Processing file /home/airflow/.local/lib/python3.12/site-packages/airflow/example_dags/example_skip_dag.py for tasks to queue
[2024-08-20T03:37:23.817+0000] {logging_mixin.py:190} INFO - [2024-08-20T03:37:23.816+0000] {dagbag.py:587} INFO - Filling up the DagBag from /home/airflow/.local/lib/python3.12/site-packages/airflow/example_dags/example_skip_dag.py
[2024-08-20T03:37:23.825+0000] {processor.py:925} INFO - DAG(s) 'example_skip_dag' retrieved from /home/airflow/.local/lib/python3.12/site-packages/airflow/example_dags/example_skip_dag.py
[2024-08-20T03:37:23.851+0000] {logging_mixin.py:190} INFO - [2024-08-20T03:37:23.850+0000] {dag.py:3211} INFO - Sync 1 DAGs
[2024-08-20T03:37:23.878+0000] {logging_mixin.py:190} INFO - [2024-08-20T03:37:23.878+0000] {dag.py:4138} INFO - Setting next_dagrun for example_skip_dag to 2024-08-19 00:00:00+00:00, run_after=2024-08-20 00:00:00+00:00
[2024-08-20T03:37:23.903+0000] {processor.py:208} INFO - Processing /home/airflow/.local/lib/python3.12/site-packages/airflow/example_dags/example_skip_dag.py took 0.096 seconds
[2024-08-20T03:37:54.370+0000] {processor.py:186} INFO - Started process (PID=3562) to work on /home/airflow/.local/lib/python3.12/site-packages/airflow/example_dags/example_skip_dag.py
[2024-08-20T03:37:54.372+0000] {processor.py:914} INFO - Processing file /home/airflow/.local/lib/python3.12/site-packages/airflow/example_dags/example_skip_dag.py for tasks to queue
[2024-08-20T03:37:54.375+0000] {logging_mixin.py:190} INFO - [2024-08-20T03:37:54.374+0000] {dagbag.py:587} INFO - Filling up the DagBag from /home/airflow/.local/lib/python3.12/site-packages/airflow/example_dags/example_skip_dag.py
[2024-08-20T03:37:54.385+0000] {processor.py:925} INFO - DAG(s) 'example_skip_dag' retrieved from /home/airflow/.local/lib/python3.12/site-packages/airflow/example_dags/example_skip_dag.py
[2024-08-20T03:37:54.407+0000] {logging_mixin.py:190} INFO - [2024-08-20T03:37:54.407+0000] {dag.py:3211} INFO - Sync 1 DAGs
[2024-08-20T03:37:54.432+0000] {logging_mixin.py:190} INFO - [2024-08-20T03:37:54.432+0000] {dag.py:4138} INFO - Setting next_dagrun for example_skip_dag to 2024-08-19 00:00:00+00:00, run_after=2024-08-20 00:00:00+00:00
[2024-08-20T03:37:54.455+0000] {processor.py:208} INFO - Processing /home/airflow/.local/lib/python3.12/site-packages/airflow/example_dags/example_skip_dag.py took 0.092 seconds
[2024-08-20T03:38:24.623+0000] {processor.py:186} INFO - Started process (PID=3848) to work on /home/airflow/.local/lib/python3.12/site-packages/airflow/example_dags/example_skip_dag.py
[2024-08-20T03:38:24.623+0000] {processor.py:914} INFO - Processing file /home/airflow/.local/lib/python3.12/site-packages/airflow/example_dags/example_skip_dag.py for tasks to queue
[2024-08-20T03:38:24.626+0000] {logging_mixin.py:190} INFO - [2024-08-20T03:38:24.626+0000] {dagbag.py:587} INFO - Filling up the DagBag from /home/airflow/.local/lib/python3.12/site-packages/airflow/example_dags/example_skip_dag.py
[2024-08-20T03:38:24.633+0000] {processor.py:925} INFO - DAG(s) 'example_skip_dag' retrieved from /home/airflow/.local/lib/python3.12/site-packages/airflow/example_dags/example_skip_dag.py
[2024-08-20T03:38:24.653+0000] {logging_mixin.py:190} INFO - [2024-08-20T03:38:24.652+0000] {dag.py:3211} INFO - Sync 1 DAGs
[2024-08-20T03:38:24.678+0000] {logging_mixin.py:190} INFO - [2024-08-20T03:38:24.678+0000] {dag.py:4138} INFO - Setting next_dagrun for example_skip_dag to 2024-08-19 00:00:00+00:00, run_after=2024-08-20 00:00:00+00:00
[2024-08-20T03:38:24.699+0000] {processor.py:208} INFO - Processing /home/airflow/.local/lib/python3.12/site-packages/airflow/example_dags/example_skip_dag.py took 0.084 seconds
[2024-08-20T03:38:55.100+0000] {processor.py:186} INFO - Started process (PID=4134) to work on /home/airflow/.local/lib/python3.12/site-packages/airflow/example_dags/example_skip_dag.py
[2024-08-20T03:38:55.101+0000] {processor.py:914} INFO - Processing file /home/airflow/.local/lib/python3.12/site-packages/airflow/example_dags/example_skip_dag.py for tasks to queue
[2024-08-20T03:38:55.104+0000] {logging_mixin.py:190} INFO - [2024-08-20T03:38:55.104+0000] {dagbag.py:587} INFO - Filling up the DagBag from /home/airflow/.local/lib/python3.12/site-packages/airflow/example_dags/example_skip_dag.py
[2024-08-20T03:38:55.113+0000] {processor.py:925} INFO - DAG(s) 'example_skip_dag' retrieved from /home/airflow/.local/lib/python3.12/site-packages/airflow/example_dags/example_skip_dag.py
[2024-08-20T03:38:55.137+0000] {logging_mixin.py:190} INFO - [2024-08-20T03:38:55.136+0000] {dag.py:3211} INFO - Sync 1 DAGs
[2024-08-20T03:38:55.164+0000] {logging_mixin.py:190} INFO - [2024-08-20T03:38:55.164+0000] {dag.py:4138} INFO - Setting next_dagrun for example_skip_dag to 2024-08-19 00:00:00+00:00, run_after=2024-08-20 00:00:00+00:00
[2024-08-20T03:38:55.189+0000] {processor.py:208} INFO - Processing /home/airflow/.local/lib/python3.12/site-packages/airflow/example_dags/example_skip_dag.py took 0.098 seconds
[2024-08-20T03:39:25.466+0000] {processor.py:186} INFO - Started process (PID=4420) to work on /home/airflow/.local/lib/python3.12/site-packages/airflow/example_dags/example_skip_dag.py
[2024-08-20T03:39:25.467+0000] {processor.py:914} INFO - Processing file /home/airflow/.local/lib/python3.12/site-packages/airflow/example_dags/example_skip_dag.py for tasks to queue
[2024-08-20T03:39:25.471+0000] {logging_mixin.py:190} INFO - [2024-08-20T03:39:25.470+0000] {dagbag.py:587} INFO - Filling up the DagBag from /home/airflow/.local/lib/python3.12/site-packages/airflow/example_dags/example_skip_dag.py
[2024-08-20T03:39:25.485+0000] {processor.py:925} INFO - DAG(s) 'example_skip_dag' retrieved from /home/airflow/.local/lib/python3.12/site-packages/airflow/example_dags/example_skip_dag.py
[2024-08-20T03:39:25.508+0000] {logging_mixin.py:190} INFO - [2024-08-20T03:39:25.508+0000] {dag.py:3211} INFO - Sync 1 DAGs
[2024-08-20T03:39:25.533+0000] {logging_mixin.py:190} INFO - [2024-08-20T03:39:25.533+0000] {dag.py:4138} INFO - Setting next_dagrun for example_skip_dag to 2024-08-19 00:00:00+00:00, run_after=2024-08-20 00:00:00+00:00
[2024-08-20T03:39:25.555+0000] {processor.py:208} INFO - Processing /home/airflow/.local/lib/python3.12/site-packages/airflow/example_dags/example_skip_dag.py took 0.096 seconds
[2024-08-20T03:39:55.706+0000] {processor.py:186} INFO - Started process (PID=4706) to work on /home/airflow/.local/lib/python3.12/site-packages/airflow/example_dags/example_skip_dag.py
[2024-08-20T03:39:55.707+0000] {processor.py:914} INFO - Processing file /home/airflow/.local/lib/python3.12/site-packages/airflow/example_dags/example_skip_dag.py for tasks to queue
[2024-08-20T03:39:55.710+0000] {logging_mixin.py:190} INFO - [2024-08-20T03:39:55.710+0000] {dagbag.py:587} INFO - Filling up the DagBag from /home/airflow/.local/lib/python3.12/site-packages/airflow/example_dags/example_skip_dag.py
[2024-08-20T03:39:55.719+0000] {processor.py:925} INFO - DAG(s) 'example_skip_dag' retrieved from /home/airflow/.local/lib/python3.12/site-packages/airflow/example_dags/example_skip_dag.py
[2024-08-20T03:39:55.741+0000] {logging_mixin.py:190} INFO - [2024-08-20T03:39:55.741+0000] {dag.py:3211} INFO - Sync 1 DAGs
[2024-08-20T03:39:55.767+0000] {logging_mixin.py:190} INFO - [2024-08-20T03:39:55.767+0000] {dag.py:4138} INFO - Setting next_dagrun for example_skip_dag to 2024-08-19 00:00:00+00:00, run_after=2024-08-20 00:00:00+00:00
[2024-08-20T03:39:55.789+0000] {processor.py:208} INFO - Processing /home/airflow/.local/lib/python3.12/site-packages/airflow/example_dags/example_skip_dag.py took 0.090 seconds
[2024-08-20T03:40:26.075+0000] {processor.py:186} INFO - Started process (PID=4992) to work on /home/airflow/.local/lib/python3.12/site-packages/airflow/example_dags/example_skip_dag.py
[2024-08-20T03:40:26.076+0000] {processor.py:914} INFO - Processing file /home/airflow/.local/lib/python3.12/site-packages/airflow/example_dags/example_skip_dag.py for tasks to queue
[2024-08-20T03:40:26.079+0000] {logging_mixin.py:190} INFO - [2024-08-20T03:40:26.078+0000] {dagbag.py:587} INFO - Filling up the DagBag from /home/airflow/.local/lib/python3.12/site-packages/airflow/example_dags/example_skip_dag.py
[2024-08-20T03:40:26.088+0000] {processor.py:925} INFO - DAG(s) 'example_skip_dag' retrieved from /home/airflow/.local/lib/python3.12/site-packages/airflow/example_dags/example_skip_dag.py
[2024-08-20T03:40:26.110+0000] {logging_mixin.py:190} INFO - [2024-08-20T03:40:26.110+0000] {dag.py:3211} INFO - Sync 1 DAGs
[2024-08-20T03:40:26.137+0000] {logging_mixin.py:190} INFO - [2024-08-20T03:40:26.137+0000] {dag.py:4138} INFO - Setting next_dagrun for example_skip_dag to 2024-08-19 00:00:00+00:00, run_after=2024-08-20 00:00:00+00:00
[2024-08-20T03:40:26.159+0000] {processor.py:208} INFO - Processing /home/airflow/.local/lib/python3.12/site-packages/airflow/example_dags/example_skip_dag.py took 0.091 seconds
[2024-08-20T03:40:56.310+0000] {processor.py:186} INFO - Started process (PID=5278) to work on /home/airflow/.local/lib/python3.12/site-packages/airflow/example_dags/example_skip_dag.py
[2024-08-20T03:40:56.311+0000] {processor.py:914} INFO - Processing file /home/airflow/.local/lib/python3.12/site-packages/airflow/example_dags/example_skip_dag.py for tasks to queue
[2024-08-20T03:40:56.314+0000] {logging_mixin.py:190} INFO - [2024-08-20T03:40:56.313+0000] {dagbag.py:587} INFO - Filling up the DagBag from /home/airflow/.local/lib/python3.12/site-packages/airflow/example_dags/example_skip_dag.py
[2024-08-20T03:40:56.323+0000] {processor.py:925} INFO - DAG(s) 'example_skip_dag' retrieved from /home/airflow/.local/lib/python3.12/site-packages/airflow/example_dags/example_skip_dag.py
[2024-08-20T03:40:56.344+0000] {logging_mixin.py:190} INFO - [2024-08-20T03:40:56.344+0000] {dag.py:3211} INFO - Sync 1 DAGs
[2024-08-20T03:40:56.370+0000] {logging_mixin.py:190} INFO - [2024-08-20T03:40:56.370+0000] {dag.py:4138} INFO - Setting next_dagrun for example_skip_dag to 2024-08-19 00:00:00+00:00, run_after=2024-08-20 00:00:00+00:00
[2024-08-20T03:40:56.392+0000] {processor.py:208} INFO - Processing /home/airflow/.local/lib/python3.12/site-packages/airflow/example_dags/example_skip_dag.py took 0.091 seconds
[2024-08-20T03:41:26.799+0000] {processor.py:186} INFO - Started process (PID=5564) to work on /home/airflow/.local/lib/python3.12/site-packages/airflow/example_dags/example_skip_dag.py
[2024-08-20T03:41:26.800+0000] {processor.py:914} INFO - Processing file /home/airflow/.local/lib/python3.12/site-packages/airflow/example_dags/example_skip_dag.py for tasks to queue
[2024-08-20T03:41:26.803+0000] {logging_mixin.py:190} INFO - [2024-08-20T03:41:26.803+0000] {dagbag.py:587} INFO - Filling up the DagBag from /home/airflow/.local/lib/python3.12/site-packages/airflow/example_dags/example_skip_dag.py
[2024-08-20T03:41:26.816+0000] {processor.py:925} INFO - DAG(s) 'example_skip_dag' retrieved from /home/airflow/.local/lib/python3.12/site-packages/airflow/example_dags/example_skip_dag.py
[2024-08-20T03:41:26.839+0000] {logging_mixin.py:190} INFO - [2024-08-20T03:41:26.839+0000] {dag.py:3211} INFO - Sync 1 DAGs
[2024-08-20T03:41:26.868+0000] {logging_mixin.py:190} INFO - [2024-08-20T03:41:26.868+0000] {dag.py:4138} INFO - Setting next_dagrun for example_skip_dag to 2024-08-19 00:00:00+00:00, run_after=2024-08-20 00:00:00+00:00
[2024-08-20T03:41:26.891+0000] {processor.py:208} INFO - Processing /home/airflow/.local/lib/python3.12/site-packages/airflow/example_dags/example_skip_dag.py took 0.098 seconds
[2024-08-20T03:41:57.335+0000] {processor.py:186} INFO - Started process (PID=5850) to work on /home/airflow/.local/lib/python3.12/site-packages/airflow/example_dags/example_skip_dag.py
[2024-08-20T03:41:57.336+0000] {processor.py:914} INFO - Processing file /home/airflow/.local/lib/python3.12/site-packages/airflow/example_dags/example_skip_dag.py for tasks to queue
[2024-08-20T03:41:57.339+0000] {logging_mixin.py:190} INFO - [2024-08-20T03:41:57.339+0000] {dagbag.py:587} INFO - Filling up the DagBag from /home/airflow/.local/lib/python3.12/site-packages/airflow/example_dags/example_skip_dag.py
[2024-08-20T03:41:57.347+0000] {processor.py:925} INFO - DAG(s) 'example_skip_dag' retrieved from /home/airflow/.local/lib/python3.12/site-packages/airflow/example_dags/example_skip_dag.py
[2024-08-20T03:41:57.370+0000] {logging_mixin.py:190} INFO - [2024-08-20T03:41:57.369+0000] {dag.py:3211} INFO - Sync 1 DAGs
[2024-08-20T03:41:57.397+0000] {logging_mixin.py:190} INFO - [2024-08-20T03:41:57.397+0000] {dag.py:4138} INFO - Setting next_dagrun for example_skip_dag to 2024-08-19 00:00:00+00:00, run_after=2024-08-20 00:00:00+00:00
[2024-08-20T03:41:57.419+0000] {processor.py:208} INFO - Processing /home/airflow/.local/lib/python3.12/site-packages/airflow/example_dags/example_skip_dag.py took 0.090 seconds
