[2024-08-20T03:32:17.162+0000] {processor.py:186} INFO - Started process (PID=376) to work on /home/airflow/.local/lib/python3.12/site-packages/airflow/example_dags/tutorial_taskflow_api.py
[2024-08-20T03:32:17.163+0000] {processor.py:914} INFO - Processing file /home/airflow/.local/lib/python3.12/site-packages/airflow/example_dags/tutorial_taskflow_api.py for tasks to queue
[2024-08-20T03:32:17.166+0000] {logging_mixin.py:190} INFO - [2024-08-20T03:32:17.166+0000] {dagbag.py:587} INFO - Filling up the DagBag from /home/airflow/.local/lib/python3.12/site-packages/airflow/example_dags/tutorial_taskflow_api.py
[2024-08-20T03:32:17.177+0000] {processor.py:925} INFO - DAG(s) 'tutorial_taskflow_api' retrieved from /home/airflow/.local/lib/python3.12/site-packages/airflow/example_dags/tutorial_taskflow_api.py
[2024-08-20T03:32:17.351+0000] {logging_mixin.py:190} INFO - [2024-08-20T03:32:17.348+0000] {override.py:1858} INFO - Created Permission View: can read on DAG:tutorial_taskflow_api
[2024-08-20T03:32:17.374+0000] {logging_mixin.py:190} INFO - [2024-08-20T03:32:17.373+0000] {override.py:1858} INFO - Created Permission View: can delete on DAG:tutorial_taskflow_api
[2024-08-20T03:32:17.386+0000] {logging_mixin.py:190} INFO - [2024-08-20T03:32:17.385+0000] {override.py:1858} INFO - Created Permission View: can edit on DAG:tutorial_taskflow_api
[2024-08-20T03:32:17.386+0000] {logging_mixin.py:190} INFO - [2024-08-20T03:32:17.386+0000] {dag.py:3211} INFO - Sync 1 DAGs
[2024-08-20T03:32:17.401+0000] {logging_mixin.py:190} INFO - [2024-08-20T03:32:17.401+0000] {dag.py:3234} INFO - Creating ORM DAG for tutorial_taskflow_api
[2024-08-20T03:32:17.402+0000] {logging_mixin.py:190} INFO - [2024-08-20T03:32:17.402+0000] {dag.py:4138} INFO - Setting next_dagrun for tutorial_taskflow_api to None, run_after=None
[2024-08-20T03:32:17.428+0000] {processor.py:208} INFO - Processing /home/airflow/.local/lib/python3.12/site-packages/airflow/example_dags/tutorial_taskflow_api.py took 0.275 seconds
[2024-08-20T03:32:48.322+0000] {processor.py:186} INFO - Started process (PID=659) to work on /home/airflow/.local/lib/python3.12/site-packages/airflow/example_dags/tutorial_taskflow_api.py
[2024-08-20T03:32:48.323+0000] {processor.py:914} INFO - Processing file /home/airflow/.local/lib/python3.12/site-packages/airflow/example_dags/tutorial_taskflow_api.py for tasks to queue
[2024-08-20T03:32:48.326+0000] {logging_mixin.py:190} INFO - [2024-08-20T03:32:48.325+0000] {dagbag.py:587} INFO - Filling up the DagBag from /home/airflow/.local/lib/python3.12/site-packages/airflow/example_dags/tutorial_taskflow_api.py
[2024-08-20T03:32:48.334+0000] {processor.py:925} INFO - DAG(s) 'tutorial_taskflow_api' retrieved from /home/airflow/.local/lib/python3.12/site-packages/airflow/example_dags/tutorial_taskflow_api.py
[2024-08-20T03:32:48.355+0000] {logging_mixin.py:190} INFO - [2024-08-20T03:32:48.355+0000] {dag.py:3211} INFO - Sync 1 DAGs
[2024-08-20T03:32:48.371+0000] {logging_mixin.py:190} INFO - [2024-08-20T03:32:48.371+0000] {dag.py:4138} INFO - Setting next_dagrun for tutorial_taskflow_api to None, run_after=None
[2024-08-20T03:32:48.407+0000] {processor.py:208} INFO - Processing /home/airflow/.local/lib/python3.12/site-packages/airflow/example_dags/tutorial_taskflow_api.py took 0.092 seconds
[2024-08-20T03:33:19.281+0000] {processor.py:186} INFO - Started process (PID=948) to work on /home/airflow/.local/lib/python3.12/site-packages/airflow/example_dags/tutorial_taskflow_api.py
[2024-08-20T03:33:19.283+0000] {processor.py:914} INFO - Processing file /home/airflow/.local/lib/python3.12/site-packages/airflow/example_dags/tutorial_taskflow_api.py for tasks to queue
[2024-08-20T03:33:19.286+0000] {logging_mixin.py:190} INFO - [2024-08-20T03:33:19.285+0000] {dagbag.py:587} INFO - Filling up the DagBag from /home/airflow/.local/lib/python3.12/site-packages/airflow/example_dags/tutorial_taskflow_api.py
[2024-08-20T03:33:19.295+0000] {processor.py:925} INFO - DAG(s) 'tutorial_taskflow_api' retrieved from /home/airflow/.local/lib/python3.12/site-packages/airflow/example_dags/tutorial_taskflow_api.py
[2024-08-20T03:33:19.321+0000] {logging_mixin.py:190} INFO - [2024-08-20T03:33:19.321+0000] {dag.py:3211} INFO - Sync 1 DAGs
[2024-08-20T03:33:19.344+0000] {logging_mixin.py:190} INFO - [2024-08-20T03:33:19.344+0000] {dag.py:4138} INFO - Setting next_dagrun for tutorial_taskflow_api to None, run_after=None
[2024-08-20T03:33:19.369+0000] {processor.py:208} INFO - Processing /home/airflow/.local/lib/python3.12/site-packages/airflow/example_dags/tutorial_taskflow_api.py took 0.097 seconds
[2024-08-20T03:33:49.685+0000] {processor.py:186} INFO - Started process (PID=1234) to work on /home/airflow/.local/lib/python3.12/site-packages/airflow/example_dags/tutorial_taskflow_api.py
[2024-08-20T03:33:49.686+0000] {processor.py:914} INFO - Processing file /home/airflow/.local/lib/python3.12/site-packages/airflow/example_dags/tutorial_taskflow_api.py for tasks to queue
[2024-08-20T03:33:49.689+0000] {logging_mixin.py:190} INFO - [2024-08-20T03:33:49.689+0000] {dagbag.py:587} INFO - Filling up the DagBag from /home/airflow/.local/lib/python3.12/site-packages/airflow/example_dags/tutorial_taskflow_api.py
[2024-08-20T03:33:49.699+0000] {processor.py:925} INFO - DAG(s) 'tutorial_taskflow_api' retrieved from /home/airflow/.local/lib/python3.12/site-packages/airflow/example_dags/tutorial_taskflow_api.py
[2024-08-20T03:33:49.721+0000] {logging_mixin.py:190} INFO - [2024-08-20T03:33:49.721+0000] {dag.py:3211} INFO - Sync 1 DAGs
[2024-08-20T03:33:49.741+0000] {logging_mixin.py:190} INFO - [2024-08-20T03:33:49.741+0000] {dag.py:4138} INFO - Setting next_dagrun for tutorial_taskflow_api to None, run_after=None
[2024-08-20T03:33:49.764+0000] {processor.py:208} INFO - Processing /home/airflow/.local/lib/python3.12/site-packages/airflow/example_dags/tutorial_taskflow_api.py took 0.086 seconds
[2024-08-20T03:34:20.274+0000] {processor.py:186} INFO - Started process (PID=1520) to work on /home/airflow/.local/lib/python3.12/site-packages/airflow/example_dags/tutorial_taskflow_api.py
[2024-08-20T03:34:20.275+0000] {processor.py:914} INFO - Processing file /home/airflow/.local/lib/python3.12/site-packages/airflow/example_dags/tutorial_taskflow_api.py for tasks to queue
[2024-08-20T03:34:20.278+0000] {logging_mixin.py:190} INFO - [2024-08-20T03:34:20.278+0000] {dagbag.py:587} INFO - Filling up the DagBag from /home/airflow/.local/lib/python3.12/site-packages/airflow/example_dags/tutorial_taskflow_api.py
[2024-08-20T03:34:20.288+0000] {processor.py:925} INFO - DAG(s) 'tutorial_taskflow_api' retrieved from /home/airflow/.local/lib/python3.12/site-packages/airflow/example_dags/tutorial_taskflow_api.py
[2024-08-20T03:34:20.311+0000] {logging_mixin.py:190} INFO - [2024-08-20T03:34:20.311+0000] {dag.py:3211} INFO - Sync 1 DAGs
[2024-08-20T03:34:20.328+0000] {logging_mixin.py:190} INFO - [2024-08-20T03:34:20.328+0000] {dag.py:4138} INFO - Setting next_dagrun for tutorial_taskflow_api to None, run_after=None
[2024-08-20T03:34:20.353+0000] {processor.py:208} INFO - Processing /home/airflow/.local/lib/python3.12/site-packages/airflow/example_dags/tutorial_taskflow_api.py took 0.086 seconds
[2024-08-20T03:34:50.837+0000] {processor.py:186} INFO - Started process (PID=1806) to work on /home/airflow/.local/lib/python3.12/site-packages/airflow/example_dags/tutorial_taskflow_api.py
[2024-08-20T03:34:50.839+0000] {processor.py:914} INFO - Processing file /home/airflow/.local/lib/python3.12/site-packages/airflow/example_dags/tutorial_taskflow_api.py for tasks to queue
[2024-08-20T03:34:50.842+0000] {logging_mixin.py:190} INFO - [2024-08-20T03:34:50.842+0000] {dagbag.py:587} INFO - Filling up the DagBag from /home/airflow/.local/lib/python3.12/site-packages/airflow/example_dags/tutorial_taskflow_api.py
[2024-08-20T03:34:50.852+0000] {processor.py:925} INFO - DAG(s) 'tutorial_taskflow_api' retrieved from /home/airflow/.local/lib/python3.12/site-packages/airflow/example_dags/tutorial_taskflow_api.py
[2024-08-20T03:34:50.878+0000] {logging_mixin.py:190} INFO - [2024-08-20T03:34:50.877+0000] {dag.py:3211} INFO - Sync 1 DAGs
[2024-08-20T03:34:50.894+0000] {logging_mixin.py:190} INFO - [2024-08-20T03:34:50.894+0000] {dag.py:4138} INFO - Setting next_dagrun for tutorial_taskflow_api to None, run_after=None
[2024-08-20T03:34:50.922+0000] {processor.py:208} INFO - Processing /home/airflow/.local/lib/python3.12/site-packages/airflow/example_dags/tutorial_taskflow_api.py took 0.092 seconds
[2024-08-20T03:35:21.405+0000] {processor.py:186} INFO - Started process (PID=2092) to work on /home/airflow/.local/lib/python3.12/site-packages/airflow/example_dags/tutorial_taskflow_api.py
[2024-08-20T03:35:21.406+0000] {processor.py:914} INFO - Processing file /home/airflow/.local/lib/python3.12/site-packages/airflow/example_dags/tutorial_taskflow_api.py for tasks to queue
[2024-08-20T03:35:21.409+0000] {logging_mixin.py:190} INFO - [2024-08-20T03:35:21.409+0000] {dagbag.py:587} INFO - Filling up the DagBag from /home/airflow/.local/lib/python3.12/site-packages/airflow/example_dags/tutorial_taskflow_api.py
[2024-08-20T03:35:21.419+0000] {processor.py:925} INFO - DAG(s) 'tutorial_taskflow_api' retrieved from /home/airflow/.local/lib/python3.12/site-packages/airflow/example_dags/tutorial_taskflow_api.py
[2024-08-20T03:35:21.439+0000] {logging_mixin.py:190} INFO - [2024-08-20T03:35:21.439+0000] {dag.py:3211} INFO - Sync 1 DAGs
[2024-08-20T03:35:21.460+0000] {logging_mixin.py:190} INFO - [2024-08-20T03:35:21.460+0000] {dag.py:4138} INFO - Setting next_dagrun for tutorial_taskflow_api to None, run_after=None
[2024-08-20T03:35:21.485+0000] {processor.py:208} INFO - Processing /home/airflow/.local/lib/python3.12/site-packages/airflow/example_dags/tutorial_taskflow_api.py took 0.087 seconds
[2024-08-20T03:35:51.993+0000] {processor.py:186} INFO - Started process (PID=2378) to work on /home/airflow/.local/lib/python3.12/site-packages/airflow/example_dags/tutorial_taskflow_api.py
[2024-08-20T03:35:51.994+0000] {processor.py:914} INFO - Processing file /home/airflow/.local/lib/python3.12/site-packages/airflow/example_dags/tutorial_taskflow_api.py for tasks to queue
[2024-08-20T03:35:51.997+0000] {logging_mixin.py:190} INFO - [2024-08-20T03:35:51.996+0000] {dagbag.py:587} INFO - Filling up the DagBag from /home/airflow/.local/lib/python3.12/site-packages/airflow/example_dags/tutorial_taskflow_api.py
[2024-08-20T03:35:52.008+0000] {processor.py:925} INFO - DAG(s) 'tutorial_taskflow_api' retrieved from /home/airflow/.local/lib/python3.12/site-packages/airflow/example_dags/tutorial_taskflow_api.py
[2024-08-20T03:35:52.028+0000] {logging_mixin.py:190} INFO - [2024-08-20T03:35:52.028+0000] {dag.py:3211} INFO - Sync 1 DAGs
[2024-08-20T03:35:52.046+0000] {logging_mixin.py:190} INFO - [2024-08-20T03:35:52.046+0000] {dag.py:4138} INFO - Setting next_dagrun for tutorial_taskflow_api to None, run_after=None
[2024-08-20T03:35:52.071+0000] {processor.py:208} INFO - Processing /home/airflow/.local/lib/python3.12/site-packages/airflow/example_dags/tutorial_taskflow_api.py took 0.085 seconds
[2024-08-20T03:36:22.536+0000] {processor.py:186} INFO - Started process (PID=2664) to work on /home/airflow/.local/lib/python3.12/site-packages/airflow/example_dags/tutorial_taskflow_api.py
[2024-08-20T03:36:22.537+0000] {processor.py:914} INFO - Processing file /home/airflow/.local/lib/python3.12/site-packages/airflow/example_dags/tutorial_taskflow_api.py for tasks to queue
[2024-08-20T03:36:22.540+0000] {logging_mixin.py:190} INFO - [2024-08-20T03:36:22.540+0000] {dagbag.py:587} INFO - Filling up the DagBag from /home/airflow/.local/lib/python3.12/site-packages/airflow/example_dags/tutorial_taskflow_api.py
[2024-08-20T03:36:22.552+0000] {processor.py:925} INFO - DAG(s) 'tutorial_taskflow_api' retrieved from /home/airflow/.local/lib/python3.12/site-packages/airflow/example_dags/tutorial_taskflow_api.py
[2024-08-20T03:36:22.574+0000] {logging_mixin.py:190} INFO - [2024-08-20T03:36:22.573+0000] {dag.py:3211} INFO - Sync 1 DAGs
[2024-08-20T03:36:22.592+0000] {logging_mixin.py:190} INFO - [2024-08-20T03:36:22.592+0000] {dag.py:4138} INFO - Setting next_dagrun for tutorial_taskflow_api to None, run_after=None
[2024-08-20T03:36:22.620+0000] {processor.py:208} INFO - Processing /home/airflow/.local/lib/python3.12/site-packages/airflow/example_dags/tutorial_taskflow_api.py took 0.091 seconds
[2024-08-20T03:36:52.780+0000] {processor.py:186} INFO - Started process (PID=2950) to work on /home/airflow/.local/lib/python3.12/site-packages/airflow/example_dags/tutorial_taskflow_api.py
[2024-08-20T03:36:52.781+0000] {processor.py:914} INFO - Processing file /home/airflow/.local/lib/python3.12/site-packages/airflow/example_dags/tutorial_taskflow_api.py for tasks to queue
[2024-08-20T03:36:52.785+0000] {logging_mixin.py:190} INFO - [2024-08-20T03:36:52.784+0000] {dagbag.py:587} INFO - Filling up the DagBag from /home/airflow/.local/lib/python3.12/site-packages/airflow/example_dags/tutorial_taskflow_api.py
[2024-08-20T03:36:52.794+0000] {processor.py:925} INFO - DAG(s) 'tutorial_taskflow_api' retrieved from /home/airflow/.local/lib/python3.12/site-packages/airflow/example_dags/tutorial_taskflow_api.py
[2024-08-20T03:36:52.816+0000] {logging_mixin.py:190} INFO - [2024-08-20T03:36:52.815+0000] {dag.py:3211} INFO - Sync 1 DAGs
[2024-08-20T03:36:52.834+0000] {logging_mixin.py:190} INFO - [2024-08-20T03:36:52.834+0000] {dag.py:4138} INFO - Setting next_dagrun for tutorial_taskflow_api to None, run_after=None
[2024-08-20T03:36:52.859+0000] {processor.py:208} INFO - Processing /home/airflow/.local/lib/python3.12/site-packages/airflow/example_dags/tutorial_taskflow_api.py took 0.085 seconds
[2024-08-20T03:37:23.259+0000] {processor.py:186} INFO - Started process (PID=3236) to work on /home/airflow/.local/lib/python3.12/site-packages/airflow/example_dags/tutorial_taskflow_api.py
[2024-08-20T03:37:23.260+0000] {processor.py:914} INFO - Processing file /home/airflow/.local/lib/python3.12/site-packages/airflow/example_dags/tutorial_taskflow_api.py for tasks to queue
[2024-08-20T03:37:23.263+0000] {logging_mixin.py:190} INFO - [2024-08-20T03:37:23.263+0000] {dagbag.py:587} INFO - Filling up the DagBag from /home/airflow/.local/lib/python3.12/site-packages/airflow/example_dags/tutorial_taskflow_api.py
[2024-08-20T03:37:23.273+0000] {processor.py:925} INFO - DAG(s) 'tutorial_taskflow_api' retrieved from /home/airflow/.local/lib/python3.12/site-packages/airflow/example_dags/tutorial_taskflow_api.py
[2024-08-20T03:37:23.295+0000] {logging_mixin.py:190} INFO - [2024-08-20T03:37:23.295+0000] {dag.py:3211} INFO - Sync 1 DAGs
[2024-08-20T03:37:23.313+0000] {logging_mixin.py:190} INFO - [2024-08-20T03:37:23.312+0000] {dag.py:4138} INFO - Setting next_dagrun for tutorial_taskflow_api to None, run_after=None
[2024-08-20T03:37:23.339+0000] {processor.py:208} INFO - Processing /home/airflow/.local/lib/python3.12/site-packages/airflow/example_dags/tutorial_taskflow_api.py took 0.087 seconds
[2024-08-20T03:37:53.733+0000] {processor.py:186} INFO - Started process (PID=3522) to work on /home/airflow/.local/lib/python3.12/site-packages/airflow/example_dags/tutorial_taskflow_api.py
[2024-08-20T03:37:53.734+0000] {processor.py:914} INFO - Processing file /home/airflow/.local/lib/python3.12/site-packages/airflow/example_dags/tutorial_taskflow_api.py for tasks to queue
[2024-08-20T03:37:53.737+0000] {logging_mixin.py:190} INFO - [2024-08-20T03:37:53.736+0000] {dagbag.py:587} INFO - Filling up the DagBag from /home/airflow/.local/lib/python3.12/site-packages/airflow/example_dags/tutorial_taskflow_api.py
[2024-08-20T03:37:53.746+0000] {processor.py:925} INFO - DAG(s) 'tutorial_taskflow_api' retrieved from /home/airflow/.local/lib/python3.12/site-packages/airflow/example_dags/tutorial_taskflow_api.py
[2024-08-20T03:37:53.776+0000] {logging_mixin.py:190} INFO - [2024-08-20T03:37:53.776+0000] {dag.py:3211} INFO - Sync 1 DAGs
[2024-08-20T03:37:53.817+0000] {logging_mixin.py:190} INFO - [2024-08-20T03:37:53.817+0000] {dag.py:4138} INFO - Setting next_dagrun for tutorial_taskflow_api to None, run_after=None
[2024-08-20T03:37:53.843+0000] {processor.py:208} INFO - Processing /home/airflow/.local/lib/python3.12/site-packages/airflow/example_dags/tutorial_taskflow_api.py took 0.117 seconds
[2024-08-20T03:38:24.083+0000] {processor.py:186} INFO - Started process (PID=3808) to work on /home/airflow/.local/lib/python3.12/site-packages/airflow/example_dags/tutorial_taskflow_api.py
[2024-08-20T03:38:24.084+0000] {processor.py:914} INFO - Processing file /home/airflow/.local/lib/python3.12/site-packages/airflow/example_dags/tutorial_taskflow_api.py for tasks to queue
[2024-08-20T03:38:24.087+0000] {logging_mixin.py:190} INFO - [2024-08-20T03:38:24.086+0000] {dagbag.py:587} INFO - Filling up the DagBag from /home/airflow/.local/lib/python3.12/site-packages/airflow/example_dags/tutorial_taskflow_api.py
[2024-08-20T03:38:24.099+0000] {processor.py:925} INFO - DAG(s) 'tutorial_taskflow_api' retrieved from /home/airflow/.local/lib/python3.12/site-packages/airflow/example_dags/tutorial_taskflow_api.py
[2024-08-20T03:38:24.119+0000] {logging_mixin.py:190} INFO - [2024-08-20T03:38:24.119+0000] {dag.py:3211} INFO - Sync 1 DAGs
[2024-08-20T03:38:24.134+0000] {logging_mixin.py:190} INFO - [2024-08-20T03:38:24.134+0000] {dag.py:4138} INFO - Setting next_dagrun for tutorial_taskflow_api to None, run_after=None
[2024-08-20T03:38:24.157+0000] {processor.py:208} INFO - Processing /home/airflow/.local/lib/python3.12/site-packages/airflow/example_dags/tutorial_taskflow_api.py took 0.082 seconds
[2024-08-20T03:38:54.519+0000] {processor.py:186} INFO - Started process (PID=4094) to work on /home/airflow/.local/lib/python3.12/site-packages/airflow/example_dags/tutorial_taskflow_api.py
[2024-08-20T03:38:54.520+0000] {processor.py:914} INFO - Processing file /home/airflow/.local/lib/python3.12/site-packages/airflow/example_dags/tutorial_taskflow_api.py for tasks to queue
[2024-08-20T03:38:54.523+0000] {logging_mixin.py:190} INFO - [2024-08-20T03:38:54.523+0000] {dagbag.py:587} INFO - Filling up the DagBag from /home/airflow/.local/lib/python3.12/site-packages/airflow/example_dags/tutorial_taskflow_api.py
[2024-08-20T03:38:54.532+0000] {processor.py:925} INFO - DAG(s) 'tutorial_taskflow_api' retrieved from /home/airflow/.local/lib/python3.12/site-packages/airflow/example_dags/tutorial_taskflow_api.py
[2024-08-20T03:38:54.553+0000] {logging_mixin.py:190} INFO - [2024-08-20T03:38:54.552+0000] {dag.py:3211} INFO - Sync 1 DAGs
[2024-08-20T03:38:54.569+0000] {logging_mixin.py:190} INFO - [2024-08-20T03:38:54.569+0000] {dag.py:4138} INFO - Setting next_dagrun for tutorial_taskflow_api to None, run_after=None
[2024-08-20T03:38:54.593+0000] {processor.py:208} INFO - Processing /home/airflow/.local/lib/python3.12/site-packages/airflow/example_dags/tutorial_taskflow_api.py took 0.081 seconds
[2024-08-20T03:39:24.868+0000] {processor.py:186} INFO - Started process (PID=4380) to work on /home/airflow/.local/lib/python3.12/site-packages/airflow/example_dags/tutorial_taskflow_api.py
[2024-08-20T03:39:24.869+0000] {processor.py:914} INFO - Processing file /home/airflow/.local/lib/python3.12/site-packages/airflow/example_dags/tutorial_taskflow_api.py for tasks to queue
[2024-08-20T03:39:24.872+0000] {logging_mixin.py:190} INFO - [2024-08-20T03:39:24.872+0000] {dagbag.py:587} INFO - Filling up the DagBag from /home/airflow/.local/lib/python3.12/site-packages/airflow/example_dags/tutorial_taskflow_api.py
[2024-08-20T03:39:24.882+0000] {processor.py:925} INFO - DAG(s) 'tutorial_taskflow_api' retrieved from /home/airflow/.local/lib/python3.12/site-packages/airflow/example_dags/tutorial_taskflow_api.py
[2024-08-20T03:39:24.911+0000] {logging_mixin.py:190} INFO - [2024-08-20T03:39:24.910+0000] {dag.py:3211} INFO - Sync 1 DAGs
[2024-08-20T03:39:24.939+0000] {logging_mixin.py:190} INFO - [2024-08-20T03:39:24.938+0000] {dag.py:4138} INFO - Setting next_dagrun for tutorial_taskflow_api to None, run_after=None
[2024-08-20T03:39:24.963+0000] {processor.py:208} INFO - Processing /home/airflow/.local/lib/python3.12/site-packages/airflow/example_dags/tutorial_taskflow_api.py took 0.102 seconds
[2024-08-20T03:39:55.143+0000] {processor.py:186} INFO - Started process (PID=4666) to work on /home/airflow/.local/lib/python3.12/site-packages/airflow/example_dags/tutorial_taskflow_api.py
[2024-08-20T03:39:55.144+0000] {processor.py:914} INFO - Processing file /home/airflow/.local/lib/python3.12/site-packages/airflow/example_dags/tutorial_taskflow_api.py for tasks to queue
[2024-08-20T03:39:55.147+0000] {logging_mixin.py:190} INFO - [2024-08-20T03:39:55.146+0000] {dagbag.py:587} INFO - Filling up the DagBag from /home/airflow/.local/lib/python3.12/site-packages/airflow/example_dags/tutorial_taskflow_api.py
[2024-08-20T03:39:55.156+0000] {processor.py:925} INFO - DAG(s) 'tutorial_taskflow_api' retrieved from /home/airflow/.local/lib/python3.12/site-packages/airflow/example_dags/tutorial_taskflow_api.py
[2024-08-20T03:39:55.176+0000] {logging_mixin.py:190} INFO - [2024-08-20T03:39:55.176+0000] {dag.py:3211} INFO - Sync 1 DAGs
[2024-08-20T03:39:55.193+0000] {logging_mixin.py:190} INFO - [2024-08-20T03:39:55.193+0000] {dag.py:4138} INFO - Setting next_dagrun for tutorial_taskflow_api to None, run_after=None
[2024-08-20T03:39:55.216+0000] {processor.py:208} INFO - Processing /home/airflow/.local/lib/python3.12/site-packages/airflow/example_dags/tutorial_taskflow_api.py took 0.079 seconds
[2024-08-20T03:40:25.510+0000] {processor.py:186} INFO - Started process (PID=4952) to work on /home/airflow/.local/lib/python3.12/site-packages/airflow/example_dags/tutorial_taskflow_api.py
[2024-08-20T03:40:25.511+0000] {processor.py:914} INFO - Processing file /home/airflow/.local/lib/python3.12/site-packages/airflow/example_dags/tutorial_taskflow_api.py for tasks to queue
[2024-08-20T03:40:25.514+0000] {logging_mixin.py:190} INFO - [2024-08-20T03:40:25.514+0000] {dagbag.py:587} INFO - Filling up the DagBag from /home/airflow/.local/lib/python3.12/site-packages/airflow/example_dags/tutorial_taskflow_api.py
[2024-08-20T03:40:25.523+0000] {processor.py:925} INFO - DAG(s) 'tutorial_taskflow_api' retrieved from /home/airflow/.local/lib/python3.12/site-packages/airflow/example_dags/tutorial_taskflow_api.py
[2024-08-20T03:40:25.543+0000] {logging_mixin.py:190} INFO - [2024-08-20T03:40:25.543+0000] {dag.py:3211} INFO - Sync 1 DAGs
[2024-08-20T03:40:25.565+0000] {logging_mixin.py:190} INFO - [2024-08-20T03:40:25.564+0000] {dag.py:4138} INFO - Setting next_dagrun for tutorial_taskflow_api to None, run_after=None
[2024-08-20T03:40:25.589+0000] {processor.py:208} INFO - Processing /home/airflow/.local/lib/python3.12/site-packages/airflow/example_dags/tutorial_taskflow_api.py took 0.085 seconds
[2024-08-20T03:40:55.791+0000] {processor.py:186} INFO - Started process (PID=5238) to work on /home/airflow/.local/lib/python3.12/site-packages/airflow/example_dags/tutorial_taskflow_api.py
[2024-08-20T03:40:55.792+0000] {processor.py:914} INFO - Processing file /home/airflow/.local/lib/python3.12/site-packages/airflow/example_dags/tutorial_taskflow_api.py for tasks to queue
[2024-08-20T03:40:55.794+0000] {logging_mixin.py:190} INFO - [2024-08-20T03:40:55.794+0000] {dagbag.py:587} INFO - Filling up the DagBag from /home/airflow/.local/lib/python3.12/site-packages/airflow/example_dags/tutorial_taskflow_api.py
[2024-08-20T03:40:55.806+0000] {processor.py:925} INFO - DAG(s) 'tutorial_taskflow_api' retrieved from /home/airflow/.local/lib/python3.12/site-packages/airflow/example_dags/tutorial_taskflow_api.py
[2024-08-20T03:40:55.827+0000] {logging_mixin.py:190} INFO - [2024-08-20T03:40:55.827+0000] {dag.py:3211} INFO - Sync 1 DAGs
[2024-08-20T03:40:55.844+0000] {logging_mixin.py:190} INFO - [2024-08-20T03:40:55.844+0000] {dag.py:4138} INFO - Setting next_dagrun for tutorial_taskflow_api to None, run_after=None
[2024-08-20T03:40:55.868+0000] {processor.py:208} INFO - Processing /home/airflow/.local/lib/python3.12/site-packages/airflow/example_dags/tutorial_taskflow_api.py took 0.084 seconds
[2024-08-20T03:41:26.310+0000] {processor.py:186} INFO - Started process (PID=5524) to work on /home/airflow/.local/lib/python3.12/site-packages/airflow/example_dags/tutorial_taskflow_api.py
[2024-08-20T03:41:26.311+0000] {processor.py:914} INFO - Processing file /home/airflow/.local/lib/python3.12/site-packages/airflow/example_dags/tutorial_taskflow_api.py for tasks to queue
[2024-08-20T03:41:26.314+0000] {logging_mixin.py:190} INFO - [2024-08-20T03:41:26.314+0000] {dagbag.py:587} INFO - Filling up the DagBag from /home/airflow/.local/lib/python3.12/site-packages/airflow/example_dags/tutorial_taskflow_api.py
[2024-08-20T03:41:26.324+0000] {processor.py:925} INFO - DAG(s) 'tutorial_taskflow_api' retrieved from /home/airflow/.local/lib/python3.12/site-packages/airflow/example_dags/tutorial_taskflow_api.py
[2024-08-20T03:41:26.345+0000] {logging_mixin.py:190} INFO - [2024-08-20T03:41:26.344+0000] {dag.py:3211} INFO - Sync 1 DAGs
[2024-08-20T03:41:26.363+0000] {logging_mixin.py:190} INFO - [2024-08-20T03:41:26.362+0000] {dag.py:4138} INFO - Setting next_dagrun for tutorial_taskflow_api to None, run_after=None
[2024-08-20T03:41:26.386+0000] {processor.py:208} INFO - Processing /home/airflow/.local/lib/python3.12/site-packages/airflow/example_dags/tutorial_taskflow_api.py took 0.083 seconds
[2024-08-20T03:41:56.792+0000] {processor.py:186} INFO - Started process (PID=5810) to work on /home/airflow/.local/lib/python3.12/site-packages/airflow/example_dags/tutorial_taskflow_api.py
[2024-08-20T03:41:56.793+0000] {processor.py:914} INFO - Processing file /home/airflow/.local/lib/python3.12/site-packages/airflow/example_dags/tutorial_taskflow_api.py for tasks to queue
[2024-08-20T03:41:56.797+0000] {logging_mixin.py:190} INFO - [2024-08-20T03:41:56.796+0000] {dagbag.py:587} INFO - Filling up the DagBag from /home/airflow/.local/lib/python3.12/site-packages/airflow/example_dags/tutorial_taskflow_api.py
[2024-08-20T03:41:56.808+0000] {processor.py:925} INFO - DAG(s) 'tutorial_taskflow_api' retrieved from /home/airflow/.local/lib/python3.12/site-packages/airflow/example_dags/tutorial_taskflow_api.py
[2024-08-20T03:41:56.831+0000] {logging_mixin.py:190} INFO - [2024-08-20T03:41:56.831+0000] {dag.py:3211} INFO - Sync 1 DAGs
[2024-08-20T03:41:56.847+0000] {logging_mixin.py:190} INFO - [2024-08-20T03:41:56.847+0000] {dag.py:4138} INFO - Setting next_dagrun for tutorial_taskflow_api to None, run_after=None
[2024-08-20T03:41:56.869+0000] {processor.py:208} INFO - Processing /home/airflow/.local/lib/python3.12/site-packages/airflow/example_dags/tutorial_taskflow_api.py took 0.084 seconds
