[2024-08-20T03:32:19.284+0000] {processor.py:186} INFO - Started process (PID=441) to work on /home/airflow/.local/lib/python3.12/site-packages/airflow/example_dags/tutorial.py
[2024-08-20T03:32:19.285+0000] {processor.py:914} INFO - Processing file /home/airflow/.local/lib/python3.12/site-packages/airflow/example_dags/tutorial.py for tasks to queue
[2024-08-20T03:32:19.289+0000] {logging_mixin.py:190} INFO - [2024-08-20T03:32:19.288+0000] {dagbag.py:587} INFO - Filling up the DagBag from /home/airflow/.local/lib/python3.12/site-packages/airflow/example_dags/tutorial.py
[2024-08-20T03:32:19.299+0000] {processor.py:925} INFO - DAG(s) 'tutorial' retrieved from /home/airflow/.local/lib/python3.12/site-packages/airflow/example_dags/tutorial.py
[2024-08-20T03:32:19.441+0000] {logging_mixin.py:190} INFO - [2024-08-20T03:32:19.440+0000] {override.py:1858} INFO - Created Permission View: can read on DAG:tutorial
[2024-08-20T03:32:19.457+0000] {logging_mixin.py:190} INFO - [2024-08-20T03:32:19.456+0000] {override.py:1858} INFO - Created Permission View: can delete on DAG:tutorial
[2024-08-20T03:32:19.467+0000] {logging_mixin.py:190} INFO - [2024-08-20T03:32:19.467+0000] {override.py:1858} INFO - Created Permission View: can edit on DAG:tutorial
[2024-08-20T03:32:19.468+0000] {logging_mixin.py:190} INFO - [2024-08-20T03:32:19.467+0000] {dag.py:3211} INFO - Sync 1 DAGs
[2024-08-20T03:32:19.483+0000] {logging_mixin.py:190} INFO - [2024-08-20T03:32:19.482+0000] {dag.py:3234} INFO - Creating ORM DAG for tutorial
[2024-08-20T03:32:19.494+0000] {logging_mixin.py:190} INFO - [2024-08-20T03:32:19.493+0000] {dag.py:4138} INFO - Setting next_dagrun for tutorial to 2024-08-19 00:00:00+00:00, run_after=2024-08-20 00:00:00+00:00
[2024-08-20T03:32:19.514+0000] {processor.py:208} INFO - Processing /home/airflow/.local/lib/python3.12/site-packages/airflow/example_dags/tutorial.py took 0.238 seconds
[2024-08-20T03:32:49.646+0000] {processor.py:186} INFO - Started process (PID=729) to work on /home/airflow/.local/lib/python3.12/site-packages/airflow/example_dags/tutorial.py
[2024-08-20T03:32:49.647+0000] {processor.py:914} INFO - Processing file /home/airflow/.local/lib/python3.12/site-packages/airflow/example_dags/tutorial.py for tasks to queue
[2024-08-20T03:32:49.649+0000] {logging_mixin.py:190} INFO - [2024-08-20T03:32:49.649+0000] {dagbag.py:587} INFO - Filling up the DagBag from /home/airflow/.local/lib/python3.12/site-packages/airflow/example_dags/tutorial.py
[2024-08-20T03:32:49.659+0000] {processor.py:925} INFO - DAG(s) 'tutorial' retrieved from /home/airflow/.local/lib/python3.12/site-packages/airflow/example_dags/tutorial.py
[2024-08-20T03:32:49.683+0000] {logging_mixin.py:190} INFO - [2024-08-20T03:32:49.683+0000] {dag.py:3211} INFO - Sync 1 DAGs
[2024-08-20T03:32:49.712+0000] {logging_mixin.py:190} INFO - [2024-08-20T03:32:49.712+0000] {dag.py:4138} INFO - Setting next_dagrun for tutorial to 2024-08-19 00:00:00+00:00, run_after=2024-08-20 00:00:00+00:00
[2024-08-20T03:32:49.739+0000] {processor.py:208} INFO - Processing /home/airflow/.local/lib/python3.12/site-packages/airflow/example_dags/tutorial.py took 0.100 seconds
[2024-08-20T03:33:20.249+0000] {processor.py:186} INFO - Started process (PID=1013) to work on /home/airflow/.local/lib/python3.12/site-packages/airflow/example_dags/tutorial.py
[2024-08-20T03:33:20.250+0000] {processor.py:914} INFO - Processing file /home/airflow/.local/lib/python3.12/site-packages/airflow/example_dags/tutorial.py for tasks to queue
[2024-08-20T03:33:20.253+0000] {logging_mixin.py:190} INFO - [2024-08-20T03:33:20.252+0000] {dagbag.py:587} INFO - Filling up the DagBag from /home/airflow/.local/lib/python3.12/site-packages/airflow/example_dags/tutorial.py
[2024-08-20T03:33:20.263+0000] {processor.py:925} INFO - DAG(s) 'tutorial' retrieved from /home/airflow/.local/lib/python3.12/site-packages/airflow/example_dags/tutorial.py
[2024-08-20T03:33:20.287+0000] {logging_mixin.py:190} INFO - [2024-08-20T03:33:20.287+0000] {dag.py:3211} INFO - Sync 1 DAGs
[2024-08-20T03:33:20.319+0000] {logging_mixin.py:190} INFO - [2024-08-20T03:33:20.318+0000] {dag.py:4138} INFO - Setting next_dagrun for tutorial to 2024-08-19 00:00:00+00:00, run_after=2024-08-20 00:00:00+00:00
[2024-08-20T03:33:20.346+0000] {processor.py:208} INFO - Processing /home/airflow/.local/lib/python3.12/site-packages/airflow/example_dags/tutorial.py took 0.105 seconds
[2024-08-20T03:33:50.658+0000] {processor.py:186} INFO - Started process (PID=1301) to work on /home/airflow/.local/lib/python3.12/site-packages/airflow/example_dags/tutorial.py
[2024-08-20T03:33:50.659+0000] {processor.py:914} INFO - Processing file /home/airflow/.local/lib/python3.12/site-packages/airflow/example_dags/tutorial.py for tasks to queue
[2024-08-20T03:33:50.662+0000] {logging_mixin.py:190} INFO - [2024-08-20T03:33:50.661+0000] {dagbag.py:587} INFO - Filling up the DagBag from /home/airflow/.local/lib/python3.12/site-packages/airflow/example_dags/tutorial.py
[2024-08-20T03:33:50.671+0000] {processor.py:925} INFO - DAG(s) 'tutorial' retrieved from /home/airflow/.local/lib/python3.12/site-packages/airflow/example_dags/tutorial.py
[2024-08-20T03:33:50.694+0000] {logging_mixin.py:190} INFO - [2024-08-20T03:33:50.694+0000] {dag.py:3211} INFO - Sync 1 DAGs
[2024-08-20T03:33:50.719+0000] {logging_mixin.py:190} INFO - [2024-08-20T03:33:50.719+0000] {dag.py:4138} INFO - Setting next_dagrun for tutorial to 2024-08-19 00:00:00+00:00, run_after=2024-08-20 00:00:00+00:00
[2024-08-20T03:33:50.750+0000] {processor.py:208} INFO - Processing /home/airflow/.local/lib/python3.12/site-packages/airflow/example_dags/tutorial.py took 0.098 seconds
[2024-08-20T03:34:21.275+0000] {processor.py:186} INFO - Started process (PID=1587) to work on /home/airflow/.local/lib/python3.12/site-packages/airflow/example_dags/tutorial.py
[2024-08-20T03:34:21.276+0000] {processor.py:914} INFO - Processing file /home/airflow/.local/lib/python3.12/site-packages/airflow/example_dags/tutorial.py for tasks to queue
[2024-08-20T03:34:21.279+0000] {logging_mixin.py:190} INFO - [2024-08-20T03:34:21.278+0000] {dagbag.py:587} INFO - Filling up the DagBag from /home/airflow/.local/lib/python3.12/site-packages/airflow/example_dags/tutorial.py
[2024-08-20T03:34:21.288+0000] {processor.py:925} INFO - DAG(s) 'tutorial' retrieved from /home/airflow/.local/lib/python3.12/site-packages/airflow/example_dags/tutorial.py
[2024-08-20T03:34:21.308+0000] {logging_mixin.py:190} INFO - [2024-08-20T03:34:21.308+0000] {dag.py:3211} INFO - Sync 1 DAGs
[2024-08-20T03:34:21.338+0000] {logging_mixin.py:190} INFO - [2024-08-20T03:34:21.338+0000] {dag.py:4138} INFO - Setting next_dagrun for tutorial to 2024-08-19 00:00:00+00:00, run_after=2024-08-20 00:00:00+00:00
[2024-08-20T03:34:21.361+0000] {processor.py:208} INFO - Processing /home/airflow/.local/lib/python3.12/site-packages/airflow/example_dags/tutorial.py took 0.094 seconds
[2024-08-20T03:34:52.024+0000] {processor.py:186} INFO - Started process (PID=1873) to work on /home/airflow/.local/lib/python3.12/site-packages/airflow/example_dags/tutorial.py
[2024-08-20T03:34:52.025+0000] {processor.py:914} INFO - Processing file /home/airflow/.local/lib/python3.12/site-packages/airflow/example_dags/tutorial.py for tasks to queue
[2024-08-20T03:34:52.028+0000] {logging_mixin.py:190} INFO - [2024-08-20T03:34:52.028+0000] {dagbag.py:587} INFO - Filling up the DagBag from /home/airflow/.local/lib/python3.12/site-packages/airflow/example_dags/tutorial.py
[2024-08-20T03:34:52.037+0000] {processor.py:925} INFO - DAG(s) 'tutorial' retrieved from /home/airflow/.local/lib/python3.12/site-packages/airflow/example_dags/tutorial.py
[2024-08-20T03:34:52.060+0000] {logging_mixin.py:190} INFO - [2024-08-20T03:34:52.060+0000] {dag.py:3211} INFO - Sync 1 DAGs
[2024-08-20T03:34:52.091+0000] {logging_mixin.py:190} INFO - [2024-08-20T03:34:52.090+0000] {dag.py:4138} INFO - Setting next_dagrun for tutorial to 2024-08-19 00:00:00+00:00, run_after=2024-08-20 00:00:00+00:00
[2024-08-20T03:34:52.113+0000] {processor.py:208} INFO - Processing /home/airflow/.local/lib/python3.12/site-packages/airflow/example_dags/tutorial.py took 0.096 seconds
[2024-08-20T03:35:22.338+0000] {processor.py:186} INFO - Started process (PID=2157) to work on /home/airflow/.local/lib/python3.12/site-packages/airflow/example_dags/tutorial.py
[2024-08-20T03:35:22.339+0000] {processor.py:914} INFO - Processing file /home/airflow/.local/lib/python3.12/site-packages/airflow/example_dags/tutorial.py for tasks to queue
[2024-08-20T03:35:22.342+0000] {logging_mixin.py:190} INFO - [2024-08-20T03:35:22.341+0000] {dagbag.py:587} INFO - Filling up the DagBag from /home/airflow/.local/lib/python3.12/site-packages/airflow/example_dags/tutorial.py
[2024-08-20T03:35:22.351+0000] {processor.py:925} INFO - DAG(s) 'tutorial' retrieved from /home/airflow/.local/lib/python3.12/site-packages/airflow/example_dags/tutorial.py
[2024-08-20T03:35:22.373+0000] {logging_mixin.py:190} INFO - [2024-08-20T03:35:22.373+0000] {dag.py:3211} INFO - Sync 1 DAGs
[2024-08-20T03:35:22.401+0000] {logging_mixin.py:190} INFO - [2024-08-20T03:35:22.401+0000] {dag.py:4138} INFO - Setting next_dagrun for tutorial to 2024-08-19 00:00:00+00:00, run_after=2024-08-20 00:00:00+00:00
[2024-08-20T03:35:22.429+0000] {processor.py:208} INFO - Processing /home/airflow/.local/lib/python3.12/site-packages/airflow/example_dags/tutorial.py took 0.099 seconds
[2024-08-20T03:35:52.974+0000] {processor.py:186} INFO - Started process (PID=2443) to work on /home/airflow/.local/lib/python3.12/site-packages/airflow/example_dags/tutorial.py
[2024-08-20T03:35:52.975+0000] {processor.py:914} INFO - Processing file /home/airflow/.local/lib/python3.12/site-packages/airflow/example_dags/tutorial.py for tasks to queue
[2024-08-20T03:35:52.978+0000] {logging_mixin.py:190} INFO - [2024-08-20T03:35:52.978+0000] {dagbag.py:587} INFO - Filling up the DagBag from /home/airflow/.local/lib/python3.12/site-packages/airflow/example_dags/tutorial.py
[2024-08-20T03:35:52.991+0000] {processor.py:925} INFO - DAG(s) 'tutorial' retrieved from /home/airflow/.local/lib/python3.12/site-packages/airflow/example_dags/tutorial.py
[2024-08-20T03:35:53.015+0000] {logging_mixin.py:190} INFO - [2024-08-20T03:35:53.015+0000] {dag.py:3211} INFO - Sync 1 DAGs
[2024-08-20T03:35:53.046+0000] {logging_mixin.py:190} INFO - [2024-08-20T03:35:53.046+0000] {dag.py:4138} INFO - Setting next_dagrun for tutorial to 2024-08-19 00:00:00+00:00, run_after=2024-08-20 00:00:00+00:00
[2024-08-20T03:35:53.075+0000] {processor.py:208} INFO - Processing /home/airflow/.local/lib/python3.12/site-packages/airflow/example_dags/tutorial.py took 0.107 seconds
[2024-08-20T03:36:23.524+0000] {processor.py:186} INFO - Started process (PID=2729) to work on /home/airflow/.local/lib/python3.12/site-packages/airflow/example_dags/tutorial.py
[2024-08-20T03:36:23.525+0000] {processor.py:914} INFO - Processing file /home/airflow/.local/lib/python3.12/site-packages/airflow/example_dags/tutorial.py for tasks to queue
[2024-08-20T03:36:23.528+0000] {logging_mixin.py:190} INFO - [2024-08-20T03:36:23.527+0000] {dagbag.py:587} INFO - Filling up the DagBag from /home/airflow/.local/lib/python3.12/site-packages/airflow/example_dags/tutorial.py
[2024-08-20T03:36:23.537+0000] {processor.py:925} INFO - DAG(s) 'tutorial' retrieved from /home/airflow/.local/lib/python3.12/site-packages/airflow/example_dags/tutorial.py
[2024-08-20T03:36:23.559+0000] {logging_mixin.py:190} INFO - [2024-08-20T03:36:23.559+0000] {dag.py:3211} INFO - Sync 1 DAGs
[2024-08-20T03:36:23.585+0000] {logging_mixin.py:190} INFO - [2024-08-20T03:36:23.585+0000] {dag.py:4138} INFO - Setting next_dagrun for tutorial to 2024-08-19 00:00:00+00:00, run_after=2024-08-20 00:00:00+00:00
[2024-08-20T03:36:23.609+0000] {processor.py:208} INFO - Processing /home/airflow/.local/lib/python3.12/site-packages/airflow/example_dags/tutorial.py took 0.095 seconds
[2024-08-20T03:36:53.804+0000] {processor.py:186} INFO - Started process (PID=3017) to work on /home/airflow/.local/lib/python3.12/site-packages/airflow/example_dags/tutorial.py
[2024-08-20T03:36:53.805+0000] {processor.py:914} INFO - Processing file /home/airflow/.local/lib/python3.12/site-packages/airflow/example_dags/tutorial.py for tasks to queue
[2024-08-20T03:36:53.808+0000] {logging_mixin.py:190} INFO - [2024-08-20T03:36:53.808+0000] {dagbag.py:587} INFO - Filling up the DagBag from /home/airflow/.local/lib/python3.12/site-packages/airflow/example_dags/tutorial.py
[2024-08-20T03:36:53.817+0000] {processor.py:925} INFO - DAG(s) 'tutorial' retrieved from /home/airflow/.local/lib/python3.12/site-packages/airflow/example_dags/tutorial.py
[2024-08-20T03:36:53.836+0000] {logging_mixin.py:190} INFO - [2024-08-20T03:36:53.836+0000] {dag.py:3211} INFO - Sync 1 DAGs
[2024-08-20T03:36:53.861+0000] {logging_mixin.py:190} INFO - [2024-08-20T03:36:53.861+0000] {dag.py:4138} INFO - Setting next_dagrun for tutorial to 2024-08-19 00:00:00+00:00, run_after=2024-08-20 00:00:00+00:00
[2024-08-20T03:36:53.893+0000] {processor.py:208} INFO - Processing /home/airflow/.local/lib/python3.12/site-packages/airflow/example_dags/tutorial.py took 0.095 seconds
[2024-08-20T03:37:24.187+0000] {processor.py:186} INFO - Started process (PID=3301) to work on /home/airflow/.local/lib/python3.12/site-packages/airflow/example_dags/tutorial.py
[2024-08-20T03:37:24.188+0000] {processor.py:914} INFO - Processing file /home/airflow/.local/lib/python3.12/site-packages/airflow/example_dags/tutorial.py for tasks to queue
[2024-08-20T03:37:24.191+0000] {logging_mixin.py:190} INFO - [2024-08-20T03:37:24.191+0000] {dagbag.py:587} INFO - Filling up the DagBag from /home/airflow/.local/lib/python3.12/site-packages/airflow/example_dags/tutorial.py
[2024-08-20T03:37:24.202+0000] {processor.py:925} INFO - DAG(s) 'tutorial' retrieved from /home/airflow/.local/lib/python3.12/site-packages/airflow/example_dags/tutorial.py
[2024-08-20T03:37:24.223+0000] {logging_mixin.py:190} INFO - [2024-08-20T03:37:24.223+0000] {dag.py:3211} INFO - Sync 1 DAGs
[2024-08-20T03:37:24.252+0000] {logging_mixin.py:190} INFO - [2024-08-20T03:37:24.252+0000] {dag.py:4138} INFO - Setting next_dagrun for tutorial to 2024-08-19 00:00:00+00:00, run_after=2024-08-20 00:00:00+00:00
[2024-08-20T03:37:24.275+0000] {processor.py:208} INFO - Processing /home/airflow/.local/lib/python3.12/site-packages/airflow/example_dags/tutorial.py took 0.094 seconds
[2024-08-20T03:37:54.727+0000] {processor.py:186} INFO - Started process (PID=3587) to work on /home/airflow/.local/lib/python3.12/site-packages/airflow/example_dags/tutorial.py
[2024-08-20T03:37:54.728+0000] {processor.py:914} INFO - Processing file /home/airflow/.local/lib/python3.12/site-packages/airflow/example_dags/tutorial.py for tasks to queue
[2024-08-20T03:37:54.731+0000] {logging_mixin.py:190} INFO - [2024-08-20T03:37:54.731+0000] {dagbag.py:587} INFO - Filling up the DagBag from /home/airflow/.local/lib/python3.12/site-packages/airflow/example_dags/tutorial.py
[2024-08-20T03:37:54.740+0000] {processor.py:925} INFO - DAG(s) 'tutorial' retrieved from /home/airflow/.local/lib/python3.12/site-packages/airflow/example_dags/tutorial.py
[2024-08-20T03:37:54.763+0000] {logging_mixin.py:190} INFO - [2024-08-20T03:37:54.762+0000] {dag.py:3211} INFO - Sync 1 DAGs
[2024-08-20T03:37:54.795+0000] {logging_mixin.py:190} INFO - [2024-08-20T03:37:54.794+0000] {dag.py:4138} INFO - Setting next_dagrun for tutorial to 2024-08-19 00:00:00+00:00, run_after=2024-08-20 00:00:00+00:00
[2024-08-20T03:37:54.829+0000] {processor.py:208} INFO - Processing /home/airflow/.local/lib/python3.12/site-packages/airflow/example_dags/tutorial.py took 0.108 seconds
[2024-08-20T03:38:24.985+0000] {processor.py:186} INFO - Started process (PID=3873) to work on /home/airflow/.local/lib/python3.12/site-packages/airflow/example_dags/tutorial.py
[2024-08-20T03:38:24.986+0000] {processor.py:914} INFO - Processing file /home/airflow/.local/lib/python3.12/site-packages/airflow/example_dags/tutorial.py for tasks to queue
[2024-08-20T03:38:24.989+0000] {logging_mixin.py:190} INFO - [2024-08-20T03:38:24.989+0000] {dagbag.py:587} INFO - Filling up the DagBag from /home/airflow/.local/lib/python3.12/site-packages/airflow/example_dags/tutorial.py
[2024-08-20T03:38:24.997+0000] {processor.py:925} INFO - DAG(s) 'tutorial' retrieved from /home/airflow/.local/lib/python3.12/site-packages/airflow/example_dags/tutorial.py
[2024-08-20T03:38:25.018+0000] {logging_mixin.py:190} INFO - [2024-08-20T03:38:25.018+0000] {dag.py:3211} INFO - Sync 1 DAGs
[2024-08-20T03:38:25.043+0000] {logging_mixin.py:190} INFO - [2024-08-20T03:38:25.042+0000] {dag.py:4138} INFO - Setting next_dagrun for tutorial to 2024-08-19 00:00:00+00:00, run_after=2024-08-20 00:00:00+00:00
[2024-08-20T03:38:25.065+0000] {processor.py:208} INFO - Processing /home/airflow/.local/lib/python3.12/site-packages/airflow/example_dags/tutorial.py took 0.087 seconds
[2024-08-20T03:38:55.468+0000] {processor.py:186} INFO - Started process (PID=4159) to work on /home/airflow/.local/lib/python3.12/site-packages/airflow/example_dags/tutorial.py
[2024-08-20T03:38:55.468+0000] {processor.py:914} INFO - Processing file /home/airflow/.local/lib/python3.12/site-packages/airflow/example_dags/tutorial.py for tasks to queue
[2024-08-20T03:38:55.471+0000] {logging_mixin.py:190} INFO - [2024-08-20T03:38:55.471+0000] {dagbag.py:587} INFO - Filling up the DagBag from /home/airflow/.local/lib/python3.12/site-packages/airflow/example_dags/tutorial.py
[2024-08-20T03:38:55.483+0000] {processor.py:925} INFO - DAG(s) 'tutorial' retrieved from /home/airflow/.local/lib/python3.12/site-packages/airflow/example_dags/tutorial.py
[2024-08-20T03:38:55.505+0000] {logging_mixin.py:190} INFO - [2024-08-20T03:38:55.505+0000] {dag.py:3211} INFO - Sync 1 DAGs
[2024-08-20T03:38:55.531+0000] {logging_mixin.py:190} INFO - [2024-08-20T03:38:55.530+0000] {dag.py:4138} INFO - Setting next_dagrun for tutorial to 2024-08-19 00:00:00+00:00, run_after=2024-08-20 00:00:00+00:00
[2024-08-20T03:38:55.552+0000] {processor.py:208} INFO - Processing /home/airflow/.local/lib/python3.12/site-packages/airflow/example_dags/tutorial.py took 0.091 seconds
[2024-08-20T03:39:25.814+0000] {processor.py:186} INFO - Started process (PID=4445) to work on /home/airflow/.local/lib/python3.12/site-packages/airflow/example_dags/tutorial.py
[2024-08-20T03:39:25.815+0000] {processor.py:914} INFO - Processing file /home/airflow/.local/lib/python3.12/site-packages/airflow/example_dags/tutorial.py for tasks to queue
[2024-08-20T03:39:25.818+0000] {logging_mixin.py:190} INFO - [2024-08-20T03:39:25.817+0000] {dagbag.py:587} INFO - Filling up the DagBag from /home/airflow/.local/lib/python3.12/site-packages/airflow/example_dags/tutorial.py
[2024-08-20T03:39:25.828+0000] {processor.py:925} INFO - DAG(s) 'tutorial' retrieved from /home/airflow/.local/lib/python3.12/site-packages/airflow/example_dags/tutorial.py
[2024-08-20T03:39:25.851+0000] {logging_mixin.py:190} INFO - [2024-08-20T03:39:25.851+0000] {dag.py:3211} INFO - Sync 1 DAGs
[2024-08-20T03:39:25.878+0000] {logging_mixin.py:190} INFO - [2024-08-20T03:39:25.878+0000] {dag.py:4138} INFO - Setting next_dagrun for tutorial to 2024-08-19 00:00:00+00:00, run_after=2024-08-20 00:00:00+00:00
[2024-08-20T03:39:25.901+0000] {processor.py:208} INFO - Processing /home/airflow/.local/lib/python3.12/site-packages/airflow/example_dags/tutorial.py took 0.093 seconds
[2024-08-20T03:39:56.049+0000] {processor.py:186} INFO - Started process (PID=4731) to work on /home/airflow/.local/lib/python3.12/site-packages/airflow/example_dags/tutorial.py
[2024-08-20T03:39:56.049+0000] {processor.py:914} INFO - Processing file /home/airflow/.local/lib/python3.12/site-packages/airflow/example_dags/tutorial.py for tasks to queue
[2024-08-20T03:39:56.052+0000] {logging_mixin.py:190} INFO - [2024-08-20T03:39:56.052+0000] {dagbag.py:587} INFO - Filling up the DagBag from /home/airflow/.local/lib/python3.12/site-packages/airflow/example_dags/tutorial.py
[2024-08-20T03:39:56.062+0000] {processor.py:925} INFO - DAG(s) 'tutorial' retrieved from /home/airflow/.local/lib/python3.12/site-packages/airflow/example_dags/tutorial.py
[2024-08-20T03:39:56.085+0000] {logging_mixin.py:190} INFO - [2024-08-20T03:39:56.084+0000] {dag.py:3211} INFO - Sync 1 DAGs
[2024-08-20T03:39:56.111+0000] {logging_mixin.py:190} INFO - [2024-08-20T03:39:56.110+0000] {dag.py:4138} INFO - Setting next_dagrun for tutorial to 2024-08-19 00:00:00+00:00, run_after=2024-08-20 00:00:00+00:00
[2024-08-20T03:39:56.133+0000] {processor.py:208} INFO - Processing /home/airflow/.local/lib/python3.12/site-packages/airflow/example_dags/tutorial.py took 0.091 seconds
[2024-08-20T03:40:26.459+0000] {processor.py:186} INFO - Started process (PID=5017) to work on /home/airflow/.local/lib/python3.12/site-packages/airflow/example_dags/tutorial.py
[2024-08-20T03:40:26.460+0000] {processor.py:914} INFO - Processing file /home/airflow/.local/lib/python3.12/site-packages/airflow/example_dags/tutorial.py for tasks to queue
[2024-08-20T03:40:26.463+0000] {logging_mixin.py:190} INFO - [2024-08-20T03:40:26.462+0000] {dagbag.py:587} INFO - Filling up the DagBag from /home/airflow/.local/lib/python3.12/site-packages/airflow/example_dags/tutorial.py
[2024-08-20T03:40:26.471+0000] {processor.py:925} INFO - DAG(s) 'tutorial' retrieved from /home/airflow/.local/lib/python3.12/site-packages/airflow/example_dags/tutorial.py
[2024-08-20T03:40:26.495+0000] {logging_mixin.py:190} INFO - [2024-08-20T03:40:26.494+0000] {dag.py:3211} INFO - Sync 1 DAGs
[2024-08-20T03:40:26.524+0000] {logging_mixin.py:190} INFO - [2024-08-20T03:40:26.523+0000] {dag.py:4138} INFO - Setting next_dagrun for tutorial to 2024-08-19 00:00:00+00:00, run_after=2024-08-20 00:00:00+00:00
[2024-08-20T03:40:26.548+0000] {processor.py:208} INFO - Processing /home/airflow/.local/lib/python3.12/site-packages/airflow/example_dags/tutorial.py took 0.096 seconds
[2024-08-20T03:40:56.880+0000] {processor.py:186} INFO - Started process (PID=5305) to work on /home/airflow/.local/lib/python3.12/site-packages/airflow/example_dags/tutorial.py
[2024-08-20T03:40:56.882+0000] {processor.py:914} INFO - Processing file /home/airflow/.local/lib/python3.12/site-packages/airflow/example_dags/tutorial.py for tasks to queue
[2024-08-20T03:40:56.884+0000] {logging_mixin.py:190} INFO - [2024-08-20T03:40:56.884+0000] {dagbag.py:587} INFO - Filling up the DagBag from /home/airflow/.local/lib/python3.12/site-packages/airflow/example_dags/tutorial.py
[2024-08-20T03:40:56.893+0000] {processor.py:925} INFO - DAG(s) 'tutorial' retrieved from /home/airflow/.local/lib/python3.12/site-packages/airflow/example_dags/tutorial.py
[2024-08-20T03:40:56.913+0000] {logging_mixin.py:190} INFO - [2024-08-20T03:40:56.913+0000] {dag.py:3211} INFO - Sync 1 DAGs
[2024-08-20T03:40:56.937+0000] {logging_mixin.py:190} INFO - [2024-08-20T03:40:56.937+0000] {dag.py:4138} INFO - Setting next_dagrun for tutorial to 2024-08-19 00:00:00+00:00, run_after=2024-08-20 00:00:00+00:00
[2024-08-20T03:40:56.970+0000] {processor.py:208} INFO - Processing /home/airflow/.local/lib/python3.12/site-packages/airflow/example_dags/tutorial.py took 0.095 seconds
[2024-08-20T03:41:27.180+0000] {processor.py:186} INFO - Started process (PID=5589) to work on /home/airflow/.local/lib/python3.12/site-packages/airflow/example_dags/tutorial.py
[2024-08-20T03:41:27.181+0000] {processor.py:914} INFO - Processing file /home/airflow/.local/lib/python3.12/site-packages/airflow/example_dags/tutorial.py for tasks to queue
[2024-08-20T03:41:27.184+0000] {logging_mixin.py:190} INFO - [2024-08-20T03:41:27.184+0000] {dagbag.py:587} INFO - Filling up the DagBag from /home/airflow/.local/lib/python3.12/site-packages/airflow/example_dags/tutorial.py
[2024-08-20T03:41:27.194+0000] {processor.py:925} INFO - DAG(s) 'tutorial' retrieved from /home/airflow/.local/lib/python3.12/site-packages/airflow/example_dags/tutorial.py
[2024-08-20T03:41:27.217+0000] {logging_mixin.py:190} INFO - [2024-08-20T03:41:27.216+0000] {dag.py:3211} INFO - Sync 1 DAGs
[2024-08-20T03:41:27.245+0000] {logging_mixin.py:190} INFO - [2024-08-20T03:41:27.245+0000] {dag.py:4138} INFO - Setting next_dagrun for tutorial to 2024-08-19 00:00:00+00:00, run_after=2024-08-20 00:00:00+00:00
[2024-08-20T03:41:27.268+0000] {processor.py:208} INFO - Processing /home/airflow/.local/lib/python3.12/site-packages/airflow/example_dags/tutorial.py took 0.097 seconds
[2024-08-20T03:41:57.711+0000] {processor.py:186} INFO - Started process (PID=5875) to work on /home/airflow/.local/lib/python3.12/site-packages/airflow/example_dags/tutorial.py
[2024-08-20T03:41:57.712+0000] {processor.py:914} INFO - Processing file /home/airflow/.local/lib/python3.12/site-packages/airflow/example_dags/tutorial.py for tasks to queue
[2024-08-20T03:41:57.715+0000] {logging_mixin.py:190} INFO - [2024-08-20T03:41:57.714+0000] {dagbag.py:587} INFO - Filling up the DagBag from /home/airflow/.local/lib/python3.12/site-packages/airflow/example_dags/tutorial.py
[2024-08-20T03:41:57.724+0000] {processor.py:925} INFO - DAG(s) 'tutorial' retrieved from /home/airflow/.local/lib/python3.12/site-packages/airflow/example_dags/tutorial.py
[2024-08-20T03:41:57.747+0000] {logging_mixin.py:190} INFO - [2024-08-20T03:41:57.747+0000] {dag.py:3211} INFO - Sync 1 DAGs
[2024-08-20T03:41:57.776+0000] {logging_mixin.py:190} INFO - [2024-08-20T03:41:57.776+0000] {dag.py:4138} INFO - Setting next_dagrun for tutorial to 2024-08-19 00:00:00+00:00, run_after=2024-08-20 00:00:00+00:00
[2024-08-20T03:41:57.801+0000] {processor.py:208} INFO - Processing /home/airflow/.local/lib/python3.12/site-packages/airflow/example_dags/tutorial.py took 0.097 seconds
