[2024-08-20T03:32:13.608+0000] {processor.py:186} INFO - Started process (PID=261) to work on /home/airflow/.local/lib/python3.12/site-packages/airflow/example_dags/tutorial_dag.py
[2024-08-20T03:32:13.609+0000] {processor.py:914} INFO - Processing file /home/airflow/.local/lib/python3.12/site-packages/airflow/example_dags/tutorial_dag.py for tasks to queue
[2024-08-20T03:32:13.612+0000] {logging_mixin.py:190} INFO - [2024-08-20T03:32:13.612+0000] {dagbag.py:587} INFO - Filling up the DagBag from /home/airflow/.local/lib/python3.12/site-packages/airflow/example_dags/tutorial_dag.py
[2024-08-20T03:32:13.621+0000] {processor.py:925} INFO - DAG(s) 'tutorial_dag' retrieved from /home/airflow/.local/lib/python3.12/site-packages/airflow/example_dags/tutorial_dag.py
[2024-08-20T03:32:13.755+0000] {logging_mixin.py:190} INFO - [2024-08-20T03:32:13.754+0000] {override.py:1858} INFO - Created Permission View: can read on DAG:tutorial_dag
[2024-08-20T03:32:13.772+0000] {logging_mixin.py:190} INFO - [2024-08-20T03:32:13.772+0000] {override.py:1858} INFO - Created Permission View: can delete on DAG:tutorial_dag
[2024-08-20T03:32:13.784+0000] {logging_mixin.py:190} INFO - [2024-08-20T03:32:13.783+0000] {override.py:1858} INFO - Created Permission View: can edit on DAG:tutorial_dag
[2024-08-20T03:32:13.784+0000] {logging_mixin.py:190} INFO - [2024-08-20T03:32:13.784+0000] {dag.py:3211} INFO - Sync 1 DAGs
[2024-08-20T03:32:13.798+0000] {logging_mixin.py:190} INFO - [2024-08-20T03:32:13.798+0000] {dag.py:3234} INFO - Creating ORM DAG for tutorial_dag
[2024-08-20T03:32:13.799+0000] {logging_mixin.py:190} INFO - [2024-08-20T03:32:13.799+0000] {dag.py:4138} INFO - Setting next_dagrun for tutorial_dag to None, run_after=None
[2024-08-20T03:32:13.819+0000] {processor.py:208} INFO - Processing /home/airflow/.local/lib/python3.12/site-packages/airflow/example_dags/tutorial_dag.py took 0.217 seconds
[2024-08-20T03:32:44.045+0000] {processor.py:186} INFO - Started process (PID=547) to work on /home/airflow/.local/lib/python3.12/site-packages/airflow/example_dags/tutorial_dag.py
[2024-08-20T03:32:44.046+0000] {processor.py:914} INFO - Processing file /home/airflow/.local/lib/python3.12/site-packages/airflow/example_dags/tutorial_dag.py for tasks to queue
[2024-08-20T03:32:44.049+0000] {logging_mixin.py:190} INFO - [2024-08-20T03:32:44.049+0000] {dagbag.py:587} INFO - Filling up the DagBag from /home/airflow/.local/lib/python3.12/site-packages/airflow/example_dags/tutorial_dag.py
[2024-08-20T03:32:44.058+0000] {processor.py:925} INFO - DAG(s) 'tutorial_dag' retrieved from /home/airflow/.local/lib/python3.12/site-packages/airflow/example_dags/tutorial_dag.py
[2024-08-20T03:32:44.079+0000] {logging_mixin.py:190} INFO - [2024-08-20T03:32:44.078+0000] {dag.py:3211} INFO - Sync 1 DAGs
[2024-08-20T03:32:44.094+0000] {logging_mixin.py:190} INFO - [2024-08-20T03:32:44.094+0000] {dag.py:4138} INFO - Setting next_dagrun for tutorial_dag to None, run_after=None
[2024-08-20T03:32:44.124+0000] {processor.py:208} INFO - Processing /home/airflow/.local/lib/python3.12/site-packages/airflow/example_dags/tutorial_dag.py took 0.085 seconds
[2024-08-20T03:33:14.503+0000] {processor.py:186} INFO - Started process (PID=833) to work on /home/airflow/.local/lib/python3.12/site-packages/airflow/example_dags/tutorial_dag.py
[2024-08-20T03:33:14.504+0000] {processor.py:914} INFO - Processing file /home/airflow/.local/lib/python3.12/site-packages/airflow/example_dags/tutorial_dag.py for tasks to queue
[2024-08-20T03:33:14.508+0000] {logging_mixin.py:190} INFO - [2024-08-20T03:33:14.507+0000] {dagbag.py:587} INFO - Filling up the DagBag from /home/airflow/.local/lib/python3.12/site-packages/airflow/example_dags/tutorial_dag.py
[2024-08-20T03:33:14.516+0000] {processor.py:925} INFO - DAG(s) 'tutorial_dag' retrieved from /home/airflow/.local/lib/python3.12/site-packages/airflow/example_dags/tutorial_dag.py
[2024-08-20T03:33:14.536+0000] {logging_mixin.py:190} INFO - [2024-08-20T03:33:14.536+0000] {dag.py:3211} INFO - Sync 1 DAGs
[2024-08-20T03:33:14.554+0000] {logging_mixin.py:190} INFO - [2024-08-20T03:33:14.554+0000] {dag.py:4138} INFO - Setting next_dagrun for tutorial_dag to None, run_after=None
[2024-08-20T03:33:14.585+0000] {processor.py:208} INFO - Processing /home/airflow/.local/lib/python3.12/site-packages/airflow/example_dags/tutorial_dag.py took 0.088 seconds
[2024-08-20T03:33:44.948+0000] {processor.py:186} INFO - Started process (PID=1119) to work on /home/airflow/.local/lib/python3.12/site-packages/airflow/example_dags/tutorial_dag.py
[2024-08-20T03:33:44.950+0000] {processor.py:914} INFO - Processing file /home/airflow/.local/lib/python3.12/site-packages/airflow/example_dags/tutorial_dag.py for tasks to queue
[2024-08-20T03:33:44.953+0000] {logging_mixin.py:190} INFO - [2024-08-20T03:33:44.953+0000] {dagbag.py:587} INFO - Filling up the DagBag from /home/airflow/.local/lib/python3.12/site-packages/airflow/example_dags/tutorial_dag.py
[2024-08-20T03:33:44.963+0000] {processor.py:925} INFO - DAG(s) 'tutorial_dag' retrieved from /home/airflow/.local/lib/python3.12/site-packages/airflow/example_dags/tutorial_dag.py
[2024-08-20T03:33:44.990+0000] {logging_mixin.py:190} INFO - [2024-08-20T03:33:44.990+0000] {dag.py:3211} INFO - Sync 1 DAGs
[2024-08-20T03:33:45.007+0000] {logging_mixin.py:190} INFO - [2024-08-20T03:33:45.006+0000] {dag.py:4138} INFO - Setting next_dagrun for tutorial_dag to None, run_after=None
[2024-08-20T03:33:45.033+0000] {processor.py:208} INFO - Processing /home/airflow/.local/lib/python3.12/site-packages/airflow/example_dags/tutorial_dag.py took 0.094 seconds
[2024-08-20T03:34:15.327+0000] {processor.py:186} INFO - Started process (PID=1405) to work on /home/airflow/.local/lib/python3.12/site-packages/airflow/example_dags/tutorial_dag.py
[2024-08-20T03:34:15.329+0000] {processor.py:914} INFO - Processing file /home/airflow/.local/lib/python3.12/site-packages/airflow/example_dags/tutorial_dag.py for tasks to queue
[2024-08-20T03:34:15.332+0000] {logging_mixin.py:190} INFO - [2024-08-20T03:34:15.332+0000] {dagbag.py:587} INFO - Filling up the DagBag from /home/airflow/.local/lib/python3.12/site-packages/airflow/example_dags/tutorial_dag.py
[2024-08-20T03:34:15.340+0000] {processor.py:925} INFO - DAG(s) 'tutorial_dag' retrieved from /home/airflow/.local/lib/python3.12/site-packages/airflow/example_dags/tutorial_dag.py
[2024-08-20T03:34:15.361+0000] {logging_mixin.py:190} INFO - [2024-08-20T03:34:15.361+0000] {dag.py:3211} INFO - Sync 1 DAGs
[2024-08-20T03:34:15.382+0000] {logging_mixin.py:190} INFO - [2024-08-20T03:34:15.382+0000] {dag.py:4138} INFO - Setting next_dagrun for tutorial_dag to None, run_after=None
[2024-08-20T03:34:15.409+0000] {processor.py:208} INFO - Processing /home/airflow/.local/lib/python3.12/site-packages/airflow/example_dags/tutorial_dag.py took 0.089 seconds
[2024-08-20T03:34:45.950+0000] {processor.py:186} INFO - Started process (PID=1691) to work on /home/airflow/.local/lib/python3.12/site-packages/airflow/example_dags/tutorial_dag.py
[2024-08-20T03:34:45.952+0000] {processor.py:914} INFO - Processing file /home/airflow/.local/lib/python3.12/site-packages/airflow/example_dags/tutorial_dag.py for tasks to queue
[2024-08-20T03:34:45.955+0000] {logging_mixin.py:190} INFO - [2024-08-20T03:34:45.954+0000] {dagbag.py:587} INFO - Filling up the DagBag from /home/airflow/.local/lib/python3.12/site-packages/airflow/example_dags/tutorial_dag.py
[2024-08-20T03:34:45.965+0000] {processor.py:925} INFO - DAG(s) 'tutorial_dag' retrieved from /home/airflow/.local/lib/python3.12/site-packages/airflow/example_dags/tutorial_dag.py
[2024-08-20T03:34:45.996+0000] {logging_mixin.py:190} INFO - [2024-08-20T03:34:45.996+0000] {dag.py:3211} INFO - Sync 1 DAGs
[2024-08-20T03:34:46.018+0000] {logging_mixin.py:190} INFO - [2024-08-20T03:34:46.018+0000] {dag.py:4138} INFO - Setting next_dagrun for tutorial_dag to None, run_after=None
[2024-08-20T03:34:46.041+0000] {processor.py:208} INFO - Processing /home/airflow/.local/lib/python3.12/site-packages/airflow/example_dags/tutorial_dag.py took 0.098 seconds
[2024-08-20T03:35:16.542+0000] {processor.py:186} INFO - Started process (PID=1972) to work on /home/airflow/.local/lib/python3.12/site-packages/airflow/example_dags/tutorial_dag.py
[2024-08-20T03:35:16.543+0000] {processor.py:914} INFO - Processing file /home/airflow/.local/lib/python3.12/site-packages/airflow/example_dags/tutorial_dag.py for tasks to queue
[2024-08-20T03:35:16.547+0000] {logging_mixin.py:190} INFO - [2024-08-20T03:35:16.547+0000] {dagbag.py:587} INFO - Filling up the DagBag from /home/airflow/.local/lib/python3.12/site-packages/airflow/example_dags/tutorial_dag.py
[2024-08-20T03:35:16.558+0000] {processor.py:925} INFO - DAG(s) 'tutorial_dag' retrieved from /home/airflow/.local/lib/python3.12/site-packages/airflow/example_dags/tutorial_dag.py
[2024-08-20T03:35:16.582+0000] {logging_mixin.py:190} INFO - [2024-08-20T03:35:16.581+0000] {dag.py:3211} INFO - Sync 1 DAGs
[2024-08-20T03:35:16.600+0000] {logging_mixin.py:190} INFO - [2024-08-20T03:35:16.600+0000] {dag.py:4138} INFO - Setting next_dagrun for tutorial_dag to None, run_after=None
[2024-08-20T03:35:16.627+0000] {processor.py:208} INFO - Processing /home/airflow/.local/lib/python3.12/site-packages/airflow/example_dags/tutorial_dag.py took 0.091 seconds
[2024-08-20T03:35:47.086+0000] {processor.py:186} INFO - Started process (PID=2263) to work on /home/airflow/.local/lib/python3.12/site-packages/airflow/example_dags/tutorial_dag.py
[2024-08-20T03:35:47.087+0000] {processor.py:914} INFO - Processing file /home/airflow/.local/lib/python3.12/site-packages/airflow/example_dags/tutorial_dag.py for tasks to queue
[2024-08-20T03:35:47.090+0000] {logging_mixin.py:190} INFO - [2024-08-20T03:35:47.090+0000] {dagbag.py:587} INFO - Filling up the DagBag from /home/airflow/.local/lib/python3.12/site-packages/airflow/example_dags/tutorial_dag.py
[2024-08-20T03:35:47.101+0000] {processor.py:925} INFO - DAG(s) 'tutorial_dag' retrieved from /home/airflow/.local/lib/python3.12/site-packages/airflow/example_dags/tutorial_dag.py
[2024-08-20T03:35:47.122+0000] {logging_mixin.py:190} INFO - [2024-08-20T03:35:47.122+0000] {dag.py:3211} INFO - Sync 1 DAGs
[2024-08-20T03:35:47.137+0000] {logging_mixin.py:190} INFO - [2024-08-20T03:35:47.137+0000] {dag.py:4138} INFO - Setting next_dagrun for tutorial_dag to None, run_after=None
[2024-08-20T03:35:47.165+0000] {processor.py:208} INFO - Processing /home/airflow/.local/lib/python3.12/site-packages/airflow/example_dags/tutorial_dag.py took 0.088 seconds
[2024-08-20T03:36:17.671+0000] {processor.py:186} INFO - Started process (PID=2549) to work on /home/airflow/.local/lib/python3.12/site-packages/airflow/example_dags/tutorial_dag.py
[2024-08-20T03:36:17.672+0000] {processor.py:914} INFO - Processing file /home/airflow/.local/lib/python3.12/site-packages/airflow/example_dags/tutorial_dag.py for tasks to queue
[2024-08-20T03:36:17.675+0000] {logging_mixin.py:190} INFO - [2024-08-20T03:36:17.675+0000] {dagbag.py:587} INFO - Filling up the DagBag from /home/airflow/.local/lib/python3.12/site-packages/airflow/example_dags/tutorial_dag.py
[2024-08-20T03:36:17.684+0000] {processor.py:925} INFO - DAG(s) 'tutorial_dag' retrieved from /home/airflow/.local/lib/python3.12/site-packages/airflow/example_dags/tutorial_dag.py
[2024-08-20T03:36:17.707+0000] {logging_mixin.py:190} INFO - [2024-08-20T03:36:17.707+0000] {dag.py:3211} INFO - Sync 1 DAGs
[2024-08-20T03:36:17.725+0000] {logging_mixin.py:190} INFO - [2024-08-20T03:36:17.725+0000] {dag.py:4138} INFO - Setting next_dagrun for tutorial_dag to None, run_after=None
[2024-08-20T03:36:17.753+0000] {processor.py:208} INFO - Processing /home/airflow/.local/lib/python3.12/site-packages/airflow/example_dags/tutorial_dag.py took 0.090 seconds
[2024-08-20T03:36:48.029+0000] {processor.py:186} INFO - Started process (PID=2830) to work on /home/airflow/.local/lib/python3.12/site-packages/airflow/example_dags/tutorial_dag.py
[2024-08-20T03:36:48.030+0000] {processor.py:914} INFO - Processing file /home/airflow/.local/lib/python3.12/site-packages/airflow/example_dags/tutorial_dag.py for tasks to queue
[2024-08-20T03:36:48.033+0000] {logging_mixin.py:190} INFO - [2024-08-20T03:36:48.033+0000] {dagbag.py:587} INFO - Filling up the DagBag from /home/airflow/.local/lib/python3.12/site-packages/airflow/example_dags/tutorial_dag.py
[2024-08-20T03:36:48.043+0000] {processor.py:925} INFO - DAG(s) 'tutorial_dag' retrieved from /home/airflow/.local/lib/python3.12/site-packages/airflow/example_dags/tutorial_dag.py
[2024-08-20T03:36:48.064+0000] {logging_mixin.py:190} INFO - [2024-08-20T03:36:48.064+0000] {dag.py:3211} INFO - Sync 1 DAGs
[2024-08-20T03:36:48.081+0000] {logging_mixin.py:190} INFO - [2024-08-20T03:36:48.080+0000] {dag.py:4138} INFO - Setting next_dagrun for tutorial_dag to None, run_after=None
[2024-08-20T03:36:48.104+0000] {processor.py:208} INFO - Processing /home/airflow/.local/lib/python3.12/site-packages/airflow/example_dags/tutorial_dag.py took 0.081 seconds
[2024-08-20T03:37:18.504+0000] {processor.py:186} INFO - Started process (PID=3118) to work on /home/airflow/.local/lib/python3.12/site-packages/airflow/example_dags/tutorial_dag.py
[2024-08-20T03:37:18.505+0000] {processor.py:914} INFO - Processing file /home/airflow/.local/lib/python3.12/site-packages/airflow/example_dags/tutorial_dag.py for tasks to queue
[2024-08-20T03:37:18.509+0000] {logging_mixin.py:190} INFO - [2024-08-20T03:37:18.508+0000] {dagbag.py:587} INFO - Filling up the DagBag from /home/airflow/.local/lib/python3.12/site-packages/airflow/example_dags/tutorial_dag.py
[2024-08-20T03:37:18.518+0000] {processor.py:925} INFO - DAG(s) 'tutorial_dag' retrieved from /home/airflow/.local/lib/python3.12/site-packages/airflow/example_dags/tutorial_dag.py
[2024-08-20T03:37:18.545+0000] {logging_mixin.py:190} INFO - [2024-08-20T03:37:18.544+0000] {dag.py:3211} INFO - Sync 1 DAGs
[2024-08-20T03:37:18.563+0000] {logging_mixin.py:190} INFO - [2024-08-20T03:37:18.563+0000] {dag.py:4138} INFO - Setting next_dagrun for tutorial_dag to None, run_after=None
[2024-08-20T03:37:18.593+0000] {processor.py:208} INFO - Processing /home/airflow/.local/lib/python3.12/site-packages/airflow/example_dags/tutorial_dag.py took 0.097 seconds
[2024-08-20T03:37:48.640+0000] {processor.py:186} INFO - Started process (PID=3402) to work on /home/airflow/.local/lib/python3.12/site-packages/airflow/example_dags/tutorial_dag.py
[2024-08-20T03:37:48.641+0000] {processor.py:914} INFO - Processing file /home/airflow/.local/lib/python3.12/site-packages/airflow/example_dags/tutorial_dag.py for tasks to queue
[2024-08-20T03:37:48.644+0000] {logging_mixin.py:190} INFO - [2024-08-20T03:37:48.644+0000] {dagbag.py:587} INFO - Filling up the DagBag from /home/airflow/.local/lib/python3.12/site-packages/airflow/example_dags/tutorial_dag.py
[2024-08-20T03:37:48.653+0000] {processor.py:925} INFO - DAG(s) 'tutorial_dag' retrieved from /home/airflow/.local/lib/python3.12/site-packages/airflow/example_dags/tutorial_dag.py
[2024-08-20T03:37:48.680+0000] {logging_mixin.py:190} INFO - [2024-08-20T03:37:48.679+0000] {dag.py:3211} INFO - Sync 1 DAGs
[2024-08-20T03:37:48.698+0000] {logging_mixin.py:190} INFO - [2024-08-20T03:37:48.698+0000] {dag.py:4138} INFO - Setting next_dagrun for tutorial_dag to None, run_after=None
[2024-08-20T03:37:48.721+0000] {processor.py:208} INFO - Processing /home/airflow/.local/lib/python3.12/site-packages/airflow/example_dags/tutorial_dag.py took 0.088 seconds
[2024-08-20T03:38:19.383+0000] {processor.py:186} INFO - Started process (PID=3688) to work on /home/airflow/.local/lib/python3.12/site-packages/airflow/example_dags/tutorial_dag.py
[2024-08-20T03:38:19.384+0000] {processor.py:914} INFO - Processing file /home/airflow/.local/lib/python3.12/site-packages/airflow/example_dags/tutorial_dag.py for tasks to queue
[2024-08-20T03:38:19.387+0000] {logging_mixin.py:190} INFO - [2024-08-20T03:38:19.387+0000] {dagbag.py:587} INFO - Filling up the DagBag from /home/airflow/.local/lib/python3.12/site-packages/airflow/example_dags/tutorial_dag.py
[2024-08-20T03:38:19.395+0000] {processor.py:925} INFO - DAG(s) 'tutorial_dag' retrieved from /home/airflow/.local/lib/python3.12/site-packages/airflow/example_dags/tutorial_dag.py
[2024-08-20T03:38:19.421+0000] {logging_mixin.py:190} INFO - [2024-08-20T03:38:19.420+0000] {dag.py:3211} INFO - Sync 1 DAGs
[2024-08-20T03:38:19.439+0000] {logging_mixin.py:190} INFO - [2024-08-20T03:38:19.439+0000] {dag.py:4138} INFO - Setting next_dagrun for tutorial_dag to None, run_after=None
[2024-08-20T03:38:19.464+0000] {processor.py:208} INFO - Processing /home/airflow/.local/lib/python3.12/site-packages/airflow/example_dags/tutorial_dag.py took 0.086 seconds
[2024-08-20T03:38:49.708+0000] {processor.py:186} INFO - Started process (PID=3976) to work on /home/airflow/.local/lib/python3.12/site-packages/airflow/example_dags/tutorial_dag.py
[2024-08-20T03:38:49.709+0000] {processor.py:914} INFO - Processing file /home/airflow/.local/lib/python3.12/site-packages/airflow/example_dags/tutorial_dag.py for tasks to queue
[2024-08-20T03:38:49.712+0000] {logging_mixin.py:190} INFO - [2024-08-20T03:38:49.711+0000] {dagbag.py:587} INFO - Filling up the DagBag from /home/airflow/.local/lib/python3.12/site-packages/airflow/example_dags/tutorial_dag.py
[2024-08-20T03:38:49.720+0000] {processor.py:925} INFO - DAG(s) 'tutorial_dag' retrieved from /home/airflow/.local/lib/python3.12/site-packages/airflow/example_dags/tutorial_dag.py
[2024-08-20T03:38:49.741+0000] {logging_mixin.py:190} INFO - [2024-08-20T03:38:49.741+0000] {dag.py:3211} INFO - Sync 1 DAGs
[2024-08-20T03:38:49.758+0000] {logging_mixin.py:190} INFO - [2024-08-20T03:38:49.758+0000] {dag.py:4138} INFO - Setting next_dagrun for tutorial_dag to None, run_after=None
[2024-08-20T03:38:49.796+0000] {processor.py:208} INFO - Processing /home/airflow/.local/lib/python3.12/site-packages/airflow/example_dags/tutorial_dag.py took 0.095 seconds
[2024-08-20T03:39:19.979+0000] {processor.py:186} INFO - Started process (PID=4260) to work on /home/airflow/.local/lib/python3.12/site-packages/airflow/example_dags/tutorial_dag.py
[2024-08-20T03:39:19.980+0000] {processor.py:914} INFO - Processing file /home/airflow/.local/lib/python3.12/site-packages/airflow/example_dags/tutorial_dag.py for tasks to queue
[2024-08-20T03:39:19.983+0000] {logging_mixin.py:190} INFO - [2024-08-20T03:39:19.983+0000] {dagbag.py:587} INFO - Filling up the DagBag from /home/airflow/.local/lib/python3.12/site-packages/airflow/example_dags/tutorial_dag.py
[2024-08-20T03:39:19.992+0000] {processor.py:925} INFO - DAG(s) 'tutorial_dag' retrieved from /home/airflow/.local/lib/python3.12/site-packages/airflow/example_dags/tutorial_dag.py
[2024-08-20T03:39:20.017+0000] {logging_mixin.py:190} INFO - [2024-08-20T03:39:20.017+0000] {dag.py:3211} INFO - Sync 1 DAGs
[2024-08-20T03:39:20.034+0000] {logging_mixin.py:190} INFO - [2024-08-20T03:39:20.033+0000] {dag.py:4138} INFO - Setting next_dagrun for tutorial_dag to None, run_after=None
[2024-08-20T03:39:20.058+0000] {processor.py:208} INFO - Processing /home/airflow/.local/lib/python3.12/site-packages/airflow/example_dags/tutorial_dag.py took 0.087 seconds
[2024-08-20T03:39:50.362+0000] {processor.py:186} INFO - Started process (PID=4546) to work on /home/airflow/.local/lib/python3.12/site-packages/airflow/example_dags/tutorial_dag.py
[2024-08-20T03:39:50.364+0000] {processor.py:914} INFO - Processing file /home/airflow/.local/lib/python3.12/site-packages/airflow/example_dags/tutorial_dag.py for tasks to queue
[2024-08-20T03:39:50.367+0000] {logging_mixin.py:190} INFO - [2024-08-20T03:39:50.366+0000] {dagbag.py:587} INFO - Filling up the DagBag from /home/airflow/.local/lib/python3.12/site-packages/airflow/example_dags/tutorial_dag.py
[2024-08-20T03:39:50.378+0000] {processor.py:925} INFO - DAG(s) 'tutorial_dag' retrieved from /home/airflow/.local/lib/python3.12/site-packages/airflow/example_dags/tutorial_dag.py
[2024-08-20T03:39:50.402+0000] {logging_mixin.py:190} INFO - [2024-08-20T03:39:50.402+0000] {dag.py:3211} INFO - Sync 1 DAGs
[2024-08-20T03:39:50.424+0000] {logging_mixin.py:190} INFO - [2024-08-20T03:39:50.424+0000] {dag.py:4138} INFO - Setting next_dagrun for tutorial_dag to None, run_after=None
[2024-08-20T03:39:50.452+0000] {processor.py:208} INFO - Processing /home/airflow/.local/lib/python3.12/site-packages/airflow/example_dags/tutorial_dag.py took 0.096 seconds
[2024-08-20T03:40:20.598+0000] {processor.py:186} INFO - Started process (PID=4832) to work on /home/airflow/.local/lib/python3.12/site-packages/airflow/example_dags/tutorial_dag.py
[2024-08-20T03:40:20.599+0000] {processor.py:914} INFO - Processing file /home/airflow/.local/lib/python3.12/site-packages/airflow/example_dags/tutorial_dag.py for tasks to queue
[2024-08-20T03:40:20.602+0000] {logging_mixin.py:190} INFO - [2024-08-20T03:40:20.601+0000] {dagbag.py:587} INFO - Filling up the DagBag from /home/airflow/.local/lib/python3.12/site-packages/airflow/example_dags/tutorial_dag.py
[2024-08-20T03:40:20.610+0000] {processor.py:925} INFO - DAG(s) 'tutorial_dag' retrieved from /home/airflow/.local/lib/python3.12/site-packages/airflow/example_dags/tutorial_dag.py
[2024-08-20T03:40:20.630+0000] {logging_mixin.py:190} INFO - [2024-08-20T03:40:20.630+0000] {dag.py:3211} INFO - Sync 1 DAGs
[2024-08-20T03:40:20.649+0000] {logging_mixin.py:190} INFO - [2024-08-20T03:40:20.649+0000] {dag.py:4138} INFO - Setting next_dagrun for tutorial_dag to None, run_after=None
[2024-08-20T03:40:20.676+0000] {processor.py:208} INFO - Processing /home/airflow/.local/lib/python3.12/site-packages/airflow/example_dags/tutorial_dag.py took 0.085 seconds
[2024-08-20T03:40:51.004+0000] {processor.py:186} INFO - Started process (PID=5120) to work on /home/airflow/.local/lib/python3.12/site-packages/airflow/example_dags/tutorial_dag.py
[2024-08-20T03:40:51.005+0000] {processor.py:914} INFO - Processing file /home/airflow/.local/lib/python3.12/site-packages/airflow/example_dags/tutorial_dag.py for tasks to queue
[2024-08-20T03:40:51.008+0000] {logging_mixin.py:190} INFO - [2024-08-20T03:40:51.008+0000] {dagbag.py:587} INFO - Filling up the DagBag from /home/airflow/.local/lib/python3.12/site-packages/airflow/example_dags/tutorial_dag.py
[2024-08-20T03:40:51.016+0000] {processor.py:925} INFO - DAG(s) 'tutorial_dag' retrieved from /home/airflow/.local/lib/python3.12/site-packages/airflow/example_dags/tutorial_dag.py
[2024-08-20T03:40:51.036+0000] {logging_mixin.py:190} INFO - [2024-08-20T03:40:51.036+0000] {dag.py:3211} INFO - Sync 1 DAGs
[2024-08-20T03:40:51.052+0000] {logging_mixin.py:190} INFO - [2024-08-20T03:40:51.051+0000] {dag.py:4138} INFO - Setting next_dagrun for tutorial_dag to None, run_after=None
[2024-08-20T03:40:51.074+0000] {processor.py:208} INFO - Processing /home/airflow/.local/lib/python3.12/site-packages/airflow/example_dags/tutorial_dag.py took 0.076 seconds
[2024-08-20T03:41:21.542+0000] {processor.py:186} INFO - Started process (PID=5404) to work on /home/airflow/.local/lib/python3.12/site-packages/airflow/example_dags/tutorial_dag.py
[2024-08-20T03:41:21.543+0000] {processor.py:914} INFO - Processing file /home/airflow/.local/lib/python3.12/site-packages/airflow/example_dags/tutorial_dag.py for tasks to queue
[2024-08-20T03:41:21.545+0000] {logging_mixin.py:190} INFO - [2024-08-20T03:41:21.545+0000] {dagbag.py:587} INFO - Filling up the DagBag from /home/airflow/.local/lib/python3.12/site-packages/airflow/example_dags/tutorial_dag.py
[2024-08-20T03:41:21.553+0000] {processor.py:925} INFO - DAG(s) 'tutorial_dag' retrieved from /home/airflow/.local/lib/python3.12/site-packages/airflow/example_dags/tutorial_dag.py
[2024-08-20T03:41:21.575+0000] {logging_mixin.py:190} INFO - [2024-08-20T03:41:21.574+0000] {dag.py:3211} INFO - Sync 1 DAGs
[2024-08-20T03:41:21.593+0000] {logging_mixin.py:190} INFO - [2024-08-20T03:41:21.593+0000] {dag.py:4138} INFO - Setting next_dagrun for tutorial_dag to None, run_after=None
[2024-08-20T03:41:21.618+0000] {processor.py:208} INFO - Processing /home/airflow/.local/lib/python3.12/site-packages/airflow/example_dags/tutorial_dag.py took 0.084 seconds
[2024-08-20T03:41:51.909+0000] {processor.py:186} INFO - Started process (PID=5692) to work on /home/airflow/.local/lib/python3.12/site-packages/airflow/example_dags/tutorial_dag.py
[2024-08-20T03:41:51.910+0000] {processor.py:914} INFO - Processing file /home/airflow/.local/lib/python3.12/site-packages/airflow/example_dags/tutorial_dag.py for tasks to queue
[2024-08-20T03:41:51.913+0000] {logging_mixin.py:190} INFO - [2024-08-20T03:41:51.913+0000] {dagbag.py:587} INFO - Filling up the DagBag from /home/airflow/.local/lib/python3.12/site-packages/airflow/example_dags/tutorial_dag.py
[2024-08-20T03:41:51.921+0000] {processor.py:925} INFO - DAG(s) 'tutorial_dag' retrieved from /home/airflow/.local/lib/python3.12/site-packages/airflow/example_dags/tutorial_dag.py
[2024-08-20T03:41:51.942+0000] {logging_mixin.py:190} INFO - [2024-08-20T03:41:51.941+0000] {dag.py:3211} INFO - Sync 1 DAGs
[2024-08-20T03:41:51.957+0000] {logging_mixin.py:190} INFO - [2024-08-20T03:41:51.956+0000] {dag.py:4138} INFO - Setting next_dagrun for tutorial_dag to None, run_after=None
[2024-08-20T03:41:51.979+0000] {processor.py:208} INFO - Processing /home/airflow/.local/lib/python3.12/site-packages/airflow/example_dags/tutorial_dag.py took 0.076 seconds
