[0m13:08:35.846179 [debug] [MainThread]: Sending event: {'category': 'dbt', 'action': 'invocation', 'label': 'start', 'context': [<snowplow_tracker.self_describing_json.SelfDescribingJson object at 0x750906422080>, <snowplow_tracker.self_describing_json.SelfDescribingJson object at 0x750906788910>, <snowplow_tracker.self_describing_json.SelfDescribingJson object at 0x7509067888b0>]}


============================== 13:08:35.854569 | bedfcea2-adc2-48ff-b095-48389bcc1b2e ==============================
[0m13:08:35.854569 [info ] [MainThread]: Running with dbt=1.8.5
[0m13:08:35.858338 [debug] [MainThread]: running dbt with arguments {'printer_width': '80', 'indirect_selection': 'eager', 'write_json': 'True', 'log_cache_events': 'False', 'partial_parse': 'True', 'cache_selected_only': 'False', 'warn_error': 'None', 'fail_fast': 'False', 'profiles_dir': '/home/miftahurasidqi/.dbt', 'log_path': 'logs', 'debug': 'False', 'version_check': 'True', 'use_colors': 'True', 'use_experimental_parser': 'False', 'no_print': 'None', 'quiet': 'False', 'empty': 'None', 'log_format': 'default', 'introspect': 'True', 'warn_error_options': 'WarnErrorOptions(include=[], exclude=[])', 'static_parser': 'True', 'target_path': 'None', 'invocation_command': 'dbt init dbt-transformation', 'send_anonymous_usage_stats': 'True'}
[0m13:08:47.564527 [debug] [MainThread]: Starter project path: /home/miftahurasidqi/my_workspace/Data_engineer/DE_Alta_4/Capstone/.venv/lib/python3.10/site-packages/dbt/include/starter_project
[0m13:08:47.569150 [info ] [MainThread]: 
Your new dbt project "capstone" was created!

For more information on how to configure the profiles.yml file,
please consult the dbt documentation here:

  https://docs.getdbt.com/docs/configure-your-profile

One more thing:

Need help? Don't hesitate to reach out to us via GitHub issues or on Slack:

  https://community.getdbt.com/

Happy modeling!

[0m13:08:47.570265 [info ] [MainThread]: Setting up your profile.
[0m13:09:26.340275 [error] [MainThread]: Encountered an error:

[0m13:09:26.342251 [error] [MainThread]: Traceback (most recent call last):
  File "/home/miftahurasidqi/my_workspace/Data_engineer/DE_Alta_4/Capstone/.venv/lib/python3.10/site-packages/dbt/cli/requires.py", line 138, in wrapper
    result, success = func(*args, **kwargs)
  File "/home/miftahurasidqi/my_workspace/Data_engineer/DE_Alta_4/Capstone/.venv/lib/python3.10/site-packages/dbt/cli/requires.py", line 101, in wrapper
    return func(*args, **kwargs)
  File "/home/miftahurasidqi/my_workspace/Data_engineer/DE_Alta_4/Capstone/.venv/lib/python3.10/site-packages/dbt/cli/main.py", line 470, in init
    results = task.run()
  File "/home/miftahurasidqi/my_workspace/Data_engineer/DE_Alta_4/Capstone/.venv/lib/python3.10/site-packages/dbt/task/init.py", line 347, in run
    self.setup_profile(profile_name)
  File "/home/miftahurasidqi/my_workspace/Data_engineer/DE_Alta_4/Capstone/.venv/lib/python3.10/site-packages/dbt/task/init.py", line 263, in setup_profile
    self.create_profile_from_target(adapter, profile_name=profile_name)
  File "/home/miftahurasidqi/my_workspace/Data_engineer/DE_Alta_4/Capstone/.venv/lib/python3.10/site-packages/dbt/task/init.py", line 180, in create_profile_from_target
    self.create_profile_from_profile_template(profile_template, profile_name)
  File "/home/miftahurasidqi/my_workspace/Data_engineer/DE_Alta_4/Capstone/.venv/lib/python3.10/site-packages/dbt/task/init.py", line 164, in create_profile_from_profile_template
    target = self.generate_target_from_input(prompts, initial_target)
  File "/home/miftahurasidqi/my_workspace/Data_engineer/DE_Alta_4/Capstone/.venv/lib/python3.10/site-packages/dbt/task/init.py", line 114, in generate_target_from_input
    numeric_choice = click.prompt(prompt_msg, type=click.INT)
  File "/home/miftahurasidqi/my_workspace/Data_engineer/DE_Alta_4/Capstone/.venv/lib/python3.10/site-packages/click/termui.py", line 164, in prompt
    value = prompt_func(prompt)
  File "/home/miftahurasidqi/my_workspace/Data_engineer/DE_Alta_4/Capstone/.venv/lib/python3.10/site-packages/click/termui.py", line 147, in prompt_func
    raise Abort() from None
click.exceptions.Abort

[0m13:09:26.344812 [debug] [MainThread]: Resource report: {"command_name": "init", "command_wall_clock_time": 50.61267, "process_user_time": 3.776197, "process_kernel_time": 0.195649, "process_mem_max_rss": "190548", "process_in_blocks": "1200", "process_out_blocks": "88", "command_success": false}
[0m13:09:26.345798 [debug] [MainThread]: Command `dbt init` failed at 13:09:26.345580 after 50.61 seconds
[0m13:09:26.346723 [debug] [MainThread]: Sending event: {'category': 'dbt', 'action': 'invocation', 'label': 'end', 'context': [<snowplow_tracker.self_describing_json.SelfDescribingJson object at 0x750906422080>, <snowplow_tracker.self_describing_json.SelfDescribingJson object at 0x7508e287e140>, <snowplow_tracker.self_describing_json.SelfDescribingJson object at 0x7508e287e080>]}
[0m13:09:26.347789 [debug] [MainThread]: Flushing usage events
[0m13:10:58.443375 [debug] [MainThread]: Sending event: {'category': 'dbt', 'action': 'invocation', 'label': 'start', 'context': [<snowplow_tracker.self_describing_json.SelfDescribingJson object at 0x7a26e11ce080>, <snowplow_tracker.self_describing_json.SelfDescribingJson object at 0x7a26e1534910>, <snowplow_tracker.self_describing_json.SelfDescribingJson object at 0x7a26e15348b0>]}


============================== 13:10:58.449257 | 890cfd15-fe05-441f-a402-c6c98dab1863 ==============================
[0m13:10:58.449257 [info ] [MainThread]: Running with dbt=1.8.5
[0m13:10:58.450721 [debug] [MainThread]: running dbt with arguments {'printer_width': '80', 'indirect_selection': 'eager', 'log_cache_events': 'False', 'write_json': 'True', 'partial_parse': 'True', 'cache_selected_only': 'False', 'profiles_dir': '/home/miftahurasidqi/.dbt', 'version_check': 'True', 'debug': 'False', 'log_path': 'logs', 'fail_fast': 'False', 'warn_error': 'None', 'use_colors': 'True', 'use_experimental_parser': 'False', 'no_print': 'None', 'quiet': 'False', 'empty': 'None', 'log_format': 'default', 'introspect': 'True', 'static_parser': 'True', 'warn_error_options': 'WarnErrorOptions(include=[], exclude=[])', 'target_path': 'None', 'invocation_command': 'dbt init dbt-transformation', 'send_anonymous_usage_stats': 'True'}
[0m13:11:12.044658 [info ] [MainThread]: A project called capstone already exists here.
[0m13:11:12.046532 [debug] [MainThread]: Resource report: {"command_name": "init", "command_success": true, "command_wall_clock_time": 13.693008, "process_user_time": 2.080043, "process_kernel_time": 0.093956, "process_mem_max_rss": "85672", "process_out_blocks": "16", "process_in_blocks": "0"}
[0m13:11:12.047965 [debug] [MainThread]: Command `dbt init` succeeded at 13:11:12.047701 after 13.69 seconds
[0m13:11:12.049224 [debug] [MainThread]: Sending event: {'category': 'dbt', 'action': 'invocation', 'label': 'end', 'context': [<snowplow_tracker.self_describing_json.SelfDescribingJson object at 0x7a26e11ce080>, <snowplow_tracker.self_describing_json.SelfDescribingJson object at 0x7a26e1535d20>, <snowplow_tracker.self_describing_json.SelfDescribingJson object at 0x7a26e1534c40>]}
[0m13:11:12.050311 [debug] [MainThread]: Flushing usage events
[0m13:12:00.892242 [debug] [MainThread]: Sending event: {'category': 'dbt', 'action': 'invocation', 'label': 'start', 'context': [<snowplow_tracker.self_describing_json.SelfDescribingJson object at 0x7a77cd6ce140>, <snowplow_tracker.self_describing_json.SelfDescribingJson object at 0x7a77cda0cfa0>, <snowplow_tracker.self_describing_json.SelfDescribingJson object at 0x7a77cda0cf40>]}


============================== 13:12:00.898474 | bc6e6a64-dbb6-49b5-ae91-2ad17ae310e4 ==============================
[0m13:12:00.898474 [info ] [MainThread]: Running with dbt=1.8.5
[0m13:12:00.900215 [debug] [MainThread]: running dbt with arguments {'printer_width': '80', 'indirect_selection': 'eager', 'write_json': 'True', 'log_cache_events': 'False', 'partial_parse': 'True', 'cache_selected_only': 'False', 'profiles_dir': '/home/miftahurasidqi/.dbt', 'debug': 'False', 'warn_error': 'None', 'log_path': 'logs', 'fail_fast': 'False', 'version_check': 'True', 'use_colors': 'True', 'use_experimental_parser': 'False', 'empty': 'None', 'quiet': 'False', 'no_print': 'None', 'log_format': 'default', 'invocation_command': 'dbt init dbt-transformation', 'introspect': 'True', 'static_parser': 'True', 'target_path': 'None', 'warn_error_options': 'WarnErrorOptions(include=[], exclude=[])', 'send_anonymous_usage_stats': 'True'}
[0m13:12:10.231693 [debug] [MainThread]: Starter project path: /home/miftahurasidqi/my_workspace/Data_engineer/DE_Alta_4/Capstone/.venv/lib/python3.10/site-packages/dbt/include/starter_project
[0m13:12:10.235593 [info ] [MainThread]: 
Your new dbt project "capstone_2" was created!

For more information on how to configure the profiles.yml file,
please consult the dbt documentation here:

  https://docs.getdbt.com/docs/configure-your-profile

One more thing:

Need help? Don't hesitate to reach out to us via GitHub issues or on Slack:

  https://community.getdbt.com/

Happy modeling!

[0m13:12:10.236461 [info ] [MainThread]: Setting up your profile.
[0m13:13:28.016396 [info ] [MainThread]: Profile capstone_2 written to /home/miftahurasidqi/.dbt/profiles.yml using target's profile_template.yml and your supplied values. Run 'dbt debug' to validate the connection.
[0m13:13:28.018541 [debug] [MainThread]: Resource report: {"command_name": "init", "command_success": true, "command_wall_clock_time": 87.22551, "process_user_time": 3.270264, "process_kernel_time": 0.169909, "process_mem_max_rss": "190700", "process_out_blocks": "88", "process_in_blocks": "0"}
[0m13:13:28.020503 [debug] [MainThread]: Command `dbt init` succeeded at 13:13:28.019901 after 87.23 seconds
[0m13:13:28.021637 [debug] [MainThread]: Sending event: {'category': 'dbt', 'action': 'invocation', 'label': 'end', 'context': [<snowplow_tracker.self_describing_json.SelfDescribingJson object at 0x7a77cd6ce140>, <snowplow_tracker.self_describing_json.SelfDescribingJson object at 0x7a77cbeb0fd0>, <snowplow_tracker.self_describing_json.SelfDescribingJson object at 0x7a77cda0d2a0>]}
[0m13:13:28.022823 [debug] [MainThread]: Flushing usage events
[0m13:20:40.124350 [debug] [MainThread]: Sending event: {'category': 'dbt', 'action': 'invocation', 'label': 'start', 'context': [<snowplow_tracker.self_describing_json.SelfDescribingJson object at 0x781108c8e1a0>, <snowplow_tracker.self_describing_json.SelfDescribingJson object at 0x781108ff68f0>, <snowplow_tracker.self_describing_json.SelfDescribingJson object at 0x781108ff6890>]}


============================== 13:20:40.127563 | 38f92fbc-af71-417b-9f56-e296c34e0e9f ==============================
[0m13:20:40.127563 [info ] [MainThread]: Running with dbt=1.8.5
[0m13:20:40.128550 [debug] [MainThread]: running dbt with arguments {'printer_width': '80', 'indirect_selection': 'eager', 'write_json': 'True', 'log_cache_events': 'False', 'partial_parse': 'True', 'cache_selected_only': 'False', 'profiles_dir': '/home/miftahurasidqi/.dbt', 'version_check': 'True', 'fail_fast': 'False', 'log_path': 'logs', 'debug': 'False', 'warn_error': 'None', 'use_colors': 'True', 'use_experimental_parser': 'False', 'no_print': 'None', 'quiet': 'False', 'empty': 'None', 'warn_error_options': 'WarnErrorOptions(include=[], exclude=[])', 'static_parser': 'True', 'log_format': 'default', 'invocation_command': 'dbt init dbt-transform', 'target_path': 'None', 'introspect': 'True', 'send_anonymous_usage_stats': 'True'}
[0m13:22:48.407089 [debug] [MainThread]: Starter project path: /home/miftahurasidqi/my_workspace/Data_engineer/DE_Alta_4/Capstone/.venv/lib/python3.10/site-packages/dbt/include/starter_project
[0m13:22:48.409825 [info ] [MainThread]: 
Your new dbt project "dbt_transform" was created!

For more information on how to configure the profiles.yml file,
please consult the dbt documentation here:

  https://docs.getdbt.com/docs/configure-your-profile

One more thing:

Need help? Don't hesitate to reach out to us via GitHub issues or on Slack:

  https://community.getdbt.com/

Happy modeling!

[0m13:22:48.410383 [info ] [MainThread]: Setting up your profile.
[0m13:24:00.358216 [info ] [MainThread]: Profile dbt_transform written to /home/miftahurasidqi/.dbt/profiles.yml using target's profile_template.yml and your supplied values. Run 'dbt debug' to validate the connection.
[0m13:24:00.360051 [debug] [MainThread]: Resource report: {"command_name": "init", "command_success": true, "command_wall_clock_time": 200.30014, "process_user_time": 2.721409, "process_kernel_time": 0.110853, "process_mem_max_rss": "190824", "process_out_blocks": "96", "process_in_blocks": "0"}
[0m13:24:00.361577 [debug] [MainThread]: Command `dbt init` succeeded at 13:24:00.361269 after 200.30 seconds
[0m13:24:00.362524 [debug] [MainThread]: Sending event: {'category': 'dbt', 'action': 'invocation', 'label': 'end', 'context': [<snowplow_tracker.self_describing_json.SelfDescribingJson object at 0x781108c8e1a0>, <snowplow_tracker.self_describing_json.SelfDescribingJson object at 0x781107a1e6b0>, <snowplow_tracker.self_describing_json.SelfDescribingJson object at 0x781108ff4970>]}
[0m13:24:00.363300 [debug] [MainThread]: Flushing usage events
[0m14:30:46.138258 [debug] [MainThread]: Sending event: {'category': 'dbt', 'action': 'invocation', 'label': 'start', 'context': [<snowplow_tracker.self_describing_json.SelfDescribingJson object at 0x7fcd2c916140>, <snowplow_tracker.self_describing_json.SelfDescribingJson object at 0x7fcd2aff7b20>, <snowplow_tracker.self_describing_json.SelfDescribingJson object at 0x7fcd2aff4040>]}


============================== 14:30:46.144427 | 4b1c5d1c-367c-40c0-8a8a-f79091a83ddb ==============================
[0m14:30:46.144427 [info ] [MainThread]: Running with dbt=1.8.5
[0m14:30:46.144889 [debug] [MainThread]: running dbt with arguments {'printer_width': '80', 'indirect_selection': 'eager', 'write_json': 'True', 'log_cache_events': 'False', 'partial_parse': 'True', 'cache_selected_only': 'False', 'warn_error': 'None', 'debug': 'False', 'fail_fast': 'False', 'log_path': 'logs', 'version_check': 'True', 'profiles_dir': '/home/rismanovic/.dbt', 'use_colors': 'True', 'use_experimental_parser': 'False', 'no_print': 'None', 'quiet': 'False', 'empty': 'None', 'warn_error_options': 'WarnErrorOptions(include=[], exclude=[])', 'static_parser': 'True', 'invocation_command': 'dbt debug', 'introspect': 'True', 'target_path': 'None', 'log_format': 'default', 'send_anonymous_usage_stats': 'True'}
[0m14:30:46.150482 [info ] [MainThread]: dbt version: 1.8.5
[0m14:30:46.150836 [info ] [MainThread]: python version: 3.10.12
[0m14:30:46.151087 [info ] [MainThread]: python path: /usr/bin/python3
[0m14:30:46.151326 [info ] [MainThread]: os info: Linux-5.15.153.1-microsoft-standard-WSL2-x86_64-with-glibc2.35
[0m14:30:46.151611 [info ] [MainThread]: Using profiles dir at /home/rismanovic/.dbt
[0m14:30:46.151928 [info ] [MainThread]: Using profiles.yml file at /home/rismanovic/.dbt/profiles.yml
[0m14:30:46.152245 [info ] [MainThread]: Using dbt_project.yml file at /home/rismanovic/unit3/capstone-DE4_Alta_2/dbt_project.yml
[0m14:30:46.152536 [info ] [MainThread]: Configuration:
[0m14:30:46.152814 [info ] [MainThread]:   profiles.yml file [[31mERROR not found[0m]
[0m14:30:46.153067 [info ] [MainThread]:   dbt_project.yml file [[31mERROR not found[0m]
[0m14:30:46.153342 [info ] [MainThread]: Required dependencies:
[0m14:30:46.153634 [debug] [MainThread]: Executing "git --help"
[0m14:30:46.155718 [debug] [MainThread]: STDOUT: "b"usage: git [--version] [--help] [-C <path>] [-c <name>=<value>]\n           [--exec-path[=<path>]] [--html-path] [--man-path] [--info-path]\n           [-p | --paginate | -P | --no-pager] [--no-replace-objects] [--bare]\n           [--git-dir=<path>] [--work-tree=<path>] [--namespace=<name>]\n           [--super-prefix=<path>] [--config-env=<name>=<envvar>]\n           <command> [<args>]\n\nThese are common Git commands used in various situations:\n\nstart a working area (see also: git help tutorial)\n   clone     Clone a repository into a new directory\n   init      Create an empty Git repository or reinitialize an existing one\n\nwork on the current change (see also: git help everyday)\n   add       Add file contents to the index\n   mv        Move or rename a file, a directory, or a symlink\n   restore   Restore working tree files\n   rm        Remove files from the working tree and from the index\n\nexamine the history and state (see also: git help revisions)\n   bisect    Use binary search to find the commit that introduced a bug\n   diff      Show changes between commits, commit and working tree, etc\n   grep      Print lines matching a pattern\n   log       Show commit logs\n   show      Show various types of objects\n   status    Show the working tree status\n\ngrow, mark and tweak your common history\n   branch    List, create, or delete branches\n   commit    Record changes to the repository\n   merge     Join two or more development histories together\n   rebase    Reapply commits on top of another base tip\n   reset     Reset current HEAD to the specified state\n   switch    Switch branches\n   tag       Create, list, delete or verify a tag object signed with GPG\n\ncollaborate (see also: git help workflows)\n   fetch     Download objects and refs from another repository\n   pull      Fetch from and integrate with another repository or a local branch\n   push      Update remote refs along with associated objects\n\n'git help -a' and 'git help -g' list available subcommands and some\nconcept guides. See 'git help <command>' or 'git help <concept>'\nto read about a specific subcommand or concept.\nSee 'git help git' for an overview of the system.\n""
[0m14:30:46.156280 [debug] [MainThread]: STDERR: "b''"
[0m14:30:46.156648 [info ] [MainThread]:  - git [[32mOK found[0m]

[0m14:30:46.157130 [info ] [MainThread]: Connection test skipped since no profile was found
[0m14:30:46.157662 [info ] [MainThread]: [31m2 checks failed:[0m
[0m14:30:46.158039 [info ] [MainThread]: dbt looked for a profiles.yml file in /home/rismanovic/.dbt/profiles.yml, but did
not find one. For more information on configuring your profile, consult the
documentation:

https://docs.getdbt.com/docs/configure-your-profile


[0m14:30:46.158357 [info ] [MainThread]: Project loading failed for the following reason:
 project path </home/rismanovic/unit3/capstone-DE4_Alta_2/dbt_project.yml> not found

[0m14:30:46.159840 [debug] [MainThread]: Resource report: {"command_name": "debug", "command_wall_clock_time": 0.06120267, "process_user_time": 0.932196, "process_kernel_time": 0.039667, "process_mem_max_rss": "83472", "process_in_blocks": "2624", "process_out_blocks": "16", "command_success": false}
[0m14:30:46.160482 [debug] [MainThread]: Command `dbt debug` failed at 14:30:46.160366 after 0.06 seconds
[0m14:30:46.160947 [debug] [MainThread]: Sending event: {'category': 'dbt', 'action': 'invocation', 'label': 'end', 'context': [<snowplow_tracker.self_describing_json.SelfDescribingJson object at 0x7fcd2c916140>, <snowplow_tracker.self_describing_json.SelfDescribingJson object at 0x7fcd2aff4490>, <snowplow_tracker.self_describing_json.SelfDescribingJson object at 0x7fcd2b048610>]}
[0m14:30:46.161364 [debug] [MainThread]: Flushing usage events
[0m14:31:11.319609 [debug] [MainThread]: Sending event: {'category': 'dbt', 'action': 'invocation', 'label': 'start', 'context': [<snowplow_tracker.self_describing_json.SelfDescribingJson object at 0x7fef8d7ea110>, <snowplow_tracker.self_describing_json.SelfDescribingJson object at 0x7fef8bebdab0>, <snowplow_tracker.self_describing_json.SelfDescribingJson object at 0x7fef8bebfdf0>]}


============================== 14:31:11.324157 | e057dfac-c1be-4d85-8aa9-66cde748b326 ==============================
[0m14:31:11.324157 [info ] [MainThread]: Running with dbt=1.8.5
[0m14:31:11.325105 [debug] [MainThread]: running dbt with arguments {'printer_width': '80', 'indirect_selection': 'eager', 'log_cache_events': 'False', 'write_json': 'True', 'partial_parse': 'True', 'cache_selected_only': 'False', 'warn_error': 'None', 'debug': 'False', 'fail_fast': 'False', 'log_path': 'logs', 'version_check': 'True', 'profiles_dir': '/home/rismanovic/.dbt', 'use_colors': 'True', 'use_experimental_parser': 'False', 'no_print': 'None', 'quiet': 'False', 'empty': 'None', 'log_format': 'default', 'static_parser': 'True', 'warn_error_options': 'WarnErrorOptions(include=[], exclude=[])', 'invocation_command': 'dbt debug', 'target_path': 'None', 'introspect': 'True', 'send_anonymous_usage_stats': 'True'}
[0m14:31:11.330307 [info ] [MainThread]: dbt version: 1.8.5
[0m14:31:11.330648 [info ] [MainThread]: python version: 3.10.12
[0m14:31:11.330890 [info ] [MainThread]: python path: /usr/bin/python3
[0m14:31:11.331183 [info ] [MainThread]: os info: Linux-5.15.153.1-microsoft-standard-WSL2-x86_64-with-glibc2.35
[0m14:31:11.331516 [info ] [MainThread]: Using profiles dir at /home/rismanovic/.dbt
[0m14:31:11.331895 [info ] [MainThread]: Using profiles.yml file at /home/rismanovic/.dbt/profiles.yml
[0m14:31:11.332255 [info ] [MainThread]: Using dbt_project.yml file at /home/rismanovic/unit3/capstone-DE4_Alta_2/dbt_project.yml
[0m14:31:11.332558 [info ] [MainThread]: Configuration:
[0m14:31:11.332846 [info ] [MainThread]:   profiles.yml file [[31mERROR not found[0m]
[0m14:31:11.333089 [info ] [MainThread]:   dbt_project.yml file [[31mERROR not found[0m]
[0m14:31:11.333365 [info ] [MainThread]: Required dependencies:
[0m14:31:11.333644 [debug] [MainThread]: Executing "git --help"
[0m14:31:11.335417 [debug] [MainThread]: STDOUT: "b"usage: git [--version] [--help] [-C <path>] [-c <name>=<value>]\n           [--exec-path[=<path>]] [--html-path] [--man-path] [--info-path]\n           [-p | --paginate | -P | --no-pager] [--no-replace-objects] [--bare]\n           [--git-dir=<path>] [--work-tree=<path>] [--namespace=<name>]\n           [--super-prefix=<path>] [--config-env=<name>=<envvar>]\n           <command> [<args>]\n\nThese are common Git commands used in various situations:\n\nstart a working area (see also: git help tutorial)\n   clone     Clone a repository into a new directory\n   init      Create an empty Git repository or reinitialize an existing one\n\nwork on the current change (see also: git help everyday)\n   add       Add file contents to the index\n   mv        Move or rename a file, a directory, or a symlink\n   restore   Restore working tree files\n   rm        Remove files from the working tree and from the index\n\nexamine the history and state (see also: git help revisions)\n   bisect    Use binary search to find the commit that introduced a bug\n   diff      Show changes between commits, commit and working tree, etc\n   grep      Print lines matching a pattern\n   log       Show commit logs\n   show      Show various types of objects\n   status    Show the working tree status\n\ngrow, mark and tweak your common history\n   branch    List, create, or delete branches\n   commit    Record changes to the repository\n   merge     Join two or more development histories together\n   rebase    Reapply commits on top of another base tip\n   reset     Reset current HEAD to the specified state\n   switch    Switch branches\n   tag       Create, list, delete or verify a tag object signed with GPG\n\ncollaborate (see also: git help workflows)\n   fetch     Download objects and refs from another repository\n   pull      Fetch from and integrate with another repository or a local branch\n   push      Update remote refs along with associated objects\n\n'git help -a' and 'git help -g' list available subcommands and some\nconcept guides. See 'git help <command>' or 'git help <concept>'\nto read about a specific subcommand or concept.\nSee 'git help git' for an overview of the system.\n""
[0m14:31:11.335808 [debug] [MainThread]: STDERR: "b''"
[0m14:31:11.336039 [info ] [MainThread]:  - git [[32mOK found[0m]

[0m14:31:11.336295 [info ] [MainThread]: Connection test skipped since no profile was found
[0m14:31:11.336586 [info ] [MainThread]: [31m2 checks failed:[0m
[0m14:31:11.336835 [info ] [MainThread]: dbt looked for a profiles.yml file in /home/rismanovic/.dbt/profiles.yml, but did
not find one. For more information on configuring your profile, consult the
documentation:

https://docs.getdbt.com/docs/configure-your-profile


[0m14:31:11.337119 [info ] [MainThread]: Project loading failed for the following reason:
 project path </home/rismanovic/unit3/capstone-DE4_Alta_2/dbt_project.yml> not found

[0m14:31:11.337943 [debug] [MainThread]: Resource report: {"command_name": "debug", "command_wall_clock_time": 0.05849776, "process_user_time": 0.889205, "process_kernel_time": 0.060627, "process_mem_max_rss": "83460", "process_out_blocks": "16", "command_success": false, "process_in_blocks": "0"}
[0m14:31:11.338984 [debug] [MainThread]: Command `dbt debug` failed at 14:31:11.338805 after 0.06 seconds
[0m14:31:11.339670 [debug] [MainThread]: Sending event: {'category': 'dbt', 'action': 'invocation', 'label': 'end', 'context': [<snowplow_tracker.self_describing_json.SelfDescribingJson object at 0x7fef8d7ea110>, <snowplow_tracker.self_describing_json.SelfDescribingJson object at 0x7fef8bebd600>, <snowplow_tracker.self_describing_json.SelfDescribingJson object at 0x7fef8bf0c670>]}
[0m14:31:11.340191 [debug] [MainThread]: Flushing usage events
[0m14:32:38.219578 [debug] [MainThread]: Sending event: {'category': 'dbt', 'action': 'invocation', 'label': 'start', 'context': [<snowplow_tracker.self_describing_json.SelfDescribingJson object at 0x7fdd861aa170>, <snowplow_tracker.self_describing_json.SelfDescribingJson object at 0x7fdd84a37b20>, <snowplow_tracker.self_describing_json.SelfDescribingJson object at 0x7fdd84a34040>]}


============================== 14:32:38.224699 | 6ac9994c-d7b0-4ad0-ba7e-3b55500ac792 ==============================
[0m14:32:38.224699 [info ] [MainThread]: Running with dbt=1.8.5
[0m14:32:38.225380 [debug] [MainThread]: running dbt with arguments {'printer_width': '80', 'indirect_selection': 'eager', 'write_json': 'True', 'log_cache_events': 'False', 'partial_parse': 'True', 'cache_selected_only': 'False', 'profiles_dir': '/home/rismanovic/.dbt', 'fail_fast': 'False', 'version_check': 'True', 'log_path': 'logs', 'warn_error': 'None', 'debug': 'False', 'use_colors': 'True', 'use_experimental_parser': 'False', 'no_print': 'None', 'quiet': 'False', 'empty': 'None', 'warn_error_options': 'WarnErrorOptions(include=[], exclude=[])', 'static_parser': 'True', 'invocation_command': 'dbt debug', 'log_format': 'default', 'target_path': 'None', 'introspect': 'True', 'send_anonymous_usage_stats': 'True'}
[0m14:32:38.230660 [info ] [MainThread]: dbt version: 1.8.5
[0m14:32:38.231034 [info ] [MainThread]: python version: 3.10.12
[0m14:32:38.231296 [info ] [MainThread]: python path: /usr/bin/python3
[0m14:32:38.231563 [info ] [MainThread]: os info: Linux-5.15.153.1-microsoft-standard-WSL2-x86_64-with-glibc2.35
[0m14:32:38.231856 [info ] [MainThread]: Using profiles dir at /home/rismanovic/.dbt
[0m14:32:38.232203 [info ] [MainThread]: Using profiles.yml file at /home/rismanovic/.dbt/profiles.yml
[0m14:32:38.232525 [info ] [MainThread]: Using dbt_project.yml file at /home/rismanovic/unit3/capstone-DE4_Alta_2/dbt_project.yml
[0m14:32:38.232845 [info ] [MainThread]: Configuration:
[0m14:32:38.233152 [info ] [MainThread]:   profiles.yml file [[31mERROR not found[0m]
[0m14:32:38.233418 [info ] [MainThread]:   dbt_project.yml file [[31mERROR not found[0m]
[0m14:32:38.233687 [info ] [MainThread]: Required dependencies:
[0m14:32:38.233999 [debug] [MainThread]: Executing "git --help"
[0m14:32:38.236043 [debug] [MainThread]: STDOUT: "b"usage: git [--version] [--help] [-C <path>] [-c <name>=<value>]\n           [--exec-path[=<path>]] [--html-path] [--man-path] [--info-path]\n           [-p | --paginate | -P | --no-pager] [--no-replace-objects] [--bare]\n           [--git-dir=<path>] [--work-tree=<path>] [--namespace=<name>]\n           [--super-prefix=<path>] [--config-env=<name>=<envvar>]\n           <command> [<args>]\n\nThese are common Git commands used in various situations:\n\nstart a working area (see also: git help tutorial)\n   clone     Clone a repository into a new directory\n   init      Create an empty Git repository or reinitialize an existing one\n\nwork on the current change (see also: git help everyday)\n   add       Add file contents to the index\n   mv        Move or rename a file, a directory, or a symlink\n   restore   Restore working tree files\n   rm        Remove files from the working tree and from the index\n\nexamine the history and state (see also: git help revisions)\n   bisect    Use binary search to find the commit that introduced a bug\n   diff      Show changes between commits, commit and working tree, etc\n   grep      Print lines matching a pattern\n   log       Show commit logs\n   show      Show various types of objects\n   status    Show the working tree status\n\ngrow, mark and tweak your common history\n   branch    List, create, or delete branches\n   commit    Record changes to the repository\n   merge     Join two or more development histories together\n   rebase    Reapply commits on top of another base tip\n   reset     Reset current HEAD to the specified state\n   switch    Switch branches\n   tag       Create, list, delete or verify a tag object signed with GPG\n\ncollaborate (see also: git help workflows)\n   fetch     Download objects and refs from another repository\n   pull      Fetch from and integrate with another repository or a local branch\n   push      Update remote refs along with associated objects\n\n'git help -a' and 'git help -g' list available subcommands and some\nconcept guides. See 'git help <command>' or 'git help <concept>'\nto read about a specific subcommand or concept.\nSee 'git help git' for an overview of the system.\n""
[0m14:32:38.236723 [debug] [MainThread]: STDERR: "b''"
[0m14:32:38.237006 [info ] [MainThread]:  - git [[32mOK found[0m]

[0m14:32:38.237359 [info ] [MainThread]: Connection test skipped since no profile was found
[0m14:32:38.238188 [info ] [MainThread]: [31m2 checks failed:[0m
[0m14:32:38.239379 [info ] [MainThread]: dbt looked for a profiles.yml file in /home/rismanovic/.dbt/profiles.yml, but did
not find one. For more information on configuring your profile, consult the
documentation:

https://docs.getdbt.com/docs/configure-your-profile


[0m14:32:38.240506 [info ] [MainThread]: Project loading failed for the following reason:
 project path </home/rismanovic/unit3/capstone-DE4_Alta_2/dbt_project.yml> not found

[0m14:32:38.241992 [debug] [MainThread]: Resource report: {"command_name": "debug", "command_wall_clock_time": 0.061478525, "process_user_time": 0.888226, "process_kernel_time": 0.040373, "process_mem_max_rss": "83536", "process_out_blocks": "16", "command_success": false, "process_in_blocks": "0"}
[0m14:32:38.243199 [debug] [MainThread]: Command `dbt debug` failed at 14:32:38.242820 after 0.06 seconds
[0m14:32:38.243976 [debug] [MainThread]: Sending event: {'category': 'dbt', 'action': 'invocation', 'label': 'end', 'context': [<snowplow_tracker.self_describing_json.SelfDescribingJson object at 0x7fdd861aa170>, <snowplow_tracker.self_describing_json.SelfDescribingJson object at 0x7fdd84a34490>, <snowplow_tracker.self_describing_json.SelfDescribingJson object at 0x7fdd84a88610>]}
[0m14:32:38.244483 [debug] [MainThread]: Flushing usage events
[0m14:35:19.170349 [debug] [MainThread]: Sending event: {'category': 'dbt', 'action': 'invocation', 'label': 'start', 'context': [<snowplow_tracker.self_describing_json.SelfDescribingJson object at 0x7f23cd0d61a0>, <snowplow_tracker.self_describing_json.SelfDescribingJson object at 0x7f23cc3f77c0>, <snowplow_tracker.self_describing_json.SelfDescribingJson object at 0x7f23cb7b77c0>]}


============================== 14:35:19.182676 | e09d6245-0025-41f9-9385-ab7e44a72bc9 ==============================
[0m14:35:19.182676 [info ] [MainThread]: Running with dbt=1.8.5
[0m14:35:19.183846 [debug] [MainThread]: running dbt with arguments {'printer_width': '80', 'indirect_selection': 'eager', 'write_json': 'True', 'log_cache_events': 'False', 'partial_parse': 'True', 'cache_selected_only': 'False', 'warn_error': 'None', 'debug': 'False', 'fail_fast': 'False', 'log_path': 'logs', 'version_check': 'True', 'profiles_dir': '/home/rismanovic/.dbt', 'use_colors': 'True', 'use_experimental_parser': 'False', 'no_print': 'None', 'quiet': 'False', 'empty': 'None', 'warn_error_options': 'WarnErrorOptions(include=[], exclude=[])', 'static_parser': 'True', 'log_format': 'default', 'introspect': 'True', 'target_path': 'None', 'invocation_command': 'dbt debug', 'send_anonymous_usage_stats': 'True'}
[0m14:35:19.207853 [info ] [MainThread]: dbt version: 1.8.5
[0m14:35:19.208474 [info ] [MainThread]: python version: 3.10.12
[0m14:35:19.209037 [info ] [MainThread]: python path: /usr/bin/python3
[0m14:35:19.209625 [info ] [MainThread]: os info: Linux-5.15.153.1-microsoft-standard-WSL2-x86_64-with-glibc2.35
[0m14:35:19.210070 [info ] [MainThread]: Using profiles dir at /home/rismanovic/.dbt
[0m14:35:19.210533 [info ] [MainThread]: Using profiles.yml file at /home/rismanovic/.dbt/profiles.yml
[0m14:35:19.210941 [info ] [MainThread]: Using dbt_project.yml file at /home/rismanovic/unit3/capstone-DE4_Alta_2/dbt_project.yml
[0m14:35:19.211368 [info ] [MainThread]: Configuration:
[0m14:35:19.212051 [info ] [MainThread]:   profiles.yml file [[31mERROR not found[0m]
[0m14:35:19.212711 [info ] [MainThread]:   dbt_project.yml file [[31mERROR not found[0m]
[0m14:35:19.213183 [info ] [MainThread]: Required dependencies:
[0m14:35:19.213683 [debug] [MainThread]: Executing "git --help"
[0m14:35:19.224935 [debug] [MainThread]: STDOUT: "b"usage: git [--version] [--help] [-C <path>] [-c <name>=<value>]\n           [--exec-path[=<path>]] [--html-path] [--man-path] [--info-path]\n           [-p | --paginate | -P | --no-pager] [--no-replace-objects] [--bare]\n           [--git-dir=<path>] [--work-tree=<path>] [--namespace=<name>]\n           [--super-prefix=<path>] [--config-env=<name>=<envvar>]\n           <command> [<args>]\n\nThese are common Git commands used in various situations:\n\nstart a working area (see also: git help tutorial)\n   clone     Clone a repository into a new directory\n   init      Create an empty Git repository or reinitialize an existing one\n\nwork on the current change (see also: git help everyday)\n   add       Add file contents to the index\n   mv        Move or rename a file, a directory, or a symlink\n   restore   Restore working tree files\n   rm        Remove files from the working tree and from the index\n\nexamine the history and state (see also: git help revisions)\n   bisect    Use binary search to find the commit that introduced a bug\n   diff      Show changes between commits, commit and working tree, etc\n   grep      Print lines matching a pattern\n   log       Show commit logs\n   show      Show various types of objects\n   status    Show the working tree status\n\ngrow, mark and tweak your common history\n   branch    List, create, or delete branches\n   commit    Record changes to the repository\n   merge     Join two or more development histories together\n   rebase    Reapply commits on top of another base tip\n   reset     Reset current HEAD to the specified state\n   switch    Switch branches\n   tag       Create, list, delete or verify a tag object signed with GPG\n\ncollaborate (see also: git help workflows)\n   fetch     Download objects and refs from another repository\n   pull      Fetch from and integrate with another repository or a local branch\n   push      Update remote refs along with associated objects\n\n'git help -a' and 'git help -g' list available subcommands and some\nconcept guides. See 'git help <command>' or 'git help <concept>'\nto read about a specific subcommand or concept.\nSee 'git help git' for an overview of the system.\n""
[0m14:35:19.225634 [debug] [MainThread]: STDERR: "b''"
[0m14:35:19.226277 [info ] [MainThread]:  - git [[32mOK found[0m]

[0m14:35:19.227108 [info ] [MainThread]: Connection test skipped since no profile was found
[0m14:35:19.228175 [info ] [MainThread]: [31m2 checks failed:[0m
[0m14:35:19.229117 [info ] [MainThread]: dbt looked for a profiles.yml file in /home/rismanovic/.dbt/profiles.yml, but did
not find one. For more information on configuring your profile, consult the
documentation:

https://docs.getdbt.com/docs/configure-your-profile


[0m14:35:19.230055 [info ] [MainThread]: Project loading failed for the following reason:
 project path </home/rismanovic/unit3/capstone-DE4_Alta_2/dbt_project.yml> not found

[0m14:35:19.232522 [debug] [MainThread]: Resource report: {"command_name": "debug", "command_wall_clock_time": 0.14115185, "process_user_time": 1.678851, "process_kernel_time": 0.170901, "process_mem_max_rss": "83108", "process_in_blocks": "46672", "process_out_blocks": "24", "command_success": false}
[0m14:35:19.233723 [debug] [MainThread]: Command `dbt debug` failed at 14:35:19.233505 after 0.14 seconds
[0m14:35:19.234642 [debug] [MainThread]: Sending event: {'category': 'dbt', 'action': 'invocation', 'label': 'end', 'context': [<snowplow_tracker.self_describing_json.SelfDescribingJson object at 0x7f23cd0d61a0>, <snowplow_tracker.self_describing_json.SelfDescribingJson object at 0x7f23ccaceaa0>, <snowplow_tracker.self_describing_json.SelfDescribingJson object at 0x7f23cb8085b0>]}
[0m14:35:19.236293 [debug] [MainThread]: Flushing usage events
[0m14:37:41.555279 [debug] [MainThread]: Sending event: {'category': 'dbt', 'action': 'invocation', 'label': 'start', 'context': [<snowplow_tracker.self_describing_json.SelfDescribingJson object at 0x7f77c5c6a170>, <snowplow_tracker.self_describing_json.SelfDescribingJson object at 0x7f77c434bb20>, <snowplow_tracker.self_describing_json.SelfDescribingJson object at 0x7f77c4348040>]}


============================== 14:37:41.564079 | 72173dcd-ef9c-40d4-8a3c-0191a0892fd2 ==============================
[0m14:37:41.564079 [info ] [MainThread]: Running with dbt=1.8.5
[0m14:37:41.564999 [debug] [MainThread]: running dbt with arguments {'printer_width': '80', 'indirect_selection': 'eager', 'log_cache_events': 'False', 'write_json': 'True', 'partial_parse': 'True', 'cache_selected_only': 'False', 'warn_error': 'None', 'fail_fast': 'False', 'debug': 'False', 'log_path': 'logs', 'version_check': 'True', 'profiles_dir': '/home/rismanovic/.dbt', 'use_colors': 'True', 'use_experimental_parser': 'False', 'empty': 'None', 'quiet': 'False', 'no_print': 'None', 'log_format': 'default', 'static_parser': 'True', 'introspect': 'True', 'warn_error_options': 'WarnErrorOptions(include=[], exclude=[])', 'target_path': 'None', 'invocation_command': 'dbt debug', 'send_anonymous_usage_stats': 'True'}
[0m14:37:41.588381 [info ] [MainThread]: dbt version: 1.8.5
[0m14:37:41.589095 [info ] [MainThread]: python version: 3.10.12
[0m14:37:41.589545 [info ] [MainThread]: python path: /usr/bin/python3
[0m14:37:41.589945 [info ] [MainThread]: os info: Linux-5.15.153.1-microsoft-standard-WSL2-x86_64-with-glibc2.35
[0m14:37:41.590363 [info ] [MainThread]: Using profiles dir at /home/rismanovic/.dbt
[0m14:37:41.590771 [info ] [MainThread]: Using profiles.yml file at /home/rismanovic/.dbt/profiles.yml
[0m14:37:41.591169 [info ] [MainThread]: Using dbt_project.yml file at /home/rismanovic/unit3/capstone-DE4_Alta_2/dbt_project.yml
[0m14:37:41.591759 [info ] [MainThread]: Configuration:
[0m14:37:41.592254 [info ] [MainThread]:   profiles.yml file [[31mERROR not found[0m]
[0m14:37:41.592926 [info ] [MainThread]:   dbt_project.yml file [[31mERROR not found[0m]
[0m14:37:41.593673 [info ] [MainThread]: Required dependencies:
[0m14:37:41.594421 [debug] [MainThread]: Executing "git --help"
[0m14:37:41.598567 [debug] [MainThread]: STDOUT: "b"usage: git [--version] [--help] [-C <path>] [-c <name>=<value>]\n           [--exec-path[=<path>]] [--html-path] [--man-path] [--info-path]\n           [-p | --paginate | -P | --no-pager] [--no-replace-objects] [--bare]\n           [--git-dir=<path>] [--work-tree=<path>] [--namespace=<name>]\n           [--super-prefix=<path>] [--config-env=<name>=<envvar>]\n           <command> [<args>]\n\nThese are common Git commands used in various situations:\n\nstart a working area (see also: git help tutorial)\n   clone     Clone a repository into a new directory\n   init      Create an empty Git repository or reinitialize an existing one\n\nwork on the current change (see also: git help everyday)\n   add       Add file contents to the index\n   mv        Move or rename a file, a directory, or a symlink\n   restore   Restore working tree files\n   rm        Remove files from the working tree and from the index\n\nexamine the history and state (see also: git help revisions)\n   bisect    Use binary search to find the commit that introduced a bug\n   diff      Show changes between commits, commit and working tree, etc\n   grep      Print lines matching a pattern\n   log       Show commit logs\n   show      Show various types of objects\n   status    Show the working tree status\n\ngrow, mark and tweak your common history\n   branch    List, create, or delete branches\n   commit    Record changes to the repository\n   merge     Join two or more development histories together\n   rebase    Reapply commits on top of another base tip\n   reset     Reset current HEAD to the specified state\n   switch    Switch branches\n   tag       Create, list, delete or verify a tag object signed with GPG\n\ncollaborate (see also: git help workflows)\n   fetch     Download objects and refs from another repository\n   pull      Fetch from and integrate with another repository or a local branch\n   push      Update remote refs along with associated objects\n\n'git help -a' and 'git help -g' list available subcommands and some\nconcept guides. See 'git help <command>' or 'git help <concept>'\nto read about a specific subcommand or concept.\nSee 'git help git' for an overview of the system.\n""
[0m14:37:41.599251 [debug] [MainThread]: STDERR: "b''"
[0m14:37:41.599613 [info ] [MainThread]:  - git [[32mOK found[0m]

[0m14:37:41.600115 [info ] [MainThread]: Connection test skipped since no profile was found
[0m14:37:41.600642 [info ] [MainThread]: [31m2 checks failed:[0m
[0m14:37:41.601142 [info ] [MainThread]: dbt looked for a profiles.yml file in /home/rismanovic/.dbt/profiles.yml, but did
not find one. For more information on configuring your profile, consult the
documentation:

https://docs.getdbt.com/docs/configure-your-profile


[0m14:37:41.601611 [info ] [MainThread]: Project loading failed for the following reason:
 project path </home/rismanovic/unit3/capstone-DE4_Alta_2/dbt_project.yml> not found

[0m14:37:41.603631 [debug] [MainThread]: Resource report: {"command_name": "debug", "command_wall_clock_time": 0.120223425, "process_user_time": 1.707756, "process_kernel_time": 0.088842, "process_mem_max_rss": "83196", "process_in_blocks": "43664", "process_out_blocks": "16", "command_success": false}
[0m14:37:41.604373 [debug] [MainThread]: Command `dbt debug` failed at 14:37:41.604232 after 0.12 seconds
[0m14:37:41.604826 [debug] [MainThread]: Sending event: {'category': 'dbt', 'action': 'invocation', 'label': 'end', 'context': [<snowplow_tracker.self_describing_json.SelfDescribingJson object at 0x7f77c5c6a170>, <snowplow_tracker.self_describing_json.SelfDescribingJson object at 0x7f77c4348490>, <snowplow_tracker.self_describing_json.SelfDescribingJson object at 0x7f77c439c610>]}
[0m14:37:41.605264 [debug] [MainThread]: Flushing usage events
